20:52:25 [SKYMALL] §bNew day! §r§eYour §r§2Sky Mall §r§ebuff changed!
20:52:25 [SKYMALL] §eNew buff§r§r§r: §r§fGain §r§a+15% §r§fmore Powder while mining.
20:52:25 [SKYMALL] §8§oYou can disable this messaging by toggling Sky Mall in your /hotm!
20:53:45 [GARDEN_VISITOR_MESSAGE] §e[NPC] §9Seymour§f: §r§fWow, don't you look dashing with that! Pleasure doing business with you.
20:55:01 [SKYMALL] §bNew day! §r§eYour §r§2Sky Mall §r§ebuff changed!
20:55:01 [SKYMALL] §eNew buff§r§r§r: §r§f§r§a-20%§r§f Pickaxe Ability cooldowns.
20:55:01 [SKYMALL] §8§oYou can disable this messaging by toggling Sky Mall in your /hotm!
21:15:02 [SKYMALL] §bNew day! §r§eYour §r§2Sky Mall §r§ebuff changed!
21:15:02 [SKYMALL] §eNew buff§r§r§r: §r§fGain §r§6+100⸕ Mining Speed§r§f.
21:15:02 [SKYMALL] §8§oYou can disable this messaging by toggling Sky Mall in your /hotm!
21:35:02 [SKYMALL] §bNew day! §r§eYour §r§2Sky Mall §r§ebuff changed!
21:35:02 [SKYMALL] §eNew buff§r§r§r: §r§fGain §r§a5x §r§9Titanium §r§fdrops
21:35:02 [SKYMALL] §8§oYou can disable this messaging by toggling Sky Mall in your /hotm!
21:39:15 [BESTIARY] §f                                  §6§lBESTIARY
21:39:15 [BESTIARY] §f                        §b§lWithermancer §7§8XIX §8➡§b §bXX
21:39:15 [BESTIARY] 
21:39:15 [BESTIARY] §f                                  §r§6§lREWARDS
21:39:15 [BESTIARY] §f                      §r§8+§r§a5 Withermancer §r§b✯ Magic Find
21:39:15 [BESTIARY] §f                      §r§8+§r§a5 Withermancer §r§c❁ Strength
21:39:15 [BESTIARY] §f                          §r§8+§r§62% §r§aWithermancer §r§7coins
21:39:15 [BESTIARY] §f                    §r§8+§r§a50% §r§7chance for extra XP orbs
21:39:15 [BESTIARY] §f                               §r§8+§r§b1 SkyBlock XP
21:39:15 [BESTIARY] 
21:39:15 [BESTIARY] §3§l▬▬▬▬▬▬▬▬▬▬▬▬▬▬▬▬▬▬▬▬▬▬▬▬▬▬▬▬▬▬▬▬▬▬▬▬▬▬▬▬▬▬▬▬▬▬▬▬▬▬▬▬▬▬▬▬▬▬▬▬▬▬▬▬
21:50:52 [BESTIARY] §f                                  §6§lBESTIARY
21:50:52 [BESTIARY] §f                      §b§lShadow Assassin §7§8XX §8➡§b §bXXI
21:50:52 [BESTIARY] 
21:50:52 [BESTIARY] §f                                  §r§6§lREWARDS
21:50:52 [BESTIARY] §f                 §r§8+§r§a6 §r§d§lShadow Assassin §r§b✯ Magic Find
21:50:52 [BESTIARY] §f                  §r§8+§r§a6 §r§d§lShadow Assassin §r§c❁ Strength
21:50:52 [BESTIARY] §f                     §r§8+§r§62% §r§a§r§d§lShadow Assassin §r§7coins
21:50:52 [BESTIARY] §f                    §r§8+§r§a50% §r§7chance for extra XP orbs
21:50:52 [BESTIARY] §f                               §r§8+§r§b1 SkyBlock XP
21:50:52 [BESTIARY] 
21:50:52 [BESTIARY]   §r§f                         §6§lBESTIARY MILESTONE
21:50:52 [BESTIARY]   §r§f                                  §8CXL➡§eCXLI
21:50:52 [BESTIARY] 
21:50:52 [BESTIARY] §3§l▬▬▬▬▬▬▬▬▬▬▬▬▬▬▬▬▬▬▬▬▬▬▬▬▬▬▬▬▬▬▬▬▬▬▬▬▬▬▬▬▬▬▬▬▬▬▬▬▬▬▬▬▬▬▬▬▬▬▬▬▬▬▬▬
21:55:01 [SKYMALL] §bNew day! §r§eYour §r§2Sky Mall §r§ebuff changed!
21:55:01 [SKYMALL] §eNew buff§r§r§r: §r§fGain §r§a+15% §r§fmore Powder while mining.
21:55:01 [SKYMALL] §8§oYou can disable this messaging by toggling Sky Mall in your /hotm!
21:56:57 [BESTIARY] §f                                  §6§lBESTIARY
21:56:57 [BESTIARY] §f                        §b§lWither Miner §7§8XXIV §8➡§b §bXXV
21:56:57 [BESTIARY] 
21:56:57 [BESTIARY] §f                                  §r§6§lREWARDS
21:56:57 [BESTIARY] §f                      §r§8+§r§a6 Wither Miner §r§b✯ Magic Find
21:56:57 [BESTIARY] §f                       §r§8+§r§a6 Wither Miner §r§c❁ Strength
21:56:57 [BESTIARY] §f                          §r§8+§r§62% §r§aWither Miner §r§7coins
21:56:57 [BESTIARY] §f                    §r§8+§r§a50% §r§7chance for extra XP orbs
21:56:57 [BESTIARY] §f                               §r§8+§r§b1 SkyBlock XP
21:56:57 [BESTIARY] 
21:56:57 [BESTIARY] §3§l▬▬▬▬▬▬▬▬▬▬▬▬▬▬▬▬▬▬▬▬▬▬▬▬▬▬▬▬▬▬▬▬▬▬▬▬▬▬▬▬▬▬▬▬▬▬▬▬▬▬▬▬▬▬▬▬▬▬▬▬▬▬▬▬
22:05:12 [GARDEN_VISITOR_MESSAGE] §e[NPC] §9Rusty§f: §rEver wondered how I find all the things that other players lost? I outsource it. Right now, someone is looking for their §aEnchanted Hay Bale§f. Can you find that for me?
22:05:25 [GARDEN_VISITOR_MESSAGE] §e[NPC] §9Rusty§f: §r§fThere we go, a job well done. I'll make sure to leave a good review for you!
22:05:27 [GARDEN_VISITOR_MESSAGE] §e[NPC] §aEmissary Wilson§f: §r§fThe King's least favorite vegetable is carrot, so he sent me, his favorite emissary, to make it better!
22:05:29 [GARDEN_VISITOR_MESSAGE] §e[NPC] §aEmissary Wilson§f: §r§fI'm not sure if the carrots would have worked anyways...
22:05:30 [GARDEN_VISITOR_MESSAGE] §e[NPC] §aOringo§f: §r§fHey, you got some wheat for my pets by any chance? Gotta keep those little monsters fed, haha!
22:05:32 [GARDEN_VISITOR_MESSAGE] §e[NPC] §aOringo§f: §r§fOh, you're out of wheat? Alright, I'll come back later then.
22:05:34 [GARDEN_VISITOR_MESSAGE] §e[NPC] §9Iron Forger§f: §r§fI've recently got into cooking, yesterday I made pasta carbonara, today I'm planning on baking a carrot cake.
22:05:38 [GARDEN_VISITOR_MESSAGE] §e[NPC] §9Iron Forger§f: §r§fWill have to order some food today then.
22:05:38 [GARDEN_VISITOR_MESSAGE] §e[NPC] §aAndrew§f: §rDid you know that SkyBlock has been running for §b4628 §fin-game months already? Time flies.
22:05:41 [GARDEN_VISITOR_MESSAGE] §e[NPC] §aAndrew§f: §r§fI guess I'll come back in a bit.
22:15:02 [SKYMALL] §bNew day! §r§eYour §r§2Sky Mall §r§ebuff changed!
22:15:02 [SKYMALL] §eNew buff§r§r§r: §r§fGain §r§a+15% §r§fmore Powder while mining.
22:15:02 [SKYMALL] §8§oYou can disable this messaging by toggling Sky Mall in your /hotm!
