20:52:21 §e[SkyHanni] §9Rusty §eis visiting your garden!§r
20:52:21 §e[SkyHanni] §9Seymour §eis visiting your garden!§r
20:52:21 §e[SkyHanni] §aEmissary Wilson §eis visiting your garden!§r
20:52:21 §e[SkyHanni] §aOringo §eis visiting your garden!§r
20:52:21 §e[SkyHanni] §6Beth §eis visiting your garden!§r
20:52:51 §e[SkyHanni] §6Beth §eis visiting your garden!§r
20:53:34 §e[SkyHanni] §9Seymour §eis visiting your garden!§r
20:53:36 §e[SkyHanni] §9Rusty §eis visiting your garden!§r
20:53:36 §e[SkyHanni] §aEmissary Wilson §eis visiting your garden!§r
20:53:36 §e[SkyHanni] §aOringo §eis visiting your garden!§r
21:20:04 §e[SkyHanni] You are close to the Croesus Limit. Please open your chests!§r
21:35:40 §e[SkyHanni] You are close to the Croesus Limit. Please open your chests!§r
21:39:15 §6§lBESTIARY §r§b§lWithermancer §7§8XIX §8➡§b §bXX§r
21:48:04 §e[SkyHanni] You are close to the Croesus Limit. Please open your chests!§r
21:50:52 §6§lBESTIARY §r§b§lShadow Assassin §7§8XX §8➡§b §bXXI§r
21:56:57 §6§lBESTIARY §r§b§lWither Miner §7§8XXIV §8➡§b §bXXV§r
22:00:36 §e[SkyHanni] You are close to the Croesus Limit. Please open your chests!§r
22:04:58 §e[SkyHanni] §9Iron Forger §eis visiting your garden!§r
22:04:58 §e[SkyHanni] §aAndrew §eis visiting your garden!§r
22:20:36 §e[SkyHanni] You are close to the Croesus Limit. Please open your chests!§r
22:30:38 §e[SkyHanni] You are close to the Croesus Limit. Please open your chests!§r
