13:34:02 Visitor status change for '§9Shifty': NEW -> WAITING (tooltipMissingItems)
13:34:06 Visitor status change for '§9Shifty': WAITING -> REFUSED (refused)
13:34:07 Visitor status change for '§aJacob': NEW -> WAITING (tooltipMissingItems)
13:34:09 Visitor status change for '§aJacob': WAITING -> REFUSED (refused)
13:34:10 Visitor status change for '§aDuke': NEW -> WAITING (tooltipMissingItems)
13:34:13 Visitor status change for '§aDuke': WAITING -> REFUSED (refused)
13:34:14 Visitor status change for '§9Gold Forger': NEW -> WAITING (tooltipMissingItems)
13:34:18 Visitor status change for '§aXalx': NEW -> WAITING (tooltipMissingItems)
13:34:23 Visitor status change for '§aXalx': WAITING -> REFUSED (refused)
13:34:47 Visitor status change for '§9Gold Forger': WAITING -> READY (hasItems)
13:34:53 Visitor status change for '§9Gold Forger': READY -> ACCEPTED (accepted)
16:53:14 Visitor status change for '§aFelix': NEW -> WAITING (tooltipMissingItems)
16:53:17 Visitor status change for '§aFelix': WAITING -> REFUSED (refused)
16:53:19 Visitor status change for '§aFriendly Hiker': NEW -> WAITING (tooltipMissingItems)
16:53:21 Visitor status change for '§aFriendly Hiker': WAITING -> REFUSED (refused)
16:53:23 Visitor status change for '§aEmissary Carlton': NEW -> WAITING (tooltipMissingItems)
16:53:26 Visitor status change for '§6Madame Eleanor Q. Goldsworth III': NEW -> WAITING (tooltipMissingItems)
16:53:29 Visitor status change for '§9Emissary Sisko': NEW -> WAITING (tooltipMissingItems)
16:53:39 Visitor status change for '§aEmissary Carlton': WAITING -> READY (hasItems)
16:53:46 Visitor status change for '§6Madame Eleanor Q. Goldsworth III': WAITING -> READY (hasItems)
16:53:54 Visitor status change for '§9Emissary Sisko': WAITING -> READY (hasItems)
16:53:55 Visitor status change for '§9Emissary Sisko': READY -> ACCEPTED (accepted)
16:53:57 Visitor status change for '§6Madame Eleanor Q. Goldsworth III': READY -> ACCEPTED (accepted)
16:53:58 Visitor status change for '§aEmissary Carlton': READY -> ACCEPTED (accepted)
20:21:19 Visitor status change for '§aAlchemist': NEW -> WAITING (tooltipMissingItems)
20:21:22 Visitor status change for '§aAlchemist': WAITING -> REFUSED (refused)
20:21:23 Visitor status change for '§9Emissary Sisko': NEW -> WAITING (tooltipMissingItems)
20:21:27 Visitor status change for '§aAndrew': NEW -> WAITING (tooltipMissingItems)
20:21:30 Visitor status change for '§aAndrew': WAITING -> REFUSED (refused)
20:21:31 Visitor status change for '§aAdventurer': NEW -> WAITING (tooltipMissingItems)
20:21:36 Visitor status change for '§aAdventurer': WAITING -> REFUSED (refused)
20:21:37 Visitor status change for '§aEmissary Ceanna': NEW -> WAITING (tooltipMissingItems)
20:22:23 Visitor status change for '§9Emissary Sisko': WAITING -> READY (hasItems)
20:22:23 Visitor status change for '§aEmissary Ceanna': WAITING -> READY (hasItems)
20:22:25 Visitor status change for '§9Emissary Sisko': READY -> ACCEPTED (accepted)
20:22:27 Visitor status change for '§aEmissary Ceanna': READY -> ACCEPTED (accepted)
20:22:28 Visitor status change for '§aFisherman': NEW -> WAITING (tooltipMissingItems)
20:22:30 Visitor status change for '§aFisherman': WAITING -> REFUSED (refused)
