11:01:36 [SKYMALL] §bNew day! §r§eYour §r§2Sky Mall §r§ebuff changed!
11:01:36 [SKYMALL] §eNew buff§r§r§r: §r§fGain §r§6+50☘ Mining Fortune§r§f.
11:01:36 [SKYMALL] §8§oYou can disable this messaging by toggling Sky Mall in your /hotm!
11:02:46 [GARDEN_VISITOR_MESSAGE] §e[NPC] §aShaggy§f: §r§fHey kid, I haven't seen you in a while. Arachne's powers are growing day by day. Soon she'll take over the §cSpider's Den§f.
11:02:50 [GARDEN_VISITOR_MESSAGE] §e[NPC] §aShaggy§f: §r§fI wish peace upon you.
11:02:51 [GARDEN_VISITOR_MESSAGE] §e[NPC] §aJack§f: §r§fDid you know that you gain additional §6☘ Farming Fortune §fwhile on the §aThe Garden§f? You can check it in your SkyBlock Profile!
11:02:54 [GARDEN_VISITOR_MESSAGE] §e[NPC] §aJack§f: §r§fI'll come by later.
11:02:55 [GARDEN_VISITOR_MESSAGE] §e[NPC] §aFriendly Hiker§f: §r§fI'm planning to head back into the gorge to fetch my hiker friend, but I'll need some meat to cook before I head in there.
11:02:57 [GARDEN_VISITOR_MESSAGE] §e[NPC] §aFriendly Hiker§f: §r§fThat's alright. I can always head into the Oasis to hunt down some sheep.
11:02:59 [GARDEN_VISITOR_MESSAGE] §e[NPC] §aJacob§f: §r§fHowdy! Fine barn ye got there eh? Good lad, you think ye could get me some wheat, eh?
11:03:03 [GARDEN_VISITOR_MESSAGE] §e[NPC] §aAndrew§f: §rDid you know that SkyBlock has been running for §b4639 §fin-game months already? Time flies.
11:03:06 [GARDEN_VISITOR_MESSAGE] §e[NPC] §aAndrew§f: §r§fI guess I'll come back in a bit.
11:03:15 [GARDEN_VISITOR_MESSAGE] §e[NPC] §aJacob§f: §r§fThanks a lot matey. That'll help ye prepare my next farming contest eh?
11:11:47 [PEST_DROP] §eYou received §a24x Enchanted Cocoa Beans §efor killing a §2Moth§e!
11:11:53 [PEST_DROP] §eYou received §a37x Enchanted Potato §efor killing a §2Locust§e!
11:12:02 [PEST_DROP] §eYou received §a14x Enchanted Wheat §efor killing a §2Fly§e!
11:12:02 [PEST_DROP] §eYou received §a15x Enchanted Brown Mushroom §efor killing a §2Slug§e!
11:12:10 [PEST_DROP] §eYou received §a53x Enchanted Potato §efor killing a §2Locust§e!
11:12:10 [NEW_VISITOR_ARRIVED] §a§r§aEmissary Wilson §r§ehas arrived on your §r§aGarden§r§e!
11:12:13 [PEST_DROP] §eYou received §a53x Enchanted Potato §efor killing a §2Locust§e!
11:12:21 [PEST_DROP] §eYou received §a53x Enchanted Potato §efor killing a §2Locust§e!
11:12:22 [PEST_DROP] §eYou received §a31x Enchanted Cactus Green §efor killing a §2Mite§e!
11:12:31 [GARDEN_VISITOR_MESSAGE] §e[NPC] §aEmissary Wilson§f: §r§fThe King's least favorite vegetable is carrot, so he sent me, his favorite emissary, to make it better!
11:12:42 [GARDEN_VISITOR_MESSAGE] §e[NPC] §aEmissary Wilson§f: §r§fI'm sure that by giving him his least favorite vegetable, he'll make me his favoritest emissary!
11:15:01 [SKYMALL] §bNew day! §r§eYour §r§2Sky Mall §r§ebuff changed!
11:15:01 [SKYMALL] §eNew buff§r§r§r: §r§fGain §r§6+100⸕ Mining Speed§r§f.
11:15:01 [SKYMALL] §8§oYou can disable this messaging by toggling Sky Mall in your /hotm!
11:18:23 [NEW_VISITOR_ARRIVED] §a§r§aAlchemist §r§ehas arrived on your §r§aGarden§r§e!
11:22:46 [NEW_VISITOR_ARRIVED] §a§r§aFisherman §r§ehas arrived on your §r§aGarden§r§e!
11:27:30 [NEW_VISITOR_ARRIVED] §a§r§aTarwen §r§ehas arrived on your §r§aGarden§r§e!
11:31:47 [NEW_VISITOR_ARRIVED] §a§r§aFarmhand §r§ehas arrived on your §r§aGarden§r§e!
11:35:01 [SKYMALL] §bNew day! §r§eYour §r§2Sky Mall §r§ebuff changed!
11:35:01 [SKYMALL] §eNew buff§r§r§r: §r§fGain §r§6+100⸕ Mining Speed§r§f.
11:35:01 [SKYMALL] §8§oYou can disable this messaging by toggling Sky Mall in your /hotm!
11:36:02 [NEW_VISITOR_ARRIVED] §a§r§aFelix §r§ehas arrived on your §r§aGarden§r§e!
11:38:33 [GARDEN_VISITOR_MESSAGE] §e[NPC] §aAlchemist§f: §r§fBeen running low on my brewing supplies, Nether Warts are quite hard to come by these days.
11:38:37 [GARDEN_VISITOR_MESSAGE] §e[NPC] §aAlchemist§f: §r§fUnfortunate, I'll see if I can find some Nether Warts from someone else.
11:38:37 [GARDEN_VISITOR_MESSAGE] §e[NPC] §aFisherman§f: §r§fA Carrot King has been scaring off all the good fish, I need to deal with it before I lose more fish.
11:38:39 [GARDEN_VISITOR_MESSAGE] §e[NPC] §aFisherman§f: §r§fS'alright, we are all busy some days.
11:38:40 [GARDEN_VISITOR_MESSAGE] §e[NPC] §aTarwen§f: §r§fBuurrrp? ... Burrp bURp!
11:38:42 [GARDEN_VISITOR_MESSAGE] §e[NPC] §aTarwen§f: §r§fBuUuUrRrPpP!
11:38:43 [GARDEN_VISITOR_MESSAGE] §e[NPC] §aFarmhand§f: §r§fI took a break from work for too long! Now I need your help to meet my quota!
11:38:45 [GARDEN_VISITOR_MESSAGE] §e[NPC] §aFarmhand§f: §r§fYou condemn me to doing my own work? How can you do this to me!
11:38:48 [GARDEN_VISITOR_MESSAGE] §e[NPC] §aFelix§f: §r§fYou won't be able to store any items in the Garden, you should keep them on your Private Island!
11:38:50 [GARDEN_VISITOR_MESSAGE] §e[NPC] §aFelix§f: §r§fMaybe next time.
11:55:01 [SKYMALL] §bNew day! §r§eYour §r§2Sky Mall §r§ebuff changed!
11:55:01 [SKYMALL] §eNew buff§r§r§r: §r§f§r§a10x §r§fchance to find Golden and Diamond Goblins.
11:55:01 [SKYMALL] §8§oYou can disable this messaging by toggling Sky Mall in your /hotm!
12:15:01 [SKYMALL] §bNew day! §r§eYour §r§2Sky Mall §r§ebuff changed!
12:15:01 [SKYMALL] §eNew buff§r§r§r: §r§fGain §r§6+50☘ Mining Fortune§r§f.
12:15:01 [SKYMALL] §8§oYou can disable this messaging by toggling Sky Mall in your /hotm!
12:35:01 [SKYMALL] §bNew day! §r§eYour §r§2Sky Mall §r§ebuff changed!
12:35:01 [SKYMALL] §eNew buff§r§r§r: §r§fGain §r§6+100⸕ Mining Speed§r§f.
12:35:01 [SKYMALL] §8§oYou can disable this messaging by toggling Sky Mall in your /hotm!
12:55:01 [SKYMALL] §bNew day! §r§eYour §r§2Sky Mall §r§ebuff changed!
12:55:01 [SKYMALL] §eNew buff§r§r§r: §r§fGain §r§a+15% §r§fmore Powder while mining.
12:55:01 [SKYMALL] §8§oYou can disable this messaging by toggling Sky Mall in your /hotm!
13:15:03 [SKYMALL] §bNew day! §r§eYour §r§2Sky Mall §r§ebuff changed!
13:15:03 [SKYMALL] §eNew buff§r§r§r: §r§f§r§a-20%§r§f Pickaxe Ability cooldowns.
13:15:03 [SKYMALL] §8§oYou can disable this messaging by toggling Sky Mall in your /hotm!
13:35:02 [SKYMALL] §bNew day! §r§eYour §r§2Sky Mall §r§ebuff changed!
13:35:02 [SKYMALL] §eNew buff§r§r§r: §r§fGain §r§6+100⸕ Mining Speed§r§f.
13:35:02 [SKYMALL] §8§oYou can disable this messaging by toggling Sky Mall in your /hotm!
13:55:02 [SKYMALL] §bNew day! §r§eYour §r§2Sky Mall §r§ebuff changed!
13:55:02 [SKYMALL] §eNew buff§r§r§r: §r§fGain §r§6+50☘ Mining Fortune§r§f.
13:55:02 [SKYMALL] §8§oYou can disable this messaging by toggling Sky Mall in your /hotm!
14:08:51 [PEST_DROP] §eYou received §a15x Enchanted Cactus Green §efor killing a §2Mite§e!
14:09:01 [PEST_DROP] §eYou received §a17x Enchanted Cactus Green §efor killing a §2Mite§e!
14:09:24 [PEST_DROP] §eYou received §a27x Enchanted Nether Wart §efor killing a §2Beetle§e!
14:09:32 [PEST_DROP] §eYou received §a41x Enchanted Melon §efor killing an §2Earthworm§e!
14:09:44 [PEST_DROP] §eYou received §a24x Enchanted Cocoa Beans §efor killing a §2Moth§e!
14:10:00 [PEST_DROP] §eYou received §a18x Enchanted Red Mushroom §efor killing a §2Slug§e!
14:14:12 [GARDEN_VISITOR_MESSAGE] §e[NPC] §aEmissary Ceanna§f: §r§fThe King's favorite emissary is here to request potatoes for the King's great feast! 
14:14:15 [GARDEN_VISITOR_MESSAGE] §e[NPC] §aTerry§f: §r§fAhoy, §bFiremage_X§f! People always tell me they like ice cream, but ice never really tastes like anything for me!
14:14:19 [GARDEN_VISITOR_MESSAGE] §e[NPC] §aTerry§f: §r§fI'll keep crunching on those ice cubes, maybe I am missing something.
14:14:20 [GARDEN_VISITOR_MESSAGE] §e[NPC] §aLynn§f: §r§fIf you ever get lost, you should check on the Desk on what to do next.
14:14:22 [GARDEN_VISITOR_MESSAGE] §e[NPC] §aLynn§f: §r§fMaybe next time.
14:14:23 [GARDEN_VISITOR_MESSAGE] §e[NPC] §aJotraeline Greatforge§f: §r§fI heard you have a composter in your barn, it happens to run on the same fuel drills run on! Could I check it out?
14:14:26 [GARDEN_VISITOR_MESSAGE] §e[NPC] §aFelix§f: §r§fYou won't be able to store any items in the Garden, you should keep them on your Private Island!
14:14:29 [GARDEN_VISITOR_MESSAGE] §e[NPC] §aFelix§f: §r§fMaybe next time.
14:14:44 [GARDEN_VISITOR_MESSAGE] §e[NPC] §aJotraeline Greatforge§f: §r§fQuite fascinating technology you have there, I'm sure with this machinery we could create even better appliances in the future!
14:14:45 [GARDEN_VISITOR_MESSAGE] §e[NPC] §aEmissary Ceanna§f: §r§fMaybe the King will even announce me as his favorite at the feast!
14:15:02 [SKYMALL] §bNew day! §r§eYour §r§2Sky Mall §r§ebuff changed!
14:15:02 [SKYMALL] §eNew buff§r§r§r: §r§fGain §r§6+100⸕ Mining Speed§r§f.
14:15:02 [SKYMALL] §8§oYou can disable this messaging by toggling Sky Mall in your /hotm!
14:16:03 [NEW_VISITOR_ARRIVED] §9§r§9Lazy Miner §r§ehas arrived on your §r§aGarden§r§e!
14:20:08 [NEW_VISITOR_ARRIVED] §a§r§aOdawa §r§ehas arrived on your §r§aGarden§r§e!
14:24:22 [NEW_VISITOR_ARRIVED] §9§r§9Seymour §r§ehas arrived on your §r§aGarden§r§e!
14:28:32 [NEW_VISITOR_ARRIVED] §a§r§aXalx §r§ehas arrived on your §r§aGarden§r§e!
14:32:37 [NEW_VISITOR_ARRIVED] §a§r§aAlchemist §r§ehas arrived on your §r§aGarden§r§e!
14:35:01 [SKYMALL] §bNew day! §r§eYour §r§2Sky Mall §r§ebuff changed!
14:35:01 [SKYMALL] §eNew buff§r§r§r: §r§f§r§a-20%§r§f Pickaxe Ability cooldowns.
14:35:01 [SKYMALL] §8§oYou can disable this messaging by toggling Sky Mall in your /hotm!
14:35:18 [GARDEN_VISITOR_MESSAGE] §e[NPC] §9Seymour§f: §r§fWanting to buy something from me? I got some pretty fancy tuxedos for sale, for a price of a small fortune.
14:35:31 [GARDEN_VISITOR_MESSAGE] §e[NPC] §9Seymour§f: §r§fWow, don't you look dashing with that! Pleasure doing business with you.
14:35:45 [GARDEN_VISITOR_MESSAGE] §e[NPC] §9Lazy Miner§f: §rIt's Wednesday, my resting day! I earned myself a little treat, maybe you could bring me some chocolate?
14:35:48 [GARDEN_VISITOR_MESSAGE] §e[NPC] §aOdawa§f: §r§fI'm supposed to collect some food for the village, the Kalhuiki people have been through a tough time recently.
14:35:50 [GARDEN_VISITOR_MESSAGE] §e[NPC] §aXalx§f: §r§fHello gardener, I've been looking for some sugar to grow my new crop. Wanna try it?
14:35:55 [GARDEN_VISITOR_MESSAGE] §e[NPC] §aAlchemist§f: §r§fBeen running low on my brewing supplies, Nether Warts are quite hard to come by these days.
14:35:57 [GARDEN_VISITOR_MESSAGE] §e[NPC] §aAlchemist§f: §r§fUnfortunate, I'll see if I can find some Nether Warts from someone else.
14:38:34 [GARDEN_VISITOR_MESSAGE] §e[NPC] §9Lazy Miner§f: §r§fMmh! This is really good! I'll be sure to come back again when I'm no longer busy!
14:38:35 [GARDEN_VISITOR_MESSAGE] §e[NPC] §aOdawa§f: §r§fPerfect! I'll share the good news with my village!
14:38:36 [GARDEN_VISITOR_MESSAGE] §e[NPC] §aXalx§f: §r§fDarn humans, you don't understand how to use things...
14:40:20 [BESTIARY] §f                                  §6§lBESTIARY
14:40:20 [BESTIARY] §f                               §b§lLocust §7§8X §8➡§b §bXI
14:40:20 [BESTIARY] 
14:40:20 [BESTIARY] §f                                  §r§6§lREWARDS
14:40:20 [BESTIARY] §f                          §r§6+0.4☘ Farming Fortune
14:40:20 [BESTIARY] §f                              §r§8+§r§62% §r§aLocust §r§7coins
14:40:20 [BESTIARY] §f                    §r§8+§r§a50% §r§7chance for extra XP orbs
14:40:20 [BESTIARY] §f                               §r§8+§r§b1 SkyBlock XP
14:40:20 [BESTIARY] 
14:40:20 [BESTIARY] §3§l▬▬▬▬▬▬▬▬▬▬▬▬▬▬▬▬▬▬▬▬▬▬▬▬▬▬▬▬▬▬▬▬▬▬▬▬▬▬▬▬▬▬▬▬▬▬▬▬▬▬▬▬▬▬▬▬▬▬▬▬▬▬▬▬
14:40:20 [PEST_DROP] §eYou received §a68x Enchanted Potato §efor killing a §2Locust§e!
14:40:20 [NEW_VISITOR_ARRIVED] §9§r§9Lazy Miner §r§ehas arrived on your §r§aGarden§r§e!
14:40:30 [PEST_DROP] §eYou received §a68x Enchanted Carrot §efor killing a §2Cricket§e!
14:40:39 [PEST_DROP] §eYou received §a19x Enchanted Wheat §efor killing a §2Fly§e!
14:40:44 [PEST_DROP] §eYou received §a40x Enchanted Cactus Green §efor killing a §2Mite§e!
14:52:21 [NEW_VISITOR_ARRIVED] §9§r§9Seymour §r§ehas arrived on your §r§aGarden§r§e!
14:55:01 [SKYMALL] §bNew day! §r§eYour §r§2Sky Mall §r§ebuff changed!
14:55:01 [SKYMALL] §eNew buff§r§r§r: §r§fGain §r§6+50☘ Mining Fortune§r§f.
14:55:01 [SKYMALL] §8§oYou can disable this messaging by toggling Sky Mall in your /hotm!
15:00:09 [NEW_VISITOR_ARRIVED] §9§r§9Zog §r§ehas arrived on your §r§aGarden§r§e!
15:03:50 [BESTIARY] §f                                  §6§lBESTIARY
15:03:50 [BESTIARY] §f                               §b§lSlug §7§8VIII §8➡§b §bIX
15:03:50 [BESTIARY] 
15:03:50 [BESTIARY] §f                                  §r§6§lREWARDS
15:03:50 [BESTIARY] §f                          §r§6+0.4☘ Farming Fortune
15:03:50 [BESTIARY] §f                               §r§8+§r§62% §r§aSlug §r§7coins
15:03:50 [BESTIARY] §f                    §r§8+§r§a50% §r§7chance for extra XP orbs
15:03:50 [BESTIARY] §f                               §r§8+§r§b1 SkyBlock XP
15:03:50 [BESTIARY] 
15:03:50 [BESTIARY]   §r§f                         §6§lBESTIARY MILESTONE
15:03:50 [BESTIARY]   §r§f                                  §8CLIV➡§eCLV
15:03:50 [BESTIARY] 
15:03:50 [BESTIARY] §3§l▬▬▬▬▬▬▬▬▬▬▬▬▬▬▬▬▬▬▬▬▬▬▬▬▬▬▬▬▬▬▬▬▬▬▬▬▬▬▬▬▬▬▬▬▬▬▬▬▬▬▬▬▬▬▬▬▬▬▬▬▬▬▬▬
15:03:50 [PEST_DROP] §eYou received §a20x Enchanted Brown Mushroom §efor killing a §2Slug§e!
15:03:58 [PEST_DROP] §eYou received §a68x Enchanted Potato §efor killing a §2Locust§e!
15:04:31 [NEW_VISITOR_ARRIVED] §a§r§aArthur §r§ehas arrived on your §r§aGarden§r§e!
15:08:55 [NEW_VISITOR_ARRIVED] §a§r§aPlumber Joe §r§ehas arrived on your §r§aGarden§r§e!
15:13:03 [PEST_DROP] §eYou received §a19x Enchanted Wheat §efor killing a §2Fly§e!
15:15:01 [SKYMALL] §bNew day! §r§eYour §r§2Sky Mall §r§ebuff changed!
15:15:01 [SKYMALL] §eNew buff§r§r§r: §r§fGain §r§6+100⸕ Mining Speed§r§f.
15:15:01 [SKYMALL] §8§oYou can disable this messaging by toggling Sky Mall in your /hotm!
15:35:01 [SKYMALL] §bNew day! §r§eYour §r§2Sky Mall §r§ebuff changed!
15:35:01 [SKYMALL] §eNew buff§r§r§r: §r§f§r§a10x §r§fchance to find Golden and Diamond Goblins.
15:35:01 [SKYMALL] §8§oYou can disable this messaging by toggling Sky Mall in your /hotm!
15:36:29 [GARDEN_VISITOR_MESSAGE] §e[NPC] §9Lazy Miner§f: §rIt's Saturday, my resting day! I earned myself a little treat, maybe you could bring me some chocolate?
15:36:32 [GARDEN_VISITOR_MESSAGE] §e[NPC] §9Seymour§f: §r§fWanting to buy something from me? I got some pretty fancy tuxedos for sale, for a price of a small fortune.
15:36:48 [GARDEN_VISITOR_MESSAGE] §e[NPC] §9Zog§f: §r§fI have a big problem. I lost my sense of taste, now I can't tell the difference between a melon and a cactus...
15:36:51 [GARDEN_VISITOR_MESSAGE] §e[NPC] §aArthur§f: §r§fMy wheat minion has been slacking recently, I am thinking about giving it an upgrade. He hasn't produced any wheat in years! Every time I check on him, he's empty.
15:36:56 [GARDEN_VISITOR_MESSAGE] §e[NPC] §aPlumber Joe§f: §r§fI once dumped a magical water bucket into the toilet. It won't stop overflowing. Anyway, you got something for me?
15:37:46 [GARDEN_VISITOR_MESSAGE] §e[NPC] §9Lazy Miner§f: §r§fMmh! This is really good! I'll be sure to come back again when I'm no longer busy!
15:37:47 [GARDEN_VISITOR_MESSAGE] §e[NPC] §9Seymour§f: §r§fWow, don't you look dashing with that! Pleasure doing business with you.
15:37:49 [NEW_VISITOR_ARRIVED] §a§r§aAlchemist §r§ehas arrived on your §r§aGarden§r§e!
15:37:50 [GARDEN_VISITOR_MESSAGE] §e[NPC] §9Zog§f: §r§fEating enough of these surely should bring back my taste memories. Thank you.
15:37:51 [GARDEN_VISITOR_MESSAGE] §e[NPC] §aArthur§f: §r§fHoly Macaroni! That should boost my minion to at least Tier 5! Thank you a lot!
15:37:53 [GARDEN_VISITOR_MESSAGE] §e[NPC] §aPlumber Joe§f: §r§fThanks. That should help me fix my water troubles.
15:37:54 [GARDEN_VISITOR_MESSAGE] §e[NPC] §aAlchemist§f: §r§fBeen running low on my brewing supplies, Nether Warts are quite hard to come by these days.
15:37:57 [GARDEN_VISITOR_MESSAGE] §e[NPC] §aAlchemist§f: §r§fUnfortunate, I'll see if I can find some Nether Warts from someone else.
15:40:31 [PEST_DROP] §eYou received §a10x Enchanted Brown Mushroom §efor killing a §2Slug§e!
15:40:37 [PEST_DROP] §eYou received §a35x Enchanted Potato §efor killing a §2Locust§e!
15:40:49 [PEST_DROP] §eYou received §a10x Enchanted Red Mushroom §efor killing a §2Slug§e!
15:41:00 [PEST_DROP] §eYou received §a29x Enchanted Cocoa Beans §efor killing a §2Moth§e!
