11:02:40 §e[SkyHanni] §aShaggy §eis visiting your garden!§r
11:02:40 §e[SkyHanni] §aJack §eis visiting your garden!§r
11:02:40 §e[SkyHanni] §aFriendly Hiker §eis visiting your garden!§r
11:02:40 §e[SkyHanni] §aJacob §eis visiting your garden!§r
11:02:40 §e[SkyHanni] §aAndrew §eis visiting your garden!§r
11:11:48 §e[SkyHanni] You have gained §b6 §eBits.§r
11:11:54 §e[SkyHanni] You have gained §b6 §eBits.§r
11:12:02 §e[SkyHanni] You have gained §b18 §eBits.§r
11:12:11 §e[SkyHanni] You have gained §b6 §eBits.§r
11:12:12 §e[SkyHanni] §aEmissary Wilson §eis visiting your garden!§r
11:12:14 §e[SkyHanni] You have gained §b12 §eBits.§r
11:12:21 §e[SkyHanni] You have gained §b12 §eBits.§r
11:12:23 §e[SkyHanni] You have gained §b6 §eBits.§r
11:12:42 §e[SkyHanni] §b+1 SkyBlock XP §7(HOTM Progression§7)§b (89/100)§r
11:12:42 §e[SkyHanni] You have gained §b6 §eBits.§r
11:16:05 §e[SkyHanni] Started tracking your Jacob Contest Blocks Per Second!§r
11:16:10 §e[SkyHanni] Loaded Pumpkin milestone data from tab list!§r
11:18:26 §e[SkyHanni] §aAlchemist §eis visiting your garden!§r
11:22:48 §e[SkyHanni] §aFisherman §eis visiting your garden!§r
11:27:31 §e[SkyHanni] §aTarwen §eis visiting your garden!§r
11:31:48 §e[SkyHanni] §aFarmhand §eis visiting your garden!§r
11:32:12 §e[SkyHanni] You have gained §b283 §eBits.§r
11:35:03 §e[SkyHanni] Stats for Pumpkin Contest:§r
11:35:03 §e[SkyHanni] §7Blocks Broken in total: §e19,653§r
11:35:03 §e[SkyHanni] §7Average Blocks Per Second: §a17.27§r
11:35:03 §e[SkyHanni] §7Participated for §b18m 58s§r
11:36:04 §e[SkyHanni] §aFelix §eis visiting your garden!§r
11:39:01 §e[SkyHanni] You have gained §b68 §eBits.§r
11:53:22 §e[SkyHanni] You are close to the Croesus Limit. Please open your chests!§r
11:53:38 §e[SkyHanni] You have gained §b28 §eBits.§r
12:02:19 §e[SkyHanni] §cYour Time Tower just expired and has 1 charge remaining. Click here to use one.§r
12:04:15 §e[SkyHanni] You are close to the Croesus Limit. Please open your chests!§r
12:04:51 §e[SkyHanni] You have gained §b311 §eBits.§r
12:15:29 §e[SkyHanni] You are close to the Croesus Limit. Please open your chests!§r
12:24:35 §e[SkyHanni] You are close to the Croesus Limit. Please open your chests!§r
12:24:55 §e[SkyHanni] You have gained §b56 §eBits.§r
12:38:31 §e[SkyHanni] You are close to the Croesus Limit. Please open your chests!§r
12:38:48 §e[SkyHanni] You have gained §b594 §eBits.§r
12:41:13 §e[SkyHanni] You have gained §b11 §eBits.§r
12:41:29 §e[SkyHanni] §b+1 SkyBlock XP §7(HOTM Progression§7)§b (90/100)§r
12:41:29 §e[SkyHanni] You have gained §b11 §eBits.§r
12:45:03 §e[SkyHanni] §b+6 SkyBlock XP §7(HOTM Progression§7)§b (96/100)§r
12:45:04 §e[SkyHanni] You have gained §b68 §eBits.§r
12:45:20 §e[SkyHanni] §b+2 SkyBlock XP §7(Dwarven O's Ore Oats§7)§b (98/100)§r
12:45:33 §c[SkyHanni-0.27]: ConcurrentModificationException whilst formatting enchants§c. Click here to copy the error into the clipboard.§r
12:48:02 §e[SkyHanni] You have gained §b6 §eBits.§r
12:56:38 §e[SkyHanni] You are close to the Croesus Limit. Please open your chests!§r
12:56:59 §e[SkyHanni] You have gained §b28 §eBits.§r
13:06:04 §e[SkyHanni] You are close to the Croesus Limit. Please open your chests!§r
13:06:16 §e[SkyHanni] You have gained §b311 §eBits.§r
13:15:46 §e[SkyHanni] You are close to the Croesus Limit. Please open your chests!§r
13:23:34 §e[SkyHanni] You are close to the Croesus Limit. Please open your chests!§r
13:24:06 §e[SkyHanni] You have gained §b56 §eBits.§r
13:32:03 §e[SkyHanni] You are close to the Croesus Limit. Please open your chests!§r
13:32:14 §e[SkyHanni] You have gained §b28 §eBits.§r
13:33:34 §e[SkyHanni] You have gained §b283 §eBits.§r
13:39:02 §e[SkyHanni] Low on arrows §e(500 left)§r
13:50:25 §e[SkyHanni] You are close to the Croesus Limit. Please open your chests!§r
13:50:37 §e[SkyHanni] You have gained §b56 §eBits.§r
13:59:51 §e[SkyHanni] You are close to the Croesus Limit. Please open your chests!§r
14:00:01 §e[SkyHanni] You have gained §b28 §eBits.§r
14:04:07 §e[SkyHanni] You have gained §b566 §eBits.§r
14:08:37 §e[SkyHanni] §aEmissary Ceanna §eis visiting your garden!§r
14:08:37 §e[SkyHanni] §aTerry §eis visiting your garden!§r
14:08:37 §e[SkyHanni] §aLynn §eis visiting your garden!§r
14:08:37 §e[SkyHanni] §aJotraeline Greatforge §eis visiting your garden!§r
14:08:37 §e[SkyHanni] §aFelix §eis visiting your garden!§r
14:08:52 §e[SkyHanni] You have gained §b6 §eBits.§r
14:09:01 §e[SkyHanni] §b+1 SkyBlock XP §7(Crop Milestones§7)§b (1/100)§r
14:09:02 §e[SkyHanni] You have gained §b6 §eBits.§r
14:09:04 §e[SkyHanni] Loaded Cactus milestone data from tab list!§r
14:09:24 §e[SkyHanni] You have gained §b6 §eBits.§r
14:09:33 §e[SkyHanni] You have gained §b12 §eBits.§r
14:09:44 §e[SkyHanni] You have gained §b6 §eBits.§r
14:09:46 §e[SkyHanni] Loaded Cocoa Beans milestone data from tab list!§r
14:10:01 §e[SkyHanni] You have gained §b12 §eBits.§r
14:14:45 §e[SkyHanni] You have gained §b6 §eBits.§r
14:14:46 §e[SkyHanni] You have gained §b6 §eBits.§r
14:15:03 §e[SkyHanni] Started tracking your Jacob Contest Blocks Per Second!§r
14:15:38 §e[SkyHanni] Loaded Melon milestone data from tab list!§r
14:16:05 §e[SkyHanni] §9Lazy Miner §eis visiting your garden!§r
14:20:09 §e[SkyHanni] §aOdawa §eis visiting your garden!§r
14:24:25 §e[SkyHanni] §9Seymour §eis visiting your garden!§r
14:28:34 §e[SkyHanni] §aXalx §eis visiting your garden!§r
14:32:38 §e[SkyHanni] §aAlchemist §eis visiting your garden!§r
14:34:47 §e[SkyHanni] You have gained §b283 §eBits.§r
14:35:02 §e[SkyHanni] Stats for Melon Contest:§r
14:35:02 §e[SkyHanni] §7Blocks Broken in total: §e22,320§r
14:35:02 §e[SkyHanni] §7Average Blocks Per Second: §a18.62§r
14:35:02 §e[SkyHanni] §7Participated for §b19m 59s§r
14:35:32 §e[SkyHanni] You have gained §b6 §eBits.§r
14:38:34 §e[SkyHanni] You have gained §b6 §eBits.§r
14:38:35 §e[SkyHanni] You have gained §b6 §eBits.§r
14:38:36 §e[SkyHanni] You have gained §b6 §eBits.§r
14:39:01 §e[SkyHanni] You have gained §b68 §eBits.§r
14:40:20 §6§lBESTIARY §r§b§lLocust §7§8X §8➡§b §bXI§r
14:40:20 §e[SkyHanni] You have gained §b6 §eBits.§r
14:40:21 §e[SkyHanni] §9Lazy Miner §eis visiting your garden!§r
14:40:30 §e[SkyHanni] §b+2 SkyBlock XP §7(Crop Milestones§7)§b (24/100)§r
14:40:31 §e[SkyHanni] You have gained §b6 §eBits.§r
14:40:40 §e[SkyHanni] You have gained §b12 §eBits.§r
14:40:45 §e[SkyHanni] You have gained §b6 §eBits.§r
14:52:21 §e[SkyHanni] §9Seymour §eis visiting your garden!§r
14:53:19 §e[SkyHanni] Loaded Mushroom milestone data from tab list!§r
15:00:11 §e[SkyHanni] §9Zog §eis visiting your garden!§r
15:03:50 §6§lBESTIARY §r§b§lSlug §7§8VIII §8➡§b §bIX§r
15:03:51 §e[SkyHanni] You have gained §b12 §eBits.§r
15:03:58 §e[SkyHanni] You have gained §b12 §eBits.§r
15:04:00 §e[SkyHanni] Loaded Potato milestone data from tab list!§r
15:04:33 §e[SkyHanni] §aArthur §eis visiting your garden!§r
15:05:01 §e[SkyHanni] You have gained §b283 §eBits.§r
15:08:56 §e[SkyHanni] §aPlumber Joe §eis visiting your garden!§r
15:13:04 §e[SkyHanni] You have gained §b6 §eBits.§r
15:16:09 §e[SkyHanni] Started tracking your Jacob Contest Blocks Per Second!§r
15:16:28 §e[SkyHanni] Loaded Nether Wart milestone data from tab list!§r
15:35:02 §e[SkyHanni] Stats for Nether Wart Contest:§r
15:35:02 §e[SkyHanni] §7Blocks Broken in total: §e18,700§r
15:35:02 §e[SkyHanni] §7Average Blocks Per Second: §a16.52§r
15:35:02 §e[SkyHanni] §7Participated for §b18m 52s§r
15:35:10 §e[SkyHanni] You have gained §b566 §eBits.§r
15:36:16 §e[SkyHanni] You have gained §b57 §eBits.§r
15:37:46 §e[SkyHanni] You have gained §b6 §eBits.§r
15:37:48 §e[SkyHanni] You have gained §b6 §eBits.§r
15:37:51 §e[SkyHanni] You have gained §b6 §eBits.§r
15:37:52 §e[SkyHanni] You have gained §b6 §eBits.§r
15:37:52 §e[SkyHanni] §aAlchemist §eis visiting your garden!§r
15:37:53 §e[SkyHanni] You have gained §b6 §eBits.§r
15:39:35 §e[SkyHanni] §b+4 SkyBlock XP §7(Museum Donations§7)§b (41/100)§r
15:40:31 §e[SkyHanni] You have gained §b6 §eBits.§r
15:40:37 §e[SkyHanni] You have gained §b12 §eBits.§r
15:40:50 §e[SkyHanni] You have gained §b6 §eBits.§r
15:41:01 §e[SkyHanni] You have gained §b12 §eBits.§r
