16:52:28 §f                                  §6§lBESTIARY
16:52:28 §f                               §b§lFlare §7§8III §8➡§b §bIV
16:52:28 
16:52:28 §f                                  §r§6§lREWARDS
16:52:28 §f                           §r§8+§r§a2 Flare §r§b✯ Magic Find
16:52:28 §f                           §r§8+§r§a2 Flare §r§c❁ Strength
16:52:28 §f                               §r§8+§r§62% §r§aFlare §r§7coins
16:52:28 §f                    §r§8+§r§a50% §r§7chance for extra XP orbs
16:52:28 §f                               §r§8+§r§b1 SkyBlock XP
16:52:28 
16:52:28 §3§l▬▬▬▬▬▬▬▬▬▬▬▬▬▬▬▬▬▬▬▬▬▬▬▬▬▬▬▬▬▬▬▬▬▬▬▬▬▬▬▬▬▬▬▬▬▬▬▬▬▬▬▬▬▬▬▬▬▬▬▬▬▬▬▬
16:57:22 §f                                  §6§lBESTIARY
16:57:22 §f                               §b§lGhast §7§8V §8➡§b §bVI
16:57:22 
16:57:22 §f                                  §r§6§lREWARDS
16:57:22 §f                          §r§8+§r§a3 Ghast §r§b✯ Magic Find
16:57:22 §f                           §r§8+§r§a3 Ghast §r§c❁ Strength
16:57:22 §f                              §r§8+§r§62% §r§aGhast §r§7coins
16:57:22 §f                    §r§8+§r§a50% §r§7chance for extra XP orbs
16:57:22 §f                               §r§8+§r§b1 SkyBlock XP
16:57:22 
16:57:22 §3§l▬▬▬▬▬▬▬▬▬▬▬▬▬▬▬▬▬▬▬▬▬▬▬▬▬▬▬▬▬▬▬▬▬▬▬▬▬▬▬▬▬▬▬▬▬▬▬▬▬▬▬▬▬▬▬▬▬▬▬▬▬▬▬▬
17:01:13 §f                                  §6§lBESTIARY
17:01:13 §f                      §b§lBarbarian Duke X §7§8II §8➡§b §bIII
17:01:13 
17:01:13 §f                                  §r§6§lREWARDS
17:01:13 §f                 §r§8+§r§a2 §r§8§lBarbarian Duke X §r§b✯ Magic Find
17:01:13 §f                  §r§8+§r§a2 §r§8§lBarbarian Duke X §r§c❁ Strength
17:01:13 §f                     §r§8+§r§62% §r§a§r§8§lBarbarian Duke X §r§7coins
17:01:13 §f                    §r§8+§r§a50% §r§7chance for extra XP orbs
17:01:13 §f                               §r§8+§r§b1 SkyBlock XP
17:01:13 
17:01:13 §3§l▬▬▬▬▬▬▬▬▬▬▬▬▬▬▬▬▬▬▬▬▬▬▬▬▬▬▬▬▬▬▬▬▬▬▬▬▬▬▬▬▬▬▬▬▬▬▬▬▬▬▬▬▬▬▬▬▬▬▬▬▬▬▬▬
17:06:07 §f                                  §6§lBESTIARY
17:06:07 §f                          §b§lMage Outlaw §7§8II §8➡§b §bIII
17:06:07 
17:06:07 §f                                  §r§6§lREWARDS
17:06:07 §f                     §r§8+§r§a2 §r§5§lMage Outlaw §r§b✯ Magic Find
17:06:07 §f                      §r§8+§r§a2 §r§5§lMage Outlaw §r§c❁ Strength
17:06:07 §f                         §r§8+§r§62% §r§a§r§5§lMage Outlaw §r§7coins
17:06:07 §f                    §r§8+§r§a50% §r§7chance for extra XP orbs
17:06:07 §f                               §r§8+§r§b1 SkyBlock XP
17:06:07 
17:06:07 §3§l▬▬▬▬▬▬▬▬▬▬▬▬▬▬▬▬▬▬▬▬▬▬▬▬▬▬▬▬▬▬▬▬▬▬▬▬▬▬▬▬▬▬▬▬▬▬▬▬▬▬▬▬▬▬▬▬▬▬▬▬▬▬▬▬
17:13:29 §f                                  §6§lBESTIARY
17:13:29 §f                            §b§lBladesoul §7§8II §8➡§b §bIII
17:13:29 
17:13:29 §f                                  §r§6§lREWARDS
17:13:29 §f                       §r§8+§r§a2 §r§8§lBladesoul §r§b✯ Magic Find
17:13:29 §f                       §r§8+§r§a2 §r§8§lBladesoul §r§c❁ Strength
17:13:29 §f                           §r§8+§r§62% §r§a§r§8§lBladesoul §r§7coins
17:13:29 §f                    §r§8+§r§a50% §r§7chance for extra XP orbs
17:13:29 §f                               §r§8+§r§b1 SkyBlock XP
17:13:29 
17:13:29   §r§f                         §6§lBESTIARY MILESTONE
17:13:29   §r§f                                 §8CXXXIX➡§eCXL
17:13:29 
17:13:29 §3§l▬▬▬▬▬▬▬▬▬▬▬▬▬▬▬▬▬▬▬▬▬▬▬▬▬▬▬▬▬▬▬▬▬▬▬▬▬▬▬▬▬▬▬▬▬▬▬▬▬▬▬▬▬▬▬▬▬▬▬▬▬▬▬▬
17:18:36 §f                                  §6§lBESTIARY
17:18:36 §f                                 §b§lThunder §7§bI
17:18:36 
17:18:36 §f                                  §r§6§lREWARDS
17:18:36 §f                         §r§8+§r§a2 Thunder §r§b✯ Magic Find
17:18:36 §f                         §r§8+§r§a2 Thunder §r§c❁ Strength
17:18:36 §f                             §r§8+§r§62% §r§aThunder §r§7coins
17:18:36 §f                    §r§8+§r§a50% §r§7chance for extra XP orbs
17:18:36 §f                               §r§8+§r§b1 SkyBlock XP
17:18:36 
17:18:36 §3§l▬▬▬▬▬▬▬▬▬▬▬▬▬▬▬▬▬▬▬▬▬▬▬▬▬▬▬▬▬▬▬▬▬▬▬▬▬▬▬▬▬▬▬▬▬▬▬▬▬▬▬▬▬▬▬▬▬▬▬▬▬▬▬▬
17:23:55 §f                                  §6§lBESTIARY
17:23:55 §f                          §b§lMage Outlaw §7§8III §8➡§b §bIV
17:23:55 
17:23:55 §f                                  §r§6§lREWARDS
17:23:55 §f                     §r§8+§r§a2 §r§5§lMage Outlaw §r§b✯ Magic Find
17:23:55 §f                      §r§8+§r§a2 §r§5§lMage Outlaw §r§c❁ Strength
17:23:55 §f                         §r§8+§r§62% §r§a§r§5§lMage Outlaw §r§7coins
17:23:55 §f                    §r§8+§r§a50% §r§7chance for extra XP orbs
17:23:55 §f                               §r§8+§r§b1 SkyBlock XP
17:23:55 
17:23:55 §3§l▬▬▬▬▬▬▬▬▬▬▬▬▬▬▬▬▬▬▬▬▬▬▬▬▬▬▬▬▬▬▬▬▬▬▬▬▬▬▬▬▬▬▬▬▬▬▬▬▬▬▬▬▬▬▬▬▬▬▬▬▬▬▬▬
18:32:36 §f                                  §6§lBESTIARY
18:32:36 §f                         §b§lZombie Soldier §7§8X §8➡§b §bXI
18:32:36 
18:32:36 §f                                  §r§6§lREWARDS
18:32:36 §f                     §r§8+§r§a4 Zombie Soldier §r§b✯ Magic Find
18:32:36 §f                      §r§8+§r§a4 Zombie Soldier §r§c❁ Strength
18:32:36 §f                         §r§8+§r§62% §r§aZombie Soldier §r§7coins
18:32:36 §f                    §r§8+§r§a50% §r§7chance for extra XP orbs
18:32:36 §f                               §r§8+§r§b1 SkyBlock XP
18:32:36 
18:32:36 §3§l▬▬▬▬▬▬▬▬▬▬▬▬▬▬▬▬▬▬▬▬▬▬▬▬▬▬▬▬▬▬▬▬▬▬▬▬▬▬▬▬▬▬▬▬▬▬▬▬▬▬▬▬▬▬▬▬▬▬▬▬▬▬▬▬
18:36:06 §f                                  §6§lBESTIARY
18:36:06 §f                       §b§lWither Miner §7§8XXIII §8➡§b §bXXIV
18:36:06 
18:36:06 §f                                  §r§6§lREWARDS
18:36:06 §f                      §r§8+§r§a6 Wither Miner §r§b✯ Magic Find
18:36:06 §f                       §r§8+§r§a6 Wither Miner §r§c❁ Strength
18:36:06 §f                          §r§8+§r§62% §r§aWither Miner §r§7coins
18:36:06 §f                    §r§8+§r§a50% §r§7chance for extra XP orbs
18:36:06 §f                               §r§8+§r§b1 SkyBlock XP
18:36:06 
18:36:06 §3§l▬▬▬▬▬▬▬▬▬▬▬▬▬▬▬▬▬▬▬▬▬▬▬▬▬▬▬▬▬▬▬▬▬▬▬▬▬▬▬▬▬▬▬▬▬▬▬▬▬▬▬▬▬▬▬▬▬▬▬▬▬▬▬▬
