13:47:52 
13:47:52 blocked link because:
13:47:52 isNotInSignAndOnSlot
13:47:52 
13:47:52 
13:47:52 blocked link because:
13:47:52 isNotInSignAndOnSlot
13:47:52 
13:47:52 allowed click
13:47:52 allowed click
13:47:52 allowed click
13:47:52 allowed click
13:47:52 allowed click
13:47:52 allowed click
13:47:52 allowed click
13:47:52 allowed click
13:47:52 allowed click
13:47:52 allowed click
13:47:52 allowed click
13:47:52 allowed click
13:47:52 allowed click
13:47:52 allowed click
13:47:52 allowed click
13:47:52 allowed click
13:47:52 allowed click
13:47:52 allowed click
13:47:52 allowed click
13:47:52 allowed click
13:47:52 allowed click
13:47:52 allowed click
13:47:52 allowed click
13:47:52 allowed click
13:47:52 allowed click
13:47:52 allowed click
13:47:52 allowed click
13:47:52 allowed click
13:47:52 allowed click
13:47:52 allowed click
13:47:52 allowed click
13:47:52 allowed click
13:47:52 allowed click
13:47:52 allowed click
13:47:52 allowed click
13:47:52 allowed click
13:47:52 allowed click
13:47:52 allowed click
13:47:52 allowed click
13:47:52 allowed click
13:47:52 allowed click
13:47:52 allowed click
13:47:52 allowed click
13:47:52 allowed click
13:47:52 allowed click
13:47:52 allowed click
13:47:52 allowed click
13:47:52 allowed click
13:47:52 allowed click
13:47:52 allowed click
13:47:52 allowed click
13:47:52 allowed click
13:47:52 allowed click
13:47:52 allowed click
13:47:52 allowed click
13:47:52 allowed click
13:47:52 allowed click
13:47:52 allowed click
13:47:52 allowed click
13:47:52 allowed click
13:47:52 allowed click
13:47:52 allowed click
13:47:52 allowed click
13:47:52 allowed click
13:47:52 allowed click
13:47:52 allowed click
13:47:52 allowed click
13:47:52 allowed click
13:47:52 allowed click
13:47:52 allowed click
13:47:52 allowed click
13:47:52 allowed click
13:47:52 allowed click
13:47:52 allowed click
13:47:52 allowed click
13:47:52 allowed click
13:47:52 allowed click
13:47:52 allowed click
13:47:52 allowed click
13:47:52 allowed click
13:47:52 allowed click
13:47:52 allowed click
13:47:52 allowed click
13:47:52 allowed click
13:47:52 allowed click
13:47:52 allowed click
13:47:52 allowed click
13:47:52 allowed click
13:47:52 allowed click
13:47:52 allowed click
13:47:52 allowed click
13:47:52 allowed click
13:47:52 allowed click
13:47:53 allowed click
13:47:53 allowed click
13:47:53 allowed click
13:47:53 allowed click
13:47:53 allowed click
13:47:53 allowed click
13:47:53 allowed click
13:47:53 allowed click
13:47:53 allowed click
13:47:53 allowed click
13:47:53 allowed click
13:47:53 allowed click
13:47:53 allowed click
13:47:53 allowed click
13:47:53 allowed click
13:47:53 allowed click
13:47:53 allowed click
13:47:53 allowed click
13:47:53 allowed click
13:47:53 allowed click
13:47:53 allowed click
13:47:53 allowed click
13:47:53 allowed click
13:47:53 allowed click
13:47:54 
13:47:54 blocked link because:
13:47:54 isNotInSignAndOnSlot
13:47:54 
13:47:54 
13:47:54 blocked link because:
13:47:54 isNotInSignAndOnSlot
13:47:54 
13:47:54 
13:47:54 blocked link because:
13:47:54 isNotInSignAndOnSlot
13:47:54 
13:47:54 allowed click
13:47:54 allowed click
13:47:54 allowed click
13:47:54 allowed click
13:47:54 allowed click
13:47:54 allowed click
13:47:54 allowed click
13:47:54 allowed click
13:47:54 allowed click
13:47:54 allowed click
13:47:54 allowed click
13:47:54 allowed click
13:47:54 allowed click
13:47:54 allowed click
13:47:54 allowed click
13:47:54 allowed click
13:47:54 allowed click
13:47:54 allowed click
13:47:54 allowed click
13:47:54 allowed click
13:47:54 allowed click
13:47:54 allowed click
13:47:54 allowed click
13:47:54 allowed click
13:47:54 allowed click
13:47:54 allowed click
13:47:54 allowed click
13:47:54 allowed click
13:47:54 allowed click
13:47:54 allowed click
13:47:54 allowed click
13:47:54 allowed click
13:47:54 allowed click
13:47:54 allowed click
13:47:54 allowed click
13:47:54 allowed click
13:47:54 allowed click
13:47:54 allowed click
13:47:54 allowed click
13:47:54 allowed click
13:47:54 allowed click
13:47:54 allowed click
13:47:54 allowed click
13:47:54 allowed click
13:47:54 allowed click
13:47:54 allowed click
13:47:54 allowed click
13:47:54 allowed click
13:47:54 allowed click
13:47:54 allowed click
13:47:54 allowed click
13:47:54 allowed click
13:47:54 allowed click
13:47:54 allowed click
13:47:54 allowed click
13:47:54 allowed click
13:47:54 allowed click
13:47:54 allowed click
13:47:54 allowed click
13:47:54 allowed click
13:47:54 allowed click
13:47:54 allowed click
13:47:54 allowed click
13:47:54 allowed click
13:47:54 allowed click
13:47:54 allowed click
13:47:54 allowed click
13:47:54 allowed click
13:47:54 allowed click
13:47:54 allowed click
13:47:54 allowed click
13:47:54 allowed click
13:47:54 allowed click
13:47:54 allowed click
13:47:54 allowed click
13:47:54 allowed click
13:47:54 allowed click
13:47:54 allowed click
13:47:54 allowed click
13:47:54 allowed click
13:47:54 allowed click
13:47:54 allowed click
13:47:54 allowed click
13:47:54 allowed click
13:47:54 allowed click
13:47:54 allowed click
13:47:54 allowed click
13:47:54 allowed click
13:47:54 allowed click
13:47:54 allowed click
13:47:54 allowed click
13:47:54 allowed click
13:47:54 allowed click
13:47:54 allowed click
13:47:54 allowed click
13:47:54 allowed click
13:47:54 allowed click
13:47:54 allowed click
13:47:54 allowed click
13:47:54 allowed click
13:47:54 allowed click
13:47:54 allowed click
13:47:54 allowed click
13:47:54 allowed click
13:47:54 allowed click
13:47:54 allowed click
13:47:54 allowed click
13:47:54 allowed click
13:47:54 allowed click
13:47:54 allowed click
13:47:54 allowed click
13:47:54 allowed click
13:47:54 allowed click
13:47:54 allowed click
13:47:54 allowed click
13:47:54 allowed click
13:47:54 allowed click
13:47:54 allowed click
13:47:54 allowed click
13:47:54 allowed click
13:47:54 allowed click
13:47:54 allowed click
13:47:54 allowed click
14:11:31 
14:11:31 blocked link because:
14:11:31 isGuiScreen
14:11:31 
14:11:31 
14:11:31 blocked link because:
14:11:31 isGuiScreen
14:11:31 
14:11:31 
14:11:31 blocked link because:
14:11:31 isGuiScreen
14:11:31 
14:11:31 
14:11:31 blocked link because:
14:11:31 isGuiScreen
14:11:31 
14:11:31 
14:11:31 blocked link because:
14:11:31 isGuiScreen
14:11:31 
14:11:31 
14:11:31 blocked link because:
14:11:31 isGuiScreen
14:11:31 
14:11:31 
14:11:31 blocked link because:
14:11:31 isGuiScreen
14:11:31 
14:11:31 
14:11:31 blocked link because:
14:11:31 isGuiScreen
14:11:31 
14:11:31 
14:11:31 blocked link because:
14:11:31 isGuiScreen
14:11:31 
14:11:31 
14:11:31 blocked link because:
14:11:31 isGuiScreen
14:11:31 
14:11:31 
14:11:31 blocked link because:
14:11:31 isGuiScreen
14:11:31 
14:11:31 
14:11:31 blocked link because:
14:11:31 isGuiScreen
14:11:31 
14:11:31 
14:11:31 blocked link because:
14:11:31 isGuiScreen
14:11:31 
14:11:31 
14:11:31 blocked link because:
14:11:31 isGuiScreen
14:11:31 
14:11:31 
14:11:31 blocked link because:
14:11:31 isGuiScreen
14:11:31 
14:11:31 
14:11:31 blocked link because:
14:11:31 isGuiScreen
14:11:31 
14:11:31 
14:11:31 blocked link because:
14:11:31 isGuiScreen
14:11:31 
14:11:31 
14:11:31 blocked link because:
14:11:31 isGuiScreen
14:11:31 
14:11:31 
14:11:31 blocked link because:
14:11:31 isGuiScreen
14:11:31 
14:11:31 
14:11:31 blocked link because:
14:11:31 isGuiScreen
14:11:31 
18:41:07 allowed click
18:41:07 allowed click
18:41:07 allowed click
18:41:07 allowed click
18:41:07 allowed click
18:41:07 allowed click
18:41:07 allowed click
18:41:07 allowed click
18:41:07 allowed click
18:41:07 allowed click
18:41:07 allowed click
18:41:07 allowed click
18:41:07 allowed click
18:41:07 allowed click
18:41:07 allowed click
18:41:07 allowed click
18:41:07 allowed click
18:41:07 allowed click
18:41:07 allowed click
18:41:07 allowed click
18:41:07 allowed click
18:41:07 allowed click
18:41:07 allowed click
18:41:07 allowed click
18:41:07 allowed click
18:41:07 allowed click
18:41:07 allowed click
18:41:07 allowed click
18:41:07 allowed click
18:41:07 allowed click
18:41:07 allowed click
18:41:07 allowed click
18:41:07 allowed click
18:41:07 allowed click
18:41:07 allowed click
18:41:07 allowed click
18:41:07 allowed click
18:41:07 allowed click
18:41:07 allowed click
