09:55:02 §bNew day! §r§eYour §r§2Sky Mall §r§ebuff changed!
09:55:02 §eNew buff§r§r§r: §r§fGain §r§6+100⸕ Mining Speed§r§f.
09:55:02 §8§oYou can disable this messaging by toggling Sky Mall in your /hotm!
10:15:01 §bNew day! §r§eYour §r§2Sky Mall §r§ebuff changed!
10:15:01 §eNew buff§r§r§r: §r§fGain §r§a+15% §r§fmore Powder while mining.
10:15:01 §8§oYou can disable this messaging by toggling Sky Mall in your /hotm!
10:35:01 §bNew day! §r§eYour §r§2Sky Mall §r§ebuff changed!
10:35:01 §eNew buff§r§r§r: §r§fGain §r§6+100⸕ Mining Speed§r§f.
10:35:01 §8§oYou can disable this messaging by toggling Sky Mall in your /hotm!
10:55:02 §bNew day! §r§eYour §r§2Sky Mall §r§ebuff changed!
10:55:02 §eNew buff§r§r§r: §r§fGain §r§6+100⸕ Mining Speed§r§f.
10:55:02 §8§oYou can disable this messaging by toggling Sky Mall in your /hotm!
11:15:02 §bNew day! §r§eYour §r§2Sky Mall §r§ebuff changed!
11:15:02 §eNew buff§r§r§r: §r§fGain §r§6+100⸕ Mining Speed§r§f.
11:15:02 §8§oYou can disable this messaging by toggling Sky Mall in your /hotm!
11:35:04 §bNew day! §r§eYour §r§2Sky Mall §r§ebuff changed!
11:35:04 §eNew buff§r§r§r: §r§f§r§a10x §r§fchance to find Golden and Diamond Goblins.
11:35:04 §8§oYou can disable this messaging by toggling Sky Mall in your /hotm!
11:55:02 §bNew day! §r§eYour §r§2Sky Mall §r§ebuff changed!
11:55:02 §eNew buff§r§r§r: §r§fGain §r§6+100⸕ Mining Speed§r§f.
11:55:02 §8§oYou can disable this messaging by toggling Sky Mall in your /hotm!
12:15:01 §bNew day! §r§eYour §r§2Sky Mall §r§ebuff changed!
12:15:01 §eNew buff§r§r§r: §r§fGain §r§a5x §r§9Titanium §r§fdrops
12:15:01 §8§oYou can disable this messaging by toggling Sky Mall in your /hotm!
