10:30:15 `Slime`2775898 missed {
 is already Found: false).
 Position: LorenzVec{x=8.375, y=134.09375, z=48.375}
 DistanceC: 18.81398733646999
Relative Position: LorenzVec{x=-18.81398733646999, y=128.5986853796702, z=-11.734606219222748}
 }
10:30:15 `Slime`2775905 missed {
 is already Found: false).
 Position: LorenzVec{x=6.40625, y=139.75, z=48.375}
 DistanceC: 20.78273733646999
Relative Position: LorenzVec{x=-20.78273733646999, y=134.2549353796702, z=-11.734606219222748}
 }
10:30:15 `Slime`2775906 missed {
 is already Found: false).
 Position: LorenzVec{x=7.59375, y=140.21875, z=47.78125}
 DistanceC: 19.59523733646999
Relative Position: LorenzVec{x=-19.59523733646999, y=134.7236853796702, z=-12.328356219222748}
 }
10:30:15 `Slime`2775907 missed {
 is already Found: false).
 Position: LorenzVec{x=6.15625, y=139.0, z=48.375}
 DistanceC: 21.03273733646999
Relative Position: LorenzVec{x=-21.03273733646999, y=133.5049353796702, z=-11.734606219222748}
 }
10:30:15 `Slime`2775908 missed {
 is already Found: false).
 Position: LorenzVec{x=8.09375, y=139.30208333333331, z=48.09375}
 DistanceC: 19.09523733646999
Relative Position: LorenzVec{x=-19.09523733646999, y=133.80701871300352, z=-12.015856219222748}
 }
10:30:15 `Slime`2775909 missed {
 is already Found: false).
 Position: LorenzVec{x=7.78125, y=139.09375, z=47.78125}
 DistanceC: 19.40773733646999
Relative Position: LorenzVec{x=-19.40773733646999, y=133.5986853796702, z=-12.328356219222748}
 }
10:30:19 `Bat`2775989 missed {
 is already Found: false).
 Position: LorenzVec{x=10.15625, y=131.0625, z=24.84375}
 DistanceC: 4.317598106253715
Relative Position: LorenzVec{x=4.317598106253715, y=1.0625, z=4.194025614598289}
 }
10:32:29 `8h9l0rday4`562 missed {
 is already Found: false).
 Position: LorenzVec{x=-29.5, y=57.0, z=-90.5}
 DistanceC: 21.52004863549763
Relative Position: LorenzVec{x=-21.52004863549763, y=-13.0, z=-9.348350870304358}
 }
10:32:29 `Villager`348 missed {
 is already Found: false).
 Position: LorenzVec{x=-25.6875, y=68.0, z=-103.09375}
 DistanceC: 21.94210087030436
Relative Position: LorenzVec{x=-17.70754863549763, y=-2.0, z=-21.94210087030436}
 }
10:32:29 `ao96978vup`415 missed {
 is already Found: false).
 Position: LorenzVec{x=-31.0, y=73.0, z=-95.5}
 DistanceC: 23.02004863549763
Relative Position: LorenzVec{x=-23.02004863549763, y=3.0, z=-14.348350870304358}
 }
10:32:30 `d3cs3v43hy`17 missed {
 is already Found: false).
 Position: LorenzVec{x=4.5, y=72.0, z=-104.5}
 DistanceC: 23.34835087030436
Relative Position: LorenzVec{x=12.479951364502371, y=2.0, z=-23.34835087030436}
 }
10:32:46 `453kipm073`239 missed {
 is already Found: false).
 Position: LorenzVec{x=-55.5, y=72.0, z=-56.5}
 DistanceC: 21.288277819250247
Relative Position: LorenzVec{x=-21.288277819250247, y=1.0, z=18.83421363245317}
 }
10:33:28 `Villager`350 missed {
 is already Found: false).
 Position: LorenzVec{x=-21.5, y=68.0, z=-124.5}
 DistanceC: 22.827623294241715
Relative Position: LorenzVec{x=-22.827623294241715, y=-4.0, z=-12.167212057686896}
 }
11:16:25 `Bat`5730478 missed {
 is already Found: false).
 Position: LorenzVec{x=10.09375, y=131.0, z=24.84375}
 DistanceC: 4.6247809685752275
Relative Position: LorenzVec{x=4.6247809685752275, y=1.0, z=4.121777717173789}
 }
11:18:43 `Bat`1763975 missed {
 is already Found: false).
 Position: LorenzVec{x=10.03125, y=131.0625, z=24.84375}
 DistanceC: 4.73997560686691
Relative Position: LorenzVec{x=4.73997560686691, y=1.0625, z=4.104643040194187}
 }
11:22:24 `Slime`1813511 missed {
 is already Found: false).
 Position: LorenzVec{x=4.625, y=134.09375, z=44.625}
 DistanceC: 18.309525041354796
Relative Position: LorenzVec{x=-0.7889989516330553, y=-5.876691480937438, z=18.309525041354796}
 }
11:22:24 `Slime`1800269 missed {
 is already Found: false).
 Position: LorenzVec{x=13.6875, y=139.0, z=44.90625}
 DistanceC: 18.401934547374292
Relative Position: LorenzVec{x=8.375084300029235, y=-0.77343275456235, z=18.401934547374292}
 }
11:22:24 `Slime`1815661 missed {
 is already Found: false).
 Position: LorenzVec{x=14.09375, y=139.0, z=45.53125}
 DistanceC: 19.026934547374292
Relative Position: LorenzVec{x=8.781334300029235, y=-0.77343275456235, z=19.026934547374292}
 }
11:22:24 `Slime`1806353 missed {
 is already Found: false).
 Position: LorenzVec{x=12.65625, y=140.28125, z=45.21875}
 DistanceC: 18.335929682888445
Relative Position: LorenzVec{x=7.547300218652704, y=1.1237249952609716, z=18.335929682888445}
 }
11:22:24 `Slime`1818564 missed {
 is already Found: false).
 Position: LorenzVec{x=13.322916666666666, y=135.19791666666666, z=45.21875}
 DistanceC: 18.335929682888445
Relative Position: LorenzVec{x=8.213966885319369, y=-3.9596083380723712, z=18.335929682888445}
 }
11:22:24 `Slime`1800270 missed {
 is already Found: false).
 Position: LorenzVec{x=6.15625, y=130.0, z=45.21875}
 DistanceC: 18.144998017340555
Relative Position: LorenzVec{x=1.146228192694064, y=-8.741574587805133, z=18.144998017340555}
 }
11:22:24 `Slime`1811451 missed {
 is already Found: false).
 Position: LorenzVec{x=8.6875, y=130.0, z=44.3125}
 DistanceC: 17.046360766280884
Relative Position: LorenzVec{x=3.7614419871241713, y=-8.25554316975041, z=17.046360766280884}
 }
11:22:25 `Slime`1813510 missed {
 is already Found: false).
 Position: LorenzVec{x=13.28125, y=135.0, z=45.3125}
 DistanceC: 17.394097138845886
Relative Position: LorenzVec{x=8.468022346711624, y=-0.6382227274986008, z=17.394097138845886}
 }
11:22:25 `Slime`1808668 missed {
 is already Found: false).
 Position: LorenzVec{x=0.40625, y=139.0, z=44.625}
 DistanceC: 16.596247283776908
Relative Position: LorenzVec{x=-4.4236028024639005, y=4.177741720171127, z=16.596247283776908}
 }
11:22:25 `Slime`1792196 missed {
 is already Found: false).
 Position: LorenzVec{x=10.3125, y=135.0, z=44.3125}
 DistanceC: 17.659684765620636
Relative Position: LorenzVec{x=3.493600946004565, y=-5.09935711385296, z=17.659684765620636}
 }
11:22:25 `Slime`1811452 missed {
 is already Found: false).
 Position: LorenzVec{x=14.375, y=139.0, z=48.15625}
 DistanceC: 21.976722553782608
Relative Position: LorenzVec{x=7.331804881983141, y=-0.9704414809374384, z=21.976722553782608}
 }
11:22:26 `Slime`1813514 missed {
 is already Found: false).
 Position: LorenzVec{x=0.28125, y=139.0, z=44.90625}
 DistanceC: 19.793549470922596
Relative Position: LorenzVec{x=-7.2207434722255295, y=5.0, z=19.793549470922596}
 }
11:22:27 `Slime`1802506 missed {
 is already Found: false).
 Position: LorenzVec{x=1.78125, y=139.3125, z=46.510416666666664}
 DistanceC: 21.39771613758926
Relative Position: LorenzVec{x=-5.7207434722255295, y=5.3125, z=21.39771613758926}
 }
11:22:27 `Slime`1818560 missed {
 is already Found: false).
 Position: LorenzVec{x=-2.375, y=139.90625, z=46.135416666666664}
 DistanceC: 21.02271613758926
Relative Position: LorenzVec{x=-9.876993472225529, y=5.90625, z=21.02271613758926}
 }
11:22:27 `Slime`1818559 missed {
 is already Found: false).
 Position: LorenzVec{x=8.0, y=135.94791666666666, z=46.416666666666664}
 DistanceC: 21.30396613758926
Relative Position: LorenzVec{x=0.4980065277744705, y=1.9479166666666572, z=21.30396613758926}
 }
11:22:28 `Slime`1815672 missed {
 is already Found: false).
 Position: LorenzVec{x=4.3125, y=139.0, z=44.3125}
 DistanceC: 19.199799470922596
Relative Position: LorenzVec{x=-3.1894934722255295, y=5.0, z=19.199799470922596}
 }
11:22:30 `Slime`1815662 missed {
 is already Found: false).
 Position: LorenzVec{x=4.3125, y=130.0, z=45.0}
 DistanceC: 19.887299470922596
Relative Position: LorenzVec{x=-3.1894934722255295, y=-4.0, z=19.887299470922596}
 }
11:22:30 `Slime`1763970 missed {
 is already Found: false).
 Position: LorenzVec{x=10.3125, y=135.0, z=46.6875}
 DistanceC: 21.574799470922596
Relative Position: LorenzVec{x=2.8105065277744705, y=1.0, z=21.574799470922596}
 }
11:22:31 `Slime`1811462 missed {
 is already Found: false).
 Position: LorenzVec{x=7.78125, y=139.0, z=46.59375}
 DistanceC: 21.481049470922596
Relative Position: LorenzVec{x=0.2792565277744705, y=5.0, z=21.481049470922596}
 }
11:22:34 `Slime`1763641 missed {
 is already Found: false).
 Position: LorenzVec{x=5.4375, y=134.0, z=44.21875}
 DistanceC: 19.106049470922596
Relative Position: LorenzVec{x=-2.0644934722255295, y=0.0, z=19.106049470922596}
 }
11:22:36 `Slime`1821687 missed {
 is already Found: false).
 Position: LorenzVec{x=7.78125, y=130.40625, z=46.5}
 DistanceC: 21.387299470922596
Relative Position: LorenzVec{x=0.2792565277744705, y=-3.59375, z=21.387299470922596}
 }
11:22:41 `Slime`1825144 missed {
 is already Found: false).
 Position: LorenzVec{x=11.8125, y=135.0, z=45.0}
 DistanceC: 19.887299470922596
Relative Position: LorenzVec{x=4.3105065277744705, y=1.0, z=19.887299470922596}
 }
11:22:41 `Slime`1806354 missed {
 is already Found: false).
 Position: LorenzVec{x=5.0625, y=130.0, z=44.96875}
 DistanceC: 19.856049470922596
Relative Position: LorenzVec{x=-2.4394934722255295, y=-4.0, z=19.856049470922596}
 }
11:22:46 `Slime`1821688 missed {
 is already Found: false).
 Position: LorenzVec{x=10.90625, y=140.1076388888889, z=45.80902777777777}
 DistanceC: 20.696327248700367
Relative Position: LorenzVec{x=3.4042565277744705, y=6.107638888888914, z=20.696327248700367}
 }
11:22:55 `Slime`1831438 missed {
 is already Found: false).
 Position: LorenzVec{x=4.625, y=134.26041666666669, z=45.73958333333333}
 DistanceC: 20.626882804255924
Relative Position: LorenzVec{x=-2.8769934722255295, y=0.2604166666666856, z=20.626882804255924}
 }
11:25:35 `bw2he8jzdp`163 missed {
 is already Found: false).
 Position: LorenzVec{x=-22.5, y=151.0, z=-49.5}
 DistanceC: 21.79268310427005
Relative Position: LorenzVec{x=-21.79268310427005, y=2.0, z=19.257112007464315}
 }
11:25:48 `5h9j4dl2i1`112 missed {
 is already Found: false).
 Position: LorenzVec{x=-6.5, y=145.0, z=-18.5}
 DistanceC: 6.147825955828758
Relative Position: LorenzVec{x=6.147825955828758, y=0.0, z=-1.2271766010278462}
 }
11:26:18 `5h9j4dl2i1`112 missed {
 is already Found: false).
 Position: LorenzVec{x=-6.5, y=145.0, z=-18.5}
 DistanceC: 19.6458483806858
Relative Position: LorenzVec{x=-19.6458483806858, y=0.0, z=-11.810985868635756}
 }
11:27:14 `ew062ayysd`113 missed {
 is already Found: false).
 Position: LorenzVec{x=84.0, y=224.0, z=-118.0}
 DistanceC: 0.40147106470388394
Relative Position: LorenzVec{x=0.40147106470388394, y=0.0, z=0.2204253175286368}
 }
11:27:38 `Villager`121 missed {
 is already Found: false).
 Position: LorenzVec{x=191.0, y=216.0, z=154.0}
 DistanceC: 14.832662136361506
Relative Position: LorenzVec{x=9.594550886917716, y=20.0, z=14.832662136361506}
 }
11:27:39 `97s03xvt47`148 missed {
 is already Found: false).
 Position: LorenzVec{x=181.5, y=196.0, z=135.5}
 DistanceC: 4.164747564985845
Relative Position: LorenzVec{x=-0.016197173129910425, y=0.0, z=-4.164747564985845}
 }
11:28:53 `990219r324`149 missed {
 is already Found: false).
 Position: LorenzVec{x=136.0, y=196.0, z=167.0}
 DistanceC: 17.06217956552767
Relative Position: LorenzVec{x=17.06217956552767, y=-9.27343275456235, z=-15.056293312026952}
 }
11:28:54 `7x69df83b8`111 missed {
 is already Found: false).
 Position: LorenzVec{x=126.5, y=195.0, z=195.5}
 DistanceC: 15.042030057300991
Relative Position: LorenzVec{x=7.8578859559788015, y=-0.0625, z=15.042030057300991}
 }
11:34:01 `7c7ip7j55p`140 missed {
 is already Found: false).
 Position: LorenzVec{x=122.0, y=192.0, z=148.0}
 DistanceC: 23.35492697349909
Relative Position: LorenzVec{x=1.0109904585686138, y=-3.0625, z=-23.35492697349909}
 }
11:34:01 `lxu6y4uaoy`141 missed {
 is already Found: false).
 Position: LorenzVec{x=137.0, y=192.0, z=148.0}
 DistanceC: 23.35492697349909
Relative Position: LorenzVec{x=16.010990458568614, y=-3.0625, z=-23.35492697349909}
 }
