21:11:24 [SKYMALL] §bNew day! §r§eYour §r§2Sky Mall §r§ebuff changed!
21:11:24 [SKYMALL] §eNew buff§r§r§r: §r§fGain §r§a5x §r§9Titanium §r§fdrops
21:11:24 [SKYMALL] §8§oYou can disable this messaging by toggling Sky Mall in your /hotm!
21:15:01 [SKYMALL] §bNew day! §r§eYour §r§2Sky Mall §r§ebuff changed!
21:15:01 [SKYMALL] §eNew buff§r§r§r: §r§fGain §r§a+15% §r§fmore Powder while mining.
21:15:01 [SKYMALL] §8§oYou can disable this messaging by toggling Sky Mall in your /hotm!
21:35:00 [SKYMALL] §bNew day! §r§eYour §r§2Sky Mall §r§ebuff changed!
21:35:00 [SKYMALL] §eNew buff§r§r§r: §r§fGain §r§a+15% §r§fmore Powder while mining.
21:35:00 [SKYMALL] §8§oYou can disable this messaging by toggling Sky Mall in your /hotm!
21:38:25 [GARDEN_VISITOR_MESSAGE] §e[NPC] §9Seymour§f: §r§fWanting to buy something from me? I got some pretty fancy tuxedos for sale, for a price of a small fortune.
21:38:57 [GARDEN_VISITOR_MESSAGE] §e[NPC] §9Seymour§f: §r§fWow, don't you look dashing with that! Pleasure doing business with you.
21:47:24 [COMPACT_POTION_EFFECT] §a§lBUFF! §fYou have gained §r§4Regeneration IV§r§f! Press TAB or type /effects to view your active effects!
21:47:24 [COMPACT_POTION_EFFECT] §a§lBUFF! §fYou have gained §r§4Strength V§r§f! Press TAB or type /effects to view your active effects!
21:47:24 [COMPACT_POTION_EFFECT] §a§lBUFF! §fYou have gained §r§4Critical III§r§f! Press TAB or type /effects to view your active effects!
21:47:24 [COMPACT_POTION_EFFECT] §a§lBUFF! §fYou have gained §r§9Speed IV§r§f! Press TAB or type /effects to view your active effects!
21:47:24 [COMPACT_POTION_EFFECT] §a§lBUFF! §fYou have gained §r§aResistance V§r§f! Press TAB or type /effects to view your active effects!
21:47:24 [COMPACT_POTION_EFFECT] §a§lBUFF! §fYou have gained §r§bArchery III§r§f! Press TAB or type /effects to view your active effects!
21:55:01 [SKYMALL] §bNew day! §r§eYour §r§2Sky Mall §r§ebuff changed!
21:55:01 [SKYMALL] §eNew buff§r§r§r: §r§fGain §r§6+100⸕ Mining Speed§r§f.
21:55:01 [SKYMALL] §8§oYou can disable this messaging by toggling Sky Mall in your /hotm!
22:15:02 [SKYMALL] §bNew day! §r§eYour §r§2Sky Mall §r§ebuff changed!
22:15:02 [SKYMALL] §eNew buff§r§r§r: §r§fGain §r§a+15% §r§fmore Powder while mining.
22:15:02 [SKYMALL] §8§oYou can disable this messaging by toggling Sky Mall in your /hotm!
22:30:19 [HOPPITY_EGG] §cYou have already collected this Chocolate Dinner Egg§r§c! Try again when it respawns!
22:30:20 [HOPPITY_EGG] §cYou have already collected this Chocolate Dinner Egg§r§c! Try again when it respawns!
22:35:01 [SKYMALL] §bNew day! §r§eYour §r§2Sky Mall §r§ebuff changed!
22:35:01 [SKYMALL] §eNew buff§r§r§r: §r§fGain §r§a5x §r§9Titanium §r§fdrops
22:35:01 [SKYMALL] §8§oYou can disable this messaging by toggling Sky Mall in your /hotm!
