21:11:21 §e[SkyHanni] New rabbits are available at §aHoppity's Shop§e!
§e[CLICK to warp to hub or disable this feature]§r
21:13:22 §e[SkyHanni] New rabbits are available at §aHoppity's Shop§e!
§e[CLICK to warp to hub or disable this feature]§r
21:15:23 §e[SkyHanni] New rabbits are available at §aHoppity's Shop§e!
§e[CLICK to warp to hub or disable this feature]§r
21:17:23 §e[SkyHanni] New rabbits are available at §aHoppity's Shop§e!
§e[CLICK to warp to hub or disable this feature]§r
21:19:24 §e[SkyHanni] New rabbits are available at §aHoppity's Shop§e!
§e[CLICK to warp to hub or disable this feature]§r
21:21:25 §e[SkyHanni] New rabbits are available at §aHoppity's Shop§e!
§e[CLICK to warp to hub or disable this feature]§r
21:23:26 §e[SkyHanni] New rabbits are available at §aHoppity's Shop§e!
§e[CLICK to warp to hub or disable this feature]§r
21:28:36 §e[SkyHanni] New rabbits are available at §aHoppity's Shop§e!
§e[CLICK to warp to hub or disable this feature]§r
21:30:36 §e[SkyHanni] New rabbits are available at §aHoppity's Shop§e!
§e[CLICK to warp to hub or disable this feature]§r
21:32:37 §e[SkyHanni] New rabbits are available at §aHoppity's Shop§e!
§e[CLICK to warp to hub or disable this feature]§r
21:34:37 §e[SkyHanni] New rabbits are available at §aHoppity's Shop§e!
§e[CLICK to warp to hub or disable this feature]§r
21:34:47 §c[SkyHanni-0.27]: Caught a IllegalStateException in HoppityAPI at LorenzChatEvent: Unknown meal: Déjeuner§c. Click here to copy the error into the clipboard.§r
21:36:38 §e[SkyHanni] New rabbits are available at §aHoppity's Shop§e!
§e[CLICK to warp to hub or disable this feature]§r
21:38:16 §e[SkyHanni] §aWeaponsmith §eis visiting your garden!§r
21:38:16 §e[SkyHanni] §aRhys §eis visiting your garden!§r
21:38:16 §e[SkyHanni] §9Seymour §eis visiting your garden!§r
21:38:16 §e[SkyHanni] §aXalx §eis visiting your garden!§r
21:38:16 §e[SkyHanni] §aStella §eis visiting your garden!§r
21:38:39 §e[SkyHanni] New rabbits are available at §aHoppity's Shop§e!
§e[CLICK to warp to hub or disable this feature]§r
21:42:38 §e[SkyHanni] New rabbits are available at §aHoppity's Shop§e!
§e[CLICK to warp to hub or disable this feature]§r
21:47:24 §a§lPotion Effect! §r§4Regeneration IV§r
21:47:24 §a§lPotion Effect! §r§4Strength V§r
21:47:24 §a§lPotion Effect! §r§4Critical III§r
21:47:24 §a§lPotion Effect! §r§9Speed IV§r
21:47:24 §a§lPotion Effect! §r§aResistance V§r
21:47:24 §a§lPotion Effect! §r§bArchery III§r
21:55:02 §e[SkyHanni] You are close to the Croesus Limit. Please open your chests!§r
21:55:02 §e[SkyHanni] New rabbits are available at §aHoppity's Shop§e!
§e[CLICK to warp to hub or disable this feature]§r
22:02:17 §e[SkyHanni] New rabbits are available at §aHoppity's Shop§e!
§e[CLICK to warp to hub or disable this feature]§r
22:04:18 §e[SkyHanni] New rabbits are available at §aHoppity's Shop§e!
§e[CLICK to warp to hub or disable this feature]§r
22:15:15 §e[SkyHanni] You are close to the Croesus Limit. Please open your chests!§r
22:15:15 §e[SkyHanni] New rabbits are available at §aHoppity's Shop§e!
§e[CLICK to warp to hub or disable this feature]§r
22:26:02 §e[SkyHanni] Low on arrows §e(500 left)§r
22:26:19 §e[SkyHanni] You are close to the Croesus Limit. Please open your chests!§r
22:26:20 §e[SkyHanni] New rabbits are available at §aHoppity's Shop§e!
§e[CLICK to warp to hub or disable this feature]§r
22:26:41 §c[SkyHanni-0.27]: Caught a IllegalStateException in HoppityEggsManager at LorenzChatEvent: Unknown meal: Déjeuner§c. Click here to copy the error into the clipboard.§r
22:28:20 §e[SkyHanni] New rabbits are available at §aHoppity's Shop§e!
§e[CLICK to warp to hub or disable this feature]§r
22:28:59 §e[SkyHanni] Click here to share the location of this chocolate egg with the server!§r
22:30:19 §e[SkyHanni] §eNext egg available in §b2m 10s§e.§r
22:30:20 §e[SkyHanni] §eNext egg available in §b2m 9s§e.§r
22:30:21 §e[SkyHanni] New rabbits are available at §aHoppity's Shop§e!
§e[CLICK to warp to hub or disable this feature]§r
22:30:34 §e[SkyHanni] Low on arrows §e(483 left)§r
22:31:11 §e[SkyHanni] Low on arrows §e(478 left)§r
22:31:56 §e[SkyHanni] Low on arrows §e(464 left)§r
22:32:26 §e[SkyHanni] Low on arrows §e(457 left)§r
22:32:57 §e[SkyHanni] Low on arrows §e(441 left)§r
22:33:41 §e[SkyHanni] Low on arrows §e(438 left)§r
22:34:58 §e[SkyHanni] Low on arrows §e(437 left)§r
22:36:25 §e[SkyHanni] Low on arrows §e(427 left)§r
22:36:56 §e[SkyHanni] Low on arrows §e(416 left)§r
22:37:41 §e[SkyHanni] Low on arrows §e(380 left)§r
22:38:22 §e[SkyHanni] Low on arrows §e(379 left)§r
22:40:41 §e[SkyHanni] Low on arrows §e(374 left)§r
22:41:24 §e[SkyHanni] Low on arrows §e(345 left)§r
22:41:54 §e[SkyHanni] Low on arrows §e(319 left)§r
22:42:04 §e[SkyHanni] You are close to the Croesus Limit. Please open your chests!§r
22:42:04 §e[SkyHanni] New rabbits are available at §aHoppity's Shop§e!
§e[CLICK to warp to hub or disable this feature]§r
22:44:04 §e[SkyHanni] New rabbits are available at §aHoppity's Shop§e!
§e[CLICK to warp to hub or disable this feature]§r
22:44:24 §e[SkyHanni] Low on arrows §e(310 left)§r
22:45:08 §e[SkyHanni] Low on arrows §e(300 left)§r
22:45:41 §e[SkyHanni] Low on arrows §e(290 left)§r
22:46:53 §e[SkyHanni] Low on arrows §e(279 left)§r
22:47:41 §e[SkyHanni] Low on arrows §e(265 left)§r
22:47:59 §e[SkyHanni] You are close to the Croesus Limit. Please open your chests!§r
22:47:59 §e[SkyHanni] New rabbits are available at §aHoppity's Shop§e!
§e[CLICK to warp to hub or disable this feature]§r
22:48:19 §e[SkyHanni] Low on arrows §e(253 left)§r
22:48:49 §e[SkyHanni] Low on arrows §e(230 left)§r
22:49:24 §e[SkyHanni] Low on arrows §e(222 left)§r
22:49:59 §e[SkyHanni] Low on arrows §e(221 left)§r
22:51:01 §e[SkyHanni] Low on arrows §e(216 left)§r
22:51:42 §e[SkyHanni] Low on arrows §e(198 left)§r
22:51:45 §e[SkyHanni] You are close to the Croesus Limit. Please open your chests!§r
22:51:45 §e[SkyHanni] New rabbits are available at §aHoppity's Shop§e!
§e[CLICK to warp to hub or disable this feature]§r
