22:09:14 Trying to load config from config\skyhanni\config.json
22:09:14 load-config-now
22:09:14 Loaded config from file
22:09:14 Trying to load sacks from config\skyhanni\sacks.json
22:09:14 load-sacks-now
22:09:14 Loaded sacks from file
22:09:14 Trying to load friends from config\skyhanni\friends.json
22:09:14 load-friends-now
22:09:14 Loaded friends from file
22:09:14 Trying to load known_features from config\skyhanni\known_features.json
22:09:14 load-known_features-now
22:09:14 Loaded known_features from file
22:09:14 Trying to load jacob_contests from config\skyhanni\jacob_contests.json
22:09:14 load-jacob_contests-now
22:09:14 Loaded jacob_contests from file
22:09:14 Trying to load visual_words from config\skyhanni\visual_words.json
22:09:14 Setting visual_words to be blank as it did not exist. It will be saved once something is written to it
22:10:14 saveConfig: auto-save-60s
22:10:14 Saving config file
22:10:22 saveConfig: Updated known feature flags
22:10:22 Saving known_features file
22:10:26 saveConfig: Save file
22:10:26 Saving friends file
22:11:14 saveConfig: auto-save-60s
22:11:14 Saving config file
22:12:14 saveConfig: auto-save-60s
22:12:14 Saving config file
22:13:14 saveConfig: auto-save-60s
22:13:14 Saving config file
22:14:14 saveConfig: auto-save-60s
22:14:14 Saving config file
22:15:14 saveConfig: auto-save-60s
22:15:14 Saving config file
22:16:14 saveConfig: auto-save-60s
22:16:14 Saving config file
22:17:14 saveConfig: auto-save-60s
22:17:14 Saving config file
22:18:14 saveConfig: auto-save-60s
22:18:14 Saving config file
22:19:14 saveConfig: auto-save-60s
22:19:14 Saving config file
22:20:14 saveConfig: auto-save-60s
22:20:14 Saving config file
22:21:14 saveConfig: auto-save-60s
22:21:14 Saving config file
22:22:14 saveConfig: auto-save-60s
22:22:14 Saving config file
22:23:14 saveConfig: auto-save-60s
22:23:14 Saving config file
22:24:14 saveConfig: auto-save-60s
22:24:14 Saving config file
22:25:14 saveConfig: auto-save-60s
22:25:14 Saving config file
22:26:14 saveConfig: auto-save-60s
22:26:14 Saving config file
22:27:14 saveConfig: auto-save-60s
22:27:14 Saving config file
22:28:14 saveConfig: auto-save-60s
22:28:14 Saving config file
22:29:14 saveConfig: auto-save-60s
22:29:14 Saving config file
22:30:14 saveConfig: auto-save-60s
22:30:14 Saving config file
22:31:14 saveConfig: auto-save-60s
22:31:14 Saving config file
22:31:23 saveConfig: saving-data
22:31:23 Saving sacks file
22:32:12 saveConfig: shutdown-hook
22:32:12 Saving config file
