23:09:55 [allowed] §f §r§r§r§f §r§r§r§1 §r§r§r§0 §r§r§r§2 §r§r§r§f §r§r§r§f §r§r§r§2 §r§r§r§0 §r§r§r§4 §r§r§r§3 §r§r§r§9 §r§r§r§2 §r§r§r§0 §r§r§r§0 §r§r§r§3 §r§r§r§9 §r§r§r§2 §r§r§r§0 §r§r§r§0 §r§r§r§3 §r§r§r§9 §r§r§r§2 §r§r§r§0 §r§r§r§0 
23:09:55 [allowed] §b[MVP§f+§b] Firemage_X§f §6joined the lobby!
23:09:56 [allowed] §aYou have §b21 §aunclaimed leveling rewards!
23:09:56 [allowed] §eClick here to view them!
23:09:56 [allowed] §aYou have §68 §aunclaimed achievement rewards!
23:09:56 [allowed] §eClick here to view them!
23:09:57 [allowed] §b[MVP§a+§b] DeadlyDuqn§f §6joined the lobby!
23:09:59 [allowed] §7ZenqiNA§7§r§7: hi
23:10:00 [allowed] §7Sending to server mini187CT...
23:10:01 [allowed] §8 §r§8 §r§1 §r§3 §r§3 §r§7 §r§8 
23:10:03 [allowed] §cYou may only use this command after 4s on the server!
23:10:03 [allowed] 
23:10:03 [allowed] §eWelcome to §r§aHypixel SkyBlock§r§e!
23:10:03 [allowed] 
23:10:03 [allowed] §eLatest update: §bSkyBlock v0.20.8 §e§lCLICK
23:10:04 [allowed] §aYou are playing on profile: §ePineapple§b (Co-op)
23:10:04 [allowed] §8Profile ID: 6accdd30-5c34-4840-99a1-da8b87d5f229
23:10:05 [allowed] §6§lALLOWANCE! §r§eYou earned §r§650,000 coins§r§e!
23:10:06 [allowed] §bNew day! §r§eYour §r§2Sky Mall §r§ebuff changed!
23:10:06 [allowed] §eNew buff§r§r§r: §r§fGain §r§6+100⸕ Mining Speed§r§f.
23:13:44 [allowed] §5§l✯ §r§eA §r§5Fallen Star §r§ehas crashed at §r§bRoyal Mines§r§e! Nearby ore and Powder drops are amplified!
23:13:49 [allowed] §6The sound of pickaxes clashing against the rock has attracted the attention of the §r§6§lPOWDER GHAST!
23:13:49 [allowed] §eFind the §r§6Powder Ghast§r§e near the §r§bDivan's Gateway§r§e!
23:14:40 [allowed] §6[Bazaar] §r§7Putting goods in escrow...
23:14:40 [allowed] §6[Bazaar] §r§7Submitting buy order...
23:14:40 [allowed] §6[Bazaar] §r§7§r§eBuy Order Setup! §r§a71,680§r§7x §r§fNether Quartz §r§7for §r§6831,488 coins§r§7.
23:15:02 [allowed] §bNew day! §r§eYour §r§2Sky Mall §r§ebuff changed!
23:15:02 [allowed] §eNew buff§r§r§r: §r§fGain §r§a+15% §r§fmore Powder while mining.
23:15:04 [allowed] §aYou earned §r§2173 GEXP §r§afrom playing SkyBlock!
23:15:27 [allowed] §cYou don't have enough Gemstone Powder!
23:15:27 [allowed] §cYou don't have enough Gemstone Powder!
23:15:34 [allowed] §7Warping...
23:15:35 [allowed] §7Sending to server mini90AT...
23:15:35 [allowed] §8 §r§8 §r§1 §r§3 §r§3 §r§7 §r§8 
23:15:38 [allowed] §aYou are playing on profile: §ePineapple§b (Co-op)
23:15:38 [allowed] §8Profile ID: 6accdd30-5c34-4840-99a1-da8b87d5f229
23:15:43 [allowed] §7Warping...
23:16:14 [allowed] §6[Sacks] §r§a+20,683§r§e items§r§e.§r§8 (Last 30s.)
23:16:24 [allowed] §6[Sacks] §r§a+85§r§e items§r§e.§r§8 (Last 9s.)
23:16:27 [allowed] §e✆ RING... 
23:16:28 [allowed] §e✆ RING... RING... 
23:16:28 [allowed] §e✆ RING... RING... RING... 
23:16:31 [allowed] §eYou selected the §r§aForceful §r§epower for your §r§aAccessory Bag§r§e!
23:16:58 [allowed] §a§lUNCOMMON DROP! §r§eDicer dropped §r§a4x §r§aEnchanted Melon§r§e!
23:17:13 [allowed] §6[Sacks] §r§a+264§r§e items§r§e.§r§8 (Last 19s.)
23:17:19 [allowed] §a§lUNCOMMON DROP! §r§eDicer dropped §r§a4x §r§aEnchanted Melon§r§e!
23:17:25 [allowed] §6§lGROSS! §7A §2Pest §7has appeared in §aPlot §7- §b5§7!
23:17:25 [allowed]   §r§e§lCLICK HERE §eto teleport to the plot!
23:17:39 [allowed] §6[Auction] §akhushuu §ebought §fJaded Sorrow Chestplate §efor §68,200,000 coins §lCLICK
23:17:44 [allowed] §6[Sacks] §r§a+557§r§e items§r§e.§r§8 (Last 30s.)
23:17:50 [allowed] §a§lUNCOMMON DROP! §r§eDicer dropped §r§a4x §r§aEnchanted Melon§r§e!
23:18:06 [allowed] §a§lUNCOMMON DROP! §r§eDicer dropped §r§a4x §r§aEnchanted Melon§r§e!
23:18:15 [allowed] §6[Sacks] §r§a+626§r§e items§r§e.§r§8 (Last 30s.)
23:18:30 [allowed] §a§lUNCOMMON DROP! §r§eDicer dropped §r§a4x §r§aEnchanted Melon§r§e!
23:18:46 [allowed] §6[Sacks] §r§a+622§r§e items§r§e.§r§8 (Last 30s.)
23:18:47 [allowed] §a§lUNCOMMON DROP! §r§eDicer dropped §r§a4x §r§aEnchanted Melon§r§e!
23:18:59 [allowed] §3§l▬▬▬▬▬▬▬▬▬▬▬▬▬▬▬▬▬▬▬▬▬▬▬▬▬▬▬▬▬▬▬▬▬▬▬▬▬▬▬▬▬▬▬▬▬▬▬▬▬▬▬▬▬▬▬▬▬▬▬▬▬▬▬▬
23:18:59 [allowed]   §r§b§lSKILL LEVEL UP §3Farming §8XXXV➜§3XXXVI
23:18:59 [allowed] 
23:18:59 [allowed]   §r§a§lREWARDS
23:18:59 [allowed]    §r§eFarmhand XXXVI
23:18:59 [allowed]    §r  §7§fGrants §a+§8140➜§a144§f §6☘ Farming Fortune§f, which increases your
23:18:59 [allowed]    §r  §fchance for multiple crops.
23:18:59 [allowed]    §r§7§8+§a5 §c❤ Health
23:18:59 [allowed]    §r§7§8+§6500,000 §7Coins
23:18:59 [allowed]    §r§7§8+§b20 SkyBlock XP
23:18:59 [allowed] §3§l▬▬▬▬▬▬▬▬▬▬▬▬▬▬▬▬▬▬▬▬▬▬▬▬▬▬▬▬▬▬▬▬▬▬▬▬▬▬▬▬▬▬▬▬▬▬▬▬▬▬▬▬▬▬▬▬▬▬▬▬▬▬▬▬
23:19:01 [allowed]  
23:19:01 [allowed] §f                          §r§3§lSKYBLOCK LEVEL UP
23:19:01 [allowed] §f                             §r§2Level §r§8166 ➡ §r§8[§r§2167§r§8]
23:19:01 [allowed]  
23:19:01 [allowed] §f                                  §r§6§lREWARDS
23:19:01 [allowed] §f                                 §r§8+§r§a5 §r§c❤ Health
23:19:01 [allowed]  
23:19:06 [allowed] §a§lUNCOMMON DROP! §r§eDicer dropped §r§a4x §r§aEnchanted Melon§r§e!
23:19:15 [allowed] §6[Sacks] §r§a+407§r§e items§r§e.§r§8 (Last 27s.)
23:19:18 [allowed] §a§lUNCOMMON DROP! §r§eDicer dropped §r§a4x §r§aEnchanted Melon§r§e!
23:19:36 [allowed] §a§lUNCOMMON DROP! §r§eDicer dropped §r§a4x §r§aEnchanted Melon§r§e!
23:19:36 [allowed] §3§l▬▬▬▬▬▬▬▬▬▬▬▬▬▬▬▬▬▬▬▬▬▬▬▬▬▬▬▬▬▬▬▬▬▬▬▬▬▬▬▬▬▬▬▬▬▬▬▬▬▬▬▬▬▬▬▬▬▬▬▬▬▬▬▬
23:19:36 [allowed]   §r§b§lGARDEN MILESTONE §3Melon §8XX➜§3XXI
23:19:36 [allowed]   §r§6Milestone XXII in §r§a2.5M Melons
23:19:36 [allowed] 
23:19:36 [allowed]   §r§a§lREWARDS
23:19:36 [allowed]     §r§8+§r§2210 §r§7Garden Experience
23:19:36 [allowed]     §r§8+§r§350,000 §r§7Farming Experience
23:19:36 [allowed]     §r§8+§r§b1 SkyBlock XP
23:19:36 [allowed] §3§l▬▬▬▬▬▬▬▬▬▬▬▬▬▬▬▬▬▬▬▬▬▬▬▬▬▬▬▬▬▬▬▬▬▬▬▬▬▬▬▬▬▬▬▬▬▬▬▬▬▬▬▬▬▬▬▬▬▬▬▬▬▬▬▬
23:19:47 [allowed] §6[Sacks] §r§a+621§r§e items§r§e.§r§8 (Last 30s.)
23:19:58 [allowed] §a§lUNCOMMON DROP! §r§eDicer dropped §r§a4x §r§aEnchanted Melon§r§e!
23:20:07 [allowed] §aFriend > §r§bChipodle §r§ejoined.
23:20:18 [allowed] §6[Sacks] §r§a+590§r§e items§r§e.§r§8 (Last 30s.)
23:20:21 [NEW_VISITOR_ARRIVED] §9§r§9Gwendolyn §r§ehas arrived on your §r§aGarden§r§e!
23:20:24 [allowed] §a§lUNCOMMON DROP! §r§eDicer dropped §r§a4x §r§aEnchanted Melon§r§e!
23:20:38 [allowed] §aYou earned §r§2563 GEXP §r§afrom playing SkyBlock!
23:20:49 [allowed] §9§lRARE DROP! §r§eDicer dropped §r§a16x §r§aEnchanted Melon§r§e!
23:20:49 [allowed] §6[Sacks] §r§a+624§r§e items§r§e.§r§8 (Last 30s.)
23:20:58 [allowed] §9§lRARE DROP! §r§eDicer dropped §r§a16x §r§aEnchanted Melon§r§e!
23:21:20 [allowed] §6[Sacks] §r§a+624§r§e items§r§e.§r§8 (Last 30s.)
23:21:29 [allowed] §a§lUNCOMMON DROP! §r§eDicer dropped §r§a4x §r§aEnchanted Melon§r§e!
23:21:52 [allowed] §6[Sacks] §r§a+595§r§e items§r§e.§r§8 (Last 30s.)
23:22:10 [allowed] §9§lRARE DROP! §r§eDicer dropped §r§a16x §r§aEnchanted Melon§r§e!
23:22:11 [allowed] §a§lUNCOMMON DROP! §r§eDicer dropped §r§a4x §r§aEnchanted Melon§r§e!
23:22:20 [allowed] §a§lUNCOMMON DROP! §r§eDicer dropped §r§a4x §r§aEnchanted Melon§r§e!
23:22:23 [allowed] §6[Sacks] §r§a+622§r§e items§r§e.§r§8 (Last 30s.)
23:22:26 [allowed] §6§lGROSS! §7A §2Pest §7has appeared in §aPlot §7- §b13§7!
23:22:26 [allowed]   §r§e§lCLICK HERE §eto teleport to the plot!
23:22:42 [allowed] §a§lUNCOMMON DROP! §r§eDicer dropped §r§a4x §r§aEnchanted Melon§r§e!
23:22:54 [allowed] §6[Sacks] §r§a+587§r§e items§r§e.§r§8 (Last 30s.)
23:23:25 [allowed] §6[Sacks] §r§a+624§r§e items§r§e.§r§8 (Last 30s.)
23:23:39 [allowed] §a§lUNCOMMON DROP! §r§eDicer dropped §r§a4x §r§aEnchanted Melon§r§e!
23:23:47 [allowed] §9§lRARE DROP! §r§eDicer dropped §r§a16x §r§aEnchanted Melon§r§e!
23:23:56 [allowed] §6[Sacks] §r§a+575§r§e items§r§e.§r§8 (Last 30s.)
23:24:15 [allowed] §a§lUNCOMMON DROP! §r§eDicer dropped §r§a4x §r§aEnchanted Melon§r§e!
23:24:20 [allowed] §9§lRARE DROP! §r§eDicer dropped §r§a16x §r§aEnchanted Melon§r§e!
23:24:27 [allowed] §6[Sacks] §r§a+621§r§e items§r§e.§r§8 (Last 30s.)
23:24:59 [allowed] §6[Sacks] §r§a+622§r§e items§r§e.§r§8 (Last 30s.)
23:25:00 [allowed] §9§lRARE DROP! §r§eDicer dropped §r§a16x §r§aEnchanted Melon§r§e!
23:25:03 [allowed] §a§lUNCOMMON DROP! §r§eDicer dropped §r§a4x §r§aEnchanted Melon§r§e!
23:25:06 [allowed] §c[Important] §r§eThis server will restart soon: §r§bScheduled Reboot
23:25:06 [allowed] §aThe server will reboot once the Jacob Contest is over.
23:25:26 [allowed] §a§lUNCOMMON DROP! §r§eDicer dropped §r§a4x §r§aEnchanted Melon§r§e!
23:25:30 [allowed] §6[Sacks] §r§a+435§r§e items§r§e.§r§8 (Last 30s.)
23:25:39 [allowed] §aYou earned §r§2750 GEXP §r§afrom playing SkyBlock!
23:25:40 [allowed] §a§lUNCOMMON DROP! §r§eDicer dropped §r§a4x §r§aEnchanted Melon§r§e!
23:26:00 [allowed] §9§lRARE DROP! §r§eDicer dropped §r§a16x §r§aEnchanted Melon§r§e!
23:26:01 [allowed] §6[Sacks] §r§a+521§r§e items§r§e.§r§8 (Last 30s.)
23:26:25 [allowed] §c ☠ §r§7You fell into the void§r§7.
23:26:25 [allowed] §cYour spawn location was obstructed so you were spawned at the highest non-obstructed point!
23:26:28 [allowed] §6[Sacks] §r§a+426§r§e items§r§e.§r§8 (Last 26s.)
23:27:05 [allowed] §6[Sacks] §r§a+604§r§e items§r§e.§r§8 (Last 30s.)
23:27:20 [allowed] §a§lUNCOMMON DROP! §r§eDicer dropped §r§a4x §r§aEnchanted Melon§r§e!
23:27:36 [allowed] §6[Sacks] §r§a+617§r§e items§r§e.§r§8 (Last 30s.)
23:27:52 [allowed] §6§lGROSS! §7A §2Pest §7has appeared in §aPlot §7- §b13§7!
23:27:52 [allowed]   §r§e§lCLICK HERE §eto teleport to the plot!
23:28:07 [allowed] §6[Sacks] §r§a+549§r§e items§r§e.§r§8 (Last 30s.)
23:28:38 [allowed] §6[Sacks] §r§a+620§r§e items§r§e.§r§8 (Last 30s.)
23:28:54 [allowed] §a§lUNCOMMON DROP! §r§eDicer dropped §r§a4x §r§aEnchanted Melon§r§e!
23:28:55 [allowed] §a§lUNCOMMON DROP! §r§eDicer dropped §r§a4x §r§aEnchanted Melon§r§e!
23:29:09 [allowed] §9§lRARE DROP! §r§eDicer dropped §r§a16x §r§aEnchanted Melon§r§e!
23:29:09 [allowed] §6[Sacks] §r§a+513§r§e items§r§e.§r§8 (Last 30s.)
23:29:19 [allowed] §a§lUNCOMMON DROP! §r§eDicer dropped §r§a4x §r§aEnchanted Melon§r§e!
23:29:40 [allowed] §6[Sacks] §r§a+617§r§e items§r§e.§r§8 (Last 30s.)
23:29:54 [allowed] §a§lUNCOMMON DROP! §r§eDicer dropped §r§a4x §r§aEnchanted Melon§r§e!
23:30:06 [allowed] §a§lUNCOMMON DROP! §r§eDicer dropped §r§a4x §r§aEnchanted Melon§r§e!
23:30:11 [allowed] §6[Sacks] §r§a+618§r§e items§r§e.§r§8 (Last 30s.)
23:30:23 [allowed] §6[Sacks] §r§a+128§r§e items§r§e.§r§8 (Last 11s.)
23:30:35 [allowed] §a§lUNCOMMON DROP! §r§eDicer dropped §r§a4x §r§aEnchanted Melon§r§e!
23:30:40 [allowed] §aYou earned §r§2750 GEXP §r§afrom playing SkyBlock!
23:30:55 [allowed] §a§lUNCOMMON DROP! §r§eDicer dropped §r§a4x §r§aEnchanted Melon§r§e!
23:30:56 [allowed] §6[Sacks] §r§a+599§r§e items§r§e.§r§8 (Last 30s.)
23:31:01 [allowed] §a§lUNCOMMON DROP! §r§eDicer dropped §r§a4x §r§aEnchanted Melon§r§e!
23:31:28 [allowed] §6[Sacks] §r§a+618§r§e items§r§e.§r§8 (Last 30s.)
23:31:59 [allowed] §6[Sacks] §r§a+565§r§e items§r§e.§r§8 (Last 30s.)
23:32:08 [allowed] §a§lUNCOMMON DROP! §r§eDicer dropped §r§a4x §r§aEnchanted Melon§r§e!
23:32:14 [allowed] §a§lUNCOMMON DROP! §r§eDicer dropped §r§a4x §r§aEnchanted Melon§r§e!
23:32:30 [allowed] §6[Sacks] §r§a+621§r§e items§r§e.§r§8 (Last 30s.)
23:32:33 [allowed] §9§lRARE DROP! §r§eDicer dropped §r§a16x §r§aEnchanted Melon§r§e!
23:32:34 [allowed] §a§lUNCOMMON DROP! §r§eDicer dropped §r§a4x §r§aEnchanted Melon§r§e!
23:32:57 [allowed] §6[Sacks] §r§a+438§r§e items§r§e.§r§8 (Last 26s.)
23:32:59 [allowed] §6§lGROSS! §7A §2Pest §7has appeared in §aPlot §7- §b13§7!
23:32:59 [allowed]   §r§4§lൠ §6☘ Farming Fortune §7has been reduced by §45%§7!
23:32:59 [allowed]   §r§e§lCLICK HERE §eto teleport to the plot!
23:33:26 [allowed] §a§lUNCOMMON DROP! §r§eDicer dropped §r§a4x §r§aEnchanted Melon§r§e!
23:33:28 [allowed] §6[Sacks] §r§a+606§r§e items§r§e.§r§8 (Last 30s.)
23:33:32 [allowed] §a§lUNCOMMON DROP! §r§eDicer dropped §r§a4x §r§aEnchanted Melon§r§e!
23:33:34 [allowed] §9§lRARE DROP! §r§eDicer dropped §r§a16x §r§aEnchanted Melon§r§e!
23:33:45 [allowed] §a§lUNCOMMON DROP! §r§eDicer dropped §r§a4x §r§aEnchanted Melon§r§e!
23:33:56 [allowed] §a§lUNCOMMON DROP! §r§eDicer dropped §r§a4x §r§aEnchanted Melon§r§e!
23:33:59 [allowed] §6[Sacks] §r§a+621§r§e items§r§e.§r§8 (Last 30s.)
23:34:27 [allowed] §a§lUNCOMMON DROP! §r§eDicer dropped §r§a4x §r§aEnchanted Melon§r§e!
23:34:30 [allowed] §6[Sacks] §r§a+589§r§e items§r§e.§r§8 (Last 30s.)
23:35:01 [allowed] §6[Sacks] §r§a+623§r§e items§r§e.§r§8 (Last 30s.)
23:35:01 [allowed] §e[NPC] Jacob§r§f: The Farming Contest is over!
23:35:01 [allowed] §e[NPC] Jacob§r§f: Let me count the final results eh?
23:35:01 [SKYMALL] §bNew day! §r§eYour §r§2Sky Mall §r§ebuff changed!
23:35:01 [SKYMALL] §eNew buff§r§r§r: §r§fGain §r§6+100⸕ Mining Speed§r§f.
23:35:01 [SKYMALL] §8§oYou can disable this messaging by toggling Sky Mall in your /hotm!
23:35:04 [allowed] §e[NPC] Jacob§f: §rYou placed in the §f§lSILVER §fbracket in the §aMelon Contest§f!
23:35:06 [allowed] §7Warping...
23:35:07 [allowed] §7Sending to server mini40AB...
23:35:07 [allowed] §8 §r§8 §r§1 §r§3 §r§3 §r§7 §r§8 
23:35:10 [allowed] §aYou are playing on profile: §ePineapple§b (Co-op)
23:35:10 [allowed] §8Profile ID: 6accdd30-5c34-4840-99a1-da8b87d5f229
23:35:14 [allowed] §6[Bazaar] §r§7Executing instant sell...
23:35:14 [allowed] §6[Bazaar] §r§7Sold §r§a22§r§7x §r§aEnchanted Melon §r§7for §r§66,817.8 coins§r§7!
23:35:14 [allowed] §6[Bazaar] §r§7Sold §r§a38§r§7x §r§9Enchanted Melon Block §r§7for §r§61,886,569 coins§r§7!
23:35:14 [allowed] §6[Bazaar] §r§7Sold §r§a43§r§7x §r§fMelon §r§7for §r§630.1 coins§r§7!
23:35:17 [allowed] §7Warping...
23:35:18 [allowed] §7Sending to server mini63CE...
23:35:19 [allowed] §8 §r§8 §r§1 §r§3 §r§3 §r§7 §r§8 
23:35:22 [allowed] §aYou are playing on profile: §ePineapple§b (Co-op)
23:35:22 [allowed] §8Profile ID: 6accdd30-5c34-4840-99a1-da8b87d5f229
23:35:23 [allowed] §aTeleported you to §r§aThe Barn§r§a!
23:35:27 [GARDEN_VISITOR_MESSAGE] §e[NPC] §aFriendly Hiker§f: §r§fI'm planning to head back into the gorge to fetch my hiker friend, but I'll need some meat to cook before I head in there.
23:35:29 [GARDEN_VISITOR_MESSAGE] §e[NPC] §aFriendly Hiker§f: §r§fThat's alright. I can always head into the Oasis to hunt down some sheep.
23:35:31 [GARDEN_VISITOR_MESSAGE] §e[NPC] §aOdawa§f: §r§fI'm supposed to collect some food for the village, the Kalhuiki people have been through a tough time recently.
23:35:33 [NEW_VISITOR_ARRIVED] §6§r§6Madame Eleanor Q. Goldsworth III §r§ehas arrived on your §r§aGarden§r§e!
23:35:36 [GARDEN_VISITOR_MESSAGE] §e[NPC] §aOdawa§f: §r§fI guess I'll have to turn up empty-handed.
23:35:36 [GARDEN_VISITOR_MESSAGE] §e[NPC] §aFear Mongerer§f: §r§fMortal, the time of reckoning is near. The Past will light the future.
23:35:38 [GARDEN_VISITOR_MESSAGE] §e[NPC] §aFear Mongerer§f: §r§fSoon.
23:35:40 [GARDEN_VISITOR_MESSAGE] §e[NPC] §aLeo§f: §r§fSadly you can't gather logs in the §aThe Garden§f, however there are plenty of crops here!
23:35:49 [GARDEN_VISITOR_MESSAGE] §e[NPC] §6Madame Eleanor Q. Goldsworth III§f: §r§fI'm here to put a value on your farm. Bring me your fanciest crop.
23:36:02 [allowed] §6[Bazaar] §r§7Executing instant buy...
23:36:02 [allowed] §6[Bazaar] §r§7Bought §r§a19§r§7x §r§aEnchanted Golden Carrot §r§7for §r§61,414,577 coins§r§7!
23:36:09 [allowed] §6[Bazaar] §r§7Executing instant buy...
23:36:09 [allowed] §6[Bazaar] §r§7Bought §r§a1§r§7x §r§9Enchanted Hay Bale §r§7for §r§6152,625 coins§r§7!
23:36:11 [allowed] §6§lOFFER ACCEPTED §r§8with §r§6Madame Eleanor Q. Goldsworth III §r§8(§r§6§lLEGENDARY§r§8)
23:36:11 [allowed] 
23:36:11 [allowed]   §r§a§lREWARDS
23:36:11 [allowed]     §r§8+§r§275 §r§7Garden Experience
23:36:11 [allowed]     §r§8+§r§3117.2k §r§7Farming XP
23:36:11 [allowed]     §r§8+§r§c363 Copper
23:36:11 [allowed] 
23:36:11 [GARDEN_VISITOR_MESSAGE] §e[NPC] §6Madame Eleanor Q. Goldsworth III§f: §rTruly Magnificent! I value your farm at a minimum of §6110,000,100 §fcoins!
23:36:15 [allowed] §6§lOFFER ACCEPTED §r§8with §r§aLeo §r§8(§r§a§lUNCOMMON§r§8)
23:36:15 [allowed] 
23:36:15 [allowed]   §r§a§lREWARDS
23:36:15 [allowed]     §r§8+§r§215 §r§7Garden Experience
23:36:15 [allowed]     §r§8+§r§35.4k §r§7Farming XP
23:36:15 [allowed]     §r§8+§r§c18 Copper
23:36:15 [allowed] 
23:36:15 [GARDEN_VISITOR_MESSAGE] §e[NPC] §aLeo§f: §r§fUntil next time!
23:36:16 [GARDEN_VISITOR_MESSAGE] §e[NPC] §9Gwendolyn§f: §r§fI don't really have a sweet tooth, but chocolate is probably my favorite thing in this world. But the supply is really poor mostly because of the mines' lack of accessibility.
23:36:28 [allowed] §6[Bazaar] §r§7Executing instant buy...
23:36:28 [allowed] §6[Bazaar] §r§7Bought §r§a5§r§7x §r§9Enchanted Cookie §r§7for §r§6376,982 coins§r§7!
23:36:31 [allowed] §6§lOFFER ACCEPTED §r§8with §r§9Gwendolyn §r§8(§r§9§lRARE§r§8)
23:36:31 [allowed] 
23:36:31 [allowed]   §r§a§lREWARDS
23:36:31 [allowed]     §r§8+§r§230 §r§7Garden Experience
23:36:31 [allowed]     §r§8+§r§322.3k §r§7Farming XP
23:36:31 [allowed]     §r§8+§r§c60 Copper
23:36:31 [allowed]     §r§7§8+§2Crystal Hollows Pass
23:36:31 [allowed] 
23:36:31 [GARDEN_VISITOR_MESSAGE] §e[NPC] §9Gwendolyn§f: §r§fAmazing! I haven't eaten such chocolatey goodness in a long time...Maybe they should invest in that rusty old lift.
23:38:47 [allowed] Unknown command. Type "/help" for help. ('bits')
23:38:49 [allowed] §7Warping...
23:38:49 [allowed] §7Sending to server mini3CS...
23:38:49 [allowed] §8 §r§8 §r§1 §r§3 §r§3 §r§7 §r§8 
23:38:52 [allowed] §aYou are playing on profile: §ePineapple§b (Co-op)
23:38:52 [allowed] §8Profile ID: 6accdd30-5c34-4840-99a1-da8b87d5f229
23:39:00 [allowed] §dWarped to §r§bElection Room§r§d!
23:39:08 [allowed] §b-----------------------------------------------------
23:39:08 [allowed] §eYou voted for §r§bDiaz §r§ein the §r§bYear 387 Elections§r§e!
23:39:08 [allowed] §eAs a §bSettler§e, your vote counts for §a1§e.
23:39:08 [allowed] §b-----------------------------------------------------
23:39:19 [allowed] §e-----------------------------------------------------
23:39:19 [allowed] §eYou changed your vote to §r§eAatrox §r§ein the §r§bYear 387 Elections§r§e!
23:39:19 [allowed] §eAs a §bSettler§e, your vote counts for §a1§e.
23:39:19 [allowed] §e-----------------------------------------------------
23:39:21 [allowed] §dWarped to §r§bCommunity Center§r§d!
23:40:38 [allowed] §b-----------------------------------------------------
23:40:38 [allowed] §b[MVP§r§f+§r§b] Firemage_X§r§f §r§ecollected an auction for §r§68,118,000 coins§r§e!
23:40:38 [allowed] §b-----------------------------------------------------
23:40:38 [allowed] §eYou collected §r§68,118,000 coins §r§efrom selling §r§f§r§6Jaded Sorrow Chestplate §r§eto §r§a[VIP§r§6+§r§a] khushuu §r§ein an auction!
