12:13:01 Trying to load config from config\skyhanni\config.json
12:13:01 load-config-now
12:13:01 Loaded config from file
12:13:01 Trying to load sacks from config\skyhanni\sacks.json
12:13:01 load-sacks-now
12:13:01 Loaded sacks from file
12:13:01 Trying to load friends from config\skyhanni\friends.json
12:13:01 load-friends-now
12:13:01 Loaded friends from file
12:13:01 Trying to load known_features from config\skyhanni\known_features.json
12:13:01 load-known_features-now
12:13:01 Loaded known_features from file
12:13:01 Trying to load jacob_contests from config\skyhanni\jacob_contests.json
12:13:01 load-jacob_contests-now
12:13:01 Loaded jacob_contests from file
12:13:01 Trying to load visual_words from config\skyhanni\visual_words.json
12:13:01 Setting visual_words to be blank as it did not exist. It will be saved once something is written to it
12:14:01 saveConfig: auto-save-60s
12:14:01 Saving config file
12:14:49 saveConfig: Updated known feature flags
12:14:49 Saving known_features file
12:14:51 saveConfig: Save file
12:14:51 Saving friends file
12:15:01 saveConfig: auto-save-60s
12:15:01 Saving config file
12:16:01 saveConfig: auto-save-60s
12:16:01 Saving config file
12:17:01 saveConfig: auto-save-60s
12:17:01 Saving config file
12:18:01 saveConfig: auto-save-60s
12:18:01 Saving config file
12:19:01 saveConfig: auto-save-60s
12:19:01 Saving config file
12:20:01 saveConfig: auto-save-60s
12:20:01 Saving config file
12:21:01 saveConfig: auto-save-60s
12:21:01 Saving config file
12:22:01 saveConfig: auto-save-60s
12:22:01 Saving config file
12:23:01 saveConfig: auto-save-60s
12:23:01 Saving config file
12:24:01 saveConfig: auto-save-60s
12:24:01 Saving config file
12:25:01 saveConfig: auto-save-60s
12:25:01 Saving config file
12:26:01 saveConfig: auto-save-60s
12:26:01 Saving config file
12:27:01 saveConfig: auto-save-60s
12:27:01 Saving config file
12:28:01 saveConfig: auto-save-60s
12:28:01 Saving config file
12:29:01 saveConfig: auto-save-60s
12:29:01 Saving config file
12:30:01 saveConfig: auto-save-60s
12:30:01 Saving config file
12:31:01 saveConfig: auto-save-60s
12:31:01 Saving config file
12:32:01 saveConfig: auto-save-60s
12:32:01 Saving config file
12:32:16 saveConfig: saving-data
12:32:16 Saving sacks file
12:33:01 saveConfig: auto-save-60s
12:33:01 Saving config file
12:33:16 saveConfig: saving-data
12:33:16 Saving sacks file
12:34:01 saveConfig: auto-save-60s
12:34:01 Saving config file
12:34:17 saveConfig: saving-data
12:34:17 Saving sacks file
12:34:23 saveConfig: saving-data
12:34:23 Saving sacks file
12:34:43 saveConfig: saving-data
12:34:43 Saving sacks file
12:35:01 saveConfig: auto-save-60s
12:35:01 Saving config file
12:36:01 saveConfig: auto-save-60s
12:36:01 Saving config file
12:37:01 saveConfig: auto-save-60s
12:37:01 Saving config file
12:38:01 saveConfig: auto-save-60s
12:38:01 Saving config file
12:39:01 saveConfig: auto-save-60s
12:39:01 Saving config file
12:40:01 saveConfig: auto-save-60s
12:40:01 Saving config file
12:41:01 saveConfig: auto-save-60s
12:41:01 Saving config file
12:42:01 saveConfig: auto-save-60s
12:42:01 Saving config file
12:43:01 saveConfig: auto-save-60s
12:43:01 Saving config file
12:44:01 saveConfig: auto-save-60s
12:44:01 Saving config file
12:45:01 saveConfig: auto-save-60s
12:45:01 Saving config file
12:46:01 saveConfig: auto-save-60s
12:46:01 Saving config file
12:47:01 saveConfig: auto-save-60s
12:47:01 Saving config file
12:48:01 saveConfig: auto-save-60s
12:48:01 Saving config file
12:49:01 saveConfig: auto-save-60s
12:49:01 Saving config file
12:50:01 saveConfig: auto-save-60s
12:50:01 Saving config file
12:51:01 saveConfig: auto-save-60s
12:51:01 Saving config file
12:52:01 saveConfig: auto-save-60s
12:52:01 Saving config file
12:53:01 saveConfig: auto-save-60s
12:53:01 Saving config file
12:54:01 saveConfig: auto-save-60s
12:54:01 Saving config file
12:55:01 saveConfig: auto-save-60s
12:55:01 Saving config file
12:56:01 saveConfig: auto-save-60s
12:56:01 Saving config file
12:57:01 saveConfig: auto-save-60s
12:57:01 Saving config file
12:58:01 saveConfig: auto-save-60s
12:58:01 Saving config file
12:59:01 saveConfig: auto-save-60s
12:59:01 Saving config file
13:00:01 saveConfig: auto-save-60s
13:00:01 Saving config file
13:01:01 saveConfig: auto-save-60s
13:01:01 Saving config file
13:02:01 saveConfig: auto-save-60s
13:02:01 Saving config file
13:03:01 saveConfig: auto-save-60s
13:03:01 Saving config file
13:04:01 saveConfig: auto-save-60s
13:04:01 Saving config file
13:05:01 saveConfig: auto-save-60s
13:05:01 Saving config file
13:06:01 saveConfig: auto-save-60s
13:06:01 Saving config file
13:07:01 saveConfig: auto-save-60s
13:07:01 Saving config file
13:08:01 saveConfig: auto-save-60s
13:08:01 Saving config file
13:09:01 saveConfig: auto-save-60s
13:09:01 Saving config file
