10:27:24 [allowed] §f §r§r§r§f §r§r§r§1 §r§r§r§0 §r§r§r§2 §r§r§r§f §r§r§r§f §r§r§r§2 §r§r§r§0 §r§r§r§4 §r§r§r§3 §r§r§r§9 §r§r§r§2 §r§r§r§0 §r§r§r§0 §r§r§r§3 §r§r§r§9 §r§r§r§2 §r§r§r§0 §r§r§r§0 §r§r§r§3 §r§r§r§9 §r§r§r§2 §r§r§r§0 §r§r§r§0 
10:27:24 [allowed] §b[MVP§f+§b] CreativeIQ§f §6joined the lobby!
10:27:24 [allowed] §b[MVP§f+§b] Firemage_X§f §6joined the lobby!
10:27:24 [allowed] §aYou have §b21 §aunclaimed leveling rewards!
10:27:24 [allowed] §eClick here to view them!
10:27:24 [allowed] §aYou have §68 §aunclaimed achievement rewards!
10:27:24 [allowed] §eClick here to view them!
10:27:25 [allowed] §b[MVP§e+§b] aShadowMonarch§f §6joined the lobby!
10:27:26 [allowed]   §r§f§l➤ §r§6You have reached your Hype limit! Add Hype to Prototype Lobby minigames by right-clicking with the Hype Diamond!
10:27:26 [allowed] §b[MVP§2+§b] Edward2263§f §6joined the lobby!
10:27:27 [allowed] §b[MVP§6+§b] vBeno§f §6joined the lobby!
10:27:27 [allowed] §9§m-----------------------------------------------------§r§9
§r§9                          §r§9 §6Friends (Page 1 of 8) §r§e§l>>§r§9
§r§9§bHoldMyGoonie §eis in SkyBlock - The Catacombs - Floor V§r§9
§r§9§7KingGoji953 §eis in Limbo§r§9
§r§9§b24Arrian §cis currently offline§r§9
§r§9§b_mmc27 §cis currently offline§r§9
§r§9§a_tsn §cis currently offline§r§9
§r§9§aAceCreo_ §cis currently offline§r§9
§r§9§7alemartino §cis currently offline§r§9
§r§9§bAstFaster §cis currently offline§r§9
§r§9§m-----------------------------------------------------
10:27:28 [allowed] §b[MVP§c+§b] m0d3l04§f §6joined the lobby!
10:27:29 [allowed] §b[MVP§6+§b] UZeru§f §6joined the lobby!
10:27:29 [allowed] §b[MVP§c+§b] Pfisterrr§f §6joined the lobby!
10:27:30 [allowed] §7Sending to server mini82BE...
10:27:30 [allowed] §8 §r§8 §r§1 §r§3 §r§3 §r§7 §r§8 
10:27:30 [allowed] §aSince you've been away you earned §r§674,200 coins §r§aas interest in your personal bank account!
10:27:30 [allowed] §b-----------------------------------------------------
10:27:30 [allowed] §aYou have just received §r§6371,000 coins §r§aas interest in your co-op bank account!
10:27:30 [allowed] §b-----------------------------------------------------
10:27:32 [allowed] 
10:27:32 [allowed] §eWelcome to §r§aHypixel SkyBlock§r§e!
10:27:32 [allowed] 
10:27:32 [allowed] §eLatest update: §bSkyBlock v0.20.8 §e§lCLICK
10:27:33 [allowed] §aYou are playing on profile: §ePineapple§b (Co-op)
10:27:33 [allowed] §8Profile ID: 6accdd30-5c34-4840-99a1-da8b87d5f229
10:27:34 [allowed] §6§lALLOWANCE! §r§eYou earned §r§650,000 coins§r§e!
10:27:48 [allowed] §6[Bazaar] §r§7Claiming order...
10:27:48 [allowed] §6[Bazaar] §r§7§r§7Claimed §r§a4§r§7x §r§5Glossy Gemstone §r§7worth §r§632,800,016 coins §r§7bought for §r§68,200,004 §r§7each!
10:27:53 [allowed] §6[Bazaar] §r§7Cancelling order...
10:27:53 [allowed] §6[Bazaar] §r§7§r§cCancelled! §r§7Refunded §r§6229,600,115 coins §r§7from cancelling Buy Order!
10:28:06 [allowed] §6[Bazaar] §r§7Putting goods in escrow...
10:28:06 [allowed] §6[Bazaar] §r§7Submitting buy order...
10:28:06 [allowed] §6[Bazaar] §r§7§r§eBuy Order Setup! §r§a28§r§7x §r§5Glossy Gemstone §r§7for §r§6229,600,146 coins§r§7.
10:28:09 [allowed] §7Warping...
10:28:09 [allowed] §7Sending to server mini10H...
10:28:09 [allowed] §8 §r§8 §r§1 §r§3 §r§3 §r§7 §r§8 
10:28:13 [allowed] §aYou are playing on profile: §ePineapple§b (Co-op)
10:28:13 [allowed] §8Profile ID: 6accdd30-5c34-4840-99a1-da8b87d5f229
10:28:18 [allowed] §6The sound of pickaxes clashing against the rock has attracted the attention of the §r§6§lPOWDER GHAST!
10:28:18 [allowed] §eFind the §r§6Powder Ghast§r§e near the §r§bForge Basin§r§e!
10:29:56 [allowed] §6[Bazaar] §r§7Executing instant buy...
10:29:56 [allowed] §6[Bazaar] §r§7Bought §r§a3§r§7x §r§5Metaphysical Serum §r§7for §r§6310,963 coins§r§7!
10:29:58 [allowed] §b§lDELICIOUS! §r§7The wonderfully complex taste of the 
10:29:58 [allowed]  §r§d§r§5Metaphysical Serum §r§7has taken over all of your taste buds!
10:30:00 [allowed] §b§lAMAZING? §r§7The §r§d§r§5Metaphysical Serum §r§7seems to have taken over §r§7§ohalf your brain§r§7, you should probably stop drinking more, seriously...
10:30:02 [allowed] §b§lCONCERNING! §r§7The §r§d§r§5Metaphysical Serum §r§7has caused 
10:30:02 [allowed]  §r§c§oirreversible damage §r§7to your whole body- but hey, at least you got some §r§bSkyBlock XP §r§7in return!
10:30:02 [allowed] §eBonus! §r§7You now get an extra 2 clicks on Superpairs!
10:30:09 [allowed] §7Warping you to your SkyBlock island...
10:30:09 [allowed] §7Sending to server mini93Q...
10:30:10 [allowed] §8 §r§8 §r§1 §r§3 §r§3 §r§7 §r§8 
10:30:11 [allowed] §aWarped from the §r§eTop Floor Teleport Pad§r§a to the §r§dminions Teleport Pad§r§a!
10:30:13 [allowed] §aYou are playing on profile: §ePineapple§b (Co-op)
10:30:13 [allowed] §8Profile ID: 6accdd30-5c34-4840-99a1-da8b87d5f229
10:30:15 [allowed] §aWarped from the §r§dminions Teleport Pad§r§a to the §r§eTop Floor Teleport Pad§r§a!
10:30:23 [allowed] §7You removed an §r§eExperimentation Table§r§7. (0/1)
10:30:24 [allowed] §7You placed an §r§eExperimentation Table§r§7. §r§7(1/1)
10:30:32 [allowed] §cThis ability is on cooldown for 5s.
10:30:41 [allowed] §7You removed an §r§eExperimentation Table§r§7. (0/1)
10:30:43 [allowed] §7You placed an §r§eExperimentation Table§r§7. §r§7(1/1)
10:30:52 [allowed] Unknown command. Type "/help" for help. ('experimentation')
10:32:22 [allowed] §7Warping...
10:32:22 [allowed] §7Sending to server mini141BS...
10:32:23 [allowed] §8 §r§8 §r§1 §r§3 §r§3 §r§7 §r§8 
10:32:26 [allowed] §aYou are playing on profile: §ePineapple§b (Co-op)
10:32:26 [allowed] §8Profile ID: 6accdd30-5c34-4840-99a1-da8b87d5f229
10:32:35 [allowed] §8[§r§2171§r§8] §r§7ᛃ §r§b[MVP§r§f+§r§b] Firemage_X§r§f: are yalls experimentation table broken
10:32:45 [allowed] §8[§r§726§r§8] §r§7Consequences18 §7♲§7§r§7: yeah
10:32:48 [allowed] §8[§r§2171§r§8] §r§7ᛃ §r§b[MVP§r§f+§r§b] Firemage_X§r§f: f
10:33:27 [allowed] §aFriend > §r§aAceCreo_ §r§ejoined.
10:33:33 [allowed] §dWarped to §r§bElection Room§r§d!
10:33:38 [allowed] §e-----------------------------------------------------
10:33:38 [allowed] §eYou voted for §r§eDiaz §r§ein the §r§bYear 388 Elections§r§e!
10:33:38 [allowed] §eAs a §bSettler§e, your vote counts for §a1§e.
10:33:38 [allowed] §eDiaz §r§enow has §r§e36.4% §r§eof votes with §r§e50,364 votes§r§e!
10:33:38 [allowed] §e-----------------------------------------------------
10:33:46 [allowed] §dWarped to §r§bCommunity Center§r§d!
10:33:53 [allowed] §7Warping...
10:33:54 [allowed] §7Sending to server mini78BN...
10:33:55 [allowed] §8 §r§8 §r§1 §r§3 §r§3 §r§7 §r§8 
10:33:57 [allowed] §cYou may only use this command after 4s on the server!
10:33:58 [allowed] §aYou are playing on profile: §ePineapple§b (Co-op)
10:33:58 [allowed] §8Profile ID: 6accdd30-5c34-4840-99a1-da8b87d5f229
10:33:58 [allowed] §cYou may only use this command after 4s on the server!
10:34:13 [allowed] §e✆ RING... 
10:34:13 [allowed] §e✆ RING... RING... 
10:34:14 [allowed] §e✆ RING... RING... RING... 
10:34:15 [allowed] §eYou selected the §r§aForceful §r§epower for your §r§aAccessory Bag§r§e!
10:34:26 [allowed] §aYou summoned your §r§6Mooshroom Cow§r§a!
10:37:00 [allowed] §aFriend > §r§aAceCreo_ §r§eleft.
10:37:02 [allowed] §aFriend > §r§aAceCreo_ §r§ejoined.
10:38:55 [allowed] §aYou earned §r§286 GEXP §r§afrom playing SkyBlock!
10:41:08 [allowed] §3§l▬▬▬▬▬▬▬▬▬▬▬▬▬▬▬▬▬▬▬▬▬▬▬▬▬▬▬▬▬▬▬▬▬▬▬▬▬▬▬▬▬▬▬▬▬▬▬▬▬▬▬▬▬▬▬▬▬▬▬▬▬▬▬▬
10:41:08 [allowed]  
10:41:12 [allowed] §aYour Garden is no longer infested and your §r§6☘ Farming Fortune §r§ahas returned to normal!
10:41:28 [allowed] §6[Bazaar] §r§7Executing instant sell...
10:41:28 [allowed] §6[Bazaar] §r§7Sold §r§a1§r§7x §r§aPlant Matter §r§7for §r§637,001 coins§r§7!
10:41:28 [allowed] §6[Bazaar] §r§7Sold §r§a66§r§7x §r§aEnchanted Carrot §r§7for §r§638,795 coins§r§7!
10:41:28 [allowed] §6[Bazaar] §r§7Sold §r§a22§r§7x §r§aEnchanted Sugar §r§7for §r§614,115 coins§r§7!
10:41:28 [allowed] §6[Bazaar] §r§7Sold §r§a34§r§7x §r§aEnchanted Wheat §r§7for §r§632,055 coins§r§7!
10:41:28 [allowed] §6[Bazaar] §r§7Sold §r§a1§r§7x §r§aDung §r§7for §r§660,007 coins§r§7!
10:41:28 [allowed] §6[Bazaar] §r§7Sold §r§a14§r§7x §r§aEnchanted Pumpkin §r§7for §r§621,717 coins§r§7!
10:42:03 [allowed] §6[Bazaar] §r§7Executing instant sell...
10:42:03 [allowed] §6[Bazaar] §r§7Sold §r§a20§r§7x §r§aEnchanted Brown Mushroom §r§7for §r§630,804 coins§r§7!
10:42:03 [allowed] §6[Bazaar] §r§7Sold §r§a66§r§7x §r§aEnchanted Carrot §r§7for §r§638,795 coins§r§7!
10:42:03 [allowed] §6[Bazaar] §r§7Sold §r§a55§r§7x §r§aEnchanted Cocoa Beans §r§7for §r§628,188 coins§r§7!
10:42:03 [allowed] §6[Bazaar] §r§7Sold §r§a1§r§7x §r§aDung §r§7for §r§660,007 coins§r§7!
10:42:09 [allowed] §6[Bazaar] §r§7Executing instant sell...
10:42:09 [allowed] §6[Bazaar] §r§7Sold §r§a3§r§7x §r§fOak Wood §r§7for §r§68.4 coins§r§7!
10:42:09 [allowed] §6[Bazaar] §r§7Sold §r§a5§r§7x §r§fSpruce Wood §r§7for §r§611.5 coins§r§7!
10:42:09 [allowed] §6[Bazaar] §r§7Sold §r§a3§r§7x §r§fAcacia Wood §r§7for §r§617.7 coins§r§7!
10:42:09 [allowed] §6[Bazaar] §r§7Sold §r§a8§r§7x §r§fDark Oak Wood §r§7for §r§64.0 coins§r§7!
10:42:09 [allowed] §6[Bazaar] §r§7Sold §r§a484§r§7x §r§fCobblestone §r§7for §r§6193.6 coins§r§7!
10:42:09 [allowed] §6[Bazaar] §r§7Sold §r§a9§r§7x §r§fBone §r§7for §r§684.6 coins§r§7!
10:42:09 [allowed] §6[Bazaar] §r§7Sold §r§a230§r§7x §r§aWolf Tooth §r§7for §r§6195,822 coins§r§7!
10:42:09 [allowed] §6[Bazaar] §r§7Sold §r§a2§r§7x §r§fBirch Wood §r§7for §r§61.2 coins§r§7!
10:42:09 [allowed] §6[Bazaar] §r§7Sold §r§a26§r§7x §r§fJungle Wood §r§7for §r§6143.0 coins§r§7!
10:42:14 [allowed] §6[Sacks] §r§c-770§r§e items§r§e.§r§8 (Last 5s.)
10:42:25 [allowed] §aYou summoned your §r§6Tiger§r§a!
10:42:32 [allowed]   §r§6§lFARMING CONTEST REWARDS CLAIMED
10:42:32 [allowed]    §r§e§l» §r§aSugar Cane §r§fContest on §r§eLate Spring 18th, Year 387
10:42:32 [allowed]   §r§a§lREWARDS
10:42:32 [allowed]     §r§7§aJacob's Ticket §8x15
10:42:32 [allowed]     §r§7§81x §9Turbo-Cane I Book
10:42:32 [allowed]     §r§7§8+§e1 §7silver medal
10:42:32 [allowed]     §r§7§aCarnival Ticket
10:42:32 [allowed]    §r§8+§r§b57 Bits
10:42:41 [allowed] §6[Bazaar] §r§7Executing instant sell...
10:42:41 [allowed] §6[Bazaar] §r§7Sold §r§a1§r§7x §r§fTurbo-Cane I §r§7for §r§62,560.1 coins§r§7!
10:42:41 [allowed] §6[Bazaar] §r§7Sold §r§a15§r§7x §r§aJacob's Ticket §r§7for §r§6298,050 coins§r§7!
10:43:49 [allowed] §7Warping...
10:43:49 [allowed] §7Sending to server mini186AS...
10:43:49 [allowed] §8 §r§8 §r§1 §r§3 §r§3 §r§7 §r§8 
10:43:53 [allowed] §aYou are playing on profile: §ePineapple§b (Co-op)
10:43:53 [allowed] §8Profile ID: 6accdd30-5c34-4840-99a1-da8b87d5f229
10:43:53 [allowed] §8[§r§e98§r§8] §r§a[VIP] ILoveYouMikasa§f§r§f: is acacia birdhouse good
10:43:55 [allowed] §8[§r§d326§r§8] §r§6♫ §r§b[MVP§d+§b] NikiLV §7♲§f§r§f: an hour for. one out of 9 :c
10:43:57 [allowed] §8[§r§729§r§8] §r§a[VIP] RileySasaka§f§r§f: thats a pretty birdhouse, no birds tho but I have seen a bat use it
10:43:59 [allowed] §8[§a129§8] §7❂ §r§b[MVP§c+§b] echopeek§f§7 is holding §r§8[§d⚚ Withered Shadow Fury §6✪✪✪✪✪§8]
10:44:01 [allowed] §7Warping...
10:44:01 [allowed] §7Sending to server mini69BS...
10:44:01 [allowed] §8 §r§8 §r§1 §r§3 §r§3 §r§7 §r§8 
10:44:04 [allowed] §aYou are playing on profile: §ePineapple§b (Co-op)
10:44:04 [allowed] §8Profile ID: 6accdd30-5c34-4840-99a1-da8b87d5f229
10:44:07 [allowed] §7Warping...
10:44:07 [allowed] §7Sending to server mini28DK...
10:44:07 [allowed] §8 §r§8 §r§1 §r§3 §r§3 §r§7 §r§8 
10:44:10 [allowed] §aYou are playing on profile: §ePineapple§b (Co-op)
10:44:10 [allowed] §8Profile ID: 6accdd30-5c34-4840-99a1-da8b87d5f229
10:44:17 [allowed] §7Warping...
10:44:17 [allowed] §7Sending to server mini10N...
10:44:17 [allowed] §8 §r§8 §r§1 §r§3 §r§3 §r§7 §r§8 
10:44:20 [allowed] §7Warping...
10:44:20 [allowed] §7Sending to server mini37J...
10:44:20 [allowed] §8 §r§8 §r§1 §r§3 §r§3 §r§7 §r§8 
10:44:24 [allowed] §aYou are playing on profile: §ePineapple§b (Co-op)
10:44:24 [allowed] §8Profile ID: 6accdd30-5c34-4840-99a1-da8b87d5f229
10:44:25 [allowed] §7Warping...
10:44:25 [allowed] §7Sending to server mini72DP...
10:44:25 [allowed] §8 §r§8 §r§1 §r§3 §r§3 §r§7 §r§8 
10:44:28 [allowed] §7Warping...
10:44:28 [allowed] §cCouldn't warp you! Try again later. §r§7(PLAYER_TRANSFER_COOLDOWN)
10:44:29 [allowed] §aYou are playing on profile: §ePineapple§b (Co-op)
10:44:29 [allowed] §8Profile ID: 6accdd30-5c34-4840-99a1-da8b87d5f229
10:44:30 [allowed] §7Warping...
10:44:30 [allowed] §7Sending to server mini82BE...
10:44:31 [allowed] §8 §r§8 §r§1 §r§3 §r§3 §r§7 §r§8 
10:44:34 [allowed] §aYou are playing on profile: §ePineapple§b (Co-op)
10:44:34 [allowed] §8Profile ID: 6accdd30-5c34-4840-99a1-da8b87d5f229
10:44:39 [allowed] §7Warping...
10:44:39 [allowed] §7Sending to server mini71DV...
10:44:40 [allowed] §8 §r§8 §r§1 §r§3 §r§3 §r§7 §r§8 
10:44:44 [allowed] §aYou are playing on profile: §ePineapple§b (Co-op)
10:44:44 [allowed] §8Profile ID: 6accdd30-5c34-4840-99a1-da8b87d5f229
10:44:45 [allowed] §7Warping...
10:44:45 [allowed] §7Sending to server mini16CN...
10:44:45 [allowed] §8 §r§8 §r§1 §r§3 §r§3 §r§7 §r§8 
10:44:47 [allowed] §cYou are sending commands too fast! Please slow down.
10:44:48 [allowed] §aYou are playing on profile: §ePineapple§b (Co-op)
10:44:48 [allowed] §8Profile ID: 6accdd30-5c34-4840-99a1-da8b87d5f229
10:44:49 [allowed] §e✆ RING... 
10:44:50 [allowed] §e✆ RING... RING... 
10:44:50 [allowed] §e✆ RING... RING... RING... 
10:44:55 [allowed] §eYou selected the §r§aBloody §r§epower for your §r§aAccessory Bag§r§e!
10:45:12 [allowed] §e✆ RING... 
10:45:13 [allowed] §e✆ RING... RING... 
10:45:13 [allowed] §e✆ RING... RING... RING... 
10:45:35 [allowed] §6[Sacks] §r§a+1§r§e item§r§e.§r§8 (Last 5s.)
10:45:40 [allowed] §a§l+5 Kill Combo §r§8§r§b+3✯ Magic Find
10:45:42 [allowed] §3§l▬▬▬▬▬▬▬▬▬▬▬▬▬▬▬▬▬▬▬▬▬▬▬▬▬▬▬▬▬▬▬▬▬▬▬▬▬▬▬▬▬▬▬▬▬▬▬▬▬▬▬▬▬▬▬▬▬▬▬▬▬▬▬▬
10:45:42 [allowed]  
10:45:46 [allowed] §6[Sacks] §r§a+4§r§e items§r§e.§r§8 (Last 7s.)
10:45:53 [allowed] §6[Sacks] §r§a+1§r§e item§r§e.§r§8 (Last 5s.)
10:45:53 [allowed] §a§l+10 Kill Combo §r§8+§r§610 §r§7coins per kill
10:45:55 [allowed] §eYou received kill credit for assisting on a slayer miniboss!
10:45:59 [allowed] §cYour Kill Combo has expired! You reached a 11 Kill Combo!
10:45:59 [allowed] §6[Sacks] §r§a+3§r§e items§r§e.§r§8 (Last 5s.)
10:46:21 [allowed] §6[Sacks] §r§a+9§r§e items§r§e.§r§8 (Last 16s.)
10:46:23 [allowed] §a§l+5 Kill Combo §r§8§r§b+3✯ Magic Find
10:46:34 [allowed] §6[Sacks] §r§a+3§r§e items§r§e.§r§8 (Last 5s.)
10:46:36 [allowed] §cThis ability is on cooldown for 1s.
10:46:37 [allowed] §eYou received kill credit for assisting on a slayer miniboss!
10:46:38 [allowed] §a§l+10 Kill Combo §r§8+§r§610 §r§7coins per kill
10:46:45 [allowed] §6[Sacks] §r§a+6§r§e items§r§e.§r§8 (Last 10s.)
10:46:47 [allowed] §cThis ability is on cooldown for 1s.
10:46:47 [allowed] §cYour Kill Combo has expired! You reached a 12 Kill Combo!
10:46:55 [allowed] §6[Sacks] §r§a+2§r§e items§r§e.§r§8 (Last 6s.)
10:47:01 [allowed] §6[Sacks] §r§a+2§r§e items§r§e.§r§8 (Last 5s.)
10:47:18 [allowed] §a§l+5 Kill Combo §r§8§r§b+3✯ Magic Find
10:47:18 [allowed] §6[Sacks] §r§a+3§r§e items§r§e.§r§8 (Last 8s.)
10:47:26 [allowed] §6[Sacks] §r§a+7§r§e items§r§e.§r§8 (Last 7s.)
10:47:28 [allowed] §cYour Kill Combo has expired! You reached a 6 Kill Combo!
10:47:31 [allowed] §a§l+5 Kill Combo §r§8§r§b+3✯ Magic Find
10:47:32 [allowed]   §r§a§lSLAYER QUEST COMPLETE!
10:47:32 [allowed]    §r§eWolf Slayer LVL 6 §r§5- §r§7Next LVL in §r§d62,995 XP§r§7!
10:47:32 [allowed]    §dRNG Meter §f- §d33,700 Stored XP
10:47:32 [allowed]   §r§5§lSLAYER QUEST STARTED!
10:47:32 [allowed]    §5§l» §7Slay §c3,168 Combat XP §7worth of Wolves§7.
10:47:32 [allowed] §cAutopet §eequipped your §7[Lvl 90] §6Wolf§e! §a§lVIEW RULE
10:47:35 [allowed] §a§l+10 Kill Combo §r§8+§r§610 §r§7coins per kill
10:47:37 [allowed] §6[Sacks] §r§a+55§r§e items§r§e.§r§8 (Last 6s.)
10:47:40 [allowed] §9§l+15 Kill Combo §r§8§r§b+3✯ Magic Find
10:47:47 [allowed] §cYour Kill Combo has expired! You reached a 17 Kill Combo!
10:47:48 [allowed] §6[Sacks] §r§a+8§r§e items§r§e.§r§8 (Last 10s.)
10:47:54 [allowed] §aYou earned §r§2296 GEXP §r§afrom playing SkyBlock!
10:47:59 [allowed] §e§lLOOT SHARE §r§r§r§fYou received loot for assisting §r§aDerekcalopez§r§f!
10:48:04 [allowed] §e§lLOOT SHARE §r§r§r§fYou received loot for assisting §r§bSereczeqPL§r§f!
10:48:04 [allowed] §eYou received kill credit for assisting on a slayer miniboss!
10:48:10 [allowed] §6[Sacks] §r§a+4§r§e items§r§e.§r§8 (Last 10s.)
10:48:12 [allowed] §a§l+5 Kill Combo §r§8§r§b+3✯ Magic Find
10:48:23 [allowed] §a§l+10 Kill Combo §r§8+§r§610 §r§7coins per kill
10:48:23 [allowed] §e§lLOOT SHARE §r§r§r§fYou received loot for assisting §r§boDaw§r§f!
10:48:23 [allowed] §cAutopet §eequipped your §7[Lvl 96] §6Tiger§e! §a§lVIEW RULE
10:48:25 [allowed] §9§l+15 Kill Combo §r§8§r§b+3✯ Magic Find
10:48:29 [allowed] §cYour Kill Combo has expired! You reached a 16 Kill Combo!
10:48:31 [allowed] §6[Sacks] §r§a+18§r§e items§r§e.§r§8 (Last 7s.)
10:48:32 [allowed]   §r§a§lSLAYER QUEST COMPLETE!
10:48:32 [allowed]    §r§eWolf Slayer LVL 6 §r§5- §r§7Next LVL in §r§d62,370 XP§r§7!
10:48:32 [allowed]    §dRNG Meter §f- §d34,325 Stored XP
10:48:32 [allowed]   §r§5§lSLAYER QUEST STARTED!
10:48:32 [allowed]    §5§l» §7Slay §c3,168 Combat XP §7worth of Wolves§7.
10:48:32 [allowed] §cAutopet §eequipped your §7[Lvl 90] §6Wolf§e! §a§lVIEW RULE
10:48:34 [allowed] §e§lLOOT SHARE §r§r§r§fYou received loot for assisting §r§boDaw§r§f!
10:48:39 [allowed] §6[Sacks] §r§a+55§r§e items§r§e.§r§8 (Last 7s.)
10:49:16 [allowed] §e§lLOOT SHARE §r§r§r§fYou received loot for assisting §r§aUndoingPrism§r§f!
10:49:22 [allowed] §e§lLOOT SHARE §r§r§r§fYou received loot for assisting §r§bSereczeqPL§r§f!
10:49:24 [allowed] §e§lLOOT SHARE §r§r§r§fYou received loot for assisting §r§bBlacktea1501§r§f!
10:49:29 [allowed] §7[§bSkyblockAddons§7] §cA feature has stopped you from dropping this "rare" item or tool from your hotbar.
10:49:30 [allowed] §e§lLOOT SHARE §r§r§r§fYou received loot for assisting §r§boDaw§r§f!
10:49:34 [allowed] §cThis ability is on cooldown for 1s.
10:49:36 [allowed] §6[Sacks] §r§a+34§r§e items§r§e.§r§8 (Last 18s.)
10:49:58 [allowed] §6[Sacks] §r§a+4§r§e items§r§e.§r§8 (Last 7s.)
10:50:10 [allowed] §a§l+5 Kill Combo §r§8§r§b+3✯ Magic Find
10:50:10 [allowed] §e§lLOOT SHARE §r§r§r§fYou received loot for assisting §r§boDaw§r§f!
10:50:18 [allowed] §6[Sacks] §r§a+16§r§e items§r§e.§r§8 (Last 6s.)
10:50:23 [allowed] §a§l+10 Kill Combo §r§8+§r§610 §r§7coins per kill
10:50:31 [allowed] §eYou received kill credit for assisting on a slayer miniboss!
10:50:33 [allowed] §cYour Kill Combo has expired! You reached a 12 Kill Combo!
10:50:33 [allowed] §6[Sacks] §r§a+6§r§e items§r§e.§r§8 (Last 14s.)
10:50:35 [allowed] §cThis ability is on cooldown for 1s.
10:50:44 [allowed] §eYou received kill credit for assisting on a slayer miniboss!
10:50:50 [allowed] §a§l+5 Kill Combo §r§8§r§b+3✯ Magic Find
10:50:55 [allowed] §cAutopet §eequipped your §7[Lvl 96] §6Tiger§e! §a§lVIEW RULE
10:50:55 [allowed] §eYou received kill credit for assisting on a slayer miniboss!
10:51:01 [allowed] §6[Sacks] §r§a+14§r§e items§r§e.§r§8 (Last 19s.)
10:51:03 [allowed] §cYour Kill Combo has expired! You reached a 9 Kill Combo!
10:51:16 [allowed]   §r§a§lSLAYER QUEST COMPLETE!
10:51:16 [allowed]    §r§eWolf Slayer LVL 6 §r§5- §r§7Next LVL in §r§d61,745 XP§r§7!
10:51:16 [allowed]    §dRNG Meter §f- §d34,950 Stored XP
10:51:16 [allowed]   §r§5§lSLAYER QUEST STARTED!
10:51:16 [allowed]    §5§l» §7Slay §c3,168 Combat XP §7worth of Wolves§7.
10:51:16 [allowed] §cAutopet §eequipped your §7[Lvl 90] §6Wolf§e! §a§lVIEW RULE
10:51:21 [allowed] §6[Sacks] §r§a+59§r§e items§r§e.§r§8 (Last 5s.)
10:51:24 [allowed] §e§lLOOT SHARE §r§r§r§fYou received loot for assisting §r§boDaw§r§f!
10:51:30 [allowed] §6[Sacks] §r§a+11§r§e items§r§e.§r§8 (Last 5s.)
10:51:33 [allowed] §e§lLOOT SHARE §r§r§r§fYou received loot for assisting §r§aUndoingPrism§r§f!
10:51:38 [allowed] §cThere are blocks in the way!
10:51:38 [allowed] §6[Sacks] §r§a+12§r§e items§r§e.§r§8 (Last 5s.)
10:51:48 [allowed] §6[Sacks] §r§a+2§r§e items§r§e.§r§8 (Last 7s.)
10:51:50 [allowed] §cThere are blocks in the way!
10:51:59 [allowed] §6[Sacks] §r§a+1§r§e item§r§e.§r§8 (Last 5s.)
10:52:03 [allowed] §a§l+5 Kill Combo §r§8§r§b+3✯ Magic Find
10:52:05 [allowed] §e§lLOOT SHARE §r§r§r§fYou received loot for assisting §r§6KnoedelmannXD§r§f!
10:52:13 [allowed] §7Warping you to your SkyBlock island...
10:52:13 [allowed] §7Sending to server mini182AG...
10:52:13 [allowed] §8 §r§8 §r§1 §r§3 §r§3 §r§7 §r§8 
10:52:17 [allowed] §aYou are playing on profile: §ePineapple§b (Co-op)
10:52:17 [allowed] §8Profile ID: 6accdd30-5c34-4840-99a1-da8b87d5f229
10:52:19 [allowed] §7Warping...
10:52:19 [allowed] §7Sending to server mini152BE...
10:52:19 [allowed] §8 §r§8 §r§1 §r§3 §r§3 §r§7 §r§8 
10:52:22 [allowed] §aYou are playing on profile: §ePineapple§b (Co-op)
10:52:22 [allowed] §8Profile ID: 6accdd30-5c34-4840-99a1-da8b87d5f229
10:52:38 [allowed] §6[Sacks] §r§a+2§r§e items§r§e.§r§8 (Last 5s.)
10:52:48 [allowed] §e§lLOOT SHARE §r§r§r§fYou received loot for assisting §r§bDuccy__§r§f!
10:52:54 [allowed] §6[Sacks] §r§a+13§r§e items§r§e.§r§8 (Last 5s.)
10:52:56 [allowed] §8[§r§a151§r§8] §r§7☬ §r§b[MVP§c+§b] Duccy__§f§r§f: CRAZY RARE DROP! (Red Claw Egg) (+130% ✯ Magic Find)
10:53:03 [allowed] §8[§r§2171§r§8] §r§7ᛃ §r§b[MVP§r§f+§r§b] Firemage_X§r§f: w
10:53:06 [allowed] §6[Sacks] §r§a+2§r§e items§r§e.§r§8 (Last 5s.)
10:53:23 [allowed] §6[Sacks] §r§a+4§r§e items§r§e.§r§8 (Last 5s.)
10:53:32 [allowed] §6[Sacks] §r§a+1§r§e item§r§e.§r§8 (Last 5s.)
10:53:33 [allowed] §bDuccy__ §ahas sent you a trade request. §bClick here §ato accept!
10:53:37 [allowed] §e§lLOOT SHARE §r§r§r§fYou received loot for assisting §r§7rawhide3034§r§f!
10:53:43 [allowed] §cThe /trade request from §r§b[MVP§r§c+§r§b] Duccy__§r§f §r§cexpired!
10:53:43 [allowed] §6[Sacks] §r§a+13§r§e items§r§e.§r§8 (Last 5s.)
10:53:50 [allowed] §6[Sacks] §r§a+1§r§e item§r§e.§r§8 (Last 5s.)
10:54:08 [allowed] §8[§r§2171§r§8] §r§7ᛃ §r§b[MVP§r§f+§r§b] Firemage_X§r§f: hypixel gotta make private park lobbies a thing
10:54:15 [allowed] §8[§r§a151§r§8] §r§7☬ §r§b[MVP§c+§b] Duccy__§f§r§f: fr
10:54:15 [allowed] §eYou received kill credit for assisting on a slayer miniboss!
10:54:16 [allowed] §8[§r§b233§r§8] §r§7❤ §r§b[MVP§9+§b] calpa§f§r§f: yeah pls
10:54:18 [allowed] §a§l+5 Kill Combo §r§8§r§b+3✯ Magic Find
10:54:23 [allowed] §6[Sacks] §r§a+6§r§e items§r§e.§r§8 (Last 12s.)
10:54:26 [allowed] §aYou earned §r§2138 GEXP §r§afrom playing SkyBlock!
10:54:27 [allowed] §cYour Kill Combo has expired! You reached a 6 Kill Combo!
10:54:38 [allowed] §6[Sacks] §r§a+2§r§e items§r§e.§r§8 (Last 8s.)
10:54:40 [allowed] §cAutopet §eequipped your §7[Lvl 96] §6Tiger§e! §a§lVIEW RULE
10:54:40 [allowed] §eYou received kill credit for assisting on a slayer miniboss!
10:54:49 [allowed]   §r§a§lSLAYER QUEST COMPLETE!
10:54:49 [allowed]    §r§eWolf Slayer LVL 6 §r§5- §r§7Next LVL in §r§d61,120 XP§r§7!
10:54:49 [allowed]    §dRNG Meter §f- §d35,575 Stored XP
10:54:49 [allowed]   §r§5§lSLAYER QUEST STARTED!
10:54:49 [allowed]    §5§l» §7Slay §c3,168 Combat XP §7worth of Wolves§7.
10:54:49 [allowed] §cAutopet §eequipped your §7[Lvl 90] §6Wolf§e! §a§lVIEW RULE
10:54:54 [allowed] §6[Sacks] §r§a+61§r§e items§r§e.§r§8 (Last 5s.)
10:54:55 [allowed] §a§l+5 Kill Combo §r§8§r§b+3✯ Magic Find
10:54:57 [allowed] §e§lLOOT SHARE §r§r§r§fYou received loot for assisting §r§bDancingNuggets§r§f!
10:55:02 [allowed] §cYour Kill Combo has expired! You reached a 6 Kill Combo!
10:55:03 [allowed] §6[Sacks] §r§a+10§r§e items§r§e.§r§8 (Last 5s.)
10:55:12 [allowed] §6[Sacks] §r§a+3§r§e items§r§e.§r§8 (Last 7s.)
10:55:14 [allowed] §a§l+5 Kill Combo §r§8§r§b+3✯ Magic Find
10:55:19 [allowed] §c ☠ §r§7§r§7Olli9000§r§7 fell into the void§r§7.
10:55:23 [allowed] §6[Sacks] §r§a+4§r§e items§r§e.§r§8 (Last 8s.)
10:55:24 [allowed] §cYour Kill Combo has expired! You reached a 6 Kill Combo!
10:55:30 [allowed] §8[§r§e102§r§8] §r§b[MVP§d+§b] LeGM§f§r§f: do u guys get tired of the grind?
10:55:42 [allowed] §6[Sacks] §r§a+1§r§e item§r§e.§r§8 (Last 5s.)
10:55:46 [allowed] §8[§r§3244§r§8] §r§b[MVP§f+§b] bigkingpigbkp§f§r§f: yea
10:55:50 [allowed] §e§lLOOT SHARE §r§r§r§fYou received loot for assisting §r§bDancingNuggets§r§f!
10:55:57 [allowed] §eYou received kill credit for assisting on a slayer miniboss!
10:55:57 [allowed] §8[§r§720§r§8] §r§7Jibi_3001§7§r§7: no youtube videos on secound screen carry
10:55:58 [allowed] §eYou received kill credit for assisting on a slayer miniboss!
10:56:00 [allowed] §a§l+5 Kill Combo §r§8§r§b+3✯ Magic Find
10:56:02 [allowed] §8[§r§2171§r§8] §r§7ᛃ §r§b[MVP§r§f+§r§b] Firemage_X§r§f: ong
10:56:06 [allowed] §6[Sacks] §r§a+18§r§e items§r§e.§r§8 (Last 15s.)
10:56:07 [allowed] §cYour Kill Combo has expired! You reached a 5 Kill Combo!
10:56:12 [allowed] §6[Sacks] §r§a+10§r§e items§r§e.§r§8 (Last 5s.)
10:56:14 [allowed] §8[§r§2171§r§8] §r§7ᛃ §r§b[MVP§r§f+§r§b] Firemage_X§r§f: or vc with friends
10:56:25 [allowed] §cThis ability is on cooldown for 1s.
10:56:30 [allowed] §8[§r§720§r§8] §r§7Jibi_3001§7§r§7: yeah
10:56:31 [allowed] §a§l+5 Kill Combo §r§8§r§b+3✯ Magic Find
10:56:33 [allowed] §cThis ability is on cooldown for 1s.
10:56:33 [allowed] §8[§r§3244§r§8] §r§b[MVP§f+§b] bigkingpigbkp§f§r§f: i dont have friends
10:56:35 [allowed] §6[Sacks] §r§a+6§r§e items§r§e.§r§8 (Last 12s.)
10:56:36 [allowed] §e§lLOOT SHARE §r§r§r§fYou received loot for assisting §r§bbigkingpigbkp§r§f!
10:56:38 [allowed] §cYour Kill Combo has expired! You reached a 5 Kill Combo!
10:56:42 [allowed] §e§lLOOT SHARE §r§r§r§fYou received loot for assisting §r§bbigkingpigbkp§r§f!
10:56:42 [allowed] §cAutopet §eequipped your §7[Lvl 96] §6Tiger§e! §a§lVIEW RULE
10:56:50 [allowed] §a§l+5 Kill Combo §r§8§r§b+3✯ Magic Find
10:56:51 [allowed] §a§l+10 Kill Combo §r§8+§r§610 §r§7coins per kill
10:56:56 [allowed] §6[Sacks] §r§a+18§r§e items§r§e.§r§8 (Last 19s.)
10:56:57 [allowed]   §r§a§lSLAYER QUEST COMPLETE!
10:56:57 [allowed]    §r§eWolf Slayer LVL 6 §r§5- §r§7Next LVL in §r§d60,495 XP§r§7!
10:56:57 [allowed]    §dRNG Meter §f- §d36,200 Stored XP
10:56:57 [allowed]   §r§5§lSLAYER QUEST STARTED!
10:56:57 [allowed]    §5§l» §7Slay §c3,168 Combat XP §7worth of Wolves§7.
10:56:57 [allowed] §cAutopet §eequipped your §7[Lvl 90] §6Wolf§e! §a§lVIEW RULE
10:57:01 [allowed] §8[§r§3244§r§8] §r§b[MVP§f+§b] bigkingpigbkp§f§r§f: ----------------------------------------------------- Friends (Page 1 of 1)
10:57:01 [allowed] §cYour Kill Combo has expired! You reached a 11 Kill Combo!
10:57:03 [allowed] §6[Sacks] §r§a+56§r§e items§r§e.§r§8 (Last 5s.)
10:57:05 [allowed] §8[§r§2171§r§8] §r§7ᛃ §r§b[MVP§r§f+§r§b] Firemage_X§r§f: lmao
10:57:12 [allowed] §8[§r§720§r§8] §r§7Jibi_3001§7§r§7: XD
10:57:19 [allowed] §8[§r§2171§r§8] §r§7ᛃ §r§b[MVP§r§f+§r§b] Firemage_X§r§f: i got so many random ppl on my friends list
10:57:32 [allowed] §6[Sacks] §r§a+3§r§e items§r§e.§r§8 (Last 12s.)
10:57:32 [allowed] §9§m-----------------------------------------------------§r§9
§r§9                          §r§9 §6Friends (Page 1 of 8) §r§e§l>>§r§9
§r§9§aAceCreo_ §eis in SkyBlock - Hub§r§9
§r§9§bHoldMyGoonie §eis in SkyBlock - The Catacombs - Floor V§r§9
§r§9§7KingGoji953 §eis in Limbo§r§9
§r§9§b24Arrian §cis currently offline§r§9
§r§9§b_mmc27 §cis currently offline§r§9
§r§9§a_tsn §cis currently offline§r§9
§r§9§7alemartino §cis currently offline§r§9
§r§9§bAstFaster §cis currently offline§r§9
§r§9§m-----------------------------------------------------
10:57:35 [allowed] §a§l+5 Kill Combo §r§8§r§b+3✯ Magic Find
10:57:46 [allowed] §6[Sacks] §r§a+4§r§e items§r§e.§r§8 (Last 11s.)
10:57:48 [allowed] §cYour Kill Combo has expired! You reached a 7 Kill Combo!
10:57:57 [allowed] §a§l+5 Kill Combo §r§8§r§b+3✯ Magic Find
10:58:03 [allowed] §6[Sacks] §r§a+3§r§e items§r§e.§r§8 (Last 9s.)
10:58:10 [allowed] §6[Sacks] §r§a+1§r§e item§r§e.§r§8 (Last 5s.)
10:58:14 [allowed] §a§l+10 Kill Combo §r§8+§r§610 §r§7coins per kill
10:58:19 [allowed] §6[Sacks] §r§a+2§r§e items§r§e.§r§8 (Last 7s.)
10:58:19 [allowed] §cYour Kill Combo has expired! You reached a 10 Kill Combo!
10:58:27 [allowed] §6[Sacks] §r§a+2§r§e items§r§e.§r§8 (Last 5s.)
10:58:29 [allowed] §bDancingNuggets §ahas sent you a trade request. §bClick here §ato accept!
10:58:32 [allowed] §a§l+5 Kill Combo §r§8§r§b+3✯ Magic Find
10:58:32 [allowed] §e§lLOOT SHARE §r§r§r§fYou received loot for assisting §r§bDancingNuggets§r§f!
10:58:33 [allowed] §eYou received kill credit for assisting on a slayer miniboss!
10:58:39 [allowed] §6[Sacks] §r§a+16§r§e items§r§e.§r§8 (Last 6s.)
10:58:39 [allowed] §cYour Kill Combo has expired! You reached a 7 Kill Combo!
10:58:39 [allowed] §cThe /trade request from §r§b[MVP§r§d+§r§b] DancingNuggets§r§f §r§cexpired!
10:58:50 [allowed] §6[Sacks] §r§a+2§r§e items§r§e.§r§8 (Last 8s.)
10:58:57 [allowed] §a§l+5 Kill Combo §r§8§r§b+3✯ Magic Find
10:58:59 [allowed] §6[Sacks] §r§a+3§r§e items§r§e.§r§8 (Last 8s.)
10:59:02 [allowed] §8[§r§720§r§8] §r§7Jibi_3001§7§r§7: what are you guys grinding anyway?
10:59:13 [allowed] §6[Sacks] §r§a+4§r§e items§r§e.§r§8 (Last 9s.)
10:59:14 [allowed] §a§l+10 Kill Combo §r§8+§r§610 §r§7coins per kill
10:59:16 [allowed] §8[§r§3244§r§8] §r§b[MVP§f+§b] bigkingpigbkp§f§r§f: Wolf Slayer LVL 8 - Next LVL in 7,620 XP!
10:59:16 [allowed] §e§lLOOT SHARE §r§r§r§fYou received loot for assisting §r§bDancingNuggets§r§f!
10:59:16 [allowed] §e§lLOOT SHARE §r§r§r§fYou received loot for assisting §r§bDancingNuggets§r§f!
10:59:18 [allowed] §b§lRARE DROP! §r§7(§r§f§r§75x §r§f§r§9Hamster Wheel§r§7) §r§b(+159% §r§b✯ Magic Find§r§b)
10:59:19 [allowed] §cYour Kill Combo has expired! You reached a 10 Kill Combo!
10:59:22 [allowed] §6[Sacks] §r§a+11§r§e items§r§e.§r§8 (Last 5s.)
10:59:27 [allowed] §aYou earned §r§2750 GEXP §r§afrom playing SkyBlock!
10:59:29 [allowed] §a§l+5 Kill Combo §r§8§r§b+3✯ Magic Find
10:59:35 [allowed] §6[Sacks] §r§a+3§r§e items§r§e.§r§8 (Last 10s.)
10:59:36 [allowed] §8[§r§720§r§8] §r§7Jibi_3001§7§r§7: nice
10:59:38 [allowed] §cYour Kill Combo has expired! You reached a 6 Kill Combo!
10:59:40 [allowed] §8[§r§b235§r§8] §r§7❤ §r§b[MVP§9+§b] calpa§f§r§f: LVL UP! ➜ Wolf Slayer LVL 7! [Copy]
10:59:41 [allowed] §cAutopet §eequipped your §7[Lvl 96] §6Tiger§e! §a§lVIEW RULE
10:59:46 [allowed] §8[§r§3244§r§8] §r§b[MVP§f+§b] bigkingpigbkp§f§r§f: CRAZY RARE DROP! (◆ Couture Rune I) (+359% ✯ Magic Find)
10:59:46 [allowed] §6[Sacks] §r§a+1§r§e item§r§e.§r§8 (Last 5s.)
10:59:52 [allowed]   §r§a§lSLAYER QUEST COMPLETE!
10:59:52 [allowed]    §r§eWolf Slayer LVL 6 §r§5- §r§7Next LVL in §r§d59,870 XP§r§7!
10:59:52 [allowed]    §dRNG Meter §f- §d36,825 Stored XP
10:59:52 [allowed]   §r§5§lSLAYER QUEST STARTED!
10:59:52 [allowed]    §5§l» §7Slay §c3,168 Combat XP §7worth of Wolves§7.
10:59:52 [allowed] §cAutopet §eequipped your §7[Lvl 90] §6Wolf§e! §a§lVIEW RULE
10:59:57 [allowed] §6[Sacks] §r§a+51§r§e items§r§e.§r§8 (Last 5s.)
10:59:59 [allowed] §8[§r§2171§r§8] §r§7ᛃ §r§b[MVP§r§f+§r§b] Firemage_X§r§f: does hype still work with crimson
11:00:18 [allowed] §8[§r§3244§r§8] §r§b[MVP§f+§b] bigkingpigbkp§f§r§f: i just want the combat wisdom on it
11:00:18 [allowed] §6[Sacks] §r§a+4§r§e items§r§e.§r§8 (Last 9s.)
11:00:22 [allowed] §a§l+5 Kill Combo §r§8§r§b+3✯ Magic Find
11:00:25 [allowed] §8[§3244§8] §r§b[MVP§f+§b] bigkingpigbkp§f§7 is wearing §r§8[§dAncient Infernal Crimson Chestplate§8]
11:00:30 [allowed] §8[§r§3244§r§8] §r§b[MVP§f+§b] bigkingpigbkp§f§r§f: it still work tho
11:00:33 [allowed] §6[Sacks] §r§a+5§r§e items§r§e.§r§8 (Last 11s.)
11:00:35 [allowed] §cYour Kill Combo has expired! You reached a 7 Kill Combo!
11:00:37 [allowed] §8[§r§3244§r§8] §r§b[MVP§f+§b] bigkingpigbkp§f§r§f: but not after the update
11:00:37 [allowed] §8[§r§2171§r§8] §r§7ᛃ §r§b[MVP§r§f+§r§b] Firemage_X§r§f: damn vet 9
11:00:43 [allowed] §cThis ability is on cooldown for 1s.
11:00:46 [allowed] §a§l+5 Kill Combo §r§8§r§b+3✯ Magic Find
11:00:47 [allowed] §8[§r§d332§r§8] §r§b§lᛝ §r§b[MVP§d+§b] DancingNuggets§f§r§f: why not mf/vet
11:00:55 [allowed] §8[§r§3244§r§8] §r§b[MVP§f+§b] bigkingpigbkp§f§r§f: i do sorrow swap
11:00:55 [allowed] §a§l+10 Kill Combo §r§8+§r§610 §r§7coins per kill
11:01:00 [allowed] §8[§r§3244§r§8] §r§b[MVP§f+§b] bigkingpigbkp§f§r§f: mfvet is just useless
11:01:00 [allowed] §cYour Kill Combo has expired! You reached a 11 Kill Combo!
11:01:01 [allowed] §6[Sacks] §r§a+12§r§e items§r§e.§r§8 (Last 21s.)
11:01:03 [allowed] §eYou received kill credit for assisting on a slayer miniboss!
11:01:06 [allowed] §a§l+5 Kill Combo §r§8§r§b+3✯ Magic Find
11:01:13 [allowed] §6[Sacks] §r§a+10§r§e items§r§e.§r§8 (Last 9s.)
11:01:15 [allowed] §cYour Kill Combo has expired! You reached a 7 Kill Combo!
11:01:16 [allowed] §8[§r§3244§r§8] §r§b[MVP§f+§b] bigkingpigbkp§f§r§f: you can do sorrow swap under most slayers
11:01:25 [allowed] §6[Sacks] §r§a+1§r§e item§r§e.§r§8 (Last 5s.)
11:01:31 [allowed] §e§lLOOT SHARE §r§r§r§fYou received loot for assisting §r§bbigkingpigbkp§r§f!
11:01:32 [allowed] §b§lRARE DROP! §r§7(§r§f§r§75x §r§f§r§9Hamster Wheel§r§7) §r§b(+159% §r§b✯ Magic Find§r§b)
11:01:32 [allowed] §5§lVERY RARE DROP! §r§7(§r§f§r§b◆ Spirit Rune I§r§7) §r§b(+159% §r§b✯ Magic Find§r§b)
11:01:38 [allowed] §6[Sacks] §r§a+13§r§e items§r§e.§r§8 (Last 5s.)
11:01:39 [allowed] §8[§r§2171§r§8] §r§7ᛃ §r§b[MVP§r§f+§r§b] Firemage_X§r§f: whats the best reforge for sorrow
11:01:42 [allowed] §8[§r§2171§r§8] §r§7ᛃ §r§b[MVP§r§f+§r§b] Firemage_X§r§f: to sorrow swap
11:01:45 [allowed] §8[§r§d332§r§8] §r§b§lᛝ §r§b[MVP§d+§b] DancingNuggets§f§r§f: renown
11:01:46 [allowed] §8[§r§3244§r§8] §r§b[MVP§f+§b] bigkingpigbkp§f§r§f: reknowned
11:01:56 [allowed] §8[§r§2171§r§8] §r§7ᛃ §r§b[MVP§r§f+§r§b] Firemage_X§r§f: 8m D:
11:02:06 [allowed] §cAutopet §eequipped your §7[Lvl 96] §6Tiger§e! §a§lVIEW RULE
11:02:12 [allowed] §6[Sacks] §r§a+7§r§e items§r§e.§r§8 (Last 14s.)
11:02:14 [allowed] §a§l+5 Kill Combo §r§8§r§b+3✯ Magic Find
11:02:20 [allowed]   §r§a§lSLAYER QUEST COMPLETE!
11:02:20 [allowed]    §r§eWolf Slayer LVL 6 §r§5- §r§7Next LVL in §r§d59,245 XP§r§7!
11:02:20 [allowed]    §dRNG Meter §f- §d37,450 Stored XP
11:02:20 [allowed]   §r§5§lSLAYER QUEST STARTED!
11:02:20 [allowed]    §5§l» §7Slay §c3,168 Combat XP §7worth of Wolves§7.
11:02:20 [allowed] §cAutopet §eequipped your §7[Lvl 90] §6Wolf§e! §a§lVIEW RULE
11:02:25 [allowed] §6[Sacks] §r§a+62§r§e items§r§e.§r§8 (Last 5s.)
11:02:26 [allowed] §cYour Kill Combo has expired! You reached a 6 Kill Combo!
11:02:42 [allowed] §8[§r§2171§r§8] §r§7ᛃ §r§b[MVP§r§f+§r§b] Firemage_X§r§f: wait quick question, if someone with high mf kills your slayer do u get the benefit of that?
11:02:47 [allowed] §8[§r§d332§r§8] §r§b§lᛝ §r§b[MVP§d+§b] DancingNuggets§f§r§f: no
11:02:49 [allowed] §8[§r§2171§r§8] §r§7ᛃ §r§b[MVP§r§f+§r§b] Firemage_X§r§f: damn
11:02:50 [allowed] §6[Sacks] §r§a+3§r§e items§r§e.§r§8 (Last 7s.)
11:02:50 [allowed] §8[§r§2171§r§8] §r§7ᛃ §r§b[MVP§r§f+§r§b] Firemage_X§r§f: D:
11:02:57 [allowed] §8[§r§3244§r§8] §r§b[MVP§f+§b] bigkingpigbkp§f§r§f: you only get the looting effect
11:03:01 [allowed] §8[§r§d332§r§8] §r§b§lᛝ §r§b[MVP§d+§b] DancingNuggets§f§r§f: not on slayers
11:03:04 [allowed] §e§lLOOT SHARE §r§r§r§fYou received loot for assisting §r§bDuccy__§r§f!
11:03:05 [allowed] §8[§r§2171§r§8] §r§7ᛃ §r§b[MVP§r§f+§r§b] Firemage_X§r§f: unlucky
11:03:05 [allowed] §8[§r§d332§r§8] §r§b§lᛝ §r§b[MVP§d+§b] DancingNuggets§f§r§f: looting doesnt work on slayers
11:03:09 [allowed] §8[§r§3244§r§8] §r§b[MVP§f+§b] bigkingpigbkp§f§r§f: huh
11:03:10 [allowed] §6[Sacks] §r§a+7§r§e items§r§e.§r§8 (Last 12s.)
11:03:11 [allowed] §8[§r§3244§r§8] §r§b[MVP§f+§b] bigkingpigbkp§f§r§f: oh
11:03:13 [allowed] §cThis ability is on cooldown for 1s.
11:03:16 [allowed] §8[§r§3244§r§8] §r§b[MVP§f+§b] bigkingpigbkp§f§r§f: ok then
11:03:20 [allowed] §8[§r§2171§r§8] §r§7ᛃ §r§b[MVP§r§f+§r§b] Firemage_X§r§f: does mf share work on diana mobs?
11:03:31 [allowed] §8[§r§d332§r§8] §r§b§lᛝ §r§b[MVP§d+§b] DancingNuggets§f§r§f: drops take ur own mf
11:03:33 [allowed] §6[Sacks] §r§a+3§r§e items§r§e.§r§8 (Last 9s.)
11:03:36 [allowed] §8[§r§2171§r§8] §r§7ᛃ §r§b[MVP§r§f+§r§b] Firemage_X§r§f: ugh D:
11:03:44 [allowed] §6[Sacks] §r§a+1§r§e item§r§e.§r§8 (Last 5s.)
11:03:47 [allowed] §eYou received kill credit for assisting on a slayer miniboss!
11:03:51 [allowed] §cWhoa! Slow down there!
11:03:53 [allowed] §6[Sacks] §r§a+6§r§e items§r§e.§r§8 (Last 5s.)
11:04:03 [allowed] §6[Sacks] §r§a+2§r§e items§r§e.§r§8 (Last 5s.)
11:04:20 [allowed] §6[Sacks] §r§a+1§r§e item§r§e.§r§8 (Last 5s.)
11:04:24 [allowed] §e§lLOOT SHARE §r§r§r§fYou received loot for assisting §r§bbigkingpigbkp§r§f!
11:04:25 [allowed] §b§lRARE DROP! §r§7(§r§f§r§75x §r§f§r§9Hamster Wheel§r§7) §r§b(+159% §r§b✯ Magic Find§r§b)
11:04:28 [allowed] §aYou earned §r§2750 GEXP §r§afrom playing SkyBlock!
11:04:29 [allowed] §6[Sacks] §r§a+11§r§e items§r§e.§r§8 (Last 5s.)
11:04:30 [allowed] §a§l+5 Kill Combo §r§8§r§b+3✯ Magic Find
11:04:32 [allowed] §cAutopet §eequipped your §7[Lvl 96] §6Tiger§e! §a§lVIEW RULE
11:04:37 [allowed] §cThis ability is on cooldown for 1s.
11:04:38 [allowed] §6[Sacks] §r§a+5§r§e items§r§e.§r§8 (Last 5s.)
11:04:39 [allowed] §cYour Kill Combo has expired! You reached a 7 Kill Combo!
11:04:41 [allowed] §a§l+5 Kill Combo §r§8§r§b+3✯ Magic Find
11:04:42 [allowed]   §r§a§lSLAYER QUEST COMPLETE!
11:04:42 [allowed]    §r§eWolf Slayer LVL 6 §r§5- §r§7Next LVL in §r§d58,620 XP§r§7!
11:04:42 [allowed]    §dRNG Meter §f- §d38,075 Stored XP
11:04:42 [allowed]   §r§5§lSLAYER QUEST STARTED!
11:04:42 [allowed]    §5§l» §7Slay §c3,168 Combat XP §7worth of Wolves§7.
11:04:42 [allowed] §cAutopet §eequipped your §7[Lvl 90] §6Wolf§e! §a§lVIEW RULE
11:04:42 [allowed] §b§lRARE DROP! §r§7(§r§f§r§75x §r§f§r§9Hamster Wheel§r§7) §r§b(+159% §r§b✯ Magic Find§r§b)
11:04:42 [allowed] §9§lVERY RARE DROP! §r§7(§r§f§r§b◆ Spirit Rune I§r§7) §r§b(+159% §r§b✯ Magic Find§r§b)
11:04:47 [allowed] §6[Sacks] §r§a+64§r§e items§r§e.§r§8 (Last 5s.)
11:04:48 [allowed] §cYour Kill Combo has expired! You reached a 6 Kill Combo!
11:05:06 [allowed] §6[Sacks] §r§a+4§r§e items§r§e.§r§8 (Last 10s.)
11:05:25 [allowed] §6[Sacks] §r§a+2§r§e items§r§e.§r§8 (Last 5s.)
11:05:33 [allowed] §a§l+5 Kill Combo §r§8§r§b+3✯ Magic Find
11:05:38 [allowed] §6[Sacks] §r§a+3§r§e items§r§e.§r§8 (Last 10s.)
11:05:44 [allowed] §e§lLOOT SHARE §r§r§r§fYou received loot for assisting §r§bVibray§r§f!
11:05:45 [allowed] §cYour Kill Combo has expired! You reached a 6 Kill Combo!
11:05:47 [allowed] §e§lLOOT SHARE §r§r§r§fYou received loot for assisting §r§bVibray§r§f!
11:05:52 [allowed] §6[Sacks] §r§a+15§r§e items§r§e.§r§8 (Last 8s.)
11:05:56 [allowed] §a§l+5 Kill Combo §r§8§r§b+3✯ Magic Find
11:05:57 [allowed] §eYou received kill credit for assisting on a slayer miniboss!
11:06:02 [allowed] §6[Sacks] §r§a+6§r§e items§r§e.§r§8 (Last 6s.)
11:06:03 [allowed] §cYour Kill Combo has expired! You reached a 5 Kill Combo!
11:06:08 [allowed] §e§lLOOT SHARE §r§r§r§fYou received loot for assisting §r§aDerekcalopez§r§f!
11:06:08 [allowed] §e§lLOOT SHARE §r§r§r§fYou received loot for assisting §r§aDerekcalopez§r§f!
11:06:11 [allowed] §eYou received kill credit for assisting on a slayer miniboss!
11:06:13 [allowed] §e§lLOOT SHARE §r§r§r§fYou received loot for assisting §r§aDerekcalopez§r§f!
11:06:13 [allowed] §cAutopet §eequipped your §7[Lvl 96] §6Tiger§e! §a§lVIEW RULE
11:06:13 [allowed] §a§l+5 Kill Combo §r§8§r§b+3✯ Magic Find
11:06:17 [allowed] §bDuccy__ §ahas sent you a trade request. §bClick here §ato accept!
11:06:18 [allowed] §aYou have sent a trade request to §r§bbigkingpigbkp§r§a.
11:06:19 [allowed] §6[Sacks] §r§a+17§r§e items§r§e.§r§8 (Last 10s.)
11:06:20 [allowed] §cYour Kill Combo has expired! You reached a 5 Kill Combo!
11:06:21 [allowed]   §r§a§lSLAYER QUEST COMPLETE!
11:06:21 [allowed]    §r§eWolf Slayer LVL 6 §r§5- §r§7Next LVL in §r§d57,995 XP§r§7!
11:06:21 [allowed]    §dRNG Meter §f- §d38,700 Stored XP
11:06:21 [allowed]   §r§5§lSLAYER QUEST STARTED!
11:06:21 [allowed]    §5§l» §7Slay §c3,168 Combat XP §7worth of Wolves§7.
11:06:21 [allowed] §cAutopet §eequipped your §7[Lvl 90] §6Wolf§e! §a§lVIEW RULE
11:06:27 [allowed] §cThe /trade request from §r§b[MVP§r§c+§r§b] Duccy__§r§f §r§cexpired!
11:06:28 [allowed] §cYour /trade request to §r§b[MVP§r§f+§r§b] bigkingpigbkp§r§f §r§cexpired!
11:06:38 [allowed] §6[Sacks] §r§a+61§r§e items§r§e.§r§8 (Last 7s.)
11:06:40 [allowed] §e§lLOOT SHARE §r§r§r§fYou received loot for assisting §r§bbigkingpigbkp§r§f!
11:06:46 [allowed] §6[Sacks] §r§a+10§r§e items§r§e.§r§8 (Last 5s.)
11:06:53 [allowed] §e§lLOOT SHARE §r§r§r§fYou received loot for assisting §r§bDancingNuggets§r§f!
11:06:54 [allowed] §e§lLOOT SHARE §r§r§r§fYou received loot for assisting §r§bVibray§r§f!
11:06:58 [allowed] §a§l+5 Kill Combo §r§8§r§b+3✯ Magic Find
11:07:07 [allowed] §a§l+10 Kill Combo §r§8+§r§610 §r§7coins per kill
11:07:10 [allowed] §cAutopet §eequipped your §7[Lvl 96] §6Tiger§e! §a§lVIEW RULE
11:07:16 [allowed] §cYour Kill Combo has expired! You reached a 13 Kill Combo!
11:07:17 [allowed] §6[Sacks] §r§a+32§r§e items§r§e.§r§8 (Last 23s.)
11:07:20 [allowed] §aYou summoned your §r§6Griffin§r§a!
11:07:21 [allowed]   §r§a§lSLAYER QUEST COMPLETE!
11:07:21 [allowed]    §r§eWolf Slayer LVL 6 §r§5- §r§7Next LVL in §r§d57,370 XP§r§7!
11:07:21 [allowed]    §dRNG Meter §f- §d39,325 Stored XP
11:07:21 [allowed]   §r§5§lSLAYER QUEST STARTED!
11:07:21 [allowed]    §5§l» §7Slay §c3,168 Combat XP §7worth of Wolves§7.
11:07:21 [allowed] §cAutopet §eequipped your §7[Lvl 90] §6Wolf§e! §a§lVIEW RULE
11:07:27 [allowed] §6[Sacks] §r§a+51§r§e items§r§e.§r§8 (Last 5s.)
11:07:46 [allowed] §6[Sacks] §r§a+2§r§e items§r§e.§r§8 (Last 5s.)
11:07:49 [allowed] §e§lLOOT SHARE §r§r§r§fYou received loot for assisting §r§bDancingNuggets§r§f!
11:07:55 [allowed] §6[Sacks] §r§a+11§r§e items§r§e.§r§8 (Last 5s.)
11:08:37 [allowed] §3§l▬▬▬▬▬▬▬▬▬▬▬▬▬▬▬▬▬▬▬▬▬▬▬▬▬▬▬▬▬▬▬▬▬▬▬▬▬▬▬▬▬▬▬▬▬▬▬▬▬▬▬▬▬▬▬▬▬▬▬▬▬▬▬▬
11:08:37 [allowed]  
11:08:38 [allowed] §a§l+5 Kill Combo §r§8§r§b+3✯ Magic Find
11:08:43 [allowed] §6[Sacks] §r§a+3§r§e items§r§e.§r§8 (Last 7s.)
11:08:51 [allowed] §a§l+10 Kill Combo §r§8+§r§610 §r§7coins per kill
11:08:51 [allowed] §3§l▬▬▬▬▬▬▬▬▬▬▬▬▬▬▬▬▬▬▬▬▬▬▬▬▬▬▬▬▬▬▬▬▬▬▬▬▬▬▬▬▬▬▬▬▬▬▬▬▬▬▬▬▬▬▬▬▬▬▬▬▬▬▬▬
11:08:51 [allowed]  
11:08:57 [allowed] §cYour Kill Combo has expired! You reached a 12 Kill Combo!
11:08:57 [allowed] §6[Sacks] §r§a+7§r§e items§r§e.§r§8 (Last 13s.)
11:09:08 [allowed] §bDuccy__ §ahas sent you a trade request. §bClick here §ato accept!
11:09:08 [allowed] §e§lLOOT SHARE §r§r§r§fYou received loot for assisting §r§bbigkingpigbkp§r§f!
11:09:17 [allowed] §6[Sacks] §r§a+14§r§e items§r§e.§r§8 (Last 8s.)
11:09:17 [allowed] §cThe /trade request from §r§b[MVP§r§c+§r§b] Duccy__§r§f §r§cexpired!
11:09:18 [allowed] §a§l+5 Kill Combo §r§8§r§b+3✯ Magic Find
11:09:28 [allowed] §6[Sacks] §r§a+9§r§e items§r§e.§r§8 (Last 10s.)
11:09:30 [allowed] §aYou earned §r§2730 GEXP §r§afrom playing SkyBlock!
11:09:30 [allowed] §cYour Kill Combo has expired! You reached a 9 Kill Combo!
11:09:35 [allowed] §cAutopet §eequipped your §7[Lvl 96] §6Tiger§e! §a§lVIEW RULE
11:09:37 [allowed] §eYou received kill credit for assisting on a slayer miniboss!
11:09:44 [allowed] §6[Sacks] §r§a+9§r§e items§r§e.§r§8 (Last 10s.)
11:09:45 [allowed] §aYou summoned your §r§6Griffin§r§a!
11:09:48 [allowed]   §r§a§lSLAYER QUEST COMPLETE!
11:09:48 [allowed]    §r§eWolf Slayer LVL 6 §r§5- §r§7Next LVL in §r§d56,745 XP§r§7!
11:09:48 [allowed]    §dRNG Meter §f- §d39,950 Stored XP
11:09:48 [allowed]   §r§5§lSLAYER QUEST STARTED!
11:09:48 [allowed]    §5§l» §7Slay §c3,168 Combat XP §7worth of Wolves§7.
11:09:48 [allowed] §cAutopet §eequipped your §7[Lvl 90] §6Wolf§e! §a§lVIEW RULE
11:09:53 [allowed] §6[Sacks] §r§a+57§r§e items§r§e.§r§8 (Last 5s.)
11:09:56 [allowed] §a§l+5 Kill Combo §r§8§r§b+3✯ Magic Find
11:09:57 [allowed] §e§lLOOT SHARE §r§r§r§fYou received loot for assisting §r§bbigkingpigbkp§r§f!
11:10:00 [allowed] §a§l+10 Kill Combo §r§8+§r§610 §r§7coins per kill
11:10:02 [allowed] §6[Sacks] §r§a+12§r§e items§r§e.§r§8 (Last 6s.)
11:10:05 [allowed] §e§lLOOT SHARE §r§r§r§fYou received loot for assisting §r§bDancingNuggets§r§f!
11:10:10 [allowed] §cYour Kill Combo has expired! You reached a 12 Kill Combo!
11:10:11 [allowed] §6[Sacks] §r§a+10§r§e items§r§e.§r§8 (Last 5s.)
11:10:20 [allowed] §6[Sacks] §r§a+3§r§e items§r§e.§r§8 (Last 7s.)
11:10:24 [allowed] §eYou received kill credit for assisting on a slayer miniboss!
11:10:27 [allowed] §cAutopet §eequipped your §7[Lvl 96] §6Tiger§e! §a§lVIEW RULE
11:10:27 [allowed] §eYou received kill credit for assisting on a slayer miniboss!
11:10:30 [allowed] §6[Sacks] §r§a+8§r§e items§r§e.§r§8 (Last 8s.)
11:10:34 [allowed]   §r§a§lSLAYER QUEST COMPLETE!
11:10:34 [allowed]    §r§eWolf Slayer LVL 6 §r§5- §r§7Next LVL in §r§d56,120 XP§r§7!
11:10:34 [allowed]    §dRNG Meter §f- §d40,575 Stored XP
11:10:34 [allowed]   §r§5§lSLAYER QUEST STARTED!
11:10:34 [allowed]    §5§l» §7Slay §c3,168 Combat XP §7worth of Wolves§7.
11:10:34 [allowed] §cAutopet §eequipped your §7[Lvl 90] §6Wolf§e! §a§lVIEW RULE
11:10:39 [allowed] §6[Sacks] §r§a+64§r§e items§r§e.§r§8 (Last 5s.)
11:10:40 [allowed] §e§lLOOT SHARE §r§r§r§fYou received loot for assisting §r§bDancingNuggets§r§f!
11:10:46 [allowed] §6[Sacks] §r§a+12§r§e items§r§e.§r§8 (Last 5s.)
11:10:49 [allowed] §cThis ability is on cooldown for 1s.
11:10:52 [allowed] §a§l+5 Kill Combo §r§8§r§b+3✯ Magic Find
11:10:53 [allowed] §eYou received kill credit for assisting on a slayer miniboss!
11:10:58 [allowed] §6[Sacks] §r§a+4§r§e items§r§e.§r§8 (Last 8s.)
11:11:02 [allowed] §8[§r§3244§r§8] §r§b[MVP§f+§b] bigkingpigbkp§f§r§f: LVL UP! ➜ Wolf Slayer LVL 9!
11:11:04 [allowed] §8[§r§b225§r§8] §r§b[MVP§4+§b] pls_rankup§f§r§f: GG
11:11:05 [allowed] §6[Sacks] §r§a+2§r§e items§r§e.§r§8 (Last 5s.)
11:11:05 [allowed] §8[§r§a151§r§8] §r§7☬ §r§b[MVP§c+§b] Duccy__§f§r§f: gg
11:11:06 [allowed] §8[§r§2171§r§8] §r§7ᛃ §r§b[MVP§r§f+§r§b] Firemage_X§r§f: gg
11:11:06 [allowed] §cYour Kill Combo has expired! You reached a 6 Kill Combo!
11:11:08 [allowed] §8[§r§720§r§8] §r§7Jibi_3001§7§r§7: gg
11:11:08 [allowed] §8[§r§d332§r§8] §r§b§lᛝ §r§b[MVP§d+§b] DancingNuggets§f§r§f: nice
11:11:11 [allowed] §8[§r§f77§r§8] §r§b[MVP§c+§b] BlueSushi25§f§r§f: gg
11:11:13 [allowed] §6[Sacks] §r§a+2§r§e items§r§e.§r§8 (Last 5s.)
11:11:23 [allowed] §8[§r§a151§r§8] §r§7☬ §r§b[MVP§c+§b] Duccy__§f§r§f: how many fluxes did you get
11:11:27 [allowed] §8[§r§3244§r§8] §r§b[MVP§f+§b] bigkingpigbkp§f§r§f: REWARDS AVAILABLE +5❤ Health +150 SkyBlock XP CLICK TO COLLECT
11:11:27 [allowed] §e§lLOOT SHARE §r§r§r§fYou received loot for assisting §r§bpls_rankup§r§f!
11:11:29 [allowed] §8[§r§a151§r§8] §r§7☬ §r§b[MVP§c+§b] Duccy__§f§r§f: until lvl 9
11:11:29 [allowed] §a§l+5 Kill Combo §r§8§r§b+3✯ Magic Find
11:11:31 [allowed] §eYou received kill credit for assisting on a slayer miniboss!
11:11:33 [allowed] §a§lDerekcalopez healed you for 68.9 health!
11:11:33 [allowed] §a§lDerekcalopez healed you for 68.9 health!
11:11:33 [allowed] §8[§r§3244§r§8] §r§b[MVP§f+§b] bigkingpigbkp§f§r§f: bruh thats really useless
11:11:34 [allowed] §cAutopet §eequipped your §7[Lvl 96] §6Tiger§e! §a§lVIEW RULE
11:11:37 [allowed] §8[§r§3244§r§8] §r§b[MVP§f+§b] bigkingpigbkp§f§r§f: 6 i think
11:11:39 [allowed] §6[Sacks] §r§a+11§r§e items§r§e.§r§8 (Last 18s.)
11:11:41 [allowed] §8[§r§b225§r§8] §r§b[MVP§4+§b] pls_rankup§f§r§f: Dammm
11:11:41 [allowed] §cYour Kill Combo has expired! You reached a 8 Kill Combo!
11:11:42 [allowed]   §r§a§lSLAYER QUEST COMPLETE!
11:11:42 [allowed]    §r§eWolf Slayer LVL 6 §r§5- §r§7Next LVL in §r§d55,495 XP§r§7!
11:11:42 [allowed]    §dRNG Meter §f- §d41,200 Stored XP
11:11:42 [allowed]   §r§5§lSLAYER QUEST STARTED!
11:11:42 [allowed]    §5§l» §7Slay §c3,168 Combat XP §7worth of Wolves§7.
11:11:42 [allowed] §cAutopet §eequipped your §7[Lvl 90] §6Wolf§e! §a§lVIEW RULE
11:11:44 [allowed] §8[§r§2171§r§8] §r§7ᛃ §r§b[MVP§r§f+§r§b] Firemage_X§r§f: dangg
11:11:45 [allowed] §8[§r§2171§r§8] §r§7ᛃ §r§b[MVP§r§f+§r§b] Firemage_X§r§f: nice
11:11:45 [allowed] §8[§r§b225§r§8] §r§b[MVP§4+§b] pls_rankup§f§r§f: you lucky af
11:11:48 [allowed] §6[Sacks] §r§a+56§r§e items§r§e.§r§8 (Last 5s.)
11:11:52 [allowed] §8[§r§3244§r§8] §r§b[MVP§f+§b] bigkingpigbkp§f§r§f: :D
11:11:56 [allowed] §6[Sacks] §r§a+5§r§e items§r§e.§r§8 (Last 5s.)
11:12:02 [allowed] §8[§r§2171§r§8] §r§7ᛃ §r§b[MVP§r§f+§r§b] Firemage_X§r§f: sharing is caring tho :D
11:12:14 [allowed] §6[Sacks] §r§a+1§r§e item§r§e.§r§8 (Last 5s.)
11:12:17 [allowed] §8[§r§3246§r§8] §r§b[MVP§f+§b] bigkingpigbkp§f§r§f: Level 244 ➡ [246]
11:12:24 [allowed] §8[§r§2171§r§8] §r§7ᛃ §r§b[MVP§r§f+§r§b] Firemage_X§r§f: dang 2 level jump
11:12:34 [allowed] §6[Sacks] §r§a+3§r§e items§r§e.§r§8 (Last 5s.)
11:12:36 [allowed] §e§lLOOT SHARE §r§r§r§fYou received loot for assisting §r§bTrongolinter§r§f!
11:12:42 [allowed] §6[Sacks] §r§a+11§r§e items§r§e.§r§8 (Last 5s.)
11:12:43 [allowed] §8[§r§b225§r§8] §r§b[MVP§4+§b] pls_rankup§f§r§f: im at lvl 225
11:12:48 [allowed] §8[§r§b225§r§8] §r§b[MVP§4+§b] pls_rankup§f§r§f: i havent unlocked playtime command yet lmfao
11:12:50 [allowed] §6[Sacks] §r§a+1§r§e item§r§e.§r§8 (Last 5s.)
11:12:53 [allowed] §bDuccy__ §ahas sent you a trade request. §bClick here §ato accept!
11:12:54 [allowed] §a§lDerekcalopez healed you for 14.9 health!
11:12:55 [allowed] §8[§r§3246§r§8] §r§b[MVP§f+§b] bigkingpigbkp§f§r§f: You have 2663 hours and 16 minutes playtime!
11:12:57 [allowed] §8[§r§3246§r§8] §r§b[MVP§f+§b] bigkingpigbkp§f§r§f: GG
11:12:59 [allowed] §e§lLOOT SHARE §r§r§r§fYou received loot for assisting §r§aDerekcalopez§r§f!
11:13:00 [allowed] §8[§r§b225§r§8] §r§b[MVP§4+§b] pls_rankup§f§r§f: bro
11:13:01 [allowed] §8[§r§b225§r§8] §r§b[MVP§4+§b] pls_rankup§f§r§f: i got like 90
11:13:02 [allowed] §8[§r§d332§r§8] §r§b§lᛝ §r§b[MVP§d+§b] DancingNuggets§f§r§f: You have 1300 hours and 56 minutes playtime!
11:13:03 [allowed] §8[§r§b225§r§8] §r§b[MVP§4+§b] pls_rankup§f§r§f: lmfao
11:13:03 [allowed] §cThe /trade request from §r§b[MVP§r§c+§r§b] Duccy__§r§f §r§cexpired!
11:13:05 [allowed] §6[Sacks] §r§a+12§r§e items§r§e.§r§8 (Last 5s.)
11:13:07 [allowed] §aYou have 1325 hours and 04 minutes playtime!
11:13:10 [allowed] §8[§r§2171§r§8] §r§7ᛃ §r§b[MVP§r§f+§r§b] Firemage_X§r§f: You have 1325 hours and 04 minutes playtime!
11:13:13 [allowed] §8[§r§3246§r§8] §r§b[MVP§f+§b] bigkingpigbkp§f§r§f: bro
11:13:14 [allowed] §eYou received kill credit for assisting on a slayer miniboss!
11:13:17 [allowed] §8[§r§b225§r§8] §r§b[MVP§4+§b] pls_rankup§f§r§f: You don't have enough playtime to use this command, try again later! (2)
11:13:19 [allowed] §6[Sacks] §r§a+2§r§e items§r§e.§r§8 (Last 5s.)
11:13:20 [allowed] §8[§r§2171§r§8] §r§7ᛃ §r§b[MVP§r§f+§r§b] Firemage_X§r§f: LMAO
11:13:38 [allowed] §6[Sacks] §r§a+2§r§e items§r§e.§r§8 (Last 5s.)
11:13:53 [allowed] §e§lLOOT SHARE §r§r§r§fYou received loot for assisting §r§bpls_rankup§r§f!
11:13:55 [allowed] §8[§r§3246§r§8] §r§b[MVP§f+§b] bigkingpigbkp§f§r§f: 2.6k pt with a skill average of 39
11:14:02 [allowed] §8[§r§3246§r§8] §r§b[MVP§f+§b] bigkingpigbkp§f§r§f: im just too good
11:14:03 [allowed] §6[Sacks] §r§a+15§r§e items§r§e.§r§8 (Last 10s.)
11:14:06 [allowed] §c ☠ §r§7§r§bbigkingpigbkp§r§7 was killed by §r§bbigkingpigbkp§r§7§r§7.
11:14:07 [allowed] §8[§r§3255§r§8] §r§a[VIP] RussianGirlUwU§f§r§f: no u uck
11:14:07 [allowed] §8[§r§b225§r§8] §r§b[MVP§4+§b] pls_rankup§f§r§f: i got 33.9
11:14:09 [allowed] §6[Sacks] §r§a+1§r§e item§r§e.§r§8 (Last 5s.)
11:14:23 [allowed] §8[§r§2171§r§8] §r§7ᛃ §r§b[MVP§r§f+§r§b] Firemage_X§r§f: damn
11:14:31 [allowed] §aYou earned §r§2745 GEXP §r§afrom playing SkyBlock!
11:14:39 [allowed] §8[§r§2171§r§8] §r§7ᛃ §r§b[MVP§r§f+§r§b] Firemage_X§r§f: bro this account is as old as skyblock itself and im lower level than u
11:14:41 [allowed] §8[§r§2171§r§8] §r§7ᛃ §r§b[MVP§r§f+§r§b] Firemage_X§r§f: diabolical
11:14:55 [allowed] §6[Sacks] §r§a+2§r§e items§r§e.§r§8 (Last 7s.)
11:14:57 [allowed] §8[§r§b225§r§8] §r§b[MVP§4+§b] pls_rankup§f§r§f: i made this account 9 months ago but i only started playing for the first time like 2 weeks ago
11:14:57 [allowed] §eYou received kill credit for assisting on a slayer miniboss!
11:14:57 [allowed] §8[§r§3246§r§8] §r§b[MVP§f+§b] bigkingpigbkp§f§r§f: lmao
11:14:59 [allowed] §cAutopet §eequipped your §7[Lvl 96] §6Tiger§e! §a§lVIEW RULE
11:14:59 [allowed] §eYou received kill credit for assisting on a slayer miniboss!
11:15:02 [allowed] §3§l▬▬▬▬▬▬▬▬▬▬▬▬▬▬▬▬▬▬▬▬▬▬▬▬▬▬▬▬▬▬▬▬▬▬▬▬▬▬▬▬▬▬▬▬▬▬▬▬▬▬▬▬▬▬▬▬▬▬▬▬▬▬▬▬
11:15:02 [allowed]   §r§b§lSKILL LEVEL UP §3Taming §8XLV➜§3XLVI
11:15:02 [allowed] 
11:15:02 [allowed]   §r§a§lREWARDS
11:15:02 [allowed]    §r§eZoologist XLVI
11:15:02 [allowed]    §r  §7§fGain §845➜§a46%§f extra pet exp.
11:15:02 [allowed]    §r§7§8+§fGain §89➜§a9.2% §fExp Share rate.
11:15:02 [allowed]    §r§7§8+§a1 §d♣ Pet Luck
11:15:02 [allowed]    §r§7§8+§61,000,000 §7Coins
11:15:02 [allowed]    §r§7§8+§b20 SkyBlock XP
11:15:02 [allowed] §3§l▬▬▬▬▬▬▬▬▬▬▬▬▬▬▬▬▬▬▬▬▬▬▬▬▬▬▬▬▬▬▬▬▬▬▬▬▬▬▬▬▬▬▬▬▬▬▬▬▬▬▬▬▬▬▬▬▬▬▬▬▬▬▬▬
11:15:04 [allowed]  
11:15:04 [allowed] §f                          §r§3§lSKYBLOCK LEVEL UP
11:15:04 [allowed] §f                             §r§2Level §r§8171 ➡ §r§8[§r§2172§r§8]
11:15:04 [allowed]  
11:15:04 [allowed] §f                                  §r§6§lREWARDS
11:15:04 [allowed] §f                                 §r§8+§r§a5 §r§c❤ Health
11:15:04 [allowed]  
11:15:07 [allowed] §cGod Potion expires in §r§e30 Minutes§r§c
11:15:07 [allowed]   §r§a§lSLAYER QUEST COMPLETE!
11:15:07 [allowed]    §r§eWolf Slayer LVL 6 §r§5- §r§7Next LVL in §r§d54,870 XP§r§7!
11:15:07 [allowed]    §dRNG Meter §f- §d41,825 Stored XP
11:15:07 [allowed]   §r§5§lSLAYER QUEST STARTED!
11:15:07 [allowed]    §5§l» §7Slay §c3,168 Combat XP §7worth of Wolves§7.
11:15:07 [allowed] §cAutopet §eequipped your §7[Lvl 90] §6Wolf§e! §a§lVIEW RULE
11:15:08 [allowed] §8[§r§2172§r§8] §r§7ᛃ §r§b[MVP§r§f+§r§b] Firemage_X§r§f: eh
11:15:08 [allowed] §6[Sacks] §r§a+2§r§e items§r§e.§r§8 (Last 5s.)
11:15:10 [allowed] §8[§r§2172§r§8] §r§7ᛃ §r§b[MVP§r§f+§r§b] Firemage_X§r§f: wheres my boss
11:15:16 [allowed] §8[§r§d332§r§8] §r§b§lᛝ §r§b[MVP§d+§b] DancingNuggets§f§r§f: i ate it
11:15:19 [allowed] §8[§r§2172§r§8] §r§7ᛃ §r§b[MVP§r§f+§r§b] Firemage_X§r§f: D:
11:15:21 [allowed] §8[§r§2172§r§8] §r§7ᛃ §r§b[MVP§r§f+§r§b] Firemage_X§r§f: spit it out
11:15:25 [allowed] §8[§r§d332§r§8] §r§b§lᛝ §r§b[MVP§d+§b] DancingNuggets§f§r§f: no
11:15:30 [allowed] §8[§r§2172§r§8] §r§7ᛃ §r§b[MVP§r§f+§r§b] Firemage_X§r§f: :'(
11:15:37 [allowed] §cThis ability is on cooldown for 1s.
11:15:46 [allowed] §a§l+5 Kill Combo §r§8§r§b+3✯ Magic Find
11:15:51 [allowed] §6[Sacks] §r§a+70§r§e items§r§e.§r§8 (Last 17s.)
11:15:53 [allowed] §cYour Kill Combo has expired! You reached a 5 Kill Combo!
11:16:16 [allowed] §7Warping...
11:16:16 [allowed] §7Sending to server mini40BQ...
11:16:16 [allowed] §8 §r§8 §r§1 §r§3 §r§3 §r§7 §r§8 
11:16:19 [allowed] §7Warping you to your SkyBlock island...
11:16:19 [allowed] §7Sending to server mini19CB...
11:16:20 [allowed] §8 §r§8 §r§1 §r§3 §r§3 §r§7 §r§8 
11:16:23 [allowed] §aYou are playing on profile: §ePineapple§b (Co-op)
11:16:23 [allowed] §8Profile ID: 6accdd30-5c34-4840-99a1-da8b87d5f229
11:16:30 [allowed] §aYou summoned your §r§dGuardian§r§a!
11:17:43 [allowed] §eYou claimed the §r§dChronomatron §r§erewards!
11:17:43 [allowed]  §r§8+§r§354,000 Enchanting Exp
11:17:43 [allowed] §8 +§r§d3 Superpairs clicks
11:17:53 [allowed] §cUnknown destination! Check the Fast Travel menu to view options!
11:17:57 [allowed] §7Finding player...
11:17:58 [allowed] §7Sending a visit request...
11:17:59 [allowed] §7Sending to server mini69F...
11:17:59 [allowed] §8 §r§8 §r§1 §r§3 §r§3 §r§7 §r§8 
11:18:00 [allowed] §f§m-----------------------------------------------------
§r§cYou should NEVER enter your Microsoft account details anywhere but on official Microsoft services!

§r§cExternal links from untrusted sources should be avoided.
§r§f§m-----------------------------------------------------
11:18:02 [allowed] §aYou are playing on profile: §ePineapple§b (Co-op)
11:18:02 [allowed] §8Profile ID: 6accdd30-5c34-4840-99a1-da8b87d5f229
11:18:06 [allowed] §d§lYum! §r§eYou gain §r§d+1♣ Pet Luck §r§efor §r§a48 §r§ehours!
11:18:07 [allowed] §d§lYum! §r§eYou gain §r§c+10❤ Health §r§efor §r§a48 §r§ehours!
11:18:08 [allowed] §d§lYum! §r§eYou gain §r§c+2❁ Strength §r§efor §r§a48 §r§ehours!
11:18:10 [allowed] §d§lYum! §r§eYou gain §r§c+2⫽ Ferocity §r§efor §r§a48 §r§ehours!
11:18:11 [allowed] §d§lYum! §r§eYou gain §r§f+10✦ Speed §r§efor §r§a48 §r§ehours!
11:18:13 [allowed] §d§lBig Yum! §r§eYou refresh §r§f+10✦ Speed §r§efor §r§a48 §r§ehours!
11:18:14 [allowed] §d§lYum! §r§eYou gain §r§b+5✎ Intelligence §r§efor §r§a48 §r§ehours!
11:18:17 [allowed] §d§lBig Yum! §r§eYou refresh §r§b+5✎ Intelligence §r§efor §r§a48 §r§ehours!
11:18:18 [allowed] §d§lYum! §r§eYou gain §r§3+1α Sea Creature Chance §r§efor §r§a48 §r§ehours!
11:18:20 [allowed] §d§lYum! §r§eYou gain §r§b+1✯ Magic Find §r§efor §r§a48 §r§ehours!
11:18:22 [allowed] §d§lYum! §r§eYou gain §r§6+5☘ Farming Fortune §r§efor §r§a48 §r§ehours!
11:18:24 [allowed] §d§lYum! §r§eYou gain §r§6+5☘ Mining Fortune §r§efor §r§a48 §r§ehours!
11:18:24 [allowed] §d§lYum! §r§eYou gain §r§4+1♨ Vitality §r§efor §r§a48 §r§ehours!
11:18:26 [allowed] §d§lYum! §r§eYou gain §r§f+1❂ True Defense §r§efor §r§a48 §r§ehours!
11:18:28 [allowed] §d§lBig Yum! §r§eYou refresh §r§f+1❂ True Defense §r§efor §r§a48 §r§ehours!
11:18:31 [allowed] §d§lBig Yum! §r§eYou refresh §r§f+1❂ True Defense §r§efor §r§a48 §r§ehours!
11:18:33 [allowed] §d§lYum! §r§eYou gain §r§6+5☘ Foraging Fortune §r§efor §r§a48 §r§ehours!
11:18:37 [allowed] §7Warping you to your SkyBlock island...
11:18:37 [allowed] §7Sending to server mini8BV...
11:18:38 [allowed] §8 §r§8 §r§1 §r§3 §r§3 §r§7 §r§8 
11:18:41 [allowed] §aYou are playing on profile: §ePineapple§b (Co-op)
11:18:41 [allowed] §8Profile ID: 6accdd30-5c34-4840-99a1-da8b87d5f229
11:18:55 [allowed] §aFriend > §r§bCheekyFemboy §r§ejoined.
11:19:58 [allowed] §eYou claimed the §r§dUltrasequencer §r§erewards!
11:19:58 [allowed]  §r§8+§r§356,000 Enchanting Exp
11:19:58 [allowed] §8 +§r§d3 Superpairs clicks
11:21:03 [allowed] §eYou claimed the §r§dSuperpairs §r§erewards!
11:21:03 [allowed] §8 +§r§3600k Enchanting Exp
11:21:03 [allowed]  §r§8+§r§3145k Enchanting Exp
11:23:00 [allowed] §7Warping...
11:23:01 [allowed] §7Sending to server mini28N...
11:23:01 [allowed] §8 §r§8 §r§1 §r§3 §r§3 §r§7 §r§8 
11:23:04 [allowed] §aYou are playing on profile: §ePineapple§b (Co-op)
11:23:04 [allowed] §8Profile ID: 6accdd30-5c34-4840-99a1-da8b87d5f229
11:23:11 [allowed] §a§l▬▬▬▬▬▬▬▬▬▬▬▬▬▬▬▬▬▬▬▬▬▬▬▬▬▬▬▬▬▬▬▬▬▬▬▬▬▬▬▬▬▬▬▬▬▬▬▬▬▬▬▬▬▬▬▬▬▬▬▬▬▬▬▬
11:23:11 [allowed] §f                            §r§6§lRAFFLE STARTED!
11:23:11 [allowed] §f                                 §r§7Mining Event
11:23:11 [allowed] §f                                        
11:23:11 [allowed] §f              Bring §r§6tickets §r§ffrom the ground to the box!
11:23:11 [allowed] §f                3 §r§elucky §r§fplayers win §r§6exclusive §r§frewards!
11:23:11 [allowed] §f            More tickets = more §r§echances §r§f& more §r§6rewards§r§f!
11:23:11 [allowed] §f                                        
11:23:11 [allowed] §f               Go to §r§bDivan's Gateway §r§7(or talk to Garry)
11:23:11 [allowed] §a§l▬▬▬▬▬▬▬▬▬▬▬▬▬▬▬▬▬▬▬▬▬▬▬▬▬▬▬▬▬▬▬▬▬▬▬▬▬▬▬▬▬▬▬▬▬▬▬▬▬▬▬▬▬▬▬▬▬▬▬▬▬▬▬▬
11:23:32 [allowed] §c ☠ §r§7§r§ayellower_fellow§r§7 was killed by Ghost§r§7§r§7.
11:24:16 [allowed] §6[Bazaar] §r§7Executing instant buy...
11:24:16 [allowed] §6[Bazaar] §r§7Bought §r§a1§r§7x §r§5✧ Flawless Topaz Gemstone §r§7for §r§62,828,993 coins§r§7!
11:24:16 [allowed] §6[Bazaar] §r§7Executing instant buy...
11:24:16 [allowed] §6[Bazaar] §r§7Bought §r§a1§r§7x §r§5✧ Flawless Topaz Gemstone §r§7for §r§62,828,993 coins§r§7!
11:24:17 [allowed] §6[Bazaar] §r§7Executing instant buy...
11:24:17 [allowed] §6[Bazaar] §r§7Bought §r§a1§r§7x §r§5✧ Flawless Topaz Gemstone §r§7for §r§62,828,993 coins§r§7!
11:24:18 [allowed] §6[Bazaar] §r§7Executing instant buy...
11:24:18 [allowed] §6[Bazaar] §r§7Bought §r§a1§r§7x §r§5✧ Flawless Topaz Gemstone §r§7for §r§62,828,993 coins§r§7!
11:24:32 [allowed] §aFriend > §r§bHoldMyGoonie §r§eleft.
11:24:42 [allowed] §6[Bazaar] §r§7Executing instant buy...
11:24:42 [allowed] §6[Bazaar] §r§7Bought §r§a512§r§7x §r§aEnchanted Hard Stone §r§7for §r§6636,621 coins§r§7!
11:25:13 [allowed] §d§lTIME TOWER! §r§7Your §r§6Chocolate Factory §r§7production has increased by §r§6+1.4x §r§7for §r§a1h§r§7!
11:25:15 [allowed] §5Rabbit Granny §r§7has been promoted to §r§7[174§r§7] §r§5Manager§r§7!
11:25:15 [allowed] §6Rabbit Granny §r§7has been promoted to §r§7[175§r§7] §r§6Director§r§7!
11:25:15 [allowed] §6Rabbit Granny §r§7has been promoted to §r§7[176§r§7] §r§6Director§r§7!
11:25:17 [allowed] §5Rabbit Uncle §r§7has been promoted to §r§7[153§r§7] §r§5Manager§r§7!
11:25:17 [allowed] §5Rabbit Uncle §r§7has been promoted to §r§7[154§r§7] §r§5Manager§r§7!
11:25:17 [allowed] §5Rabbit Uncle §r§7has been promoted to §r§7[155§r§7] §r§5Manager§r§7!
11:25:17 [allowed] §5Rabbit Uncle §r§7has been promoted to §r§7[156§r§7] §r§5Manager§r§7!
11:25:17 [allowed] §5Rabbit Uncle §r§7has been promoted to §r§7[157§r§7] §r§5Manager§r§7!
11:25:18 [allowed] §5Rabbit Dog §r§7has been promoted to §r§7[151§r§7] §r§5Manager§r§7!
11:25:19 [allowed] §5Rabbit Dog §r§7has been promoted to §r§7[152§r§7] §r§5Manager§r§7!
11:25:19 [allowed] §5Rabbit Dog §r§7has been promoted to §r§7[153§r§7] §r§5Manager§r§7!
11:25:19 [allowed] §6Rabbit Cousin §r§7has been promoted to §r§7[177§r§7] §r§6Director§r§7!
11:25:21 [allowed] §6Rabbit Cousin §r§7has been promoted to §r§7[178§r§7] §r§6Director§r§7!
11:25:22 [allowed] §6Rabbit Cousin §r§7has been promoted to §r§7[179§r§7] §r§6Director§r§7!
11:25:23 [allowed] §7You upgraded to §r§dCoach Jackrabbit XV§r§7!
11:25:23 [allowed] §5Rabbit Dog §r§7has been promoted to §r§7[154§r§7] §r§5Manager§r§7!
11:25:31 [allowed] §e[NPC] Fred§f: §r§fThese forges have been running at an endermite's pace!
11:25:33 [allowed] §e[NPC] Fred§f: §r§fMy job here is to make sure the lava flows and that the titanium shines.
11:25:35 [allowed] §e[NPC] Fred§f: §r§fYep, it's mostly watching other people work!
11:25:41 [allowed] §e[NPC] Fred§f: §r§fThese forges have been running at an endermite's pace!
11:25:42 [allowed] §c§lRAFFLE CLOSING! §r§7in 10 seconds
11:25:42 [allowed] §e[NPC] Fred§f: §r§fMy job here is to make sure the lava flows and that the titanium shines.
11:25:45 [allowed] §e[NPC] Fred§f: §r§fYep, it's mostly watching other people work!
11:26:12 [allowed] §a§l▬▬▬▬▬▬▬▬▬▬▬▬▬▬▬▬▬▬▬▬▬▬▬▬▬▬▬▬▬▬▬▬▬▬▬▬▬▬▬▬▬▬▬▬▬▬▬▬▬▬▬▬▬▬▬▬▬▬▬▬▬▬▬▬
11:26:12 [allowed] §f                              §r§6§lRAFFLE ENDED!
11:26:12 [allowed] §f                                 §r§7Mining Event
11:26:12 [allowed] §f                          §r§cYou didn't participate...
11:26:12 [allowed] §a§l▬▬▬▬▬▬▬▬▬▬▬▬▬▬▬▬▬▬▬▬▬▬▬▬▬▬▬▬▬▬▬▬▬▬▬▬▬▬▬▬▬▬▬▬▬▬▬▬▬▬▬▬▬▬▬▬▬▬▬▬▬▬▬▬
11:26:36 [allowed] §7Warping...
11:26:37 [allowed] §aYou earned §r§2151 GEXP §r§afrom playing SkyBlock!
11:26:52 [allowed] §6[Bazaar] §r§7Executing instant buy...
11:26:53 [allowed] §6[Bazaar] §r§7Bought §r§a3§r§7x §r§fSugar Cane §r§7for §r§620.1 coins§r§7!
11:26:57 [allowed] §6[Bazaar] §r§7Executing instant buy...
11:26:58 [allowed] §6[Bazaar] §r§7Bought §r§a1§r§7x §r§fGunpowder §r§7for §r§623.7 coins§r§7!
11:27:09 [allowed] §cThere are blocks in the way!
11:27:09 [allowed] §cThere are blocks in the way!
11:27:09 [allowed] §cThere are blocks in the way!
11:27:10 [allowed] §cThere are blocks in the way!
11:27:10 [allowed] §cThere are blocks in the way!
11:27:12 [allowed] §e[NPC] Fetchur§f: §rhi i need your help maybe
11:27:14 [allowed] §e[NPC] Fetchur§f: §rim looking for some stuff, dont remember the name tbh
11:27:15 [allowed] §c ☠ §r§7§r§ayellower_fellow§r§7 was killed by Ghost§r§7§r§7.
11:27:15 [allowed] §e[NPC] Fetchur§f: §rits useful during celebrations
11:27:17 [allowed] §e[NPC] Fetchur§f: §ri need 1 pls
11:27:17 [allowed] §e[NPC] Fetchur§f: §rthanks thats probably what i needed
11:27:17 [allowed] §aYou received these rewards:
11:27:17 [allowed]   §r§8+§r§620,000 Coins
11:27:17 [allowed]   §r§8+§r§21,000 Mithril Powder
11:27:17 [allowed]   §r§8+§r§b11 Bits
11:27:18 [allowed] §e[NPC] Fetchur§f: §rtake some gifts!
11:27:25 [allowed] §cThere are blocks in the way!
11:27:25 [allowed] §cThere are blocks in the way!
11:27:26 [allowed] §cThere are blocks in the way!
11:27:28 [allowed] §cThere are blocks in the way!
11:27:28 [allowed] §cThere are blocks in the way!
11:27:30 [allowed] §cThere are blocks in the way!
11:27:36 [allowed] §e[NPC] §dPuzzler§f: §r§b◀§d▲§a▼§d▲§d▲§5▶§d▲§d▲§d▲§a▼
11:27:39 [allowed] §e[NPC] §dPuzzler§f: §r§a✌✓
11:27:39 [allowed] §e[NPC] §dPuzzler§f: §r▶▶Nice!  ▲Here, ◀have ▼some◀ ▶Mithril Powder!▲
11:27:39 [allowed] §dPuzzler§r§6 gave you §r§21,000 Mithril Powder §r§6for solving the puzzle!
11:28:43 [allowed] §6[Bazaar] §r§7Putting goods in escrow...
11:28:43 [allowed] §6[Bazaar] §r§7Submitting sell offer...
11:28:43 [allowed] §6[Bazaar] §r§7§r§eSell Offer Setup! §r§a20§r§7x §r§9Hamster Wheel §r§7for §r§6907,852 coins§r§7.
11:31:40 [allowed] §aYou earned §r§2473 GEXP §r§afrom playing SkyBlock!
11:32:34 [allowed] §c ☠ §r§7§r§7Vanja_123§r§7 was killed by Ghost§r§7§r§7.
11:34:02 [allowed] §7Warping...
11:34:02 [allowed] §7Sending to server mini16CN...
11:34:02 [allowed] §8 §r§8 §r§1 §r§3 §r§3 §r§7 §r§8 
