10:27:35 [SKYMALL] §bNew day! §r§eYour §r§2Sky Mall §r§ebuff changed!
10:27:35 [SKYMALL] §eNew buff§r§r§r: §r§fGain §r§6+50☘ Mining Fortune§r§f.
10:27:35 [SKYMALL] §8§oYou can disable this messaging by toggling Sky Mall in your /hotm!
10:35:01 [SKYMALL] §bNew day! §r§eYour §r§2Sky Mall §r§ebuff changed!
10:35:01 [SKYMALL] §eNew buff§r§r§r: §r§fGain §r§6+50☘ Mining Fortune§r§f.
10:35:01 [SKYMALL] §8§oYou can disable this messaging by toggling Sky Mall in your /hotm!
10:40:45 [PEST_DROP] §eYou received §a22x Enchanted Sugar §efor killing a §2Mosquito§e!
10:40:57 [PEST_DROP] §eYou received §a14x Enchanted Pumpkin §efor killing a §2Rat§e!
10:41:00 [PEST_DROP] §eYou received §a16x Enchanted Wheat §efor killing a §2Fly§e!
10:41:08 [BESTIARY] §f                                  §6§lBESTIARY
10:41:08 [BESTIARY] §f                                 §b§lFly §7§8X §8➡§b §bXI
10:41:08 [BESTIARY] 
10:41:08 [BESTIARY] §f                                  §r§6§lREWARDS
10:41:08 [BESTIARY] §f                          §r§6+0.4☘ Farming Fortune
10:41:08 [BESTIARY] §f                                §r§8+§r§62% §r§aFly §r§7coins
10:41:08 [BESTIARY] §f                    §r§8+§r§a50% §r§7chance for extra XP orbs
10:41:08 [BESTIARY] §f                               §r§8+§r§b1 SkyBlock XP
10:41:08 [BESTIARY] 
10:41:08 [BESTIARY] §3§l▬▬▬▬▬▬▬▬▬▬▬▬▬▬▬▬▬▬▬▬▬▬▬▬▬▬▬▬▬▬▬▬▬▬▬▬▬▬▬▬▬▬▬▬▬▬▬▬▬▬▬▬▬▬▬▬▬▬▬▬▬▬▬▬
10:41:08 [PEST_DROP] §eYou received §a18x Enchanted Wheat §efor killing a §2Fly§e!
10:41:12 [PEST_DROP] §eYou received §a66x Enchanted Carrot §efor killing a §2Cricket§e!
10:41:36 [PEST_DROP] §eYou received §a20x Enchanted Brown Mushroom §efor killing a §2Slug§e!
10:41:39 [PEST_DROP] §eYou received §a66x Enchanted Carrot §efor killing a §2Cricket§e!
10:41:57 [PEST_DROP] §eYou received §a55x Enchanted Cocoa Beans §efor killing a §2Moth§e!
10:42:54 [GARDEN_VISITOR_MESSAGE] §e[NPC] §aFelix§f: §r§fYou won't be able to store any items in the Garden, you should keep them on your Private Island!
10:42:57 [GARDEN_VISITOR_MESSAGE] §e[NPC] §aFelix§f: §r§fMaybe next time.
10:42:58 [GARDEN_VISITOR_MESSAGE] §e[NPC] §aPlumber Joe§f: §r§fI once dumped a magical water bucket into the toilet. It won't stop overflowing. Anyway, you got something for me?
10:43:00 [GARDEN_VISITOR_MESSAGE] §e[NPC] §aPlumber Joe§f: §r§fI guess I'll just try to fix it myself.
10:43:01 [NEW_VISITOR_ARRIVED] §a§r§aRhys §r§ehas arrived on your §r§aGarden§r§e!
10:43:01 [GARDEN_VISITOR_MESSAGE] §e[NPC] §aFriendly Hiker§f: §r§fI'm planning to head back into the gorge to fetch my hiker friend, but I'll need some meat to cook before I head in there.
10:43:03 [GARDEN_VISITOR_MESSAGE] §e[NPC] §aFriendly Hiker§f: §r§fThat's alright. I can always head into the Oasis to hunt down some sheep.
10:43:04 [GARDEN_VISITOR_MESSAGE] §e[NPC] §aLynn§f: §r§fIf you ever get lost, you should check on the Desk on what to do next.
10:43:07 [GARDEN_VISITOR_MESSAGE] §e[NPC] §aLynn§f: §r§fMaybe next time.
10:43:08 [GARDEN_VISITOR_MESSAGE] §e[NPC] §aTarwen§f: §r§fBuurrrp? ... Burrp bURp!
10:43:10 [GARDEN_VISITOR_MESSAGE] §e[NPC] §aTarwen§f: §r§fBuUuUrRrPpP!
10:43:11 [GARDEN_VISITOR_MESSAGE] §e[NPC] §aRhys§f: §r§fI found an unexplored cave while mining for titanium. But it's too dark to see in there, even for me! Can you spare any glowing pumpkins?
10:43:16 [GARDEN_VISITOR_MESSAGE] §e[NPC] §aRhys§f: §r§fWell then, I will even mine in total darkness if I must!
10:45:42 [BESTIARY] §f                                  §6§lBESTIARY
10:45:42 [BESTIARY] §f                          §b§lHowling Spirit §7§8X §8➡§b §bXI
10:45:42 [BESTIARY] 
10:45:42 [BESTIARY] §f                                  §r§6§lREWARDS
10:45:42 [BESTIARY] §f                      §r§8+§r§a4 §r§bHowling Spirit §r§b✯ Magic Find
10:45:42 [BESTIARY] §f                       §r§8+§r§a4 §r§bHowling Spirit §r§c❁ Strength
10:45:42 [BESTIARY] §f                          §r§8+§r§62% §r§a§r§bHowling Spirit §r§7coins
10:45:42 [BESTIARY] §f                    §r§8+§r§a50% §r§7chance for extra XP orbs
10:45:42 [BESTIARY] §f                               §r§8+§r§b1 SkyBlock XP
10:45:42 [BESTIARY] 
10:45:42 [BESTIARY] §3§l▬▬▬▬▬▬▬▬▬▬▬▬▬▬▬▬▬▬▬▬▬▬▬▬▬▬▬▬▬▬▬▬▬▬▬▬▬▬▬▬▬▬▬▬▬▬▬▬▬▬▬▬▬▬▬▬▬▬▬▬▬▬▬▬
10:55:01 [SKYMALL] §bNew day! §r§eYour §r§2Sky Mall §r§ebuff changed!
10:55:01 [SKYMALL] §eNew buff§r§r§r: §r§f§r§a-20%§r§f Pickaxe Ability cooldowns.
10:55:01 [SKYMALL] §8§oYou can disable this messaging by toggling Sky Mall in your /hotm!
11:08:37 [BESTIARY] §f                                  §6§lBESTIARY
11:08:37 [BESTIARY] §f                            §b§lPack Spirit §7§8X §8➡§b §bXI
11:08:37 [BESTIARY] 
11:08:37 [BESTIARY] §f                                  §r§6§lREWARDS
11:08:37 [BESTIARY] §f                       §r§8+§r§a4 §r§bPack Spirit §r§b✯ Magic Find
11:08:37 [BESTIARY] §f                        §r§8+§r§a4 §r§bPack Spirit §r§c❁ Strength
11:08:37 [BESTIARY] §f                           §r§8+§r§62% §r§a§r§bPack Spirit §r§7coins
11:08:37 [BESTIARY] §f                    §r§8+§r§a50% §r§7chance for extra XP orbs
11:08:37 [BESTIARY] §f                               §r§8+§r§b1 SkyBlock XP
11:08:37 [BESTIARY] 
11:08:37 [BESTIARY] §3§l▬▬▬▬▬▬▬▬▬▬▬▬▬▬▬▬▬▬▬▬▬▬▬▬▬▬▬▬▬▬▬▬▬▬▬▬▬▬▬▬▬▬▬▬▬▬▬▬▬▬▬▬▬▬▬▬▬▬▬▬▬▬▬▬
11:08:51 [BESTIARY] §f                                  §6§lBESTIARY
11:08:51 [BESTIARY] §f                     §b§lSoul of the Alpha §7§8XII §8➡§b §bXIII
11:08:51 [BESTIARY] 
11:08:51 [BESTIARY] §f                                  §r§6§lREWARDS
11:08:51 [BESTIARY] §f                   §r§8+§r§a4 §r§3Soul of the Alpha §r§b✯ Magic Find
11:08:51 [BESTIARY] §f                    §r§8+§r§a4 §r§3Soul of the Alpha §r§c❁ Strength
11:08:51 [BESTIARY] §f                       §r§8+§r§62% §r§a§r§3Soul of the Alpha §r§7coins
11:08:51 [BESTIARY] §f                    §r§8+§r§a50% §r§7chance for extra XP orbs
11:08:51 [BESTIARY] §f                               §r§8+§r§b1 SkyBlock XP
11:08:51 [BESTIARY] 
11:08:51 [BESTIARY] §3§l▬▬▬▬▬▬▬▬▬▬▬▬▬▬▬▬▬▬▬▬▬▬▬▬▬▬▬▬▬▬▬▬▬▬▬▬▬▬▬▬▬▬▬▬▬▬▬▬▬▬▬▬▬▬▬▬▬▬▬▬▬▬▬▬
11:15:01 [SKYMALL] §bNew day! §r§eYour §r§2Sky Mall §r§ebuff changed!
11:15:01 [SKYMALL] §eNew buff§r§r§r: §r§f§r§a-20%§r§f Pickaxe Ability cooldowns.
11:15:01 [SKYMALL] §8§oYou can disable this messaging by toggling Sky Mall in your /hotm!
