10:27:41 §e[SkyHanni] You have gained §b283 §eBits.§r
10:29:58 §e[SkyHanni] §b+5 SkyBlock XP §7(Metaphysical Serum§7)§b (74/100)§r
10:30:01 §e[SkyHanni] §b+5 SkyBlock XP §7(Metaphysical Serum§7)§b (79/100)§r
10:33:55 §e[SkyHanni] §aFelix §eis visiting your garden!§r
10:33:55 §e[SkyHanni] §aPlumber Joe §eis visiting your garden!§r
10:33:55 §e[SkyHanni] §aFriendly Hiker §eis visiting your garden!§r
10:33:55 §e[SkyHanni] §aLynn §eis visiting your garden!§r
10:33:55 §e[SkyHanni] §aTarwen §eis visiting your garden!§r
10:33:57 §c[SkyHanni-0.27]: Error loading user farming weight
§eLoading the farming weight data from elitebot.dev failed!
§eYou can re-enter the garden to try to fix the problem.
§cIf this message repeats, please report it on Discord§c. Click here to copy the error into the clipboard.§r
10:40:46 §e[SkyHanni] You have gained §b6 §eBits.§r
10:40:58 §e[SkyHanni] You have gained §b12 §eBits.§r
10:41:01 §e[SkyHanni] You have gained §b6 §eBits.§r
10:41:08 §6§lBESTIARY §r§b§lFly §7§8X §8➡§b §bXI§r
10:41:11 §e[SkyHanni] You have gained §b6 §eBits.§r
10:41:13 §e[SkyHanni] You have gained §b6 §eBits.§r
10:41:37 §e[SkyHanni] You have gained §b12 §eBits.§r
10:41:40 §e[SkyHanni] You have gained §b12 §eBits.§r
10:41:57 §e[SkyHanni] You have gained §b6 §eBits.§r
10:42:33 §e[SkyHanni] You have gained §b57 §eBits.§r
10:43:02 §e[SkyHanni] §aRhys §eis visiting your garden!§r
10:45:42 §6§lBESTIARY §r§b§lHowling Spirit §7§8X §8➡§b §bXI§r
10:47:32 §e[SkyHanni] You have gained §b14 §eBits.§r
10:48:32 §e[SkyHanni] You have gained §b14 §eBits.§r
10:51:15 §e[SkyHanni] You have gained §b14 §eBits.§r
10:54:49 §e[SkyHanni] You have gained §b14 §eBits.§r
10:56:56 §e[SkyHanni] You have gained §b14 §eBits.§r
10:57:51 §e[SkyHanni] You have gained §b283 §eBits.§r
10:59:52 §e[SkyHanni] You have gained §b14 §eBits.§r
11:02:20 §e[SkyHanni] You have gained §b14 §eBits.§r
11:04:41 §e[SkyHanni] You have gained §b14 §eBits.§r
11:06:21 §e[SkyHanni] You have gained §b14 §eBits.§r
11:07:21 §e[SkyHanni] You have gained §b14 §eBits.§r
11:08:37 §6§lBESTIARY §r§b§lPack Spirit §7§8X §8➡§b §bXI§r
11:08:51 §6§lBESTIARY §r§b§lSoul of the Alpha §7§8XII §8➡§b §bXIII§r
11:09:47 §e[SkyHanni] You have gained §b14 §eBits.§r
11:10:33 §e[SkyHanni] You have gained §b14 §eBits.§r
11:11:42 §e[SkyHanni] You have gained §b14 §eBits.§r
11:15:07 §e[SkyHanni] You have gained §b14 §eBits.§r
11:27:17 §e[SkyHanni] You have gained §b11 §eBits.§r
11:27:39 §e[SkyHanni] §b+1 SkyBlock XP §7(HOTM Progression§7)§b (9/100)§r
11:27:39 §e[SkyHanni] You have gained §b11 §eBits.§r
11:28:22 §e[SkyHanni] You have gained §b283 §eBits.§r
