13:45:54 OptiFine ConnectedTextures
13:45:54 OptiFine ConnectedTextures
13:45:54 OptiFine ConnectedTextures
13:45:54 OptiFine ConnectedTextures
13:45:54 OptiFine ConnectedTextures
13:45:54 OptiFine ConnectedTextures
13:45:54 OptiFine ConnectedTextures
13:45:54 OptiFine ConnectedTextures
13:45:54 OptiFine ConnectedTextures
13:45:54 OptiFine ConnectedTextures
13:45:54 OptiFine ConnectedTextures
13:45:54 OptiFine ConnectedTextures
13:45:54 OptiFine ConnectedTextures
13:45:54 OptiFine ConnectedTextures
13:45:54 OptiFine ConnectedTextures
13:45:54 OptiFine ConnectedTextures
13:45:54 OptiFine ConnectedTextures
13:45:54 OptiFine ConnectedTextures
13:45:54 OptiFine ConnectedTextures
13:45:54 OptiFine ConnectedTextures
13:45:54 OptiFine ConnectedTextures
13:45:54 OptiFine ConnectedTextures
13:45:54 OptiFine ConnectedTextures
13:45:54 OptiFine ConnectedTextures
13:45:54 OptiFine ConnectedTextures
13:45:54 OptiFine ConnectedTextures
13:45:54 OptiFine ConnectedTextures
13:45:54 OptiFine ConnectedTextures
13:45:54 OptiFine ConnectedTextures
13:45:54 OptiFine ConnectedTextures
13:45:54 OptiFine ConnectedTextures
13:45:54 OptiFine ConnectedTextures
13:45:54 OptiFine ConnectedTextures
13:45:54 OptiFine ConnectedTextures
13:45:54 OptiFine ConnectedTextures
13:45:54 OptiFine ConnectedTextures
13:45:54 OptiFine ConnectedTextures
13:45:54 OptiFine ConnectedTextures
13:45:54 OptiFine ConnectedTextures
13:45:54 OptiFine ConnectedTextures
13:45:54 OptiFine ConnectedTextures
13:45:54 OptiFine ConnectedTextures
13:45:54 OptiFine ConnectedTextures
13:45:54 OptiFine ConnectedTextures
13:45:54 OptiFine ConnectedTextures
13:45:54 OptiFine ConnectedTextures
13:45:54 OptiFine ConnectedTextures
13:45:54 OptiFine ConnectedTextures
13:45:54 OptiFine ConnectedTextures
13:45:54 OptiFine ConnectedTextures
13:45:54 OptiFine ConnectedTextures
13:45:54 OptiFine ConnectedTextures
13:45:54 OptiFine ConnectedTextures
13:45:54 OptiFine ConnectedTextures
13:45:54 OptiFine ConnectedTextures
13:45:54 OptiFine ConnectedTextures
13:45:54 OptiFine ConnectedTextures
13:45:54 OptiFine ConnectedTextures
13:45:54 OptiFine ConnectedTextures
13:45:54 OptiFine ConnectedTextures
13:45:54 OptiFine ConnectedTextures
13:45:58 AsmHelper Transforming
13:48:17 AsmHelper Transforming
13:48:17 AsmHelper Applying AsmWriter
14:04:19 Biome ID bounds
14:04:19 Biome ID bounds
14:04:19 Biome ID bounds
14:04:19 Biome ID bounds
14:04:19 Biome ID bounds
14:04:19 Biome ID bounds
14:04:19 Biome ID bounds
14:04:19 Biome ID bounds
14:04:19 Biome ID bounds
14:04:19 Biome ID bounds
14:04:19 Biome ID bounds
14:04:19 Biome ID bounds
14:04:19 Biome ID bounds
14:04:19 Biome ID bounds
14:04:19 Biome ID bounds
14:04:19 Biome ID bounds
14:04:19 Biome ID bounds
14:04:19 Biome ID bounds
14:04:19 Biome ID bounds
14:04:19 Biome ID bounds
14:04:19 Biome ID bounds
14:04:19 Biome ID bounds
14:04:19 Biome ID bounds
14:04:19 Biome ID bounds
14:04:19 Biome ID bounds
14:04:19 Biome ID bounds
14:04:19 Biome ID bounds
14:04:19 Biome ID bounds
14:04:19 Biome ID bounds
14:04:19 Biome ID bounds
14:04:19 Biome ID bounds
14:04:19 Biome ID bounds
14:04:19 Biome ID bounds
14:04:19 Biome ID bounds
14:04:19 Biome ID bounds
14:04:19 Biome ID bounds
14:04:19 Biome ID bounds
14:04:19 Biome ID bounds
14:04:19 Biome ID bounds
14:04:19 Biome ID bounds
14:04:19 Biome ID bounds
14:04:19 Biome ID bounds
14:04:19 Biome ID bounds
14:04:19 Biome ID bounds
14:04:19 Biome ID bounds
14:04:19 Biome ID bounds
14:04:19 Biome ID bounds
14:04:19 Biome ID bounds
14:04:19 Biome ID bounds
14:04:19 Biome ID bounds
14:04:19 Biome ID bounds
14:04:19 Biome ID bounds
14:04:19 Biome ID bounds
14:04:19 Biome ID bounds
14:04:19 Biome ID bounds
14:04:19 Biome ID bounds
14:04:19 Biome ID bounds
14:04:19 Biome ID bounds
14:04:19 Biome ID bounds
14:04:19 Biome ID bounds
14:04:19 Biome ID bounds
14:04:19 Biome ID bounds
14:04:19 Biome ID bounds
14:04:19 Biome ID bounds
14:04:19 Biome ID bounds
14:04:19 Biome ID bounds
14:04:19 Biome ID bounds
14:04:19 Biome ID bounds
14:04:19 Biome ID bounds
14:04:19 Biome ID bounds
14:04:19 Biome ID bounds
14:04:19 Biome ID bounds
14:04:19 Biome ID bounds
14:04:19 Biome ID bounds
14:04:19 Biome ID bounds
14:04:19 Biome ID bounds
14:04:19 Biome ID bounds
14:04:19 Biome ID bounds
14:04:19 Biome ID bounds
14:04:19 Biome ID bounds
14:04:19 Biome ID bounds
14:04:19 Biome ID bounds
14:04:19 Biome ID bounds
14:04:19 Biome ID bounds
14:04:19 Biome ID bounds
14:04:19 Biome ID bounds
14:04:19 Biome ID bounds
14:04:19 Biome ID bounds
14:04:19 Biome ID bounds
14:04:19 Biome ID bounds
14:04:19 Biome ID bounds
14:04:19 Biome ID bounds
14:04:19 Biome ID bounds
14:04:19 Biome ID bounds
14:04:19 Biome ID bounds
14:04:19 Biome ID bounds
14:04:19 Biome ID bounds
14:04:19 Biome ID bounds
14:04:19 Biome ID bounds
14:04:19 Biome ID bounds
14:04:19 Biome ID bounds
14:04:19 Biome ID bounds
14:04:19 Biome ID bounds
14:04:19 Biome ID bounds
14:04:19 Biome ID bounds
14:04:19 Biome ID bounds
14:04:19 Biome ID bounds
14:04:19 Biome ID bounds
14:04:19 Biome ID bounds
14:04:19 Biome ID bounds
14:04:19 Biome ID bounds
14:04:19 Biome ID bounds
14:04:19 Biome ID bounds
14:04:19 Biome ID bounds
14:04:19 Biome ID bounds
14:04:19 Biome ID bounds
14:04:19 Biome ID bounds
14:04:19 Biome ID bounds
14:04:19 Biome ID bounds
14:04:19 Biome ID bounds
14:04:19 Biome ID bounds
14:04:19 Biome ID bounds
14:04:19 Biome ID bounds
14:04:19 Biome ID bounds
14:04:19 Biome ID bounds
14:04:19 Biome ID bounds
14:04:19 Biome ID bounds
14:04:19 Biome ID bounds
14:04:19 Biome ID bounds
14:04:19 Biome ID bounds
14:04:19 Biome ID bounds
14:04:19 Biome ID bounds
14:04:19 Biome ID bounds
14:04:19 Biome ID bounds
14:04:19 Biome ID bounds
14:04:19 Biome ID bounds
14:04:19 Biome ID bounds
14:04:19 Biome ID bounds
14:04:19 Biome ID bounds
14:04:19 Biome ID bounds
14:04:19 Biome ID bounds
14:04:19 Biome ID bounds
14:04:19 Biome ID bounds
14:04:19 Biome ID bounds
14:04:19 Biome ID bounds
14:04:19 Biome ID bounds
14:04:19 Biome ID bounds
14:04:19 Biome ID bounds
14:04:19 Biome ID bounds
14:04:19 Biome ID bounds
14:04:19 Biome ID bounds
14:04:19 Biome ID bounds
14:04:19 Biome ID bounds
14:04:19 Biome ID bounds
14:04:19 Biome ID bounds
14:04:19 Biome ID bounds
14:04:19 Biome ID bounds
14:04:19 Biome ID bounds
14:04:19 Biome ID bounds
14:04:19 Biome ID bounds
14:04:19 Biome ID bounds
14:04:19 Biome ID bounds
14:04:19 Biome ID bounds
14:23:01 Grow BufferBuilder buffer
14:23:01 Grow BufferBuilder buffer
14:23:01 Grow BufferBuilder buffer
14:23:01 Grow BufferBuilder buffer
14:23:01 Grow BufferBuilder buffer
14:23:02 Grow BufferBuilder buffer
14:24:13 Grow BufferBuilder buffer
16:18:53 Biome ID bounds
16:18:53 Biome ID bounds
16:18:53 Biome ID bounds
16:18:53 Biome ID bounds
16:18:53 Biome ID bounds
16:18:53 Biome ID bounds
16:18:53 Biome ID bounds
16:18:53 Biome ID bounds
16:18:53 Biome ID bounds
16:18:53 Biome ID bounds
17:08:44 Biome ID bounds
17:08:44 Biome ID bounds
17:08:44 Biome ID bounds
17:08:44 Biome ID bounds
17:08:44 Biome ID bounds
17:08:44 Biome ID bounds
17:08:44 Biome ID bounds
17:08:44 Biome ID bounds
17:08:44 Biome ID bounds
17:08:44 Biome ID bounds
17:08:44 Biome ID bounds
17:27:33 Grow BufferBuilder buffer
17:27:33 Grow BufferBuilder buffer
17:27:33 Grow BufferBuilder buffer
17:27:33 Grow BufferBuilder buffer
17:27:33 Grow BufferBuilder buffer
17:27:33 Grow BufferBuilder buffer
17:27:35 Grow BufferBuilder buffer
17:27:35 Grow BufferBuilder buffer
17:27:35 Grow BufferBuilder buffer
17:27:36 Grow BufferBuilder buffer
17:27:39 Grow BufferBuilder buffer
17:27:39 Grow BufferBuilder buffer
17:27:39 Grow BufferBuilder buffer
17:27:39 Grow BufferBuilder buffer
17:27:39 Grow BufferBuilder buffer
17:27:39 Grow BufferBuilder buffer
17:27:39 Grow BufferBuilder buffer
17:27:39 Grow BufferBuilder buffer
17:27:39 Grow BufferBuilder buffer
17:27:39 Grow BufferBuilder buffer
17:27:39 Grow BufferBuilder buffer
17:27:39 Grow BufferBuilder buffer
17:27:40 Grow BufferBuilder buffer
17:27:40 Grow BufferBuilder buffer
17:27:40 Grow BufferBuilder buffer
17:27:40 Grow BufferBuilder buffer
17:27:40 Grow BufferBuilder buffer
17:27:40 Grow BufferBuilder buffer
17:27:40 Grow BufferBuilder buffer
17:27:40 Grow BufferBuilder buffer
17:27:40 Grow BufferBuilder buffer
17:27:40 Grow BufferBuilder buffer
17:27:40 Grow BufferBuilder buffer
17:27:40 Grow BufferBuilder buffer
17:27:44 Grow BufferBuilder buffer
17:27:44 Grow BufferBuilder buffer
17:27:44 Grow BufferBuilder buffer
17:27:44 Grow BufferBuilder buffer
17:27:44 Grow BufferBuilder buffer
17:27:44 Grow BufferBuilder buffer
17:27:44 Grow BufferBuilder buffer
17:27:45 Grow BufferBuilder buffer
17:27:45 Grow BufferBuilder buffer
17:27:45 Grow BufferBuilder buffer
17:27:45 Grow BufferBuilder buffer
17:27:45 Grow BufferBuilder buffer
17:27:45 Grow BufferBuilder buffer
17:27:45 Grow BufferBuilder buffer
17:27:45 Grow BufferBuilder buffer
17:27:45 Grow BufferBuilder buffer
17:27:45 Grow BufferBuilder buffer
17:27:45 Grow BufferBuilder buffer
17:27:45 Grow BufferBuilder buffer
17:27:45 Grow BufferBuilder buffer
17:27:45 Grow BufferBuilder buffer
17:27:45 Grow BufferBuilder buffer
17:27:45 Grow BufferBuilder buffer
17:27:45 Grow BufferBuilder buffer
17:29:11 Grow BufferBuilder buffer
17:29:11 Grow BufferBuilder buffer
17:29:11 Grow BufferBuilder buffer
17:29:11 Grow BufferBuilder buffer
17:29:13 Grow BufferBuilder buffer
17:29:13 Grow BufferBuilder buffer
17:29:13 Grow BufferBuilder buffer
17:29:13 Grow BufferBuilder buffer
17:29:13 Grow BufferBuilder buffer
17:29:13 Grow BufferBuilder buffer
17:29:13 Grow BufferBuilder buffer
17:29:13 Grow BufferBuilder buffer
17:29:13 Grow BufferBuilder buffer
17:29:13 Grow BufferBuilder buffer
17:29:13 Grow BufferBuilder buffer
17:29:13 Grow BufferBuilder buffer
17:29:13 Grow BufferBuilder buffer
17:29:13 Grow BufferBuilder buffer
17:29:13 Grow BufferBuilder buffer
17:29:13 Grow BufferBuilder buffer
17:29:13 Grow BufferBuilder buffer
17:29:13 Grow BufferBuilder buffer
17:29:13 Grow BufferBuilder buffer
17:29:13 Grow BufferBuilder buffer
17:29:13 Grow BufferBuilder buffer
17:29:13 Grow BufferBuilder buffer
17:29:13 Grow BufferBuilder buffer
17:29:13 Grow BufferBuilder buffer
17:29:13 Grow BufferBuilder buffer
17:29:13 Grow BufferBuilder buffer
17:29:13 Grow BufferBuilder buffer
17:29:13 Grow BufferBuilder buffer
17:29:13 Grow BufferBuilder buffer
17:29:13 Grow BufferBuilder buffer
17:29:14 Grow BufferBuilder buffer
17:29:14 Grow BufferBuilder buffer
17:29:14 Grow BufferBuilder buffer
17:29:14 Grow BufferBuilder buffer
17:29:14 Grow BufferBuilder buffer
17:29:14 Grow BufferBuilder buffer
17:29:14 Grow BufferBuilder buffer
17:29:14 Grow BufferBuilder buffer
17:29:14 Grow BufferBuilder buffer
17:29:14 Grow BufferBuilder buffer
17:29:14 Grow BufferBuilder buffer
17:29:14 Grow BufferBuilder buffer
17:29:14 Grow BufferBuilder buffer
17:29:14 Grow BufferBuilder buffer
17:29:14 Grow BufferBuilder buffer
17:29:14 Grow BufferBuilder buffer
17:29:14 Grow BufferBuilder buffer
17:29:14 Grow BufferBuilder buffer
17:29:14 Grow BufferBuilder buffer
17:29:14 Grow BufferBuilder buffer
17:29:14 Grow BufferBuilder buffer
17:29:14 Grow BufferBuilder buffer
17:29:14 Grow BufferBuilder buffer
17:29:14 Grow BufferBuilder buffer
17:29:14 Grow BufferBuilder buffer
17:29:14 Grow BufferBuilder buffer
17:29:14 Grow BufferBuilder buffer
17:29:14 Grow BufferBuilder buffer
17:29:14 Grow BufferBuilder buffer
17:29:14 Grow BufferBuilder buffer
17:29:14 Grow BufferBuilder buffer
17:29:14 Grow BufferBuilder buffer
17:29:14 Grow BufferBuilder buffer
17:29:14 Grow BufferBuilder buffer
17:29:14 Grow BufferBuilder buffer
17:29:15 Grow BufferBuilder buffer
17:29:15 Grow BufferBuilder buffer
17:29:15 Grow BufferBuilder buffer
17:29:15 Grow BufferBuilder buffer
17:29:15 Grow BufferBuilder buffer
17:29:15 Grow BufferBuilder buffer
17:29:15 Grow BufferBuilder buffer
17:29:15 Grow BufferBuilder buffer
17:29:15 Grow BufferBuilder buffer
17:29:15 Grow BufferBuilder buffer
17:29:16 Grow BufferBuilder buffer
17:29:21 Grow BufferBuilder buffer
17:29:21 Grow BufferBuilder buffer
17:29:21 Grow BufferBuilder buffer
17:29:21 Grow BufferBuilder buffer
17:29:21 Grow BufferBuilder buffer
17:29:22 Grow BufferBuilder buffer
17:29:22 Grow BufferBuilder buffer
17:29:22 Grow BufferBuilder buffer
17:29:24 Grow BufferBuilder buffer
17:29:24 Grow BufferBuilder buffer
17:29:24 Grow BufferBuilder buffer
17:29:24 Grow BufferBuilder buffer
17:29:24 Grow BufferBuilder buffer
17:29:24 Grow BufferBuilder buffer
17:29:29 Grow BufferBuilder buffer
17:29:29 Grow BufferBuilder buffer
17:29:29 Grow BufferBuilder buffer
17:29:29 Grow BufferBuilder buffer
17:29:30 Grow BufferBuilder buffer
17:29:31 Grow BufferBuilder buffer
17:29:31 Grow BufferBuilder buffer
17:29:31 Grow BufferBuilder buffer
17:29:31 Grow BufferBuilder buffer
17:29:31 Grow BufferBuilder buffer
17:29:33 Grow BufferBuilder buffer
17:29:36 Grow BufferBuilder buffer
17:29:37 Grow BufferBuilder buffer
17:30:39 Grow BufferBuilder buffer
17:30:42 Grow BufferBuilder buffer
17:31:08 Grow BufferBuilder buffer
17:31:51 Grow BufferBuilder buffer
17:32:08 Grow BufferBuilder buffer
