22:28:24 [allowed] §f §r§r§r§f §r§r§r§1 §r§r§r§0 §r§r§r§2 §r§r§r§f §r§r§r§f §r§r§r§2 §r§r§r§0 §r§r§r§4 §r§r§r§3 §r§r§r§9 §r§r§r§2 §r§r§r§0 §r§r§r§0 §r§r§r§3 §r§r§r§9 §r§r§r§2 §r§r§r§0 §r§r§r§0 §r§r§r§3 §r§r§r§9 §r§r§r§2 §r§r§r§0 §r§r§r§0 
22:28:24 [allowed] §b[MVP§f+§b] Firemage_X§f §6joined the lobby!
22:28:24 [allowed] §aYou have §b21 §aunclaimed leveling rewards!
22:28:24 [allowed] §eClick here to view them!
22:28:24 [allowed] §aYou have §68 §aunclaimed achievement rewards!
22:28:24 [allowed] §eClick here to view them!
22:28:39 [allowed]  §b>§c>§a>§r §r§6[MVP§4++§6] SP66§f §6joined the lobby!§r §a<§c<§b<
22:28:42 [allowed] §7Sending to server mini40DR...
22:28:42 [allowed] §8 §r§8 §r§1 §r§3 §r§3 §r§7 §r§8 
22:28:43 [NEW_VISITOR_ARRIVED] §a§r§aFriendly Hiker §r§ehas arrived on your §r§aGarden§r§e!
22:28:44 [allowed] 
22:28:44 [allowed] §eWelcome to §r§aHypixel SkyBlock§r§e!
22:28:44 [allowed] 
22:28:44 [allowed] §eLatest update: §bSkyBlock v0.20.8 §e§lCLICK
22:28:45 [allowed] §aYou are playing on profile: §ePineapple§b (Co-op)
22:28:45 [allowed] §8Profile ID: 6accdd30-5c34-4840-99a1-da8b87d5f229
22:30:44 [allowed] §aFriend > §r§7BMuffin_ §r§ejoined.
22:31:23 [allowed] §7Putting item in escrow...
22:31:23 [allowed] §7Setting up the auction...
22:31:23 [allowed] §eBIN Auction started for §r§f§r§6Jaded Sorrow Boots§r§e!
22:31:23 [allowed] §b-----------------------------------------------------
22:31:23 [allowed] §b[MVP§r§f+§r§b] Firemage_X§r§f §r§ecreated a BIN auction for §r§6Jaded Sorrow Boots §r§eat §r§66,300,000 coins!
22:31:23 [allowed] §b-----------------------------------------------------
22:31:54 [allowed] §7Putting item in escrow...
22:31:54 [allowed] §7Setting up the auction...
22:31:54 [allowed] §b-----------------------------------------------------
22:31:54 [allowed] §b[MVP§r§f+§r§b] Firemage_X§r§f §r§ecreated a BIN auction for §r§6Jaded Sorrow Leggings §r§eat §r§67,200,000 coins!
22:31:54 [allowed] §b-----------------------------------------------------
22:31:54 [allowed] §eBIN Auction started for §r§f§r§6Jaded Sorrow Leggings§r§e!
22:32:23 [allowed] §7Putting item in escrow...
22:32:23 [allowed] §7Setting up the auction...
22:32:24 [allowed] §eBIN Auction started for §r§f§r§6Jaded Sorrow Helmet§r§e!
22:32:24 [allowed] §b-----------------------------------------------------
22:32:24 [allowed] §b[MVP§r§f+§r§b] Firemage_X§r§f §r§ecreated a BIN auction for §r§6Jaded Sorrow Helmet §r§eat §r§66,899,000 coins!
22:32:24 [allowed] §b-----------------------------------------------------
22:33:18 [allowed] §6[Bazaar] §r§7Executing instant buy...
22:33:18 [allowed] §6[Bazaar] §r§7Bought §r§a1§r§7x §r§9☘ Fine Jade Gemstone §r§7for §r§631,062 coins§r§7!
22:33:20 [allowed] §7Warping...
22:33:20 [allowed] §7Sending to server mini78AF...
22:33:21 [allowed] §8 §r§8 §r§1 §r§3 §r§3 §r§7 §r§8 
22:33:24 [allowed] §aYou are playing on profile: §ePineapple§b (Co-op)
22:33:24 [allowed] §8Profile ID: 6accdd30-5c34-4840-99a1-da8b87d5f229
22:33:58 [allowed] §6[Bazaar] §r§7Executing instant buy...
22:33:58 [allowed] §6[Bazaar] §r§7Bought §r§a1§r§7x §r§9⸕ Fine Amber Gemstone §r§7for §r§631,551 coins§r§7!
22:34:05 [allowed] §6[Auction] §aSweatyWaffle123 §ebought §fTerror Boots §efor §6799,000 coins §lCLICK
22:34:33 [allowed] §7Putting item in escrow...
22:34:33 [allowed] §7Setting up the auction...
22:34:33 [allowed] §eBIN Auction started for §r§f§r§6Jaded Sorrow Chestplate§r§e!
22:34:33 [allowed] §b-----------------------------------------------------
22:34:33 [allowed] §b[MVP§r§f+§r§b] Firemage_X§r§f §r§ecreated a BIN auction for §r§6Jaded Sorrow Chestplate §r§eat §r§68,200,000 coins!
22:34:33 [allowed] §b-----------------------------------------------------
22:34:38 [allowed] §b-----------------------------------------------------
22:34:38 [allowed] §b[MVP§r§f+§r§b] Firemage_X§r§f §r§ecollected an auction for §r§6799,000 coins§r§e!
22:34:38 [allowed] §b-----------------------------------------------------
22:34:38 [allowed] §eYou collected §r§6799,000 coins §r§efrom selling §r§f§r§6Terror Boots §r§eto §r§a[VIP§r§6+§r§a] SweatyWaffle123 §r§ein an auction!
