13:15:42 OptiFine ConnectedTextures
13:15:42 OptiFine ConnectedTextures
13:15:42 OptiFine ConnectedTextures
13:15:42 OptiFine ConnectedTextures
13:15:42 OptiFine ConnectedTextures
13:15:42 OptiFine ConnectedTextures
13:15:42 OptiFine ConnectedTextures
13:15:42 OptiFine ConnectedTextures
13:15:42 OptiFine ConnectedTextures
13:15:42 OptiFine ConnectedTextures
13:15:42 OptiFine ConnectedTextures
13:15:42 OptiFine ConnectedTextures
13:15:42 OptiFine ConnectedTextures
13:15:42 OptiFine ConnectedTextures
13:15:42 OptiFine ConnectedTextures
13:15:42 OptiFine ConnectedTextures
13:15:42 OptiFine ConnectedTextures
13:15:42 OptiFine ConnectedTextures
13:15:42 OptiFine ConnectedTextures
13:15:42 OptiFine ConnectedTextures
13:15:42 OptiFine ConnectedTextures
13:15:42 OptiFine ConnectedTextures
13:15:42 OptiFine ConnectedTextures
13:15:42 OptiFine ConnectedTextures
13:15:42 OptiFine ConnectedTextures
13:15:42 OptiFine ConnectedTextures
13:15:42 OptiFine ConnectedTextures
13:15:42 OptiFine ConnectedTextures
13:15:42 OptiFine ConnectedTextures
13:15:42 OptiFine ConnectedTextures
13:15:42 OptiFine ConnectedTextures
13:15:42 OptiFine ConnectedTextures
13:15:42 OptiFine ConnectedTextures
13:15:42 OptiFine ConnectedTextures
13:15:42 OptiFine ConnectedTextures
13:15:42 OptiFine ConnectedTextures
13:15:42 OptiFine ConnectedTextures
13:15:42 OptiFine ConnectedTextures
13:15:42 OptiFine ConnectedTextures
13:15:42 OptiFine ConnectedTextures
13:15:42 OptiFine ConnectedTextures
13:15:42 OptiFine ConnectedTextures
13:15:42 OptiFine ConnectedTextures
13:15:42 OptiFine ConnectedTextures
13:15:42 OptiFine ConnectedTextures
13:15:42 OptiFine ConnectedTextures
13:15:42 OptiFine ConnectedTextures
13:15:42 OptiFine ConnectedTextures
13:15:42 OptiFine ConnectedTextures
13:15:42 OptiFine ConnectedTextures
13:15:42 OptiFine ConnectedTextures
13:15:42 OptiFine ConnectedTextures
13:15:42 OptiFine ConnectedTextures
13:15:42 OptiFine ConnectedTextures
13:15:42 OptiFine ConnectedTextures
13:15:42 OptiFine ConnectedTextures
13:15:42 OptiFine ConnectedTextures
13:15:42 OptiFine ConnectedTextures
13:15:42 OptiFine ConnectedTextures
13:15:42 OptiFine ConnectedTextures
13:15:42 OptiFine ConnectedTextures
13:15:42 OptiFine ConnectedTextures
13:15:42 OptiFine ConnectedTextures
13:15:42 OptiFine ConnectedTextures
13:15:42 OptiFine ConnectedTextures
13:15:42 OptiFine ConnectedTextures
13:15:42 OptiFine ConnectedTextures
13:15:46 AsmHelper Transforming
13:15:52 AsmHelper Transforming
13:15:52 AsmHelper Applying AsmWriter
13:22:57 Biome ID bounds
13:22:57 Biome ID bounds
13:22:57 Biome ID bounds
13:22:57 Biome ID bounds
13:22:57 Biome ID bounds
13:22:57 Biome ID bounds
13:59:56 Grow BufferBuilder buffer
13:59:56 Grow BufferBuilder buffer
13:59:56 Grow BufferBuilder buffer
13:59:56 Grow BufferBuilder buffer
13:59:56 Grow BufferBuilder buffer
13:59:58 Grow BufferBuilder buffer
13:59:58 Grow BufferBuilder buffer
14:00:01 Grow BufferBuilder buffer
14:00:01 Grow BufferBuilder buffer
14:00:01 Grow BufferBuilder buffer
14:00:01 Grow BufferBuilder buffer
14:00:01 Grow BufferBuilder buffer
14:00:01 Grow BufferBuilder buffer
14:00:01 Grow BufferBuilder buffer
14:00:01 Grow BufferBuilder buffer
14:00:01 Grow BufferBuilder buffer
14:00:01 Grow BufferBuilder buffer
14:00:01 Grow BufferBuilder buffer
14:00:01 Grow BufferBuilder buffer
14:00:01 Grow BufferBuilder buffer
14:00:02 Grow BufferBuilder buffer
14:00:02 Grow BufferBuilder buffer
14:00:02 Grow BufferBuilder buffer
14:00:02 Grow BufferBuilder buffer
14:00:02 Grow BufferBuilder buffer
14:00:02 Grow BufferBuilder buffer
14:00:02 Grow BufferBuilder buffer
14:00:02 Grow BufferBuilder buffer
14:00:02 Grow BufferBuilder buffer
14:00:02 Grow BufferBuilder buffer
14:00:02 Grow BufferBuilder buffer
14:00:02 Grow BufferBuilder buffer
14:00:02 Grow BufferBuilder buffer
14:00:02 Grow BufferBuilder buffer
14:00:02 Grow BufferBuilder buffer
14:00:02 Grow BufferBuilder buffer
14:00:02 Grow BufferBuilder buffer
14:00:02 Grow BufferBuilder buffer
14:00:02 Grow BufferBuilder buffer
14:00:02 Grow BufferBuilder buffer
14:00:02 Grow BufferBuilder buffer
14:00:02 Grow BufferBuilder buffer
14:00:02 Grow BufferBuilder buffer
14:00:02 Grow BufferBuilder buffer
14:00:02 Grow BufferBuilder buffer
14:00:02 Grow BufferBuilder buffer
14:00:02 Grow BufferBuilder buffer
14:00:02 Grow BufferBuilder buffer
14:00:02 Grow BufferBuilder buffer
14:00:02 Grow BufferBuilder buffer
14:00:02 Grow BufferBuilder buffer
14:00:02 Grow BufferBuilder buffer
14:00:02 Grow BufferBuilder buffer
14:00:03 Grow BufferBuilder buffer
14:00:03 Grow BufferBuilder buffer
14:00:03 Grow BufferBuilder buffer
14:00:03 Grow BufferBuilder buffer
14:00:03 Grow BufferBuilder buffer
14:00:03 Grow BufferBuilder buffer
14:00:03 Grow BufferBuilder buffer
14:00:03 Grow BufferBuilder buffer
14:00:03 Grow BufferBuilder buffer
14:00:03 Grow BufferBuilder buffer
14:00:03 Grow BufferBuilder buffer
14:00:07 Grow BufferBuilder buffer
14:00:07 Grow BufferBuilder buffer
14:00:07 Grow BufferBuilder buffer
14:00:08 Grow BufferBuilder buffer
14:00:08 Grow BufferBuilder buffer
14:00:08 Grow BufferBuilder buffer
14:00:08 Grow BufferBuilder buffer
14:00:20 Grow BufferBuilder buffer
14:00:20 Grow BufferBuilder buffer
14:00:20 Grow BufferBuilder buffer
14:00:20 Grow BufferBuilder buffer
14:00:20 Grow BufferBuilder buffer
14:00:20 Grow BufferBuilder buffer
14:00:20 Grow BufferBuilder buffer
14:00:20 Grow BufferBuilder buffer
14:00:20 Grow BufferBuilder buffer
14:00:42 Grow BufferBuilder buffer
14:00:42 Grow BufferBuilder buffer
14:00:42 Grow BufferBuilder buffer
14:00:42 Grow BufferBuilder buffer
14:00:42 Grow BufferBuilder buffer
14:01:06 Grow BufferBuilder buffer
14:01:06 Grow BufferBuilder buffer
14:01:06 Grow BufferBuilder buffer
14:01:06 Grow BufferBuilder buffer
14:01:06 Grow BufferBuilder buffer
14:01:06 Grow BufferBuilder buffer
14:01:06 Grow BufferBuilder buffer
14:01:06 Grow BufferBuilder buffer
14:01:16 Grow BufferBuilder buffer
14:01:16 Grow BufferBuilder buffer
14:01:16 Grow BufferBuilder buffer
14:01:16 Grow BufferBuilder buffer
14:01:16 Grow BufferBuilder buffer
14:01:16 Grow BufferBuilder buffer
14:01:18 Grow BufferBuilder buffer
14:01:18 Grow BufferBuilder buffer
14:01:18 Grow BufferBuilder buffer
14:01:18 Grow BufferBuilder buffer
14:01:18 Grow BufferBuilder buffer
14:01:18 Grow BufferBuilder buffer
14:01:18 Grow BufferBuilder buffer
14:01:30 Grow BufferBuilder buffer
14:01:30 Grow BufferBuilder buffer
14:01:30 Grow BufferBuilder buffer
14:01:30 Grow BufferBuilder buffer
14:01:30 Grow BufferBuilder buffer
14:01:31 Grow BufferBuilder buffer
14:01:31 Grow BufferBuilder buffer
14:01:31 Grow BufferBuilder buffer
14:01:31 Grow BufferBuilder buffer
14:01:32 Grow BufferBuilder buffer
14:01:32 Grow BufferBuilder buffer
14:01:32 Grow BufferBuilder buffer
14:01:32 Grow BufferBuilder buffer
14:01:32 Grow BufferBuilder buffer
14:01:32 Grow BufferBuilder buffer
14:01:32 Grow BufferBuilder buffer
14:01:32 Grow BufferBuilder buffer
14:01:32 Grow BufferBuilder buffer
14:01:33 Grow BufferBuilder buffer
14:01:33 Grow BufferBuilder buffer
14:01:33 Grow BufferBuilder buffer
14:01:34 Grow BufferBuilder buffer
14:01:35 Grow BufferBuilder buffer
14:01:35 Grow BufferBuilder buffer
14:01:35 Grow BufferBuilder buffer
14:02:21 Grow BufferBuilder buffer
14:02:21 Grow BufferBuilder buffer
14:02:21 Grow BufferBuilder buffer
14:02:21 Grow BufferBuilder buffer
14:02:21 Grow BufferBuilder buffer
14:02:21 Grow BufferBuilder buffer
14:34:19 Biome ID bounds
14:34:19 Biome ID bounds
14:34:19 Biome ID bounds
