15:35:31 §f                                  §6§lBESTIARY
15:35:31 §f                     §b§lZombie Commander §7§8XIV §8➡§b §bXV
15:35:31 
15:35:31 §f                                  §r§6§lREWARDS
15:35:31 §f                   §r§8+§r§a4 Zombie Commander §r§b✯ Magic Find
15:35:31 §f                   §r§8+§r§a4 Zombie Commander §r§c❁ Strength
15:35:31 §f                       §r§8+§r§62% §r§aZombie Commander §r§7coins
15:35:31 §f                    §r§8+§r§a50% §r§7chance for extra XP orbs
15:35:31 §f                               §r§8+§r§b1 SkyBlock XP
15:35:31 
15:35:31 §3§l▬▬▬▬▬▬▬▬▬▬▬▬▬▬▬▬▬▬▬▬▬▬▬▬▬▬▬▬▬▬▬▬▬▬▬▬▬▬▬▬▬▬▬▬▬▬▬▬▬▬▬▬▬▬▬▬▬▬▬▬▬▬▬▬
18:04:48 §f                                  §6§lBESTIARY
18:04:48 §f                            §b§lBladesoul §7§8III §8➡§b §bIV
18:04:48 
18:04:48 §f                                  §r§6§lREWARDS
18:04:48 §f                       §r§8+§r§a2 §r§8§lBladesoul §r§b✯ Magic Find
18:04:48 §f                       §r§8+§r§a2 §r§8§lBladesoul §r§c❁ Strength
18:04:48 §f                           §r§8+§r§62% §r§a§r§8§lBladesoul §r§7coins
18:04:48 §f                    §r§8+§r§a50% §r§7chance for extra XP orbs
18:04:48 §f                               §r§8+§r§b1 SkyBlock XP
18:04:48 
18:04:48 §3§l▬▬▬▬▬▬▬▬▬▬▬▬▬▬▬▬▬▬▬▬▬▬▬▬▬▬▬▬▬▬▬▬▬▬▬▬▬▬▬▬▬▬▬▬▬▬▬▬▬▬▬▬▬▬▬▬▬▬▬▬▬▬▬▬
18:17:48 §f                                  §6§lBESTIARY
18:17:48 §f                                 §b§lAshfang §7§bI
18:17:48 
18:17:48 §f                                  §r§6§lREWARDS
18:17:48 §f                        §r§8+§r§a2 §r§8§lAshfang §r§b✯ Magic Find
18:17:48 §f                         §r§8+§r§a2 §r§8§lAshfang §r§c❁ Strength
18:17:48 §f                            §r§8+§r§62% §r§a§r§8§lAshfang §r§7coins
18:17:48 §f                    §r§8+§r§a50% §r§7chance for extra XP orbs
18:17:48 §f                               §r§8+§r§b1 SkyBlock XP
18:17:48 
18:17:48 §3§l▬▬▬▬▬▬▬▬▬▬▬▬▬▬▬▬▬▬▬▬▬▬▬▬▬▬▬▬▬▬▬▬▬▬▬▬▬▬▬▬▬▬▬▬▬▬▬▬▬▬▬▬▬▬▬▬▬▬▬▬▬▬▬▬
18:20:10 §f                                  §6§lBESTIARY
18:20:10 §f                      §b§lBarbarian Duke X §7§8III §8➡§b §bIV
18:20:10 
18:20:10 §f                                  §r§6§lREWARDS
18:20:10 §f                 §r§8+§r§a2 §r§8§lBarbarian Duke X §r§b✯ Magic Find
18:20:10 §f                  §r§8+§r§a2 §r§8§lBarbarian Duke X §r§c❁ Strength
18:20:10 §f                     §r§8+§r§62% §r§a§r§8§lBarbarian Duke X §r§7coins
18:20:10 §f                    §r§8+§r§a50% §r§7chance for extra XP orbs
18:20:10 §f                               §r§8+§r§b1 SkyBlock XP
18:20:10 
18:20:10 §3§l▬▬▬▬▬▬▬▬▬▬▬▬▬▬▬▬▬▬▬▬▬▬▬▬▬▬▬▬▬▬▬▬▬▬▬▬▬▬▬▬▬▬▬▬▬▬▬▬▬▬▬▬▬▬▬▬▬▬▬▬▬▬▬▬
18:25:01 §f                                  §6§lBESTIARY
18:25:01 §f                           §b§lKuudra Follower §7§bI
18:25:01 
18:25:01 §f                                  §r§6§lREWARDS
18:25:01 §f                    §r§8+§r§a2 Kuudra Follower §r§b✯ Magic Find
18:25:01 §f                    §r§8+§r§a2 Kuudra Follower §r§c❁ Strength
18:25:01 §f                        §r§8+§r§62% §r§aKuudra Follower §r§7coins
18:25:01 §f                    §r§8+§r§a50% §r§7chance for extra XP orbs
18:25:01 §f                               §r§8+§r§b1 SkyBlock XP
18:25:01 
18:25:01 §3§l▬▬▬▬▬▬▬▬▬▬▬▬▬▬▬▬▬▬▬▬▬▬▬▬▬▬▬▬▬▬▬▬▬▬▬▬▬▬▬▬▬▬▬▬▬▬▬▬▬▬▬▬▬▬▬▬▬▬▬▬▬▬▬▬
18:25:02 §f                                  §6§lBESTIARY
18:25:02 §f                        §b§lKuudra Follower §7§8I §8➡§b §bII
18:25:02 
18:25:02 §f                                  §r§6§lREWARDS
18:25:02 §f                    §r§8+§r§a2 Kuudra Follower §r§b✯ Magic Find
18:25:02 §f                    §r§8+§r§a2 Kuudra Follower §r§c❁ Strength
18:25:02 §f                        §r§8+§r§62% §r§aKuudra Follower §r§7coins
18:25:02 §f                    §r§8+§r§a50% §r§7chance for extra XP orbs
18:25:02 §f                               §r§8+§r§b1 SkyBlock XP
18:25:02 
18:25:02 §3§l▬▬▬▬▬▬▬▬▬▬▬▬▬▬▬▬▬▬▬▬▬▬▬▬▬▬▬▬▬▬▬▬▬▬▬▬▬▬▬▬▬▬▬▬▬▬▬▬▬▬▬▬▬▬▬▬▬▬▬▬▬▬▬▬
18:25:02 §f                                  §6§lBESTIARY
18:25:02 §f                       §b§lKuudra Follower §7§8II §8➡§b §bIII
18:25:02 
18:25:02 §f                                  §r§6§lREWARDS
18:25:02 §f                    §r§8+§r§a2 Kuudra Follower §r§b✯ Magic Find
18:25:02 §f                    §r§8+§r§a2 Kuudra Follower §r§c❁ Strength
18:25:02 §f                        §r§8+§r§62% §r§aKuudra Follower §r§7coins
18:25:02 §f                    §r§8+§r§a50% §r§7chance for extra XP orbs
18:25:02 §f                               §r§8+§r§b1 SkyBlock XP
18:25:02 
18:25:02 §3§l▬▬▬▬▬▬▬▬▬▬▬▬▬▬▬▬▬▬▬▬▬▬▬▬▬▬▬▬▬▬▬▬▬▬▬▬▬▬▬▬▬▬▬▬▬▬▬▬▬▬▬▬▬▬▬▬▬▬▬▬▬▬▬▬
18:25:02 §f                                  §6§lBESTIARY
18:25:02 §f                       §b§lKuudra Follower §7§8III §8➡§b §bIV
18:25:02 
18:25:02 §f                                  §r§6§lREWARDS
18:25:02 §f                    §r§8+§r§a2 Kuudra Follower §r§b✯ Magic Find
18:25:02 §f                    §r§8+§r§a2 Kuudra Follower §r§c❁ Strength
18:25:02 §f                        §r§8+§r§62% §r§aKuudra Follower §r§7coins
18:25:02 §f                    §r§8+§r§a50% §r§7chance for extra XP orbs
18:25:02 §f                               §r§8+§r§b1 SkyBlock XP
18:25:02 
18:25:02   §r§f                         §6§lBESTIARY MILESTONE
18:25:02   §r§f                                §8CXLII➡§eCXLIII
18:25:02 
18:25:02 §3§l▬▬▬▬▬▬▬▬▬▬▬▬▬▬▬▬▬▬▬▬▬▬▬▬▬▬▬▬▬▬▬▬▬▬▬▬▬▬▬▬▬▬▬▬▬▬▬▬▬▬▬▬▬▬▬▬▬▬▬▬▬▬▬▬
18:25:30 §f                                  §6§lBESTIARY
18:25:30 §f                        §b§lInferno Magma Cube §7§bI
18:25:30 
18:25:30 §f                                  §r§6§lREWARDS
18:25:30 §f                 §r§8+§r§a2 Inferno Magma Cube §r§b✯ Magic Find
18:25:30 §f                  §r§8+§r§a2 Inferno Magma Cube §r§c❁ Strength
18:25:30 §f                     §r§8+§r§62% §r§aInferno Magma Cube §r§7coins
18:25:30 §f                    §r§8+§r§a50% §r§7chance for extra XP orbs
18:25:30 §f                               §r§8+§r§b1 SkyBlock XP
18:25:30 
18:25:30 §3§l▬▬▬▬▬▬▬▬▬▬▬▬▬▬▬▬▬▬▬▬▬▬▬▬▬▬▬▬▬▬▬▬▬▬▬▬▬▬▬▬▬▬▬▬▬▬▬▬▬▬▬▬▬▬▬▬▬▬▬▬▬▬▬▬
18:25:31 §f                                  §6§lBESTIARY
18:25:31 §f                           §b§lKuudra Landmine §7§bI
18:25:31 
18:25:31 §f                                  §r§6§lREWARDS
18:25:31 §f                   §r§8+§r§a2 Kuudra Landmine §r§b✯ Magic Find
18:25:31 §f                    §r§8+§r§a2 Kuudra Landmine §r§c❁ Strength
18:25:31 §f                       §r§8+§r§62% §r§aKuudra Landmine §r§7coins
18:25:31 §f                    §r§8+§r§a50% §r§7chance for extra XP orbs
18:25:31 §f                               §r§8+§r§b1 SkyBlock XP
18:25:31 
18:25:31 §3§l▬▬▬▬▬▬▬▬▬▬▬▬▬▬▬▬▬▬▬▬▬▬▬▬▬▬▬▬▬▬▬▬▬▬▬▬▬▬▬▬▬▬▬▬▬▬▬▬▬▬▬▬▬▬▬▬▬▬▬▬▬▬▬▬
18:25:31 §f                                  §6§lBESTIARY
18:25:31 §f                        §b§lKuudra Landmine §7§8I §8➡§b §bII
18:25:31 
18:25:31 §f                                  §r§6§lREWARDS
18:25:31 §f                   §r§8+§r§a2 Kuudra Landmine §r§b✯ Magic Find
18:25:31 §f                    §r§8+§r§a2 Kuudra Landmine §r§c❁ Strength
18:25:31 §f                       §r§8+§r§62% §r§aKuudra Landmine §r§7coins
18:25:31 §f                    §r§8+§r§a50% §r§7chance for extra XP orbs
18:25:31 §f                               §r§8+§r§b1 SkyBlock XP
18:25:31 
18:25:31 §3§l▬▬▬▬▬▬▬▬▬▬▬▬▬▬▬▬▬▬▬▬▬▬▬▬▬▬▬▬▬▬▬▬▬▬▬▬▬▬▬▬▬▬▬▬▬▬▬▬▬▬▬▬▬▬▬▬▬▬▬▬▬▬▬▬
18:25:31 §f                                  §6§lBESTIARY
18:25:31 §f                       §b§lKuudra Landmine §7§8II §8➡§b §bIII
18:25:31 
18:25:31 §f                                  §r§6§lREWARDS
18:25:31 §f                   §r§8+§r§a2 Kuudra Landmine §r§b✯ Magic Find
18:25:31 §f                    §r§8+§r§a2 Kuudra Landmine §r§c❁ Strength
18:25:31 §f                       §r§8+§r§62% §r§aKuudra Landmine §r§7coins
18:25:31 §f                    §r§8+§r§a50% §r§7chance for extra XP orbs
18:25:31 §f                               §r§8+§r§b1 SkyBlock XP
18:25:31 
18:25:31 §3§l▬▬▬▬▬▬▬▬▬▬▬▬▬▬▬▬▬▬▬▬▬▬▬▬▬▬▬▬▬▬▬▬▬▬▬▬▬▬▬▬▬▬▬▬▬▬▬▬▬▬▬▬▬▬▬▬▬▬▬▬▬▬▬▬
18:25:31 §f                                  §6§lBESTIARY
18:25:31 §f                      §b§lKuudra Landmine §7§8III §8➡§b §bIV
18:25:31 
18:25:31 §f                                  §r§6§lREWARDS
18:25:31 §f                   §r§8+§r§a2 Kuudra Landmine §r§b✯ Magic Find
18:25:31 §f                    §r§8+§r§a2 Kuudra Landmine §r§c❁ Strength
18:25:31 §f                       §r§8+§r§62% §r§aKuudra Landmine §r§7coins
18:25:31 §f                    §r§8+§r§a50% §r§7chance for extra XP orbs
18:25:31 §f                               §r§8+§r§b1 SkyBlock XP
18:25:31 
18:25:31 §3§l▬▬▬▬▬▬▬▬▬▬▬▬▬▬▬▬▬▬▬▬▬▬▬▬▬▬▬▬▬▬▬▬▬▬▬▬▬▬▬▬▬▬▬▬▬▬▬▬▬▬▬▬▬▬▬▬▬▬▬▬▬▬▬▬
18:25:31 §f                                  §6§lBESTIARY
18:25:31 §f                       §b§lKuudra Landmine §7§8IV §8➡§b §bV
18:25:31 
18:25:31 §f                                  §r§6§lREWARDS
18:25:31 §f                   §r§8+§r§a2 Kuudra Landmine §r§b✯ Magic Find
18:25:31 §f                    §r§8+§r§a2 Kuudra Landmine §r§c❁ Strength
18:25:31 §f                       §r§8+§r§62% §r§aKuudra Landmine §r§7coins
18:25:31 §f                    §r§8+§r§a50% §r§7chance for extra XP orbs
18:25:31 §f                               §r§8+§r§b1 SkyBlock XP
18:25:31 
18:25:31 §3§l▬▬▬▬▬▬▬▬▬▬▬▬▬▬▬▬▬▬▬▬▬▬▬▬▬▬▬▬▬▬▬▬▬▬▬▬▬▬▬▬▬▬▬▬▬▬▬▬▬▬▬▬▬▬▬▬▬▬▬▬▬▬▬▬
18:25:32 §f                                  §6§lBESTIARY
18:25:32 §f                     §b§lInferno Magma Cube §7§8I §8➡§b §bII
18:25:32 
18:25:32 §f                                  §r§6§lREWARDS
18:25:32 §f                 §r§8+§r§a2 Inferno Magma Cube §r§b✯ Magic Find
18:25:32 §f                  §r§8+§r§a2 Inferno Magma Cube §r§c❁ Strength
18:25:32 §f                     §r§8+§r§62% §r§aInferno Magma Cube §r§7coins
18:25:32 §f                    §r§8+§r§a50% §r§7chance for extra XP orbs
18:25:32 §f                               §r§8+§r§b1 SkyBlock XP
18:25:32 
18:25:32 §3§l▬▬▬▬▬▬▬▬▬▬▬▬▬▬▬▬▬▬▬▬▬▬▬▬▬▬▬▬▬▬▬▬▬▬▬▬▬▬▬▬▬▬▬▬▬▬▬▬▬▬▬▬▬▬▬▬▬▬▬▬▬▬▬▬
18:25:48 §f                                  §6§lBESTIARY
18:25:48 §f                    §b§lInferno Magma Cube §7§8II §8➡§b §bIII
18:25:48 
18:25:48 §f                                  §r§6§lREWARDS
18:25:48 §f                 §r§8+§r§a2 Inferno Magma Cube §r§b✯ Magic Find
18:25:48 §f                  §r§8+§r§a2 Inferno Magma Cube §r§c❁ Strength
18:25:48 §f                     §r§8+§r§62% §r§aInferno Magma Cube §r§7coins
18:25:48 §f                    §r§8+§r§a50% §r§7chance for extra XP orbs
18:25:48 §f                               §r§8+§r§b1 SkyBlock XP
18:25:48 
18:25:48 §3§l▬▬▬▬▬▬▬▬▬▬▬▬▬▬▬▬▬▬▬▬▬▬▬▬▬▬▬▬▬▬▬▬▬▬▬▬▬▬▬▬▬▬▬▬▬▬▬▬▬▬▬▬▬▬▬▬▬▬▬▬▬▬▬▬
18:25:48 §f                                  §6§lBESTIARY
18:25:48 §f                          §b§lKuudra Berserker §7§bI
18:25:48 
18:25:48 §f                                  §r§6§lREWARDS
18:25:48 §f                  §r§8+§r§a2 Kuudra Berserker §r§b✯ Magic Find
18:25:48 §f                   §r§8+§r§a2 Kuudra Berserker §r§c❁ Strength
18:25:48 §f                      §r§8+§r§62% §r§aKuudra Berserker §r§7coins
18:25:48 §f                    §r§8+§r§a50% §r§7chance for extra XP orbs
18:25:48 §f                               §r§8+§r§b1 SkyBlock XP
18:25:48 
18:25:48 §3§l▬▬▬▬▬▬▬▬▬▬▬▬▬▬▬▬▬▬▬▬▬▬▬▬▬▬▬▬▬▬▬▬▬▬▬▬▬▬▬▬▬▬▬▬▬▬▬▬▬▬▬▬▬▬▬▬▬▬▬▬▬▬▬▬
18:25:48 §f                                  §6§lBESTIARY
18:25:48 §f                      §b§lKuudra Berserker §7§8I §8➡§b §bII
18:25:48 
18:25:48 §f                                  §r§6§lREWARDS
18:25:48 §f                  §r§8+§r§a2 Kuudra Berserker §r§b✯ Magic Find
18:25:48 §f                   §r§8+§r§a2 Kuudra Berserker §r§c❁ Strength
18:25:48 §f                      §r§8+§r§62% §r§aKuudra Berserker §r§7coins
18:25:48 §f                    §r§8+§r§a50% §r§7chance for extra XP orbs
18:25:48 §f                               §r§8+§r§b1 SkyBlock XP
18:25:48 
18:25:48   §r§f                         §6§lBESTIARY MILESTONE
18:25:48   §r§f                                §8CXLIII➡§eCXLIV
18:25:48 
18:25:48 §3§l▬▬▬▬▬▬▬▬▬▬▬▬▬▬▬▬▬▬▬▬▬▬▬▬▬▬▬▬▬▬▬▬▬▬▬▬▬▬▬▬▬▬▬▬▬▬▬▬▬▬▬▬▬▬▬▬▬▬▬▬▬▬▬▬
18:25:48 §f                                  §6§lBESTIARY
18:25:48 §f                             §b§lExplosive Imp §7§bI
18:25:48 
18:25:48 §f                                  §r§6§lREWARDS
18:25:48 §f                      §r§8+§r§a2 Explosive Imp §r§b✯ Magic Find
18:25:48 §f                      §r§8+§r§a2 Explosive Imp §r§c❁ Strength
18:25:48 §f                          §r§8+§r§62% §r§aExplosive Imp §r§7coins
18:25:48 §f                    §r§8+§r§a50% §r§7chance for extra XP orbs
18:25:48 §f                               §r§8+§r§b1 SkyBlock XP
18:25:48 
18:25:48 §3§l▬▬▬▬▬▬▬▬▬▬▬▬▬▬▬▬▬▬▬▬▬▬▬▬▬▬▬▬▬▬▬▬▬▬▬▬▬▬▬▬▬▬▬▬▬▬▬▬▬▬▬▬▬▬▬▬▬▬▬▬▬▬▬▬
18:25:48 §f                                  §6§lBESTIARY
18:25:48 §f                          §b§lExplosive Imp §7§8I §8➡§b §bII
18:25:48 
18:25:48 §f                                  §r§6§lREWARDS
18:25:48 §f                      §r§8+§r§a2 Explosive Imp §r§b✯ Magic Find
18:25:48 §f                      §r§8+§r§a2 Explosive Imp §r§c❁ Strength
18:25:48 §f                          §r§8+§r§62% §r§aExplosive Imp §r§7coins
18:25:48 §f                    §r§8+§r§a50% §r§7chance for extra XP orbs
18:25:48 §f                               §r§8+§r§b1 SkyBlock XP
18:25:48 
18:25:48 §3§l▬▬▬▬▬▬▬▬▬▬▬▬▬▬▬▬▬▬▬▬▬▬▬▬▬▬▬▬▬▬▬▬▬▬▬▬▬▬▬▬▬▬▬▬▬▬▬▬▬▬▬▬▬▬▬▬▬▬▬▬▬▬▬▬
18:25:48 §f                                  §6§lBESTIARY
18:25:48 §f                         §b§lExplosive Imp §7§8II §8➡§b §bIII
18:25:48 
18:25:48 §f                                  §r§6§lREWARDS
18:25:48 §f                      §r§8+§r§a2 Explosive Imp §r§b✯ Magic Find
18:25:48 §f                      §r§8+§r§a2 Explosive Imp §r§c❁ Strength
18:25:48 §f                          §r§8+§r§62% §r§aExplosive Imp §r§7coins
18:25:48 §f                    §r§8+§r§a50% §r§7chance for extra XP orbs
18:25:48 §f                               §r§8+§r§b1 SkyBlock XP
18:25:48 
18:25:48 §3§l▬▬▬▬▬▬▬▬▬▬▬▬▬▬▬▬▬▬▬▬▬▬▬▬▬▬▬▬▬▬▬▬▬▬▬▬▬▬▬▬▬▬▬▬▬▬▬▬▬▬▬▬▬▬▬▬▬▬▬▬▬▬▬▬
18:25:54 §f                                  §6§lBESTIARY
18:25:54 §f                       §b§lKuudra Follower §7§8IV §8➡§b §bV
18:25:54 
18:25:54 §f                                  §r§6§lREWARDS
18:25:54 §f                    §r§8+§r§a2 Kuudra Follower §r§b✯ Magic Find
18:25:54 §f                    §r§8+§r§a2 Kuudra Follower §r§c❁ Strength
18:25:54 §f                        §r§8+§r§62% §r§aKuudra Follower §r§7coins
18:25:54 §f                    §r§8+§r§a50% §r§7chance for extra XP orbs
18:25:54 §f                               §r§8+§r§b1 SkyBlock XP
18:25:54 
18:25:54 §3§l▬▬▬▬▬▬▬▬▬▬▬▬▬▬▬▬▬▬▬▬▬▬▬▬▬▬▬▬▬▬▬▬▬▬▬▬▬▬▬▬▬▬▬▬▬▬▬▬▬▬▬▬▬▬▬▬▬▬▬▬▬▬▬▬
18:26:03 §f                                  §6§lBESTIARY
18:26:03 §f                    §b§lInferno Magma Cube §7§8III §8➡§b §bIV
18:26:03 
18:26:03 §f                                  §r§6§lREWARDS
18:26:03 §f                 §r§8+§r§a2 Inferno Magma Cube §r§b✯ Magic Find
18:26:03 §f                  §r§8+§r§a2 Inferno Magma Cube §r§c❁ Strength
18:26:03 §f                     §r§8+§r§62% §r§aInferno Magma Cube §r§7coins
18:26:03 §f                    §r§8+§r§a50% §r§7chance for extra XP orbs
18:26:03 §f                               §r§8+§r§b1 SkyBlock XP
18:26:03 
18:26:03 §3§l▬▬▬▬▬▬▬▬▬▬▬▬▬▬▬▬▬▬▬▬▬▬▬▬▬▬▬▬▬▬▬▬▬▬▬▬▬▬▬▬▬▬▬▬▬▬▬▬▬▬▬▬▬▬▬▬▬▬▬▬▬▬▬▬
18:26:03 §f                                  §6§lBESTIARY
18:26:03 §f                     §b§lKuudra Berserker §7§8II §8➡§b §bIII
18:26:03 
18:26:03 §f                                  §r§6§lREWARDS
18:26:03 §f                  §r§8+§r§a2 Kuudra Berserker §r§b✯ Magic Find
18:26:03 §f                   §r§8+§r§a2 Kuudra Berserker §r§c❁ Strength
18:26:03 §f                      §r§8+§r§62% §r§aKuudra Berserker §r§7coins
18:26:03 §f                    §r§8+§r§a50% §r§7chance for extra XP orbs
18:26:03 §f                               §r§8+§r§b1 SkyBlock XP
18:26:03 
18:26:03 §3§l▬▬▬▬▬▬▬▬▬▬▬▬▬▬▬▬▬▬▬▬▬▬▬▬▬▬▬▬▬▬▬▬▬▬▬▬▬▬▬▬▬▬▬▬▬▬▬▬▬▬▬▬▬▬▬▬▬▬▬▬▬▬▬▬
18:26:03 §f                                  §6§lBESTIARY
18:26:03 §f                         §b§lExplosive Imp §7§8III §8➡§b §bIV
18:26:03 
18:26:03 §f                                  §r§6§lREWARDS
18:26:03 §f                      §r§8+§r§a2 Explosive Imp §r§b✯ Magic Find
18:26:03 §f                      §r§8+§r§a2 Explosive Imp §r§c❁ Strength
18:26:03 §f                          §r§8+§r§62% §r§aExplosive Imp §r§7coins
18:26:03 §f                    §r§8+§r§a50% §r§7chance for extra XP orbs
18:26:03 §f                               §r§8+§r§b1 SkyBlock XP
18:26:03 
18:26:03 §3§l▬▬▬▬▬▬▬▬▬▬▬▬▬▬▬▬▬▬▬▬▬▬▬▬▬▬▬▬▬▬▬▬▬▬▬▬▬▬▬▬▬▬▬▬▬▬▬▬▬▬▬▬▬▬▬▬▬▬▬▬▬▬▬▬
18:26:03 §f                                  §6§lBESTIARY
18:26:03 §f                     §b§lKuudra Berserker §7§8III §8➡§b §bIV
18:26:03 
18:26:03 §f                                  §r§6§lREWARDS
18:26:03 §f                  §r§8+§r§a2 Kuudra Berserker §r§b✯ Magic Find
18:26:03 §f                   §r§8+§r§a2 Kuudra Berserker §r§c❁ Strength
18:26:03 §f                      §r§8+§r§62% §r§aKuudra Berserker §r§7coins
18:26:03 §f                    §r§8+§r§a50% §r§7chance for extra XP orbs
18:26:03 §f                               §r§8+§r§b1 SkyBlock XP
18:26:03 
18:26:03 §3§l▬▬▬▬▬▬▬▬▬▬▬▬▬▬▬▬▬▬▬▬▬▬▬▬▬▬▬▬▬▬▬▬▬▬▬▬▬▬▬▬▬▬▬▬▬▬▬▬▬▬▬▬▬▬▬▬▬▬▬▬▬▬▬▬
18:26:03 §f                                  §6§lBESTIARY
18:26:03 §f                      §b§lKuudra Berserker §7§8IV §8➡§b §bV
18:26:03 
18:26:03 §f                                  §r§6§lREWARDS
18:26:03 §f                  §r§8+§r§a2 Kuudra Berserker §r§b✯ Magic Find
18:26:03 §f                   §r§8+§r§a2 Kuudra Berserker §r§c❁ Strength
18:26:03 §f                      §r§8+§r§62% §r§aKuudra Berserker §r§7coins
18:26:03 §f                    §r§8+§r§a50% §r§7chance for extra XP orbs
18:26:03 §f                               §r§8+§r§b1 SkyBlock XP
18:26:03 
18:26:03 §3§l▬▬▬▬▬▬▬▬▬▬▬▬▬▬▬▬▬▬▬▬▬▬▬▬▬▬▬▬▬▬▬▬▬▬▬▬▬▬▬▬▬▬▬▬▬▬▬▬▬▬▬▬▬▬▬▬▬▬▬▬▬▬▬▬
18:26:05 §f                                  §6§lBESTIARY
18:26:05 §f                          §b§lExplosive Imp §7§8IV §8➡§b §bV
18:26:05 
18:26:05 §f                                  §r§6§lREWARDS
18:26:05 §f                      §r§8+§r§a2 Explosive Imp §r§b✯ Magic Find
18:26:05 §f                      §r§8+§r§a2 Explosive Imp §r§c❁ Strength
18:26:05 §f                          §r§8+§r§62% §r§aExplosive Imp §r§7coins
18:26:05 §f                    §r§8+§r§a50% §r§7chance for extra XP orbs
18:26:05 §f                               §r§8+§r§b1 SkyBlock XP
18:26:05 
18:26:05   §r§f                         §6§lBESTIARY MILESTONE
18:26:05   §r§f                                 §8CXLIV➡§eCXLV
18:26:05 
18:26:05 §3§l▬▬▬▬▬▬▬▬▬▬▬▬▬▬▬▬▬▬▬▬▬▬▬▬▬▬▬▬▬▬▬▬▬▬▬▬▬▬▬▬▬▬▬▬▬▬▬▬▬▬▬▬▬▬▬▬▬▬▬▬▬▬▬▬
18:26:05 §f                                  §6§lBESTIARY
18:26:05 §f                          §b§lExplosive Imp §7§8V §8➡§b §bVI
18:26:05 
18:26:05 §f                                  §r§6§lREWARDS
18:26:05 §f                      §r§8+§r§a3 Explosive Imp §r§b✯ Magic Find
18:26:05 §f                      §r§8+§r§a3 Explosive Imp §r§c❁ Strength
18:26:05 §f                          §r§8+§r§62% §r§aExplosive Imp §r§7coins
18:26:05 §f                    §r§8+§r§a50% §r§7chance for extra XP orbs
18:26:05 §f                               §r§8+§r§b1 SkyBlock XP
18:26:05 
18:26:05 §3§l▬▬▬▬▬▬▬▬▬▬▬▬▬▬▬▬▬▬▬▬▬▬▬▬▬▬▬▬▬▬▬▬▬▬▬▬▬▬▬▬▬▬▬▬▬▬▬▬▬▬▬▬▬▬▬▬▬▬▬▬▬▬▬▬
18:26:05 §f                                  §6§lBESTIARY
18:26:05 §f                         §b§lExplosive Imp §7§8VI §8➡§b §bVII
18:26:05 
18:26:05 §f                                  §r§6§lREWARDS
18:26:05 §f                      §r§8+§r§a3 Explosive Imp §r§b✯ Magic Find
18:26:05 §f                      §r§8+§r§a3 Explosive Imp §r§c❁ Strength
18:26:05 §f                          §r§8+§r§62% §r§aExplosive Imp §r§7coins
18:26:05 §f                    §r§8+§r§a50% §r§7chance for extra XP orbs
18:26:05 §f                               §r§8+§r§b1 SkyBlock XP
18:26:05 
18:26:05 §3§l▬▬▬▬▬▬▬▬▬▬▬▬▬▬▬▬▬▬▬▬▬▬▬▬▬▬▬▬▬▬▬▬▬▬▬▬▬▬▬▬▬▬▬▬▬▬▬▬▬▬▬▬▬▬▬▬▬▬▬▬▬▬▬▬
18:26:06 §f                                  §6§lBESTIARY
18:26:06 §f                        §b§lExplosive Imp §7§8VII §8➡§b §bVIII
18:26:06 
18:26:06 §f                                  §r§6§lREWARDS
18:26:06 §f                      §r§8+§r§a3 Explosive Imp §r§b✯ Magic Find
18:26:06 §f                      §r§8+§r§a3 Explosive Imp §r§c❁ Strength
18:26:06 §f                          §r§8+§r§62% §r§aExplosive Imp §r§7coins
18:26:06 §f                    §r§8+§r§a50% §r§7chance for extra XP orbs
18:26:06 §f                               §r§8+§r§b1 SkyBlock XP
18:26:06 
18:26:06 §3§l▬▬▬▬▬▬▬▬▬▬▬▬▬▬▬▬▬▬▬▬▬▬▬▬▬▬▬▬▬▬▬▬▬▬▬▬▬▬▬▬▬▬▬▬▬▬▬▬▬▬▬▬▬▬▬▬▬▬▬▬▬▬▬▬
18:26:07 §f                                  §6§lBESTIARY
18:26:07 §f                      §b§lKuudra Berserker §7§8V §8➡§b §bVI
18:26:07 
18:26:07 §f                                  §r§6§lREWARDS
18:26:07 §f                  §r§8+§r§a3 Kuudra Berserker §r§b✯ Magic Find
18:26:07 §f                   §r§8+§r§a3 Kuudra Berserker §r§c❁ Strength
18:26:07 §f                      §r§8+§r§62% §r§aKuudra Berserker §r§7coins
18:26:07 §f                    §r§8+§r§a50% §r§7chance for extra XP orbs
18:26:07 §f                               §r§8+§r§b1 SkyBlock XP
18:26:07 
18:26:07 §3§l▬▬▬▬▬▬▬▬▬▬▬▬▬▬▬▬▬▬▬▬▬▬▬▬▬▬▬▬▬▬▬▬▬▬▬▬▬▬▬▬▬▬▬▬▬▬▬▬▬▬▬▬▬▬▬▬▬▬▬▬▬▬▬▬
18:26:08 §f                                  §6§lBESTIARY
18:26:08 §f                     §b§lInferno Magma Cube §7§8IV §8➡§b §bV
18:26:08 
18:26:08 §f                                  §r§6§lREWARDS
18:26:08 §f                 §r§8+§r§a2 Inferno Magma Cube §r§b✯ Magic Find
18:26:08 §f                  §r§8+§r§a2 Inferno Magma Cube §r§c❁ Strength
18:26:08 §f                     §r§8+§r§62% §r§aInferno Magma Cube §r§7coins
18:26:08 §f                    §r§8+§r§a50% §r§7chance for extra XP orbs
18:26:08 §f                               §r§8+§r§b1 SkyBlock XP
18:26:08 
18:26:08 §3§l▬▬▬▬▬▬▬▬▬▬▬▬▬▬▬▬▬▬▬▬▬▬▬▬▬▬▬▬▬▬▬▬▬▬▬▬▬▬▬▬▬▬▬▬▬▬▬▬▬▬▬▬▬▬▬▬▬▬▬▬▬▬▬▬
18:26:12 §f                                  §6§lBESTIARY
18:26:12 §f                       §b§lKuudra Landmine §7§8V §8➡§b §bVI
18:26:12 
18:26:12 §f                                  §r§6§lREWARDS
18:26:12 §f                   §r§8+§r§a3 Kuudra Landmine §r§b✯ Magic Find
18:26:12 §f                    §r§8+§r§a3 Kuudra Landmine §r§c❁ Strength
18:26:12 §f                       §r§8+§r§62% §r§aKuudra Landmine §r§7coins
18:26:12 §f                    §r§8+§r§a50% §r§7chance for extra XP orbs
18:26:12 §f                               §r§8+§r§b1 SkyBlock XP
18:26:12 
18:26:12 §3§l▬▬▬▬▬▬▬▬▬▬▬▬▬▬▬▬▬▬▬▬▬▬▬▬▬▬▬▬▬▬▬▬▬▬▬▬▬▬▬▬▬▬▬▬▬▬▬▬▬▬▬▬▬▬▬▬▬▬▬▬▬▬▬▬
18:26:12 §f                                  §6§lBESTIARY
18:26:12 §f                                   §b§lBlight §7§bI
18:26:12 
18:26:12 §f                                  §r§6§lREWARDS
18:26:12 §f                           §r§8+§r§a2 Blight §r§b✯ Magic Find
18:26:12 §f                           §r§8+§r§a2 Blight §r§c❁ Strength
18:26:12 §f                               §r§8+§r§62% §r§aBlight §r§7coins
18:26:12 §f                    §r§8+§r§a50% §r§7chance for extra XP orbs
18:26:12 §f                               §r§8+§r§b1 SkyBlock XP
18:26:12 
18:26:12 §3§l▬▬▬▬▬▬▬▬▬▬▬▬▬▬▬▬▬▬▬▬▬▬▬▬▬▬▬▬▬▬▬▬▬▬▬▬▬▬▬▬▬▬▬▬▬▬▬▬▬▬▬▬▬▬▬▬▬▬▬▬▬▬▬▬
18:26:12 §f                                  §6§lBESTIARY
18:26:12 §f                                §b§lBlight §7§8I §8➡§b §bII
18:26:12 
18:26:12 §f                                  §r§6§lREWARDS
18:26:12 §f                           §r§8+§r§a2 Blight §r§b✯ Magic Find
18:26:12 §f                           §r§8+§r§a2 Blight §r§c❁ Strength
18:26:12 §f                               §r§8+§r§62% §r§aBlight §r§7coins
18:26:12 §f                    §r§8+§r§a50% §r§7chance for extra XP orbs
18:26:12 §f                               §r§8+§r§b1 SkyBlock XP
18:26:12 
18:26:12 §3§l▬▬▬▬▬▬▬▬▬▬▬▬▬▬▬▬▬▬▬▬▬▬▬▬▬▬▬▬▬▬▬▬▬▬▬▬▬▬▬▬▬▬▬▬▬▬▬▬▬▬▬▬▬▬▬▬▬▬▬▬▬▬▬▬
18:26:14 §f                                  §6§lBESTIARY
18:26:14 §f                               §b§lBlight §7§8II §8➡§b §bIII
18:26:14 
18:26:14 §f                                  §r§6§lREWARDS
18:26:14 §f                           §r§8+§r§a2 Blight §r§b✯ Magic Find
18:26:14 §f                           §r§8+§r§a2 Blight §r§c❁ Strength
18:26:14 §f                               §r§8+§r§62% §r§aBlight §r§7coins
18:26:14 §f                    §r§8+§r§a50% §r§7chance for extra XP orbs
18:26:14 §f                               §r§8+§r§b1 SkyBlock XP
18:26:14 
18:26:14 §3§l▬▬▬▬▬▬▬▬▬▬▬▬▬▬▬▬▬▬▬▬▬▬▬▬▬▬▬▬▬▬▬▬▬▬▬▬▬▬▬▬▬▬▬▬▬▬▬▬▬▬▬▬▬▬▬▬▬▬▬▬▬▬▬▬
18:26:14 §f                                  §6§lBESTIARY
18:26:14 §f                               §b§lBlight §7§8III §8➡§b §bIV
18:26:14 
18:26:14 §f                                  §r§6§lREWARDS
18:26:14 §f                           §r§8+§r§a2 Blight §r§b✯ Magic Find
18:26:14 §f                           §r§8+§r§a2 Blight §r§c❁ Strength
18:26:14 §f                               §r§8+§r§62% §r§aBlight §r§7coins
18:26:14 §f                    §r§8+§r§a50% §r§7chance for extra XP orbs
18:26:14 §f                               §r§8+§r§b1 SkyBlock XP
18:26:14 
18:26:14   §r§f                         §6§lBESTIARY MILESTONE
18:26:14   §r§f                                 §8CXLV➡§eCXLVI
18:26:14 
18:26:14 §3§l▬▬▬▬▬▬▬▬▬▬▬▬▬▬▬▬▬▬▬▬▬▬▬▬▬▬▬▬▬▬▬▬▬▬▬▬▬▬▬▬▬▬▬▬▬▬▬▬▬▬▬▬▬▬▬▬▬▬▬▬▬▬▬▬
18:26:14 §f                                  §6§lBESTIARY
18:26:14 §f                        §b§lExplosive Imp §7§8VIII §8➡§b §bIX
18:26:14 
18:26:14 §f                                  §r§6§lREWARDS
18:26:14 §f                      §r§8+§r§a3 Explosive Imp §r§b✯ Magic Find
18:26:14 §f                      §r§8+§r§a3 Explosive Imp §r§c❁ Strength
18:26:14 §f                          §r§8+§r§62% §r§aExplosive Imp §r§7coins
18:26:14 §f                    §r§8+§r§a50% §r§7chance for extra XP orbs
18:26:14 §f                               §r§8+§r§b1 SkyBlock XP
18:26:14 
18:26:14 §3§l▬▬▬▬▬▬▬▬▬▬▬▬▬▬▬▬▬▬▬▬▬▬▬▬▬▬▬▬▬▬▬▬▬▬▬▬▬▬▬▬▬▬▬▬▬▬▬▬▬▬▬▬▬▬▬▬▬▬▬▬▬▬▬▬
18:27:07 §f                                  §6§lBESTIARY
18:27:07 §f                           §b§lKuudra Knocker §7§bI
18:27:07 
18:27:07 §f                                  §r§6§lREWARDS
18:27:08 §f                    §r§8+§r§a2 Kuudra Knocker §r§b✯ Magic Find
18:27:08 §f                     §r§8+§r§a2 Kuudra Knocker §r§c❁ Strength
18:27:08 §f                        §r§8+§r§62% §r§aKuudra Knocker §r§7coins
18:27:08 §f                    §r§8+§r§a50% §r§7chance for extra XP orbs
18:27:08 §f                               §r§8+§r§b1 SkyBlock XP
18:27:08 
18:27:08 §3§l▬▬▬▬▬▬▬▬▬▬▬▬▬▬▬▬▬▬▬▬▬▬▬▬▬▬▬▬▬▬▬▬▬▬▬▬▬▬▬▬▬▬▬▬▬▬▬▬▬▬▬▬▬▬▬▬▬▬▬▬▬▬▬▬
18:27:08 §f                                  §6§lBESTIARY
18:27:08 §f                        §b§lKuudra Knocker §7§8I §8➡§b §bII
18:27:08 
18:27:08 §f                                  §r§6§lREWARDS
18:27:08 §f                    §r§8+§r§a2 Kuudra Knocker §r§b✯ Magic Find
18:27:08 §f                     §r§8+§r§a2 Kuudra Knocker §r§c❁ Strength
18:27:08 §f                        §r§8+§r§62% §r§aKuudra Knocker §r§7coins
18:27:08 §f                    §r§8+§r§a50% §r§7chance for extra XP orbs
18:27:08 §f                               §r§8+§r§b1 SkyBlock XP
18:27:08 
18:27:08 §3§l▬▬▬▬▬▬▬▬▬▬▬▬▬▬▬▬▬▬▬▬▬▬▬▬▬▬▬▬▬▬▬▬▬▬▬▬▬▬▬▬▬▬▬▬▬▬▬▬▬▬▬▬▬▬▬▬▬▬▬▬▬▬▬▬
18:27:09 §f                                  §6§lBESTIARY
18:27:09 §f                       §b§lKuudra Knocker §7§8II §8➡§b §bIII
18:27:09 
18:27:09 §f                                  §r§6§lREWARDS
18:27:09 §f                    §r§8+§r§a2 Kuudra Knocker §r§b✯ Magic Find
18:27:09 §f                     §r§8+§r§a2 Kuudra Knocker §r§c❁ Strength
18:27:09 §f                        §r§8+§r§62% §r§aKuudra Knocker §r§7coins
18:27:09 §f                    §r§8+§r§a50% §r§7chance for extra XP orbs
18:27:09 §f                               §r§8+§r§b1 SkyBlock XP
18:27:09 
18:27:09 §3§l▬▬▬▬▬▬▬▬▬▬▬▬▬▬▬▬▬▬▬▬▬▬▬▬▬▬▬▬▬▬▬▬▬▬▬▬▬▬▬▬▬▬▬▬▬▬▬▬▬▬▬▬▬▬▬▬▬▬▬▬▬▬▬▬
18:27:09 §f                                  §6§lBESTIARY
18:27:09 §f                     §b§lInferno Magma Cube §7§8V §8➡§b §bVI
18:27:09 
18:27:09 §f                                  §r§6§lREWARDS
18:27:09 §f                 §r§8+§r§a3 Inferno Magma Cube §r§b✯ Magic Find
18:27:09 §f                  §r§8+§r§a3 Inferno Magma Cube §r§c❁ Strength
18:27:09 §f                     §r§8+§r§62% §r§aInferno Magma Cube §r§7coins
18:27:09 §f                    §r§8+§r§a50% §r§7chance for extra XP orbs
18:27:09 §f                               §r§8+§r§b1 SkyBlock XP
18:27:09 
18:27:09 §3§l▬▬▬▬▬▬▬▬▬▬▬▬▬▬▬▬▬▬▬▬▬▬▬▬▬▬▬▬▬▬▬▬▬▬▬▬▬▬▬▬▬▬▬▬▬▬▬▬▬▬▬▬▬▬▬▬▬▬▬▬▬▬▬▬
18:27:09 §f                                  §6§lBESTIARY
18:27:09 §f                       §b§lKuudra Knocker §7§8III §8➡§b §bIV
18:27:09 
18:27:09 §f                                  §r§6§lREWARDS
18:27:09 §f                    §r§8+§r§a2 Kuudra Knocker §r§b✯ Magic Find
18:27:09 §f                     §r§8+§r§a2 Kuudra Knocker §r§c❁ Strength
18:27:09 §f                        §r§8+§r§62% §r§aKuudra Knocker §r§7coins
18:27:09 §f                    §r§8+§r§a50% §r§7chance for extra XP orbs
18:27:09 §f                               §r§8+§r§b1 SkyBlock XP
18:27:09 
18:27:09 §3§l▬▬▬▬▬▬▬▬▬▬▬▬▬▬▬▬▬▬▬▬▬▬▬▬▬▬▬▬▬▬▬▬▬▬▬▬▬▬▬▬▬▬▬▬▬▬▬▬▬▬▬▬▬▬▬▬▬▬▬▬▬▬▬▬
18:27:09 §f                                  §6§lBESTIARY
18:27:09 §f                        §b§lKuudra Knocker §7§8IV §8➡§b §bV
18:27:09 
18:27:09 §f                                  §r§6§lREWARDS
18:27:09 §f                    §r§8+§r§a2 Kuudra Knocker §r§b✯ Magic Find
18:27:09 §f                     §r§8+§r§a2 Kuudra Knocker §r§c❁ Strength
18:27:09 §f                        §r§8+§r§62% §r§aKuudra Knocker §r§7coins
18:27:09 §f                    §r§8+§r§a50% §r§7chance for extra XP orbs
18:27:09 §f                               §r§8+§r§b1 SkyBlock XP
18:27:09 
18:27:09 §3§l▬▬▬▬▬▬▬▬▬▬▬▬▬▬▬▬▬▬▬▬▬▬▬▬▬▬▬▬▬▬▬▬▬▬▬▬▬▬▬▬▬▬▬▬▬▬▬▬▬▬▬▬▬▬▬▬▬▬▬▬▬▬▬▬
18:27:10 §f                                  §6§lBESTIARY
18:27:10 §f                               §b§lBlight §7§8IV §8➡§b §bV
18:27:10 
18:27:10 §f                                  §r§6§lREWARDS
18:27:10 §f                           §r§8+§r§a2 Blight §r§b✯ Magic Find
18:27:10 §f                           §r§8+§r§a2 Blight §r§c❁ Strength
18:27:10 §f                               §r§8+§r§62% §r§aBlight §r§7coins
18:27:10 §f                    §r§8+§r§a50% §r§7chance for extra XP orbs
18:27:10 §f                               §r§8+§r§b1 SkyBlock XP
18:27:10 
18:27:10 §3§l▬▬▬▬▬▬▬▬▬▬▬▬▬▬▬▬▬▬▬▬▬▬▬▬▬▬▬▬▬▬▬▬▬▬▬▬▬▬▬▬▬▬▬▬▬▬▬▬▬▬▬▬▬▬▬▬▬▬▬▬▬▬▬▬
18:27:45 §f                                  §6§lBESTIARY
18:27:45 §f                        §b§lKuudra Knocker §7§8V §8➡§b §bVI
18:27:45 
18:27:45 §f                                  §r§6§lREWARDS
18:27:45 §f                    §r§8+§r§a3 Kuudra Knocker §r§b✯ Magic Find
18:27:45 §f                     §r§8+§r§a3 Kuudra Knocker §r§c❁ Strength
18:27:45 §f                        §r§8+§r§62% §r§aKuudra Knocker §r§7coins
18:27:45 §f                    §r§8+§r§a50% §r§7chance for extra XP orbs
18:27:45 §f                               §r§8+§r§b1 SkyBlock XP
18:27:45 
18:27:45 §3§l▬▬▬▬▬▬▬▬▬▬▬▬▬▬▬▬▬▬▬▬▬▬▬▬▬▬▬▬▬▬▬▬▬▬▬▬▬▬▬▬▬▬▬▬▬▬▬▬▬▬▬▬▬▬▬▬▬▬▬▬▬▬▬▬
18:27:45 §f                                  §6§lBESTIARY
18:27:45 §f                           §b§lWandering Blaze §7§bI
18:27:45 
18:27:45 §f                                  §r§6§lREWARDS
18:27:45 §f                    §r§8+§r§a2 Wandering Blaze §r§b✯ Magic Find
18:27:45 §f                     §r§8+§r§a2 Wandering Blaze §r§c❁ Strength
18:27:45 §f                        §r§8+§r§62% §r§aWandering Blaze §r§7coins
18:27:45 §f                    §r§8+§r§a50% §r§7chance for extra XP orbs
18:27:45 §f                               §r§8+§r§b1 SkyBlock XP
18:27:45 
18:27:45   §r§f                         §6§lBESTIARY MILESTONE
18:27:45   §r§f                                §8CXLVI➡§eCXLVII
18:27:45 
18:27:45 §3§l▬▬▬▬▬▬▬▬▬▬▬▬▬▬▬▬▬▬▬▬▬▬▬▬▬▬▬▬▬▬▬▬▬▬▬▬▬▬▬▬▬▬▬▬▬▬▬▬▬▬▬▬▬▬▬▬▬▬▬▬▬▬▬▬
18:27:46 §f                                  §6§lBESTIARY
18:27:46 §f                        §b§lWandering Blaze §7§8I §8➡§b §bII
18:27:46 
18:27:46 §f                                  §r§6§lREWARDS
18:27:46 §f                    §r§8+§r§a2 Wandering Blaze §r§b✯ Magic Find
18:27:46 §f                     §r§8+§r§a2 Wandering Blaze §r§c❁ Strength
18:27:46 §f                        §r§8+§r§62% §r§aWandering Blaze §r§7coins
18:27:46 §f                    §r§8+§r§a50% §r§7chance for extra XP orbs
18:27:46 §f                               §r§8+§r§b1 SkyBlock XP
18:27:46 
18:27:46 §3§l▬▬▬▬▬▬▬▬▬▬▬▬▬▬▬▬▬▬▬▬▬▬▬▬▬▬▬▬▬▬▬▬▬▬▬▬▬▬▬▬▬▬▬▬▬▬▬▬▬▬▬▬▬▬▬▬▬▬▬▬▬▬▬▬
18:27:47 §f                                  §6§lBESTIARY
18:27:47 §f                       §b§lWandering Blaze §7§8II §8➡§b §bIII
18:27:47 
18:27:47 §f                                  §r§6§lREWARDS
18:27:47 §f                    §r§8+§r§a2 Wandering Blaze §r§b✯ Magic Find
18:27:47 §f                     §r§8+§r§a2 Wandering Blaze §r§c❁ Strength
18:27:47 §f                        §r§8+§r§62% §r§aWandering Blaze §r§7coins
18:27:47 §f                    §r§8+§r§a50% §r§7chance for extra XP orbs
18:27:47 §f                               §r§8+§r§b1 SkyBlock XP
18:27:47 
18:27:47 §3§l▬▬▬▬▬▬▬▬▬▬▬▬▬▬▬▬▬▬▬▬▬▬▬▬▬▬▬▬▬▬▬▬▬▬▬▬▬▬▬▬▬▬▬▬▬▬▬▬▬▬▬▬▬▬▬▬▬▬▬▬▬▬▬▬
18:30:47 §f                                  §6§lBESTIARY
18:30:47 §f                       §b§lKuudra Follower §7§8V §8➡§b §bVI
18:30:47 
18:30:47 §f                                  §r§6§lREWARDS
18:30:47 §f                    §r§8+§r§a3 Kuudra Follower §r§b✯ Magic Find
18:30:47 §f                    §r§8+§r§a3 Kuudra Follower §r§c❁ Strength
18:30:47 §f                        §r§8+§r§62% §r§aKuudra Follower §r§7coins
18:30:47 §f                    §r§8+§r§a50% §r§7chance for extra XP orbs
18:30:47 §f                               §r§8+§r§b1 SkyBlock XP
18:30:47 
18:30:47 §3§l▬▬▬▬▬▬▬▬▬▬▬▬▬▬▬▬▬▬▬▬▬▬▬▬▬▬▬▬▬▬▬▬▬▬▬▬▬▬▬▬▬▬▬▬▬▬▬▬▬▬▬▬▬▬▬▬▬▬▬▬▬▬▬▬
18:31:19 §f                                  §6§lBESTIARY
18:31:19 §f                       §b§lKuudra Knocker §7§8VI §8➡§b §bVII
18:31:19 
18:31:19 §f                                  §r§6§lREWARDS
18:31:19 §f                    §r§8+§r§a3 Kuudra Knocker §r§b✯ Magic Find
18:31:19 §f                     §r§8+§r§a3 Kuudra Knocker §r§c❁ Strength
18:31:19 §f                        §r§8+§r§62% §r§aKuudra Knocker §r§7coins
18:31:19 §f                    §r§8+§r§a50% §r§7chance for extra XP orbs
18:31:19 §f                               §r§8+§r§b1 SkyBlock XP
18:31:19 
18:31:19 §3§l▬▬▬▬▬▬▬▬▬▬▬▬▬▬▬▬▬▬▬▬▬▬▬▬▬▬▬▬▬▬▬▬▬▬▬▬▬▬▬▬▬▬▬▬▬▬▬▬▬▬▬▬▬▬▬▬▬▬▬▬▬▬▬▬
18:31:19 §f                                  §6§lBESTIARY
18:31:19 §f                    §b§lInferno Magma Cube §7§8VI §8➡§b §bVII
18:31:19 
18:31:19 §f                                  §r§6§lREWARDS
18:31:19 §f                 §r§8+§r§a3 Inferno Magma Cube §r§b✯ Magic Find
18:31:19 §f                  §r§8+§r§a3 Inferno Magma Cube §r§c❁ Strength
18:31:19 §f                     §r§8+§r§62% §r§aInferno Magma Cube §r§7coins
18:31:19 §f                    §r§8+§r§a50% §r§7chance for extra XP orbs
18:31:19 §f                               §r§8+§r§b1 SkyBlock XP
18:31:19 
18:31:19 §3§l▬▬▬▬▬▬▬▬▬▬▬▬▬▬▬▬▬▬▬▬▬▬▬▬▬▬▬▬▬▬▬▬▬▬▬▬▬▬▬▬▬▬▬▬▬▬▬▬▬▬▬▬▬▬▬▬▬▬▬▬▬▬▬▬
18:31:45 §f                                  §6§lBESTIARY
18:31:45 §f                      §b§lKuudra Landmine §7§8VI §8➡§b §bVII
18:31:45 
18:31:45 §f                                  §r§6§lREWARDS
18:31:45 §f                   §r§8+§r§a3 Kuudra Landmine §r§b✯ Magic Find
18:31:45 §f                    §r§8+§r§a3 Kuudra Landmine §r§c❁ Strength
18:31:45 §f                       §r§8+§r§62% §r§aKuudra Landmine §r§7coins
18:31:45 §f                    §r§8+§r§a50% §r§7chance for extra XP orbs
18:31:45 §f                               §r§8+§r§b1 SkyBlock XP
18:31:45 
18:31:45 §3§l▬▬▬▬▬▬▬▬▬▬▬▬▬▬▬▬▬▬▬▬▬▬▬▬▬▬▬▬▬▬▬▬▬▬▬▬▬▬▬▬▬▬▬▬▬▬▬▬▬▬▬▬▬▬▬▬▬▬▬▬▬▬▬▬
18:32:38 §f                                  §6§lBESTIARY
18:32:38 §f                      §b§lKuudra Knocker §7§8VII §8➡§b §bVIII
18:32:38 
18:32:38 §f                                  §r§6§lREWARDS
18:32:38 §f                    §r§8+§r§a3 Kuudra Knocker §r§b✯ Magic Find
18:32:38 §f                     §r§8+§r§a3 Kuudra Knocker §r§c❁ Strength
18:32:38 §f                        §r§8+§r§62% §r§aKuudra Knocker §r§7coins
18:32:38 §f                    §r§8+§r§a50% §r§7chance for extra XP orbs
18:32:38 §f                               §r§8+§r§b1 SkyBlock XP
18:32:38 
18:32:38 §3§l▬▬▬▬▬▬▬▬▬▬▬▬▬▬▬▬▬▬▬▬▬▬▬▬▬▬▬▬▬▬▬▬▬▬▬▬▬▬▬▬▬▬▬▬▬▬▬▬▬▬▬▬▬▬▬▬▬▬▬▬▬▬▬▬
18:32:44 §f                                  §6§lBESTIARY
18:32:44 §f                   §b§lInferno Magma Cube §7§8VII §8➡§b §bVIII
18:32:44 
18:32:44 §f                                  §r§6§lREWARDS
18:32:44 §f                 §r§8+§r§a3 Inferno Magma Cube §r§b✯ Magic Find
18:32:44 §f                  §r§8+§r§a3 Inferno Magma Cube §r§c❁ Strength
18:32:44 §f                     §r§8+§r§62% §r§aInferno Magma Cube §r§7coins
18:32:44 §f                    §r§8+§r§a50% §r§7chance for extra XP orbs
18:32:44 §f                               §r§8+§r§b1 SkyBlock XP
18:32:44 
18:32:44 §3§l▬▬▬▬▬▬▬▬▬▬▬▬▬▬▬▬▬▬▬▬▬▬▬▬▬▬▬▬▬▬▬▬▬▬▬▬▬▬▬▬▬▬▬▬▬▬▬▬▬▬▬▬▬▬▬▬▬▬▬▬▬▬▬▬
18:33:15 §f                                  §6§lBESTIARY
18:33:15 §f                       §b§lWandering Blaze §7§8III §8➡§b §bIV
18:33:15 
18:33:15 §f                                  §r§6§lREWARDS
18:33:15 §f                    §r§8+§r§a2 Wandering Blaze §r§b✯ Magic Find
18:33:15 §f                     §r§8+§r§a2 Wandering Blaze §r§c❁ Strength
18:33:15 §f                        §r§8+§r§62% §r§aWandering Blaze §r§7coins
18:33:15 §f                    §r§8+§r§a50% §r§7chance for extra XP orbs
18:33:15 §f                               §r§8+§r§b1 SkyBlock XP
18:33:15 
18:33:15 §3§l▬▬▬▬▬▬▬▬▬▬▬▬▬▬▬▬▬▬▬▬▬▬▬▬▬▬▬▬▬▬▬▬▬▬▬▬▬▬▬▬▬▬▬▬▬▬▬▬▬▬▬▬▬▬▬▬▬▬▬▬▬▬▬▬
18:33:21 §f                                  §6§lBESTIARY
18:33:21 §f                      §b§lKuudra Follower §7§8VI §8➡§b §bVII
18:33:21 
18:33:21 §f                                  §r§6§lREWARDS
18:33:21 §f                    §r§8+§r§a3 Kuudra Follower §r§b✯ Magic Find
18:33:21 §f                    §r§8+§r§a3 Kuudra Follower §r§c❁ Strength
18:33:21 §f                        §r§8+§r§62% §r§aKuudra Follower §r§7coins
18:33:21 §f                    §r§8+§r§a50% §r§7chance for extra XP orbs
18:33:21 §f                               §r§8+§r§b1 SkyBlock XP
18:33:21 
18:33:21   §r§f                         §6§lBESTIARY MILESTONE
18:33:21   §r§f                               §8CXLVII➡§eCXLVIII
18:33:21 
18:33:21 §3§l▬▬▬▬▬▬▬▬▬▬▬▬▬▬▬▬▬▬▬▬▬▬▬▬▬▬▬▬▬▬▬▬▬▬▬▬▬▬▬▬▬▬▬▬▬▬▬▬▬▬▬▬▬▬▬▬▬▬▬▬▬▬▬▬
18:33:23 §f                                  §6§lBESTIARY
18:33:23 §f                            §b§lKuudra Slasher §7§bI
18:33:23 
18:33:23 §f                                  §r§6§lREWARDS
18:33:23 §f                    §r§8+§r§a2 Kuudra Slasher §r§b✯ Magic Find
18:33:23 §f                     §r§8+§r§a2 Kuudra Slasher §r§c❁ Strength
18:33:23 §f                        §r§8+§r§62% §r§aKuudra Slasher §r§7coins
18:33:23 §f                    §r§8+§r§a50% §r§7chance for extra XP orbs
18:33:23 §f                               §r§8+§r§b1 SkyBlock XP
18:33:23 
18:33:23 §3§l▬▬▬▬▬▬▬▬▬▬▬▬▬▬▬▬▬▬▬▬▬▬▬▬▬▬▬▬▬▬▬▬▬▬▬▬▬▬▬▬▬▬▬▬▬▬▬▬▬▬▬▬▬▬▬▬▬▬▬▬▬▬▬▬
18:33:23 §f                                  §6§lBESTIARY
18:33:23 §f                        §b§lKuudra Slasher §7§8I §8➡§b §bII
18:33:23 
18:33:23 §f                                  §r§6§lREWARDS
18:33:23 §f                    §r§8+§r§a2 Kuudra Slasher §r§b✯ Magic Find
18:33:23 §f                     §r§8+§r§a2 Kuudra Slasher §r§c❁ Strength
18:33:23 §f                        §r§8+§r§62% §r§aKuudra Slasher §r§7coins
18:33:23 §f                    §r§8+§r§a50% §r§7chance for extra XP orbs
18:33:23 §f                               §r§8+§r§b1 SkyBlock XP
18:33:23 
18:33:23 §3§l▬▬▬▬▬▬▬▬▬▬▬▬▬▬▬▬▬▬▬▬▬▬▬▬▬▬▬▬▬▬▬▬▬▬▬▬▬▬▬▬▬▬▬▬▬▬▬▬▬▬▬▬▬▬▬▬▬▬▬▬▬▬▬▬
18:34:18 §f                                  §6§lBESTIARY
18:34:18 §f                   §b§lInferno Magma Cube §7§8VIII §8➡§b §bIX
18:34:18 
18:34:18 §f                                  §r§6§lREWARDS
18:34:18 §f                 §r§8+§r§a3 Inferno Magma Cube §r§b✯ Magic Find
18:34:18 §f                  §r§8+§r§a3 Inferno Magma Cube §r§c❁ Strength
18:34:18 §f                     §r§8+§r§62% §r§aInferno Magma Cube §r§7coins
18:34:18 §f                    §r§8+§r§a50% §r§7chance for extra XP orbs
18:34:18 §f                               §r§8+§r§b1 SkyBlock XP
18:34:18 
18:34:18 §3§l▬▬▬▬▬▬▬▬▬▬▬▬▬▬▬▬▬▬▬▬▬▬▬▬▬▬▬▬▬▬▬▬▬▬▬▬▬▬▬▬▬▬▬▬▬▬▬▬▬▬▬▬▬▬▬▬▬▬▬▬▬▬▬▬
18:36:58 §f                                  §6§lBESTIARY
18:36:58 §f                     §b§lKuudra Landmine §7§8VII §8➡§b §bVIII
18:36:58 
18:36:58 §f                                  §r§6§lREWARDS
18:36:58 §f                   §r§8+§r§a3 Kuudra Landmine §r§b✯ Magic Find
18:36:58 §f                    §r§8+§r§a3 Kuudra Landmine §r§c❁ Strength
18:36:58 §f                       §r§8+§r§62% §r§aKuudra Landmine §r§7coins
18:36:58 §f                    §r§8+§r§a50% §r§7chance for extra XP orbs
18:36:58 §f                               §r§8+§r§b1 SkyBlock XP
18:36:58 
18:36:58 §3§l▬▬▬▬▬▬▬▬▬▬▬▬▬▬▬▬▬▬▬▬▬▬▬▬▬▬▬▬▬▬▬▬▬▬▬▬▬▬▬▬▬▬▬▬▬▬▬▬▬▬▬▬▬▬▬▬▬▬▬▬▬▬▬▬
18:37:14 §f                                  §6§lBESTIARY
18:37:14 §f                          §b§lExplosive Imp §7§8IX §8➡§b §bX
18:37:14 
18:37:14 §f                                  §r§6§lREWARDS
18:37:14 §f                      §r§8+§r§a3 Explosive Imp §r§b✯ Magic Find
18:37:14 §f                      §r§8+§r§a3 Explosive Imp §r§c❁ Strength
18:37:14 §f                          §r§8+§r§62% §r§aExplosive Imp §r§7coins
18:37:14 §f                    §r§8+§r§a50% §r§7chance for extra XP orbs
18:37:14 §f                               §r§8+§r§b1 SkyBlock XP
18:37:14 
18:37:14 §3§l▬▬▬▬▬▬▬▬▬▬▬▬▬▬▬▬▬▬▬▬▬▬▬▬▬▬▬▬▬▬▬▬▬▬▬▬▬▬▬▬▬▬▬▬▬▬▬▬▬▬▬▬▬▬▬▬▬▬▬▬▬▬▬▬
18:37:39 §f                                  §6§lBESTIARY
18:37:39 §f                               §b§lBlight §7§8V §8➡§b §bVI
18:37:39 
18:37:39 §f                                  §r§6§lREWARDS
18:37:39 §f                           §r§8+§r§a3 Blight §r§b✯ Magic Find
18:37:39 §f                           §r§8+§r§a3 Blight §r§c❁ Strength
18:37:39 §f                               §r§8+§r§62% §r§aBlight §r§7coins
18:37:39 §f                    §r§8+§r§a50% §r§7chance for extra XP orbs
18:37:39 §f                               §r§8+§r§b1 SkyBlock XP
18:37:39 
18:37:39 §3§l▬▬▬▬▬▬▬▬▬▬▬▬▬▬▬▬▬▬▬▬▬▬▬▬▬▬▬▬▬▬▬▬▬▬▬▬▬▬▬▬▬▬▬▬▬▬▬▬▬▬▬▬▬▬▬▬▬▬▬▬▬▬▬▬
18:37:47 §f                                  §6§lBESTIARY
18:37:47 §f                              §b§lBlight §7§8VI §8➡§b §bVII
18:37:47 
18:37:47 §f                                  §r§6§lREWARDS
18:37:47 §f                           §r§8+§r§a3 Blight §r§b✯ Magic Find
18:37:47 §f                           §r§8+§r§a3 Blight §r§c❁ Strength
18:37:47 §f                               §r§8+§r§62% §r§aBlight §r§7coins
18:37:47 §f                    §r§8+§r§a50% §r§7chance for extra XP orbs
18:37:47 §f                               §r§8+§r§b1 SkyBlock XP
18:37:47 
18:37:47 §3§l▬▬▬▬▬▬▬▬▬▬▬▬▬▬▬▬▬▬▬▬▬▬▬▬▬▬▬▬▬▬▬▬▬▬▬▬▬▬▬▬▬▬▬▬▬▬▬▬▬▬▬▬▬▬▬▬▬▬▬▬▬▬▬▬
18:37:56 §f                                  §6§lBESTIARY
18:37:56 §f                     §b§lKuudra Berserker §7§8VI §8➡§b §bVII
18:37:56 
18:37:56 §f                                  §r§6§lREWARDS
18:37:56 §f                  §r§8+§r§a3 Kuudra Berserker §r§b✯ Magic Find
18:37:56 §f                   §r§8+§r§a3 Kuudra Berserker §r§c❁ Strength
18:37:56 §f                      §r§8+§r§62% §r§aKuudra Berserker §r§7coins
18:37:56 §f                    §r§8+§r§a50% §r§7chance for extra XP orbs
18:37:56 §f                               §r§8+§r§b1 SkyBlock XP
18:37:56 
18:37:56 §3§l▬▬▬▬▬▬▬▬▬▬▬▬▬▬▬▬▬▬▬▬▬▬▬▬▬▬▬▬▬▬▬▬▬▬▬▬▬▬▬▬▬▬▬▬▬▬▬▬▬▬▬▬▬▬▬▬▬▬▬▬▬▬▬▬
18:38:20 §f                                  §6§lBESTIARY
18:38:20 §f                      §b§lKuudra Knocker §7§8VIII §8➡§b §bIX
18:38:20 
18:38:20 §f                                  §r§6§lREWARDS
18:38:20 §f                    §r§8+§r§a3 Kuudra Knocker §r§b✯ Magic Find
18:38:20 §f                     §r§8+§r§a3 Kuudra Knocker §r§c❁ Strength
18:38:20 §f                        §r§8+§r§62% §r§aKuudra Knocker §r§7coins
18:38:20 §f                    §r§8+§r§a50% §r§7chance for extra XP orbs
18:38:20 §f                               §r§8+§r§b1 SkyBlock XP
18:38:20 
18:38:20 §3§l▬▬▬▬▬▬▬▬▬▬▬▬▬▬▬▬▬▬▬▬▬▬▬▬▬▬▬▬▬▬▬▬▬▬▬▬▬▬▬▬▬▬▬▬▬▬▬▬▬▬▬▬▬▬▬▬▬▬▬▬▬▬▬▬
18:38:26 §f                                  §6§lBESTIARY
18:38:26 §f                     §b§lInferno Magma Cube §7§8IX §8➡§b §bX
18:38:26 
18:38:26 §f                                  §r§6§lREWARDS
18:38:26 §f                 §r§8+§r§a3 Inferno Magma Cube §r§b✯ Magic Find
18:38:26 §f                  §r§8+§r§a3 Inferno Magma Cube §r§c❁ Strength
18:38:26 §f                     §r§8+§r§62% §r§aInferno Magma Cube §r§7coins
18:38:26 §f                    §r§8+§r§a50% §r§7chance for extra XP orbs
18:38:26 §f                               §r§8+§r§b1 SkyBlock XP
18:38:26 
18:38:26   §r§f                         §6§lBESTIARY MILESTONE
18:38:26   §r§f                               §8CXLVIII➡§eCXLIX
18:38:26 
18:38:26 §3§l▬▬▬▬▬▬▬▬▬▬▬▬▬▬▬▬▬▬▬▬▬▬▬▬▬▬▬▬▬▬▬▬▬▬▬▬▬▬▬▬▬▬▬▬▬▬▬▬▬▬▬▬▬▬▬▬▬▬▬▬▬▬▬▬
18:38:56 §f                                  §6§lBESTIARY
18:38:56 §f                        §b§lWandering Blaze §7§8IV §8➡§b §bV
18:38:56 
18:38:56 §f                                  §r§6§lREWARDS
18:38:56 §f                    §r§8+§r§a2 Wandering Blaze §r§b✯ Magic Find
18:38:56 §f                     §r§8+§r§a2 Wandering Blaze §r§c❁ Strength
18:38:56 §f                        §r§8+§r§62% §r§aWandering Blaze §r§7coins
18:38:56 §f                    §r§8+§r§a50% §r§7chance for extra XP orbs
18:38:56 §f                               §r§8+§r§b1 SkyBlock XP
18:38:56 
18:38:56 §3§l▬▬▬▬▬▬▬▬▬▬▬▬▬▬▬▬▬▬▬▬▬▬▬▬▬▬▬▬▬▬▬▬▬▬▬▬▬▬▬▬▬▬▬▬▬▬▬▬▬▬▬▬▬▬▬▬▬▬▬▬▬▬▬▬
18:38:56 §f                                  §6§lBESTIARY
18:38:56 §f                        §b§lWandering Blaze §7§8V §8➡§b §bVI
18:38:56 
18:38:56 §f                                  §r§6§lREWARDS
18:38:56 §f                    §r§8+§r§a3 Wandering Blaze §r§b✯ Magic Find
18:38:56 §f                     §r§8+§r§a3 Wandering Blaze §r§c❁ Strength
18:38:56 §f                        §r§8+§r§62% §r§aWandering Blaze §r§7coins
18:38:56 §f                    §r§8+§r§a50% §r§7chance for extra XP orbs
18:38:56 §f                               §r§8+§r§b1 SkyBlock XP
18:38:56 
18:38:56 §3§l▬▬▬▬▬▬▬▬▬▬▬▬▬▬▬▬▬▬▬▬▬▬▬▬▬▬▬▬▬▬▬▬▬▬▬▬▬▬▬▬▬▬▬▬▬▬▬▬▬▬▬▬▬▬▬▬▬▬▬▬▬▬▬▬
18:38:56 §f                                  §6§lBESTIARY
18:38:56 §f                       §b§lWandering Blaze §7§8VI §8➡§b §bVII
18:38:56 
18:38:56 §f                                  §r§6§lREWARDS
18:38:56 §f                    §r§8+§r§a3 Wandering Blaze §r§b✯ Magic Find
18:38:56 §f                     §r§8+§r§a3 Wandering Blaze §r§c❁ Strength
18:38:56 §f                        §r§8+§r§62% §r§aWandering Blaze §r§7coins
18:38:56 §f                    §r§8+§r§a50% §r§7chance for extra XP orbs
18:38:56 §f                               §r§8+§r§b1 SkyBlock XP
18:38:56 
18:38:56 §3§l▬▬▬▬▬▬▬▬▬▬▬▬▬▬▬▬▬▬▬▬▬▬▬▬▬▬▬▬▬▬▬▬▬▬▬▬▬▬▬▬▬▬▬▬▬▬▬▬▬▬▬▬▬▬▬▬▬▬▬▬▬▬▬▬
18:39:45 §f                                  §6§lBESTIARY
18:39:45 §f                      §b§lKuudra Landmine §7§8VIII §8➡§b §bIX
18:39:45 
18:39:45 §f                                  §r§6§lREWARDS
18:39:45 §f                   §r§8+§r§a3 Kuudra Landmine §r§b✯ Magic Find
18:39:45 §f                    §r§8+§r§a3 Kuudra Landmine §r§c❁ Strength
18:39:45 §f                       §r§8+§r§62% §r§aKuudra Landmine §r§7coins
18:39:45 §f                    §r§8+§r§a50% §r§7chance for extra XP orbs
18:39:45 §f                               §r§8+§r§b1 SkyBlock XP
18:39:45 
18:39:45 §3§l▬▬▬▬▬▬▬▬▬▬▬▬▬▬▬▬▬▬▬▬▬▬▬▬▬▬▬▬▬▬▬▬▬▬▬▬▬▬▬▬▬▬▬▬▬▬▬▬▬▬▬▬▬▬▬▬▬▬▬▬▬▬▬▬
18:39:48 §f                                  §6§lBESTIARY
18:39:48 §f                       §b§lKuudra Slasher §7§8II §8➡§b §bIII
18:39:48 
18:39:48 §f                                  §r§6§lREWARDS
18:39:48 §f                    §r§8+§r§a2 Kuudra Slasher §r§b✯ Magic Find
18:39:48 §f                     §r§8+§r§a2 Kuudra Slasher §r§c❁ Strength
18:39:48 §f                        §r§8+§r§62% §r§aKuudra Slasher §r§7coins
18:39:48 §f                    §r§8+§r§a50% §r§7chance for extra XP orbs
18:39:48 §f                               §r§8+§r§b1 SkyBlock XP
18:39:48 
18:39:48 §3§l▬▬▬▬▬▬▬▬▬▬▬▬▬▬▬▬▬▬▬▬▬▬▬▬▬▬▬▬▬▬▬▬▬▬▬▬▬▬▬▬▬▬▬▬▬▬▬▬▬▬▬▬▬▬▬▬▬▬▬▬▬▬▬▬
18:48:20 §f                                  §6§lBESTIARY
18:48:20 §f                     §b§lKuudra Follower §7§8VII §8➡§b §bVIII
18:48:20 
18:48:20 §f                                  §r§6§lREWARDS
18:48:20 §f                    §r§8+§r§a3 Kuudra Follower §r§b✯ Magic Find
18:48:20 §f                    §r§8+§r§a3 Kuudra Follower §r§c❁ Strength
18:48:20 §f                        §r§8+§r§62% §r§aKuudra Follower §r§7coins
18:48:20 §f                    §r§8+§r§a50% §r§7chance for extra XP orbs
18:48:20 §f                               §r§8+§r§b1 SkyBlock XP
18:48:20 
18:48:20 §3§l▬▬▬▬▬▬▬▬▬▬▬▬▬▬▬▬▬▬▬▬▬▬▬▬▬▬▬▬▬▬▬▬▬▬▬▬▬▬▬▬▬▬▬▬▬▬▬▬▬▬▬▬▬▬▬▬▬▬▬▬▬▬▬▬
18:49:36 §f                                  §6§lBESTIARY
18:49:36 §f                             §b§lBlight §7§8VII §8➡§b §bVIII
18:49:36 
18:49:36 §f                                  §r§6§lREWARDS
18:49:36 §f                           §r§8+§r§a3 Blight §r§b✯ Magic Find
18:49:36 §f                           §r§8+§r§a3 Blight §r§c❁ Strength
18:49:36 §f                               §r§8+§r§62% §r§aBlight §r§7coins
18:49:36 §f                    §r§8+§r§a50% §r§7chance for extra XP orbs
18:49:36 §f                               §r§8+§r§b1 SkyBlock XP
18:49:36 
18:49:36 §3§l▬▬▬▬▬▬▬▬▬▬▬▬▬▬▬▬▬▬▬▬▬▬▬▬▬▬▬▬▬▬▬▬▬▬▬▬▬▬▬▬▬▬▬▬▬▬▬▬▬▬▬▬▬▬▬▬▬▬▬▬▬▬▬▬
18:50:05 §f                                  §6§lBESTIARY
18:50:05 §f                        §b§lKuudra Knocker §7§8IX §8➡§b §bX
18:50:05 
18:50:05 §f                                  §r§6§lREWARDS
18:50:05 §f                    §r§8+§r§a3 Kuudra Knocker §r§b✯ Magic Find
18:50:05 §f                     §r§8+§r§a3 Kuudra Knocker §r§c❁ Strength
18:50:05 §f                        §r§8+§r§62% §r§aKuudra Knocker §r§7coins
18:50:05 §f                    §r§8+§r§a50% §r§7chance for extra XP orbs
18:50:05 §f                               §r§8+§r§b1 SkyBlock XP
18:50:05 
18:50:05 §3§l▬▬▬▬▬▬▬▬▬▬▬▬▬▬▬▬▬▬▬▬▬▬▬▬▬▬▬▬▬▬▬▬▬▬▬▬▬▬▬▬▬▬▬▬▬▬▬▬▬▬▬▬▬▬▬▬▬▬▬▬▬▬▬▬
18:51:02 §f                                  §6§lBESTIARY
18:51:02 §f                      §b§lWandering Blaze §7§8VII §8➡§b §bVIII
18:51:02 
18:51:02 §f                                  §r§6§lREWARDS
18:51:02 §f                    §r§8+§r§a3 Wandering Blaze §r§b✯ Magic Find
18:51:02 §f                     §r§8+§r§a3 Wandering Blaze §r§c❁ Strength
18:51:02 §f                        §r§8+§r§62% §r§aWandering Blaze §r§7coins
18:51:02 §f                    §r§8+§r§a50% §r§7chance for extra XP orbs
18:51:02 §f                               §r§8+§r§b1 SkyBlock XP
18:51:02 
18:51:02 §3§l▬▬▬▬▬▬▬▬▬▬▬▬▬▬▬▬▬▬▬▬▬▬▬▬▬▬▬▬▬▬▬▬▬▬▬▬▬▬▬▬▬▬▬▬▬▬▬▬▬▬▬▬▬▬▬▬▬▬▬▬▬▬▬▬
18:51:05 §f                                  §6§lBESTIARY
18:51:05 §f                      §b§lWandering Blaze §7§8VIII §8➡§b §bIX
18:51:05 
18:51:05 §f                                  §r§6§lREWARDS
18:51:05 §f                    §r§8+§r§a3 Wandering Blaze §r§b✯ Magic Find
18:51:05 §f                     §r§8+§r§a3 Wandering Blaze §r§c❁ Strength
18:51:05 §f                        §r§8+§r§62% §r§aWandering Blaze §r§7coins
18:51:05 §f                    §r§8+§r§a50% §r§7chance for extra XP orbs
18:51:05 §f                               §r§8+§r§b1 SkyBlock XP
18:51:05 
18:51:05   §r§f                         §6§lBESTIARY MILESTONE
18:51:05   §r§f                                  §8CXLIX➡§eCL
18:51:05 
18:51:05 §3§l▬▬▬▬▬▬▬▬▬▬▬▬▬▬▬▬▬▬▬▬▬▬▬▬▬▬▬▬▬▬▬▬▬▬▬▬▬▬▬▬▬▬▬▬▬▬▬▬▬▬▬▬▬▬▬▬▬▬▬▬▬▬▬▬
18:54:27 §f                                  §6§lBESTIARY
18:54:27 §f                       §b§lKuudra Landmine §7§8IX §8➡§b §bX
18:54:27 
18:54:27 §f                                  §r§6§lREWARDS
18:54:27 §f                   §r§8+§r§a3 Kuudra Landmine §r§b✯ Magic Find
18:54:27 §f                    §r§8+§r§a3 Kuudra Landmine §r§c❁ Strength
18:54:27 §f                       §r§8+§r§62% §r§aKuudra Landmine §r§7coins
18:54:27 §f                    §r§8+§r§a50% §r§7chance for extra XP orbs
18:54:27 §f                               §r§8+§r§b1 SkyBlock XP
18:54:27 
18:54:27 §3§l▬▬▬▬▬▬▬▬▬▬▬▬▬▬▬▬▬▬▬▬▬▬▬▬▬▬▬▬▬▬▬▬▬▬▬▬▬▬▬▬▬▬▬▬▬▬▬▬▬▬▬▬▬▬▬▬▬▬▬▬▬▬▬▬
18:54:54 §f                                  §6§lBESTIARY
18:54:54 §f                      §b§lKuudra Follower §7§8VIII §8➡§b §bIX
18:54:54 
18:54:54 §f                                  §r§6§lREWARDS
18:54:54 §f                    §r§8+§r§a3 Kuudra Follower §r§b✯ Magic Find
18:54:54 §f                    §r§8+§r§a3 Kuudra Follower §r§c❁ Strength
18:54:54 §f                        §r§8+§r§62% §r§aKuudra Follower §r§7coins
18:54:54 §f                    §r§8+§r§a50% §r§7chance for extra XP orbs
18:54:54 §f                               §r§8+§r§b1 SkyBlock XP
18:54:54 
18:54:54 §3§l▬▬▬▬▬▬▬▬▬▬▬▬▬▬▬▬▬▬▬▬▬▬▬▬▬▬▬▬▬▬▬▬▬▬▬▬▬▬▬▬▬▬▬▬▬▬▬▬▬▬▬▬▬▬▬▬▬▬▬▬▬▬▬▬
18:55:01 §f                                  §6§lBESTIARY
18:55:01 §f                          §b§lExplosive Imp §7§8X §8➡§b §bXI
18:55:01 
18:55:01 §f                                  §r§6§lREWARDS
18:55:01 §f                      §r§8+§r§a4 Explosive Imp §r§b✯ Magic Find
18:55:01 §f                      §r§8+§r§a4 Explosive Imp §r§c❁ Strength
18:55:01 §f                          §r§8+§r§62% §r§aExplosive Imp §r§7coins
18:55:01 §f                    §r§8+§r§a50% §r§7chance for extra XP orbs
18:55:01 §f                               §r§8+§r§b1 SkyBlock XP
18:55:01 
18:55:01 §3§l▬▬▬▬▬▬▬▬▬▬▬▬▬▬▬▬▬▬▬▬▬▬▬▬▬▬▬▬▬▬▬▬▬▬▬▬▬▬▬▬▬▬▬▬▬▬▬▬▬▬▬▬▬▬▬▬▬▬▬▬▬▬▬▬
18:55:01 §f                                  §6§lBESTIARY
18:55:01 §f                    §b§lKuudra Berserker §7§8VII §8➡§b §bVIII
18:55:01 
18:55:01 §f                                  §r§6§lREWARDS
18:55:01 §f                  §r§8+§r§a3 Kuudra Berserker §r§b✯ Magic Find
18:55:01 §f                   §r§8+§r§a3 Kuudra Berserker §r§c❁ Strength
18:55:01 §f                      §r§8+§r§62% §r§aKuudra Berserker §r§7coins
18:55:01 §f                    §r§8+§r§a50% §r§7chance for extra XP orbs
18:55:01 §f                               §r§8+§r§b1 SkyBlock XP
18:55:01 
18:55:01 §3§l▬▬▬▬▬▬▬▬▬▬▬▬▬▬▬▬▬▬▬▬▬▬▬▬▬▬▬▬▬▬▬▬▬▬▬▬▬▬▬▬▬▬▬▬▬▬▬▬▬▬▬▬▬▬▬▬▬▬▬▬▬▬▬▬
18:59:59 §f                                  §6§lBESTIARY
18:59:59 §f                     §b§lInferno Magma Cube §7§8X §8➡§b §bXI
18:59:59 
18:59:59 §f                                  §r§6§lREWARDS
18:59:59 §f                 §r§8+§r§a4 Inferno Magma Cube §r§b✯ Magic Find
18:59:59 §f                  §r§8+§r§a4 Inferno Magma Cube §r§c❁ Strength
18:59:59 §f                     §r§8+§r§62% §r§aInferno Magma Cube §r§7coins
18:59:59 §f                    §r§8+§r§a50% §r§7chance for extra XP orbs
18:59:59 §f                               §r§8+§r§b1 SkyBlock XP
18:59:59 
18:59:59 §3§l▬▬▬▬▬▬▬▬▬▬▬▬▬▬▬▬▬▬▬▬▬▬▬▬▬▬▬▬▬▬▬▬▬▬▬▬▬▬▬▬▬▬▬▬▬▬▬▬▬▬▬▬▬▬▬▬▬▬▬▬▬▬▬▬
19:01:12 §f                                  §6§lBESTIARY
19:01:12 §f                              §b§lBlight §7§8VIII §8➡§b §bIX
19:01:12 
19:01:12 §f                                  §r§6§lREWARDS
19:01:12 §f                           §r§8+§r§a3 Blight §r§b✯ Magic Find
19:01:12 §f                           §r§8+§r§a3 Blight §r§c❁ Strength
19:01:12 §f                               §r§8+§r§62% §r§aBlight §r§7coins
19:01:12 §f                    §r§8+§r§a50% §r§7chance for extra XP orbs
19:01:12 §f                               §r§8+§r§b1 SkyBlock XP
19:01:12 
19:01:12 §3§l▬▬▬▬▬▬▬▬▬▬▬▬▬▬▬▬▬▬▬▬▬▬▬▬▬▬▬▬▬▬▬▬▬▬▬▬▬▬▬▬▬▬▬▬▬▬▬▬▬▬▬▬▬▬▬▬▬▬▬▬▬▬▬▬
19:07:02 §f                                  §6§lBESTIARY
19:07:02 §f                        §b§lWither Spectre §7§8VI §8➡§b §bVII
19:07:02 
19:07:02 §f                                  §r§6§lREWARDS
19:07:02 §f                     §r§8+§r§a3 Wither Spectre §r§b✯ Magic Find
19:07:02 §f                     §r§8+§r§a3 Wither Spectre §r§c❁ Strength
19:07:02 §f                         §r§8+§r§62% §r§aWither Spectre §r§7coins
19:07:02 §f                    §r§8+§r§a50% §r§7chance for extra XP orbs
19:07:02 §f                               §r§8+§r§b1 SkyBlock XP
19:07:02 
19:07:02 §3§l▬▬▬▬▬▬▬▬▬▬▬▬▬▬▬▬▬▬▬▬▬▬▬▬▬▬▬▬▬▬▬▬▬▬▬▬▬▬▬▬▬▬▬▬▬▬▬▬▬▬▬▬▬▬▬▬▬▬▬▬▬▬▬▬
19:08:49 §f                                  §6§lBESTIARY
19:08:49 §f                       §b§lWither Spectre §7§8VII §8➡§b §bVIII
19:08:49 
19:08:49 §f                                  §r§6§lREWARDS
19:08:49 §f                     §r§8+§r§a3 Wither Spectre §r§b✯ Magic Find
19:08:49 §f                     §r§8+§r§a3 Wither Spectre §r§c❁ Strength
19:08:49 §f                         §r§8+§r§62% §r§aWither Spectre §r§7coins
19:08:49 §f                    §r§8+§r§a50% §r§7chance for extra XP orbs
19:08:49 §f                               §r§8+§r§b1 SkyBlock XP
19:08:49 
19:08:49 §3§l▬▬▬▬▬▬▬▬▬▬▬▬▬▬▬▬▬▬▬▬▬▬▬▬▬▬▬▬▬▬▬▬▬▬▬▬▬▬▬▬▬▬▬▬▬▬▬▬▬▬▬▬▬▬▬▬▬▬▬▬▬▬▬▬
19:11:58 §f                                  §6§lBESTIARY
19:11:58 §f                       §b§lWither Spectre §7§8VIII §8➡§b §bIX
19:11:58 
19:11:58 §f                                  §r§6§lREWARDS
19:11:58 §f                     §r§8+§r§a3 Wither Spectre §r§b✯ Magic Find
19:11:58 §f                     §r§8+§r§a3 Wither Spectre §r§c❁ Strength
19:11:58 §f                         §r§8+§r§62% §r§aWither Spectre §r§7coins
19:11:58 §f                    §r§8+§r§a50% §r§7chance for extra XP orbs
19:11:58 §f                               §r§8+§r§b1 SkyBlock XP
19:11:58 
19:11:58 §3§l▬▬▬▬▬▬▬▬▬▬▬▬▬▬▬▬▬▬▬▬▬▬▬▬▬▬▬▬▬▬▬▬▬▬▬▬▬▬▬▬▬▬▬▬▬▬▬▬▬▬▬▬▬▬▬▬▬▬▬▬▬▬▬▬
19:13:24 §f                                  §6§lBESTIARY
19:13:24 §f                        §b§lWither Skeleton §7§8X §8➡§b §bXI
19:13:24 
19:13:24 §f                                  §r§6§lREWARDS
19:13:24 §f                    §r§8+§r§a4 Wither Skeleton §r§b✯ Magic Find
19:13:24 §f                     §r§8+§r§a4 Wither Skeleton §r§c❁ Strength
19:13:24 §f                        §r§8+§r§62% §r§aWither Skeleton §r§7coins
19:13:24 §f                    §r§8+§r§a50% §r§7chance for extra XP orbs
19:13:24 §f                               §r§8+§r§b1 SkyBlock XP
19:13:24 
19:13:24   §r§f                         §6§lBESTIARY MILESTONE
19:13:24   §r§f                                    §8CL➡§eCLI
19:13:24 
19:13:24 §3§l▬▬▬▬▬▬▬▬▬▬▬▬▬▬▬▬▬▬▬▬▬▬▬▬▬▬▬▬▬▬▬▬▬▬▬▬▬▬▬▬▬▬▬▬▬▬▬▬▬▬▬▬▬▬▬▬▬▬▬▬▬▬▬▬
19:17:24 §f                                  §6§lBESTIARY
19:17:24 §f                         §b§lWither Spectre §7§8IX §8➡§b §bX
19:17:24 
19:17:24 §f                                  §r§6§lREWARDS
19:17:24 §f                     §r§8+§r§a3 Wither Spectre §r§b✯ Magic Find
19:17:24 §f                     §r§8+§r§a3 Wither Spectre §r§c❁ Strength
19:17:24 §f                         §r§8+§r§62% §r§aWither Spectre §r§7coins
19:17:24 §f                    §r§8+§r§a50% §r§7chance for extra XP orbs
19:17:24 §f                               §r§8+§r§b1 SkyBlock XP
19:17:24 
19:17:24 §3§l▬▬▬▬▬▬▬▬▬▬▬▬▬▬▬▬▬▬▬▬▬▬▬▬▬▬▬▬▬▬▬▬▬▬▬▬▬▬▬▬▬▬▬▬▬▬▬▬▬▬▬▬▬▬▬▬▬▬▬▬▬▬▬▬
19:18:59 §f                                  §6§lBESTIARY
19:18:59 §f                               §b§lVanquisher §7§bI
19:18:59 
19:18:59 §f                                  §r§6§lREWARDS
19:18:59 §f                       §r§8+§r§a2 §r§5Vanquisher §r§b✯ Magic Find
19:18:59 §f                        §r§8+§r§a2 §r§5Vanquisher §r§c❁ Strength
19:18:59 §f                           §r§8+§r§62% §r§a§r§5Vanquisher §r§7coins
19:18:59 §f                    §r§8+§r§a50% §r§7chance for extra XP orbs
19:18:59 §f                               §r§8+§r§b1 SkyBlock XP
19:18:59 
19:18:59 §3§l▬▬▬▬▬▬▬▬▬▬▬▬▬▬▬▬▬▬▬▬▬▬▬▬▬▬▬▬▬▬▬▬▬▬▬▬▬▬▬▬▬▬▬▬▬▬▬▬▬▬▬▬▬▬▬▬▬▬▬▬▬▬▬▬
19:22:22 §f                                  §6§lBESTIARY
19:22:22 §f                              §b§lBlaze §7§8XII §8➡§b §bXIII
19:22:22 
19:22:22 §f                                  §r§6§lREWARDS
19:22:22 §f                           §r§8+§r§a4 Blaze §r§b✯ Magic Find
19:22:22 §f                           §r§8+§r§a4 Blaze §r§c❁ Strength
19:22:22 §f                               §r§8+§r§62% §r§aBlaze §r§7coins
19:22:22 §f                    §r§8+§r§a50% §r§7chance for extra XP orbs
19:22:22 §f                               §r§8+§r§b1 SkyBlock XP
19:22:22 
19:22:22 §3§l▬▬▬▬▬▬▬▬▬▬▬▬▬▬▬▬▬▬▬▬▬▬▬▬▬▬▬▬▬▬▬▬▬▬▬▬▬▬▬▬▬▬▬▬▬▬▬▬▬▬▬▬▬▬▬▬▬▬▬▬▬▬▬▬
19:23:36 §f                                  §6§lBESTIARY
19:23:36 §f                            §b§lVanquisher §7§8I §8➡§b §bII
19:23:36 
19:23:36 §f                                  §r§6§lREWARDS
19:23:36 §f                       §r§8+§r§a2 §r§5Vanquisher §r§b✯ Magic Find
19:23:36 §f                        §r§8+§r§a2 §r§5Vanquisher §r§c❁ Strength
19:23:36 §f                           §r§8+§r§62% §r§a§r§5Vanquisher §r§7coins
19:23:36 §f                    §r§8+§r§a50% §r§7chance for extra XP orbs
19:23:36 §f                               §r§8+§r§b1 SkyBlock XP
19:23:36 
19:23:36 §3§l▬▬▬▬▬▬▬▬▬▬▬▬▬▬▬▬▬▬▬▬▬▬▬▬▬▬▬▬▬▬▬▬▬▬▬▬▬▬▬▬▬▬▬▬▬▬▬▬▬▬▬▬▬▬▬▬▬▬▬▬▬▬▬▬
19:24:55 §f                                  §6§lBESTIARY
19:24:55 §f                           §b§lVanquisher §7§8II §8➡§b §bIII
19:24:55 
19:24:55 §f                                  §r§6§lREWARDS
19:24:55 §f                       §r§8+§r§a2 §r§5Vanquisher §r§b✯ Magic Find
19:24:55 §f                        §r§8+§r§a2 §r§5Vanquisher §r§c❁ Strength
19:24:55 §f                           §r§8+§r§62% §r§a§r§5Vanquisher §r§7coins
19:24:55 §f                    §r§8+§r§a50% §r§7chance for extra XP orbs
19:24:55 §f                               §r§8+§r§b1 SkyBlock XP
19:24:55 
19:24:55 §3§l▬▬▬▬▬▬▬▬▬▬▬▬▬▬▬▬▬▬▬▬▬▬▬▬▬▬▬▬▬▬▬▬▬▬▬▬▬▬▬▬▬▬▬▬▬▬▬▬▬▬▬▬▬▬▬▬▬▬▬▬▬▬▬▬
19:33:09 §f                                  §6§lBESTIARY
19:33:09 §f                         §b§lWither Spectre §7§8X §8➡§b §bXI
19:33:09 
19:33:09 §f                                  §r§6§lREWARDS
19:33:09 §f                     §r§8+§r§a4 Wither Spectre §r§b✯ Magic Find
19:33:09 §f                     §r§8+§r§a4 Wither Spectre §r§c❁ Strength
19:33:09 §f                         §r§8+§r§62% §r§aWither Spectre §r§7coins
19:33:09 §f                    §r§8+§r§a50% §r§7chance for extra XP orbs
19:33:09 §f                               §r§8+§r§b1 SkyBlock XP
19:33:09 
19:33:09 §3§l▬▬▬▬▬▬▬▬▬▬▬▬▬▬▬▬▬▬▬▬▬▬▬▬▬▬▬▬▬▬▬▬▬▬▬▬▬▬▬▬▬▬▬▬▬▬▬▬▬▬▬▬▬▬▬▬▬▬▬▬▬▬▬▬
19:38:41 §f                                  §6§lBESTIARY
19:38:41 §f                             §b§lBlaze §7§8XIII §8➡§b §bXIV
19:38:41 
19:38:41 §f                                  §r§6§lREWARDS
19:38:41 §f                           §r§8+§r§a4 Blaze §r§b✯ Magic Find
19:38:41 §f                           §r§8+§r§a4 Blaze §r§c❁ Strength
19:38:41 §f                               §r§8+§r§62% §r§aBlaze §r§7coins
19:38:41 §f                    §r§8+§r§a50% §r§7chance for extra XP orbs
19:38:41 §f                               §r§8+§r§b1 SkyBlock XP
19:38:41 
19:38:41 §3§l▬▬▬▬▬▬▬▬▬▬▬▬▬▬▬▬▬▬▬▬▬▬▬▬▬▬▬▬▬▬▬▬▬▬▬▬▬▬▬▬▬▬▬▬▬▬▬▬▬▬▬▬▬▬▬▬▬▬▬▬▬▬▬▬
19:50:42 §f                                  §6§lBESTIARY
19:50:42 §f                    §b§lKuudra Berserker §7§8VIII §8➡§b §bIX
19:50:42 
19:50:42 §f                                  §r§6§lREWARDS
19:50:42 §f                  §r§8+§r§a3 Kuudra Berserker §r§b✯ Magic Find
19:50:42 §f                   §r§8+§r§a3 Kuudra Berserker §r§c❁ Strength
19:50:42 §f                      §r§8+§r§62% §r§aKuudra Berserker §r§7coins
19:50:42 §f                    §r§8+§r§a50% §r§7chance for extra XP orbs
19:50:42 §f                               §r§8+§r§b1 SkyBlock XP
19:50:42 
19:50:42 §3§l▬▬▬▬▬▬▬▬▬▬▬▬▬▬▬▬▬▬▬▬▬▬▬▬▬▬▬▬▬▬▬▬▬▬▬▬▬▬▬▬▬▬▬▬▬▬▬▬▬▬▬▬▬▬▬▬▬▬▬▬▬▬▬▬
19:54:13 §f                                  §6§lBESTIARY
19:54:13 §f                       §b§lKuudra Follower §7§8IX §8➡§b §bX
19:54:13 
19:54:13 §f                                  §r§6§lREWARDS
19:54:13 §f                    §r§8+§r§a3 Kuudra Follower §r§b✯ Magic Find
19:54:13 §f                    §r§8+§r§a3 Kuudra Follower §r§c❁ Strength
19:54:13 §f                        §r§8+§r§62% §r§aKuudra Follower §r§7coins
19:54:13 §f                    §r§8+§r§a50% §r§7chance for extra XP orbs
19:54:13 §f                               §r§8+§r§b1 SkyBlock XP
19:54:13 
19:54:13 §3§l▬▬▬▬▬▬▬▬▬▬▬▬▬▬▬▬▬▬▬▬▬▬▬▬▬▬▬▬▬▬▬▬▬▬▬▬▬▬▬▬▬▬▬▬▬▬▬▬▬▬▬▬▬▬▬▬▬▬▬▬▬▬▬▬
19:55:45 §f                                  §6§lBESTIARY
19:55:45 §f                               §b§lBlight §7§8IX §8➡§b §bX
19:55:45 
19:55:45 §f                                  §r§6§lREWARDS
19:55:45 §f                           §r§8+§r§a3 Blight §r§b✯ Magic Find
19:55:45 §f                           §r§8+§r§a3 Blight §r§c❁ Strength
19:55:45 §f                               §r§8+§r§62% §r§aBlight §r§7coins
19:55:45 §f                    §r§8+§r§a50% §r§7chance for extra XP orbs
19:55:45 §f                               §r§8+§r§b1 SkyBlock XP
19:55:45 
19:55:45   §r§f                         §6§lBESTIARY MILESTONE
19:55:45   §r§f                                   §8CLI➡§eCLII
19:55:45 
19:55:45 §3§l▬▬▬▬▬▬▬▬▬▬▬▬▬▬▬▬▬▬▬▬▬▬▬▬▬▬▬▬▬▬▬▬▬▬▬▬▬▬▬▬▬▬▬▬▬▬▬▬▬▬▬▬▬▬▬▬▬▬▬▬▬▬▬▬
19:56:07 §f                                  §6§lBESTIARY
19:56:07 §f                        §b§lKuudra Knocker §7§8X §8➡§b §bXI
19:56:07 
19:56:07 §f                                  §r§6§lREWARDS
19:56:07 §f                    §r§8+§r§a4 Kuudra Knocker §r§b✯ Magic Find
19:56:07 §f                     §r§8+§r§a4 Kuudra Knocker §r§c❁ Strength
19:56:07 §f                        §r§8+§r§62% §r§aKuudra Knocker §r§7coins
19:56:07 §f                    §r§8+§r§a50% §r§7chance for extra XP orbs
19:56:07 §f                               §r§8+§r§b1 SkyBlock XP
19:56:07 
19:56:07 §3§l▬▬▬▬▬▬▬▬▬▬▬▬▬▬▬▬▬▬▬▬▬▬▬▬▬▬▬▬▬▬▬▬▬▬▬▬▬▬▬▬▬▬▬▬▬▬▬▬▬▬▬▬▬▬▬▬▬▬▬▬▬▬▬▬
19:57:01 §f                                  §6§lBESTIARY
19:57:01 §f                        §b§lWandering Blaze §7§8IX §8➡§b §bX
19:57:01 
19:57:01 §f                                  §r§6§lREWARDS
19:57:01 §f                    §r§8+§r§a3 Wandering Blaze §r§b✯ Magic Find
19:57:01 §f                     §r§8+§r§a3 Wandering Blaze §r§c❁ Strength
19:57:01 §f                        §r§8+§r§62% §r§aWandering Blaze §r§7coins
19:57:01 §f                    §r§8+§r§a50% §r§7chance for extra XP orbs
19:57:01 §f                               §r§8+§r§b1 SkyBlock XP
19:57:01 
19:57:01 §3§l▬▬▬▬▬▬▬▬▬▬▬▬▬▬▬▬▬▬▬▬▬▬▬▬▬▬▬▬▬▬▬▬▬▬▬▬▬▬▬▬▬▬▬▬▬▬▬▬▬▬▬▬▬▬▬▬▬▬▬▬▬▬▬▬
20:11:27 §f                                  §6§lBESTIARY
20:11:27 §f                           §b§lMage Outlaw §7§8IV §8➡§b §bV
20:11:27 
20:11:27 §f                                  §r§6§lREWARDS
20:11:27 §f                     §r§8+§r§a2 §r§5§lMage Outlaw §r§b✯ Magic Find
20:11:27 §f                      §r§8+§r§a2 §r§5§lMage Outlaw §r§c❁ Strength
20:11:27 §f                         §r§8+§r§62% §r§a§r§5§lMage Outlaw §r§7coins
20:11:27 §f                    §r§8+§r§a50% §r§7chance for extra XP orbs
20:11:27 §f                               §r§8+§r§b1 SkyBlock XP
20:11:27 
20:11:27 §3§l▬▬▬▬▬▬▬▬▬▬▬▬▬▬▬▬▬▬▬▬▬▬▬▬▬▬▬▬▬▬▬▬▬▬▬▬▬▬▬▬▬▬▬▬▬▬▬▬▬▬▬▬▬▬▬▬▬▬▬▬▬▬▬▬
