13:33:03 §bNew day! §r§eYour §r§2Sky Mall §r§ebuff changed!
13:33:03 §eNew buff§r§r§r: §r§fGain §r§6+50☘ Mining Fortune§r§f.
13:33:03 §8§oYou can disable this messaging by toggling Sky Mall in your /hotm!
13:35:01 §bNew day! §r§eYour §r§2Sky Mall §r§ebuff changed!
13:35:01 §eNew buff§r§r§r: §r§fGain §r§a+15% §r§fmore Powder while mining.
13:35:01 §8§oYou can disable this messaging by toggling Sky Mall in your /hotm!
13:55:01 §bNew day! §r§eYour §r§2Sky Mall §r§ebuff changed!
13:55:01 §eNew buff§r§r§r: §r§fGain §r§6+100⸕ Mining Speed§r§f.
13:55:01 §8§oYou can disable this messaging by toggling Sky Mall in your /hotm!
14:15:01 §bNew day! §r§eYour §r§2Sky Mall §r§ebuff changed!
14:15:01 §eNew buff§r§r§r: §r§fGain §r§a+15% §r§fmore Powder while mining.
14:15:01 §8§oYou can disable this messaging by toggling Sky Mall in your /hotm!
14:35:03 §bNew day! §r§eYour §r§2Sky Mall §r§ebuff changed!
14:35:03 §eNew buff§r§r§r: §r§fGain §r§a5x §r§9Titanium §r§fdrops
14:35:03 §8§oYou can disable this messaging by toggling Sky Mall in your /hotm!
14:55:01 §bNew day! §r§eYour §r§2Sky Mall §r§ebuff changed!
14:55:01 §eNew buff§r§r§r: §r§fGain §r§6+50☘ Mining Fortune§r§f.
14:55:01 §8§oYou can disable this messaging by toggling Sky Mall in your /hotm!
15:15:02 §bNew day! §r§eYour §r§2Sky Mall §r§ebuff changed!
15:15:02 §eNew buff§r§r§r: §r§fGain §r§6+50☘ Mining Fortune§r§f.
15:15:02 §8§oYou can disable this messaging by toggling Sky Mall in your /hotm!
15:35:01 §bNew day! §r§eYour §r§2Sky Mall §r§ebuff changed!
15:35:01 §eNew buff§r§r§r: §r§fGain §r§6+100⸕ Mining Speed§r§f.
15:35:01 §8§oYou can disable this messaging by toggling Sky Mall in your /hotm!
15:55:01 §bNew day! §r§eYour §r§2Sky Mall §r§ebuff changed!
15:55:01 §eNew buff§r§r§r: §r§fGain §r§a+15% §r§fmore Powder while mining.
15:55:01 §8§oYou can disable this messaging by toggling Sky Mall in your /hotm!
16:15:06 §bNew day! §r§eYour §r§2Sky Mall §r§ebuff changed!
16:15:06 §eNew buff§r§r§r: §r§f§r§a-20%§r§f Pickaxe Ability cooldowns.
16:15:06 §8§oYou can disable this messaging by toggling Sky Mall in your /hotm!
16:35:01 §bNew day! §r§eYour §r§2Sky Mall §r§ebuff changed!
16:35:01 §eNew buff§r§r§r: §r§f§r§a10x §r§fchance to find Golden and Diamond Goblins.
16:35:01 §8§oYou can disable this messaging by toggling Sky Mall in your /hotm!
16:55:01 §bNew day! §r§eYour §r§2Sky Mall §r§ebuff changed!
16:55:01 §eNew buff§r§r§r: §r§f§r§a-20%§r§f Pickaxe Ability cooldowns.
16:55:01 §8§oYou can disable this messaging by toggling Sky Mall in your /hotm!
17:15:01 §bNew day! §r§eYour §r§2Sky Mall §r§ebuff changed!
17:15:01 §eNew buff§r§r§r: §r§fGain §r§6+100⸕ Mining Speed§r§f.
17:15:01 §8§oYou can disable this messaging by toggling Sky Mall in your /hotm!
17:35:01 §bNew day! §r§eYour §r§2Sky Mall §r§ebuff changed!
17:35:01 §eNew buff§r§r§r: §r§fGain §r§6+100⸕ Mining Speed§r§f.
17:35:01 §8§oYou can disable this messaging by toggling Sky Mall in your /hotm!
17:55:01 §bNew day! §r§eYour §r§2Sky Mall §r§ebuff changed!
17:55:01 §eNew buff§r§r§r: §r§f§r§a-20%§r§f Pickaxe Ability cooldowns.
17:55:01 §8§oYou can disable this messaging by toggling Sky Mall in your /hotm!
18:15:02 §bNew day! §r§eYour §r§2Sky Mall §r§ebuff changed!
18:15:02 §eNew buff§r§r§r: §r§f§r§a-20%§r§f Pickaxe Ability cooldowns.
18:15:02 §8§oYou can disable this messaging by toggling Sky Mall in your /hotm!
18:35:06 §bNew day! §r§eYour §r§2Sky Mall §r§ebuff changed!
18:35:06 §eNew buff§r§r§r: §r§fGain §r§6+50☘ Mining Fortune§r§f.
18:35:06 §8§oYou can disable this messaging by toggling Sky Mall in your /hotm!
18:56:13 §bNew day! §r§eYour §r§2Sky Mall §r§ebuff changed!
18:56:13 §eNew buff§r§r§r: §r§f§r§a10x §r§fchance to find Golden and Diamond Goblins.
18:56:13 §8§oYou can disable this messaging by toggling Sky Mall in your /hotm!
19:15:02 §bNew day! §r§eYour §r§2Sky Mall §r§ebuff changed!
19:15:02 §eNew buff§r§r§r: §r§f§r§a-20%§r§f Pickaxe Ability cooldowns.
19:15:02 §8§oYou can disable this messaging by toggling Sky Mall in your /hotm!
19:35:01 §bNew day! §r§eYour §r§2Sky Mall §r§ebuff changed!
19:35:02 §eNew buff§r§r§r: §r§f§r§a-20%§r§f Pickaxe Ability cooldowns.
19:35:02 §8§oYou can disable this messaging by toggling Sky Mall in your /hotm!
19:55:01 §bNew day! §r§eYour §r§2Sky Mall §r§ebuff changed!
19:55:01 §eNew buff§r§r§r: §r§f§r§a-20%§r§f Pickaxe Ability cooldowns.
19:55:01 §8§oYou can disable this messaging by toggling Sky Mall in your /hotm!
20:15:01 §bNew day! §r§eYour §r§2Sky Mall §r§ebuff changed!
20:15:01 §eNew buff§r§r§r: §r§fGain §r§6+100⸕ Mining Speed§r§f.
20:15:01 §8§oYou can disable this messaging by toggling Sky Mall in your /hotm!
