19:02:47 Trying to load config from config\skyhanni\config.json
19:02:47 load-config-now
19:02:47 Loaded config from file
19:02:47 Trying to load sacks from config\skyhanni\sacks.json
19:02:47 load-sacks-now
19:02:47 Loaded sacks from file
19:02:47 Trying to load friends from config\skyhanni\friends.json
19:02:47 load-friends-now
19:02:47 Loaded friends from file
19:02:47 Trying to load known_features from config\skyhanni\known_features.json
19:02:47 load-known_features-now
19:02:47 Loaded known_features from file
19:02:47 Trying to load jacob_contests from config\skyhanni\jacob_contests.json
19:02:47 load-jacob_contests-now
19:02:47 Loaded jacob_contests from file
19:02:47 Trying to load visual_words from config\skyhanni\visual_words.json
19:02:47 Setting visual_words to be blank as it did not exist. It will be saved once something is written to it
19:03:24 saveConfig: Updated known feature flags
19:03:24 Saving known_features file
19:03:27 saveConfig: Save file
19:03:27 Saving friends file
19:03:47 saveConfig: auto-save-60s
19:03:47 Saving config file
19:04:04 saveConfig: saving-data
19:04:04 Saving sacks file
19:04:47 saveConfig: auto-save-60s
19:04:47 Saving config file
19:05:47 saveConfig: auto-save-60s
19:05:47 Saving config file
19:06:17 saveConfig: saving-data
19:06:17 Saving sacks file
19:06:44 saveConfig: saving-data
19:06:44 Saving sacks file
19:06:47 saveConfig: auto-save-60s
19:06:47 Saving config file
19:06:50 saveConfig: saving-data
19:06:50 Saving sacks file
19:07:11 saveConfig: saving-data
19:07:11 Saving sacks file
19:07:30 saveConfig: saving-data
19:07:30 Saving sacks file
19:07:47 saveConfig: auto-save-60s
19:07:47 Saving config file
19:08:12 saveConfig: saving-data
19:08:12 Saving sacks file
19:08:22 saveConfig: saving-data
19:08:22 Saving sacks file
19:08:30 saveConfig: saving-data
19:08:30 Saving sacks file
19:08:47 saveConfig: auto-save-60s
19:08:47 Saving config file
19:08:48 saveConfig: saving-data
19:08:48 Saving sacks file
19:08:58 saveConfig: saving-data
19:08:58 Saving sacks file
19:09:20 saveConfig: saving-data
19:09:20 Saving sacks file
19:09:34 saveConfig: saving-data
19:09:34 Saving sacks file
19:09:44 saveConfig: saving-data
19:09:44 Saving sacks file
19:09:47 saveConfig: auto-save-60s
19:09:47 Saving config file
19:10:02 saveConfig: saving-data
19:10:02 Saving sacks file
19:10:26 saveConfig: saving-data
19:10:26 Saving sacks file
19:10:47 saveConfig: auto-save-60s
19:10:47 Saving config file
19:11:02 saveConfig: saving-data
19:11:02 Saving sacks file
19:11:34 saveConfig: saving-data
19:11:34 Saving sacks file
19:11:40 saveConfig: saving-data
19:11:40 Saving sacks file
19:11:47 saveConfig: auto-save-60s
19:11:47 Saving config file
19:11:51 saveConfig: saving-data
19:11:51 Saving sacks file
19:11:55 saveConfig: shutdown-hook
19:11:55 Saving config file
