16:27:32 OptiFine ConnectedTextures
16:27:32 OptiFine ConnectedTextures
16:27:32 OptiFine ConnectedTextures
16:27:32 OptiFine ConnectedTextures
16:27:32 OptiFine ConnectedTextures
16:27:32 OptiFine ConnectedTextures
16:27:32 OptiFine ConnectedTextures
16:27:32 OptiFine ConnectedTextures
16:27:32 OptiFine ConnectedTextures
16:27:32 OptiFine ConnectedTextures
16:27:32 OptiFine ConnectedTextures
16:27:32 OptiFine ConnectedTextures
16:27:32 OptiFine ConnectedTextures
16:27:32 OptiFine ConnectedTextures
16:27:32 OptiFine ConnectedTextures
16:27:32 OptiFine ConnectedTextures
16:27:32 OptiFine ConnectedTextures
16:27:32 OptiFine ConnectedTextures
16:27:32 OptiFine ConnectedTextures
16:27:32 OptiFine ConnectedTextures
16:27:32 OptiFine ConnectedTextures
16:27:32 OptiFine ConnectedTextures
16:27:32 OptiFine ConnectedTextures
16:27:32 OptiFine ConnectedTextures
16:27:32 OptiFine ConnectedTextures
16:27:32 OptiFine ConnectedTextures
16:27:32 OptiFine ConnectedTextures
16:27:32 OptiFine ConnectedTextures
16:27:32 OptiFine ConnectedTextures
16:27:32 OptiFine ConnectedTextures
16:27:32 OptiFine ConnectedTextures
16:27:32 OptiFine ConnectedTextures
16:27:32 OptiFine ConnectedTextures
16:27:32 OptiFine ConnectedTextures
16:27:32 OptiFine ConnectedTextures
16:27:32 OptiFine ConnectedTextures
16:27:32 OptiFine ConnectedTextures
16:27:32 OptiFine ConnectedTextures
16:27:32 OptiFine ConnectedTextures
16:27:32 OptiFine ConnectedTextures
16:27:32 OptiFine ConnectedTextures
16:27:32 OptiFine ConnectedTextures
16:27:32 OptiFine ConnectedTextures
16:27:32 OptiFine ConnectedTextures
16:27:32 OptiFine ConnectedTextures
16:27:32 OptiFine ConnectedTextures
16:27:32 OptiFine ConnectedTextures
16:27:32 OptiFine ConnectedTextures
16:27:32 OptiFine ConnectedTextures
16:27:32 OptiFine ConnectedTextures
16:27:32 OptiFine ConnectedTextures
16:27:32 OptiFine ConnectedTextures
16:27:32 OptiFine ConnectedTextures
16:27:32 OptiFine ConnectedTextures
16:27:32 OptiFine ConnectedTextures
16:27:32 OptiFine ConnectedTextures
16:27:32 OptiFine ConnectedTextures
16:27:32 OptiFine ConnectedTextures
16:27:32 OptiFine ConnectedTextures
16:27:32 OptiFine ConnectedTextures
16:27:32 OptiFine ConnectedTextures
16:27:32 OptiFine ConnectedTextures
16:27:32 OptiFine ConnectedTextures
16:27:32 OptiFine ConnectedTextures
16:27:32 OptiFine ConnectedTextures
16:27:32 OptiFine ConnectedTextures
16:27:32 OptiFine ConnectedTextures
16:27:36 AsmHelper Transforming
16:27:49 AsmHelper Transforming
16:27:49 AsmHelper Applying AsmWriter
16:27:54 Grow BufferBuilder buffer
16:27:54 Grow BufferBuilder buffer
16:27:56 Grow BufferBuilder buffer
16:27:56 Grow BufferBuilder buffer
16:27:56 Grow BufferBuilder buffer
16:27:56 Grow BufferBuilder buffer
16:27:57 Grow BufferBuilder buffer
16:27:57 Grow BufferBuilder buffer
16:27:57 Grow BufferBuilder buffer
16:27:57 Grow BufferBuilder buffer
16:27:57 Grow BufferBuilder buffer
16:27:57 Grow BufferBuilder buffer
16:27:57 Grow BufferBuilder buffer
16:27:57 Grow BufferBuilder buffer
16:27:57 Grow BufferBuilder buffer
16:27:57 Grow BufferBuilder buffer
16:27:57 Grow BufferBuilder buffer
16:27:57 Grow BufferBuilder buffer
16:27:57 Grow BufferBuilder buffer
16:27:57 Grow BufferBuilder buffer
16:27:57 Grow BufferBuilder buffer
16:27:57 Grow BufferBuilder buffer
16:27:57 Grow BufferBuilder buffer
16:27:58 Grow BufferBuilder buffer
16:27:58 Grow BufferBuilder buffer
16:27:58 Grow BufferBuilder buffer
16:27:58 Grow BufferBuilder buffer
16:27:58 Grow BufferBuilder buffer
16:28:01 Grow BufferBuilder buffer
16:28:01 Grow BufferBuilder buffer
16:28:01 Grow BufferBuilder buffer
16:28:01 Grow BufferBuilder buffer
16:28:01 Grow BufferBuilder buffer
16:28:01 Grow BufferBuilder buffer
16:28:01 Grow BufferBuilder buffer
16:28:01 Grow BufferBuilder buffer
16:28:02 Grow BufferBuilder buffer
16:28:02 Grow BufferBuilder buffer
16:28:02 Grow BufferBuilder buffer
16:28:02 Grow BufferBuilder buffer
16:28:02 Grow BufferBuilder buffer
16:28:02 Grow BufferBuilder buffer
16:28:02 Grow BufferBuilder buffer
16:28:02 Grow BufferBuilder buffer
16:28:02 Grow BufferBuilder buffer
16:28:02 Grow BufferBuilder buffer
16:28:02 Grow BufferBuilder buffer
16:28:02 Grow BufferBuilder buffer
16:28:02 Grow BufferBuilder buffer
16:28:02 Grow BufferBuilder buffer
16:28:02 Grow BufferBuilder buffer
16:28:03 Grow BufferBuilder buffer
16:28:03 Grow BufferBuilder buffer
16:28:03 Grow BufferBuilder buffer
16:28:03 Grow BufferBuilder buffer
16:28:03 Grow BufferBuilder buffer
16:28:03 Grow BufferBuilder buffer
16:28:03 Grow BufferBuilder buffer
16:28:03 Grow BufferBuilder buffer
16:28:03 Grow BufferBuilder buffer
16:28:03 Grow BufferBuilder buffer
16:28:03 Grow BufferBuilder buffer
16:28:21 Grow BufferBuilder buffer
16:28:21 Grow BufferBuilder buffer
16:28:21 Grow BufferBuilder buffer
16:28:21 Grow BufferBuilder buffer
16:28:33 Grow BufferBuilder buffer
16:28:41 Grow BufferBuilder buffer
16:28:41 Grow BufferBuilder buffer
16:28:45 Grow BufferBuilder buffer
16:28:45 Grow BufferBuilder buffer
16:28:45 Grow BufferBuilder buffer
16:28:45 Grow BufferBuilder buffer
16:28:45 Grow BufferBuilder buffer
16:28:46 Grow BufferBuilder buffer
16:28:46 Grow BufferBuilder buffer
16:28:46 Grow BufferBuilder buffer
16:28:46 Grow BufferBuilder buffer
16:28:46 Grow BufferBuilder buffer
16:28:46 Grow BufferBuilder buffer
16:28:46 Grow BufferBuilder buffer
16:28:46 Grow BufferBuilder buffer
16:28:46 Grow BufferBuilder buffer
16:28:46 Grow BufferBuilder buffer
16:33:44 Biome ID bounds
16:33:44 Biome ID bounds
16:33:44 Biome ID bounds
16:33:44 Biome ID bounds
16:33:44 Biome ID bounds
16:33:44 Biome ID bounds
16:33:44 Biome ID bounds
16:33:44 Biome ID bounds
16:33:44 Biome ID bounds
16:33:44 Biome ID bounds
16:33:44 Biome ID bounds
16:33:44 Biome ID bounds
16:33:44 Biome ID bounds
16:33:44 Biome ID bounds
16:33:44 Biome ID bounds
16:33:44 Biome ID bounds
16:33:44 Biome ID bounds
16:33:44 Biome ID bounds
16:33:44 Biome ID bounds
16:33:44 Biome ID bounds
16:33:44 Biome ID bounds
16:33:44 Biome ID bounds
16:33:44 Biome ID bounds
16:33:44 Biome ID bounds
16:33:44 Biome ID bounds
16:33:44 Biome ID bounds
16:33:44 Biome ID bounds
16:33:44 Biome ID bounds
16:33:44 Biome ID bounds
16:33:44 Biome ID bounds
16:33:44 Biome ID bounds
16:33:44 Biome ID bounds
16:33:44 Biome ID bounds
16:33:44 Biome ID bounds
16:33:44 Biome ID bounds
16:33:44 Biome ID bounds
16:33:44 Biome ID bounds
16:33:44 Biome ID bounds
16:33:44 Biome ID bounds
16:33:44 Biome ID bounds
16:33:44 Biome ID bounds
16:33:44 Biome ID bounds
16:33:44 Biome ID bounds
16:33:44 Biome ID bounds
16:33:44 Biome ID bounds
16:33:44 Biome ID bounds
16:33:44 Biome ID bounds
16:33:44 Biome ID bounds
16:33:44 Biome ID bounds
16:33:44 Biome ID bounds
16:33:44 Biome ID bounds
16:33:44 Biome ID bounds
16:33:44 Biome ID bounds
16:33:44 Biome ID bounds
16:33:44 Biome ID bounds
16:33:44 Biome ID bounds
16:33:44 Biome ID bounds
16:33:44 Biome ID bounds
16:44:36 Biome ID bounds
17:53:03 Biome ID bounds
18:52:30 Grow BufferBuilder buffer
18:52:30 Grow BufferBuilder buffer
18:52:30 Grow BufferBuilder buffer
18:52:33 Grow BufferBuilder buffer
18:52:33 Grow BufferBuilder buffer
18:52:33 Grow BufferBuilder buffer
18:52:33 Grow BufferBuilder buffer
18:52:33 Grow BufferBuilder buffer
18:52:33 Grow BufferBuilder buffer
18:52:35 Grow BufferBuilder buffer
18:52:35 Grow BufferBuilder buffer
18:52:35 Grow BufferBuilder buffer
18:52:35 Grow BufferBuilder buffer
18:52:35 Grow BufferBuilder buffer
18:52:35 Grow BufferBuilder buffer
18:52:35 Grow BufferBuilder buffer
18:52:36 Grow BufferBuilder buffer
18:52:36 Grow BufferBuilder buffer
18:52:37 Grow BufferBuilder buffer
18:52:37 Grow BufferBuilder buffer
18:52:37 Grow BufferBuilder buffer
18:52:41 Grow BufferBuilder buffer
18:52:41 Grow BufferBuilder buffer
18:52:41 Grow BufferBuilder buffer
18:52:41 Grow BufferBuilder buffer
18:52:42 Grow BufferBuilder buffer
18:52:42 Grow BufferBuilder buffer
18:52:42 Grow BufferBuilder buffer
18:52:42 Grow BufferBuilder buffer
18:52:42 Grow BufferBuilder buffer
18:52:42 Grow BufferBuilder buffer
18:52:42 Grow BufferBuilder buffer
18:52:42 Grow BufferBuilder buffer
18:52:57 Grow BufferBuilder buffer
18:52:57 Grow BufferBuilder buffer
18:52:57 Grow BufferBuilder buffer
18:52:57 Grow BufferBuilder buffer
18:52:57 Grow BufferBuilder buffer
18:52:57 Grow BufferBuilder buffer
18:52:57 Grow BufferBuilder buffer
18:52:58 Grow BufferBuilder buffer
18:52:59 Grow BufferBuilder buffer
18:53:00 Grow BufferBuilder buffer
18:53:00 Grow BufferBuilder buffer
18:53:01 Grow BufferBuilder buffer
18:53:02 Grow BufferBuilder buffer
18:53:02 Grow BufferBuilder buffer
18:53:02 Grow BufferBuilder buffer
18:53:02 Grow BufferBuilder buffer
18:53:02 Grow BufferBuilder buffer
18:53:02 Grow BufferBuilder buffer
