20:59:49 Trying to load config from config\skyhanni\config.json
20:59:49 load-config-now
20:59:50 Loaded config from file
20:59:50 Trying to load sacks from config\skyhanni\sacks.json
20:59:50 load-sacks-now
20:59:50 Loaded sacks from file
20:59:50 Trying to load friends from config\skyhanni\friends.json
20:59:50 load-friends-now
20:59:50 Loaded friends from file
20:59:50 Trying to load known_features from config\skyhanni\known_features.json
20:59:50 load-known_features-now
20:59:50 Loaded known_features from file
20:59:50 Trying to load jacob_contests from config\skyhanni\jacob_contests.json
20:59:50 load-jacob_contests-now
20:59:50 Loaded jacob_contests from file
20:59:50 Trying to load visual_words from config\skyhanni\visual_words.json
20:59:50 Setting visual_words to be blank as it did not exist. It will be saved once something is written to it
21:00:50 saveConfig: auto-save-60s
21:00:50 Saving config file
21:00:55 saveConfig: Updated known feature flags
21:00:55 Saving known_features file
21:00:58 saveConfig: Save file
21:00:58 Saving friends file
21:01:50 saveConfig: auto-save-60s
21:01:50 Saving config file
21:02:50 saveConfig: auto-save-60s
21:02:50 Saving config file
21:03:50 saveConfig: auto-save-60s
21:03:50 Saving config file
21:04:50 saveConfig: auto-save-60s
21:04:50 Saving config file
21:05:50 saveConfig: auto-save-60s
21:05:50 Saving config file
21:06:50 saveConfig: auto-save-60s
21:06:50 Saving config file
21:07:50 saveConfig: auto-save-60s
21:07:50 Saving config file
21:08:50 saveConfig: auto-save-60s
21:08:50 Saving config file
21:09:50 saveConfig: auto-save-60s
21:09:50 Saving config file
21:10:50 saveConfig: auto-save-60s
21:10:50 Saving config file
21:11:50 saveConfig: auto-save-60s
21:11:50 Saving config file
21:12:50 saveConfig: auto-save-60s
21:12:50 Saving config file
21:13:50 saveConfig: auto-save-60s
21:13:50 Saving config file
21:14:50 saveConfig: auto-save-60s
21:14:50 Saving config file
21:15:50 saveConfig: auto-save-60s
21:15:50 Saving config file
21:16:50 saveConfig: auto-save-60s
21:16:50 Saving config file
21:17:50 saveConfig: auto-save-60s
21:17:50 Saving config file
21:18:50 saveConfig: auto-save-60s
21:18:50 Saving config file
21:19:50 saveConfig: auto-save-60s
21:19:50 Saving config file
21:20:50 saveConfig: auto-save-60s
21:20:50 Saving config file
21:21:50 saveConfig: auto-save-60s
21:21:50 Saving config file
21:22:50 saveConfig: auto-save-60s
21:22:50 Saving config file
21:23:50 saveConfig: auto-save-60s
21:23:50 Saving config file
21:24:50 saveConfig: auto-save-60s
21:24:50 Saving config file
21:25:50 saveConfig: auto-save-60s
21:25:50 Saving config file
21:26:50 saveConfig: auto-save-60s
21:26:50 Saving config file
21:27:50 saveConfig: auto-save-60s
21:27:50 Saving config file
21:28:50 saveConfig: auto-save-60s
21:28:50 Saving config file
21:29:50 saveConfig: auto-save-60s
21:29:50 Saving config file
21:30:50 saveConfig: auto-save-60s
21:30:50 Saving config file
21:31:50 saveConfig: auto-save-60s
21:31:50 Saving config file
21:32:50 saveConfig: auto-save-60s
21:32:50 Saving config file
21:33:50 saveConfig: auto-save-60s
21:33:50 Saving config file
21:34:07 saveConfig: saving-data
21:34:07 Saving sacks file
21:34:46 saveConfig: saving-data
21:34:46 Saving sacks file
21:34:50 saveConfig: auto-save-60s
21:34:50 Saving config file
21:35:50 saveConfig: auto-save-60s
21:35:50 Saving config file
21:36:50 saveConfig: auto-save-60s
21:36:50 Saving config file
21:37:50 saveConfig: auto-save-60s
21:37:50 Saving config file
21:38:27 saveConfig: saving-data
21:38:27 Saving sacks file
21:38:50 saveConfig: auto-save-60s
21:38:50 Saving config file
21:38:58 saveConfig: saving-data
21:38:58 Saving sacks file
21:39:16 saveConfig: saving-data
21:39:16 Saving sacks file
21:39:50 saveConfig: auto-save-60s
21:39:50 Saving config file
21:40:35 saveConfig: saving-data
21:40:35 Saving sacks file
21:40:48 saveConfig: saving-data
21:40:48 Saving sacks file
21:40:50 saveConfig: auto-save-60s
21:40:50 Saving config file
21:41:50 saveConfig: auto-save-60s
21:41:50 Saving config file
21:42:02 saveConfig: saving-data
21:42:02 Saving sacks file
21:42:37 saveConfig: saving-data
21:42:37 Saving sacks file
21:42:44 saveConfig: saving-data
21:42:44 Saving sacks file
21:42:50 saveConfig: auto-save-60s
21:42:50 Saving config file
21:42:50 saveConfig: saving-data
21:42:50 Saving sacks file
21:43:11 saveConfig: saving-data
21:43:11 Saving sacks file
21:43:21 saveConfig: saving-data
21:43:21 Saving sacks file
21:43:50 saveConfig: auto-save-60s
21:43:50 Saving config file
21:44:20 saveConfig: saving-data
21:44:20 Saving sacks file
21:44:27 saveConfig: saving-data
21:44:27 Saving sacks file
21:44:50 saveConfig: auto-save-60s
21:44:50 Saving config file
21:45:50 saveConfig: auto-save-60s
21:45:50 Saving config file
21:46:50 saveConfig: auto-save-60s
21:46:50 Saving config file
21:46:51 saveConfig: saving-data
21:46:51 Saving sacks file
21:47:50 saveConfig: auto-save-60s
21:47:50 Saving config file
21:47:57 saveConfig: saving-data
21:47:57 Saving sacks file
21:48:35 saveConfig: saving-data
21:48:35 Saving sacks file
21:48:50 saveConfig: auto-save-60s
21:48:50 Saving config file
21:49:50 saveConfig: auto-save-60s
21:49:50 Saving config file
21:50:14 saveConfig: saving-data
21:50:14 Saving sacks file
21:50:50 saveConfig: auto-save-60s
21:50:50 Saving config file
21:50:58 saveConfig: saving-data
21:50:58 Saving sacks file
21:51:50 saveConfig: auto-save-60s
21:51:50 Saving config file
21:52:50 saveConfig: auto-save-60s
21:52:50 Saving config file
21:53:19 saveConfig: saving-data
21:53:19 Saving sacks file
21:53:50 saveConfig: auto-save-60s
21:53:50 Saving config file
21:54:35 saveConfig: saving-data
21:54:35 Saving sacks file
21:54:46 saveConfig: saving-data
21:54:46 Saving sacks file
21:54:50 saveConfig: auto-save-60s
21:54:50 Saving config file
21:55:21 saveConfig: saving-data
21:55:21 Saving sacks file
21:55:50 saveConfig: auto-save-60s
21:55:50 Saving config file
21:56:50 saveConfig: auto-save-60s
21:56:50 Saving config file
21:57:28 saveConfig: saving-data
21:57:28 Saving sacks file
21:57:50 saveConfig: auto-save-60s
21:57:50 Saving config file
21:58:33 saveConfig: saving-data
21:58:33 Saving sacks file
21:58:48 saveConfig: saving-data
21:58:48 Saving sacks file
21:58:50 saveConfig: auto-save-60s
21:58:50 Saving config file
21:59:50 saveConfig: auto-save-60s
21:59:50 Saving config file
22:00:26 saveConfig: saving-data
22:00:26 Saving sacks file
22:00:50 saveConfig: auto-save-60s
22:00:50 Saving config file
22:00:59 saveConfig: saving-data
22:00:59 Saving sacks file
22:01:50 saveConfig: auto-save-60s
22:01:50 Saving config file
22:02:50 saveConfig: auto-save-60s
22:02:50 Saving config file
22:03:24 saveConfig: saving-data
22:03:24 Saving sacks file
22:03:50 saveConfig: auto-save-60s
22:03:50 Saving config file
22:04:35 saveConfig: saving-data
22:04:35 Saving sacks file
22:04:50 saveConfig: auto-save-60s
22:04:50 Saving config file
22:05:50 saveConfig: auto-save-60s
22:05:50 Saving config file
22:06:12 saveConfig: saving-data
22:06:12 Saving sacks file
22:06:50 saveConfig: auto-save-60s
22:06:50 Saving config file
22:07:50 saveConfig: auto-save-60s
22:07:50 Saving config file
22:08:50 saveConfig: auto-save-60s
22:08:50 Saving config file
22:09:46 saveConfig: saving-data
22:09:46 Saving sacks file
22:09:50 saveConfig: auto-save-60s
22:09:50 Saving config file
22:10:50 saveConfig: auto-save-60s
22:10:50 Saving config file
22:11:50 saveConfig: auto-save-60s
22:11:50 Saving config file
22:11:58 saveConfig: saving-data
22:11:58 Saving sacks file
22:12:32 saveConfig: saving-data
22:12:32 Saving sacks file
22:12:50 saveConfig: auto-save-60s
22:12:50 Saving config file
22:13:25 saveConfig: saving-data
22:13:25 Saving sacks file
22:13:50 saveConfig: auto-save-60s
22:13:50 Saving config file
22:14:42 saveConfig: saving-data
22:14:42 Saving sacks file
22:14:50 saveConfig: auto-save-60s
22:14:50 Saving config file
22:15:17 saveConfig: saving-data
22:15:17 Saving sacks file
22:15:50 saveConfig: auto-save-60s
22:15:50 Saving config file
22:16:50 saveConfig: auto-save-60s
22:16:50 Saving config file
22:17:15 saveConfig: saving-data
22:17:15 Saving sacks file
22:17:45 saveConfig: saving-data
22:17:45 Saving sacks file
22:17:50 saveConfig: auto-save-60s
22:17:50 Saving config file
22:18:10 saveConfig: saving-data
22:18:10 Saving sacks file
22:18:50 saveConfig: auto-save-60s
22:18:50 Saving config file
22:19:26 saveConfig: saving-data
22:19:26 Saving sacks file
22:19:50 saveConfig: auto-save-60s
22:19:50 Saving config file
22:20:50 saveConfig: auto-save-60s
22:20:50 Saving config file
22:21:44 saveConfig: saving-data
22:21:44 Saving sacks file
22:21:50 saveConfig: auto-save-60s
22:21:50 Saving config file
22:22:50 saveConfig: auto-save-60s
22:22:50 Saving config file
22:22:51 saveConfig: saving-data
22:22:51 Saving sacks file
22:23:50 saveConfig: auto-save-60s
22:23:50 Saving config file
22:24:50 saveConfig: auto-save-60s
22:24:50 Saving config file
22:25:50 saveConfig: auto-save-60s
22:25:50 Saving config file
22:25:51 saveConfig: saving-data
22:25:51 Saving sacks file
22:26:50 saveConfig: auto-save-60s
22:26:50 Saving config file
22:27:27 saveConfig: saving-data
22:27:27 Saving sacks file
22:27:50 saveConfig: auto-save-60s
22:27:50 Saving config file
22:28:23 saveConfig: saving-data
22:28:23 Saving sacks file
22:28:43 saveConfig: saving-data
22:28:43 Saving sacks file
22:28:50 saveConfig: auto-save-60s
22:28:50 Saving config file
22:29:29 saveConfig: saving-data
22:29:29 Saving sacks file
22:29:50 saveConfig: auto-save-60s
22:29:50 Saving config file
22:30:18 saveConfig: saving-data
22:30:18 Saving sacks file
22:30:48 saveConfig: saving-data
22:30:48 Saving sacks file
22:30:50 saveConfig: auto-save-60s
22:30:50 Saving config file
22:31:47 saveConfig: saving-data
22:31:47 Saving sacks file
22:31:50 saveConfig: auto-save-60s
22:31:50 Saving config file
22:32:50 saveConfig: auto-save-60s
22:32:50 Saving config file
22:33:19 saveConfig: saving-data
22:33:19 Saving sacks file
22:33:50 saveConfig: auto-save-60s
22:33:50 Saving config file
22:34:07 saveConfig: saving-data
22:34:07 Saving sacks file
22:34:50 saveConfig: auto-save-60s
22:34:50 Saving config file
22:34:54 saveConfig: saving-data
22:34:54 Saving sacks file
22:35:50 saveConfig: auto-save-60s
22:35:50 Saving config file
22:36:01 saveConfig: saving-data
22:36:01 Saving sacks file
22:36:28 saveConfig: saving-data
22:36:28 Saving sacks file
22:36:50 saveConfig: auto-save-60s
22:36:50 Saving config file
22:37:47 saveConfig: saving-data
22:37:47 Saving sacks file
22:37:50 saveConfig: auto-save-60s
22:37:50 Saving config file
22:38:08 saveConfig: saving-data
22:38:08 Saving sacks file
22:38:50 saveConfig: auto-save-60s
22:38:50 Saving config file
22:39:50 saveConfig: auto-save-60s
22:39:50 Saving config file
22:40:30 saveConfig: saving-data
22:40:30 Saving sacks file
22:40:50 saveConfig: auto-save-60s
22:40:50 Saving config file
22:41:26 saveConfig: saving-data
22:41:26 Saving sacks file
22:41:50 saveConfig: auto-save-60s
22:41:50 Saving config file
22:42:02 saveConfig: saving-data
22:42:02 Saving sacks file
22:42:21 saveConfig: saving-data
22:42:21 Saving sacks file
22:42:50 saveConfig: auto-save-60s
22:42:50 Saving config file
22:43:22 saveConfig: saving-data
22:43:22 Saving sacks file
22:43:50 saveConfig: auto-save-60s
22:43:50 Saving config file
22:44:08 saveConfig: saving-data
22:44:08 Saving sacks file
22:44:50 saveConfig: auto-save-60s
22:44:50 Saving config file
22:44:51 saveConfig: saving-data
22:44:51 Saving sacks file
22:45:13 saveConfig: saving-data
22:45:13 Saving sacks file
22:45:35 saveConfig: saving-data
22:45:35 Saving sacks file
22:45:50 saveConfig: auto-save-60s
22:45:50 Saving config file
22:46:50 saveConfig: auto-save-60s
22:46:50 Saving config file
22:47:11 saveConfig: saving-data
22:47:11 Saving sacks file
22:47:26 saveConfig: saving-data
22:47:26 Saving sacks file
22:47:50 saveConfig: auto-save-60s
22:47:50 Saving config file
22:48:24 saveConfig: saving-data
22:48:24 Saving sacks file
22:48:50 saveConfig: auto-save-60s
22:48:50 Saving config file
22:49:50 saveConfig: auto-save-60s
22:49:50 Saving config file
22:50:20 saveConfig: saving-data
22:50:20 Saving sacks file
22:50:50 saveConfig: auto-save-60s
22:50:50 Saving config file
22:51:09 saveConfig: saving-data
22:51:09 Saving sacks file
22:51:50 saveConfig: auto-save-60s
22:51:50 Saving config file
22:52:33 saveConfig: saving-data
22:52:33 Saving sacks file
22:52:50 saveConfig: auto-save-60s
22:52:50 Saving config file
22:53:50 saveConfig: auto-save-60s
22:53:50 Saving config file
22:54:04 saveConfig: saving-data
22:54:04 Saving sacks file
22:54:26 saveConfig: saving-data
22:54:26 Saving sacks file
22:54:50 saveConfig: auto-save-60s
22:54:50 Saving config file
22:55:50 saveConfig: auto-save-60s
22:55:50 Saving config file
22:56:16 saveConfig: saving-data
22:56:16 Saving sacks file
22:56:50 saveConfig: auto-save-60s
22:56:50 Saving config file
22:57:04 saveConfig: saving-data
22:57:04 Saving sacks file
22:57:50 saveConfig: auto-save-60s
22:57:50 Saving config file
22:58:02 saveConfig: saving-data
22:58:02 Saving sacks file
22:58:24 saveConfig: saving-data
22:58:24 Saving sacks file
22:58:50 saveConfig: auto-save-60s
22:58:50 Saving config file
22:59:24 saveConfig: saving-data
22:59:24 Saving sacks file
22:59:50 saveConfig: auto-save-60s
22:59:50 Saving config file
22:59:59 saveConfig: saving-data
22:59:59 Saving sacks file
23:00:50 saveConfig: auto-save-60s
23:00:50 Saving config file
23:01:13 saveConfig: saving-data
23:01:13 Saving sacks file
23:01:50 saveConfig: auto-save-60s
23:01:50 Saving config file
23:02:43 saveConfig: saving-data
23:02:43 Saving sacks file
23:02:50 saveConfig: auto-save-60s
23:02:50 Saving config file
23:03:39 saveConfig: saving-data
23:03:39 Saving sacks file
23:03:50 saveConfig: auto-save-60s
23:03:50 Saving config file
23:04:10 saveConfig: saving-data
23:04:10 Saving sacks file
23:04:41 saveConfig: saving-data
23:04:41 Saving sacks file
23:04:50 saveConfig: auto-save-60s
23:04:50 Saving config file
23:05:30 saveConfig: saving-data
23:05:30 Saving sacks file
23:05:50 saveConfig: auto-save-60s
23:05:50 Saving config file
23:06:44 saveConfig: saving-data
23:06:44 Saving sacks file
23:06:50 saveConfig: auto-save-60s
23:06:50 Saving config file
23:07:10 saveConfig: saving-data
23:07:10 Saving sacks file
23:07:50 saveConfig: auto-save-60s
23:07:50 Saving config file
23:08:50 saveConfig: auto-save-60s
23:08:50 Saving config file
23:09:08 saveConfig: saving-data
23:09:08 Saving sacks file
23:09:50 saveConfig: auto-save-60s
23:09:50 Saving config file
23:10:28 saveConfig: saving-data
23:10:28 Saving sacks file
23:10:50 saveConfig: auto-save-60s
23:10:50 Saving config file
23:11:41 saveConfig: saving-data
23:11:41 Saving sacks file
23:11:50 saveConfig: auto-save-60s
23:11:50 Saving config file
23:12:30 saveConfig: saving-data
23:12:30 Saving sacks file
23:12:50 saveConfig: auto-save-60s
23:12:50 Saving config file
23:13:09 saveConfig: saving-data
23:13:09 Saving sacks file
23:13:50 saveConfig: auto-save-60s
23:13:50 Saving config file
23:14:12 saveConfig: saving-data
23:14:12 Saving sacks file
23:14:38 saveConfig: saving-data
23:14:38 Saving sacks file
23:14:50 saveConfig: auto-save-60s
23:14:50 Saving config file
23:15:50 saveConfig: auto-save-60s
23:15:50 Saving config file
23:16:03 saveConfig: saving-data
23:16:03 Saving sacks file
23:16:50 saveConfig: auto-save-60s
23:16:50 Saving config file
23:17:27 saveConfig: saving-data
23:17:27 Saving sacks file
23:17:50 saveConfig: auto-save-60s
23:17:50 Saving config file
23:18:05 saveConfig: saving-data
23:18:05 Saving sacks file
23:18:37 saveConfig: shutdown-hook
23:18:37 Saving config file
