19:03:25 [allowed] §f §r§r§r§f §r§r§r§1 §r§r§r§0 §r§r§r§2 §r§r§r§f §r§r§r§f §r§r§r§2 §r§r§r§0 §r§r§r§4 §r§r§r§3 §r§r§r§9 §r§r§r§2 §r§r§r§0 §r§r§r§0 §r§r§r§3 §r§r§r§9 §r§r§r§2 §r§r§r§0 §r§r§r§0 §r§r§r§3 §r§r§r§9 §r§r§r§2 §r§r§r§0 §r§r§r§0 
19:03:25 [allowed] §b[MVP§3+§b] ImGodrick§f §6joined the lobby!
19:03:25 [allowed] §b[MVP§f+§b] Firemage_X§f §6joined the lobby!
19:03:25 [allowed] §aYou have §b21 §aunclaimed leveling rewards!
19:03:25 [allowed] §eClick here to view them!
19:03:25 [allowed] §aYou have §68 §aunclaimed achievement rewards!
19:03:25 [allowed] §eClick here to view them!
19:03:27 [allowed]   §r§f§l➤ §r§6You have reached your Hype limit! Add Hype to Prototype Lobby minigames by right-clicking with the Hype Diamond!
19:03:27 [allowed] §b[MVP§c+§b] Caleler§f §6joined the lobby!
19:03:27 [allowed] §9§m-----------------------------------------------------§r§9
§r§9                          §r§9 §6Friends (Page 1 of 8) §r§e§l>>§r§9
§r§9§aAceCreo_ §eis in SkyBlock - Hub§r§9
§r§9§bCheekyFemboy §eis in SkyBlock - Private Island§r§9
§r§9§7KingGoji953 §eis in Limbo§r§9
§r§9§b24Arrian §cis currently offline§r§9
§r§9§b_mmc27 §cis currently offline§r§9
§r§9§a_tsn §cis currently offline§r§9
§r§9§7alemartino §cis currently offline§r§9
§r§9§bAstFaster §cis currently offline§r§9
§r§9§m-----------------------------------------------------
19:03:28 [allowed] §b[MVP§c+§b] 64kg§f §6joined the lobby!
19:03:29 [allowed] §b[MVP§c+§b] UnprofitablTradr§f §6joined the lobby!
19:03:31 [allowed] §7Sending to server mini22AB...
19:03:31 [allowed] §8 §r§8 §r§1 §r§3 §r§3 §r§7 §r§8 
19:03:33 [allowed] 
19:03:33 [allowed] §eWelcome to §r§aHypixel SkyBlock§r§e!
19:03:33 [allowed] 
19:03:33 [allowed] §eLatest update: §bSkyBlock v0.20.8 §e§lCLICK
19:03:34 [allowed] §aYou are playing on profile: §ePineapple§b (Co-op)
19:03:34 [allowed] §8Profile ID: 6accdd30-5c34-4840-99a1-da8b87d5f229
19:03:42 [allowed] §7Warping...
19:03:42 [allowed] §7Sending to server mini15BJ...
19:03:42 [allowed] §8 §r§8 §r§1 §r§3 §r§3 §r§7 §r§8 
19:03:45 [allowed] §cThere are blocks in the way!
19:03:45 [allowed] §aYou are playing on profile: §ePineapple§b (Co-op)
19:03:45 [allowed] §8Profile ID: 6accdd30-5c34-4840-99a1-da8b87d5f229
19:03:50 [allowed] §c ☠ §r§7§r§bJOE_BOBBYYYYYYYY§r§7 was killed by Glacite Walker§r§7§r§7.
19:03:58 [allowed] §6[Bazaar] §r§7Executing instant sell...
19:03:58 [allowed] §6[Bazaar] §r§cCouldn't find any buyers for Cobblestone!
19:03:58 [allowed] §6[Bazaar] §r§7Sold §r§a2,280§r§7x §r§f⸕ Rough Amber Gemstone §r§7for §r§65,244 coins§r§7!
19:03:58 [allowed] §6[Bazaar] §r§7Sold §r§a2,360§r§7x §r§f☘ Rough Jade Gemstone §r§7for §r§67,788 coins§r§7!
19:03:58 [allowed] §6[Bazaar] §r§7Sold §r§a10§r§7x §r§aEnchanted Hard Stone §r§7for §r§68,501 coins§r§7!
19:03:58 [allowed] §6[Bazaar] §r§7Sold §r§a160§r§7x §r§a✧ Flawed Topaz Gemstone §r§7for §r§662,064 coins§r§7!
19:03:58 [allowed] §6[Bazaar] §r§7Sold §r§a109§r§7x §r§fJungle Wood §r§7for §r§6610.4 coins§r§7!
19:03:58 [allowed] §6[Bazaar] §r§7Sold §r§a24§r§7x §r§fClownfish §r§7for §r§6290.4 coins§r§7!
19:03:58 [allowed] §6[Bazaar] §r§7Sold §r§a45§r§7x §r§fAcacia Wood §r§7for §r§6265.5 coins§r§7!
19:03:58 [allowed] §6[Bazaar] §r§7Sold §r§a90§r§7x §r§fRaw Salmon §r§7for §r§6558.0 coins§r§7!
19:03:58 [allowed] §6[Bazaar] §r§7Sold §r§a2,360§r§7x §r§f✎ Rough Sapphire Gemstone §r§7for §r§65,428 coins§r§7!
19:03:58 [allowed] §6[Bazaar] §r§7Sold §r§a4§r§7x §r§9Enchanted Mithril §r§7for §r§65,337.2 coins§r§7!
19:03:58 [allowed] §6[Bazaar] §r§7Sold §r§a30§r§7x §r§fBirch Wood §r§7for §r§615.0 coins§r§7!
19:03:58 [allowed] §6[Bazaar] §r§7Sold §r§a2,240§r§7x §r§f✧ Rough Topaz Gemstone §r§7for §r§65,600 coins§r§7!
19:03:58 [allowed] §6[Bazaar] §r§7Sold §r§a836§r§7x §r§aWolf Tooth §r§7for §r§6812,090 coins§r§7!
19:03:58 [allowed] §6[Bazaar] §r§7Sold §r§a2§r§7x §r§aEnchanted Cobblestone §r§7for §r§6538.8 coins§r§7!
19:03:58 [allowed] §6[Bazaar] §r§7Sold §r§a45§r§7x §r§fSpruce Wood §r§7for §r§676.5 coins§r§7!
19:03:58 [allowed] §6[Bazaar] §r§7Sold §r§a38§r§7x §r§fSponge §r§7for §r§61,189.4 coins§r§7!
19:03:58 [allowed] §6[Bazaar] §r§7Sold §r§a36§r§7x §r§fMagma Cream §r§7for §r§6457.2 coins§r§7!
19:03:58 [allowed] §6[Bazaar] §r§7Sold §r§a16§r§7x §r§fPrismarine Crystals §r§7for §r§6785.6 coins§r§7!
19:03:58 [allowed] §6[Bazaar] §r§7Sold §r§a10§r§7x §r§9Starfall §r§7for §r§617,275 coins§r§7!
19:03:58 [allowed] §6[Bazaar] §r§7Sold §r§a21§r§7x §r§fPrismarine Shard §r§7for §r§623.1 coins§r§7!
19:03:58 [allowed] §6[Bazaar] §r§7Sold §r§a267§r§7x §r§fRaw Fish §r§7for §r§617,248 coins§r§7!
19:03:59 [allowed] §6[Bazaar] §r§7Sold §r§a51§r§7x §r§aEnchanted Emerald §r§7for §r§635,863 coins§r§7!
19:03:59 [allowed] §6[Bazaar] §r§7Sold §r§a22§r§7x §r§fPufferfish §r§7for §r§6206.8 coins§r§7!
19:03:59 [allowed] §6[Bazaar] §r§7Sold §r§a37§r§7x §r§fDark Oak Wood §r§7for §r§629.6 coins§r§7!
19:03:59 [allowed] §6[Bazaar] §r§7Sold §r§a40§r§7x §r§a☘ Flawed Jade Gemstone §r§7for §r§616,496 coins§r§7!
19:03:59 [allowed] §6[Bazaar] §r§7Sold §r§a137§r§7x §r§aEnchanted Iron §r§7for §r§6195,896 coins§r§7!
19:03:59 [allowed] §6[Bazaar] §r§7Sold §r§a10§r§7x §r§fSlimeball §r§7for §r§6242.0 coins§r§7!
19:03:59 [allowed] §6[Bazaar] §r§7Sold §r§a358§r§7x §r§fLily Pad §r§7for §r§61,825.8 coins§r§7!
19:03:59 [allowed] §6[Bazaar] §r§7Sold §r§a120§r§7x §r§a⸕ Flawed Amber Gemstone §r§7for §r§644,688 coins§r§7!
19:03:59 [allowed] §6[Bazaar] §r§7Sold §r§a2§r§7x §r§fClay §r§7for §r§61.8 coins§r§7!
19:03:59 [allowed] §6[Bazaar] §r§7Sold §r§a25§r§7x §r§fCoal §r§7for §r§6140.0 coins§r§7!
19:03:59 [allowed] §6[Bazaar] §r§7Sold §r§a9,568§r§7x §r§fMelon §r§7for §r§68,611.2 coins§r§7!
19:03:59 [allowed] §6[Bazaar] §r§7Sold §r§a19§r§7x §r§fCarrot §r§7for §r§662.7 coins§r§7!
19:03:59 [allowed] §6[Bazaar] §r§7Sold §r§a4,676§r§7x §r§fMithril §r§7for §r§632,732 coins§r§7!
19:03:59 [allowed] §6[Bazaar] §r§7Sold §r§a55§r§7x §r§fGold Ingot §r§7for §r§693.5 coins§r§7!
19:03:59 [allowed] §6[Bazaar] §r§7Sold §r§a205§r§7x §r§fBone §r§7for §r§62,091 coins§r§7!
19:03:59 [allowed] §6[Bazaar] §r§7Sold §r§a35§r§7x §r§fGlowstone Dust §r§7for §r§6371.0 coins§r§7!
19:03:59 [allowed] §6[Bazaar] §r§7Sold §r§a18,645§r§7x §r§fEmerald §r§7for §r§648,477 coins§r§7!
19:03:59 [allowed] §6[Bazaar] §r§7Sold §r§a239§r§7x §r§fRedstone §r§7for §r§6597.5 coins§r§7!
19:03:59 [allowed] §6[Bazaar] §r§7Sold §r§a34§r§7x §r§fOak Wood §r§7for §r§691.8 coins§r§7!
19:03:59 [allowed] §6[Bazaar] §r§7Sold §r§a24§r§7x §r§fRotten Flesh §r§7for §r§660.0 coins§r§7!
19:03:59 [allowed] §6[Bazaar] §r§7Sold §r§a68§r§7x §r§9Titanium §r§7for §r§65,127.2 coins§r§7!
19:03:59 [allowed] §6[Bazaar] §r§7Sold §r§a25§r§7x §r§fInk Sac §r§7for §r§630,010 coins§r§7!
19:03:59 [allowed] §6[Bazaar] §r§7Sold §r§a1§r§7x §r§aCompost §r§7for §r§614,032 coins§r§7!
19:03:59 [allowed] §6[Bazaar] §r§7Sold §r§a40§r§7x §r§a✎ Flawed Sapphire Gemstone §r§7for §r§615,612 coins§r§7!
19:03:59 [allowed] §6[Bazaar] §r§7Sold §r§a2,400§r§7x §r§f❈ Rough Amethyst Gemstone §r§7for §r§64,800 coins§r§7!
19:04:04 [allowed] §6[Sacks] §r§c-47,819§r§e items§r§e.§r§8 (Last 5s.)
19:04:08 [allowed] §6[Bazaar] §r§7Cancelling order...
19:04:08 [allowed] §6[Bazaar] §r§7§r§cCancelled! §r§7Refunded §r§6262,400,122 coins §r§7from cancelling Buy Order!
19:04:23 [allowed] §6[Bazaar] §r§7Putting goods in escrow...
19:04:23 [allowed] §6[Bazaar] §r§7Submitting buy order...
19:04:23 [allowed] §6[Bazaar] §r§7§r§eBuy Order Setup! §r§a32§r§7x §r§5Glossy Gemstone §r§7for §r§6262,400,131 coins§r§7.
19:04:39 [allowed] §cThere are blocks in the way!
19:04:41 [allowed] §cThere are blocks in the way!
19:04:45 [allowed] §cThere are blocks in the way!
19:04:48 [allowed] §cThere are blocks in the way!
19:04:50 [allowed] §aYou earned §r§213 GEXP §r§afrom playing SkyBlock!
19:04:51 [allowed] §cThere are blocks in the way!
19:04:53 [allowed] §cThere are blocks in the way!
19:04:56 [allowed] §cThere are blocks in the way!
19:04:58 [allowed] §cThere are blocks in the way!
19:05:01 [allowed] §cThere are blocks in the way!
19:05:02 [allowed] §cThere are blocks in the way!
19:05:05 [allowed] §cThere are blocks in the way!
19:05:09 [allowed] §c ☠ §r§7§r§bJOE_BOBBYYYYYYYY§r§7 was killed by Glacite Walker§r§7§r§7.
19:05:32 [allowed] §c ☠ §r§7§r§7johanjigglenuts§r§7 fell to their death§r§7.
19:05:34 [allowed] §aYou summoned your §r§6Wolf§r§a!
19:05:37 [allowed] §7Warping...
19:05:37 [allowed] §7Sending to server mini67AW...
19:05:38 [allowed] §8 §r§8 §r§1 §r§3 §r§3 §r§7 §r§8 
19:05:41 [allowed] §aYou are playing on profile: §ePineapple§b (Co-op)
19:05:41 [allowed] §8Profile ID: 6accdd30-5c34-4840-99a1-da8b87d5f229
19:05:43 [allowed] §8[§r§e103§r§8] §r§b[MVP§c+§b] UnprofitablTradr§f§r§f: my discord acc is linked to a different one
19:05:46 [allowed] §8[§r§e103§r§8] §r§b[MVP§c+§b] UnprofitablTradr§f§r§f: uh oh
19:05:46 [allowed] §7Warping...
19:05:46 [allowed] §7Sending to server mini27BW...
19:05:47 [allowed] §8 §r§8 §r§1 §r§3 §r§3 §r§7 §r§8 
19:05:49 [allowed] §cYou are sending commands too fast! Please slow down.
19:05:50 [allowed] §aYou are playing on profile: §ePineapple§b (Co-op)
19:05:50 [allowed] §8Profile ID: 6accdd30-5c34-4840-99a1-da8b87d5f229
19:05:51 [allowed] §7Warping...
19:05:51 [allowed] §7Sending to server mini77S...
19:05:51 [allowed] §8 §r§8 §r§1 §r§3 §r§3 §r§7 §r§8 
19:05:54 [allowed] §aYou are playing on profile: §ePineapple§b (Co-op)
19:05:54 [allowed] §8Profile ID: 6accdd30-5c34-4840-99a1-da8b87d5f229
19:06:10 [allowed] §eYou received kill credit for assisting on a slayer miniboss!
19:06:14 [allowed] §a§l+5 Kill Combo §r§8§r§b+3✯ Magic Find
19:06:17 [allowed] §6[Sacks] §r§a+13§r§e items§r§e.§r§8 (Last 8s.)
19:06:26 [allowed] §eYou received kill credit for assisting on a slayer miniboss!
19:06:30 [allowed] §cAutopet §eequipped your §7[Lvl 96] §6Tiger§e! §a§lVIEW RULE
19:06:30 [allowed] §eYou received kill credit for assisting on a slayer miniboss!
19:06:36 [allowed] §cYour Kill Combo has expired! You reached a 8 Kill Combo!
19:06:37 [allowed] §e§lLOOT SHARE §r§r§r§fYou received loot for assisting §r§bHontNog§r§f!
19:06:38 [allowed]   §r§a§lSLAYER QUEST COMPLETE!
19:06:38 [allowed]    §r§eWolf Slayer LVL 6 §r§5- §r§7Next LVL in §r§d64,870 XP§r§7!
19:06:38 [allowed]    §dRNG Meter §f- §d31,825 Stored XP
19:06:38 [allowed]   §r§5§lSLAYER QUEST STARTED!
19:06:38 [allowed]    §5§l» §7Slay §c3,168 Combat XP §7worth of Wolves§7.
19:06:38 [allowed] §cAutopet §eequipped your §7[Lvl 90] §6Wolf§e! §a§lVIEW RULE
19:06:42 [allowed] §c ☠ §r§7§r§bID_V0ID§r§7 was killed by §r§3Soul of the Alpha§r§7§r§7.
19:06:44 [allowed] §6[Sacks] §r§a+66§r§e items§r§e.§r§8 (Last 24s.)
19:06:50 [allowed] §6[Sacks] §r§a+1§r§e item§r§e.§r§8 (Last 5s.)
19:06:57 [allowed] §e§lLOOT SHARE §r§r§r§fYou received loot for assisting §r§bHontNog§r§f!
19:07:11 [allowed] §6[Sacks] §r§a+12§r§e items§r§e.§r§8 (Last 13s.)
19:07:30 [allowed] §6[Sacks] §r§a+2§r§e items§r§e.§r§8 (Last 5s.)
19:07:35 [allowed] §e✆ RING... 
19:07:35 [allowed] §e✆ RING... RING... 
19:07:35 [allowed] §e✆ RING... RING... RING... 
19:07:36 [allowed] §e[NPC] §5Maddox§f: §b✆ §f§rYou again? What do you want this time?
19:07:49 [allowed] §e§lLOOT SHARE §r§r§r§fYou received loot for assisting §r§6Dollar_Tree14§r§f!
19:07:50 [allowed] §e§lLOOT SHARE §r§r§r§fYou received loot for assisting §r§bPandaPlazBT§r§f!
19:07:54 [allowed] §a§l+5 Kill Combo §r§8§r§b+3✯ Magic Find
19:08:06 [allowed] §a§l+10 Kill Combo §r§8+§r§610 §r§7coins per kill
19:08:11 [allowed] §cYour Kill Combo has expired! You reached a 10 Kill Combo!
19:08:12 [allowed] §6[Sacks] §r§a+21§r§e items§r§e.§r§8 (Last 22s.)
19:08:22 [allowed] §6[Sacks] §r§a+1§r§e item§r§e.§r§8 (Last 5s.)
19:08:30 [allowed] §6[Sacks] §r§a+2§r§e items§r§e.§r§8 (Last 5s.)
19:08:41 [allowed] §cAutopet §eequipped your §7[Lvl 96] §6Tiger§e! §a§lVIEW RULE
19:08:48 [allowed] §6[Sacks] §r§a+7§r§e items§r§e.§r§8 (Last 10s.)
19:08:51 [allowed]   §r§a§lSLAYER QUEST COMPLETE!
19:08:51 [allowed]    §r§eWolf Slayer LVL 6 §r§5- §r§7Next LVL in §r§d64,245 XP§r§7!
19:08:51 [allowed]    §dRNG Meter §f- §d32,450 Stored XP
19:08:51 [allowed]   §r§5§lSLAYER QUEST STARTED!
19:08:51 [allowed]    §5§l» §7Slay §c3,168 Combat XP §7worth of Wolves§7.
19:08:51 [allowed] §cAutopet §eequipped your §7[Lvl 90] §6Wolf§e! §a§lVIEW RULE
19:08:52 [allowed] §e§lLOOT SHARE §r§r§r§fYou received loot for assisting §r§7xuanlinthetrex§r§f!
19:08:58 [allowed] §6[Sacks] §r§a+55§r§e items§r§e.§r§8 (Last 6s.)
19:09:14 [allowed] §e§lLOOT SHARE §r§r§r§fYou received loot for assisting §r§bHontNog§r§f!
19:09:20 [allowed] §6[Sacks] §r§a+2§r§e items§r§e.§r§8 (Last 5s.)
19:09:20 [allowed] §8[§r§2171§r§8] §r§7ᛃ §r§b[MVP§r§f+§r§b] Firemage_X§r§f: whats the rng meter amt for overflux capac?
19:09:33 [allowed] §8[§r§3245§r§8] §r§7⸙ §r§b[MVP§5+§b] HontNog§f§r§f: 1.23mil to fill it according to soopyv2
19:09:34 [allowed] §6[Sacks] §r§a+2§r§e items§r§e.§r§8 (Last 7s.)
19:09:37 [allowed] §8[§r§3245§r§8] §r§7⸙ §r§b[MVP§5+§b] HontNog§f§r§f: idk
19:09:39 [allowed] §8[§r§3245§r§8] §r§7⸙ §r§b[MVP§5+§b] HontNog§f§r§f: cba to check
19:09:41 [allowed] §8[§r§2171§r§8] §r§7ᛃ §r§b[MVP§r§f+§r§b] Firemage_X§r§f: damn
19:09:44 [allowed] §6[Sacks] §r§a+1§r§e item§r§e.§r§8 (Last 5s.)
19:10:02 [allowed] §6[Sacks] §r§a+4§r§e items§r§e.§r§8 (Last 13s.)
19:10:11 [allowed] §8[§r§2171§r§8] §r§7ᛃ §r§b[MVP§r§f+§r§b] Firemage_X§r§f: higher than a handle wow
19:10:21 [allowed] §a§l+5 Kill Combo §r§8§r§b+3✯ Magic Find
19:10:26 [allowed] §6[Sacks] §r§a+6§r§e items§r§e.§r§8 (Last 11s.)
19:10:35 [allowed] §cYour Kill Combo has expired! You reached a 9 Kill Combo!
19:10:38 [allowed] §8[§r§3245§r§8] §r§7⸙ §r§b[MVP§5+§b] HontNog§f§r§f: well sven bosses take less time to kill than it takes to complete an S+ f7 run
19:10:39 [allowed] §a§l+5 Kill Combo §r§8§r§b+3✯ Magic Find
19:10:40 [allowed] §e§lLOOT SHARE §r§r§r§fYou received loot for assisting §r§6Dollar_Tree14§r§f!
19:10:40 [allowed] §cAutopet §eequipped your §7[Lvl 96] §6Tiger§e! §a§lVIEW RULE
19:10:46 [allowed] §e§lLOOT SHARE §r§r§r§fYou received loot for assisting §r§bcleanexx§r§f!
19:10:48 [allowed] §a§l+10 Kill Combo §r§8+§r§610 §r§7coins per kill
19:10:56 [allowed] §9§l+15 Kill Combo §r§8§r§b+3✯ Magic Find
19:10:56 [allowed] §5§l+20 Kill Combo §r§8§r§3+15☯ Combat Wisdom
19:10:56 [allowed]   §r§a§lSLAYER QUEST COMPLETE!
19:10:56 [allowed]    §r§eWolf Slayer LVL 6 §r§5- §r§7Next LVL in §r§d63,620 XP§r§7!
19:10:56 [allowed]    §dRNG Meter §f- §d33,075 Stored XP
19:10:56 [allowed]   §r§5§lSLAYER QUEST STARTED!
19:10:56 [allowed]    §5§l» §7Slay §c3,168 Combat XP §7worth of Wolves§7.
19:10:56 [allowed] §cAutopet §eequipped your §7[Lvl 90] §6Wolf§e! §a§lVIEW RULE
19:10:59 [allowed] §8[§r§2171§r§8] §r§7ᛃ §r§b[MVP§r§f+§r§b] Firemage_X§r§f: tru
19:10:59 [allowed] §cYour Kill Combo has expired! You reached a 20 Kill Combo!
19:11:02 [allowed] §6[Sacks] §r§a+85§r§e items§r§e.§r§8 (Last 21s.)
19:11:03 [allowed] §8[§r§2171§r§8] §r§7ᛃ §r§b[MVP§r§f+§r§b] Firemage_X§r§f: how fast is a sven usually
19:11:08 [allowed] §8[§r§2171§r§8] §r§7ᛃ §r§b[MVP§r§f+§r§b] Firemage_X§r§f: from spawn to kill
19:11:21 [allowed] §8[§r§2171§r§8] §r§7ᛃ §r§b[MVP§r§f+§r§b] Firemage_X§r§f: f7s are like what
19:11:23 [allowed] §8[§r§2171§r§8] §r§7ᛃ §r§b[MVP§r§f+§r§b] Firemage_X§r§f: 6 min?
19:11:26 [allowed] §7Your Livid Dagger hit §r§c1 §r§7enemy for §r§c279,705.3 §r§7damage.
19:11:29 [allowed] §aYou earned §r§2678 GEXP §r§afrom playing SkyBlock!
19:11:31 [allowed] §8[§r§3245§r§8] §r§7⸙ §r§b[MVP§5+§b] HontNog§f§r§f: well you also have to take into account the exp
19:11:34 [allowed] §6[Sacks] §r§a+2§r§e items§r§e.§r§8 (Last 5s.)
19:11:40 [allowed] §6[Sacks] §r§a+2§r§e items§r§e.§r§8 (Last 5s.)
19:11:46 [allowed] §a§l+5 Kill Combo §r§8§r§b+3✯ Magic Find
19:11:51 [allowed] §6[Sacks] §r§a+2§r§e items§r§e.§r§8 (Last 5s.)
19:11:53 [allowed] §cYour Kill Combo has expired! You reached a 5 Kill Combo!
