10:25:39 Trying to load config from config\skyhanni\config.json
10:25:39 load-config-now
10:25:40 Loaded config from file
10:25:40 Trying to load sacks from config\skyhanni\sacks.json
10:25:40 load-sacks-now
10:25:40 Loaded sacks from file
10:25:40 Trying to load friends from config\skyhanni\friends.json
10:25:40 load-friends-now
10:25:40 Loaded friends from file
10:25:40 Trying to load known_features from config\skyhanni\known_features.json
10:25:40 load-known_features-now
10:25:40 Loaded known_features from file
10:25:40 Trying to load jacob_contests from config\skyhanni\jacob_contests.json
10:25:40 load-jacob_contests-now
10:25:40 Loaded jacob_contests from file
10:25:40 Trying to load visual_words from config\skyhanni\visual_words.json
10:25:40 Setting visual_words to be blank as it did not exist. It will be saved once something is written to it
10:26:02 saveConfig: Updated known feature flags
10:26:02 Saving known_features file
10:26:10 saveConfig: Save file
10:26:10 Saving friends file
10:26:40 saveConfig: auto-save-60s
10:26:40 Saving config file
10:27:40 saveConfig: auto-save-60s
10:27:40 Saving config file
10:28:40 saveConfig: auto-save-60s
10:28:40 Saving config file
10:29:40 saveConfig: auto-save-60s
10:29:40 Saving config file
10:30:40 saveConfig: auto-save-60s
10:30:40 Saving config file
10:31:40 saveConfig: auto-save-60s
10:31:40 Saving config file
10:32:40 saveConfig: auto-save-60s
10:32:40 Saving config file
10:33:40 saveConfig: auto-save-60s
10:33:40 Saving config file
10:34:40 saveConfig: auto-save-60s
10:34:40 Saving config file
10:35:40 saveConfig: auto-save-60s
10:35:40 Saving config file
10:36:40 saveConfig: auto-save-60s
10:36:40 Saving config file
10:37:40 saveConfig: auto-save-60s
10:37:40 Saving config file
10:38:40 saveConfig: auto-save-60s
10:38:40 Saving config file
10:39:40 saveConfig: auto-save-60s
10:39:40 Saving config file
10:40:40 saveConfig: auto-save-60s
10:40:40 Saving config file
10:41:40 saveConfig: auto-save-60s
10:41:40 Saving config file
10:42:40 saveConfig: auto-save-60s
10:42:40 Saving config file
10:43:40 saveConfig: auto-save-60s
10:43:40 Saving config file
10:44:40 saveConfig: auto-save-60s
10:44:40 Saving config file
10:45:40 saveConfig: auto-save-60s
10:45:40 Saving config file
10:46:40 saveConfig: auto-save-60s
10:46:40 Saving config file
10:47:40 saveConfig: auto-save-60s
10:47:40 Saving config file
10:48:40 saveConfig: auto-save-60s
10:48:40 Saving config file
10:49:40 saveConfig: auto-save-60s
10:49:40 Saving config file
10:50:40 saveConfig: auto-save-60s
10:50:40 Saving config file
10:51:40 saveConfig: auto-save-60s
10:51:40 Saving config file
10:52:40 saveConfig: auto-save-60s
10:52:40 Saving config file
10:53:40 saveConfig: auto-save-60s
10:53:40 Saving config file
10:54:40 saveConfig: auto-save-60s
10:54:40 Saving config file
10:55:40 saveConfig: auto-save-60s
10:55:40 Saving config file
10:56:40 saveConfig: auto-save-60s
10:56:40 Saving config file
10:57:40 saveConfig: auto-save-60s
10:57:40 Saving config file
10:58:40 saveConfig: auto-save-60s
10:58:40 Saving config file
10:59:40 saveConfig: auto-save-60s
10:59:40 Saving config file
11:00:40 saveConfig: auto-save-60s
11:00:40 Saving config file
11:01:40 saveConfig: auto-save-60s
11:01:40 Saving config file
11:02:40 saveConfig: auto-save-60s
11:02:40 Saving config file
11:03:40 saveConfig: auto-save-60s
11:03:40 Saving config file
11:04:40 saveConfig: auto-save-60s
11:04:40 Saving config file
11:05:40 saveConfig: auto-save-60s
11:05:40 Saving config file
11:06:40 saveConfig: auto-save-60s
11:06:40 Saving config file
11:07:40 saveConfig: auto-save-60s
11:07:40 Saving config file
11:08:40 saveConfig: auto-save-60s
11:08:40 Saving config file
11:09:40 saveConfig: auto-save-60s
11:09:40 Saving config file
11:10:40 saveConfig: auto-save-60s
11:10:40 Saving config file
11:11:40 saveConfig: auto-save-60s
11:11:40 Saving config file
11:12:40 saveConfig: auto-save-60s
11:12:40 Saving config file
11:13:40 saveConfig: auto-save-60s
11:13:40 Saving config file
11:14:40 saveConfig: auto-save-60s
11:14:40 Saving config file
11:15:40 saveConfig: auto-save-60s
11:15:40 Saving config file
11:16:40 saveConfig: auto-save-60s
11:16:40 Saving config file
11:17:40 saveConfig: auto-save-60s
11:17:40 Saving config file
11:18:40 saveConfig: auto-save-60s
11:18:40 Saving config file
11:19:40 saveConfig: auto-save-60s
11:19:40 Saving config file
11:20:40 saveConfig: auto-save-60s
11:20:40 Saving config file
11:21:40 saveConfig: auto-save-60s
11:21:40 Saving config file
11:22:40 saveConfig: auto-save-60s
11:22:40 Saving config file
11:23:40 saveConfig: auto-save-60s
11:23:40 Saving config file
11:24:40 saveConfig: auto-save-60s
11:24:40 Saving config file
11:25:40 saveConfig: auto-save-60s
11:25:40 Saving config file
11:26:40 saveConfig: auto-save-60s
11:26:40 Saving config file
11:27:40 saveConfig: auto-save-60s
11:27:40 Saving config file
11:28:40 saveConfig: auto-save-60s
11:28:40 Saving config file
11:29:40 saveConfig: auto-save-60s
11:29:40 Saving config file
11:30:40 saveConfig: auto-save-60s
11:30:40 Saving config file
11:31:40 saveConfig: auto-save-60s
11:31:40 Saving config file
11:32:40 saveConfig: auto-save-60s
11:32:40 Saving config file
11:32:43 saveConfig: shutdown-hook
11:32:43 Saving config file
