21:34:02 §f                                  §6§lBESTIARY
21:34:02 §f                         §b§lGaia Construct §7§8I §8➡§b §bII
21:34:02 
21:34:02 §f                                  §r§6§lREWARDS
21:34:02 §f                     §r§8+§r§a2 Gaia Construct §r§b✯ Magic Find
21:34:02 §f                     §r§8+§r§a2 Gaia Construct §r§c❁ Strength
21:34:02 §f                         §r§8+§r§62% §r§aGaia Construct §r§7coins
21:34:02 §f                    §r§8+§r§a50% §r§7chance for extra XP orbs
21:34:02 §f                               §r§8+§r§b1 SkyBlock XP
21:34:02 
21:34:02 §3§l▬▬▬▬▬▬▬▬▬▬▬▬▬▬▬▬▬▬▬▬▬▬▬▬▬▬▬▬▬▬▬▬▬▬▬▬▬▬▬▬▬▬▬▬▬▬▬▬▬▬▬▬▬▬▬▬▬▬▬▬▬▬▬▬
21:39:10 §f                                  §6§lBESTIARY
21:39:10 §f                         §b§lMinos Champion §7§8I §8➡§b §bII
21:39:10 
21:39:10 §f                                  §r§6§lREWARDS
21:39:10 §f                     §r§8+§r§a2 Minos Champion §r§b✯ Magic Find
21:39:10 §f                     §r§8+§r§a2 Minos Champion §r§c❁ Strength
21:39:10 §f                         §r§8+§r§62% §r§aMinos Champion §r§7coins
21:39:10 §f                    §r§8+§r§a50% §r§7chance for extra XP orbs
21:39:10 §f                               §r§8+§r§b1 SkyBlock XP
21:39:10 
21:39:10 §3§l▬▬▬▬▬▬▬▬▬▬▬▬▬▬▬▬▬▬▬▬▬▬▬▬▬▬▬▬▬▬▬▬▬▬▬▬▬▬▬▬▬▬▬▬▬▬▬▬▬▬▬▬▬▬▬▬▬▬▬▬▬▬▬▬
21:41:57 §f                                  §6§lBESTIARY
21:41:57 §f                        §b§lGaia Construct §7§8II §8➡§b §bIII
21:41:57 
21:41:57 §f                                  §r§6§lREWARDS
21:41:57 §f                     §r§8+§r§a2 Gaia Construct §r§b✯ Magic Find
21:41:57 §f                     §r§8+§r§a2 Gaia Construct §r§c❁ Strength
21:41:57 §f                         §r§8+§r§62% §r§aGaia Construct §r§7coins
21:41:57 §f                    §r§8+§r§a50% §r§7chance for extra XP orbs
21:41:57 §f                               §r§8+§r§b1 SkyBlock XP
21:41:57 
21:41:57 §3§l▬▬▬▬▬▬▬▬▬▬▬▬▬▬▬▬▬▬▬▬▬▬▬▬▬▬▬▬▬▬▬▬▬▬▬▬▬▬▬▬▬▬▬▬▬▬▬▬▬▬▬▬▬▬▬▬▬▬▬▬▬▬▬▬
21:44:21 §f                                  §6§lBESTIARY
21:44:21 §f                          §b§lSiamese Lynx §7§8IV §8➡§b §bV
21:44:21 
21:44:21 §f                                  §r§6§lREWARDS
21:44:21 §f                      §r§8+§r§a2 §r§2Siamese Lynx §r§b✯ Magic Find
21:44:21 §f                      §r§8+§r§a2 §r§2Siamese Lynx §r§c❁ Strength
21:44:21 §f                          §r§8+§r§62% §r§a§r§2Siamese Lynx §r§7coins
21:44:21 §f                    §r§8+§r§a50% §r§7chance for extra XP orbs
21:44:21 §f                               §r§8+§r§b1 SkyBlock XP
21:44:21 
21:44:21 §3§l▬▬▬▬▬▬▬▬▬▬▬▬▬▬▬▬▬▬▬▬▬▬▬▬▬▬▬▬▬▬▬▬▬▬▬▬▬▬▬▬▬▬▬▬▬▬▬▬▬▬▬▬▬▬▬▬▬▬▬▬▬▬▬▬
21:46:45 §f                                  §6§lBESTIARY
21:46:45 §f                        §b§lMinos Champion §7§8II §8➡§b §bIII
21:46:45 
21:46:45 §f                                  §r§6§lREWARDS
21:46:45 §f                     §r§8+§r§a2 Minos Champion §r§b✯ Magic Find
21:46:45 §f                     §r§8+§r§a2 Minos Champion §r§c❁ Strength
21:46:45 §f                         §r§8+§r§62% §r§aMinos Champion §r§7coins
21:46:45 §f                    §r§8+§r§a50% §r§7chance for extra XP orbs
21:46:45 §f                               §r§8+§r§b1 SkyBlock XP
21:46:45 
21:46:45 §3§l▬▬▬▬▬▬▬▬▬▬▬▬▬▬▬▬▬▬▬▬▬▬▬▬▬▬▬▬▬▬▬▬▬▬▬▬▬▬▬▬▬▬▬▬▬▬▬▬▬▬▬▬▬▬▬▬▬▬▬▬▬▬▬▬
21:48:29 §f                                  §6§lBESTIARY
21:48:29 §f                             §b§lMinotaur §7§8III §8➡§b §bIV
21:48:29 
21:48:29 §f                                  §r§6§lREWARDS
21:48:29 §f                         §r§8+§r§a2 Minotaur §r§b✯ Magic Find
21:48:29 §f                         §r§8+§r§a2 Minotaur §r§c❁ Strength
21:48:29 §f                             §r§8+§r§62% §r§aMinotaur §r§7coins
21:48:29 §f                    §r§8+§r§a50% §r§7chance for extra XP orbs
21:48:29 §f                               §r§8+§r§b1 SkyBlock XP
21:48:29 
21:48:29 §3§l▬▬▬▬▬▬▬▬▬▬▬▬▬▬▬▬▬▬▬▬▬▬▬▬▬▬▬▬▬▬▬▬▬▬▬▬▬▬▬▬▬▬▬▬▬▬▬▬▬▬▬▬▬▬▬▬▬▬▬▬▬▬▬▬
21:55:12 §f                                  §6§lBESTIARY
21:55:12 §f                        §b§lMinos Champion §7§8III §8➡§b §bIV
21:55:12 
21:55:12 §f                                  §r§6§lREWARDS
21:55:12 §f                     §r§8+§r§a2 Minos Champion §r§b✯ Magic Find
21:55:12 §f                     §r§8+§r§a2 Minos Champion §r§c❁ Strength
21:55:12 §f                         §r§8+§r§62% §r§aMinos Champion §r§7coins
21:55:12 §f                    §r§8+§r§a50% §r§7chance for extra XP orbs
21:55:12 §f                               §r§8+§r§b1 SkyBlock XP
21:55:12 
21:55:12   §r§f                         §6§lBESTIARY MILESTONE
21:55:12   §r§f                                  §8CLII➡§eCLIII
21:55:12 
21:55:12 §3§l▬▬▬▬▬▬▬▬▬▬▬▬▬▬▬▬▬▬▬▬▬▬▬▬▬▬▬▬▬▬▬▬▬▬▬▬▬▬▬▬▬▬▬▬▬▬▬▬▬▬▬▬▬▬▬▬▬▬▬▬▬▬▬▬
22:03:19 §f                                  §6§lBESTIARY
22:03:19 §f                          §b§lSiamese Lynx §7§8V §8➡§b §bVI
22:03:19 
22:03:19 §f                                  §r§6§lREWARDS
22:03:19 §f                      §r§8+§r§a3 §r§2Siamese Lynx §r§b✯ Magic Find
22:03:19 §f                      §r§8+§r§a3 §r§2Siamese Lynx §r§c❁ Strength
22:03:19 §f                          §r§8+§r§62% §r§a§r§2Siamese Lynx §r§7coins
22:03:19 §f                    §r§8+§r§a50% §r§7chance for extra XP orbs
22:03:19 §f                               §r§8+§r§b1 SkyBlock XP
22:03:19 
22:03:19 §3§l▬▬▬▬▬▬▬▬▬▬▬▬▬▬▬▬▬▬▬▬▬▬▬▬▬▬▬▬▬▬▬▬▬▬▬▬▬▬▬▬▬▬▬▬▬▬▬▬▬▬▬▬▬▬▬▬▬▬▬▬▬▬▬▬
22:09:41 §f                                  §6§lBESTIARY
22:09:41 §f                             §b§lMinotaur §7§8IV §8➡§b §bV
22:09:41 
22:09:41 §f                                  §r§6§lREWARDS
22:09:41 §f                         §r§8+§r§a2 Minotaur §r§b✯ Magic Find
22:09:41 §f                         §r§8+§r§a2 Minotaur §r§c❁ Strength
22:09:41 §f                             §r§8+§r§62% §r§aMinotaur §r§7coins
22:09:41 §f                    §r§8+§r§a50% §r§7chance for extra XP orbs
22:09:41 §f                               §r§8+§r§b1 SkyBlock XP
22:09:41 
22:09:41 §3§l▬▬▬▬▬▬▬▬▬▬▬▬▬▬▬▬▬▬▬▬▬▬▬▬▬▬▬▬▬▬▬▬▬▬▬▬▬▬▬▬▬▬▬▬▬▬▬▬▬▬▬▬▬▬▬▬▬▬▬▬▬▬▬▬
22:17:40 §f                                  §6§lBESTIARY
22:17:40 §f                         §b§lMinos Champion §7§8IV §8➡§b §bV
22:17:40 
22:17:40 §f                                  §r§6§lREWARDS
22:17:40 §f                     §r§8+§r§a2 Minos Champion §r§b✯ Magic Find
22:17:40 §f                     §r§8+§r§a2 Minos Champion §r§c❁ Strength
22:17:40 §f                         §r§8+§r§62% §r§aMinos Champion §r§7coins
22:17:40 §f                    §r§8+§r§a50% §r§7chance for extra XP orbs
22:17:40 §f                               §r§8+§r§b1 SkyBlock XP
22:17:40 
22:17:40 §3§l▬▬▬▬▬▬▬▬▬▬▬▬▬▬▬▬▬▬▬▬▬▬▬▬▬▬▬▬▬▬▬▬▬▬▬▬▬▬▬▬▬▬▬▬▬▬▬▬▬▬▬▬▬▬▬▬▬▬▬▬▬▬▬▬
22:22:44 §f                                  §6§lBESTIARY
22:22:44 §f                         §b§lSiamese Lynx §7§8VI §8➡§b §bVII
22:22:44 
22:22:44 §f                                  §r§6§lREWARDS
22:22:44 §f                      §r§8+§r§a3 §r§2Siamese Lynx §r§b✯ Magic Find
22:22:44 §f                      §r§8+§r§a3 §r§2Siamese Lynx §r§c❁ Strength
22:22:44 §f                          §r§8+§r§62% §r§a§r§2Siamese Lynx §r§7coins
22:22:44 §f                    §r§8+§r§a50% §r§7chance for extra XP orbs
22:22:44 §f                               §r§8+§r§b1 SkyBlock XP
22:22:44 
22:22:44 §3§l▬▬▬▬▬▬▬▬▬▬▬▬▬▬▬▬▬▬▬▬▬▬▬▬▬▬▬▬▬▬▬▬▬▬▬▬▬▬▬▬▬▬▬▬▬▬▬▬▬▬▬▬▬▬▬▬▬▬▬▬▬▬▬▬
22:30:43 §f                                  §6§lBESTIARY
22:30:43 §f                        §b§lGaia Construct §7§8III §8➡§b §bIV
22:30:43 
22:30:43 §f                                  §r§6§lREWARDS
22:30:43 §f                     §r§8+§r§a2 Gaia Construct §r§b✯ Magic Find
22:30:43 §f                     §r§8+§r§a2 Gaia Construct §r§c❁ Strength
22:30:43 §f                         §r§8+§r§62% §r§aGaia Construct §r§7coins
22:30:43 §f                    §r§8+§r§a50% §r§7chance for extra XP orbs
22:30:43 §f                               §r§8+§r§b1 SkyBlock XP
22:30:43 
22:30:43 §3§l▬▬▬▬▬▬▬▬▬▬▬▬▬▬▬▬▬▬▬▬▬▬▬▬▬▬▬▬▬▬▬▬▬▬▬▬▬▬▬▬▬▬▬▬▬▬▬▬▬▬▬▬▬▬▬▬▬▬▬▬▬▬▬▬
22:34:49 §f                                  §6§lBESTIARY
22:34:49 §f                            §b§lMinos Inquisitor §7§bI
22:34:49 
22:34:49 §f                                  §r§6§lREWARDS
22:34:49 §f                    §r§8+§r§a2 Minos Inquisitor §r§b✯ Magic Find
22:34:49 §f                     §r§8+§r§a2 Minos Inquisitor §r§c❁ Strength
22:34:49 §f                        §r§8+§r§62% §r§aMinos Inquisitor §r§7coins
22:34:49 §f                    §r§8+§r§a50% §r§7chance for extra XP orbs
22:34:49 §f                               §r§8+§r§b1 SkyBlock XP
22:34:49 
22:34:49 §3§l▬▬▬▬▬▬▬▬▬▬▬▬▬▬▬▬▬▬▬▬▬▬▬▬▬▬▬▬▬▬▬▬▬▬▬▬▬▬▬▬▬▬▬▬▬▬▬▬▬▬▬▬▬▬▬▬▬▬▬▬▬▬▬▬
22:35:56 §f                                  §6§lBESTIARY
22:35:56 §f                             §b§lMinotaur §7§8V §8➡§b §bVI
22:35:56 
22:35:56 §f                                  §r§6§lREWARDS
22:35:56 §f                         §r§8+§r§a3 Minotaur §r§b✯ Magic Find
22:35:56 §f                         §r§8+§r§a3 Minotaur §r§c❁ Strength
22:35:56 §f                             §r§8+§r§62% §r§aMinotaur §r§7coins
22:35:56 §f                    §r§8+§r§a50% §r§7chance for extra XP orbs
22:35:56 §f                               §r§8+§r§b1 SkyBlock XP
22:35:56 
22:35:56 §3§l▬▬▬▬▬▬▬▬▬▬▬▬▬▬▬▬▬▬▬▬▬▬▬▬▬▬▬▬▬▬▬▬▬▬▬▬▬▬▬▬▬▬▬▬▬▬▬▬▬▬▬▬▬▬▬▬▬▬▬▬▬▬▬▬
22:38:00 §f                                  §6§lBESTIARY
22:38:00 §f                        §b§lSiamese Lynx §7§8VII §8➡§b §bVIII
22:38:00 
22:38:00 §f                                  §r§6§lREWARDS
22:38:00 §f                      §r§8+§r§a3 §r§2Siamese Lynx §r§b✯ Magic Find
22:38:00 §f                      §r§8+§r§a3 §r§2Siamese Lynx §r§c❁ Strength
22:38:00 §f                          §r§8+§r§62% §r§a§r§2Siamese Lynx §r§7coins
22:38:00 §f                    §r§8+§r§a50% §r§7chance for extra XP orbs
22:38:00 §f                               §r§8+§r§b1 SkyBlock XP
22:38:00 
22:38:00 §3§l▬▬▬▬▬▬▬▬▬▬▬▬▬▬▬▬▬▬▬▬▬▬▬▬▬▬▬▬▬▬▬▬▬▬▬▬▬▬▬▬▬▬▬▬▬▬▬▬▬▬▬▬▬▬▬▬▬▬▬▬▬▬▬▬
22:47:05 §f                                  §6§lBESTIARY
22:47:05 §f                            §b§lMinotaur §7§8VI §8➡§b §bVII
22:47:05 
22:47:05 §f                                  §r§6§lREWARDS
22:47:05 §f                         §r§8+§r§a3 Minotaur §r§b✯ Magic Find
22:47:05 §f                         §r§8+§r§a3 Minotaur §r§c❁ Strength
22:47:05 §f                             §r§8+§r§62% §r§aMinotaur §r§7coins
22:47:05 §f                    §r§8+§r§a50% §r§7chance for extra XP orbs
22:47:05 §f                               §r§8+§r§b1 SkyBlock XP
22:47:05 
22:47:05 §3§l▬▬▬▬▬▬▬▬▬▬▬▬▬▬▬▬▬▬▬▬▬▬▬▬▬▬▬▬▬▬▬▬▬▬▬▬▬▬▬▬▬▬▬▬▬▬▬▬▬▬▬▬▬▬▬▬▬▬▬▬▬▬▬▬
22:54:21 §f                                  §6§lBESTIARY
22:54:21 §f                         §b§lMinos Champion §7§8V §8➡§b §bVI
22:54:21 
22:54:21 §f                                  §r§6§lREWARDS
22:54:21 §f                     §r§8+§r§a3 Minos Champion §r§b✯ Magic Find
22:54:21 §f                     §r§8+§r§a3 Minos Champion §r§c❁ Strength
22:54:21 §f                         §r§8+§r§62% §r§aMinos Champion §r§7coins
22:54:21 §f                    §r§8+§r§a50% §r§7chance for extra XP orbs
22:54:21 §f                               §r§8+§r§b1 SkyBlock XP
22:54:21 
22:54:21   §r§f                         §6§lBESTIARY MILESTONE
22:54:21   §r§f                                 §8CLIII➡§eCLIV
22:54:21 
22:54:21 §3§l▬▬▬▬▬▬▬▬▬▬▬▬▬▬▬▬▬▬▬▬▬▬▬▬▬▬▬▬▬▬▬▬▬▬▬▬▬▬▬▬▬▬▬▬▬▬▬▬▬▬▬▬▬▬▬▬▬▬▬▬▬▬▬▬
22:56:10 §f                                  §6§lBESTIARY
22:56:10 §f                         §b§lGaia Construct §7§8IV §8➡§b §bV
22:56:10 
22:56:10 §f                                  §r§6§lREWARDS
22:56:10 §f                     §r§8+§r§a2 Gaia Construct §r§b✯ Magic Find
22:56:10 §f                     §r§8+§r§a2 Gaia Construct §r§c❁ Strength
22:56:10 §f                         §r§8+§r§62% §r§aGaia Construct §r§7coins
22:56:10 §f                    §r§8+§r§a50% §r§7chance for extra XP orbs
22:56:10 §f                               §r§8+§r§b1 SkyBlock XP
22:56:10 
22:56:10 §3§l▬▬▬▬▬▬▬▬▬▬▬▬▬▬▬▬▬▬▬▬▬▬▬▬▬▬▬▬▬▬▬▬▬▬▬▬▬▬▬▬▬▬▬▬▬▬▬▬▬▬▬▬▬▬▬▬▬▬▬▬▬▬▬▬
23:05:25 §f                                  §6§lBESTIARY
23:05:25 §f                        §b§lSiamese Lynx §7§8VIII §8➡§b §bIX
23:05:25 
23:05:25 §f                                  §r§6§lREWARDS
23:05:25 §f                      §r§8+§r§a3 §r§2Siamese Lynx §r§b✯ Magic Find
23:05:25 §f                      §r§8+§r§a3 §r§2Siamese Lynx §r§c❁ Strength
23:05:25 §f                          §r§8+§r§62% §r§a§r§2Siamese Lynx §r§7coins
23:05:25 §f                    §r§8+§r§a50% §r§7chance for extra XP orbs
23:05:25 §f                               §r§8+§r§b1 SkyBlock XP
23:05:25 
23:05:25 §3§l▬▬▬▬▬▬▬▬▬▬▬▬▬▬▬▬▬▬▬▬▬▬▬▬▬▬▬▬▬▬▬▬▬▬▬▬▬▬▬▬▬▬▬▬▬▬▬▬▬▬▬▬▬▬▬▬▬▬▬▬▬▬▬▬
23:07:05 §f                                  §6§lBESTIARY
23:07:05 §f                        §b§lMinos Inquisitor §7§8I §8➡§b §bII
23:07:05 
23:07:05 §f                                  §r§6§lREWARDS
23:07:05 §f                    §r§8+§r§a2 Minos Inquisitor §r§b✯ Magic Find
23:07:05 §f                     §r§8+§r§a2 Minos Inquisitor §r§c❁ Strength
23:07:05 §f                        §r§8+§r§62% §r§aMinos Inquisitor §r§7coins
23:07:05 §f                    §r§8+§r§a50% §r§7chance for extra XP orbs
23:07:05 §f                               §r§8+§r§b1 SkyBlock XP
23:07:05 
23:07:05 §3§l▬▬▬▬▬▬▬▬▬▬▬▬▬▬▬▬▬▬▬▬▬▬▬▬▬▬▬▬▬▬▬▬▬▬▬▬▬▬▬▬▬▬▬▬▬▬▬▬▬▬▬▬▬▬▬▬▬▬▬▬▬▬▬▬
23:11:36 §f                                  §6§lBESTIARY
23:11:36 §f                         §b§lGaia Construct §7§8V §8➡§b §bVI
23:11:36 
23:11:36 §f                                  §r§6§lREWARDS
23:11:36 §f                     §r§8+§r§a3 Gaia Construct §r§b✯ Magic Find
23:11:36 §f                     §r§8+§r§a3 Gaia Construct §r§c❁ Strength
23:11:36 §f                         §r§8+§r§62% §r§aGaia Construct §r§7coins
23:11:36 §f                    §r§8+§r§a50% §r§7chance for extra XP orbs
23:11:36 §f                               §r§8+§r§b1 SkyBlock XP
23:11:36 
23:11:36 §3§l▬▬▬▬▬▬▬▬▬▬▬▬▬▬▬▬▬▬▬▬▬▬▬▬▬▬▬▬▬▬▬▬▬▬▬▬▬▬▬▬▬▬▬▬▬▬▬▬▬▬▬▬▬▬▬▬▬▬▬▬▬▬▬▬
