21:01:06 §bNew day! §r§eYour §r§2Sky Mall §r§ebuff changed!
21:01:06 §eNew buff§r§r§r: §r§fGain §r§6+50☘ Mining Fortune§r§f.
21:01:06 §8§oYou can disable this messaging by toggling Sky Mall in your /hotm!
21:15:00 §bNew day! §r§eYour §r§2Sky Mall §r§ebuff changed!
21:15:00 §eNew buff§r§r§r: §r§fGain §r§6+50☘ Mining Fortune§r§f.
21:15:00 §8§oYou can disable this messaging by toggling Sky Mall in your /hotm!
21:35:01 §bNew day! §r§eYour §r§2Sky Mall §r§ebuff changed!
21:35:01 §eNew buff§r§r§r: §r§f§r§a-20%§r§f Pickaxe Ability cooldowns.
21:35:01 §8§oYou can disable this messaging by toggling Sky Mall in your /hotm!
21:55:00 §bNew day! §r§eYour §r§2Sky Mall §r§ebuff changed!
21:55:00 §eNew buff§r§r§r: §r§fGain §r§a+15% §r§fmore Powder while mining.
21:55:00 §8§oYou can disable this messaging by toggling Sky Mall in your /hotm!
22:15:01 §bNew day! §r§eYour §r§2Sky Mall §r§ebuff changed!
22:15:01 §eNew buff§r§r§r: §r§f§r§a-20%§r§f Pickaxe Ability cooldowns.
22:15:01 §8§oYou can disable this messaging by toggling Sky Mall in your /hotm!
22:35:01 §bNew day! §r§eYour §r§2Sky Mall §r§ebuff changed!
22:35:01 §eNew buff§r§r§r: §r§fGain §r§a5x §r§9Titanium §r§fdrops
22:35:01 §8§oYou can disable this messaging by toggling Sky Mall in your /hotm!
22:55:00 §bNew day! §r§eYour §r§2Sky Mall §r§ebuff changed!
22:55:00 §eNew buff§r§r§r: §r§f§r§a-20%§r§f Pickaxe Ability cooldowns.
22:55:00 §8§oYou can disable this messaging by toggling Sky Mall in your /hotm!
23:15:01 §bNew day! §r§eYour §r§2Sky Mall §r§ebuff changed!
23:15:01 §eNew buff§r§r§r: §r§fGain §r§6+50☘ Mining Fortune§r§f.
23:15:01 §8§oYou can disable this messaging by toggling Sky Mall in your /hotm!
