09:55:02 [SKYMALL] §bNew day! §r§eYour §r§2Sky Mall §r§ebuff changed!
09:55:02 [SKYMALL] §eNew buff§r§r§r: §r§fGain §r§6+100⸕ Mining Speed§r§f.
09:55:02 [SKYMALL] §8§oYou can disable this messaging by toggling Sky Mall in your /hotm!
10:15:01 [SKYMALL] §bNew day! §r§eYour §r§2Sky Mall §r§ebuff changed!
10:15:01 [SKYMALL] §eNew buff§r§r§r: §r§fGain §r§a+15% §r§fmore Powder while mining.
10:15:01 [SKYMALL] §8§oYou can disable this messaging by toggling Sky Mall in your /hotm!
10:17:04 [COMPACT_POTION_EFFECT] §a§lBUFF! §fYou have gained §r§4Regeneration IV§r§f! Press TAB or type /effects to view your active effects!
10:17:04 [COMPACT_POTION_EFFECT] §a§lBUFF! §fYou have gained §r§4Strength V§r§f! Press TAB or type /effects to view your active effects!
10:17:04 [COMPACT_POTION_EFFECT] §a§lBUFF! §fYou have gained §r§4Critical III§r§f! Press TAB or type /effects to view your active effects!
10:17:04 [COMPACT_POTION_EFFECT] §a§lBUFF! §fYou have gained §r§9Speed IV§r§f! Press TAB or type /effects to view your active effects!
10:17:04 [COMPACT_POTION_EFFECT] §a§lBUFF! §fYou have gained §r§aResistance V§r§f! Press TAB or type /effects to view your active effects!
10:17:04 [COMPACT_POTION_EFFECT] §a§lBUFF! §fYou have gained §r§bArchery III§r§f! Press TAB or type /effects to view your active effects!
10:35:01 [SKYMALL] §bNew day! §r§eYour §r§2Sky Mall §r§ebuff changed!
10:35:01 [SKYMALL] §eNew buff§r§r§r: §r§fGain §r§6+100⸕ Mining Speed§r§f.
10:35:01 [SKYMALL] §8§oYou can disable this messaging by toggling Sky Mall in your /hotm!
10:55:02 [SKYMALL] §bNew day! §r§eYour §r§2Sky Mall §r§ebuff changed!
10:55:02 [SKYMALL] §eNew buff§r§r§r: §r§fGain §r§6+100⸕ Mining Speed§r§f.
10:55:02 [SKYMALL] §8§oYou can disable this messaging by toggling Sky Mall in your /hotm!
11:15:02 [SKYMALL] §bNew day! §r§eYour §r§2Sky Mall §r§ebuff changed!
11:15:02 [SKYMALL] §eNew buff§r§r§r: §r§fGain §r§6+100⸕ Mining Speed§r§f.
11:15:02 [SKYMALL] §8§oYou can disable this messaging by toggling Sky Mall in your /hotm!
11:35:04 [SKYMALL] §bNew day! §r§eYour §r§2Sky Mall §r§ebuff changed!
11:35:04 [SKYMALL] §eNew buff§r§r§r: §r§f§r§a10x §r§fchance to find Golden and Diamond Goblins.
11:35:04 [SKYMALL] §8§oYou can disable this messaging by toggling Sky Mall in your /hotm!
11:55:02 [SKYMALL] §bNew day! §r§eYour §r§2Sky Mall §r§ebuff changed!
11:55:02 [SKYMALL] §eNew buff§r§r§r: §r§fGain §r§6+100⸕ Mining Speed§r§f.
11:55:02 [SKYMALL] §8§oYou can disable this messaging by toggling Sky Mall in your /hotm!
12:15:01 [SKYMALL] §bNew day! §r§eYour §r§2Sky Mall §r§ebuff changed!
12:15:01 [SKYMALL] §eNew buff§r§r§r: §r§fGain §r§a5x §r§9Titanium §r§fdrops
12:15:01 [SKYMALL] §8§oYou can disable this messaging by toggling Sky Mall in your /hotm!
