09:58:24 §e[SkyHanni] You are close to the Croesus Limit. Please open your chests!§r
09:59:45 §e[SkyHanni] §fYou were in Limbo for §e2s§f.§r
10:10:49 §e[SkyHanni] You are close to the Croesus Limit. Please open your chests!§r
10:17:04 §a§lPotion Effect! §r§4Regeneration IV§r
10:17:04 §a§lPotion Effect! §r§4Strength V§r
10:17:04 §a§lPotion Effect! §r§4Critical III§r
10:17:04 §a§lPotion Effect! §r§9Speed IV§r
10:17:04 §a§lPotion Effect! §r§aResistance V§r
10:17:04 §a§lPotion Effect! §r§bArchery III§r
10:22:37 §e[SkyHanni] You are close to the Croesus Limit. Please open your chests!§r
10:33:56 §e[SkyHanni] You are close to the Croesus Limit. Please open your chests!§r
10:46:33 §e[SkyHanni] You are close to the Croesus Limit. Please open your chests!§r
10:59:35 §e[SkyHanni] You are close to the Croesus Limit. Please open your chests!§r
11:00:56 §e[SkyHanni] §cYour Time Tower just expired and has 1 charge remaining. Click here to use one.§r
11:06:48 §e[SkyHanni] You are close to the Croesus Limit. Please open your chests!§r
11:13:11 §e[SkyHanni] You are close to the Croesus Limit. Please open your chests!§r
11:20:22 §e[SkyHanni] You are close to the Croesus Limit. Please open your chests!§r
11:27:33 §e[SkyHanni] You are close to the Croesus Limit. Please open your chests!§r
11:28:30 §e[SkyHanni] Click here to load 49 more collected egg locations from NEU PV!§r
11:28:30 §e[SkyHanni] Click here to load Trophy Fishing data from NEU PV!§r
11:48:06 §e[SkyHanni] You are close to the Croesus Limit. Please open your chests!§r
12:01:35 §e[SkyHanni] You are close to the Croesus Limit. Please open your chests!§r
12:10:53 §e[SkyHanni] You are close to the Croesus Limit. Please open your chests!§r
12:20:08 §e[SkyHanni] Talk to Maxwell and open the Tuning Page again to update the tuning data in scoreboard.§r
12:20:08 §e[SkyHanni] §b+4 SkyBlock XP §7(Accessory Bag§7)§b (87/100)§r
12:25:46 §e[SkyHanni] §b+16 SkyBlock XP §7(Accessory Bag§7)§b (3/100)§r
12:25:46 §e[SkyHanni] Talk to Maxwell and open the Tuning Page again to update the tuning data in scoreboard.§r
12:27:13 §e[SkyHanni] Talk to Maxwell and open the Tuning Page again to update the tuning data in scoreboard.§r
12:27:13 §e[SkyHanni] §b+12 SkyBlock XP §7(Accessory Bag§7)§b (15/100)§r
12:28:03 §e[SkyHanni] §b+4 SkyBlock XP §7(Accessory Bag§7)§b (19/100)§r
12:28:03 §e[SkyHanni] Talk to Maxwell and open the Tuning Page again to update the tuning data in scoreboard.§r
