12:51:23 [allowed] §f §r§r§r§f §r§r§r§1 §r§r§r§0 §r§r§r§2 §r§r§r§f §r§r§r§f §r§r§r§2 §r§r§r§0 §r§r§r§4 §r§r§r§3 §r§r§r§9 §r§r§r§2 §r§r§r§0 §r§r§r§0 §r§r§r§3 §r§r§r§9 §r§r§r§2 §r§r§r§0 §r§r§r§0 §r§r§r§3 §r§r§r§9 §r§r§r§2 §r§r§r§0 §r§r§r§0 
12:51:23 [allowed] §b[MVP§f+§b] Firemage_X§f §6joined the lobby!
12:51:23 [allowed] §aYou have §b21 §aunclaimed leveling rewards!
12:51:23 [allowed] §eClick here to view them!
12:51:23 [allowed] §aYou have §68 §aunclaimed achievement rewards!
12:51:23 [allowed] §eClick here to view them!
12:51:25 [allowed]   §r§f§l➤ §r§6You have reached your Hype limit! Add Hype to Prototype Lobby minigames by right-clicking with the Hype Diamond!
12:51:26 [allowed] §b[MVP§4+§b] Mario64pro§f §6joined the lobby!
12:51:27 [allowed] §b[MVP§d+§b] xaesteta§f §6joined the lobby!
12:51:32 [allowed] §b[MVP§f+§b] HalfaMark§f §6joined the lobby!
12:51:35 [allowed] §b[MVP§9+§b] TheAdorableFool§f §6joined the lobby!
12:51:35 [allowed] §b[MVP§a+§b] FiNalOkumura§f §6joined the lobby!
12:51:38 [allowed] §9§m-----------------------------------------------------§r§9
§r§9                          §r§9 §6Friends (Page 1 of 8) §r§e§l>>§r§9
§r§9§bCheekyFemboy §eis in SkyBlock - Garden§r§9
§r§9§bcreeperXP §eis currently §eAway§r§9
§r§9§7KingGoji953 §eis in Limbo§r§9
§r§9§b24Arrian §cis currently offline§r§9
§r§9§b_mmc27 §cis currently offline§r§9
§r§9§a_tsn §cis currently offline§r§9
§r§9§aAceCreo_ §cis currently offline§r§9
§r§9§7alemartino §cis currently offline§r§9
§r§9§m-----------------------------------------------------
12:51:41 [allowed] §b[MVP§2+§b] ddust§f §6joined the lobby!
12:51:41 [allowed] §7Sending to server mini94AP...
12:51:41 [allowed] §b[MVP§a+§b] Runic_Necron§f §6joined the lobby!
12:51:42 [allowed] §8 §r§8 §r§1 §r§3 §r§3 §r§7 §r§8 
12:51:44 [allowed] §8[§r§f61§r§8] §r§a[VIP] DasCrazyBro§f§r§f: Du suchst nach einer hilfsbereiten, freundlichen und deutschen Skyblock Gilde? Dann mach doch ge
12:51:44 [allowed] 
12:51:44 [allowed] §eWelcome to §r§aHypixel SkyBlock§r§e!
12:51:44 [allowed] 
12:51:44 [allowed] §eLatest update: §bSkyBlock v0.20.8 §e§lCLICK
12:51:45 [allowed] §aYou are playing on profile: §ePineapple§b (Co-op)
12:51:45 [allowed] §8Profile ID: 6accdd30-5c34-4840-99a1-da8b87d5f229
12:51:46 [allowed] §8[§r§b226§r§8] §r§b[MVP§4+§b] pls_rankup§f§r§f: oh right
12:51:49 [allowed] §6[Bazaar] §r§7Claiming orders...
12:51:49 [allowed] §6[Bazaar] §r§7§r§7Claimed §r§6907,852 coins §r§7from selling §r§a20§r§7x §r§9Hamster Wheel §r§7at §r§645,909 §r§7each!
12:51:50 [allowed] §8[§r§f73§r§8] §r§b[MVP§9+§b] waaakan §7♲§f§r§f: can someone open howling plz
12:52:00 [allowed] §8[§r§b226§r§8] §r§b[MVP§4+§b] pls_rankup§f§r§f: yea
12:52:12 [allowed] §8[§r§f73§r§8] §r§b[MVP§9+§b] waaakan §7♲§f§r§f: ty
12:52:14 [allowed] §cThere are blocks in the way!
12:52:16 [allowed] §8[§r§3279§r§8] §r§6➶ §r§6[MVP§d++§6] Thundercrasht§f§r§f: get this
12:52:16 [allowed] §cCareful! You cannot travel too far away from the island!
12:52:16 [allowed] §cThere are blocks in the way!
12:52:17 [allowed] §8[§3279§8] §6➶ §r§6[MVP§d++§6] Thundercrasht§f§7 is holding §r§8[§5Infinityboom TNT§8]
12:52:24 [allowed] §cThere are blocks in the way!
12:52:34 [allowed] §8[§r§a124§r§8] §r§b[MVP§c+§b] MiningAbuser§f§r§f: or use portalhu
12:52:35 [allowed] §cCareful! You cannot travel too far away from the island!
12:52:36 [allowed] §8[§r§a124§r§8] §r§b[MVP§c+§b] MiningAbuser§f§r§f: b
12:52:43 [allowed] §8[§r§b226§r§8] §r§b[MVP§4+§b] pls_rankup§f§r§f: ./warp howl
12:52:52 [allowed] §6[Sacks] §r§a+16§r§e items§r§e.§r§8 (Last 8s.)
12:52:55 [allowed] §8[§r§f73§r§8] §r§b[MVP§9+§b] waaakan §7♲§f§r§f: ironman...
12:52:58 [allowed] §8[§r§b226§r§8] §r§b[MVP§4+§b] pls_rankup§f§r§f: ahh ic
12:53:08 [allowed] §8[§r§3268§r§8] §r§5§l࿇ §r§b[MVP§d+§b] Treasure367 §7♲§f§r§f: does black cats 15% improve slayer drops
12:53:09 [allowed] §cThere are blocks in the way!
12:53:17 [allowed] §cThere are blocks in the way!
12:53:17 [allowed] §cThere are blocks in the way!
12:53:17 [allowed] §cThere are blocks in the way!
12:53:17 [allowed] §cThere are blocks in the way!
12:53:17 [allowed] §cThere are blocks in the way!
12:53:17 [allowed] §cThere are blocks in the way!
12:53:17 [allowed] §cThere are blocks in the way!
12:53:18 [allowed] §cThere are blocks in the way!
12:53:18 [allowed] §cThere are blocks in the way!
12:53:18 [allowed] §cThere are blocks in the way!
12:53:18 [allowed] §cThere are blocks in the way!
12:53:18 [allowed] §cThere are blocks in the way!
12:53:18 [allowed] §cThere are blocks in the way!
12:53:18 [allowed] §cThere are blocks in the way!
12:53:18 [allowed] §cThere are blocks in the way!
12:53:19 [allowed] §cThere are blocks in the way!
12:53:19 [allowed] §cThere are blocks in the way!
12:53:19 [allowed] §cThere are blocks in the way!
12:53:19 [allowed] §cThere are blocks in the way!
12:53:19 [allowed] §cThere are blocks in the way!
12:53:19 [allowed] §cThere are blocks in the way!
12:53:19 [allowed] §cThere are blocks in the way!
12:53:20 [allowed] §cThere are blocks in the way!
12:53:20 [allowed] §cThere are blocks in the way!
12:53:20 [allowed] §cThere are blocks in the way!
12:53:20 [allowed] §cThere are blocks in the way!
12:53:20 [allowed] §cThere are blocks in the way!
12:53:20 [allowed] §cThere are blocks in the way!
12:53:20 [allowed] §cThere are blocks in the way!
12:53:20 [allowed] §cThere are blocks in the way!
12:53:21 [allowed] §cThere are blocks in the way!
12:53:21 [allowed] §cThere are blocks in the way!
12:53:21 [allowed] §cThere are blocks in the way!
12:53:21 [allowed] §cThere are blocks in the way!
12:53:21 [allowed] §cThere are blocks in the way!
12:53:21 [allowed] §cThere are blocks in the way!
12:53:21 [allowed] §cThere are blocks in the way!
12:53:22 [allowed] §cThere are blocks in the way!
12:53:22 [allowed] §cThere are blocks in the way!
12:53:22 [allowed] §cThere are blocks in the way!
12:53:22 [allowed] §cThere are blocks in the way!
12:53:22 [allowed] §cThere are blocks in the way!
12:53:22 [allowed] §cThere are blocks in the way!
12:53:22 [allowed] §cThere are blocks in the way!
12:53:22 [allowed] §cThere are blocks in the way!
12:53:23 [allowed] §cThere are blocks in the way!
12:53:23 [allowed] §cThere are blocks in the way!
12:53:23 [allowed] §cThere are blocks in the way!
12:53:23 [allowed] §cThere are blocks in the way!
12:53:23 [allowed] §cThere are blocks in the way!
12:53:23 [allowed] §cThere are blocks in the way!
12:53:23 [allowed] §cThere are blocks in the way!
12:53:24 [allowed] §cThere are blocks in the way!
12:53:24 [allowed] §cThere are blocks in the way!
12:53:24 [allowed] §cThere are blocks in the way!
12:53:24 [allowed] §cThere are blocks in the way!
12:53:24 [allowed] §cThere are blocks in the way!
12:53:24 [allowed] §cThere are blocks in the way!
12:53:24 [allowed] §cThere are blocks in the way!
12:53:24 [allowed] §cThere are blocks in the way!
12:53:24 [allowed] §cThere are blocks in the way!
12:53:24 [allowed] §cThere are blocks in the way!
12:53:25 [allowed] §cThere are blocks in the way!
12:53:25 [allowed] §cThere are blocks in the way!
12:53:25 [allowed] §cThere are blocks in the way!
12:53:25 [allowed] §cThere are blocks in the way!
12:53:25 [allowed] §cThere are blocks in the way!
12:53:25 [allowed] §cThere are blocks in the way!
12:53:25 [allowed] §cThere are blocks in the way!
12:53:26 [allowed] §cThere are blocks in the way!
12:53:26 [allowed] §cThere are blocks in the way!
12:53:26 [allowed] §cThere are blocks in the way!
12:53:27 [allowed] §cThere are blocks in the way!
12:53:27 [allowed] §cThere are blocks in the way!
12:53:27 [allowed] §cThere are blocks in the way!
12:53:27 [allowed] §cThere are blocks in the way!
12:53:28 [allowed] §cThere are blocks in the way!
12:53:28 [allowed] §cThere are blocks in the way!
12:53:28 [allowed] §cThere are blocks in the way!
12:53:28 [allowed] §cThere are blocks in the way!
12:53:28 [allowed] §cThere are blocks in the way!
12:53:28 [allowed] §cThere are blocks in the way!
12:53:29 [allowed] §cThere are blocks in the way!
12:53:29 [allowed] §cThere are blocks in the way!
12:53:29 [allowed] §cThere are blocks in the way!
12:53:29 [allowed] §cThere are blocks in the way!
12:53:29 [allowed] §cThere are blocks in the way!
12:53:29 [allowed] §cThere are blocks in the way!
12:53:29 [allowed] §cThere are blocks in the way!
12:53:30 [allowed] §cThere are blocks in the way!
12:53:30 [allowed] §cThere are blocks in the way!
12:53:30 [allowed] §cThere are blocks in the way!
12:53:30 [allowed] §cThere are blocks in the way!
12:53:30 [allowed] §cThere are blocks in the way!
12:53:30 [allowed] §cThere are blocks in the way!
12:53:31 [allowed] §cThere are blocks in the way!
12:53:31 [allowed] §cThere are blocks in the way!
12:53:31 [allowed] §cThere are blocks in the way!
12:53:31 [allowed] §cThere are blocks in the way!
12:53:31 [allowed] §cThere are blocks in the way!
12:53:31 [allowed] §cThere are blocks in the way!
12:53:31 [allowed] §cThere are blocks in the way!
12:53:31 [allowed] §cThere are blocks in the way!
12:53:32 [allowed] §cThere are blocks in the way!
12:53:32 [allowed] §cThere are blocks in the way!
12:53:32 [allowed] §cThere are blocks in the way!
12:53:32 [allowed] §cThere are blocks in the way!
12:53:32 [allowed] §cThere are blocks in the way!
12:53:32 [allowed] §cThere are blocks in the way!
12:53:35 [allowed] §aYou earned §r§2120 GEXP §r§afrom playing SkyBlock!
12:53:42 [allowed] §7Warping...
12:53:43 [allowed] §7Sending to server mini10N...
12:53:43 [allowed] §8 §r§8 §r§1 §r§3 §r§3 §r§7 §r§8 
12:53:46 [allowed] §aYou are playing on profile: §ePineapple§b (Co-op)
12:53:46 [allowed] §8Profile ID: 6accdd30-5c34-4840-99a1-da8b87d5f229
