13:19:36 Trying to load config from config\skyhanni\config.json
13:19:36 load-config-now
13:19:37 Loaded config from file
13:19:37 Trying to load sacks from config\skyhanni\sacks.json
13:19:37 load-sacks-now
13:19:37 Loaded sacks from file
13:19:37 Trying to load friends from config\skyhanni\friends.json
13:19:37 load-friends-now
13:19:37 Loaded friends from file
13:19:37 Trying to load known_features from config\skyhanni\known_features.json
13:19:37 load-known_features-now
13:19:37 Loaded known_features from file
13:19:37 Trying to load jacob_contests from config\skyhanni\jacob_contests.json
13:19:37 load-jacob_contests-now
13:19:37 Loaded jacob_contests from file
13:19:37 Trying to load visual_words from config\skyhanni\visual_words.json
13:19:37 Setting visual_words to be blank as it did not exist. It will be saved once something is written to it
13:19:54 saveConfig: Updated known feature flags
13:19:54 Saving known_features file
13:20:37 saveConfig: auto-save-60s
13:20:37 Saving config file
13:21:37 saveConfig: auto-save-60s
13:21:37 Saving config file
13:22:37 saveConfig: auto-save-60s
13:22:37 Saving config file
13:23:37 saveConfig: auto-save-60s
13:23:37 Saving config file
13:24:37 saveConfig: auto-save-60s
13:24:37 Saving config file
13:25:37 saveConfig: auto-save-60s
13:25:37 Saving config file
13:26:37 saveConfig: auto-save-60s
13:26:37 Saving config file
13:27:37 saveConfig: auto-save-60s
13:27:37 Saving config file
13:28:37 saveConfig: auto-save-60s
13:28:37 Saving config file
13:29:37 saveConfig: auto-save-60s
13:29:37 Saving config file
13:30:37 saveConfig: auto-save-60s
13:30:37 Saving config file
13:31:37 saveConfig: auto-save-60s
13:31:37 Saving config file
13:32:37 saveConfig: auto-save-60s
13:32:37 Saving config file
13:33:37 saveConfig: auto-save-60s
13:33:37 Saving config file
13:34:37 saveConfig: auto-save-60s
13:34:37 Saving config file
13:35:37 saveConfig: auto-save-60s
13:35:37 Saving config file
13:36:37 saveConfig: auto-save-60s
13:36:37 Saving config file
13:37:37 saveConfig: auto-save-60s
13:37:37 Saving config file
13:38:37 saveConfig: auto-save-60s
13:38:37 Saving config file
13:39:37 saveConfig: auto-save-60s
13:39:37 Saving config file
13:40:37 saveConfig: auto-save-60s
13:40:37 Saving config file
13:41:37 saveConfig: auto-save-60s
13:41:37 Saving config file
13:42:37 saveConfig: auto-save-60s
13:42:37 Saving config file
13:43:37 saveConfig: auto-save-60s
13:43:37 Saving config file
13:44:37 saveConfig: auto-save-60s
13:44:37 Saving config file
13:45:37 saveConfig: auto-save-60s
13:45:37 Saving config file
13:46:37 saveConfig: auto-save-60s
13:46:37 Saving config file
13:47:37 saveConfig: auto-save-60s
13:47:37 Saving config file
13:48:37 saveConfig: auto-save-60s
13:48:37 Saving config file
13:49:37 saveConfig: auto-save-60s
13:49:37 Saving config file
13:50:37 saveConfig: auto-save-60s
13:50:37 Saving config file
13:51:37 saveConfig: auto-save-60s
13:51:37 Saving config file
13:52:37 saveConfig: auto-save-60s
13:52:37 Saving config file
13:53:37 saveConfig: auto-save-60s
13:53:37 Saving config file
13:54:37 saveConfig: auto-save-60s
13:54:37 Saving config file
13:55:37 saveConfig: auto-save-60s
13:55:37 Saving config file
13:56:37 saveConfig: auto-save-60s
13:56:37 Saving config file
13:57:37 saveConfig: auto-save-60s
13:57:37 Saving config file
13:58:37 saveConfig: auto-save-60s
13:58:37 Saving config file
13:59:37 saveConfig: auto-save-60s
13:59:37 Saving config file
14:00:37 saveConfig: auto-save-60s
14:00:37 Saving config file
14:01:37 saveConfig: auto-save-60s
14:01:37 Saving config file
14:02:37 saveConfig: auto-save-60s
14:02:37 Saving config file
14:03:37 saveConfig: auto-save-60s
14:03:37 Saving config file
14:04:37 saveConfig: auto-save-60s
14:04:37 Saving config file
14:05:37 saveConfig: auto-save-60s
14:05:37 Saving config file
14:06:37 saveConfig: auto-save-60s
14:06:37 Saving config file
14:07:37 saveConfig: auto-save-60s
14:07:37 Saving config file
14:08:37 saveConfig: auto-save-60s
14:08:37 Saving config file
14:09:37 saveConfig: auto-save-60s
14:09:37 Saving config file
14:10:37 saveConfig: auto-save-60s
14:10:37 Saving config file
14:11:37 saveConfig: auto-save-60s
14:11:37 Saving config file
14:12:37 saveConfig: auto-save-60s
14:12:37 Saving config file
14:13:05 saveConfig: saving-data
14:13:05 Saving sacks file
14:13:33 saveConfig: saving-data
14:13:33 Saving sacks file
14:13:37 saveConfig: auto-save-60s
14:13:37 Saving config file
14:14:37 saveConfig: auto-save-60s
14:14:37 Saving config file
14:15:37 saveConfig: auto-save-60s
14:15:37 Saving config file
14:16:37 saveConfig: auto-save-60s
14:16:37 Saving config file
14:17:37 saveConfig: auto-save-60s
14:17:37 Saving config file
14:18:37 saveConfig: auto-save-60s
14:18:37 Saving config file
14:19:37 saveConfig: auto-save-60s
14:19:37 Saving config file
14:20:37 saveConfig: auto-save-60s
14:20:37 Saving config file
14:21:37 saveConfig: auto-save-60s
14:21:37 Saving config file
14:22:37 saveConfig: auto-save-60s
14:22:37 Saving config file
14:23:37 saveConfig: auto-save-60s
14:23:37 Saving config file
14:24:37 saveConfig: auto-save-60s
14:24:37 Saving config file
14:25:37 saveConfig: auto-save-60s
14:25:37 Saving config file
14:26:37 saveConfig: auto-save-60s
14:26:37 Saving config file
14:27:37 saveConfig: auto-save-60s
14:27:37 Saving config file
14:28:37 saveConfig: auto-save-60s
14:28:37 Saving config file
14:29:37 saveConfig: auto-save-60s
14:29:37 Saving config file
14:30:37 saveConfig: auto-save-60s
14:30:37 Saving config file
14:31:37 saveConfig: auto-save-60s
14:31:37 Saving config file
14:32:37 saveConfig: auto-save-60s
14:32:37 Saving config file
14:33:37 saveConfig: auto-save-60s
14:33:37 Saving config file
14:34:37 saveConfig: auto-save-60s
14:34:37 Saving config file
14:35:37 saveConfig: auto-save-60s
14:35:37 Saving config file
14:36:37 saveConfig: auto-save-60s
14:36:37 Saving config file
14:37:37 saveConfig: auto-save-60s
14:37:37 Saving config file
14:38:37 saveConfig: auto-save-60s
14:38:37 Saving config file
14:39:37 saveConfig: auto-save-60s
14:39:37 Saving config file
14:40:37 saveConfig: auto-save-60s
14:40:37 Saving config file
14:41:37 saveConfig: auto-save-60s
14:41:37 Saving config file
14:42:37 saveConfig: auto-save-60s
14:42:37 Saving config file
14:43:37 saveConfig: auto-save-60s
14:43:37 Saving config file
14:44:37 saveConfig: auto-save-60s
14:44:37 Saving config file
14:45:37 saveConfig: auto-save-60s
14:45:37 Saving config file
14:46:37 saveConfig: auto-save-60s
14:46:37 Saving config file
14:47:37 saveConfig: auto-save-60s
14:47:37 Saving config file
14:48:37 saveConfig: auto-save-60s
14:48:37 Saving config file
16:43:31 saveConfig: auto-save-60s
16:43:31 Saving config file
16:43:31 saveConfig: auto-save-60s
16:43:31 Saving config file
16:43:31 saveConfig: auto-save-60s
16:43:31 Saving config file
16:43:31 saveConfig: auto-save-60s
16:43:31 Saving config file
16:43:31 saveConfig: auto-save-60s
16:43:31 Saving config file
16:43:31 saveConfig: auto-save-60s
16:43:31 Saving config file
16:43:31 saveConfig: auto-save-60s
16:43:31 Saving config file
16:43:31 saveConfig: auto-save-60s
16:43:31 Saving config file
16:43:31 saveConfig: auto-save-60s
16:43:31 Saving config file
16:43:31 saveConfig: auto-save-60s
16:43:31 Saving config file
16:43:31 saveConfig: auto-save-60s
16:43:31 Saving config file
16:43:31 saveConfig: auto-save-60s
16:43:31 Saving config file
16:43:31 saveConfig: auto-save-60s
16:43:31 Saving config file
16:43:31 saveConfig: auto-save-60s
16:43:31 Saving config file
16:43:31 saveConfig: auto-save-60s
16:43:31 Saving config file
16:43:31 saveConfig: auto-save-60s
16:43:31 Saving config file
16:43:31 saveConfig: auto-save-60s
16:43:31 Saving config file
16:43:31 saveConfig: auto-save-60s
16:43:31 Saving config file
16:43:31 saveConfig: auto-save-60s
16:43:31 Saving config file
16:43:31 saveConfig: auto-save-60s
16:43:31 Saving config file
16:43:31 saveConfig: auto-save-60s
16:43:31 Saving config file
16:43:31 saveConfig: auto-save-60s
16:43:31 Saving config file
16:43:31 saveConfig: auto-save-60s
16:43:31 Saving config file
16:43:31 saveConfig: auto-save-60s
16:43:31 Saving config file
16:43:31 saveConfig: auto-save-60s
16:43:31 Saving config file
16:43:31 saveConfig: auto-save-60s
16:43:31 Saving config file
16:43:31 saveConfig: auto-save-60s
16:43:31 Saving config file
16:43:31 saveConfig: auto-save-60s
16:43:31 Saving config file
16:43:31 saveConfig: auto-save-60s
16:43:31 Saving config file
16:43:31 saveConfig: auto-save-60s
16:43:31 Saving config file
16:43:31 saveConfig: auto-save-60s
16:43:31 Saving config file
16:43:31 saveConfig: auto-save-60s
16:43:31 Saving config file
16:43:31 saveConfig: auto-save-60s
16:43:31 Saving config file
16:43:31 saveConfig: auto-save-60s
16:43:31 Saving config file
16:43:31 saveConfig: auto-save-60s
16:43:31 Saving config file
16:43:31 saveConfig: auto-save-60s
16:43:31 Saving config file
16:43:31 saveConfig: auto-save-60s
16:43:31 Saving config file
16:43:31 saveConfig: auto-save-60s
16:43:31 Saving config file
16:43:31 saveConfig: auto-save-60s
16:43:31 Saving config file
16:43:31 saveConfig: auto-save-60s
16:43:31 Saving config file
16:43:31 saveConfig: auto-save-60s
16:43:31 Saving config file
16:43:31 saveConfig: auto-save-60s
16:43:31 Saving config file
16:43:31 saveConfig: auto-save-60s
16:43:31 Saving config file
16:43:31 saveConfig: auto-save-60s
16:43:31 Saving config file
16:43:31 saveConfig: auto-save-60s
16:43:31 Saving config file
16:43:31 saveConfig: auto-save-60s
16:43:31 Saving config file
16:43:31 saveConfig: auto-save-60s
16:43:31 Saving config file
16:43:31 saveConfig: auto-save-60s
16:43:31 Saving config file
16:43:31 saveConfig: auto-save-60s
16:43:31 Saving config file
16:43:31 saveConfig: auto-save-60s
16:43:31 Saving config file
16:43:31 saveConfig: auto-save-60s
16:43:31 Saving config file
16:43:31 saveConfig: auto-save-60s
16:43:31 Saving config file
16:43:31 saveConfig: auto-save-60s
16:43:31 Saving config file
16:43:31 saveConfig: auto-save-60s
16:43:31 Saving config file
16:43:31 saveConfig: auto-save-60s
16:43:31 Saving config file
16:43:31 saveConfig: auto-save-60s
16:43:31 Saving config file
16:43:31 saveConfig: auto-save-60s
16:43:31 Saving config file
16:43:31 saveConfig: auto-save-60s
16:43:31 Saving config file
16:43:31 saveConfig: auto-save-60s
16:43:31 Saving config file
16:43:31 saveConfig: auto-save-60s
16:43:31 Saving config file
16:43:31 saveConfig: auto-save-60s
16:43:31 Saving config file
16:43:31 saveConfig: auto-save-60s
16:43:31 Saving config file
16:43:31 saveConfig: auto-save-60s
16:43:31 Saving config file
16:43:31 saveConfig: auto-save-60s
16:43:31 Saving config file
16:43:31 saveConfig: auto-save-60s
16:43:31 Saving config file
16:43:31 saveConfig: auto-save-60s
16:43:31 Saving config file
16:43:31 saveConfig: auto-save-60s
16:43:31 Saving config file
16:43:31 saveConfig: auto-save-60s
16:43:31 Saving config file
16:43:31 saveConfig: auto-save-60s
16:43:31 Saving config file
16:43:31 saveConfig: auto-save-60s
16:43:31 Saving config file
16:43:31 saveConfig: auto-save-60s
16:43:31 Saving config file
16:43:31 saveConfig: auto-save-60s
16:43:31 Saving config file
16:43:31 saveConfig: auto-save-60s
16:43:31 Saving config file
16:43:31 saveConfig: auto-save-60s
16:43:31 Saving config file
16:43:31 saveConfig: auto-save-60s
16:43:31 Saving config file
16:43:31 saveConfig: auto-save-60s
16:43:31 Saving config file
16:43:31 saveConfig: auto-save-60s
16:43:31 Saving config file
16:43:31 saveConfig: auto-save-60s
16:43:31 Saving config file
16:43:31 saveConfig: auto-save-60s
16:43:31 Saving config file
16:43:31 saveConfig: auto-save-60s
16:43:31 Saving config file
16:43:31 saveConfig: auto-save-60s
16:43:31 Saving config file
16:43:31 saveConfig: auto-save-60s
16:43:31 Saving config file
16:43:31 saveConfig: auto-save-60s
16:43:31 Saving config file
16:43:31 saveConfig: auto-save-60s
16:43:31 Saving config file
16:43:31 saveConfig: auto-save-60s
16:43:31 Saving config file
16:43:31 saveConfig: auto-save-60s
16:43:31 Saving config file
16:43:31 saveConfig: auto-save-60s
16:43:31 Saving config file
16:43:31 saveConfig: auto-save-60s
16:43:31 Saving config file
16:43:31 saveConfig: auto-save-60s
16:43:31 Saving config file
16:43:31 saveConfig: auto-save-60s
16:43:31 Saving config file
16:43:31 saveConfig: auto-save-60s
16:43:31 Saving config file
16:43:31 saveConfig: auto-save-60s
16:43:31 Saving config file
16:43:31 saveConfig: auto-save-60s
16:43:31 Saving config file
16:43:31 saveConfig: auto-save-60s
16:43:31 Saving config file
16:43:31 saveConfig: auto-save-60s
16:43:31 Saving config file
16:43:31 saveConfig: auto-save-60s
16:43:31 Saving config file
16:43:31 saveConfig: auto-save-60s
16:43:31 Saving config file
16:43:31 saveConfig: auto-save-60s
16:43:31 Saving config file
16:43:31 saveConfig: auto-save-60s
16:43:31 Saving config file
16:43:31 saveConfig: auto-save-60s
16:43:31 Saving config file
16:43:31 saveConfig: auto-save-60s
16:43:31 Saving config file
16:43:31 saveConfig: auto-save-60s
16:43:31 Saving config file
16:43:31 saveConfig: auto-save-60s
16:43:31 Saving config file
16:43:31 saveConfig: auto-save-60s
16:43:31 Saving config file
16:43:31 saveConfig: auto-save-60s
16:43:31 Saving config file
16:43:31 saveConfig: auto-save-60s
16:43:31 Saving config file
16:43:31 saveConfig: auto-save-60s
16:43:31 Saving config file
16:43:31 saveConfig: auto-save-60s
16:43:31 Saving config file
16:43:31 saveConfig: auto-save-60s
16:43:31 Saving config file
16:43:31 saveConfig: auto-save-60s
16:43:31 Saving config file
16:43:31 saveConfig: auto-save-60s
16:43:31 Saving config file
16:43:31 saveConfig: auto-save-60s
16:43:31 Saving config file
16:43:31 saveConfig: auto-save-60s
16:43:31 Saving config file
16:43:31 saveConfig: auto-save-60s
16:43:31 Saving config file
16:43:37 saveConfig: auto-save-60s
16:43:37 Saving config file
16:44:37 saveConfig: auto-save-60s
16:44:37 Saving config file
16:45:37 saveConfig: auto-save-60s
16:45:37 Saving config file
16:46:37 saveConfig: auto-save-60s
16:46:37 Saving config file
16:47:37 saveConfig: auto-save-60s
16:47:37 Saving config file
16:48:37 saveConfig: auto-save-60s
16:48:37 Saving config file
16:49:37 saveConfig: auto-save-60s
16:49:37 Saving config file
16:50:37 saveConfig: auto-save-60s
16:50:37 Saving config file
16:51:37 saveConfig: auto-save-60s
16:51:37 Saving config file
16:52:37 saveConfig: auto-save-60s
16:52:37 Saving config file
16:53:37 saveConfig: auto-save-60s
16:53:37 Saving config file
16:54:37 saveConfig: auto-save-60s
16:54:37 Saving config file
16:55:37 saveConfig: auto-save-60s
16:55:37 Saving config file
16:56:37 saveConfig: auto-save-60s
16:56:37 Saving config file
16:57:37 saveConfig: auto-save-60s
16:57:37 Saving config file
16:58:37 saveConfig: auto-save-60s
16:58:37 Saving config file
16:59:37 saveConfig: auto-save-60s
16:59:37 Saving config file
17:00:37 saveConfig: auto-save-60s
17:00:37 Saving config file
17:01:37 saveConfig: auto-save-60s
17:01:37 Saving config file
17:02:37 saveConfig: auto-save-60s
17:02:37 Saving config file
17:03:37 saveConfig: auto-save-60s
17:03:37 Saving config file
17:04:37 saveConfig: auto-save-60s
17:04:37 Saving config file
17:05:37 saveConfig: auto-save-60s
17:05:37 Saving config file
17:06:37 saveConfig: auto-save-60s
17:06:37 Saving config file
17:07:37 saveConfig: auto-save-60s
17:07:37 Saving config file
17:08:37 saveConfig: auto-save-60s
17:08:37 Saving config file
17:09:37 saveConfig: auto-save-60s
17:09:37 Saving config file
17:10:37 saveConfig: auto-save-60s
17:10:37 Saving config file
17:11:37 saveConfig: auto-save-60s
17:11:37 Saving config file
17:12:37 saveConfig: auto-save-60s
17:12:37 Saving config file
17:13:37 saveConfig: auto-save-60s
17:13:37 Saving config file
17:14:37 saveConfig: auto-save-60s
17:14:37 Saving config file
17:15:37 saveConfig: auto-save-60s
17:15:37 Saving config file
17:16:37 saveConfig: auto-save-60s
17:16:37 Saving config file
17:17:37 saveConfig: auto-save-60s
17:17:37 Saving config file
17:18:37 saveConfig: auto-save-60s
17:18:37 Saving config file
17:19:37 saveConfig: auto-save-60s
17:19:37 Saving config file
17:20:37 saveConfig: auto-save-60s
17:20:37 Saving config file
17:21:37 saveConfig: auto-save-60s
17:21:37 Saving config file
17:22:37 saveConfig: auto-save-60s
17:22:37 Saving config file
17:22:52 saveConfig: saving-data
17:22:52 Saving sacks file
17:23:37 saveConfig: auto-save-60s
17:23:37 Saving config file
17:24:37 saveConfig: auto-save-60s
17:24:37 Saving config file
17:25:37 saveConfig: auto-save-60s
17:25:37 Saving config file
17:26:37 saveConfig: auto-save-60s
17:26:37 Saving config file
17:27:37 saveConfig: auto-save-60s
17:27:37 Saving config file
17:28:37 saveConfig: auto-save-60s
17:28:37 Saving config file
17:29:37 saveConfig: auto-save-60s
17:29:37 Saving config file
17:30:37 saveConfig: auto-save-60s
17:30:37 Saving config file
17:31:37 saveConfig: auto-save-60s
17:31:37 Saving config file
17:32:37 saveConfig: auto-save-60s
17:32:37 Saving config file
17:33:37 saveConfig: auto-save-60s
17:33:37 Saving config file
17:34:37 saveConfig: auto-save-60s
17:34:37 Saving config file
17:35:37 saveConfig: auto-save-60s
17:35:37 Saving config file
17:36:37 saveConfig: auto-save-60s
17:36:37 Saving config file
17:37:37 saveConfig: auto-save-60s
17:37:37 Saving config file
17:38:37 saveConfig: auto-save-60s
17:38:37 Saving config file
17:39:37 saveConfig: auto-save-60s
17:39:37 Saving config file
17:40:37 saveConfig: auto-save-60s
17:40:37 Saving config file
17:41:37 saveConfig: auto-save-60s
17:41:37 Saving config file
17:42:37 saveConfig: auto-save-60s
17:42:37 Saving config file
17:43:37 saveConfig: auto-save-60s
17:43:37 Saving config file
17:44:37 saveConfig: auto-save-60s
17:44:37 Saving config file
17:45:37 saveConfig: auto-save-60s
17:45:37 Saving config file
17:46:28 saveConfig: Save contests
17:46:28 Saving jacob_contests file
17:46:37 saveConfig: auto-save-60s
17:46:37 Saving config file
17:47:37 saveConfig: auto-save-60s
17:47:37 Saving config file
17:48:37 saveConfig: auto-save-60s
17:48:37 Saving config file
17:49:37 saveConfig: auto-save-60s
17:49:37 Saving config file
17:50:35 saveConfig: saving-data
17:50:35 Saving sacks file
17:50:37 saveConfig: auto-save-60s
17:50:37 Saving config file
17:51:37 saveConfig: auto-save-60s
17:51:37 Saving config file
17:52:37 saveConfig: auto-save-60s
17:52:37 Saving config file
17:53:37 saveConfig: auto-save-60s
17:53:37 Saving config file
17:54:37 saveConfig: auto-save-60s
17:54:37 Saving config file
17:55:37 saveConfig: auto-save-60s
17:55:37 Saving config file
17:56:37 saveConfig: auto-save-60s
17:56:37 Saving config file
17:57:37 saveConfig: auto-save-60s
17:57:37 Saving config file
17:58:37 saveConfig: auto-save-60s
17:58:37 Saving config file
17:59:37 saveConfig: auto-save-60s
17:59:37 Saving config file
18:00:37 saveConfig: auto-save-60s
18:00:37 Saving config file
18:01:37 saveConfig: auto-save-60s
18:01:37 Saving config file
18:02:37 saveConfig: auto-save-60s
18:02:37 Saving config file
18:03:37 saveConfig: auto-save-60s
18:03:37 Saving config file
18:04:37 saveConfig: auto-save-60s
18:04:37 Saving config file
18:05:37 saveConfig: auto-save-60s
18:05:37 Saving config file
18:06:37 saveConfig: auto-save-60s
18:06:37 Saving config file
18:07:37 saveConfig: auto-save-60s
18:07:37 Saving config file
18:08:37 saveConfig: auto-save-60s
18:08:37 Saving config file
18:09:37 saveConfig: auto-save-60s
18:09:37 Saving config file
18:10:37 saveConfig: auto-save-60s
18:10:37 Saving config file
18:11:37 saveConfig: auto-save-60s
18:11:37 Saving config file
18:12:37 saveConfig: auto-save-60s
18:12:37 Saving config file
18:13:37 saveConfig: auto-save-60s
18:13:37 Saving config file
18:14:37 saveConfig: auto-save-60s
18:14:37 Saving config file
18:15:37 saveConfig: auto-save-60s
18:15:37 Saving config file
18:16:37 saveConfig: auto-save-60s
18:16:37 Saving config file
18:17:37 saveConfig: auto-save-60s
18:17:37 Saving config file
18:18:37 saveConfig: auto-save-60s
18:18:37 Saving config file
18:19:37 saveConfig: auto-save-60s
18:19:37 Saving config file
18:20:37 saveConfig: auto-save-60s
18:20:37 Saving config file
18:21:37 saveConfig: auto-save-60s
18:21:37 Saving config file
18:22:37 saveConfig: auto-save-60s
18:22:37 Saving config file
18:23:37 saveConfig: auto-save-60s
18:23:37 Saving config file
18:24:37 saveConfig: auto-save-60s
18:24:37 Saving config file
18:25:37 saveConfig: auto-save-60s
18:25:37 Saving config file
18:26:37 saveConfig: auto-save-60s
18:26:37 Saving config file
18:27:37 saveConfig: auto-save-60s
18:27:37 Saving config file
18:28:37 saveConfig: auto-save-60s
18:28:37 Saving config file
18:29:37 saveConfig: auto-save-60s
18:29:37 Saving config file
18:30:37 saveConfig: auto-save-60s
18:30:37 Saving config file
18:31:37 saveConfig: auto-save-60s
18:31:37 Saving config file
18:32:37 saveConfig: auto-save-60s
18:32:37 Saving config file
18:33:37 saveConfig: auto-save-60s
18:33:37 Saving config file
18:34:37 saveConfig: auto-save-60s
18:34:37 Saving config file
18:35:37 saveConfig: auto-save-60s
18:35:37 Saving config file
18:36:37 saveConfig: auto-save-60s
18:36:37 Saving config file
18:37:37 saveConfig: auto-save-60s
18:37:37 Saving config file
18:38:37 saveConfig: auto-save-60s
18:38:37 Saving config file
18:39:37 saveConfig: auto-save-60s
18:39:37 Saving config file
18:40:37 saveConfig: auto-save-60s
18:40:37 Saving config file
18:41:37 saveConfig: auto-save-60s
18:41:37 Saving config file
18:42:37 saveConfig: auto-save-60s
18:42:37 Saving config file
18:43:37 saveConfig: auto-save-60s
18:43:37 Saving config file
18:44:37 saveConfig: auto-save-60s
18:44:37 Saving config file
18:45:37 saveConfig: auto-save-60s
18:45:37 Saving config file
18:46:37 saveConfig: auto-save-60s
18:46:37 Saving config file
18:47:37 saveConfig: auto-save-60s
18:47:37 Saving config file
18:48:37 saveConfig: auto-save-60s
18:48:37 Saving config file
18:49:37 saveConfig: auto-save-60s
18:49:37 Saving config file
18:50:37 saveConfig: auto-save-60s
18:50:37 Saving config file
18:51:37 saveConfig: auto-save-60s
18:51:37 Saving config file
18:52:37 saveConfig: auto-save-60s
18:52:37 Saving config file
18:53:37 saveConfig: auto-save-60s
18:53:37 Saving config file
18:54:37 saveConfig: auto-save-60s
18:54:37 Saving config file
18:55:37 saveConfig: auto-save-60s
18:55:37 Saving config file
18:56:37 saveConfig: auto-save-60s
18:56:37 Saving config file
18:57:37 saveConfig: auto-save-60s
18:57:37 Saving config file
18:58:37 saveConfig: auto-save-60s
18:58:37 Saving config file
18:59:37 saveConfig: auto-save-60s
18:59:37 Saving config file
19:00:37 saveConfig: auto-save-60s
19:00:37 Saving config file
19:01:37 saveConfig: auto-save-60s
19:01:37 Saving config file
19:02:37 saveConfig: auto-save-60s
19:02:37 Saving config file
19:03:37 saveConfig: auto-save-60s
19:03:37 Saving config file
19:04:37 saveConfig: auto-save-60s
19:04:37 Saving config file
19:05:37 saveConfig: auto-save-60s
19:05:37 Saving config file
19:06:37 saveConfig: auto-save-60s
19:06:37 Saving config file
19:07:37 saveConfig: auto-save-60s
19:07:37 Saving config file
19:08:37 saveConfig: auto-save-60s
19:08:37 Saving config file
19:09:37 saveConfig: auto-save-60s
19:09:37 Saving config file
19:10:37 saveConfig: auto-save-60s
19:10:37 Saving config file
19:11:37 saveConfig: auto-save-60s
19:11:37 Saving config file
19:12:37 saveConfig: auto-save-60s
19:12:37 Saving config file
19:13:37 saveConfig: auto-save-60s
19:13:37 Saving config file
19:14:37 saveConfig: auto-save-60s
19:14:37 Saving config file
19:15:37 saveConfig: auto-save-60s
19:15:37 Saving config file
19:16:37 saveConfig: auto-save-60s
19:16:37 Saving config file
19:17:37 saveConfig: auto-save-60s
19:17:37 Saving config file
19:18:37 saveConfig: auto-save-60s
19:18:37 Saving config file
19:19:37 saveConfig: auto-save-60s
19:19:37 Saving config file
19:20:37 saveConfig: auto-save-60s
19:20:37 Saving config file
19:21:37 saveConfig: auto-save-60s
19:21:37 Saving config file
19:22:37 saveConfig: auto-save-60s
19:22:37 Saving config file
19:23:37 saveConfig: auto-save-60s
19:23:37 Saving config file
19:24:37 saveConfig: auto-save-60s
19:24:37 Saving config file
19:25:37 saveConfig: auto-save-60s
19:25:37 Saving config file
19:26:37 saveConfig: auto-save-60s
19:26:37 Saving config file
19:27:37 saveConfig: auto-save-60s
19:27:37 Saving config file
19:28:37 saveConfig: auto-save-60s
19:28:37 Saving config file
19:29:37 saveConfig: auto-save-60s
19:29:37 Saving config file
19:30:37 saveConfig: auto-save-60s
19:30:37 Saving config file
19:31:37 saveConfig: auto-save-60s
19:31:37 Saving config file
19:32:37 saveConfig: auto-save-60s
19:32:37 Saving config file
19:33:37 saveConfig: auto-save-60s
19:33:37 Saving config file
19:34:37 saveConfig: auto-save-60s
19:34:37 Saving config file
19:35:37 saveConfig: auto-save-60s
19:35:37 Saving config file
19:36:37 saveConfig: auto-save-60s
19:36:37 Saving config file
19:37:37 saveConfig: auto-save-60s
19:37:37 Saving config file
19:38:37 saveConfig: auto-save-60s
19:38:37 Saving config file
19:39:37 saveConfig: auto-save-60s
19:39:37 Saving config file
19:40:37 saveConfig: auto-save-60s
19:40:37 Saving config file
19:41:37 saveConfig: auto-save-60s
19:41:37 Saving config file
19:42:37 saveConfig: auto-save-60s
19:42:37 Saving config file
19:43:37 saveConfig: auto-save-60s
19:43:37 Saving config file
19:44:37 saveConfig: auto-save-60s
19:44:37 Saving config file
19:45:37 saveConfig: auto-save-60s
19:45:37 Saving config file
19:46:37 saveConfig: auto-save-60s
19:46:37 Saving config file
19:47:37 saveConfig: auto-save-60s
19:47:37 Saving config file
19:48:37 saveConfig: auto-save-60s
19:48:37 Saving config file
19:49:37 saveConfig: auto-save-60s
19:49:37 Saving config file
19:50:37 saveConfig: auto-save-60s
19:50:37 Saving config file
19:51:37 saveConfig: auto-save-60s
19:51:37 Saving config file
19:52:37 saveConfig: auto-save-60s
19:52:37 Saving config file
19:53:37 saveConfig: auto-save-60s
19:53:37 Saving config file
19:54:37 saveConfig: auto-save-60s
19:54:37 Saving config file
19:55:37 saveConfig: auto-save-60s
19:55:37 Saving config file
19:56:37 saveConfig: auto-save-60s
19:56:37 Saving config file
19:57:37 saveConfig: auto-save-60s
19:57:37 Saving config file
19:58:37 saveConfig: auto-save-60s
19:58:37 Saving config file
19:59:37 saveConfig: auto-save-60s
19:59:37 Saving config file
20:00:37 saveConfig: auto-save-60s
20:00:37 Saving config file
20:01:37 saveConfig: auto-save-60s
20:01:37 Saving config file
20:02:37 saveConfig: auto-save-60s
20:02:37 Saving config file
20:03:37 saveConfig: auto-save-60s
20:03:37 Saving config file
20:04:37 saveConfig: auto-save-60s
20:04:37 Saving config file
20:05:37 saveConfig: auto-save-60s
20:05:37 Saving config file
20:06:37 saveConfig: auto-save-60s
20:06:37 Saving config file
20:07:37 saveConfig: auto-save-60s
20:07:37 Saving config file
20:08:37 saveConfig: auto-save-60s
20:08:37 Saving config file
20:09:37 saveConfig: auto-save-60s
20:09:37 Saving config file
20:10:37 saveConfig: auto-save-60s
20:10:37 Saving config file
20:11:37 saveConfig: auto-save-60s
20:11:37 Saving config file
20:12:37 saveConfig: auto-save-60s
20:12:37 Saving config file
20:13:37 saveConfig: auto-save-60s
20:13:37 Saving config file
20:14:37 saveConfig: auto-save-60s
20:14:37 Saving config file
20:15:37 saveConfig: auto-save-60s
20:15:37 Saving config file
20:16:37 saveConfig: auto-save-60s
20:16:37 Saving config file
20:17:37 saveConfig: auto-save-60s
20:17:37 Saving config file
20:18:08 saveConfig: saving-data
20:18:08 Saving sacks file
20:18:14 saveConfig: shutdown-hook
20:18:14 Saving config file
