22:27:46 Trying to load config from config\skyhanni\config.json
22:27:46 load-config-now
22:27:47 Loaded config from file
22:27:47 Trying to load sacks from config\skyhanni\sacks.json
22:27:47 load-sacks-now
22:27:47 Loaded sacks from file
22:27:47 Trying to load friends from config\skyhanni\friends.json
22:27:47 load-friends-now
22:27:47 Loaded friends from file
22:27:47 Trying to load known_features from config\skyhanni\known_features.json
22:27:47 load-known_features-now
22:27:47 Loaded known_features from file
22:27:47 Trying to load jacob_contests from config\skyhanni\jacob_contests.json
22:27:47 load-jacob_contests-now
22:27:47 Loaded jacob_contests from file
22:27:47 Trying to load visual_words from config\skyhanni\visual_words.json
22:27:47 Setting visual_words to be blank as it did not exist. It will be saved once something is written to it
22:28:25 saveConfig: Updated known feature flags
22:28:25 Saving known_features file
22:28:47 saveConfig: auto-save-60s
22:28:47 Saving config file
22:29:47 saveConfig: auto-save-60s
22:29:47 Saving config file
22:30:47 saveConfig: auto-save-60s
22:30:47 Saving config file
22:31:47 saveConfig: auto-save-60s
22:31:47 Saving config file
22:32:47 saveConfig: auto-save-60s
22:32:47 Saving config file
22:33:47 saveConfig: auto-save-60s
22:33:47 Saving config file
22:34:44 saveConfig: shutdown-hook
22:34:44 Saving config file
