14:10:40 Visitor status change for '§aAndrew': NEW -> WAITING (tooltipMissingItems)
14:10:43 Visitor status change for '§aAndrew': WAITING -> REFUSED (refused)
14:10:44 Visitor status change for '§aTarwen': NEW -> WAITING (tooltipMissingItems)
14:10:47 Visitor status change for '§aTarwen': WAITING -> REFUSED (refused)
14:10:48 Visitor status change for '§aEmissary Ceanna': NEW -> WAITING (tooltipMissingItems)
14:10:59 Visitor status change for '§aEmissary Ceanna': WAITING -> READY (hasItems)
14:11:00 Visitor status change for '§aEmissary Ceanna': READY -> ACCEPTED (accepted)
14:11:01 Visitor status change for '§aRhys': NEW -> WAITING (tooltipMissingItems)
14:11:04 Visitor status change for '§aLeo': NEW -> WAITING (tooltipMissingItems)
14:11:07 Visitor status change for '§aLeo': WAITING -> REFUSED (refused)
14:11:27 Visitor status change for '§aRhys': WAITING -> READY (hasItems)
14:11:29 Visitor status change for '§aRhys': READY -> ACCEPTED (accepted)
17:46:34 Visitor status change for '§6Jerry': NEW -> WAITING (tooltipMissingItems)
17:46:51 Visitor status change for '§6Jerry': WAITING -> READY (hasItems)
17:46:52 Visitor status change for '§6Jerry': READY -> ACCEPTED (accepted)
17:46:53 Visitor status change for '§aFear Mongerer': NEW -> WAITING (tooltipMissingItems)
17:46:57 Visitor status change for '§aFear Mongerer': WAITING -> REFUSED (refused)
17:46:59 Visitor status change for '§aAnita': NEW -> WAITING (tooltipMissingItems)
17:47:00 Visitor status change for '§aAnita': WAITING -> REFUSED (refused)
17:47:02 Visitor status change for '§9Old Man Garry': NEW -> WAITING (tooltipMissingItems)
17:47:04 Visitor status change for '§9Old Man Garry': WAITING -> REFUSED (refused)
17:47:05 Visitor status change for '§aGeonathan Greatforge': NEW -> WAITING (tooltipMissingItems)
17:47:25 Visitor status change for '§aGeonathan Greatforge': WAITING -> READY (hasItems)
17:47:26 Visitor status change for '§aGeonathan Greatforge': READY -> ACCEPTED (accepted)
