12:58:31 [allowed] §f §r§r§r§f §r§r§r§1 §r§r§r§0 §r§r§r§2 §r§r§r§f §r§r§r§f §r§r§r§2 §r§r§r§0 §r§r§r§4 §r§r§r§3 §r§r§r§9 §r§r§r§2 §r§r§r§0 §r§r§r§0 §r§r§r§3 §r§r§r§9 §r§r§r§2 §r§r§r§0 §r§r§r§0 §r§r§r§3 §r§r§r§9 §r§r§r§2 §r§r§r§0 §r§r§r§0 
12:58:31 [allowed] §b[MVP§f+§b] Firemage_X§f §6joined the lobby!
12:58:31 [allowed] §aYou have §b20 §aunclaimed leveling rewards!
12:58:31 [allowed] §eClick here to view them!
12:58:31 [allowed] §aYou have §67 §aunclaimed achievement rewards!
12:58:31 [allowed] §eClick here to view them!
12:58:31 [allowed] §b[MVP§c+§b] JustAPlqyer§f §6joined the lobby!
12:58:33 [allowed] §b[MVP§2+§b] BazilPepper333§f §6joined the lobby!
12:58:35 [allowed] §b[MVP§c+§b] _Jafati_FalconLP§f §6joined the lobby!
12:58:35 [allowed] §b[MVP§c+§b] Moliya087§f §6joined the lobby!
12:58:35 [allowed] §7Sending to server mini36CT...
12:58:36 [allowed] §8 §r§8 §r§1 §r§3 §r§3 §r§7 §r§8 
12:58:37 [allowed] §cYou are sending commands too fast! Please slow down.
12:58:38 [allowed] 
12:58:38 [allowed] §eWelcome to §r§aHypixel SkyBlock§r§e!
12:58:38 [allowed] 
12:58:38 [allowed] §eLatest update: §bSkyBlock v0.20.8 §e§lCLICK
12:58:39 [allowed] §aYou are playing on profile: §ePineapple§b (Co-op)
12:58:39 [allowed] §8Profile ID: 6accdd30-5c34-4840-99a1-da8b87d5f229
12:58:40 [SKYMALL] §bNew day! §r§eYour §r§2Sky Mall §r§ebuff changed!
12:58:40 [SKYMALL] §eNew buff§r§r§r: §r§fGain §r§6+100⸕ Mining Speed§r§f.
12:58:40 [SKYMALL] §8§oYou can disable this messaging by toggling Sky Mall in your /hotm!
12:58:44 [allowed] §aTeleported you to §r§aThe Barn§r§a!
12:58:48 [allowed] §e[NPC] §aXalx§f: §r§fHello gardener, I've been looking for some sugar to grow my new crop. Wanna try it?
12:59:06 [allowed] §e[NPC] §9Iron Forger§f: §r§fI've recently got into cooking, yesterday I made pasta carbonara, today I'm planning on baking a carrot cake.
12:59:10 [GARDEN_VISITOR_MESSAGE] §e[NPC] §9Iron Forger§f: §r§fWill have to order some food today then.
12:59:10 [allowed] §e[NPC] §9Tia the Fairy§f: §rYou are currently missing §d44 §fFairy Souls. Better get to work!
12:59:22 [allowed] §6[Bazaar] §r§7Executing instant buy...
12:59:22 [allowed] §6[Bazaar] §r§7Bought §r§a181§r§7x §r§aEnchanted Sugar §r§7for §r§6121,994 coins§r§7!
12:59:30 [allowed] §6[Bazaar] §r§7Executing instant buy...
12:59:30 [allowed] §6[Bazaar] §r§7Bought §r§a433§r§7x §r§aEnchanted Cactus Green §r§7for §r§6355,320 coins§r§7!
12:59:33 [allowed] §6§lOFFER ACCEPTED §r§8with §r§aXalx §r§8(§r§a§lUNCOMMON§r§8)
12:59:33 [allowed] 
12:59:33 [allowed]   §r§a§lREWARDS
12:59:33 [allowed]     §r§8+§r§215 §r§7Garden Experience
12:59:33 [allowed]     §r§8+§r§32.9k §r§7Farming XP
12:59:33 [allowed]     §r§8+§r§c20 Copper
12:59:33 [allowed]     §r§7§fMysterious Crop
12:59:33 [allowed] 
12:59:33 [GARDEN_VISITOR_MESSAGE] §e[NPC] §aXalx§f: §r§fDarn humans, you don't understand how to use things...
12:59:34 [allowed] §6§lOFFER ACCEPTED §r§8with §r§9Tia the Fairy §r§8(§r§9§lRARE§r§8)
12:59:34 [allowed] 
12:59:34 [allowed]   §r§a§lREWARDS
12:59:34 [allowed]     §r§8+§r§230 §r§7Garden Experience
12:59:34 [allowed]     §r§8+§r§38.3k §r§7Farming XP
12:59:34 [allowed]     §r§8+§r§c63 Copper
12:59:34 [allowed] 
12:59:34 [GARDEN_VISITOR_MESSAGE] §e[NPC] §9Tia the Fairy§f: §rThat's exactly what I needed!
12:59:35 [GARDEN_VISITOR_MESSAGE] §e[NPC] §aGuy§f: §r§fHeard you may got some mushrooms...I've been looking for some...
12:59:38 [GARDEN_VISITOR_MESSAGE] §e[NPC] §aGuy§f: §r§fOh man gee, that's awful man, call me when you got 'em alright?
12:59:39 [GARDEN_VISITOR_MESSAGE] §e[NPC] §aLumber Jack§f: §r§fMy assistant is feeling off, and I think we could do with a hearty meal. Do you think you can help us out?
12:59:41 [GARDEN_VISITOR_MESSAGE] §e[NPC] §aLumber Jack§f: §r§fI thought you'd be more thankful for the sweet axe my assistant gave you.
12:59:55 [allowed] §7Warping...
12:59:55 [allowed] §7Sending to server mini100AK...
12:59:55 [allowed] §8 §r§8 §r§1 §r§3 §r§3 §r§7 §r§8 
12:59:59 [allowed] §aYou are playing on profile: §ePineapple§b (Co-op)
12:59:59 [allowed] §8Profile ID: 6accdd30-5c34-4840-99a1-da8b87d5f229
13:01:29 [allowed] §6§lRARE REWARD! §r§anikan110 §r§efound a §r§5Fuming Potato Book §r§ein their Bedrock Chest§r§e!
13:01:39 [allowed] §aRefreshing...
13:06:39 [allowed] §f §r§r§r§f §r§r§r§1 §r§r§r§0 §r§r§r§2 §r§r§r§f §r§r§r§f §r§r§r§2 §r§r§r§0 §r§r§r§4 §r§r§r§3 §r§r§r§9 §r§r§r§2 §r§r§r§0 §r§r§r§0 §r§r§r§3 §r§r§r§9 §r§r§r§2 §r§r§r§0 §r§r§r§0 §r§r§r§3 §r§r§r§9 §r§r§r§2 §r§r§r§0 §r§r§r§0 
13:06:39 [allowed] §b[MVP§f+§b] Firemage_X§f §6joined the lobby!
13:06:39 [allowed] §aYou have §b20 §aunclaimed leveling rewards!
13:06:39 [allowed] §eClick here to view them!
13:06:39 [allowed] §aYou have §67 §aunclaimed achievement rewards!
13:06:39 [allowed] §eClick here to view them!
13:06:41 [allowed] §7Sending to server mini100AK...
13:06:41 [allowed] §8 §r§8 §r§1 §r§3 §r§3 §r§7 §r§8 
13:06:42 [allowed] §aYou earned §r§2131 GEXP §r§afrom playing SkyBlock!
13:06:42 [allowed] §cThere are blocks in the way!
13:06:43 [allowed] 
13:06:43 [allowed] §eWelcome to §r§aHypixel SkyBlock§r§e!
13:06:43 [allowed] 
13:06:43 [allowed] §eLatest update: §bSkyBlock v0.20.8 §e§lCLICK
13:06:44 [allowed] §aYou are playing on profile: §ePineapple§b (Co-op)
13:06:44 [allowed] §8Profile ID: 6accdd30-5c34-4840-99a1-da8b87d5f229
13:06:45 [allowed] §aRefreshing...
13:06:46 [allowed] §aAttempting to add you to the party...
13:06:46 [allowed] §dParty Finder §r§f> §r§bFiremage_X §r§ejoined the dungeon group! (§r§bArcher Level 32§r§e)
13:06:47 [allowed] §cYou have just sent a join request recently! Try again in a few seconds.
13:06:51 [allowed] §dParty Finder §r§f> §r§bironMANI_ §r§ejoined the dungeon group! (§r§bBerserk Level 33§r§e)
13:06:53 [allowed] §8[§r§2161§r§8] §r§7ᛃ §r§b[MVP§r§f+§r§b] Firemage_X§r§f: i pd
13:06:55 [allowed] §aYou are now in the §r§6PARTY§r§a channel
13:06:56 [allowed] §9Party §8> §b[MVP§f+§b] Firemage_X§f: §ri pd
13:06:59 [allowed] §7Warping you to the hub island...
13:06:59 [allowed] §7Sending to server mini142BV...
13:07:00 [allowed] §8 §r§8 §r§1 §r§3 §r§3 §r§7 §r§8 
13:07:03 [allowed] §aYou are playing on profile: §ePineapple§b (Co-op)
13:07:03 [allowed] §8Profile ID: 6accdd30-5c34-4840-99a1-da8b87d5f229
13:07:07 [allowed] §dParty Finder §r§f> §r§7SaTwi §r§ejoined the dungeon group! (§r§bMage Level 36§r§e)
13:07:11 [allowed] §aYou summoned your §r§6Blue Whale§r§a!
13:07:15 [allowed] §9§m-----------------------------
§r§b[MVP§r§2+§r§b] Antoni_o§r§f §r§eentered §r§aThe Catacombs§r§e, §r§eFloor VII§r§e!
§r§9§m-----------------------------
13:07:16 [allowed] §cThere are blocks in the way!
13:07:18 [allowed] §7Sending to server mini6BC...
13:07:19 [allowed] §8 §r§8 §r§1 §r§3 §r§3 §r§7 §r§8 
13:07:21 [allowed] §bironMANI_§r§a is now ready!
13:07:21 [allowed] §7SaTwi§r§a is now ready!
13:07:21 [allowed] §bFiremage_X§r§a is now ready!
13:07:21 [allowed] §bJohan_Bergstein§r§a is now ready!
13:07:21 [allowed] §bAntoni_o§r§a is now ready!
13:07:22 [allowed] §aStarting in 4 seconds.
13:07:22 [allowed] §aYou are playing on profile: §ePineapple§b (Co-op)
13:07:22 [allowed] §8Profile ID: 6accdd30-5c34-4840-99a1-da8b87d5f229
13:07:23 [allowed] §aStarting in 3 seconds.
13:07:24 [allowed] §aStarting in 2 seconds.
13:07:25 [allowed] §aStarting in 1 second.
13:07:26 [allowed] §6Your §r§aArcher §r§6stats are doubled because you are the only player using this class!
13:07:26 [allowed] §a[Archer] §r§fExtra Arrow Chance §r§c82%§r§f -> §r§a132%
13:07:26 [allowed] §a[Archer] §r§fArrow Damage §r§c201.2%§r§f -> §r§a251.2%
13:07:26 [allowed] §e[NPC] §bMort§f: §rHere, I found this map when I first entered the dungeon.
13:07:28 [allowed] §e[NPC] §bMort§f: §rYou should find it useful if you get lost.
13:07:30 [allowed] §e[NPC] §bMort§f: §rGood luck.
13:07:31 [allowed] §eYour bone plating reduced the damage you took by §r§c1,885.9§r§e!
13:07:31 [allowed] §cThere are blocks in the way!
13:07:32 [allowed] §cThere are blocks in the way!
13:07:33 [allowed] §cThere are blocks in the way!
13:07:33 [allowed] §b[MVP§r§c+§r§b] ironMANI_§r§f §r§ehas obtained §r§a§r§6Revive Stone§r§e!
13:07:33 [allowed] §cThere are blocks in the way!
13:07:34 [allowed] §cThere are blocks in the way!
13:07:37 [allowed] §b[MVP§r§f+§r§b] Firemage_X§r§f §r§ehas obtained §r§a§r§6§r§8Wither Key§r§e!
13:07:37 [allowed] §e§lRIGHT CLICK §r§7on §r§7a §r§8WITHER §r§7door§r§7 to open it. This key can only be used to open §r§a1§r§7 door!
13:07:37 [allowed] §b[MVP§r§f+§r§b] Firemage_X§r§f §r§ehas obtained §r§a§r§9Superboom TNT§r§e!
13:07:38 [allowed] §a§r§bironMANI_§r§a opened a §r§8§lWITHER §r§adoor!
13:07:43 [allowed] §eA §r§a§r§dBlessing of Wisdom§r§e was picked up!
13:07:43 [allowed] §6§lDUNGEON BUFF! §r§fA §r§dBlessing of Wisdom V§r§f was found! (§r§a16s§r§f)
13:07:43 [allowed]      §r§7Granted you §r§a§r§a+24§r§7 & §r§a+1.12x §r§b✎ Intelligence §r§7and §r§a+24 §r§f✦ Speed§r§7.
13:07:43 [allowed] §aYou have teleported to §r§7SaTwi§r§a!
13:07:46 [allowed] §cThere are blocks in the way!
13:07:48 [allowed] §6Rapid Fire§r§a is ready to use! Press §r§6§lDROP§r§a to activate it!
13:07:49 [allowed] §cThere are blocks in the way!
13:07:50 [allowed] §a§lPUZZLE SOLVED! §r§bironMANI_ §r§ewasn't fooled by §r§cWinona§r§e! §r§4G§r§co§r§6o§r§ed§r§a §r§2j§r§bo§r§3b§r§5!
13:07:50 [allowed] §e§lArcher Milestone §r§e❶§r§7: You have dealt §r§c750,000§r§7 Ranged Damage so far! §r§a24s
13:07:52 [allowed] §7SaTwi§r§7 §r§ehas obtained §r§a§r§dBlessing of Stone§r§e!
13:07:52 [allowed] §6§lDUNGEON BUFF! §r§7SaTwi §r§ffound a §r§dBlessing of Stone V§r§f! (§r§a25s§r§f)
13:07:52 [allowed]      §r§7Granted you §r§a§r§a+24§r§7 & §r§a+1.12x §r§a❈ Defense §r§7and §r§a+36 §r§c❁ Damage§r§7.
13:07:52 [allowed] §6§lDUNGEON BUFF! §r§bironMANI_ §r§ffound a §r§dBlessing of Life V§r§f!
13:07:52 [allowed]      §r§7Granted you §r§a§r§a+1.18x HP §r§7and §r§a§r§a+1.18x §r§c❣ Health Regen§r§7.
13:07:52 [allowed] §eYour bone plating reduced the damage you took by §r§c2,564.2§r§e!
13:07:52 [allowed] §e§lArcher Milestone §r§e❷§r§7: You have dealt §r§c3,750,000§r§7 Ranged Damage so far! §r§a26s
13:07:52 [allowed] §7SaTwi§r§7 §r§ehas obtained §r§a§r§6§r§8Wither Key§r§e!
13:07:52 [allowed] §e§lRIGHT CLICK §r§7on §r§7a §r§8WITHER §r§7door§r§7 to open it. This key can only be used to open §r§a1§r§7 door!
13:07:52 [allowed] §7SaTwi§r§7 §r§ehas obtained §r§a§r§9Superboom TNT§r§e!
13:07:53 [allowed] §6§lRARE DROP! §r§5Earth Shard §r§b(+§r§b96% §r§b✯ Magic Find§r§b)
13:07:53 [allowed] §b[MVP§r§f+§r§b] Johan_Bergstein§r§f §r§ehas obtained §r§a§r§9Superboom TNT§r§e!
13:07:59 [allowed] §b[MVP§r§f+§r§b] Firemage_X§r§f §r§ehas obtained §r§a§r§9Superboom TNT§r§e!
13:07:59 [allowed] §a§r§7SaTwi§r§a opened a §r§8§lWITHER §r§adoor!
13:08:03 [allowed] §7SaTwi§r§7 §r§ehas obtained §r§a§r§6§r§8Wither Key§r§e!
13:08:03 [allowed] §e§lRIGHT CLICK §r§7on §r§7a §r§8WITHER §r§7door§r§7 to open it. This key can only be used to open §r§a1§r§7 door!
13:08:03 [allowed] §7SaTwi§r§7 §r§ehas obtained §r§a§r§9Superboom TNT§r§e!
13:08:06 [allowed] §b[MVP§r§2+§r§b] Antoni_o§r§f §r§ehas obtained §r§a§r§dBlessing of Power§r§e!
13:08:06 [allowed] §6§lDUNGEON BUFF! §r§bAntoni_o §r§ffound a §r§dBlessing of Power V§r§f! (§r§a40s§r§f)
13:08:06 [allowed]      §r§7Granted you §r§a§r§a+24§r§7 & §r§a+1.12x §r§c❁ Strength§r§7.
13:08:06 [allowed]      §r§7Also granted you §r§a§r§a+24§r§7 & §r§a+1.12x §r§9☠ Crit Damage§r§7.
13:08:06 [allowed] §a§r§7SaTwi§r§a opened a §r§8§lWITHER §r§adoor!
13:08:09 [allowed] §b[MVP§r§c+§r§b] ironMANI_§r§f §r§ehas obtained §r§a§r§9Superboom TNT§r§e!
13:08:10 [allowed] §b[MVP§r§f+§r§b] Johan_Bergstein§r§f §r§ehas obtained §r§a§r§9Superboom TNT§r§e!
13:08:14 [allowed] §bJohan_Bergstein §r§ffound a §r§dWither Essence§r§f! Everyone gains an extra essence!
13:08:15 [allowed] §cOops! You stepped on the wrong block!
13:08:15 [allowed] §b[MVP§r§c+§r§b] ironMANI_§r§f §r§ehas obtained §r§a§r§9Superboom TNT§r§e!
13:08:19 [allowed] §6Rapid Fire§r§a is ready to use! Press §r§6§lDROP§r§a to activate it!
13:08:21 [allowed] §b[MVP§r§c+§r§b] ironMANI_§r§f §r§ehas obtained §r§a§r§9Superboom TNT§r§e!
13:08:27 [allowed] §7SaTwi§r§7 §r§ehas obtained §r§a§r§c§r§cBlood Key§r§e!
13:08:27 [allowed] §e§lRIGHT CLICK §r§7on §r§7the §r§cBLOOD DOOR§r§7 to open it. This key can only be used to open §r§a1§r§7 door!
13:08:27 [allowed] §7SaTwi§r§7 §r§ehas obtained §r§a§r§9Superboom TNT§r§e!
13:08:28 [allowed] §cThe §r§c§lBLOOD DOOR§r§c has been opened!
13:08:28 [allowed] §5A shiver runs down your spine...
13:08:28 [allowed] §c[BOSS] The Watcher§r§f: Things feel a little more roomy now, eh?
13:08:32 [allowed] §c[BOSS] The Watcher§r§f: I've knocked down those pillars to go for a §r§fmore...open§r§f concept.
13:08:35 [allowed] §6§lDUNGEON BUFF! §r§bironMANI_ §r§ffound a §r§dBlessing of Life V§r§f!
13:08:35 [allowed]      §r§7Granted you §r§a§r§a+1.18x HP §r§7and §r§a§r§a+1.18x §r§c❣ Health Regen§r§7.
13:08:36 [allowed] §aYou used your §r§6Mining Speed Boost §r§aPickaxe Ability!
13:08:36 [allowed] §c[BOSS] The Watcher§r§f: Plus I needed to give my new friends some space to roam...
13:08:37 [allowed] §cYour pickaxe ability is on cooldown for 120s.
13:08:37 [allowed] §6§lDUNGEON BUFF! §r§fYou found a §r§dBlessing of Wisdom V§r§f!
13:08:37 [allowed]      §r§7Granted you §r§a§r§a+24§r§7 & §r§a+1.12x §r§b✎ Intelligence §r§7and §r§a+24 §r§f✦ Speed§r§7.
13:08:38 [allowed] §cThere are blocks in the way!
13:08:38 [allowed] §cThere are blocks in the way!
13:08:38 [allowed] §6§lDUNGEON BUFF! §r§fYou found a §r§dBlessing of Wisdom V§r§f!
13:08:38 [allowed]      §r§7Granted you §r§a§r§a+24§r§7 & §r§a+1.12x §r§b✎ Intelligence §r§7and §r§a+24 §r§f✦ Speed§r§7.
13:08:43 [allowed] §c[BOSS] The Watcher§r§f: This guy looks like a fighter.
13:08:45 [allowed] §cThere are blocks in the way!
13:08:45 [allowed] §aYou found a Secret Redstone Key!
13:08:46 [allowed] §cYour Mining Speed Boost has expired!
13:08:46 [allowed] §c[BOSS] The Watcher§r§f: Go, fight!
13:08:48 [allowed] §cThere are blocks in the way!
13:08:49 [allowed] §7§oYou hear something open...
13:08:49 [allowed] §6Rapid Fire§r§a is ready to use! Press §r§6§lDROP§r§a to activate it!
13:08:49 [allowed] §c[BOSS] The Watcher§r§f: I'm impressed.
13:08:50 [allowed] §cThere are blocks in the way!
13:08:50 [allowed] §6§lDUNGEON BUFF! §r§bJohan_Bergstein §r§ffound a §r§dBlessing of Power V§r§f!
13:08:50 [allowed]      §r§7Granted you §r§a§r§a+24§r§7 & §r§a+1.12x §r§c❁ Strength§r§7.
13:08:50 [allowed]      §r§7Also granted you §r§a§r§a+24§r§7 & §r§a+1.12x §r§9☠ Crit Damage§r§7.
13:08:51 [allowed] §cThere are blocks in the way!
13:08:51 [allowed] §cThere are blocks in the way!
13:08:51 [allowed] §c[BOSS] The Watcher§r§f: Let's see how you can handle this.
13:08:52 [allowed] §6§lDUNGEON BUFF! §r§bAntoni_o §r§ffound a §r§dBlessing of Stone I§r§f!
13:08:52 [allowed]      §r§7Granted you §r§a§r§a+4.8§r§7 & §r§a+1.02x §r§a❈ Defense §r§7and §r§a+7.2 §r§c❁ Damage§r§7.
13:08:52 [allowed] §cThere are blocks in the way!
13:08:52 [allowed] §cThere are blocks in the way!
13:08:52 [allowed] §cYou hear the sound of something opening...
13:08:56 [allowed] §6§lDUNGEON BUFF! §r§fYou found a §r§dBlessing of Life II§r§f!
13:08:56 [allowed]      §r§7Granted you §r§a§r§a+1.07x HP §r§7and §r§a§r§a+1.07x §r§c❣ Health Regen§r§7.
13:08:57 [allowed] §c[BOSS] The Watcher§r§f: This guy looks like a fighter.
13:09:00 [allowed] §6§lDUNGEON BUFF! §r§7SaTwi §r§ffound a §r§dBlessing of Wisdom II§r§f!
13:09:00 [allowed]      §r§7Granted you §r§a§r§a+9.6§r§7 & §r§a+1.05x §r§b✎ Intelligence §r§7and §r§a+9.6 §r§f✦ Speed§r§7.
13:09:00 [allowed] §aYou have teleported to §r§7SaTwi§r§a!
13:09:00 [allowed] §c[BOSS] The Watcher§r§f: Go, fight!
13:09:01 [allowed] §cThere are blocks in the way!
13:09:02 [allowed] §cThere are blocks in the way!
13:09:03 [allowed] §cThere are blocks in the way!
13:09:05 [allowed] §eYour bone plating reduced the damage you took by §r§c3,138.3§r§e!
13:09:07 [allowed] §c[BOSS] The Watcher§r§f: Hmmm... this one!
13:09:08 [allowed] §7SaTwi §r§ffound a §r§dWither Essence§r§f! Everyone gains an extra essence!
13:09:11 [allowed] §9Party §8> §b[MVP§f+§b] Firemage_X§f: §rSkytils-SC > 270 score
13:09:11 [allowed] §9Party §8> §b[MVP§c+§b] ironMANI_ §7♲§f: §rSkytils-SC > 270 score
13:09:12 [allowed] §6§lDUNGEON BUFF! §r§bAntoni_o §r§ffound a §r§dBlessing of Power V§r§f!
13:09:12 [allowed]      §r§7Granted you §r§a§r§a+24§r§7 & §r§a+1.12x §r§c❁ Strength§r§7.
13:09:12 [allowed]      §r§7Also granted you §r§a§r§a+24§r§7 & §r§a+1.12x §r§9☠ Crit Damage§r§7.
13:09:16 [allowed] §c[BOSS] The Watcher§r§f: You'll do.
13:09:19 [allowed] §6Rapid Fire§r§a is ready to use! Press §r§6§lDROP§r§a to activate it!
13:09:19 [allowed] §6§lDUNGEON BUFF! §r§fYou found a §r§dBlessing of Stone II§r§f!
13:09:19 [allowed]      §r§7Granted you §r§a§r§a+9.6§r§7 & §r§a+1.05x §r§a❈ Defense §r§7and §r§a+14.4 §r§c❁ Damage§r§7.
13:09:20 [allowed] §c[BOSS] The Watcher§r§f: This guy looks like a fighter.
13:09:24 [allowed] §bironMANI_ §r§ffound a §r§dWither Essence§r§f! Everyone gains an extra essence!
13:09:27 [allowed] §c[BOSS] The Watcher§r§f: I'm impressed.
13:09:29 [allowed] §eYour bone plating reduced the damage you took by §r§c3,434§r§e!
13:09:29 [allowed] §c[BOSS] The Watcher§r§f: That one was weak anyway.
13:09:30 [allowed] §bironMANI_ §r§ffound a §r§dWither Essence§r§f! Everyone gains an extra essence!
13:09:30 [allowed] §6§lDUNGEON BUFF! §r§7SaTwi §r§ffound a §r§dBlessing of Wisdom I§r§f!
13:09:30 [allowed]      §r§7Granted you §r§a§r§a+4.8§r§7 & §r§a+1.02x §r§b✎ Intelligence §r§7and §r§a+4.8 §r§f✦ Speed§r§7.
13:09:31 [allowed] §c[BOSS] The Watcher§r§f: This guy looks like a fighter.
13:09:34 [allowed] §c[BOSS] The Watcher§r§f: Aw, I liked that one.
13:09:35 [allowed] §bJohan_Bergstein §r§ffound a §r§dWither Essence§r§f! Everyone gains an extra essence!
13:09:36 [allowed] §bJohan_Bergstein §r§ffound a §r§dWither Essence§r§f! Everyone gains an extra essence!
13:09:36 [allowed] §c[BOSS] The Watcher§r§f: Go, fight!
13:09:37 [allowed] §cThere are blocks in the way!
13:09:38 [allowed] §cThere are blocks in the way!
13:09:39 [allowed] §c[BOSS] The Watcher§r§f: This guy looks like a fighter.
13:09:41 [allowed] §e§lArcher Milestone §r§e❸§r§7: You have dealt §r§c15,000,000§r§7 Ranged Damage so far! §r§a02m 15s
13:09:42 [allowed] §c[BOSS] The Watcher§r§f: I'm impressed.
13:09:44 [allowed] §c[BOSS] The Watcher§r§f: Aw, I liked that one.
13:09:47 [allowed] §c[BOSS] The Watcher§r§f: Hmmm... this one!
13:09:47 [allowed] §c[BOSS] The Watcher§r§f: You have proven yourself. You may pass.
13:09:48 [allowed] §eYour bone plating reduced the damage you took by §r§c2,511.5§r§e!
13:09:49 [allowed] §6Rapid Fire§r§a is ready to use! Press §r§6§lDROP§r§a to activate it!
13:09:50 [allowed] §6§lDUNGEON BUFF! §r§bJohan_Bergstein §r§ffound a §r§dBlessing of Stone I§r§f!
13:09:50 [allowed]      §r§7Granted you §r§a§r§a+4.8§r§7 & §r§a+1.02x §r§a❈ Defense §r§7and §r§a+7.2 §r§c❁ Damage§r§7.
13:09:51 [COMPACT_POTION_EFFECT] §a§lBUFF! §fYou have gained §r§4Regeneration IV§r§f! Press TAB or type /effects to view your active effects!
13:09:51 [COMPACT_POTION_EFFECT] §a§lBUFF! §fYou have gained §r§4Strength V§r§f! Press TAB or type /effects to view your active effects!
13:09:51 [COMPACT_POTION_EFFECT] §a§lBUFF! §fYou have gained §r§4Critical III§r§f! Press TAB or type /effects to view your active effects!
13:09:51 [COMPACT_POTION_EFFECT] §a§lBUFF! §fYou have gained §r§9Speed IV§r§f! Press TAB or type /effects to view your active effects!
13:09:51 [COMPACT_POTION_EFFECT] §a§lBUFF! §fYou have gained §r§aResistance V§r§f! Press TAB or type /effects to view your active effects!
13:09:51 [COMPACT_POTION_EFFECT] §a§lBUFF! §fYou have gained §r§bArchery III§r§f! Press TAB or type /effects to view your active effects!
13:09:51 [allowed] §aYou can no longer consume or splash any potions during the remainder of this Dungeon run!
13:09:53 [allowed] §7SaTwi§r§7 §r§ehas obtained §r§a§r§dBlessing of Life§r§e!
13:09:53 [allowed] §6§lDUNGEON BUFF! §r§7SaTwi §r§ffound a §r§dBlessing of Life V§r§f! (§r§a02m 27s§r§f)
13:09:53 [allowed]      §r§7Granted you §r§a§r§a+1.18x HP §r§7and §r§a§r§a+1.18x §r§c❣ Health Regen§r§7.
13:09:53 [allowed] §7SaTwi§r§7 §r§ehas obtained §r§a§r§dBlessing of Power§r§e!
13:09:53 [allowed] §6§lDUNGEON BUFF! §r§7SaTwi §r§ffound a §r§dBlessing of Power V§r§f! (§r§a02m 27s§r§f)
13:09:53 [allowed]      §r§7Granted you §r§a§r§a+24§r§7 & §r§a+1.12x §r§c❁ Strength§r§7.
13:09:53 [allowed]      §r§7Also granted you §r§a§r§a+24§r§7 & §r§a+1.12x §r§9☠ Crit Damage§r§7.
13:09:56 [allowed] §6§lDUNGEON BUFF! §r§bJohan_Bergstein §r§ffound a §r§dBlessing of Life I§r§f!
13:09:56 [allowed]      §r§7Granted you §r§a§r§a+1.04x HP §r§7and §r§a§r§a+1.04x §r§c❣ Health Regen§r§7.
13:09:58 [allowed] §bironMANI_ §r§ffound a §r§dWither Essence§r§f! Everyone gains an extra essence!
13:09:58 [allowed] §aYou sold §r§6Revive Stone§r§8 x1 §r§afor §r§61 Coin§r§a!
13:09:58 [allowed] §aYou sold §r§5Healing VIII Splash Potion§r§8 x1 §r§afor §r§622,833 Coins§r§a!
13:09:59 [allowed] §aYou sold §r§5Fierce Super Heavy Helmet§r§8 x1 §r§afor §r§637 Coins§r§a!
13:09:59 [allowed] §aYou sold §r§5Odd Earth Shard§r§8 x1 §r§afor §r§6207 Coins§r§a!
13:09:59 [allowed] §aYou sold §r§aEnchanted Rotten Flesh§r§8 x1 §r§afor §r§6320 Coins§r§a!
13:10:03 [allowed] §6§lESSENCE! §r§bironMANI_ §r§ffound §r§bx10 Ice Essence§r§f!
13:10:10 [allowed] §6§lDUNGEON BUFF! §r§bAntoni_o §r§ffound a §r§dBlessing of Power I§r§f!
13:10:10 [allowed]      §r§7Granted you §r§a§r§a+4.8§r§7 & §r§a+1.02x §r§c❁ Strength§r§7.
13:10:10 [allowed]      §r§7Also granted you §r§a§r§a+4.8§r§7 & §r§a+1.02x §r§9☠ Crit Damage§r§7.
13:10:17 [allowed] §6§lDUNGEON BUFF! §r§bAntoni_o §r§ffound a §r§dBlessing of Life II§r§f!
13:10:17 [allowed]      §r§7Granted you §r§a§r§a+1.07x HP §r§7and §r§a§r§a+1.07x §r§c❣ Health Regen§r§7.
13:10:20 [allowed] §6Rapid Fire§r§a is ready to use! Press §r§6§lDROP§r§a to activate it!
13:10:24 [allowed] §9Party §8> §b[MVP§f+§b] Firemage_X§f: §rSkytils-SC > 300 score
13:10:24 [allowed] §9Party §8> §b[MVP§2+§b] Antoni_o§f: §rSkytils-SC > 300% chance for handle
13:10:24 [allowed] §9Party §8> §b[MVP§f+§b] Johan_Bergstein §7♲§f: §rSkytils-SC > 300 score
13:10:24 [allowed] §9Party §8> §b[MVP§c+§b] ironMANI_ §7♲§f: §rSkytils-SC > 300 score
13:10:26 [allowed] §4[BOSS] Maxor§r§c: §r§cWELL! WELL! WELL! LOOK WHO'S HERE!
13:10:29 [allowed] §4[BOSS] Maxor§r§c: §r§cI'VE BEEN TOLD I COULD HAVE A BIT OF FUN WITH YOU.
13:10:32 [allowed] §4[BOSS] Maxor§r§c: §r§cDON'T DISAPPOINT ME, I HAVEN'T HAD A GOOD FIGHT IN A WHILE.
13:10:32 [allowed] §eYour bone plating reduced the damage you took by §r§c2,413.3§r§e!
13:10:34 [allowed] §7SaTwi§r§a picked up an §r§bEnergy Crystal§r§a!
13:10:34 [allowed] §bAntoni_o§r§a picked up an §r§bEnergy Crystal§r§a!
13:10:36 [allowed] §c1§r§a/2 Energy Crystals are now active!
13:10:36 [allowed] §a§r§6Mining Speed Boost §r§ais now available!
13:10:37 [allowed] §c1§r§a/2 Energy Crystals are now active!
13:10:38 [allowed] §aThe Energy Laser is charging up!
13:10:44 [allowed] §4[BOSS] Maxor§r§c: §r§cYOU TRICKED ME!
13:10:46 [allowed] §dCreeper Veil §r§aActivated!
13:10:46 [allowed] §bironMANI_§r§a picked up an §r§bEnergy Crystal§r§a!
13:10:46 [allowed] §7SaTwi§r§a picked up an §r§bEnergy Crystal§r§a!
13:10:47 [allowed] §dCreeper Veil §r§cDe-activated!
13:10:48 [allowed] §c1§r§a/2 Energy Crystals are now active!
13:10:49 [allowed] §a§lYou healed yourself for 176.7 health!
13:10:49 [allowed] §eYour bone plating reduced the damage you took by §r§c2,413.3§r§e!
13:10:50 [allowed] §6Rapid Fire§r§a is ready to use! Press §r§6§lDROP§r§a to activate it!
13:10:51 [allowed] §a2§r§a/2 Energy Crystals are now active!
13:10:52 [allowed] §aThe Energy Laser is charging up!
13:10:54 [allowed] §4[BOSS] Maxor§r§c: §r§cTHAT BEAM! IT HURTS! IT HURTS!!
13:10:55 [allowed] §c⚠ Maxor is enraged! ⚠
13:10:56 [allowed] §c⚠ Maxor is enraged! ⚠
13:10:58 [allowed] §dCreeper Veil §r§aActivated!
13:10:58 [allowed] §4[BOSS] Maxor§r§c: §r§cYOUR MOBILITY TRICKS DON'T WORK IN MY DOMAIN!
13:11:01 [allowed] §dCreeper Veil §r§cDe-activated!
13:11:01 [allowed] §4[BOSS] Maxor§r§c: §r§cHow about you taste some rapid fire Wither Skulls!
13:11:04 [allowed] §7SaTwi§r§a picked up an §r§bEnergy Crystal§r§a!
13:11:05 [allowed] §eYour bone plating reduced the damage you took by §r§c2,413.3§r§e!
13:11:05 [allowed] §cThis ability is on cooldown for 1s.
13:11:06 [allowed] §dCreeper Veil §r§aActivated!
13:11:06 [allowed] §c1§r§a/2 Energy Crystals are now active!
13:11:08 [allowed] §dCreeper Veil §r§cDe-activated!
13:11:08 [allowed] §bironMANI_§r§a picked up an §r§bEnergy Crystal§r§a!
13:11:09 [allowed] §a§lYou healed yourself for 920 health!
13:11:09 [allowed] §a§lYou healed yourself for 920 health!
13:11:11 [allowed] §a2§r§a/2 Energy Crystals are now active!
13:11:12 [allowed] §aThe Energy Laser is charging up!
13:11:15 [allowed] §4[BOSS] Maxor§r§c: §r§cTime for me to blast you away for good!
13:11:20 [allowed] §6Rapid Fire§r§a is ready to use! Press §r§6§lDROP§r§a to activate it!
13:11:22 [allowed] §eYour bone plating reduced the damage you took by §r§c2,413.3§r§e!
13:11:26 [allowed] §4[BOSS] Maxor§r§c: §r§cTHAT BEAM! IT HURTS! IT HURTS!!
13:11:30 [allowed] §4[BOSS] Maxor§r§c: §r§cI'M TOO YOUNG TO DIE AGAIN!
13:11:32 [allowed] §4[BOSS] Storm§r§c: §r§cPathetic Maxor, just like expected.
13:11:35 [allowed] §4[BOSS] Storm§r§c: §r§cDon't boast about beating this simple-minded Wither.
13:11:36 [allowed] §aYou used your §r§6Mining Speed Boost §r§aPickaxe Ability!
13:11:36 [allowed] §cYour pickaxe ability is on cooldown for 120s.
13:11:37 [allowed] §cYour pickaxe ability is on cooldown for 120s.
13:11:38 [allowed] §4[BOSS] Storm§r§c: §r§cMy abilities are unparalleled, in many ways I am the last bastion.
13:11:39 [allowed] §cYour pickaxe ability is on cooldown for 118s.
13:11:39 [allowed] §cYour pickaxe ability is on cooldown for 118s.
13:11:39 [allowed] §cYour pickaxe ability is on cooldown for 118s.
13:11:39 [allowed] §cYour pickaxe ability is on cooldown for 117s.
13:11:42 [allowed] §4[BOSS] Storm§r§c: §r§cThe memory of your death will be your fondest, focus up!
13:11:42 [allowed] §cYour pickaxe ability is on cooldown for 114s.
13:11:43 [allowed] §cYour pickaxe ability is on cooldown for 114s.
13:11:43 [allowed] §cYour pickaxe ability is on cooldown for 114s.
13:11:43 [allowed] §cYour pickaxe ability is on cooldown for 113s.
13:11:44 [allowed] §cYour pickaxe ability is on cooldown for 113s.
13:11:46 [allowed] §cYour Mining Speed Boost has expired!
13:11:48 [allowed] §aYou have teleported to §r§bironMANI_§r§a!
13:11:50 [allowed] §eYour bone plating reduced the damage you took by §r§c2,413.3§r§e!
13:11:50 [allowed] §cStorm's§r§7 Lightning Fireball hit you for §r§c1,815.3§r§7 true damage.
13:11:50 [allowed] §cStorm's§r§7 Static Field hit you for §r§c12,000§r§7 damage.
13:11:51 [allowed] §6Rapid Fire§r§a is ready to use! Press §r§6§lDROP§r§a to activate it!
13:11:54 [allowed] §4[BOSS] Storm§r§c: §r§cThe power of lightning is quite phenomenal. A single strike can vaporize a person whole.
13:11:57 [allowed] §4[BOSS] Storm§r§c: §r§cI'd be happy to show you what that's like!
13:12:00 [allowed] §4[BOSS] Storm§r§c: §r§cENERGY HEED MY CALL!
13:12:05 [allowed] §eYour bone plating reduced the damage you took by §r§c3,433.5§r§e!
13:12:05 [allowed] §7A Crypt Wither Skull exploded, hitting you for §r§c21,600§r§7 damage.
13:12:10 [allowed] §dCreeper Veil §r§aActivated!
13:12:12 [allowed] §dCreeper Veil §r§cDe-activated!
13:12:14 [allowed] §aYou have teleported to §r§bironMANI_§r§a!
13:12:17 [allowed] §4[BOSS] Storm§r§c: §r§cNo more adventurers, no more heroes, death and thunder!
13:12:21 [allowed] §6Rapid Fire§r§a is ready to use! Press §r§6§lDROP§r§a to activate it!
13:12:21 [allowed] §aYou earned §r§2585 GEXP §r§afrom playing SkyBlock!
13:12:22 [allowed] §eYour bone plating reduced the damage you took by §r§c2,413.3§r§e!
13:12:26 [allowed] §dCreeper Veil §r§aActivated!
13:12:28 [allowed] §4[BOSS] Storm§r§c: §r§cOuch, that hurt!
13:12:28 [allowed] §dCreeper Veil §r§cDe-activated!
13:12:32 [allowed] §c⚠ Storm is enraged! ⚠
13:12:33 [allowed] §9Party §8> §b[MVP§f+§b] Firemage_X§f: §rleap after storm
13:12:38 [allowed] §4[BOSS] Storm§r§c: §r§cThis factory is too small for me!
13:12:40 [allowed] §aYou summoned your §r§6Skeleton§r§a!
13:12:45 [allowed] §dCreeper Veil §r§aActivated!
13:12:49 [allowed] §cStorm's§r§7 Giga Lightning hit you for §r§c7,715.3§r§7 true damage.
13:12:49 [allowed] §cStorm's§r§7 Giga Lightning hit you for §r§c7,715.3§r§7 true damage.
13:12:51 [allowed] §dCreeper Veil §r§cDe-activated!
13:12:51 [allowed] §6Rapid Fire§r§a is ready to use! Press §r§6§lDROP§r§a to activate it!
13:12:57 [allowed] §4[BOSS] Storm§r§c: §r§cOuch, that hurt!
13:13:00 [allowed] §4[BOSS] Storm§r§c: §r§cI should have known that I stood no chance.
13:13:03 [allowed] §4[BOSS] Storm§r§c: §r§cAt least my son died by your hands.
13:13:05 [allowed] §4[BOSS] Goldor§r§c: §r§cWho dares trespass into my domain?
13:13:08 [allowed] §4[BOSS] Goldor§r§c: §r§cLittle ants, plotting and scheming, thinking they are invincible…
13:13:08 [allowed] §bAntoni_o§r§a activated a terminal! (§r§c1§r§a/7)
13:13:11 [allowed] §4[BOSS] Goldor§r§c: §r§cI won't let you break the factory core, I gave my life to my Master.
13:13:11 [allowed] §eYour bone plating reduced the damage you took by §r§c2,456.6§r§e!
13:13:12 [allowed] §bironMANI_§r§a activated a terminal! (§r§c2§r§a/7)
13:13:14 [allowed] §4[BOSS] Goldor§r§c: §r§cNo one matches me in close quarters.
13:13:18 [allowed] §4[BOSS] Goldor§r§c: §r§cCloser to me!
13:13:19 [allowed] §bAntoni_o§r§a activated a terminal! (§r§c3§r§a/7)
13:13:19 [allowed] §7SaTwi§r§a activated a terminal! (§r§c4§r§a/7)
13:13:19 [allowed] §bironMANI_§r§a activated a lever! (§r§c5§r§a/7)
13:13:22 [allowed] §6Rapid Fire§r§a is ready to use! Press §r§6§lDROP§r§a to activate it!
13:13:24 [allowed] §bAntoni_o§r§a activated a lever! (§r§c6§r§a/7)
13:13:26 [allowed] §aThe gate has been destroyed!
13:13:32 [allowed] §bFiremage_X§r§a completed a device! (§r§c7§r§a/7)
13:13:32 [allowed] §4[BOSS] Goldor§r§c: §r§cThe little ants have a brain it seems.
13:13:36 [allowed] §dCreeper Veil §r§aActivated!
13:13:38 [allowed] §a§r§6Mining Speed Boost §r§ais now available!
13:13:39 [allowed] §dCreeper Veil §r§cDe-activated!
13:13:39 [allowed] §bAntoni_o§r§a activated a terminal! (§r§c1§r§a/8)
13:13:42 [allowed] §bFiremage_X§r§a completed a device! (§r§c2§r§a/8)
13:13:44 [allowed] §bironMANI_§r§a activated a terminal! (§r§c3§r§a/8)
13:13:44 [allowed] §bJohan_Bergstein§r§a activated a terminal! (§r§c4§r§a/8)
13:13:45 [allowed] §eYour bone plating reduced the damage you took by §r§c2,456.6§r§e!
13:13:46 [allowed] §bAntoni_o§r§a activated a terminal! (§r§c5§r§a/8)
13:13:47 [allowed] §bJohan_Bergstein§r§a activated a lever! (§r§c6§r§a/8)
13:13:49 [allowed] §9Party §8> §b[MVP§f+§b] Firemage_X§f: §rMelody Terminal start!
13:13:50 [allowed] §9Party §8> §b[MVP§f+§b] Firemage_X§f: §rMelody terminal is at 25%
13:13:52 [allowed] §9Party §8> §b[MVP§f+§b] Firemage_X§f: §rMelody terminal is at 50%
13:13:52 [allowed] §aThe gate has been destroyed!
13:13:52 [allowed] §9Party §8> §b[MVP§f+§b] Firemage_X§f: §rMelody terminal is at 75%
13:13:52 [allowed] §6Rapid Fire§r§a is ready to use! Press §r§6§lDROP§r§a to activate it!
13:13:53 [allowed] §bFiremage_X§r§a activated a terminal! (§r§c7§r§a/8)
13:13:54 [allowed] §4[BOSS] Goldor§r§c: §r§cCLOSER!
13:13:55 [allowed] §7SaTwi§r§a activated a lever! (§r§c8§r§a/8)
13:13:57 [allowed] §4[BOSS] Goldor§r§c: §r§cI will replace that gate with a stronger one!
13:14:02 [allowed] §eYour bone plating reduced the damage you took by §r§c2,456.6§r§e!
13:14:02 [allowed] §cThe Arrow Trap hit you for 5,143.6 damage!
13:14:04 [allowed] §bFiremage_X§r§a completed a device! (§r§c1§r§a/7)
13:14:05 [allowed] §bAntoni_o§r§a activated a terminal! (§r§c2§r§a/7)
13:14:06 [allowed] §bironMANI_§r§a activated a terminal! (§r§c3§r§a/7)
13:14:08 [allowed] §7SaTwi§r§a activated a terminal! (§r§c4§r§a/7)
13:14:08 [allowed] §a§lYou healed yourself for 247.1 health!
13:14:10 [allowed] §bironMANI_§r§a activated a lever! (§r§c5§r§a/7)
13:14:12 [allowed] §bFiremage_X§r§a activated a lever! (§r§c6§r§a/7)
13:14:14 [allowed] §aUsed §r§6Explosive Shot§r§a!
13:14:14 [allowed] §aThe gate has been destroyed!
13:14:18 [allowed] §bAntoni_o§r§a activated a terminal! (§r§c7§r§a/7)
13:14:18 [allowed] §4[BOSS] Goldor§r§c: §r§cYOUR END IS NEAR!!
13:14:21 [allowed] §eYour bone plating reduced the damage you took by §r§c2,456.6§r§e!
13:14:23 [allowed] §6Rapid Fire§r§a is ready to use! Press §r§6§lDROP§r§a to activate it!
13:14:25 [allowed] §dCreeper Veil §r§aActivated!
13:14:27 [allowed] §dCreeper Veil §r§cDe-activated!
13:14:29 [allowed] §7SaTwi§r§a activated a terminal! (§r§c1§r§a/7)
13:14:36 [allowed] §bJohan_Bergstein§r§a activated a terminal! (§r§c2§r§a/7)
13:14:39 [allowed] §7SaTwi§r§a activated a terminal! (§r§c3§r§a/7)
13:14:41 [allowed] §bironMANI_§r§a activated a terminal! (§r§c4§r§a/7)
13:14:42 [allowed] §bAntoni_o§r§a activated a lever! (§r§c5§r§a/7)
13:14:42 [allowed] §a§r§6Explosive Shot §r§ais now available!
13:14:44 [allowed] §bFiremage_X§r§a completed a device! (§r§c6§r§a/7)
13:14:45 [allowed] §bAntoni_o§r§a activated a lever! (§r§c7§r§a/7)
13:14:45 [allowed] §aThe Core entrance is opening!
13:14:51 [allowed] §4[BOSS] Goldor§r§c: §r§cYou have done it, you destroyed the factory…
13:14:53 [allowed] §6Rapid Fire§r§a is ready to use! Press §r§6§lDROP§r§a to activate it!
13:14:55 [allowed] §4[BOSS] Goldor§r§c: §r§cBut you have nowhere to hide anymore!
13:14:58 [allowed] §4[BOSS] Goldor§r§c: §r§cYOU ARE FACE TO FACE WITH GOLDOR!
13:15:01 [SKYMALL] §bNew day! §r§eYour §r§2Sky Mall §r§ebuff changed!
13:15:01 [SKYMALL] §eNew buff§r§r§r: §r§fGain §r§6+100⸕ Mining Speed§r§f.
13:15:01 [SKYMALL] §8§oYou can disable this messaging by toggling Sky Mall in your /hotm!
13:15:01 [allowed] §4[BOSS] Goldor§r§c: §r§c....
13:15:01 [allowed] §4[BOSS] Necron§r§c: §r§cYou went further than any human before, congratulations.
13:15:02 [allowed] §eYour bone plating reduced the damage you took by §r§c2,864.7§r§e!
13:15:05 [allowed] §4[BOSS] Necron§r§c: §r§cI'm afraid, your journey ends now.
13:15:06 [allowed] §4[BOSS] Goldor§r§c: §r§cNecron, forgive me.
13:15:08 [allowed] §4[BOSS] Necron§r§c: §r§cGoodbye.
13:15:08 [allowed] §dCreeper Veil §r§aActivated!
13:15:09 [allowed] §dCreeper Veil §r§cDe-activated!
13:15:11 [allowed] §4[BOSS] Necron§r§c: §r§cThat's a very impressive trick. I guess I'll have to handle this myself.
13:15:14 [allowed] §cNecron's§r§7 Nuclear Frenzy hit you for §r§c63,237.2§r§7 damage.
13:15:14 [allowed] §4[BOSS] Necron§r§c: §r§cWITNESS MY RAW NUCLEAR POWER!
13:15:15 [allowed] §aUsed §r§6Rapid Fire§r§a!
13:15:15 [allowed] §aUsed §r§6Explosive Shot§r§a!
13:15:15 [allowed] §7Your Explosive Shot hit §r§c1 §r§7enemy for §r§c10,703,071.1 §r§7damage.
13:15:20 [allowed] §4[BOSS] Necron§r§c: §r§cARGH!
13:15:23 [allowed] §4[BOSS] Necron§r§c: §r§cLet's make some space!
13:15:25 [allowed] §eYour bone plating reduced the damage you took by §r§c3,884.9§r§e!
13:15:26 [allowed] §4[BOSS] Necron§r§c: §r§cWITNESS MY RAW NUCLEAR POWER!
13:15:33 [allowed] §4[BOSS] Necron§r§c: §r§cARGH!
13:15:35 [allowed] §9Party §8> §b[MVP§f+§b] Firemage_X§f: §rgg
13:15:36 [allowed] §4[BOSS] Necron§r§c: §r§cAll this, for nothing...
13:15:41 [allowed] §a§l▬▬▬▬▬▬▬▬▬▬▬▬▬▬▬▬▬▬▬▬▬▬▬▬▬▬▬▬▬▬▬▬▬▬▬▬▬▬▬▬▬▬▬▬▬▬▬▬▬▬▬▬▬▬▬▬▬▬▬▬▬▬▬▬
13:15:41 [allowed] §f                        §r§cThe Catacombs §r§8- §r§eFloor VII
13:15:41 [allowed] 
13:15:41 [allowed] §f                           §r§fTeam Score: §r§a303 §r§f(§r§b§lS+§r§f)
13:15:41 [allowed] §f     §r§c☠ §r§eDefeated §r§cMaxor, Storm, Goldor, and Necron §r§ein §r§a08m 15s
13:15:41 [allowed] §f                             §6> §e§lEXTRA STATS §6<
13:15:41 [allowed] §f                    §r§8+§r§347,238.9 Catacombs Experience
13:15:41 [allowed] §f                      §r§8+§r§330,180.4 Archer Experience
13:15:41 [allowed] §f                §r§8+§r§37,545.1 Tank Experience §r§b(Team Bonus)
13:15:41 [allowed] §f               §r§8+§r§37,545.1 Mage Experience §r§b(Team Bonus)
13:15:41 [allowed] §f             §r§8+§r§37,545.1 Berserk Experience §r§b(Team Bonus)
13:15:41 [allowed] §a§l▬▬▬▬▬▬▬▬▬▬▬▬▬▬▬▬▬▬▬▬▬▬▬▬▬▬▬▬▬▬▬▬▬▬▬▬▬▬▬▬▬▬▬▬▬▬▬▬▬▬▬▬▬▬▬▬▬▬▬▬▬▬▬▬
13:15:41 [allowed] §eYour bone plating reduced the damage you took by §r§c2,864.7§r§e!
13:15:41 [allowed] §a§l▬▬▬▬▬▬▬▬▬▬▬▬▬▬▬▬▬▬▬▬▬▬▬▬▬▬▬▬▬▬▬▬▬▬▬▬▬▬▬▬▬▬▬▬▬▬▬▬▬▬▬▬▬▬▬▬▬▬▬▬▬▬▬▬
13:15:41 [allowed] §f                    §r§cThe Catacombs §r§8- §r§eFloor VII Stats
13:15:41 [allowed] 
13:15:41 [allowed] §f                           §r§fTeam Score: §r§a303 §r§f(§r§b§lS+§r§f)
13:15:41 [allowed] §f     §r§c☠ §r§eDefeated §r§cMaxor, Storm, Goldor, and Necron §r§ein §r§a08m 15s
13:15:41 [allowed] 
13:15:41 [allowed] §f                  §r§fTotal Damage as Archer: §r§a20,338,954
13:15:41 [allowed] §f                             §r§fAlly Healing: §r§a3,984
13:15:41 [allowed] §f                              §r§fEnemies Killed: §r§a32
13:15:41 [allowed] §f                                   §r§fDeaths: §r§c0
13:15:41 [allowed] §f                              §r§fSecrets Found: §r§b4
13:15:41 [allowed] 
13:15:41 [allowed] §a§l▬▬▬▬▬▬▬▬▬▬▬▬▬▬▬▬▬▬▬▬▬▬▬▬▬▬▬▬▬▬▬▬▬▬▬▬▬▬▬▬▬▬▬▬▬▬▬▬▬▬▬▬▬▬▬▬▬▬▬▬▬▬▬▬
13:15:44 [allowed] §a§r§6Explosive Shot §r§ais now available!
13:15:47 [allowed] §9§m-----------------------------------------------------
13:15:47 [allowed] §7SaTwi §r§ehas left the party.
13:15:47 [allowed] §9§m-----------------------------------------------------
13:15:51 [allowed] §cCouldn't warp you! Try again later. §r§7(PLAYER_TRANSFER_COOLDOWN)
13:15:52 [allowed] §cCouldn't warp you! Try again later. §r§7(PLAYER_TRANSFER_COOLDOWN)
13:15:52 [allowed] §cCouldn't warp you! Try again later. §r§7(PLAYER_TRANSFER_COOLDOWN)
13:15:52 [allowed] 
13:15:52 [allowed]   §r§5§lOBSIDIAN CHEST REWARDS
13:15:52 [allowed]     §r§aEnchanted Book (§r§d§lUltimate Jerry II§r§a)
13:15:52 [allowed]     §r§aEnchanted Book (§r§d§lUltimate Wise I§r§a)
13:15:52 [allowed]     §r§9Wither Catalyst
13:15:52 [allowed]     §r§dWither Essence §r§8x36
13:15:52 [allowed]     §r§dUndead Essence §r§8x55
13:15:52 [allowed] 
13:15:52 [allowed] §b[MVP§r§f+§r§b] Firemage_X§r§f §r§eunlocked §r§dWither Essence §r§8x36§r§e!
13:15:52 [allowed] §b[MVP§r§f+§r§b] Firemage_X§r§f §r§eunlocked §r§dUndead Essence §r§8x55§r§e!
13:15:52 [allowed] §7Sending to server mini100AU...
13:15:52 [allowed] §8 §r§8 §r§1 §r§3 §r§3 §r§7 §r§8 
13:15:54 [allowed]  §9§l» §bironMANI_ §eis traveling to §aDungeon Hub §e§lFOLLOW
13:15:54 [allowed] §cYou may only use this command after 4s on the server!
13:15:55 [allowed] §aYou are playing on profile: §ePineapple§b (Co-op)
13:15:55 [allowed] §8Profile ID: 6accdd30-5c34-4840-99a1-da8b87d5f229
13:15:58 [allowed] §6[Bazaar] §r§7Putting goods in escrow...
13:15:58 [allowed] §6[Bazaar] §r§7Submitting sell offer...
13:15:58 [allowed] §6[Bazaar] §r§7§r§eSell Offer Setup! §r§a1§r§7x §r§9Wither Catalyst §r§7for §r§61,074,421 coins§r§7.
13:16:02 [allowed] §6[Bazaar] §r§7Putting goods in escrow...
13:16:02 [allowed] §6[Bazaar] §r§7Submitting sell offer...
13:16:02 [allowed] §6[Bazaar] §r§7§r§eSell Offer Setup! §r§a1§r§7x §r§d§lUltimate Wise I §r§7for §r§6122,119 coins§r§7.
13:16:07 [allowed]  §9§l» §bJohan_Bergstein §eis traveling to §aDungeon Hub §e§lFOLLOW
13:16:11 [allowed]  §9§l» §bAntoni_o §eis traveling to §aDungeon Hub §e§lFOLLOW
13:16:15 [allowed] §cThere are blocks in the way!
13:16:17 [allowed] §cThere are blocks in the way!
13:16:17 [allowed] §cThere are blocks in the way!
13:16:20 [allowed] §dParty Finder §r§f> §r§aYour party has been queued in the dungeon finder!
13:16:21 [allowed] §9§m-----------------------------------------------------
13:16:21 [allowed] §6Party Members (4)
13:16:21 [allowed] §f
13:16:21 [allowed] §eParty Leader: §r§b[MVP§r§2+§r§b] Antoni_o §r§a●
13:16:21 [allowed] §eParty Members: §r§b[MVP§r§c+§r§b] ironMANI_§r§a ● §r§b[MVP§r§f+§r§b] Firemage_X§r§a ● §r§b[MVP§r§f+§r§b] Johan_Bergstein§r§a ● 
13:16:21 [allowed] §9§m-----------------------------------------------------
13:16:25 [allowed] §cThere are blocks in the way!
13:16:25 [allowed] §cThere are blocks in the way!
13:16:25 [allowed] §cThere are blocks in the way!
13:16:27 [allowed] §dParty Finder §r§f> §r§bHythlodaeos §r§ejoined the dungeon group! (§r§bArcher Level 33§r§e)
13:16:29 [allowed] §cThere are blocks in the way!
13:16:30 [allowed] §cThere are blocks in the way!
13:16:30 [allowed] §9§m-----------------------------
§r§b[MVP§r§2+§r§b] Antoni_o§r§f §r§eentered §r§aThe Catacombs§r§e, §r§eFloor VII§r§e!
§r§9§m-----------------------------
13:16:32 [allowed] §cThere are blocks in the way!
13:16:34 [allowed] §7Sending to server mini147DR...
13:16:34 [allowed] §8 §r§8 §r§1 §r§3 §r§3 §r§7 §r§8 
13:16:37 [allowed] §bFiremage_X§r§a is now ready!
13:16:37 [allowed] §bironMANI_§r§a is now ready!
13:16:37 [allowed] §bHythlodaeos§r§a is now ready!
13:16:37 [allowed] §bAntoni_o§r§a is now ready!
13:16:37 [allowed] §bJohan_Bergstein§r§a is now ready!
13:16:37 [allowed] §aYou are playing on profile: §ePineapple§b (Co-op)
13:16:37 [allowed] §8Profile ID: 6accdd30-5c34-4840-99a1-da8b87d5f229
13:16:38 [allowed] §aStarting in 4 seconds.
13:16:39 [allowed] §aStarting in 3 seconds.
13:16:40 [allowed] §aStarting in 2 seconds.
13:16:41 [allowed] §aStarting in 1 second.
13:16:42 [allowed] §e[NPC] §bMort§f: §rHere, I found this map when I first entered the dungeon.
13:16:43 [allowed] §e§lArcher Milestone §r§e❶§r§7: You have dealt §r§c750,000§r§7 Ranged Damage so far! §r§a01s
13:16:44 [allowed] §e[NPC] §bMort§f: §rYou should find it useful if you get lost.
13:16:45 [allowed] §b[MVP§r§2+§r§b] Hythlodaeos§r§f §r§ehas obtained §r§a§r§9Superboom TNT§r§e!
13:16:45 [allowed] §e[NPC] §bMort§f: §rGood luck.
13:16:45 [allowed] §b[MVP§r§2+§r§b] Hythlodaeos§r§f §r§ehas obtained §r§a§r§6§r§8Wither Key§r§e!
13:16:45 [allowed] §e§lRIGHT CLICK §r§7on §r§7a §r§8WITHER §r§7door§r§7 to open it. This key can only be used to open §r§a1§r§7 door!
13:16:45 [allowed] §e§lArcher Milestone §r§e❷§r§7: You have dealt §r§c3,750,000§r§7 Ranged Damage so far! §r§a03s
13:16:46 [allowed] §a§r§bAntoni_o§r§a opened a §r§8§lWITHER §r§adoor!
13:16:46 [allowed] §eYour bone plating reduced the damage you took by §r§c2,593§r§e!
13:16:50 [allowed] §e§lArcher Milestone §r§e❸§r§7: You have dealt §r§c15,000,000§r§7 Ranged Damage so far! §r§a07s
13:16:53 [allowed] §b[MVP§r§f+§r§b] Firemage_X§r§f §r§ehas obtained §r§a§r§dBlessing of Power§r§e!
13:16:53 [allowed] §6§lDUNGEON BUFF! §r§fYou found a §r§dBlessing of Power V§r§f! (§r§a11s§r§f)
13:16:53 [allowed]      §r§7Granted you §r§a§r§a+24§r§7 & §r§a+1.12x §r§c❁ Strength§r§7.
13:16:53 [allowed]      §r§7Also granted you §r§a§r§a+24§r§7 & §r§a+1.12x §r§9☠ Crit Damage§r§7.
13:16:54 [allowed] §b[MVP§r§c+§r§b] ironMANI_§r§f §r§ehas obtained §r§a§r§9Superboom TNT§r§e!
13:16:55 [allowed] §b[MVP§r§f+§r§b] Firemage_X§r§f §r§ehas obtained §r§a§r§6Revive Stone§r§e!
13:16:57 [allowed] §b[MVP§r§f+§r§b] Firemage_X§r§f §r§ehas obtained §r§a§r§9Superboom TNT§r§e!
13:16:59 [allowed] §aYou found a journal named §r§6Uncanny Remains§r§a!
13:17:01 [allowed] §b[MVP§r§2+§r§b] Antoni_o§r§f §r§ehas obtained §r§a§r§9Superboom TNT§r§e!
13:17:01 [allowed] §b[MVP§r§2+§r§b] Antoni_o§r§f §r§ehas obtained §r§a§r§6§r§8Wither Key§r§e!
13:17:01 [allowed] §e§lRIGHT CLICK §r§7on §r§7a §r§8WITHER §r§7door§r§7 to open it. This key can only be used to open §r§a1§r§7 door!
13:17:01 [allowed] §b[MVP§r§2+§r§b] Antoni_o§r§f §r§ehas obtained §r§a§r§dBlessing of Power§r§e!
13:17:01 [allowed] §6§lDUNGEON BUFF! §r§bAntoni_o §r§ffound a §r§dBlessing of Power V§r§f! (§r§a19s§r§f)
13:17:01 [allowed]      §r§7Granted you §r§a§r§a+24§r§7 & §r§a+1.12x §r§c❁ Strength§r§7.
13:17:01 [allowed]      §r§7Also granted you §r§a§r§a+24§r§7 & §r§a+1.12x §r§9☠ Crit Damage§r§7.
13:17:02 [allowed] §a§r§bironMANI_§r§a opened a §r§8§lWITHER §r§adoor!
13:17:03 [allowed] §6Rapid Fire§r§a is ready to use! Press §r§6§lDROP§r§a to activate it!
13:17:05 [allowed] §e§lArcher Milestone §r§e❹§r§7: You have dealt §r§c37,500,000§r§7 Ranged Damage so far! §r§a23s
13:17:06 [allowed] §b[MVP§r§f+§r§b] Firemage_X§r§f §r§ehas obtained §r§a§r§dBlessing of Stone§r§e!
13:17:06 [allowed] §6§lDUNGEON BUFF! §r§fYou found a §r§dBlessing of Stone V§r§f! (§r§a24s§r§f)
13:17:06 [allowed]      §r§7Granted you §r§a§r§a+24§r§7 & §r§a+1.12x §r§a❈ Defense §r§7and §r§a+36 §r§c❁ Damage§r§7.
13:17:06 [allowed] §b[MVP§r§f+§r§b] Firemage_X§r§f §r§ehas obtained §r§a§r§9Superboom TNT§r§e!
13:17:07 [allowed] §cThere are blocks in the way!
13:17:08 [allowed] §cThere are blocks in the way!
13:17:09 [allowed] §cThere are blocks in the way!
13:17:12 [allowed] §eYour bone plating reduced the damage you took by §r§c3,174§r§e!
13:17:14 [allowed] §b[MVP§r§c+§r§b] ironMANI_§r§f §r§ehas obtained §r§a§r§dBlessing of Life§r§e!
13:17:14 [allowed] §6§lDUNGEON BUFF! §r§bironMANI_ §r§ffound a §r§dBlessing of Life V§r§f! (§r§a32s§r§f)
13:17:14 [allowed]      §r§7Granted you §r§a§r§a+1.18x HP §r§7and §r§a§r§a+1.18x §r§c❣ Health Regen§r§7.
13:17:15 [allowed] §b[MVP§r§c+§r§b] ironMANI_§r§f §r§ehas obtained §r§a§r§6§r§8Wither Key§r§e!
13:17:15 [allowed] §e§lRIGHT CLICK §r§7on §r§7a §r§8WITHER §r§7door§r§7 to open it. This key can only be used to open §r§a1§r§7 door!
13:17:15 [allowed] §b[MVP§r§c+§r§b] ironMANI_§r§f §r§ehas obtained §r§a§r§9Superboom TNT§r§e!
13:17:17 [allowed] §a§r§bironMANI_§r§a opened a §r§8§lWITHER §r§adoor!
13:17:19 [allowed] §b[MVP§r§f+§r§b] Firemage_X§r§f §r§ehas obtained §r§a§r§9Superboom TNT§r§e!
13:17:22 [allowed] §cYou hear the sound of something opening...
13:17:22 [allowed] §6§lDUNGEON BUFF! §r§bHythlodaeos §r§ffound a §r§dBlessing of Stone I§r§f!
13:17:22 [allowed]      §r§7Granted you §r§a§r§a+4.8§r§7 & §r§a+1.02x §r§a❈ Defense §r§7and §r§a+7.2 §r§c❁ Damage§r§7.
13:17:23 [allowed] §cThere are blocks in the way!
13:17:26 [allowed] §e§lArcher Milestone §r§e❺§r§7: You have dealt §r§c75,000,000§r§7 Ranged Damage so far! §r§a44s
13:17:28 [allowed] §b[MVP§r§c+§r§b] ironMANI_§r§f §r§ehas obtained §r§a§r§dBlessing of Wisdom§r§e!
13:17:28 [allowed] §6§lDUNGEON BUFF! §r§bironMANI_ §r§ffound a §r§dBlessing of Wisdom V§r§f! (§r§a46s§r§f)
13:17:28 [allowed]      §r§7Granted you §r§a§r§a+24§r§7 & §r§a+1.12x §r§b✎ Intelligence §r§7and §r§a+24 §r§f✦ Speed§r§7.
13:17:28 [allowed] §b[MVP§r§c+§r§b] ironMANI_§r§f §r§ehas obtained §r§a§r§6§r§8Wither Key§r§e!
13:17:28 [allowed] §e§lRIGHT CLICK §r§7on §r§7a §r§8WITHER §r§7door§r§7 to open it. This key can only be used to open §r§a1§r§7 door!
13:17:31 [allowed] §6§lESSENCE! §r§bJohan_Bergstein §r§ffound §r§bx10 Ice Essence§r§f!
13:17:34 [allowed] §6Rapid Fire§r§a is ready to use! Press §r§6§lDROP§r§a to activate it!
13:17:34 [allowed] §eYour bone plating reduced the damage you took by §r§c3,174§r§e!
13:17:34 [allowed] §7A Crypt Wither Skull exploded, hitting you for §r§c26,400§r§7 damage.
13:17:34 [allowed] §7A Crypt Wither Skull exploded, hitting you for §r§c26,400§r§7 damage.
13:17:34 [allowed] §a§r§bironMANI_§r§a opened a §r§8§lWITHER §r§adoor!
13:17:35 [allowed] §e§lArcher Milestone §r§e❻§r§7: You have dealt §r§c112,500,000§r§7 Ranged Damage so far! §r§a53s
13:17:35 [allowed] §7A Crypt Wither Skull exploded, hitting you for §r§c26,400§r§7 damage.
13:17:36 [allowed] §a§lYou healed yourself for 692.3 health!
13:17:36 [allowed] §a§lYou healed yourself for 692.3 health!
13:17:36 [allowed] §a§lYou healed yourself for 692.3 health!
13:17:36 [allowed] §cThe Stormy Withermancer§r§c struck you for 827.5 damage!
13:17:40 [allowed] §aYou summoned your §r§6Blue Whale§r§a!
13:17:42 [allowed] §b[MVP§r§c+§r§b] ironMANI_§r§f §r§ehas obtained §r§a§r§6§r§8Wither Key§r§e!
13:17:42 [allowed] §e§lRIGHT CLICK §r§7on §r§7a §r§8WITHER §r§7door§r§7 to open it. This key can only be used to open §r§a1§r§7 door!
13:17:42 [allowed] §b[MVP§r§c+§r§b] ironMANI_§r§f §r§ehas obtained §r§a§r§6Revive Stone§r§e!
13:17:43 [allowed] §cThere are blocks in the way!
13:17:44 [allowed] §b[MVP§r§f+§r§b] Firemage_X§r§f §r§ehas obtained §r§a§r§dBlessing of Wisdom§r§e!
13:17:44 [allowed] §6§lDUNGEON BUFF! §r§fYou found a §r§dBlessing of Wisdom V§r§f! (§r§a01m 02s§r§f)
13:17:44 [allowed]      §r§7Granted you §r§a§r§a+24§r§7 & §r§a+1.12x §r§b✎ Intelligence §r§7and §r§a+24 §r§f✦ Speed§r§7.
13:17:44 [allowed] §b[MVP§r§f+§r§b] Firemage_X§r§f §r§ehas obtained §r§a§r§9Superboom TNT§r§e!
13:17:45 [allowed] §cThere are blocks in the way!
13:17:45 [allowed] §cThere are blocks in the way!
13:17:46 [allowed] §cThere are blocks in the way!
13:17:46 [allowed] §cThere are blocks in the way!
13:17:46 [allowed] §a§r§bironMANI_§r§a opened a §r§8§lWITHER §r§adoor!
13:17:46 [allowed] §6§lDUNGEON BUFF! §r§bHythlodaeos §r§ffound a §r§dBlessing of Stone I§r§f!
13:17:46 [allowed]      §r§7Granted you §r§a§r§a+4.8§r§7 & §r§a+1.02x §r§a❈ Defense §r§7and §r§a+7.2 §r§c❁ Damage§r§7.
13:17:48 [allowed] §6§lESSENCE! §r§fYou found §r§bx10 Ice Essence§r§f!
13:17:49 [allowed] §b[MVP§r§2+§r§b] Antoni_o§r§f §r§ehas obtained §r§a§r§9Superboom TNT§r§e!
13:17:51 [allowed] §aYou used your §r§6Mining Speed Boost §r§aPickaxe Ability!
13:17:52 [allowed] §cYour pickaxe ability is on cooldown for 120s.
13:17:52 [allowed] §cYour pickaxe ability is on cooldown for 120s.
13:17:52 [allowed] §cYour pickaxe ability is on cooldown for 120s.
13:17:52 [allowed] §cYour pickaxe ability is on cooldown for 120s.
13:17:52 [allowed] §cYour pickaxe ability is on cooldown for 120s.
13:17:52 [allowed] §cYour pickaxe ability is on cooldown for 119s.
13:17:53 [allowed] §cYour pickaxe ability is on cooldown for 119s.
13:17:53 [allowed] §cYour pickaxe ability is on cooldown for 119s.
13:17:57 [allowed] §eYour bone plating reduced the damage you took by §r§c2,297.2§r§e!
13:17:58 [allowed] §cYour pickaxe ability is on cooldown for 114s.
13:17:58 [allowed] §cYour pickaxe ability is on cooldown for 114s.
13:17:59 [allowed] §cYour pickaxe ability is on cooldown for 113s.
13:17:59 [allowed] §cYour pickaxe ability is on cooldown for 112s.
13:18:00 [allowed] §cYour pickaxe ability is on cooldown for 112s.
13:18:01 [allowed] §aYou have teleported to §r§bironMANI_§r§a!
13:18:01 [allowed] §cYour Mining Speed Boost has expired!
13:18:03 [allowed] §a§lYou healed yourself for 777.1 health!
13:18:03 [allowed] §a§lYou healed yourself for 777.1 health!
13:18:04 [allowed] §6Rapid Fire§r§a is ready to use! Press §r§6§lDROP§r§a to activate it!
13:18:04 [allowed] §b[MVP§r§c+§r§b] ironMANI_§r§f §r§ehas obtained §r§a§r§9Superboom TNT §r§8x2§r§e!
13:18:04 [allowed] §b[MVP§r§c+§r§b] ironMANI_§r§f §r§ehas obtained §r§a§r§c§r§cBlood Key§r§e!
13:18:04 [allowed] §e§lRIGHT CLICK §r§7on §r§7the §r§cBLOOD DOOR§r§7 to open it. This key can only be used to open §r§a1§r§7 door!
13:18:06 [allowed] §cThe §r§c§lBLOOD DOOR§r§c has been opened!
13:18:06 [allowed] §5A shiver runs down your spine...
13:18:06 [allowed] §c[BOSS] The Watcher§r§f: Things feel a little more roomy now, eh?
13:18:09 [allowed] §6§lDUNGEON BUFF! §r§bHythlodaeos §r§ffound a §r§dBlessing of Life I§r§f!
13:18:09 [allowed]      §r§7Granted you §r§a§r§a+1.04x HP §r§7and §r§a§r§a+1.04x §r§c❣ Health Regen§r§7.
13:18:10 [allowed] §c[BOSS] The Watcher§r§f: I've knocked down those pillars to go for a §r§fmore...open§r§f concept.
13:18:11 [allowed] §aYou have teleported to §r§bJohan_Bergstein§r§a!
13:18:12 [allowed] §6§lDUNGEON BUFF! §r§bHythlodaeos §r§ffound a §r§dBlessing of Wisdom I§r§f!
13:18:12 [allowed]      §r§7Granted you §r§a§r§a+4.8§r§7 & §r§a+1.02x §r§b✎ Intelligence §r§7and §r§a+4.8 §r§f✦ Speed§r§7.
13:18:13 [allowed] §eYour bone plating reduced the damage you took by §r§c3,138.3§r§e!
13:18:14 [allowed] §c[BOSS] The Watcher§r§f: Plus I needed to give my new friends some space to roam...
13:18:15 [allowed] §b[MVP§r§f+§r§b] Johan_Bergstein§r§f §r§ehas obtained §r§a§r§9Superboom TNT§r§e!
13:18:16 [allowed] §b[MVP§r§f+§r§b] Firemage_X§r§f §r§ehas obtained §r§a§r§9Superboom TNT§r§e!
13:18:18 [allowed] §6§lDUNGEON BUFF! §r§bAntoni_o §r§ffound a §r§dBlessing of Life V§r§f!
13:18:18 [allowed]      §r§7Granted you §r§a§r§a+1.18x HP §r§7and §r§a§r§a+1.18x §r§c❣ Health Regen§r§7.
13:18:19 [allowed] §c[BOSS] The Watcher§r§f: Hmmm... this one!
13:18:22 [allowed] §aYou found a Secret Redstone Key!
13:18:24 [allowed] §c[BOSS] The Watcher§r§f: You'll do.
13:18:26 [allowed] §bAntoni_o §r§ffound a §r§dWither Essence§r§f! Everyone gains an extra essence!
13:18:27 [allowed] §c[BOSS] The Watcher§r§f: I'm impressed.
13:18:27 [allowed] §cYou hear the sound of something opening...
13:18:29 [allowed] §c[BOSS] The Watcher§r§f: Let's see how you can handle this.
13:18:29 [allowed] §bJohan_Bergstein §r§ffound a §r§dWither Essence§r§f! Everyone gains an extra essence!
13:18:30 [allowed] §cThere are blocks in the way!
13:18:30 [allowed] §7§oYou hear something open...
13:18:33 [allowed] §6§lDUNGEON BUFF! §r§bHythlodaeos §r§ffound a §r§dBlessing of Power II§r§f!
13:18:33 [allowed]      §r§7Granted you §r§a§r§a+9.6§r§7 & §r§a+1.05x §r§c❁ Strength§r§7.
13:18:33 [allowed]      §r§7Also granted you §r§a§r§a+9.6§r§7 & §r§a+1.05x §r§9☠ Crit Damage§r§7.
13:18:33 [allowed] §cThere are blocks in the way!
13:18:34 [allowed] §c[BOSS] The Watcher§r§f: That one was weak anyway.
