13:33:04 [SKYMALL] §bNew day! §r§eYour §r§2Sky Mall §r§ebuff changed!
13:33:04 [SKYMALL] §eNew buff§r§r§r: §r§fGain §r§a+15% §r§fmore Powder while mining.
13:33:04 [SKYMALL] §8§oYou can disable this messaging by toggling Sky Mall in your /hotm!
13:34:02 [GARDEN_VISITOR_MESSAGE] §e[NPC] §9Shifty§f: §r§fIt seems like my brew selection is rather small...I've recently heard that melon juice is really sought after so maybe it can enhance my drinks' flavors!
13:34:06 [GARDEN_VISITOR_MESSAGE] §e[NPC] §9Shifty§f: §r§fWhat a pity! Enjoy the Bartender's terrible and unrefreshing mixins.
13:34:07 [GARDEN_VISITOR_MESSAGE] §e[NPC] §aJacob§f: §r§fHowdy! Fine barn ye got there eh? Good lad, you think ye could get me some wheat, eh?
13:34:09 [GARDEN_VISITOR_MESSAGE] §e[NPC] §aJacob§f: §r§fGosh darn it matey, can't believe ya do me like that, eh?
13:34:10 [GARDEN_VISITOR_MESSAGE] §e[NPC] §aDuke§f: §rYou seem new here. You should probably try to get some §aEnchanted Baked Potato §ffor me.
13:34:13 [GARDEN_VISITOR_MESSAGE] §e[NPC] §aDuke§f: §r§fMaybe next time.
13:34:14 [GARDEN_VISITOR_MESSAGE] §e[NPC] §9Gold Forger§f: §r§fDo Golden Carrots taste different than normal ones? I've actually never tried one before so I am pretty curious how they taste.
13:34:18 [GARDEN_VISITOR_MESSAGE] §e[NPC] §aXalx§f: §r§fHello gardener, I've been looking for some sugar to grow my new crop. Wanna try it?
13:34:23 [GARDEN_VISITOR_MESSAGE] §e[NPC] §aXalx§f: §r§fSmart choice.
13:34:52 [GARDEN_VISITOR_MESSAGE] §e[NPC] §9Gold Forger§f: §r§fDo Golden Carrots taste different than normal ones? I've actually never tried one before so I am pretty curious how they taste.
13:34:53 [GARDEN_VISITOR_MESSAGE] §e[NPC] §9Gold Forger§f: §r§fLet's taste...THIS IS DISGUSTING!!! Why would anyone waste such precious gold on this? Just like any other fancy food, expensive and gross...
13:35:00 [SKYMALL] §bNew day! §r§eYour §r§2Sky Mall §r§ebuff changed!
13:35:00 [SKYMALL] §eNew buff§r§r§r: §r§fGain §r§6+100⸕ Mining Speed§r§f.
13:35:00 [SKYMALL] §8§oYou can disable this messaging by toggling Sky Mall in your /hotm!
13:35:14 [PEST_DROP] §eYou received §a37x Enchanted Carrot §efor killing a §2Cricket§e!
13:35:27 [PEST_DROP] §eYou received §a31x Enchanted Sugar §efor killing a §2Mosquito§e!
13:35:29 [PEST_DROP] §eYou received §a18x Enchanted Pumpkin §efor killing a §2Rat§e!
13:35:33 [PEST_DROP] §eYou received §a57x Enchanted Cocoa Beans §efor killing a §2Moth§e!
13:35:37 [PEST_DROP] §eYou received §a22x Enchanted Brown Mushroom §efor killing a §2Slug§e!
13:35:45 [PEST_DROP] §eYou received §a42x Enchanted Cactus Green §efor killing a §2Mite§e!
13:35:45 [PEST_DROP] §eYou received §a21x Enchanted Wheat §efor killing a §2Fly§e!
13:35:51 [PEST_DROP] §eYou received §a43x Enchanted Cactus Green §efor killing a §2Mite§e!
13:43:24 [BESTIARY] §f                                  §6§lBESTIARY
13:43:24 [BESTIARY] §f                        §b§lFlaming Spider §7§8VI §8➡§b §bVII
13:43:24 [BESTIARY] 
13:43:24 [BESTIARY] §f                                  §r§6§lREWARDS
13:43:24 [BESTIARY] §f                     §r§8+§r§a3 Flaming Spider §r§b✯ Magic Find
13:43:24 [BESTIARY] §f                      §r§8+§r§a3 Flaming Spider §r§c❁ Strength
13:43:24 [BESTIARY] §f                         §r§8+§r§62% §r§aFlaming Spider §r§7coins
13:43:24 [BESTIARY] §f                    §r§8+§r§a50% §r§7chance for extra XP orbs
13:43:24 [BESTIARY] §f                               §r§8+§r§b1 SkyBlock XP
13:43:24 [BESTIARY] 
13:43:24 [BESTIARY] §3§l▬▬▬▬▬▬▬▬▬▬▬▬▬▬▬▬▬▬▬▬▬▬▬▬▬▬▬▬▬▬▬▬▬▬▬▬▬▬▬▬▬▬▬▬▬▬▬▬▬▬▬▬▬▬▬▬▬▬▬▬▬▬▬▬
13:44:29 [BESTIARY] §f                                  §6§lBESTIARY
13:44:29 [BESTIARY] §f                           §b§lVanquisher §7§8III §8➡§b §bIV
13:44:29 [BESTIARY] 
13:44:29 [BESTIARY] §f                                  §r§6§lREWARDS
13:44:29 [BESTIARY] §f                       §r§8+§r§a2 §r§5Vanquisher §r§b✯ Magic Find
13:44:29 [BESTIARY] §f                        §r§8+§r§a2 §r§5Vanquisher §r§c❁ Strength
13:44:29 [BESTIARY] §f                           §r§8+§r§62% §r§a§r§5Vanquisher §r§7coins
13:44:29 [BESTIARY] §f                    §r§8+§r§a50% §r§7chance for extra XP orbs
13:44:29 [BESTIARY] §f                               §r§8+§r§b1 SkyBlock XP
13:44:29 [BESTIARY] 
13:44:29 [BESTIARY] §3§l▬▬▬▬▬▬▬▬▬▬▬▬▬▬▬▬▬▬▬▬▬▬▬▬▬▬▬▬▬▬▬▬▬▬▬▬▬▬▬▬▬▬▬▬▬▬▬▬▬▬▬▬▬▬▬▬▬▬▬▬▬▬▬▬
13:55:00 [SKYMALL] §bNew day! §r§eYour §r§2Sky Mall §r§ebuff changed!
13:55:00 [SKYMALL] §eNew buff§r§r§r: §r§f§r§a10x §r§fchance to find Golden and Diamond Goblins.
13:55:00 [SKYMALL] §8§oYou can disable this messaging by toggling Sky Mall in your /hotm!
14:15:00 [SKYMALL] §bNew day! §r§eYour §r§2Sky Mall §r§ebuff changed!
14:15:00 [SKYMALL] §eNew buff§r§r§r: §r§fGain §r§a5x §r§9Titanium §r§fdrops
14:15:00 [SKYMALL] §8§oYou can disable this messaging by toggling Sky Mall in your /hotm!
14:35:00 [SKYMALL] §bNew day! §r§eYour §r§2Sky Mall §r§ebuff changed!
14:35:00 [SKYMALL] §eNew buff§r§r§r: §r§f§r§a10x §r§fchance to find Golden and Diamond Goblins.
14:35:00 [SKYMALL] §8§oYou can disable this messaging by toggling Sky Mall in your /hotm!
14:55:00 [SKYMALL] §bNew day! §r§eYour §r§2Sky Mall §r§ebuff changed!
14:55:00 [SKYMALL] §eNew buff§r§r§r: §r§fGain §r§6+100⸕ Mining Speed§r§f.
14:55:00 [SKYMALL] §8§oYou can disable this messaging by toggling Sky Mall in your /hotm!
15:35:00 [SKYMALL] §bNew day! §r§eYour §r§2Sky Mall §r§ebuff changed!
15:35:00 [SKYMALL] §eNew buff§r§r§r: §r§f§r§a-20%§r§f Pickaxe Ability cooldowns.
15:35:00 [SKYMALL] §8§oYou can disable this messaging by toggling Sky Mall in your /hotm!
15:53:56 [BESTIARY] §f                                  §6§lBESTIARY
15:53:56 [BESTIARY] §f                           §b§lVanquisher §7§8IV §8➡§b §bV
15:53:56 [BESTIARY] 
15:53:56 [BESTIARY] §f                                  §r§6§lREWARDS
15:53:56 [BESTIARY] §f                       §r§8+§r§a2 §r§5Vanquisher §r§b✯ Magic Find
15:53:56 [BESTIARY] §f                        §r§8+§r§a2 §r§5Vanquisher §r§c❁ Strength
15:53:56 [BESTIARY] §f                           §r§8+§r§62% §r§a§r§5Vanquisher §r§7coins
15:53:56 [BESTIARY] §f                    §r§8+§r§a50% §r§7chance for extra XP orbs
15:53:56 [BESTIARY] §f                               §r§8+§r§b1 SkyBlock XP
15:53:56 [BESTIARY] 
15:53:56 [BESTIARY] §3§l▬▬▬▬▬▬▬▬▬▬▬▬▬▬▬▬▬▬▬▬▬▬▬▬▬▬▬▬▬▬▬▬▬▬▬▬▬▬▬▬▬▬▬▬▬▬▬▬▬▬▬▬▬▬▬▬▬▬▬▬▬▬▬▬
15:55:17 [SKYMALL] §bNew day! §r§eYour §r§2Sky Mall §r§ebuff changed!
15:55:17 [SKYMALL] §eNew buff§r§r§r: §r§f§r§a-20%§r§f Pickaxe Ability cooldowns.
15:55:17 [SKYMALL] §8§oYou can disable this messaging by toggling Sky Mall in your /hotm!
16:15:01 [SKYMALL] §bNew day! §r§eYour §r§2Sky Mall §r§ebuff changed!
16:15:01 [SKYMALL] §eNew buff§r§r§r: §r§fGain §r§6+50☘ Mining Fortune§r§f.
16:15:01 [SKYMALL] §8§oYou can disable this messaging by toggling Sky Mall in your /hotm!
16:15:36 [BESTIARY] §f                                  §6§lBESTIARY
16:15:36 [BESTIARY] §f                   §b§lEndstone Protector §7§8VIII §8➡§b §bIX
16:15:36 [BESTIARY] 
16:15:36 [BESTIARY] §f                                  §r§6§lREWARDS
16:15:36 [BESTIARY] §f                 §r§8+§r§a3 Endstone Protector §r§b✯ Magic Find
16:15:36 [BESTIARY] §f                  §r§8+§r§a3 Endstone Protector §r§c❁ Strength
16:15:36 [BESTIARY] §f                     §r§8+§r§62% §r§aEndstone Protector §r§7coins
16:15:36 [BESTIARY] §f                    §r§8+§r§a50% §r§7chance for extra XP orbs
16:15:36 [BESTIARY] §f                               §r§8+§r§b1 SkyBlock XP
16:15:36 [BESTIARY] 
16:15:36 [BESTIARY] §3§l▬▬▬▬▬▬▬▬▬▬▬▬▬▬▬▬▬▬▬▬▬▬▬▬▬▬▬▬▬▬▬▬▬▬▬▬▬▬▬▬▬▬▬▬▬▬▬▬▬▬▬▬▬▬▬▬▬▬▬▬▬▬▬▬
16:35:00 [SKYMALL] §bNew day! §r§eYour §r§2Sky Mall §r§ebuff changed!
16:35:00 [SKYMALL] §eNew buff§r§r§r: §r§fGain §r§6+50☘ Mining Fortune§r§f.
16:35:00 [SKYMALL] §8§oYou can disable this messaging by toggling Sky Mall in your /hotm!
16:53:14 [GARDEN_VISITOR_MESSAGE] §e[NPC] §aFelix§f: §r§fYou won't be able to store any items in the Garden, you should keep them on your Private Island!
16:53:17 [GARDEN_VISITOR_MESSAGE] §e[NPC] §aFelix§f: §r§fMaybe next time.
16:53:18 [GARDEN_VISITOR_MESSAGE] §e[NPC] §aFriendly Hiker§f: §r§fI'm planning to head back into the gorge to fetch my hiker friend, but I'll need some meat to cook before I head in there.
16:53:21 [GARDEN_VISITOR_MESSAGE] §e[NPC] §aFriendly Hiker§f: §r§fThat's alright. I can always head into the Oasis to hunt down some sheep.
16:53:22 [GARDEN_VISITOR_MESSAGE] §e[NPC] §aEmissary Carlton§f: §r§fThe King has sent me to go shopping for I am his favorite emissary!
16:53:26 [GARDEN_VISITOR_MESSAGE] §e[NPC] §6Madame Eleanor Q. Goldsworth III§f: §r§fI'm here to put a value on your farm. Bring me your fanciest crop.
16:53:29 [GARDEN_VISITOR_MESSAGE] §e[NPC] §9Emissary Sisko§f: §r§fI've heard I can find the best mushrooms here, and as the King's favorite emissary I will bring them to him!
16:53:55 [GARDEN_VISITOR_MESSAGE] §e[NPC] §9Emissary Sisko§f: §r§fMy standing as the King's favorite emissary is secured as soon as I bring these back home!
16:53:57 [GARDEN_VISITOR_MESSAGE] §e[NPC] §6Madame Eleanor Q. Goldsworth III§f: §rTruly Magnificent! I value your farm at a minimum of §6110,000,100 §fcoins!
16:53:58 [GARDEN_VISITOR_MESSAGE] §e[NPC] §aEmissary Carlton§f: §r§fThis will make me gain even more favor with the King!
16:55:01 [SKYMALL] §bNew day! §r§eYour §r§2Sky Mall §r§ebuff changed!
16:55:01 [SKYMALL] §eNew buff§r§r§r: §r§f§r§a-20%§r§f Pickaxe Ability cooldowns.
16:55:01 [SKYMALL] §8§oYou can disable this messaging by toggling Sky Mall in your /hotm!
16:55:29 [PEST_DROP] §eYou received §a9x Enchanted Wheat §efor killing a §2Fly§e!
16:55:39 [PEST_DROP] §eYou received §a9x Enchanted Brown Mushroom §efor killing a §2Slug§e!
16:55:49 [PEST_DROP] §eYou received §a9x Enchanted Pumpkin §efor killing a §2Rat§e!
17:03:38 [NEW_VISITOR_ARRIVED] §a§r§aAlchemist §r§ehas arrived on your §r§aGarden§r§e!
17:04:20 [PEST_DROP] §eYou received §a31x Enchanted Nether Wart §efor killing a §2Beetle§e!
17:15:01 [SKYMALL] §bNew day! §r§eYour §r§2Sky Mall §r§ebuff changed!
17:15:01 [SKYMALL] §eNew buff§r§r§r: §r§fGain §r§6+50☘ Mining Fortune§r§f.
17:15:01 [SKYMALL] §8§oYou can disable this messaging by toggling Sky Mall in your /hotm!
17:35:00 [SKYMALL] §bNew day! §r§eYour §r§2Sky Mall §r§ebuff changed!
17:35:00 [SKYMALL] §eNew buff§r§r§r: §r§fGain §r§6+50☘ Mining Fortune§r§f.
17:35:00 [SKYMALL] §8§oYou can disable this messaging by toggling Sky Mall in your /hotm!
17:45:10 [BESTIARY] §f                                  §6§lBESTIARY
17:45:10 [BESTIARY] §f                     §b§lShadow Assassin §7§8XXI §8➡§b §bXXII
17:45:10 [BESTIARY] 
17:45:10 [BESTIARY] §f                                  §r§6§lREWARDS
17:45:10 [BESTIARY] §f                 §r§8+§r§a6 §r§d§lShadow Assassin §r§b✯ Magic Find
17:45:10 [BESTIARY] §f                  §r§8+§r§a6 §r§d§lShadow Assassin §r§c❁ Strength
17:45:10 [BESTIARY] §f                     §r§8+§r§62% §r§a§r§d§lShadow Assassin §r§7coins
17:45:10 [BESTIARY] §f                    §r§8+§r§a50% §r§7chance for extra XP orbs
17:45:10 [BESTIARY] §f                               §r§8+§r§b1 SkyBlock XP
17:45:10 [BESTIARY] 
17:45:10 [BESTIARY] §3§l▬▬▬▬▬▬▬▬▬▬▬▬▬▬▬▬▬▬▬▬▬▬▬▬▬▬▬▬▬▬▬▬▬▬▬▬▬▬▬▬▬▬▬▬▬▬▬▬▬▬▬▬▬▬▬▬▬▬▬▬▬▬▬▬
17:55:01 [SKYMALL] §bNew day! §r§eYour §r§2Sky Mall §r§ebuff changed!
17:55:01 [SKYMALL] §eNew buff§r§r§r: §r§f§r§a-20%§r§f Pickaxe Ability cooldowns.
17:55:01 [SKYMALL] §8§oYou can disable this messaging by toggling Sky Mall in your /hotm!
18:15:00 [SKYMALL] §bNew day! §r§eYour §r§2Sky Mall §r§ebuff changed!
18:15:00 [SKYMALL] §eNew buff§r§r§r: §r§fGain §r§a+15% §r§fmore Powder while mining.
18:15:00 [SKYMALL] §8§oYou can disable this messaging by toggling Sky Mall in your /hotm!
18:35:01 [SKYMALL] §bNew day! §r§eYour §r§2Sky Mall §r§ebuff changed!
18:35:01 [SKYMALL] §eNew buff§r§r§r: §r§fGain §r§a+15% §r§fmore Powder while mining.
18:35:01 [SKYMALL] §8§oYou can disable this messaging by toggling Sky Mall in your /hotm!
18:55:01 [SKYMALL] §bNew day! §r§eYour §r§2Sky Mall §r§ebuff changed!
18:55:01 [SKYMALL] §eNew buff§r§r§r: §r§fGain §r§a+15% §r§fmore Powder while mining.
18:55:01 [SKYMALL] §8§oYou can disable this messaging by toggling Sky Mall in your /hotm!
19:15:01 [SKYMALL] §bNew day! §r§eYour §r§2Sky Mall §r§ebuff changed!
19:15:01 [SKYMALL] §eNew buff§r§r§r: §r§fGain §r§6+100⸕ Mining Speed§r§f.
19:15:01 [SKYMALL] §8§oYou can disable this messaging by toggling Sky Mall in your /hotm!
19:35:01 [SKYMALL] §bNew day! §r§eYour §r§2Sky Mall §r§ebuff changed!
19:35:01 [SKYMALL] §eNew buff§r§r§r: §r§f§r§a10x §r§fchance to find Golden and Diamond Goblins.
19:35:01 [SKYMALL] §8§oYou can disable this messaging by toggling Sky Mall in your /hotm!
19:55:02 [SKYMALL] §bNew day! §r§eYour §r§2Sky Mall §r§ebuff changed!
19:55:02 [SKYMALL] §eNew buff§r§r§r: §r§fGain §r§a+15% §r§fmore Powder while mining.
19:55:02 [SKYMALL] §8§oYou can disable this messaging by toggling Sky Mall in your /hotm!
20:08:14 [PEST_DROP] §eYou received §a19x Enchanted Pumpkin §efor killing a §2Rat§e!
20:08:19 [PEST_DROP] §eYou received §a19x Enchanted Wheat §efor killing a §2Fly§e!
20:08:30 [BESTIARY] §f                                  §6§lBESTIARY
20:08:30 [BESTIARY] §f                                 §b§lRat §7§8X §8➡§b §bXI
20:08:30 [BESTIARY] 
20:08:30 [BESTIARY] §f                                  §r§6§lREWARDS
20:08:30 [BESTIARY] §f                          §r§6+0.4☘ Farming Fortune
20:08:30 [BESTIARY] §f                                §r§8+§r§62% §r§aRat §r§7coins
20:08:30 [BESTIARY] §f                    §r§8+§r§a50% §r§7chance for extra XP orbs
20:08:30 [BESTIARY] §f                               §r§8+§r§b1 SkyBlock XP
20:08:30 [BESTIARY] 
20:08:30 [BESTIARY] §3§l▬▬▬▬▬▬▬▬▬▬▬▬▬▬▬▬▬▬▬▬▬▬▬▬▬▬▬▬▬▬▬▬▬▬▬▬▬▬▬▬▬▬▬▬▬▬▬▬▬▬▬▬▬▬▬▬▬▬▬▬▬▬▬▬
20:08:30 [PEST_DROP] §eYou received §a20x Enchanted Pumpkin §efor killing a §2Rat§e!
20:15:01 [SKYMALL] §bNew day! §r§eYour §r§2Sky Mall §r§ebuff changed!
20:15:01 [SKYMALL] §eNew buff§r§r§r: §r§f§r§a-20%§r§f Pickaxe Ability cooldowns.
20:15:01 [SKYMALL] §8§oYou can disable this messaging by toggling Sky Mall in your /hotm!
20:21:18 [GARDEN_VISITOR_MESSAGE] §e[NPC] §aAlchemist§f: §r§fBeen running low on my brewing supplies, Nether Warts are quite hard to come by these days.
20:21:22 [GARDEN_VISITOR_MESSAGE] §e[NPC] §aAlchemist§f: §r§fUnfortunate, I'll see if I can find some Nether Warts from someone else.
20:21:23 [GARDEN_VISITOR_MESSAGE] §e[NPC] §9Emissary Sisko§f: §r§fI've heard I can find the best mushrooms here, and as the King's favorite emissary I will bring them to him!
20:21:26 [NEW_VISITOR_ARRIVED] §a§r§aEmissary Ceanna §r§ehas arrived on your §r§aGarden§r§e!
20:21:26 [GARDEN_VISITOR_MESSAGE] §e[NPC] §aAndrew§f: §rDid you know that SkyBlock has been running for §b4642 §fin-game months already? Time flies.
20:21:30 [GARDEN_VISITOR_MESSAGE] §e[NPC] §aAndrew§f: §r§fI guess I'll come back in a bit.
20:21:31 [GARDEN_VISITOR_MESSAGE] §e[NPC] §aAdventurer§f: §r§fExploring the whole wide world makes me hungry, I could take some fresh potatoes.
20:21:36 [GARDEN_VISITOR_MESSAGE] §e[NPC] §aAdventurer§f: §r§fDarn it, I'll have to find another farmer then.
20:21:37 [GARDEN_VISITOR_MESSAGE] §e[NPC] §aEmissary Ceanna§f: §r§fThe King's favorite emissary is here to request potatoes for the King's great feast! 
20:22:23 [GARDEN_VISITOR_MESSAGE] §e[NPC] §9Emissary Sisko§f: §r§fI've heard I can find the best mushrooms here, and as the King's favorite emissary I will bring them to him!
20:22:25 [GARDEN_VISITOR_MESSAGE] §e[NPC] §9Emissary Sisko§f: §r§fMy standing as the King's favorite emissary is secured as soon as I bring these back home!
20:22:26 [GARDEN_VISITOR_MESSAGE] §e[NPC] §aEmissary Ceanna§f: §r§fThe King's favorite emissary is here to request potatoes for the King's great feast! 
20:22:27 [GARDEN_VISITOR_MESSAGE] §e[NPC] §aEmissary Ceanna§f: §r§fMaybe the King will even announce me as his favorite at the feast!
20:22:28 [GARDEN_VISITOR_MESSAGE] §e[NPC] §aFisherman§f: §r§fA Carrot King has been scaring off all the good fish, I need to deal with it before I lose more fish.
20:22:30 [GARDEN_VISITOR_MESSAGE] §e[NPC] §aFisherman§f: §r§fS'alright, we are all busy some days.
20:55:01 [SKYMALL] §bNew day! §r§eYour §r§2Sky Mall §r§ebuff changed!
20:55:01 [SKYMALL] §eNew buff§r§r§r: §r§fGain §r§a+15% §r§fmore Powder while mining.
20:55:01 [SKYMALL] §8§oYou can disable this messaging by toggling Sky Mall in your /hotm!
21:15:00 [SKYMALL] §bNew day! §r§eYour §r§2Sky Mall §r§ebuff changed!
21:15:00 [SKYMALL] §eNew buff§r§r§r: §r§fGain §r§6+100⸕ Mining Speed§r§f.
21:15:00 [SKYMALL] §8§oYou can disable this messaging by toggling Sky Mall in your /hotm!
21:35:00 [SKYMALL] §bNew day! §r§eYour §r§2Sky Mall §r§ebuff changed!
21:35:00 [SKYMALL] §eNew buff§r§r§r: §r§fGain §r§a+15% §r§fmore Powder while mining.
21:35:00 [SKYMALL] §8§oYou can disable this messaging by toggling Sky Mall in your /hotm!
