13:33:51 §e[SkyHanni] §9Shifty §eis visiting your garden!§r
13:33:51 §e[SkyHanni] §aJacob §eis visiting your garden!§r
13:33:51 §e[SkyHanni] §aDuke §eis visiting your garden!§r
13:33:51 §e[SkyHanni] §9Gold Forger §eis visiting your garden!§r
13:33:51 §e[SkyHanni] §aXalx §eis visiting your garden!§r
13:35:14 §e[SkyHanni] §b+4 SkyBlock XP §7(Collections§7)§b (17/100)§r
13:35:34 §e[SkyHanni] §b+1 SkyBlock XP §7(Crop Milestones§7)§b (18/100)§r
13:43:24 §6§lBESTIARY §r§b§lFlaming Spider §7§8VI §8➡§b §bVII§r
13:44:29 §6§lBESTIARY §r§b§lVanquisher §7§8III §8➡§b §bIV§r
14:12:37 §e[SkyHanni] You are close to the Croesus Limit. Please open your chests!§r
14:28:19 §e[SkyHanni] You are close to the Croesus Limit. Please open your chests!§r
14:38:03 §e[SkyHanni] You are close to the Croesus Limit. Please open your chests!§r
14:47:15 §e[SkyHanni] You are close to the Croesus Limit. Please open your chests!§r
14:54:08 §e[SkyHanni] §cYour Time Tower just expired and has 2 charges remaining. Click here to use one.§r
15:26:56 §e[SkyHanni] §b+4 SkyBlock XP §7(Collections§7)§b (49/100)§r
15:53:56 §6§lBESTIARY §r§b§lVanquisher §7§8IV §8➡§b §bV§r
16:03:44 §e[SkyHanni] §cYour Time Tower just expired and has 1 charge remaining. Click here to use one.§r
16:15:36 §6§lBESTIARY §r§b§lEndstone Protector §7§8VIII §8➡§b §bIX§r
16:24:08 §e[SkyHanni] §b+10 SkyBlock XP §7(Fairy Souls§7)§b (97/100)§r
16:24:09 §e[SkyHanni] §b+10 SkyBlock XP §7(Fairy Souls§7)§b (7/100)§r
16:24:10 §e[SkyHanni] §b+10 SkyBlock XP §7(Fairy Souls§7)§b (17/100)§r
16:24:11 §e[SkyHanni] §b+10 SkyBlock XP §7(Fairy Souls§7)§b (27/100)§r
16:36:10 §e[SkyHanni] §b+2 SkyBlock XP §7(Museum Donations§7)§b (29/100)§r
16:53:08 §e[SkyHanni] §aFelix §eis visiting your garden!§r
16:53:08 §e[SkyHanni] §aFriendly Hiker §eis visiting your garden!§r
16:53:08 §e[SkyHanni] §aEmissary Carlton §eis visiting your garden!§r
16:53:08 §e[SkyHanni] §6Madame Eleanor Q. Goldsworth III §eis visiting your garden!§r
16:53:08 §e[SkyHanni] §9Emissary Sisko §eis visiting your garden!§r
16:57:32 §e[SkyHanni] §b+1 SkyBlock XP §7(Composter Upgrades§7)§b (30/100)§r
17:03:40 §e[SkyHanni] §aAlchemist §eis visiting your garden!§r
17:21:30 §e[SkyHanni] You are close to the Croesus Limit. Please open your chests!§r
17:31:06 §e[SkyHanni] You are close to the Croesus Limit. Please open your chests!§r
17:39:00 §e[SkyHanni] You are close to the Croesus Limit. Please open your chests!§r
17:45:10 §6§lBESTIARY §r§b§lShadow Assassin §7§8XXI §8➡§b §bXXII§r
17:48:46 §e[SkyHanni] You are close to the Croesus Limit. Please open your chests!§r
17:57:51 §e[SkyHanni] You are close to the Croesus Limit. Please open your chests!§r
18:06:05 §e[SkyHanni] You are close to the Croesus Limit. Please open your chests!§r
18:17:28 §e[SkyHanni] You are close to the Croesus Limit. Please open your chests!§r
18:28:00 §e[SkyHanni] You are close to the Croesus Limit. Please open your chests!§r
18:37:33 §e[SkyHanni] You are close to the Croesus Limit. Please open your chests!§r
18:44:04 §e[SkyHanni] You are close to the Croesus Limit. Please open your chests!§r
18:50:36 §e[SkyHanni] You are close to the Croesus Limit. Please open your chests!§r
18:56:56 §e[SkyHanni] You are close to the Croesus Limit. Please open your chests!§r
19:04:17 §e[SkyHanni] You are close to the Croesus Limit. Please open your chests!§r
19:11:36 §e[SkyHanni] You are close to the Croesus Limit. Please open your chests!§r
19:17:47 §e[SkyHanni] You are close to the Croesus Limit. Please open your chests!§r
19:23:54 §e[SkyHanni] You are close to the Croesus Limit. Please open your chests!§r
19:30:07 §e[SkyHanni] You are close to the Croesus Limit. Please open your chests!§r
19:39:37 §e[SkyHanni] You are close to the Croesus Limit. Please open your chests!§r
19:54:30 §e[SkyHanni] You are close to the Croesus Limit. Please open your chests!§r
20:02:04 §e[SkyHanni] You are close to the Croesus Limit. Please open your chests!§r
20:07:26 §e[SkyHanni] Click here to load 49 more collected egg locations from NEU PV!§r
20:07:26 §e[SkyHanni] Click here to load Trophy Fishing data from NEU PV!§r
20:07:47 §e[SkyHanni] §9Emissary Sisko §eis visiting your garden!§r
20:07:47 §e[SkyHanni] §aAndrew §eis visiting your garden!§r
20:07:47 §e[SkyHanni] §aAdventurer §eis visiting your garden!§r
20:07:47 §e[SkyHanni] §aFisherman §eis visiting your garden!§r
20:08:19 §e[SkyHanni] Loaded Wheat milestone data from level up chat message!§r
20:08:19 §e[SkyHanni] §b+1 SkyBlock XP §7(Crop Milestones§7)§b (37/100)§r
20:08:30 §6§lBESTIARY §r§b§lRat §7§8X §8➡§b §bXI§r
20:09:56 §e[SkyHanni] §b+18 SkyBlock XP §7(Pet Score§7)§b (56/100)§r
20:21:27 §e[SkyHanni] §aEmissary Ceanna §eis visiting your garden!§r
20:22:25 §e[SkyHanni] §b+1 SkyBlock XP §7(HOTM Progression§7)§b (57/100)§r
20:22:27 §e[SkyHanni] §b+1 SkyBlock XP §7(HOTM Progression§7)§b (58/100)§r
20:35:19 §e[SkyHanni] §b+3 SkyBlock XP §7(Essence Shop§7)§b (61/100)§r
20:35:25 §e[SkyHanni] §b+5 SkyBlock XP §7(Essence Shop§7)§b (66/100)§r
20:51:30 §e[SkyHanni] You are close to the Croesus Limit. Please open your chests!§r
21:02:11 §e[SkyHanni] You are close to the Croesus Limit. Please open your chests!§r
21:12:52 §e[SkyHanni] You are close to the Croesus Limit. Please open your chests!§r
21:22:01 §e[SkyHanni] You are close to the Croesus Limit. Please open your chests!§r
21:22:34 §e[SkyHanni] §b+25 SkyBlock XP §7(Boss Collections§7)§b (91/100)§r
21:35:45 §e[SkyHanni] You are close to the Croesus Limit. Please open your chests!§r
21:44:31 §e[SkyHanni] You are close to the Croesus Limit. Please open your chests!§r
