09:46:14 [SKYMALL] §bNew day! §r§eYour §r§2Sky Mall §r§ebuff changed!
09:46:14 [SKYMALL] §eNew buff§r§r§r: §r§fGain §r§6+100⸕ Mining Speed§r§f.
09:46:14 [SKYMALL] §8§oYou can disable this messaging by toggling Sky Mall in your /hotm!
09:55:01 [SKYMALL] §bNew day! §r§eYour §r§2Sky Mall §r§ebuff changed!
09:55:01 [SKYMALL] §eNew buff§r§r§r: §r§fGain §r§6+100⸕ Mining Speed§r§f.
09:55:01 [SKYMALL] §8§oYou can disable this messaging by toggling Sky Mall in your /hotm!
10:15:01 [SKYMALL] §bNew day! §r§eYour §r§2Sky Mall §r§ebuff changed!
10:15:01 [SKYMALL] §eNew buff§r§r§r: §r§fGain §r§a5x §r§9Titanium §r§fdrops
10:15:01 [SKYMALL] §8§oYou can disable this messaging by toggling Sky Mall in your /hotm!
10:35:01 [SKYMALL] §bNew day! §r§eYour §r§2Sky Mall §r§ebuff changed!
10:35:01 [SKYMALL] §eNew buff§r§r§r: §r§fGain §r§6+100⸕ Mining Speed§r§f.
10:35:01 [SKYMALL] §8§oYou can disable this messaging by toggling Sky Mall in your /hotm!
10:55:02 [SKYMALL] §bNew day! §r§eYour §r§2Sky Mall §r§ebuff changed!
10:55:02 [SKYMALL] §eNew buff§r§r§r: §r§f§r§a-20%§r§f Pickaxe Ability cooldowns.
10:55:02 [SKYMALL] §8§oYou can disable this messaging by toggling Sky Mall in your /hotm!
11:10:03 [COMPACT_POTION_EFFECT] §a§lBUFF! §fYou have gained §r§4Regeneration IV§r§f! Press TAB or type /effects to view your active effects!
11:10:03 [COMPACT_POTION_EFFECT] §a§lBUFF! §fYou have gained §r§4Strength V§r§f! Press TAB or type /effects to view your active effects!
11:10:03 [COMPACT_POTION_EFFECT] §a§lBUFF! §fYou have gained §r§4Critical III§r§f! Press TAB or type /effects to view your active effects!
11:10:03 [COMPACT_POTION_EFFECT] §a§lBUFF! §fYou have gained §r§9Speed IV§r§f! Press TAB or type /effects to view your active effects!
11:10:03 [COMPACT_POTION_EFFECT] §a§lBUFF! §fYou have gained §r§aResistance V§r§f! Press TAB or type /effects to view your active effects!
11:10:03 [COMPACT_POTION_EFFECT] §a§lBUFF! §fYou have gained §r§bArchery III§r§f! Press TAB or type /effects to view your active effects!
11:15:00 [SKYMALL] §bNew day! §r§eYour §r§2Sky Mall §r§ebuff changed!
11:15:00 [SKYMALL] §eNew buff§r§r§r: §r§fGain §r§a+15% §r§fmore Powder while mining.
11:15:00 [SKYMALL] §8§oYou can disable this messaging by toggling Sky Mall in your /hotm!
11:21:55 [GARDEN_VISITOR_MESSAGE] §e[NPC] §9Pete§f: §r§fHorror stories are better when you have something to snack on y'know? If you help us gather some ingredients, we could roast some tasty marshmallows.
11:21:59 [GARDEN_VISITOR_MESSAGE] §e[NPC] §aStella§f: §r§fThe amount of plots you can unlock here is perfect for a Co-op. So much space!
