09:46:10 §e[SkyHanni] New rabbits are available at §aHoppity's Shop§e!
§e[CLICK to warp to hub or disable this feature]§r
09:46:41 §c[SkyHanni-0.27]: Caught a IllegalStateException in HoppityEggsManager at LorenzChatEvent: Unknown meal: Déjeuner§c. Click here to copy the error into the clipboard.§r
09:48:11 §e[SkyHanni] New rabbits are available at §aHoppity's Shop§e!
§e[CLICK to warp to hub or disable this feature]§r
09:50:12 §e[SkyHanni] New rabbits are available at §aHoppity's Shop§e!
§e[CLICK to warp to hub or disable this feature]§r
09:52:12 §e[SkyHanni] New rabbits are available at §aHoppity's Shop§e!
§e[CLICK to warp to hub or disable this feature]§r
10:04:46 §e[SkyHanni] You are close to the Croesus Limit. Please open your chests!§r
10:04:47 §e[SkyHanni] New rabbits are available at §aHoppity's Shop§e!
§e[CLICK to warp to hub or disable this feature]§r
10:19:40 §e[SkyHanni] You are close to the Croesus Limit. Please open your chests!§r
10:19:40 §e[SkyHanni] New rabbits are available at §aHoppity's Shop§e!
§e[CLICK to warp to hub or disable this feature]§r
10:20:59 §e[SkyHanni] §fYou were in Limbo for §e20s§f.§r
10:21:41 §e[SkyHanni] New rabbits are available at §aHoppity's Shop§e!
§e[CLICK to warp to hub or disable this feature]§r
10:33:27 §e[SkyHanni] You are close to the Croesus Limit. Please open your chests!§r
10:33:28 §e[SkyHanni] New rabbits are available at §aHoppity's Shop§e!
§e[CLICK to warp to hub or disable this feature]§r
10:35:29 §e[SkyHanni] New rabbits are available at §aHoppity's Shop§e!
§e[CLICK to warp to hub or disable this feature]§r
10:46:02 §e[SkyHanni] You are close to the Croesus Limit. Please open your chests!§r
10:46:03 §e[SkyHanni] New rabbits are available at §aHoppity's Shop§e!
§e[CLICK to warp to hub or disable this feature]§r
10:50:39 §e[SkyHanni] §cYour Time Tower just expired and has 1 charge remaining. Click here to use one.§r
10:55:57 §e[SkyHanni] You are close to the Croesus Limit. Please open your chests!§r
10:55:57 §e[SkyHanni] New rabbits are available at §aHoppity's Shop§e!
§e[CLICK to warp to hub or disable this feature]§r
11:06:13 §e[SkyHanni] You are close to the Croesus Limit. Please open your chests!§r
11:06:14 §e[SkyHanni] New rabbits are available at §aHoppity's Shop§e!
§e[CLICK to warp to hub or disable this feature]§r
11:06:41 §c[SkyHanni-0.27]: Caught a IllegalStateException in HoppityEggsManager at LorenzChatEvent: Unknown meal: Déjeuner§c. Click here to copy the error into the clipboard.§r
11:10:03 §a§lPotion Effect! §r§4Regeneration IV§r
11:10:03 §a§lPotion Effect! §r§4Strength V§r
11:10:03 §a§lPotion Effect! §r§4Critical III§r
11:10:03 §a§lPotion Effect! §r§9Speed IV§r
11:10:03 §a§lPotion Effect! §r§aResistance V§r
11:10:03 §a§lPotion Effect! §r§bArchery III§r
11:16:23 §e[SkyHanni] You are close to the Croesus Limit. Please open your chests!§r
11:16:24 §e[SkyHanni] New rabbits are available at §aHoppity's Shop§e!
§e[CLICK to warp to hub or disable this feature]§r
11:17:01 §e[SkyHanni] Click here to share the location of this chocolate egg with the server!§r
11:18:24 §e[SkyHanni] New rabbits are available at §aHoppity's Shop§e!
§e[CLICK to warp to hub or disable this feature]§r
11:18:49 §c[SkyHanni-0.27]: Caught a IllegalStateException in HoppityAPI at LorenzChatEvent: Unknown meal: Supper§c. Click here to copy the error into the clipboard.§r
11:20:25 §e[SkyHanni] New rabbits are available at §aHoppity's Shop§e!
§e[CLICK to warp to hub or disable this feature]§r
11:21:44 §e[SkyHanni] §aWeaponsmith §eis visiting your garden!§r
11:21:44 §e[SkyHanni] §aRhys §eis visiting your garden!§r
11:21:44 §e[SkyHanni] §aXalx §eis visiting your garden!§r
11:21:44 §e[SkyHanni] §aStella §eis visiting your garden!§r
11:21:44 §e[SkyHanni] §9Pete §eis visiting your garden!§r
