16:27:59 [SKYMALL] §bNew day! §r§eYour §r§2Sky Mall §r§ebuff changed!
16:27:59 [SKYMALL] §eNew buff§r§r§r: §r§fGain §r§6+100⸕ Mining Speed§r§f.
16:27:59 [SKYMALL] §8§oYou can disable this messaging by toggling Sky Mall in your /hotm!
16:28:07 [GARDEN_VISITOR_MESSAGE] §e[NPC] §aAndrew§f: §r§fI guess I'll come back in a bit.
16:28:12 [GARDEN_VISITOR_MESSAGE] §e[NPC] §aEmissary Fraiser§f: §r§fThe King will surely punish you for this disrespect!
16:28:13 [GARDEN_VISITOR_MESSAGE] §e[NPC] §aLumber Jack§f: §r§fMy assistant is feeling off, and I think we could do with a hearty meal. Do you think you can help us out?
16:28:17 [GARDEN_VISITOR_MESSAGE] §e[NPC] §aLumber Jack§f: §r§fI thought you'd be more thankful for the sweet axe my assistant gave you.
16:28:17 [GARDEN_VISITOR_MESSAGE] §e[NPC] §9Seymour§f: §r§fWanting to buy something from me? I got some pretty fancy tuxedos for sale, for a price of a small fortune.
16:28:27 [GARDEN_VISITOR_MESSAGE] §e[NPC] §9Seymour§f: §r§fWow, don't you look dashing with that! Pleasure doing business with you.
16:28:28 [GARDEN_VISITOR_MESSAGE] §e[NPC] §aLynn§f: §r§fIf you ever get lost, you should check on the Desk on what to do next.
16:28:32 [GARDEN_VISITOR_MESSAGE] §e[NPC] §aLynn§f: §r§fMaybe next time.
16:35:01 [SKYMALL] §bNew day! §r§eYour §r§2Sky Mall §r§ebuff changed!
16:35:01 [SKYMALL] §eNew buff§r§r§r: §r§fGain §r§6+50☘ Mining Fortune§r§f.
16:35:01 [SKYMALL] §8§oYou can disable this messaging by toggling Sky Mall in your /hotm!
16:55:06 [SKYMALL] §bNew day! §r§eYour §r§2Sky Mall §r§ebuff changed!
16:55:06 [SKYMALL] §eNew buff§r§r§r: §r§fGain §r§6+50☘ Mining Fortune§r§f.
16:55:06 [SKYMALL] §8§oYou can disable this messaging by toggling Sky Mall in your /hotm!
17:15:03 [SKYMALL] §bNew day! §r§eYour §r§2Sky Mall §r§ebuff changed!
17:15:03 [SKYMALL] §eNew buff§r§r§r: §r§f§r§a-20%§r§f Pickaxe Ability cooldowns.
17:15:03 [SKYMALL] §8§oYou can disable this messaging by toggling Sky Mall in your /hotm!
17:35:01 [SKYMALL] §bNew day! §r§eYour §r§2Sky Mall §r§ebuff changed!
17:35:01 [SKYMALL] §eNew buff§r§r§r: §r§fGain §r§a+15% §r§fmore Powder while mining.
17:35:01 [SKYMALL] §8§oYou can disable this messaging by toggling Sky Mall in your /hotm!
17:45:06 [BESTIARY] §f                                  §6§lBESTIARY
17:45:06 [BESTIARY] §f                               §b§lMimic §7§8XI §8➡§b §bXII
17:45:06 [BESTIARY] 
17:45:06 [BESTIARY] §f                                  §r§6§lREWARDS
17:45:06 [BESTIARY] §f                           §r§8+§r§a4 Mimic §r§b✯ Magic Find
17:45:06 [BESTIARY] §f                            §r§8+§r§a4 Mimic §r§c❁ Strength
17:45:06 [BESTIARY] §f                               §r§8+§r§62% §r§aMimic §r§7coins
17:45:06 [BESTIARY] §f                    §r§8+§r§a50% §r§7chance for extra XP orbs
17:45:06 [BESTIARY] §f                               §r§8+§r§b1 SkyBlock XP
17:45:06 [BESTIARY] 
17:45:06 [BESTIARY] §3§l▬▬▬▬▬▬▬▬▬▬▬▬▬▬▬▬▬▬▬▬▬▬▬▬▬▬▬▬▬▬▬▬▬▬▬▬▬▬▬▬▬▬▬▬▬▬▬▬▬▬▬▬▬▬▬▬▬▬▬▬▬▬▬▬
17:55:00 [SKYMALL] §bNew day! §r§eYour §r§2Sky Mall §r§ebuff changed!
17:55:00 [SKYMALL] §eNew buff§r§r§r: §r§fGain §r§6+100⸕ Mining Speed§r§f.
17:55:00 [SKYMALL] §8§oYou can disable this messaging by toggling Sky Mall in your /hotm!
18:15:01 [SKYMALL] §bNew day! §r§eYour §r§2Sky Mall §r§ebuff changed!
18:15:01 [SKYMALL] §eNew buff§r§r§r: §r§fGain §r§6+50☘ Mining Fortune§r§f.
18:15:01 [SKYMALL] §8§oYou can disable this messaging by toggling Sky Mall in your /hotm!
18:26:45 [BESTIARY] §f                                  §6§lBESTIARY
18:26:45 [BESTIARY] §f                      §b§lWither Guard §7§8XXIII §8➡§b §bXXIV
18:26:45 [BESTIARY] 
18:26:45 [BESTIARY] §f                                  §r§6§lREWARDS
18:26:45 [BESTIARY] §f                      §r§8+§r§a6 Wither Guard §r§b✯ Magic Find
18:26:45 [BESTIARY] §f                       §r§8+§r§a6 Wither Guard §r§c❁ Strength
18:26:45 [BESTIARY] §f                          §r§8+§r§62% §r§aWither Guard §r§7coins
18:26:45 [BESTIARY] §f                    §r§8+§r§a50% §r§7chance for extra XP orbs
18:26:45 [BESTIARY] §f                               §r§8+§r§b1 SkyBlock XP
18:26:45 [BESTIARY] 
18:26:45 [BESTIARY] §3§l▬▬▬▬▬▬▬▬▬▬▬▬▬▬▬▬▬▬▬▬▬▬▬▬▬▬▬▬▬▬▬▬▬▬▬▬▬▬▬▬▬▬▬▬▬▬▬▬▬▬▬▬▬▬▬▬▬▬▬▬▬▬▬▬
18:31:57 [BESTIARY] §f                                  §6§lBESTIARY
18:31:57 [BESTIARY] §f                      §b§lUndead Skeleton §7§8XX §8➡§b §bXXI
18:31:57 [BESTIARY] 
18:31:57 [BESTIARY] §f                                  §r§6§lREWARDS
18:31:57 [BESTIARY] §f                    §r§8+§r§a6 Undead Skeleton §r§b✯ Magic Find
18:31:57 [BESTIARY] §f                    §r§8+§r§a6 Undead Skeleton §r§c❁ Strength
18:31:57 [BESTIARY] §f                        §r§8+§r§62% §r§aUndead Skeleton §r§7coins
18:31:57 [BESTIARY] §f                    §r§8+§r§a50% §r§7chance for extra XP orbs
18:31:57 [BESTIARY] §f                               §r§8+§r§b1 SkyBlock XP
18:31:57 [BESTIARY] 
18:31:57 [BESTIARY] §3§l▬▬▬▬▬▬▬▬▬▬▬▬▬▬▬▬▬▬▬▬▬▬▬▬▬▬▬▬▬▬▬▬▬▬▬▬▬▬▬▬▬▬▬▬▬▬▬▬▬▬▬▬▬▬▬▬▬▬▬▬▬▬▬▬
18:33:11 [BESTIARY] §f                                  §6§lBESTIARY
18:33:11 [BESTIARY] §f                           §b§lKing Midas §7§8XI §8➡§b §bXII
18:33:11 [BESTIARY] 
18:33:11 [BESTIARY] §f                                  §r§6§lREWARDS
18:33:11 [BESTIARY] §f                      §r§8+§r§a4 §r§d§lKing Midas §r§b✯ Magic Find
18:33:11 [BESTIARY] §f                       §r§8+§r§a4 §r§d§lKing Midas §r§c❁ Strength
18:33:11 [BESTIARY] §f                          §r§8+§r§62% §r§a§r§d§lKing Midas §r§7coins
18:33:11 [BESTIARY] §f                    §r§8+§r§a50% §r§7chance for extra XP orbs
18:33:11 [BESTIARY] §f                               §r§8+§r§b1 SkyBlock XP
18:33:11 [BESTIARY] 
18:33:11 [BESTIARY] §3§l▬▬▬▬▬▬▬▬▬▬▬▬▬▬▬▬▬▬▬▬▬▬▬▬▬▬▬▬▬▬▬▬▬▬▬▬▬▬▬▬▬▬▬▬▬▬▬▬▬▬▬▬▬▬▬▬▬▬▬▬▬▬▬▬
18:35:02 [SKYMALL] §bNew day! §r§eYour §r§2Sky Mall §r§ebuff changed!
18:35:02 [SKYMALL] §eNew buff§r§r§r: §r§fGain §r§6+100⸕ Mining Speed§r§f.
18:35:02 [SKYMALL] §8§oYou can disable this messaging by toggling Sky Mall in your /hotm!
18:52:41 [GARDEN_VISITOR_MESSAGE] §e[NPC] §9Tia the Fairy§f: §rYou are currently missing §d44 §fFairy Souls. Better get to work!
18:52:46 [GARDEN_VISITOR_MESSAGE] §e[NPC] §9Tia the Fairy§f: §r§fAlright, I won't bother you anymore.
18:52:46 [GARDEN_VISITOR_MESSAGE] §e[NPC] §aJamie§f: §r§fYou might have noticed that you can purchase additional plots within your Desk in the Barn!
18:52:48 [GARDEN_VISITOR_MESSAGE] §e[NPC] §aJamie§f: §r§fNo worries.
18:52:49 [GARDEN_VISITOR_MESSAGE] §e[NPC] §aLiam§f: §r§fOne day you'll be able to buy the sun, trust me on that mate.
18:52:50 [GARDEN_VISITOR_MESSAGE] §e[NPC] §aLiam§f: §r§fAlright...
18:52:51 [GARDEN_VISITOR_MESSAGE] §e[NPC] §aLynn§f: §r§fIf you ever get lost, you should check on the Desk on what to do next.
18:52:52 [GARDEN_VISITOR_MESSAGE] §e[NPC] §aLynn§f: §r§fMaybe next time.
18:52:53 [GARDEN_VISITOR_MESSAGE] §e[NPC] §aTarwen§f: §r§fBuurrrp? ... Burrp bURp!
18:52:56 [GARDEN_VISITOR_MESSAGE] §e[NPC] §aTarwen§f: §r§fBuUuUrRrPpP!
