16:27:55 §e[SkyHanni] §aAndrew §eis visiting your garden!§r
16:27:55 §e[SkyHanni] §aEmissary Fraiser §eis visiting your garden!§r
16:27:55 §e[SkyHanni] §aLumber Jack §eis visiting your garden!§r
16:27:55 §e[SkyHanni] §9Seymour §eis visiting your garden!§r
16:27:55 §e[SkyHanni] §aLynn §eis visiting your garden!§r
16:28:04 §e[SkyHanni] §aAndrew §eis visiting your garden!§r
16:28:08 §e[SkyHanni] §aEmissary Fraiser §eis visiting your garden!§r
16:28:13 §e[SkyHanni] §aLumber Jack §eis visiting your garden!§r
16:28:13 §e[SkyHanni] §9Seymour §eis visiting your garden!§r
16:28:13 §e[SkyHanni] §aLynn §eis visiting your garden!§r
16:42:28 §e[SkyHanni] You are close to the Croesus Limit. Please open your chests!§r
16:53:44 §e[SkyHanni] You are close to the Croesus Limit. Please open your chests!§r
17:09:49 §e[SkyHanni] You are close to the Croesus Limit. Please open your chests!§r
17:19:50 §e[SkyHanni] You are close to the Croesus Limit. Please open your chests!§r
17:28:44 §e[SkyHanni] You are close to the Croesus Limit. Please open your chests!§r
17:42:41 §e[SkyHanni] You are close to the Croesus Limit. Please open your chests!§r
17:45:06 §6§lBESTIARY §r§b§lMimic §7§8XI §8➡§b §bXII§r
17:52:40 §e[SkyHanni] You are close to the Croesus Limit. Please open your chests!§r
18:02:37 §e[SkyHanni] You are close to the Croesus Limit. Please open your chests!§r
18:13:06 §e[SkyHanni] You are close to the Croesus Limit. Please open your chests!§r
18:26:45 §6§lBESTIARY §r§b§lWither Guard §7§8XXIII §8➡§b §bXXIV§r
18:30:46 §e[SkyHanni] You are close to the Croesus Limit. Please open your chests!§r
18:31:57 §6§lBESTIARY §r§b§lUndead Skeleton §7§8XX §8➡§b §bXXI§r
18:33:11 §6§lBESTIARY §r§b§lKing Midas §7§8XI §8➡§b §bXII§r
18:38:49 §e[SkyHanni] You are close to the Croesus Limit. Please open your chests!§r
18:48:54 §e[SkyHanni] You are close to the Croesus Limit. Please open your chests!§r
18:52:31 §e[SkyHanni] §9Tia the Fairy §eis visiting your garden!§r
18:52:31 §e[SkyHanni] §aJamie §eis visiting your garden!§r
18:52:31 §e[SkyHanni] §aLiam §eis visiting your garden!§r
18:52:31 §e[SkyHanni] §aLynn §eis visiting your garden!§r
18:52:31 §e[SkyHanni] §aTarwen §eis visiting your garden!§r
