16:36:00 Trying to load config from config\skyhanni\config.json
16:36:00 load-config-now
16:36:00 Loaded config from file
16:36:00 Trying to load sacks from config\skyhanni\sacks.json
16:36:00 load-sacks-now
16:36:00 Loaded sacks from file
16:36:00 Trying to load friends from config\skyhanni\friends.json
16:36:00 load-friends-now
16:36:00 Loaded friends from file
16:36:00 Trying to load known_features from config\skyhanni\known_features.json
16:36:00 load-known_features-now
16:36:00 Loaded known_features from file
16:36:00 Trying to load jacob_contests from config\skyhanni\jacob_contests.json
16:36:00 load-jacob_contests-now
16:36:00 Loaded jacob_contests from file
16:36:00 Trying to load visual_words from config\skyhanni\visual_words.json
16:36:00 Setting visual_words to be blank as it did not exist. It will be saved once something is written to it
16:37:00 saveConfig: auto-save-60s
16:37:00 Saving config file
16:37:43 saveConfig: Updated known feature flags
16:37:43 Saving known_features file
16:38:00 saveConfig: auto-save-60s
16:38:00 Saving config file
16:39:00 saveConfig: auto-save-60s
16:39:00 Saving config file
16:40:00 saveConfig: auto-save-60s
16:40:00 Saving config file
16:41:00 saveConfig: auto-save-60s
16:41:00 Saving config file
16:42:00 saveConfig: auto-save-60s
16:42:00 Saving config file
16:43:00 saveConfig: auto-save-60s
16:43:00 Saving config file
16:44:00 saveConfig: auto-save-60s
16:44:00 Saving config file
16:45:00 saveConfig: auto-save-60s
16:45:00 Saving config file
16:46:00 saveConfig: auto-save-60s
16:46:00 Saving config file
16:47:00 saveConfig: auto-save-60s
16:47:00 Saving config file
16:48:00 saveConfig: auto-save-60s
16:48:00 Saving config file
16:48:32 saveConfig: saving-data
16:48:32 Saving sacks file
16:49:00 saveConfig: auto-save-60s
16:49:00 Saving config file
16:50:00 saveConfig: auto-save-60s
16:50:00 Saving config file
16:51:00 saveConfig: auto-save-60s
16:51:00 Saving config file
16:51:09 saveConfig: saving-data
16:51:09 Saving sacks file
16:51:33 saveConfig: saving-data
16:51:33 Saving sacks file
16:51:45 saveConfig: saving-data
16:51:45 Saving sacks file
16:52:00 saveConfig: auto-save-60s
16:52:00 Saving config file
16:52:33 saveConfig: saving-data
16:52:33 Saving sacks file
16:52:48 saveConfig: saving-data
16:52:48 Saving sacks file
16:53:00 saveConfig: auto-save-60s
16:53:00 Saving config file
16:53:12 saveConfig: saving-data
16:53:12 Saving sacks file
16:53:33 saveConfig: saving-data
16:53:33 Saving sacks file
16:53:44 saveConfig: saving-data
16:53:44 Saving sacks file
16:53:56 saveConfig: saving-data
16:53:56 Saving sacks file
16:54:00 saveConfig: auto-save-60s
16:54:00 Saving config file
16:54:12 saveConfig: saving-data
16:54:12 Saving sacks file
16:55:00 saveConfig: auto-save-60s
16:55:00 Saving config file
16:55:01 saveConfig: saving-data
16:55:01 Saving sacks file
16:55:30 saveConfig: saving-data
16:55:30 Saving sacks file
16:55:44 saveConfig: saving-data
16:55:44 Saving sacks file
16:56:00 saveConfig: auto-save-60s
16:56:00 Saving config file
16:56:21 saveConfig: saving-data
16:56:21 Saving sacks file
16:56:51 saveConfig: saving-data
16:56:51 Saving sacks file
16:57:00 saveConfig: auto-save-60s
16:57:00 Saving config file
16:57:00 saveConfig: saving-data
16:57:00 Saving sacks file
16:57:21 saveConfig: saving-data
16:57:21 Saving sacks file
16:57:32 saveConfig: saving-data
16:57:32 Saving sacks file
16:58:00 saveConfig: auto-save-60s
16:58:00 Saving config file
16:59:00 saveConfig: auto-save-60s
16:59:00 Saving config file
17:00:00 saveConfig: auto-save-60s
17:00:00 Saving config file
17:01:00 saveConfig: auto-save-60s
17:01:00 Saving config file
17:02:00 saveConfig: auto-save-60s
17:02:00 Saving config file
17:03:00 saveConfig: auto-save-60s
17:03:00 Saving config file
17:04:00 saveConfig: auto-save-60s
17:04:00 Saving config file
17:05:00 saveConfig: auto-save-60s
17:05:00 Saving config file
17:06:00 saveConfig: auto-save-60s
17:06:00 Saving config file
17:06:20 saveConfig: saving-data
17:06:20 Saving sacks file
17:07:00 saveConfig: auto-save-60s
17:07:00 Saving config file
17:08:00 saveConfig: auto-save-60s
17:08:00 Saving config file
17:09:00 saveConfig: auto-save-60s
17:09:00 Saving config file
17:10:00 saveConfig: auto-save-60s
17:10:00 Saving config file
17:11:00 saveConfig: auto-save-60s
17:11:00 Saving config file
17:12:00 saveConfig: auto-save-60s
17:12:00 Saving config file
17:13:00 saveConfig: auto-save-60s
17:13:00 Saving config file
17:14:00 saveConfig: auto-save-60s
17:14:00 Saving config file
17:14:23 saveConfig: saving-data
17:14:23 Saving sacks file
17:15:00 saveConfig: auto-save-60s
17:15:00 Saving config file
17:16:00 saveConfig: auto-save-60s
17:16:00 Saving config file
17:17:00 saveConfig: auto-save-60s
17:17:00 Saving config file
17:17:36 saveConfig: saving-data
17:17:36 Saving sacks file
17:18:00 saveConfig: auto-save-60s
17:18:00 Saving config file
17:19:00 saveConfig: auto-save-60s
17:19:00 Saving config file
17:20:00 saveConfig: auto-save-60s
17:20:00 Saving config file
17:21:00 saveConfig: auto-save-60s
17:21:00 Saving config file
17:22:00 saveConfig: auto-save-60s
17:22:00 Saving config file
17:23:00 saveConfig: auto-save-60s
17:23:00 Saving config file
17:24:00 saveConfig: auto-save-60s
17:24:00 Saving config file
17:24:05 saveConfig: saving-data
17:24:05 Saving sacks file
17:24:32 saveConfig: saving-data
17:24:32 Saving sacks file
17:25:00 saveConfig: auto-save-60s
17:25:00 Saving config file
17:26:00 saveConfig: auto-save-60s
17:26:00 Saving config file
17:27:00 saveConfig: auto-save-60s
17:27:00 Saving config file
17:28:00 saveConfig: auto-save-60s
17:28:00 Saving config file
17:29:00 saveConfig: auto-save-60s
17:29:00 Saving config file
17:30:00 saveConfig: auto-save-60s
17:30:00 Saving config file
17:31:00 saveConfig: auto-save-60s
17:31:00 Saving config file
17:32:00 saveConfig: auto-save-60s
17:32:00 Saving config file
17:33:00 saveConfig: auto-save-60s
17:33:00 Saving config file
17:34:00 saveConfig: auto-save-60s
17:34:00 Saving config file
17:35:00 saveConfig: auto-save-60s
17:35:00 Saving config file
17:36:00 saveConfig: auto-save-60s
17:36:00 Saving config file
17:37:00 saveConfig: auto-save-60s
17:37:00 Saving config file
17:38:00 saveConfig: auto-save-60s
17:38:00 Saving config file
17:39:00 saveConfig: auto-save-60s
17:39:00 Saving config file
17:40:00 saveConfig: auto-save-60s
17:40:00 Saving config file
17:41:00 saveConfig: auto-save-60s
17:41:00 Saving config file
17:42:00 saveConfig: auto-save-60s
17:42:00 Saving config file
17:43:00 saveConfig: auto-save-60s
17:43:00 Saving config file
17:44:00 saveConfig: auto-save-60s
17:44:00 Saving config file
17:45:00 saveConfig: auto-save-60s
17:45:00 Saving config file
17:46:00 saveConfig: auto-save-60s
17:46:00 Saving config file
17:47:00 saveConfig: auto-save-60s
17:47:00 Saving config file
17:48:00 saveConfig: auto-save-60s
17:48:00 Saving config file
17:49:00 saveConfig: auto-save-60s
17:49:00 Saving config file
17:50:00 saveConfig: auto-save-60s
17:50:00 Saving config file
17:51:00 saveConfig: auto-save-60s
17:51:00 Saving config file
17:52:00 saveConfig: auto-save-60s
17:52:00 Saving config file
17:53:00 saveConfig: auto-save-60s
17:53:00 Saving config file
17:54:00 saveConfig: auto-save-60s
17:54:00 Saving config file
17:55:00 saveConfig: auto-save-60s
17:55:00 Saving config file
17:56:00 saveConfig: auto-save-60s
17:56:00 Saving config file
17:57:00 saveConfig: auto-save-60s
17:57:00 Saving config file
17:58:00 saveConfig: auto-save-60s
17:58:00 Saving config file
17:59:00 saveConfig: auto-save-60s
17:59:00 Saving config file
18:00:00 saveConfig: auto-save-60s
18:00:00 Saving config file
18:01:00 saveConfig: auto-save-60s
18:01:00 Saving config file
18:02:00 saveConfig: auto-save-60s
18:02:00 Saving config file
18:03:00 saveConfig: auto-save-60s
18:03:00 Saving config file
18:04:00 saveConfig: auto-save-60s
18:04:00 Saving config file
18:05:00 saveConfig: auto-save-60s
18:05:00 Saving config file
18:06:00 saveConfig: auto-save-60s
18:06:00 Saving config file
18:07:00 saveConfig: auto-save-60s
18:07:00 Saving config file
18:08:00 saveConfig: auto-save-60s
18:08:00 Saving config file
18:09:00 saveConfig: auto-save-60s
18:09:00 Saving config file
18:10:00 saveConfig: auto-save-60s
18:10:00 Saving config file
18:11:00 saveConfig: auto-save-60s
18:11:00 Saving config file
18:12:00 saveConfig: auto-save-60s
18:12:00 Saving config file
18:13:00 saveConfig: auto-save-60s
18:13:00 Saving config file
18:14:00 saveConfig: auto-save-60s
18:14:00 Saving config file
18:15:00 saveConfig: auto-save-60s
18:15:00 Saving config file
18:16:00 saveConfig: auto-save-60s
18:16:00 Saving config file
18:17:00 saveConfig: auto-save-60s
18:17:00 Saving config file
18:18:00 saveConfig: auto-save-60s
18:18:00 Saving config file
18:19:00 saveConfig: auto-save-60s
18:19:00 Saving config file
18:20:00 saveConfig: auto-save-60s
18:20:00 Saving config file
18:21:00 saveConfig: auto-save-60s
18:21:00 Saving config file
18:22:00 saveConfig: auto-save-60s
18:22:00 Saving config file
18:23:00 saveConfig: auto-save-60s
18:23:00 Saving config file
18:24:00 saveConfig: auto-save-60s
18:24:00 Saving config file
18:25:00 saveConfig: auto-save-60s
18:25:00 Saving config file
18:26:00 saveConfig: auto-save-60s
18:26:00 Saving config file
18:27:00 saveConfig: auto-save-60s
18:27:00 Saving config file
18:28:00 saveConfig: auto-save-60s
18:28:00 Saving config file
18:29:00 saveConfig: auto-save-60s
18:29:00 Saving config file
18:30:00 saveConfig: auto-save-60s
18:30:00 Saving config file
18:31:00 saveConfig: auto-save-60s
18:31:00 Saving config file
18:32:00 saveConfig: auto-save-60s
18:32:00 Saving config file
18:33:00 saveConfig: auto-save-60s
18:33:00 Saving config file
18:34:00 saveConfig: auto-save-60s
18:34:00 Saving config file
18:35:00 saveConfig: auto-save-60s
18:35:00 Saving config file
18:36:00 saveConfig: auto-save-60s
18:36:00 Saving config file
18:37:00 saveConfig: auto-save-60s
18:37:00 Saving config file
18:38:00 saveConfig: auto-save-60s
18:38:00 Saving config file
18:39:00 saveConfig: auto-save-60s
18:39:00 Saving config file
18:40:00 saveConfig: auto-save-60s
18:40:00 Saving config file
18:41:00 saveConfig: auto-save-60s
18:41:00 Saving config file
18:42:00 saveConfig: auto-save-60s
18:42:00 Saving config file
18:43:00 saveConfig: auto-save-60s
18:43:00 Saving config file
18:44:00 saveConfig: auto-save-60s
18:44:00 Saving config file
18:45:00 saveConfig: auto-save-60s
18:45:00 Saving config file
18:46:00 saveConfig: auto-save-60s
18:46:00 Saving config file
18:47:00 saveConfig: auto-save-60s
18:47:00 Saving config file
18:48:00 saveConfig: auto-save-60s
18:48:00 Saving config file
18:49:00 saveConfig: auto-save-60s
18:49:00 Saving config file
18:50:00 saveConfig: auto-save-60s
18:50:00 Saving config file
18:51:00 saveConfig: auto-save-60s
18:51:00 Saving config file
18:52:00 saveConfig: auto-save-60s
18:52:00 Saving config file
18:53:00 saveConfig: auto-save-60s
18:53:00 Saving config file
18:54:00 saveConfig: auto-save-60s
18:54:00 Saving config file
18:55:00 saveConfig: auto-save-60s
18:55:00 Saving config file
18:56:00 saveConfig: auto-save-60s
18:56:00 Saving config file
18:57:00 saveConfig: auto-save-60s
18:57:00 Saving config file
18:58:00 saveConfig: auto-save-60s
18:58:00 Saving config file
18:59:00 saveConfig: auto-save-60s
18:59:00 Saving config file
19:00:00 saveConfig: auto-save-60s
19:00:00 Saving config file
19:01:00 saveConfig: auto-save-60s
19:01:00 Saving config file
19:02:00 saveConfig: auto-save-60s
19:02:00 Saving config file
19:03:00 saveConfig: auto-save-60s
19:03:00 Saving config file
19:04:00 saveConfig: auto-save-60s
19:04:00 Saving config file
19:05:00 saveConfig: auto-save-60s
19:05:00 Saving config file
19:06:00 saveConfig: auto-save-60s
19:06:00 Saving config file
19:07:00 saveConfig: auto-save-60s
19:07:00 Saving config file
19:08:00 saveConfig: auto-save-60s
19:08:00 Saving config file
19:09:00 saveConfig: auto-save-60s
19:09:00 Saving config file
19:10:00 saveConfig: auto-save-60s
19:10:00 Saving config file
19:11:00 saveConfig: auto-save-60s
19:11:00 Saving config file
19:12:00 saveConfig: auto-save-60s
19:12:00 Saving config file
19:13:00 saveConfig: auto-save-60s
19:13:00 Saving config file
19:14:00 saveConfig: auto-save-60s
19:14:00 Saving config file
19:15:00 saveConfig: auto-save-60s
19:15:00 Saving config file
19:16:00 saveConfig: auto-save-60s
19:16:00 Saving config file
19:17:00 saveConfig: auto-save-60s
19:17:00 Saving config file
19:17:32 saveConfig: shutdown-hook
19:17:32 Saving config file
