19:06:01 
19:06:01 blocked link because:
19:06:01 isGuiScreen
19:06:01 isNotInSignAndOnSlot
19:06:01 
19:06:01 
19:06:01 blocked link because:
19:06:01 isGuiScreen
19:06:01 isNotInSignAndOnSlot
19:06:01 
19:06:01 
19:06:01 blocked link because:
19:06:01 isGuiScreen
19:06:01 isNotInSignAndOnSlot
19:06:01 
19:06:01 
19:06:01 blocked link because:
19:06:01 isGuiScreen
19:06:01 isNotInSignAndOnSlot
19:06:01 
19:06:01 
19:06:01 blocked link because:
19:06:01 isGuiScreen
19:06:01 isNotInSignAndOnSlot
19:06:01 
19:06:01 
19:06:01 blocked link because:
19:06:01 isGuiScreen
19:06:01 isNotInSignAndOnSlot
19:06:01 
19:06:01 
19:06:01 blocked link because:
19:06:01 isGuiScreen
19:06:01 isNotInSignAndOnSlot
19:06:01 
19:06:01 
19:06:01 blocked link because:
19:06:01 isGuiScreen
19:06:01 isNotInSignAndOnSlot
19:06:01 
19:06:08 
19:06:08 blocked link because:
19:06:08 isGuiScreen
19:06:08 isNotInSignAndOnSlot
19:06:08 
19:06:08 
19:06:08 blocked link because:
19:06:08 isGuiScreen
19:06:08 isNotInSignAndOnSlot
19:06:08 
19:06:08 
19:06:08 blocked link because:
19:06:08 isGuiScreen
19:06:08 isNotInSignAndOnSlot
19:06:08 
19:06:08 
19:06:08 blocked link because:
19:06:08 isGuiScreen
19:06:08 isNotInSignAndOnSlot
19:06:08 
19:06:08 
19:06:08 blocked link because:
19:06:08 isGuiScreen
19:06:08 isNotInSignAndOnSlot
19:06:08 
19:06:08 
19:06:08 blocked link because:
19:06:08 isGuiScreen
19:06:08 isNotInSignAndOnSlot
19:06:08 
19:06:44 
19:06:44 blocked link because:
19:06:44 isGuiScreen
19:06:44 
19:06:44 
19:06:44 blocked link because:
19:06:44 isGuiScreen
19:06:44 
19:06:44 
19:06:44 blocked link because:
19:06:44 isGuiScreen
19:06:44 
19:06:44 
19:06:44 blocked link because:
19:06:44 isGuiScreen
19:06:44 
19:06:44 
19:06:44 blocked link because:
19:06:44 isGuiScreen
19:06:44 
19:06:44 
19:06:44 blocked link because:
19:06:44 isGuiScreen
19:06:44 
19:06:44 
19:06:44 blocked link because:
19:06:44 isGuiScreen
19:06:44 
19:06:44 
19:06:44 blocked link because:
19:06:44 isGuiScreen
19:06:44 
19:06:44 
19:06:44 blocked link because:
19:06:44 isGuiScreen
19:06:44 
19:06:44 
19:06:44 blocked link because:
19:06:44 isGuiScreen
19:06:44 
19:06:44 
19:06:44 blocked link because:
19:06:44 isGuiScreen
19:06:44 
19:06:44 
19:06:44 blocked link because:
19:06:44 isGuiScreen
19:06:44 
19:06:44 
19:06:44 blocked link because:
19:06:44 isGuiScreen
19:06:44 
19:06:44 
19:06:44 blocked link because:
19:06:44 isGuiScreen
19:06:44 
19:06:44 
19:06:44 blocked link because:
19:06:44 isGuiScreen
19:06:44 
19:06:44 
19:06:44 blocked link because:
19:06:44 isGuiScreen
19:06:44 
19:06:44 
19:06:44 blocked link because:
19:06:44 isGuiScreen
19:06:44 
19:06:44 
19:06:44 blocked link because:
19:06:44 isGuiScreen
19:06:44 
19:06:44 
19:06:44 blocked link because:
19:06:44 isGuiScreen
19:06:44 
19:06:44 
19:06:44 blocked link because:
19:06:44 isGuiScreen
19:06:44 
19:06:44 
19:06:44 blocked link because:
19:06:44 isGuiScreen
19:06:44 
19:06:44 
19:06:44 blocked link because:
19:06:44 isGuiScreen
19:06:44 
19:06:49 
19:06:49 blocked link because:
19:06:49 isGuiScreen
19:06:49 
19:06:49 
19:06:49 blocked link because:
19:06:49 isGuiScreen
19:06:49 
19:06:49 
19:06:49 blocked link because:
19:06:49 isGuiScreen
19:06:49 
19:06:49 
19:06:49 blocked link because:
19:06:49 isGuiScreen
19:06:49 
19:06:49 
19:06:49 blocked link because:
19:06:49 isGuiScreen
19:06:49 
19:06:49 
19:06:49 blocked link because:
19:06:49 isGuiScreen
19:06:49 
19:06:49 
19:06:49 blocked link because:
19:06:49 isGuiScreen
19:06:49 
19:06:49 
19:06:49 blocked link because:
19:06:49 isGuiScreen
19:06:49 
19:06:49 
19:06:49 blocked link because:
19:06:49 isGuiScreen
19:06:49 
19:06:49 
19:06:49 blocked link because:
19:06:49 isGuiScreen
19:06:49 
19:06:50 
19:06:50 blocked link because:
19:06:50 isGuiScreen
19:06:50 
19:06:50 
19:06:50 blocked link because:
19:06:50 isGuiScreen
19:06:50 
19:06:50 
19:06:50 blocked link because:
19:06:50 isGuiScreen
19:06:50 
19:06:50 
19:06:50 blocked link because:
19:06:50 isGuiScreen
19:06:50 
19:06:50 
19:06:50 blocked link because:
19:06:50 isGuiScreen
19:06:50 
19:06:50 
19:06:50 blocked link because:
19:06:50 isGuiScreen
19:06:50 
19:06:50 
19:06:50 blocked link because:
19:06:50 isGuiScreen
19:06:50 
19:06:50 
19:06:50 blocked link because:
19:06:50 isGuiScreen
19:06:50 
19:06:50 
19:06:50 blocked link because:
19:06:50 isGuiScreen
19:06:50 
19:06:50 
19:06:50 blocked link because:
19:06:50 isGuiScreen
19:06:50 
19:06:50 
19:06:50 blocked link because:
19:06:50 isGuiScreen
19:06:50 
19:06:51 
19:06:51 blocked link because:
19:06:51 isGuiScreen
19:06:51 
19:07:02 
19:07:02 blocked link because:
19:07:02 isGuiScreen
19:07:02 
19:07:02 
19:07:02 blocked link because:
19:07:02 isGuiScreen
19:07:02 
19:07:03 
19:07:03 blocked link because:
19:07:03 isGuiScreen
19:07:03 
19:07:03 
19:07:03 blocked link because:
19:07:03 isGuiScreen
19:07:03 
19:07:03 
19:07:03 blocked link because:
19:07:03 isGuiScreen
19:07:03 
19:07:03 
19:07:03 blocked link because:
19:07:03 isGuiScreen
19:07:03 
19:07:03 
19:07:03 blocked link because:
19:07:03 isGuiScreen
19:07:03 
19:07:03 
19:07:03 blocked link because:
19:07:03 isGuiScreen
19:07:03 
19:07:03 
19:07:03 blocked link because:
19:07:03 isGuiScreen
19:07:03 
19:07:03 
19:07:03 blocked link because:
19:07:03 isGuiScreen
19:07:03 
19:07:03 
19:07:03 blocked link because:
19:07:03 isGuiScreen
19:07:03 
19:07:03 
19:07:03 blocked link because:
19:07:03 isGuiScreen
19:07:03 
19:07:03 
19:07:03 blocked link because:
19:07:03 isGuiScreen
19:07:03 
19:07:03 
19:07:03 blocked link because:
19:07:03 isGuiScreen
19:07:03 
19:07:03 
19:07:03 blocked link because:
19:07:03 isGuiScreen
19:07:03 
19:07:03 
19:07:03 blocked link because:
19:07:03 isGuiScreen
19:07:03 
19:07:03 
19:07:03 blocked link because:
19:07:03 isGuiScreen
19:07:03 
19:07:03 
19:07:03 blocked link because:
19:07:03 isGuiScreen
19:07:03 
19:07:04 
19:07:04 blocked link because:
19:07:04 isGuiScreen
19:07:04 
19:07:04 
19:07:04 blocked link because:
19:07:04 isGuiScreen
19:07:04 
19:07:04 
19:07:04 blocked link because:
19:07:04 isGuiScreen
19:07:04 
19:07:04 
19:07:04 blocked link because:
19:07:04 isGuiScreen
19:07:04 
19:07:04 
19:07:04 blocked link because:
19:07:04 isGuiScreen
19:07:04 
19:07:04 
19:07:04 blocked link because:
19:07:04 isGuiScreen
19:07:04 
19:07:04 
19:07:04 blocked link because:
19:07:04 isGuiScreen
19:07:04 
19:07:04 
19:07:04 blocked link because:
19:07:04 isGuiScreen
19:07:04 
19:07:04 
19:07:04 blocked link because:
19:07:04 isGuiScreen
19:07:04 
19:07:04 
19:07:04 blocked link because:
19:07:04 isGuiScreen
19:07:04 
19:07:05 
19:07:05 blocked link because:
19:07:05 isGuiScreen
19:07:05 
19:07:05 
19:07:05 blocked link because:
19:07:05 isGuiScreen
19:07:05 
19:07:05 
19:07:05 blocked link because:
19:07:05 isGuiScreen
19:07:05 
19:07:05 
19:07:05 blocked link because:
19:07:05 isGuiScreen
19:07:05 
19:07:05 
19:07:05 blocked link because:
19:07:05 isGuiScreen
19:07:05 
19:07:05 
19:07:05 blocked link because:
19:07:05 isGuiScreen
19:07:05 
19:07:05 
19:07:05 blocked link because:
19:07:05 isGuiScreen
19:07:05 
19:07:05 
19:07:05 blocked link because:
19:07:05 isGuiScreen
19:07:05 
19:07:05 
19:07:05 blocked link because:
19:07:05 isGuiScreen
19:07:05 
19:07:05 
19:07:05 blocked link because:
19:07:05 isGuiScreen
19:07:05 
19:07:05 
19:07:05 blocked link because:
19:07:05 isGuiScreen
19:07:05 
19:07:05 
19:07:05 blocked link because:
19:07:05 isGuiScreen
19:07:05 
19:07:05 
19:07:05 blocked link because:
19:07:05 isGuiScreen
19:07:05 
19:07:05 
19:07:05 blocked link because:
19:07:05 isGuiScreen
19:07:05 
19:07:05 
19:07:05 blocked link because:
19:07:05 isGuiScreen
19:07:05 
19:07:05 
19:07:05 blocked link because:
19:07:05 isGuiScreen
19:07:05 
19:07:05 
19:07:05 blocked link because:
19:07:05 isGuiScreen
19:07:05 
19:07:05 
19:07:05 blocked link because:
19:07:05 isGuiScreen
19:07:05 
19:07:05 
19:07:05 blocked link because:
19:07:05 isGuiScreen
19:07:05 
19:07:05 
19:07:05 blocked link because:
19:07:05 isGuiScreen
19:07:05 
19:07:05 
19:07:05 blocked link because:
19:07:05 isGuiScreen
19:07:05 
19:07:05 
19:07:05 blocked link because:
19:07:05 isGuiScreen
19:07:05 
19:07:05 
19:07:05 blocked link because:
19:07:05 isGuiScreen
19:07:05 
19:07:05 
19:07:05 blocked link because:
19:07:05 isGuiScreen
19:07:05 
19:07:05 
19:07:05 blocked link because:
19:07:05 isGuiScreen
19:07:05 
19:07:05 
19:07:05 blocked link because:
19:07:05 isGuiScreen
19:07:05 
19:07:05 
19:07:05 blocked link because:
19:07:05 isGuiScreen
19:07:05 
19:07:05 
19:07:05 blocked link because:
19:07:05 isGuiScreen
19:07:05 
19:07:05 
19:07:05 blocked link because:
19:07:05 isGuiScreen
19:07:05 
19:07:05 
19:07:05 blocked link because:
19:07:05 isGuiScreen
19:07:05 
19:07:05 
19:07:05 blocked link because:
19:07:05 isGuiScreen
19:07:05 
19:07:05 
19:07:05 blocked link because:
19:07:05 isGuiScreen
19:07:05 
19:07:05 
19:07:05 blocked link because:
19:07:05 isGuiScreen
19:07:05 
19:07:05 
19:07:05 blocked link because:
19:07:05 isGuiScreen
19:07:05 
19:07:05 
19:07:05 blocked link because:
19:07:05 isGuiScreen
19:07:05 
19:07:05 
19:07:05 blocked link because:
19:07:05 isGuiScreen
19:07:05 
19:07:05 
19:07:05 blocked link because:
19:07:05 isGuiScreen
19:07:05 
19:07:05 
19:07:05 blocked link because:
19:07:05 isGuiScreen
19:07:05 
19:07:05 
19:07:05 blocked link because:
19:07:05 isGuiScreen
19:07:05 
19:07:05 
19:07:05 blocked link because:
19:07:05 isGuiScreen
19:07:05 
19:07:05 
19:07:05 blocked link because:
19:07:05 isGuiScreen
19:07:05 
19:07:05 
19:07:05 blocked link because:
19:07:05 isGuiScreen
19:07:05 
19:07:05 
19:07:05 blocked link because:
19:07:05 isGuiScreen
19:07:05 
19:07:05 
19:07:05 blocked link because:
19:07:05 isGuiScreen
19:07:05 
19:07:05 
19:07:05 blocked link because:
19:07:05 isGuiScreen
19:07:05 
19:07:05 
19:07:05 blocked link because:
19:07:05 isGuiScreen
19:07:05 
19:07:05 
19:07:05 blocked link because:
19:07:05 isGuiScreen
19:07:05 
19:07:05 
19:07:05 blocked link because:
19:07:05 isGuiScreen
19:07:05 
19:07:05 
19:07:05 blocked link because:
19:07:05 isGuiScreen
19:07:05 
19:07:05 
19:07:05 blocked link because:
19:07:05 isGuiScreen
19:07:05 
19:07:05 
19:07:05 blocked link because:
19:07:05 isGuiScreen
19:07:05 
19:07:05 
19:07:05 blocked link because:
19:07:05 isGuiScreen
19:07:05 
19:07:05 
19:07:05 blocked link because:
19:07:05 isGuiScreen
19:07:05 
19:07:05 
19:07:05 blocked link because:
19:07:05 isGuiScreen
19:07:05 
19:07:05 
19:07:05 blocked link because:
19:07:05 isGuiScreen
19:07:05 
19:07:05 
19:07:05 blocked link because:
19:07:05 isGuiScreen
19:07:05 
19:07:05 
19:07:05 blocked link because:
19:07:05 isGuiScreen
19:07:05 
19:07:05 
19:07:05 blocked link because:
19:07:05 isGuiScreen
19:07:05 
19:07:05 
19:07:05 blocked link because:
19:07:05 isGuiScreen
19:07:05 
19:07:05 
19:07:05 blocked link because:
19:07:05 isGuiScreen
19:07:05 
19:07:05 
19:07:05 blocked link because:
19:07:05 isGuiScreen
19:07:05 
19:07:05 
19:07:05 blocked link because:
19:07:05 isGuiScreen
19:07:05 
19:07:05 
19:07:05 blocked link because:
19:07:05 isGuiScreen
19:07:05 
19:07:05 
19:07:05 blocked link because:
19:07:05 isGuiScreen
19:07:05 
19:08:08 
19:08:08 blocked link because:
19:08:08 isGuiScreen
19:08:08 isNotInSignAndOnSlot
19:08:08 
19:08:08 
19:08:08 blocked link because:
19:08:08 isGuiScreen
19:08:08 isNotInSignAndOnSlot
19:08:08 
19:08:08 
19:08:08 blocked link because:
19:08:08 isGuiScreen
19:08:08 isNotInSignAndOnSlot
19:08:08 
19:08:08 
19:08:08 blocked link because:
19:08:08 isGuiScreen
19:08:08 isNotInSignAndOnSlot
19:08:08 
19:08:08 
19:08:08 blocked link because:
19:08:08 isGuiScreen
19:08:08 isNotInSignAndOnSlot
19:08:08 
19:08:08 
19:08:08 blocked link because:
19:08:08 isGuiScreen
19:08:08 isNotInSignAndOnSlot
19:08:08 
19:08:08 
19:08:08 blocked link because:
19:08:08 isGuiScreen
19:08:08 isNotInSignAndOnSlot
19:08:08 
19:08:08 
19:08:08 blocked link because:
19:08:08 isGuiScreen
19:08:08 isNotInSignAndOnSlot
19:08:08 
19:08:08 
19:08:08 blocked link because:
19:08:08 isGuiScreen
19:08:08 isNotInSignAndOnSlot
19:08:08 
19:08:08 
19:08:08 blocked link because:
19:08:08 isGuiScreen
19:08:08 isNotInSignAndOnSlot
19:08:08 
19:08:08 
19:08:08 blocked link because:
19:08:08 isGuiScreen
19:08:08 isNotInSignAndOnSlot
19:08:08 
19:08:08 
19:08:08 blocked link because:
19:08:08 isGuiScreen
19:08:08 isNotInSignAndOnSlot
19:08:08 
19:08:08 
19:08:08 blocked link because:
19:08:08 isGuiScreen
19:08:08 isNotInSignAndOnSlot
19:08:08 
19:08:08 
19:08:08 blocked link because:
19:08:08 isGuiScreen
19:08:08 isNotInSignAndOnSlot
19:08:08 
19:08:08 
19:08:08 blocked link because:
19:08:08 isGuiScreen
19:08:08 isNotInSignAndOnSlot
19:08:08 
19:08:08 
19:08:08 blocked link because:
19:08:08 isGuiScreen
19:08:08 isNotInSignAndOnSlot
19:08:08 
19:08:08 
19:08:08 blocked link because:
19:08:08 isGuiScreen
19:08:08 isNotInSignAndOnSlot
19:08:08 
19:08:08 
19:08:08 blocked link because:
19:08:08 isGuiScreen
19:08:08 isNotInSignAndOnSlot
19:08:08 
19:08:08 
19:08:08 blocked link because:
19:08:08 isGuiScreen
19:08:08 isNotInSignAndOnSlot
19:08:08 
19:08:08 
19:08:08 blocked link because:
19:08:08 isGuiScreen
19:08:08 isNotInSignAndOnSlot
19:08:08 
19:08:09 
19:08:09 blocked link because:
19:08:09 isGuiScreen
19:08:09 isNotInSignAndOnSlot
19:08:09 
19:08:09 
19:08:09 blocked link because:
19:08:09 isGuiScreen
19:08:09 isNotInSignAndOnSlot
19:08:09 
19:08:09 
19:08:09 blocked link because:
19:08:09 isGuiScreen
19:08:09 isNotInSignAndOnSlot
19:08:09 
19:08:09 
19:08:09 blocked link because:
19:08:09 isGuiScreen
19:08:09 isNotInSignAndOnSlot
19:08:09 
19:08:09 
19:08:09 blocked link because:
19:08:09 isGuiScreen
19:08:09 isNotInSignAndOnSlot
19:08:09 
19:08:09 
19:08:09 blocked link because:
19:08:09 isGuiScreen
19:08:09 isNotInSignAndOnSlot
19:08:09 
19:08:09 
19:08:09 blocked link because:
19:08:09 isGuiScreen
19:08:09 isNotInSignAndOnSlot
19:08:09 
19:08:09 
19:08:09 blocked link because:
19:08:09 isGuiScreen
19:08:09 isNotInSignAndOnSlot
19:08:09 
19:08:09 
19:08:09 blocked link because:
19:08:09 isGuiScreen
19:08:09 isNotInSignAndOnSlot
19:08:09 
19:08:09 
19:08:09 blocked link because:
19:08:09 isGuiScreen
19:08:09 isNotInSignAndOnSlot
19:08:09 
19:08:10 
19:08:10 blocked link because:
19:08:10 isGuiScreen
19:08:10 isNotInSignAndOnSlot
19:08:10 
19:08:10 
19:08:10 blocked link because:
19:08:10 isGuiScreen
19:08:10 isNotInSignAndOnSlot
19:08:10 
19:08:10 
19:08:10 blocked link because:
19:08:10 isGuiScreen
19:08:10 isNotInSignAndOnSlot
19:08:10 
19:08:10 
19:08:10 blocked link because:
19:08:10 isGuiScreen
19:08:10 isNotInSignAndOnSlot
19:08:10 
19:08:10 
19:08:10 blocked link because:
19:08:10 isGuiScreen
19:08:10 isNotInSignAndOnSlot
19:08:10 
19:08:10 
19:08:10 blocked link because:
19:08:10 isGuiScreen
19:08:10 isNotInSignAndOnSlot
19:08:10 
19:08:10 
19:08:10 blocked link because:
19:08:10 isGuiScreen
19:08:10 isNotInSignAndOnSlot
19:08:10 
19:08:10 
19:08:10 blocked link because:
19:08:10 isGuiScreen
19:08:10 isNotInSignAndOnSlot
19:08:10 
19:08:10 
19:08:10 blocked link because:
19:08:10 isGuiScreen
19:08:10 isNotInSignAndOnSlot
19:08:10 
19:08:10 
19:08:10 blocked link because:
19:08:10 isGuiScreen
19:08:10 isNotInSignAndOnSlot
19:08:10 
19:08:10 
19:08:10 blocked link because:
19:08:10 isGuiScreen
19:08:10 isNotInSignAndOnSlot
19:08:10 
19:08:10 
19:08:10 blocked link because:
19:08:10 isGuiScreen
19:08:10 isNotInSignAndOnSlot
19:08:10 
19:08:10 
19:08:10 blocked link because:
19:08:10 isGuiScreen
19:08:10 isNotInSignAndOnSlot
19:08:10 
19:08:10 
19:08:10 blocked link because:
19:08:10 isGuiScreen
19:08:10 isNotInSignAndOnSlot
19:08:10 
19:08:10 
19:08:10 blocked link because:
19:08:10 isGuiScreen
19:08:10 isNotInSignAndOnSlot
19:08:10 
19:08:10 
19:08:10 blocked link because:
19:08:10 isGuiScreen
19:08:10 isNotInSignAndOnSlot
19:08:10 
19:08:10 
19:08:10 blocked link because:
19:08:10 isGuiScreen
19:08:10 isNotInSignAndOnSlot
19:08:10 
19:08:10 
19:08:10 blocked link because:
19:08:10 isGuiScreen
19:08:10 isNotInSignAndOnSlot
19:08:10 
19:08:10 
19:08:10 blocked link because:
19:08:10 isGuiScreen
19:08:10 isNotInSignAndOnSlot
19:08:10 
19:08:10 
19:08:10 blocked link because:
19:08:10 isGuiScreen
19:08:10 isNotInSignAndOnSlot
19:08:10 
19:08:10 
19:08:10 blocked link because:
19:08:10 isGuiScreen
19:08:10 isNotInSignAndOnSlot
19:08:10 
19:08:10 
19:08:10 blocked link because:
19:08:10 isGuiScreen
19:08:10 isNotInSignAndOnSlot
19:08:10 
19:08:10 
19:08:10 blocked link because:
19:08:10 isGuiScreen
19:08:10 isNotInSignAndOnSlot
19:08:10 
19:08:10 
19:08:10 blocked link because:
19:08:10 isGuiScreen
19:08:10 isNotInSignAndOnSlot
19:08:10 
19:08:10 
19:08:10 blocked link because:
19:08:10 isGuiScreen
19:08:10 isNotInSignAndOnSlot
19:08:10 
19:08:10 
19:08:10 blocked link because:
19:08:10 isGuiScreen
19:08:10 isNotInSignAndOnSlot
19:08:10 
19:08:10 
19:08:10 blocked link because:
19:08:10 isGuiScreen
19:08:10 isNotInSignAndOnSlot
19:08:10 
19:08:10 
19:08:10 blocked link because:
19:08:10 isGuiScreen
19:08:10 isNotInSignAndOnSlot
19:08:10 
19:08:10 
19:08:10 blocked link because:
19:08:10 isGuiScreen
19:08:10 isNotInSignAndOnSlot
19:08:10 
19:08:10 
19:08:10 blocked link because:
19:08:10 isGuiScreen
19:08:10 isNotInSignAndOnSlot
19:08:10 
19:08:10 
19:08:10 blocked link because:
19:08:10 isGuiScreen
19:08:10 isNotInSignAndOnSlot
19:08:10 
19:08:10 
19:08:10 blocked link because:
19:08:10 isGuiScreen
19:08:10 isNotInSignAndOnSlot
19:08:10 
19:08:10 
19:08:10 blocked link because:
19:08:10 isGuiScreen
19:08:10 isNotInSignAndOnSlot
19:08:10 
19:08:10 
19:08:10 blocked link because:
19:08:10 isGuiScreen
19:08:10 isNotInSignAndOnSlot
19:08:10 
19:08:10 
19:08:10 blocked link because:
19:08:10 isGuiScreen
19:08:10 isNotInSignAndOnSlot
19:08:10 
19:08:10 
19:08:10 blocked link because:
19:08:10 isGuiScreen
19:08:10 isNotInSignAndOnSlot
19:08:10 
19:08:10 
19:08:10 blocked link because:
19:08:10 isGuiScreen
19:08:10 isNotInSignAndOnSlot
19:08:10 
19:08:10 
19:08:10 blocked link because:
19:08:10 isGuiScreen
19:08:10 isNotInSignAndOnSlot
19:08:10 
19:08:10 
19:08:10 blocked link because:
19:08:10 isGuiScreen
19:08:10 isNotInSignAndOnSlot
19:08:10 
19:08:10 
19:08:10 blocked link because:
19:08:10 isGuiScreen
19:08:10 isNotInSignAndOnSlot
19:08:10 
19:08:10 
19:08:10 blocked link because:
19:08:10 isGuiScreen
19:08:10 isNotInSignAndOnSlot
19:08:10 
19:08:10 
19:08:10 blocked link because:
19:08:10 isGuiScreen
19:08:10 isNotInSignAndOnSlot
19:08:10 
19:08:10 
19:08:10 blocked link because:
19:08:10 isGuiScreen
19:08:10 isNotInSignAndOnSlot
19:08:10 
19:08:10 
19:08:10 blocked link because:
19:08:10 isGuiScreen
19:08:10 isNotInSignAndOnSlot
19:08:10 
19:08:10 
19:08:10 blocked link because:
19:08:10 isGuiScreen
19:08:10 isNotInSignAndOnSlot
19:08:10 
19:08:10 
19:08:10 blocked link because:
19:08:10 isGuiScreen
19:08:10 isNotInSignAndOnSlot
19:08:10 
19:08:10 
19:08:10 blocked link because:
19:08:10 isGuiScreen
19:08:10 isNotInSignAndOnSlot
19:08:10 
19:08:10 
19:08:10 blocked link because:
19:08:10 isGuiScreen
19:08:10 isNotInSignAndOnSlot
19:08:10 
19:08:10 
19:08:10 blocked link because:
19:08:10 isGuiScreen
19:08:10 isNotInSignAndOnSlot
19:08:10 
19:08:10 
19:08:10 blocked link because:
19:08:10 isGuiScreen
19:08:10 isNotInSignAndOnSlot
19:08:10 
19:08:14 
19:08:14 blocked link because:
19:08:14 isGuiScreen
19:08:14 isNotInSignAndOnSlot
19:08:14 
19:08:14 
19:08:14 blocked link because:
19:08:14 isGuiScreen
19:08:14 isNotInSignAndOnSlot
19:08:14 
19:08:14 
19:08:14 blocked link because:
19:08:14 isGuiScreen
19:08:14 isNotInSignAndOnSlot
19:08:14 
19:08:14 
19:08:14 blocked link because:
19:08:14 isGuiScreen
19:08:14 isNotInSignAndOnSlot
19:08:14 
19:08:28 
19:08:28 blocked link because:
19:08:28 isGuiScreen
19:08:28 isNotInSignAndOnSlot
19:08:28 
19:08:28 
19:08:28 blocked link because:
19:08:28 isGuiScreen
19:08:28 isNotInSignAndOnSlot
19:08:28 
19:08:28 
19:08:28 blocked link because:
19:08:28 isGuiScreen
19:08:28 isNotInSignAndOnSlot
19:08:28 
19:08:28 
19:08:28 blocked link because:
19:08:28 isGuiScreen
19:08:28 isNotInSignAndOnSlot
19:08:28 
19:08:28 
19:08:28 blocked link because:
19:08:28 isGuiScreen
19:08:28 isNotInSignAndOnSlot
19:08:28 
19:08:28 
19:08:28 blocked link because:
19:08:28 isGuiScreen
19:08:28 isNotInSignAndOnSlot
19:08:28 
19:08:28 
19:08:28 blocked link because:
19:08:28 isGuiScreen
19:08:28 isNotInSignAndOnSlot
19:08:28 
19:08:28 
19:08:28 blocked link because:
19:08:28 isGuiScreen
19:08:28 isNotInSignAndOnSlot
19:08:28 
19:08:38 
19:08:38 blocked link because:
19:08:38 isGuiScreen
19:08:38 isNotInSignAndOnSlot
19:08:38 
19:08:38 
19:08:38 blocked link because:
19:08:38 isGuiScreen
19:08:38 isNotInSignAndOnSlot
19:08:38 
19:08:38 
19:08:38 blocked link because:
19:08:38 isGuiScreen
19:08:38 isNotInSignAndOnSlot
19:08:38 
19:08:38 
19:08:38 blocked link because:
19:08:38 isGuiScreen
19:08:38 isNotInSignAndOnSlot
19:08:38 
19:08:40 
19:08:40 blocked link because:
19:08:40 isGuiScreen
19:08:40 isNotInSignAndOnSlot
19:08:40 
19:08:40 
19:08:40 blocked link because:
19:08:40 isGuiScreen
19:08:40 isNotInSignAndOnSlot
19:08:40 
19:08:40 
19:08:40 blocked link because:
19:08:40 isGuiScreen
19:08:40 isNotInSignAndOnSlot
19:08:40 
19:08:40 
19:08:40 blocked link because:
19:08:40 isGuiScreen
19:08:40 isNotInSignAndOnSlot
19:08:40 
19:08:40 
19:08:40 blocked link because:
19:08:40 isGuiScreen
19:08:40 isNotInSignAndOnSlot
19:08:40 
19:08:40 
19:08:40 blocked link because:
19:08:40 isGuiScreen
19:08:40 isNotInSignAndOnSlot
19:08:40 
19:08:40 
19:08:40 blocked link because:
19:08:40 isGuiScreen
19:08:40 isNotInSignAndOnSlot
19:08:40 
19:08:40 
19:08:40 blocked link because:
19:08:40 isGuiScreen
19:08:40 isNotInSignAndOnSlot
19:08:40 
19:08:40 
19:08:40 blocked link because:
19:08:40 isGuiScreen
19:08:40 isNotInSignAndOnSlot
19:08:40 
19:08:40 
19:08:40 blocked link because:
19:08:40 isGuiScreen
19:08:40 isNotInSignAndOnSlot
19:08:40 
19:08:40 
19:08:40 blocked link because:
19:08:40 isGuiScreen
19:08:40 isNotInSignAndOnSlot
19:08:40 
19:08:40 
19:08:40 blocked link because:
19:08:40 isGuiScreen
19:08:40 isNotInSignAndOnSlot
19:08:40 
19:08:40 
19:08:40 blocked link because:
19:08:40 isGuiScreen
19:08:40 isNotInSignAndOnSlot
19:08:40 
19:08:40 
19:08:40 blocked link because:
19:08:40 isGuiScreen
19:08:40 isNotInSignAndOnSlot
19:08:40 
19:08:40 
19:08:40 blocked link because:
19:08:40 isGuiScreen
19:08:40 isNotInSignAndOnSlot
19:08:40 
19:08:41 
19:08:41 blocked link because:
19:08:41 isGuiScreen
19:08:41 isNotInSignAndOnSlot
19:08:41 
19:08:41 
19:08:41 blocked link because:
19:08:41 isGuiScreen
19:08:41 isNotInSignAndOnSlot
19:08:41 
19:08:41 
19:08:41 blocked link because:
19:08:41 isGuiScreen
19:08:41 isNotInSignAndOnSlot
19:08:41 
19:08:41 
19:08:41 blocked link because:
19:08:41 isGuiScreen
19:08:41 isNotInSignAndOnSlot
19:08:41 
19:08:41 
19:08:41 blocked link because:
19:08:41 isGuiScreen
19:08:41 isNotInSignAndOnSlot
19:08:41 
19:08:41 
19:08:41 blocked link because:
19:08:41 isGuiScreen
19:08:41 isNotInSignAndOnSlot
19:08:41 
19:08:41 
19:08:41 blocked link because:
19:08:41 isGuiScreen
19:08:41 isNotInSignAndOnSlot
19:08:41 
19:08:41 
19:08:41 blocked link because:
19:08:41 isGuiScreen
19:08:41 isNotInSignAndOnSlot
19:08:41 
19:08:41 
19:08:41 blocked link because:
19:08:41 isGuiScreen
19:08:41 isNotInSignAndOnSlot
19:08:41 
19:08:41 
19:08:41 blocked link because:
19:08:41 isGuiScreen
19:08:41 isNotInSignAndOnSlot
19:08:41 
19:08:41 
19:08:41 blocked link because:
19:08:41 isGuiScreen
19:08:41 isNotInSignAndOnSlot
19:08:41 
19:08:41 
19:08:41 blocked link because:
19:08:41 isGuiScreen
19:08:41 isNotInSignAndOnSlot
19:08:41 
19:08:41 
19:08:41 blocked link because:
19:08:41 isGuiScreen
19:08:41 isNotInSignAndOnSlot
19:08:41 
19:08:41 
19:08:41 blocked link because:
19:08:41 isGuiScreen
19:08:41 isNotInSignAndOnSlot
19:08:41 
19:08:41 
19:08:41 blocked link because:
19:08:41 isGuiScreen
19:08:41 isNotInSignAndOnSlot
19:08:41 
19:08:41 
19:08:41 blocked link because:
19:08:41 isGuiScreen
19:08:41 isNotInSignAndOnSlot
19:08:41 
19:08:41 
19:08:41 blocked link because:
19:08:41 isGuiScreen
19:08:41 isNotInSignAndOnSlot
19:08:41 
19:08:41 
19:08:41 blocked link because:
19:08:41 isGuiScreen
19:08:41 isNotInSignAndOnSlot
19:08:41 
19:08:41 
19:08:41 blocked link because:
19:08:41 isGuiScreen
19:08:41 isNotInSignAndOnSlot
19:08:41 
19:08:41 
19:08:41 blocked link because:
19:08:41 isGuiScreen
19:08:41 isNotInSignAndOnSlot
19:08:41 
19:08:41 
19:08:41 blocked link because:
19:08:41 isGuiScreen
19:08:41 isNotInSignAndOnSlot
19:08:41 
19:08:41 
19:08:41 blocked link because:
19:08:41 isGuiScreen
19:08:41 isNotInSignAndOnSlot
19:08:41 
19:08:41 
19:08:41 blocked link because:
19:08:41 isGuiScreen
19:08:41 isNotInSignAndOnSlot
19:08:41 
19:08:41 
19:08:41 blocked link because:
19:08:41 isGuiScreen
19:08:41 isNotInSignAndOnSlot
19:08:41 
19:08:41 
19:08:41 blocked link because:
19:08:41 isGuiScreen
19:08:41 isNotInSignAndOnSlot
19:08:41 
19:08:41 
19:08:41 blocked link because:
19:08:41 isGuiScreen
19:08:41 isNotInSignAndOnSlot
19:08:41 
19:08:41 
19:08:41 blocked link because:
19:08:41 isGuiScreen
19:08:41 isNotInSignAndOnSlot
19:08:41 
19:08:41 
19:08:41 blocked link because:
19:08:41 isGuiScreen
19:08:41 isNotInSignAndOnSlot
19:08:41 
19:08:41 
19:08:41 blocked link because:
19:08:41 isGuiScreen
19:08:41 isNotInSignAndOnSlot
19:08:41 
19:08:41 
19:08:41 blocked link because:
19:08:41 isGuiScreen
19:08:41 isNotInSignAndOnSlot
19:08:41 
19:08:41 
19:08:41 blocked link because:
19:08:41 isGuiScreen
19:08:41 isNotInSignAndOnSlot
19:08:41 
19:08:41 
19:08:41 blocked link because:
19:08:41 isGuiScreen
19:08:41 isNotInSignAndOnSlot
19:08:41 
19:08:43 
19:08:43 blocked link because:
19:08:43 isGuiScreen
19:08:43 isNotInSignAndOnSlot
19:08:43 
19:08:43 
19:08:43 blocked link because:
19:08:43 isGuiScreen
19:08:43 isNotInSignAndOnSlot
19:08:43 
19:08:53 
19:08:53 blocked link because:
19:08:53 isGuiScreen
19:08:53 isNotInSignAndOnSlot
19:08:53 
19:08:53 
19:08:53 blocked link because:
19:08:53 isGuiScreen
19:08:53 isNotInSignAndOnSlot
19:08:53 
19:08:56 
19:08:56 blocked link because:
19:08:56 isGuiScreen
19:08:56 isNotInSignAndOnSlot
19:08:56 
19:08:56 
19:08:56 blocked link because:
19:08:56 isGuiScreen
19:08:56 isNotInSignAndOnSlot
19:08:56 
19:08:56 
19:08:56 blocked link because:
19:08:56 isGuiScreen
19:08:56 isNotInSignAndOnSlot
19:08:56 
19:08:56 
19:08:56 blocked link because:
19:08:56 isGuiScreen
19:08:56 isNotInSignAndOnSlot
19:08:56 
19:08:56 
19:08:56 blocked link because:
19:08:56 isGuiScreen
19:08:56 isNotInSignAndOnSlot
19:08:56 
19:08:56 
19:08:56 blocked link because:
19:08:56 isGuiScreen
19:08:56 isNotInSignAndOnSlot
19:08:56 
19:08:56 
19:08:56 blocked link because:
19:08:56 isGuiScreen
19:08:56 isNotInSignAndOnSlot
19:08:56 
19:08:56 
19:08:56 blocked link because:
19:08:56 isGuiScreen
19:08:56 isNotInSignAndOnSlot
19:08:56 
19:08:56 
19:08:56 blocked link because:
19:08:56 isGuiScreen
19:08:56 isNotInSignAndOnSlot
19:08:56 
19:08:56 
19:08:56 blocked link because:
19:08:56 isGuiScreen
19:08:56 isNotInSignAndOnSlot
19:08:56 
19:08:56 
19:08:56 blocked link because:
19:08:56 isGuiScreen
19:08:56 isNotInSignAndOnSlot
19:08:56 
19:08:56 
19:08:56 blocked link because:
19:08:56 isGuiScreen
19:08:56 isNotInSignAndOnSlot
19:08:56 
19:08:56 
19:08:56 blocked link because:
19:08:56 isGuiScreen
19:08:56 isNotInSignAndOnSlot
19:08:56 
19:08:56 
19:08:56 blocked link because:
19:08:56 isGuiScreen
19:08:56 isNotInSignAndOnSlot
19:08:56 
19:08:56 
19:08:56 blocked link because:
19:08:56 isGuiScreen
19:08:56 isNotInSignAndOnSlot
19:08:56 
19:08:56 
19:08:56 blocked link because:
19:08:56 isGuiScreen
19:08:56 isNotInSignAndOnSlot
19:08:56 
19:08:56 
19:08:56 blocked link because:
19:08:56 isGuiScreen
19:08:56 isNotInSignAndOnSlot
19:08:56 
19:08:56 
19:08:56 blocked link because:
19:08:56 isGuiScreen
19:08:56 isNotInSignAndOnSlot
19:08:56 
19:08:56 
19:08:56 blocked link because:
19:08:56 isGuiScreen
19:08:56 isNotInSignAndOnSlot
19:08:56 
19:08:56 
19:08:56 blocked link because:
19:08:56 isGuiScreen
19:08:56 isNotInSignAndOnSlot
19:08:56 
19:08:56 
19:08:56 blocked link because:
19:08:56 isGuiScreen
19:08:56 isNotInSignAndOnSlot
19:08:56 
19:08:56 
19:08:56 blocked link because:
19:08:56 isGuiScreen
19:08:56 isNotInSignAndOnSlot
19:08:56 
19:08:56 
19:08:56 blocked link because:
19:08:56 isGuiScreen
19:08:56 isNotInSignAndOnSlot
19:08:56 
19:08:56 
19:08:56 blocked link because:
19:08:56 isGuiScreen
19:08:56 isNotInSignAndOnSlot
19:08:56 
19:08:56 
19:08:56 blocked link because:
19:08:56 isGuiScreen
19:08:56 isNotInSignAndOnSlot
19:08:56 
19:08:56 
19:08:56 blocked link because:
19:08:56 isGuiScreen
19:08:56 isNotInSignAndOnSlot
19:08:56 
19:08:56 
19:08:56 blocked link because:
19:08:56 isGuiScreen
19:08:56 isNotInSignAndOnSlot
19:08:56 
19:08:56 
19:08:56 blocked link because:
19:08:56 isGuiScreen
19:08:56 isNotInSignAndOnSlot
19:08:56 
19:08:56 
19:08:56 blocked link because:
19:08:56 isGuiScreen
19:08:56 isNotInSignAndOnSlot
19:08:56 
19:08:56 
19:08:56 blocked link because:
19:08:56 isGuiScreen
19:08:56 isNotInSignAndOnSlot
19:08:56 
19:08:56 
19:08:56 blocked link because:
19:08:56 isGuiScreen
19:08:56 isNotInSignAndOnSlot
19:08:56 
19:08:56 
19:08:56 blocked link because:
19:08:56 isGuiScreen
19:08:56 isNotInSignAndOnSlot
19:08:56 
19:08:56 
19:08:56 blocked link because:
19:08:56 isGuiScreen
19:08:56 isNotInSignAndOnSlot
19:08:56 
19:08:56 
19:08:56 blocked link because:
19:08:56 isGuiScreen
19:08:56 isNotInSignAndOnSlot
19:08:56 
19:08:56 
19:08:56 blocked link because:
19:08:56 isGuiScreen
19:08:56 isNotInSignAndOnSlot
19:08:56 
19:08:56 
19:08:56 blocked link because:
19:08:56 isGuiScreen
19:08:56 isNotInSignAndOnSlot
19:08:56 
19:08:56 
19:08:56 blocked link because:
19:08:56 isGuiScreen
19:08:56 isNotInSignAndOnSlot
19:08:56 
19:08:56 
19:08:56 blocked link because:
19:08:56 isGuiScreen
19:08:56 isNotInSignAndOnSlot
19:08:56 
19:08:56 
19:08:56 blocked link because:
19:08:56 isGuiScreen
19:08:56 isNotInSignAndOnSlot
19:08:56 
19:08:56 
19:08:56 blocked link because:
19:08:56 isGuiScreen
19:08:56 isNotInSignAndOnSlot
19:08:56 
19:08:56 
19:08:56 blocked link because:
19:08:56 isGuiScreen
19:08:56 isNotInSignAndOnSlot
19:08:56 
19:08:56 
19:08:56 blocked link because:
19:08:56 isGuiScreen
19:08:56 isNotInSignAndOnSlot
19:08:56 
19:08:56 
19:08:56 blocked link because:
19:08:56 isGuiScreen
19:08:56 isNotInSignAndOnSlot
19:08:56 
19:08:56 
19:08:56 blocked link because:
19:08:56 isGuiScreen
19:08:56 isNotInSignAndOnSlot
19:08:56 
19:08:56 
19:08:56 blocked link because:
19:08:56 isGuiScreen
19:08:56 isNotInSignAndOnSlot
19:08:56 
19:08:56 
19:08:56 blocked link because:
19:08:56 isGuiScreen
19:08:56 isNotInSignAndOnSlot
19:08:56 
19:08:56 
19:08:56 blocked link because:
19:08:56 isGuiScreen
19:08:56 isNotInSignAndOnSlot
19:08:56 
19:08:56 
19:08:56 blocked link because:
19:08:56 isGuiScreen
19:08:56 isNotInSignAndOnSlot
19:08:56 
19:08:56 
19:08:56 blocked link because:
19:08:56 isGuiScreen
19:08:56 isNotInSignAndOnSlot
19:08:56 
19:08:56 
19:08:56 blocked link because:
19:08:56 isGuiScreen
19:08:56 isNotInSignAndOnSlot
19:08:56 
19:08:56 
19:08:56 blocked link because:
19:08:56 isGuiScreen
19:08:56 isNotInSignAndOnSlot
19:08:56 
19:08:56 
19:08:56 blocked link because:
19:08:56 isGuiScreen
19:08:56 isNotInSignAndOnSlot
19:08:56 
19:08:56 
19:08:56 blocked link because:
19:08:56 isGuiScreen
19:08:56 isNotInSignAndOnSlot
19:08:56 
19:08:56 
19:08:56 blocked link because:
19:08:56 isGuiScreen
19:08:56 isNotInSignAndOnSlot
19:08:56 
19:08:56 
19:08:56 blocked link because:
19:08:56 isGuiScreen
19:08:56 isNotInSignAndOnSlot
19:08:56 
19:08:56 
19:08:56 blocked link because:
19:08:56 isGuiScreen
19:08:56 isNotInSignAndOnSlot
19:08:56 
19:08:56 
19:08:56 blocked link because:
19:08:56 isGuiScreen
19:08:56 isNotInSignAndOnSlot
19:08:56 
19:08:56 
19:08:56 blocked link because:
19:08:56 isGuiScreen
19:08:56 isNotInSignAndOnSlot
19:08:56 
19:08:56 
19:08:56 blocked link because:
19:08:56 isGuiScreen
19:08:56 isNotInSignAndOnSlot
19:08:56 
19:08:56 
19:08:56 blocked link because:
19:08:56 isGuiScreen
19:08:56 isNotInSignAndOnSlot
19:08:56 
19:08:56 
19:08:56 blocked link because:
19:08:56 isGuiScreen
19:08:56 isNotInSignAndOnSlot
19:08:56 
19:08:56 
19:08:56 blocked link because:
19:08:56 isGuiScreen
19:08:56 isNotInSignAndOnSlot
19:08:56 
19:08:56 
19:08:56 blocked link because:
19:08:56 isGuiScreen
19:08:56 isNotInSignAndOnSlot
19:08:56 
19:08:56 
19:08:56 blocked link because:
19:08:56 isGuiScreen
19:08:56 isNotInSignAndOnSlot
19:08:56 
19:08:56 
19:08:56 blocked link because:
19:08:56 isGuiScreen
19:08:56 isNotInSignAndOnSlot
19:08:56 
19:08:56 
19:08:56 blocked link because:
19:08:56 isGuiScreen
19:08:56 isNotInSignAndOnSlot
19:08:56 
19:08:56 
19:08:56 blocked link because:
19:08:56 isGuiScreen
19:08:56 isNotInSignAndOnSlot
19:08:56 
19:08:56 
19:08:56 blocked link because:
19:08:56 isGuiScreen
19:08:56 isNotInSignAndOnSlot
19:08:56 
19:08:56 
19:08:56 blocked link because:
19:08:56 isGuiScreen
19:08:56 isNotInSignAndOnSlot
19:08:56 
19:08:56 
19:08:56 blocked link because:
19:08:56 isGuiScreen
19:08:56 isNotInSignAndOnSlot
19:08:56 
19:08:56 
19:08:56 blocked link because:
19:08:56 isGuiScreen
19:08:56 isNotInSignAndOnSlot
19:08:56 
19:08:56 
19:08:56 blocked link because:
19:08:56 isGuiScreen
19:08:56 isNotInSignAndOnSlot
19:08:56 
19:08:56 
19:08:56 blocked link because:
19:08:56 isGuiScreen
19:08:56 isNotInSignAndOnSlot
19:08:56 
19:08:56 
19:08:56 blocked link because:
19:08:56 isGuiScreen
19:08:56 isNotInSignAndOnSlot
19:08:56 
19:09:22 
19:09:22 blocked link because:
19:09:22 isGuiScreen
19:09:22 
19:09:22 
19:09:22 blocked link because:
19:09:22 isGuiScreen
19:09:22 
19:09:29 
19:09:29 blocked link because:
19:09:29 isGuiScreen
19:09:29 
19:09:29 
19:09:29 blocked link because:
19:09:29 isGuiScreen
19:09:29 
19:09:29 
19:09:29 blocked link because:
19:09:29 isGuiScreen
19:09:29 
19:09:29 
19:09:29 blocked link because:
19:09:29 isGuiScreen
19:09:29 
19:09:29 
19:09:29 blocked link because:
19:09:29 isGuiScreen
19:09:29 
19:09:29 
19:09:29 blocked link because:
19:09:29 isGuiScreen
19:09:29 
19:09:29 
19:09:29 blocked link because:
19:09:29 isGuiScreen
19:09:29 
19:09:29 
19:09:29 blocked link because:
19:09:29 isGuiScreen
19:09:29 
19:09:29 
19:09:29 blocked link because:
19:09:29 isGuiScreen
19:09:29 
19:09:29 
19:09:29 blocked link because:
19:09:29 isGuiScreen
19:09:29 
19:09:29 
19:09:29 blocked link because:
19:09:29 isGuiScreen
19:09:29 
19:09:29 
19:09:29 blocked link because:
19:09:29 isGuiScreen
19:09:29 
19:09:29 
19:09:29 blocked link because:
19:09:29 isGuiScreen
19:09:29 
19:09:29 
19:09:29 blocked link because:
19:09:29 isGuiScreen
19:09:29 
19:09:29 
19:09:29 blocked link because:
19:09:29 isGuiScreen
19:09:29 
19:09:29 
19:09:29 blocked link because:
19:09:29 isGuiScreen
19:09:29 
19:09:29 
19:09:29 blocked link because:
19:09:29 isGuiScreen
19:09:29 
19:09:29 
19:09:29 blocked link because:
19:09:29 isGuiScreen
19:09:29 
19:09:29 
19:09:29 blocked link because:
19:09:29 isGuiScreen
19:09:29 
19:09:29 
19:09:29 blocked link because:
19:09:29 isGuiScreen
19:09:29 
19:09:29 
19:09:29 blocked link because:
19:09:29 isGuiScreen
19:09:29 
19:09:30 
19:09:30 blocked link because:
19:09:30 isGuiScreen
19:09:30 
19:09:30 
19:09:30 blocked link because:
19:09:30 isGuiScreen
19:09:30 
19:09:30 
19:09:30 blocked link because:
19:09:30 isGuiScreen
19:09:30 
19:09:30 
19:09:30 blocked link because:
19:09:30 isGuiScreen
19:09:30 
19:09:30 
19:09:30 blocked link because:
19:09:30 isGuiScreen
19:09:30 
19:09:30 
19:09:30 blocked link because:
19:09:30 isGuiScreen
19:09:30 
19:09:30 
19:09:30 blocked link because:
19:09:30 isGuiScreen
19:09:30 
19:09:30 
19:09:30 blocked link because:
19:09:30 isGuiScreen
19:09:30 
19:09:34 
19:09:34 blocked link because:
19:09:34 isGuiScreen
19:09:34 
19:09:34 
19:09:34 blocked link because:
19:09:34 isGuiScreen
19:09:34 
19:09:34 
19:09:34 blocked link because:
19:09:34 isGuiScreen
19:09:34 
19:09:34 
19:09:34 blocked link because:
19:09:34 isGuiScreen
19:09:34 
19:09:34 
19:09:34 blocked link because:
19:09:34 isGuiScreen
19:09:34 
19:09:34 
19:09:34 blocked link because:
19:09:34 isGuiScreen
19:09:34 
19:09:34 
19:09:34 blocked link because:
19:09:34 isGuiScreen
19:09:34 
19:09:34 
19:09:34 blocked link because:
19:09:34 isGuiScreen
19:09:34 
19:09:34 
19:09:34 blocked link because:
19:09:34 isGuiScreen
19:09:34 
19:09:34 
19:09:34 blocked link because:
19:09:34 isGuiScreen
19:09:34 
19:09:34 
19:09:34 blocked link because:
19:09:34 isGuiScreen
19:09:34 
19:09:34 
19:09:34 blocked link because:
19:09:34 isGuiScreen
19:09:34 
19:09:34 
19:09:34 blocked link because:
19:09:34 isGuiScreen
19:09:34 
19:09:34 
19:09:34 blocked link because:
19:09:34 isGuiScreen
19:09:34 
19:09:34 
19:09:34 blocked link because:
19:09:34 isGuiScreen
19:09:34 
19:09:34 
19:09:34 blocked link because:
19:09:34 isGuiScreen
19:09:34 
19:09:34 
19:09:34 blocked link because:
19:09:34 isGuiScreen
19:09:34 
19:09:34 
19:09:34 blocked link because:
19:09:34 isGuiScreen
19:09:34 
19:09:34 
19:09:34 blocked link because:
19:09:34 isGuiScreen
19:09:34 
19:09:34 
19:09:34 blocked link because:
19:09:34 isGuiScreen
19:09:34 
19:09:34 
19:09:34 blocked link because:
19:09:34 isGuiScreen
19:09:34 
19:09:34 
19:09:34 blocked link because:
19:09:34 isGuiScreen
19:09:34 
19:09:34 
19:09:34 blocked link because:
19:09:34 isGuiScreen
19:09:34 
19:09:34 
19:09:34 blocked link because:
19:09:34 isGuiScreen
19:09:34 
19:09:34 
19:09:34 blocked link because:
19:09:34 isGuiScreen
19:09:34 
19:09:34 
19:09:34 blocked link because:
19:09:34 isGuiScreen
19:09:34 
19:09:34 
19:09:34 blocked link because:
19:09:34 isGuiScreen
19:09:34 
19:09:34 
19:09:34 blocked link because:
19:09:34 isGuiScreen
19:09:34 
19:09:34 
19:09:34 blocked link because:
19:09:34 isGuiScreen
19:09:34 
19:09:34 
19:09:34 blocked link because:
19:09:34 isGuiScreen
19:09:34 
19:09:42 
19:09:42 blocked link because:
19:09:42 isGuiScreen
19:09:42 
19:09:42 
19:09:42 blocked link because:
19:09:42 isGuiScreen
19:09:42 
19:09:42 
19:09:42 blocked link because:
19:09:42 isGuiScreen
19:09:42 
19:09:42 
19:09:42 blocked link because:
19:09:42 isGuiScreen
19:09:42 
19:09:42 
19:09:42 blocked link because:
19:09:42 isGuiScreen
19:09:42 
19:09:42 
19:09:42 blocked link because:
19:09:42 isGuiScreen
19:09:42 
19:09:42 
19:09:42 blocked link because:
19:09:42 isGuiScreen
19:09:42 
19:09:42 
19:09:42 blocked link because:
19:09:42 isGuiScreen
19:09:42 
19:09:42 
19:09:42 blocked link because:
19:09:42 isGuiScreen
19:09:42 
19:09:42 
19:09:42 blocked link because:
19:09:42 isGuiScreen
19:09:42 
19:09:42 
19:09:42 blocked link because:
19:09:42 isGuiScreen
19:09:42 
19:09:42 
19:09:42 blocked link because:
19:09:42 isGuiScreen
19:09:42 
19:09:42 
19:09:42 blocked link because:
19:09:42 isGuiScreen
19:09:42 
19:09:42 
19:09:42 blocked link because:
19:09:42 isGuiScreen
19:09:42 
19:09:42 
19:09:42 blocked link because:
19:09:42 isGuiScreen
19:09:42 
19:09:42 
19:09:42 blocked link because:
19:09:42 isGuiScreen
19:09:42 
19:09:42 
19:09:42 blocked link because:
19:09:42 isGuiScreen
19:09:42 
19:09:42 
19:09:42 blocked link because:
19:09:42 isGuiScreen
19:09:42 
19:09:42 
19:09:42 blocked link because:
19:09:42 isGuiScreen
19:09:42 
19:09:42 
19:09:42 blocked link because:
19:09:42 isGuiScreen
19:09:42 
19:09:42 
19:09:42 blocked link because:
19:09:42 isGuiScreen
19:09:42 
19:09:42 
19:09:42 blocked link because:
19:09:42 isGuiScreen
19:09:42 
19:09:53 
19:09:53 blocked link because:
19:09:53 isGuiScreen
19:09:53 
19:09:55 
19:09:55 blocked link because:
19:09:55 isGuiScreen
19:09:55 
19:09:55 
19:09:55 blocked link because:
19:09:55 isGuiScreen
19:09:55 
19:09:55 
19:09:55 blocked link because:
19:09:55 isGuiScreen
19:09:55 
19:09:55 
19:09:55 blocked link because:
19:09:55 isGuiScreen
19:09:55 
19:09:55 
19:09:55 blocked link because:
19:09:55 isGuiScreen
19:09:55 
19:09:55 
19:09:55 blocked link because:
19:09:55 isGuiScreen
19:09:55 
19:09:55 
19:09:55 blocked link because:
19:09:55 isGuiScreen
19:09:55 
19:09:55 
19:09:55 blocked link because:
19:09:55 isGuiScreen
19:09:55 
19:09:55 
19:09:55 blocked link because:
19:09:55 isGuiScreen
19:09:55 
19:09:55 
19:09:55 blocked link because:
19:09:55 isGuiScreen
19:09:55 
19:09:55 
19:09:55 blocked link because:
19:09:55 isGuiScreen
19:09:55 
19:09:55 
19:09:55 blocked link because:
19:09:55 isGuiScreen
19:09:55 
19:09:55 
19:09:55 blocked link because:
19:09:55 isGuiScreen
19:09:55 
19:09:55 
19:09:55 blocked link because:
19:09:55 isGuiScreen
19:09:55 
19:09:55 
19:09:55 blocked link because:
19:09:55 isGuiScreen
19:09:55 
19:09:55 
19:09:55 blocked link because:
19:09:55 isGuiScreen
19:09:55 
19:09:55 
19:09:55 blocked link because:
19:09:55 isGuiScreen
19:09:55 
19:09:55 
19:09:55 blocked link because:
19:09:55 isGuiScreen
19:09:55 
19:09:55 
19:09:55 blocked link because:
19:09:55 isGuiScreen
19:09:55 
19:09:55 
19:09:55 blocked link because:
19:09:55 isGuiScreen
19:09:55 
19:09:55 
19:09:55 blocked link because:
19:09:55 isGuiScreen
19:09:55 
19:09:55 
19:09:55 blocked link because:
19:09:55 isGuiScreen
19:09:55 
19:09:55 
19:09:55 blocked link because:
19:09:55 isGuiScreen
19:09:55 
19:09:55 
19:09:55 blocked link because:
19:09:55 isGuiScreen
19:09:55 
19:09:55 
19:09:55 blocked link because:
19:09:55 isGuiScreen
19:09:55 
19:09:55 
19:09:55 blocked link because:
19:09:55 isGuiScreen
19:09:55 
19:09:55 
19:09:55 blocked link because:
19:09:55 isGuiScreen
19:09:55 
19:09:55 
19:09:55 blocked link because:
19:09:55 isGuiScreen
19:09:55 
19:09:55 
19:09:55 blocked link because:
19:09:55 isGuiScreen
19:09:55 
19:09:55 
19:09:55 blocked link because:
19:09:55 isGuiScreen
19:09:55 
19:09:55 
19:09:55 blocked link because:
19:09:55 isGuiScreen
19:09:55 
19:09:55 
19:09:55 blocked link because:
19:09:55 isGuiScreen
19:09:55 
19:09:56 
19:09:56 blocked link because:
19:09:56 isGuiScreen
19:09:56 
19:09:56 
19:09:56 blocked link because:
19:09:56 isGuiScreen
19:09:56 
19:09:56 
19:09:56 blocked link because:
19:09:56 isGuiScreen
19:09:56 
19:09:56 
19:09:56 blocked link because:
19:09:56 isGuiScreen
19:09:56 
19:09:56 
19:09:56 blocked link because:
19:09:56 isGuiScreen
19:09:56 
19:09:56 
19:09:56 blocked link because:
19:09:56 isGuiScreen
19:09:56 
19:09:56 
19:09:56 blocked link because:
19:09:56 isGuiScreen
19:09:56 
19:09:56 
19:09:56 blocked link because:
19:09:56 isGuiScreen
19:09:56 
19:09:56 
19:09:56 blocked link because:
19:09:56 isGuiScreen
19:09:56 
19:09:56 
19:09:56 blocked link because:
19:09:56 isGuiScreen
19:09:56 
19:09:56 
19:09:56 blocked link because:
19:09:56 isGuiScreen
19:09:56 
19:09:56 
19:09:56 blocked link because:
19:09:56 isGuiScreen
19:09:56 
19:09:56 
19:09:56 blocked link because:
19:09:56 isGuiScreen
19:09:56 
19:09:56 
19:09:56 blocked link because:
19:09:56 isGuiScreen
19:09:56 
19:09:56 
19:09:56 blocked link because:
19:09:56 isGuiScreen
19:09:56 
19:09:56 
19:09:56 blocked link because:
19:09:56 isGuiScreen
19:09:56 
19:09:56 
19:09:56 blocked link because:
19:09:56 isGuiScreen
19:09:56 
19:09:56 
19:09:56 blocked link because:
19:09:56 isGuiScreen
19:09:56 
19:09:56 
19:09:56 blocked link because:
19:09:56 isGuiScreen
19:09:56 
19:09:56 
19:09:56 blocked link because:
19:09:56 isGuiScreen
19:09:56 
19:09:56 
19:09:56 blocked link because:
19:09:56 isGuiScreen
19:09:56 
19:09:56 
19:09:56 blocked link because:
19:09:56 isGuiScreen
19:09:56 
19:09:56 
19:09:56 blocked link because:
19:09:56 isGuiScreen
19:09:56 
19:09:56 
19:09:56 blocked link because:
19:09:56 isGuiScreen
19:09:56 
19:09:56 
19:09:56 blocked link because:
19:09:56 isGuiScreen
19:09:56 
19:09:56 
19:09:56 blocked link because:
19:09:56 isGuiScreen
19:09:56 
19:09:56 
19:09:56 blocked link because:
19:09:56 isGuiScreen
19:09:56 
19:09:56 
19:09:56 blocked link because:
19:09:56 isGuiScreen
19:09:56 
19:09:56 
19:09:56 blocked link because:
19:09:56 isGuiScreen
19:09:56 
19:09:56 
19:09:56 blocked link because:
19:09:56 isGuiScreen
19:09:56 
19:09:56 
19:09:56 blocked link because:
19:09:56 isGuiScreen
19:09:56 
19:09:56 
19:09:56 blocked link because:
19:09:56 isGuiScreen
19:09:56 
19:09:56 
19:09:56 blocked link because:
19:09:56 isGuiScreen
19:09:56 
19:09:56 
19:09:56 blocked link because:
19:09:56 isGuiScreen
19:09:56 
19:09:56 
19:09:56 blocked link because:
19:09:56 isGuiScreen
19:09:56 
19:09:56 
19:09:56 blocked link because:
19:09:56 isGuiScreen
19:09:56 
19:09:56 
19:09:56 blocked link because:
19:09:56 isGuiScreen
19:09:56 
19:09:56 
19:09:56 blocked link because:
19:09:56 isGuiScreen
19:09:56 
19:09:56 
19:09:56 blocked link because:
19:09:56 isGuiScreen
19:09:56 
19:09:56 
19:09:56 blocked link because:
19:09:56 isGuiScreen
19:09:56 
19:09:56 
19:09:56 blocked link because:
19:09:56 isGuiScreen
19:09:56 
19:09:56 
19:09:56 blocked link because:
19:09:56 isGuiScreen
19:09:56 
19:09:56 
19:09:56 blocked link because:
19:09:56 isGuiScreen
19:09:56 
19:09:56 
19:09:56 blocked link because:
19:09:56 isGuiScreen
19:09:56 
19:09:56 
19:09:56 blocked link because:
19:09:56 isGuiScreen
19:09:56 
19:09:56 
19:09:56 blocked link because:
19:09:56 isGuiScreen
19:09:56 
19:09:56 
19:09:56 blocked link because:
19:09:56 isGuiScreen
19:09:56 
19:09:56 
19:09:56 blocked link because:
19:09:56 isGuiScreen
19:09:56 
19:09:56 
19:09:56 blocked link because:
19:09:56 isGuiScreen
19:09:56 
19:09:56 
19:09:56 blocked link because:
19:09:56 isGuiScreen
19:09:56 
19:09:56 
19:09:56 blocked link because:
19:09:56 isGuiScreen
19:09:56 
19:09:57 
19:09:57 blocked link because:
19:09:57 isGuiScreen
19:09:57 
19:09:57 
19:09:57 blocked link because:
19:09:57 isGuiScreen
19:09:57 
19:09:57 
19:09:57 blocked link because:
19:09:57 isGuiScreen
19:09:57 
19:09:57 
19:09:57 blocked link because:
19:09:57 isGuiScreen
19:09:57 
19:09:57 
19:09:57 blocked link because:
19:09:57 isGuiScreen
19:09:57 
19:09:57 
19:09:57 blocked link because:
19:09:57 isGuiScreen
19:09:57 
19:09:57 
19:09:57 blocked link because:
19:09:57 isGuiScreen
19:09:57 
19:09:57 
19:09:57 blocked link because:
19:09:57 isGuiScreen
19:09:57 
19:09:57 
19:09:57 blocked link because:
19:09:57 isGuiScreen
19:09:57 
19:09:57 
19:09:57 blocked link because:
19:09:57 isGuiScreen
19:09:57 
19:09:57 
19:09:57 blocked link because:
19:09:57 isGuiScreen
19:09:57 
19:09:57 
19:09:57 blocked link because:
19:09:57 isGuiScreen
19:09:57 
19:09:57 
19:09:57 blocked link because:
19:09:57 isGuiScreen
19:09:57 
19:09:57 
19:09:57 blocked link because:
19:09:57 isGuiScreen
19:09:57 
19:09:57 
19:09:57 blocked link because:
19:09:57 isGuiScreen
19:09:57 
19:09:57 
19:09:57 blocked link because:
19:09:57 isGuiScreen
19:09:57 
19:09:57 
19:09:57 blocked link because:
19:09:57 isGuiScreen
19:09:57 
19:09:57 
19:09:57 blocked link because:
19:09:57 isGuiScreen
19:09:57 
19:09:57 
19:09:57 blocked link because:
19:09:57 isGuiScreen
19:09:57 
19:09:57 
19:09:57 blocked link because:
19:09:57 isGuiScreen
19:09:57 
19:09:57 
19:09:57 blocked link because:
19:09:57 isGuiScreen
19:09:57 
19:09:57 
19:09:57 blocked link because:
19:09:57 isGuiScreen
19:09:57 
19:09:57 
19:09:57 blocked link because:
19:09:57 isGuiScreen
19:09:57 
19:09:57 
19:09:57 blocked link because:
19:09:57 isGuiScreen
19:09:57 
19:09:57 
19:09:57 blocked link because:
19:09:57 isGuiScreen
19:09:57 
19:09:57 
19:09:57 blocked link because:
19:09:57 isGuiScreen
19:09:57 
19:09:57 
19:09:57 blocked link because:
19:09:57 isGuiScreen
19:09:57 
19:09:57 
19:09:57 blocked link because:
19:09:57 isGuiScreen
19:09:57 
19:09:57 
19:09:57 blocked link because:
19:09:57 isGuiScreen
19:09:57 
19:09:57 
19:09:57 blocked link because:
19:09:57 isGuiScreen
19:09:57 
19:09:57 
19:09:57 blocked link because:
19:09:57 isGuiScreen
19:09:57 
19:09:57 
19:09:57 blocked link because:
19:09:57 isGuiScreen
19:09:57 
19:09:57 
19:09:57 blocked link because:
19:09:57 isGuiScreen
19:09:57 
19:09:57 
19:09:57 blocked link because:
19:09:57 isGuiScreen
19:09:57 
19:09:57 
19:09:57 blocked link because:
19:09:57 isGuiScreen
19:09:57 
19:09:57 
19:09:57 blocked link because:
19:09:57 isGuiScreen
19:09:57 
19:09:57 
19:09:57 blocked link because:
19:09:57 isGuiScreen
19:09:57 
19:09:57 
19:09:57 blocked link because:
19:09:57 isGuiScreen
19:09:57 
19:09:57 
19:09:57 blocked link because:
19:09:57 isGuiScreen
19:09:57 
19:09:57 
19:09:57 blocked link because:
19:09:57 isGuiScreen
19:09:57 
19:09:57 
19:09:57 blocked link because:
19:09:57 isGuiScreen
19:09:57 
19:09:57 
19:09:57 blocked link because:
19:09:57 isGuiScreen
19:09:57 
19:09:57 
19:09:57 blocked link because:
19:09:57 isGuiScreen
19:09:57 
19:09:57 
19:09:57 blocked link because:
19:09:57 isGuiScreen
19:09:57 
19:09:57 
19:09:57 blocked link because:
19:09:57 isGuiScreen
19:09:57 
19:09:57 
19:09:57 blocked link because:
19:09:57 isGuiScreen
19:09:57 
19:09:57 
19:09:57 blocked link because:
19:09:57 isGuiScreen
19:09:57 
19:09:57 
19:09:57 blocked link because:
19:09:57 isGuiScreen
19:09:57 
19:09:57 
19:09:57 blocked link because:
19:09:57 isGuiScreen
19:09:57 
19:09:57 
19:09:57 blocked link because:
19:09:57 isGuiScreen
19:09:57 
19:09:57 
19:09:57 blocked link because:
19:09:57 isGuiScreen
19:09:57 
19:09:57 
19:09:57 blocked link because:
19:09:57 isGuiScreen
19:09:57 
19:09:57 
19:09:57 blocked link because:
19:09:57 isGuiScreen
19:09:57 
19:09:57 
19:09:57 blocked link because:
19:09:57 isGuiScreen
19:09:57 
19:09:57 
19:09:57 blocked link because:
19:09:57 isGuiScreen
19:09:57 
19:09:57 
19:09:57 blocked link because:
19:09:57 isGuiScreen
19:09:57 
19:09:57 
19:09:57 blocked link because:
19:09:57 isGuiScreen
19:09:57 
19:09:57 
19:09:57 blocked link because:
19:09:57 isGuiScreen
19:09:57 
19:10:33 
19:10:33 blocked link because:
19:10:33 isGuiScreen
19:10:33 isNotInSignAndOnSlot
19:10:33 
19:10:33 
19:10:33 blocked link because:
19:10:33 isGuiScreen
19:10:33 isNotInSignAndOnSlot
19:10:33 
19:10:33 
19:10:33 blocked link because:
19:10:33 isGuiScreen
19:10:33 isNotInSignAndOnSlot
19:10:33 
19:10:33 
19:10:33 blocked link because:
19:10:33 isGuiScreen
19:10:33 isNotInSignAndOnSlot
19:10:33 
19:10:33 
19:10:33 blocked link because:
19:10:33 isGuiScreen
19:10:33 isNotInSignAndOnSlot
19:10:33 
19:10:33 
19:10:33 blocked link because:
19:10:33 isGuiScreen
19:10:33 isNotInSignAndOnSlot
19:10:33 
19:10:33 
19:10:33 blocked link because:
19:10:33 isGuiScreen
19:10:33 isNotInSignAndOnSlot
19:10:33 
19:10:33 
19:10:33 blocked link because:
19:10:33 isGuiScreen
19:10:33 isNotInSignAndOnSlot
19:10:33 
19:10:33 
19:10:33 blocked link because:
19:10:33 isGuiScreen
19:10:33 isNotInSignAndOnSlot
19:10:33 
19:10:33 
19:10:33 blocked link because:
19:10:33 isGuiScreen
19:10:33 isNotInSignAndOnSlot
19:10:33 
19:10:33 
19:10:33 blocked link because:
19:10:33 isGuiScreen
19:10:33 isNotInSignAndOnSlot
19:10:33 
19:10:34 
19:10:34 blocked link because:
19:10:34 isGuiScreen
19:10:34 isNotInSignAndOnSlot
19:10:34 
19:10:34 
19:10:34 blocked link because:
19:10:34 isGuiScreen
19:10:34 isNotInSignAndOnSlot
19:10:34 
19:10:35 
19:10:35 blocked link because:
19:10:35 isGuiScreen
19:10:35 isNotInSignAndOnSlot
19:10:35 
19:10:35 
19:10:35 blocked link because:
19:10:35 isGuiScreen
19:10:35 isNotInSignAndOnSlot
19:10:35 
19:10:35 
19:10:35 blocked link because:
19:10:35 isGuiScreen
19:10:35 isNotInSignAndOnSlot
19:10:35 
19:10:35 
19:10:35 blocked link because:
19:10:35 isGuiScreen
19:10:35 isNotInSignAndOnSlot
19:10:35 
19:10:35 
19:10:35 blocked link because:
19:10:35 isGuiScreen
19:10:35 isNotInSignAndOnSlot
19:10:35 
19:10:35 
19:10:35 blocked link because:
19:10:35 isGuiScreen
19:10:35 isNotInSignAndOnSlot
19:10:35 
19:10:35 
19:10:35 blocked link because:
19:10:35 isGuiScreen
19:10:35 isNotInSignAndOnSlot
19:10:35 
19:10:35 
19:10:35 blocked link because:
19:10:35 isGuiScreen
19:10:35 isNotInSignAndOnSlot
19:10:35 
19:10:35 
19:10:35 blocked link because:
19:10:35 isGuiScreen
19:10:35 isNotInSignAndOnSlot
19:10:35 
19:10:35 
19:10:35 blocked link because:
19:10:35 isGuiScreen
19:10:35 isNotInSignAndOnSlot
19:10:35 
19:10:35 
19:10:35 blocked link because:
19:10:35 isGuiScreen
19:10:35 isNotInSignAndOnSlot
19:10:35 
19:10:35 
19:10:35 blocked link because:
19:10:35 isGuiScreen
19:10:35 isNotInSignAndOnSlot
19:10:35 
19:10:35 
19:10:35 blocked link because:
19:10:35 isGuiScreen
19:10:35 isNotInSignAndOnSlot
19:10:35 
19:10:35 
19:10:35 blocked link because:
19:10:35 isGuiScreen
19:10:35 isNotInSignAndOnSlot
19:10:35 
19:10:35 
19:10:35 blocked link because:
19:10:35 isGuiScreen
19:10:35 isNotInSignAndOnSlot
19:10:35 
19:10:35 
19:10:35 blocked link because:
19:10:35 isGuiScreen
19:10:35 isNotInSignAndOnSlot
19:10:35 
19:10:35 
19:10:35 blocked link because:
19:10:35 isGuiScreen
19:10:35 isNotInSignAndOnSlot
19:10:35 
19:10:35 
19:10:35 blocked link because:
19:10:35 isGuiScreen
19:10:35 isNotInSignAndOnSlot
19:10:35 
19:10:35 
19:10:35 blocked link because:
19:10:35 isGuiScreen
19:10:35 isNotInSignAndOnSlot
19:10:35 
19:10:35 
19:10:35 blocked link because:
19:10:35 isGuiScreen
19:10:35 isNotInSignAndOnSlot
19:10:35 
19:10:35 
19:10:35 blocked link because:
19:10:35 isGuiScreen
19:10:35 isNotInSignAndOnSlot
19:10:35 
19:10:35 
19:10:35 blocked link because:
19:10:35 isGuiScreen
19:10:35 isNotInSignAndOnSlot
19:10:35 
19:10:35 
19:10:35 blocked link because:
19:10:35 isGuiScreen
19:10:35 isNotInSignAndOnSlot
19:10:35 
19:10:35 
19:10:35 blocked link because:
19:10:35 isGuiScreen
19:10:35 isNotInSignAndOnSlot
19:10:35 
19:10:35 
19:10:35 blocked link because:
19:10:35 isGuiScreen
19:10:35 isNotInSignAndOnSlot
19:10:35 
19:10:35 
19:10:35 blocked link because:
19:10:35 isGuiScreen
19:10:35 isNotInSignAndOnSlot
19:10:35 
19:10:36 
19:10:36 blocked link because:
19:10:36 isGuiScreen
19:10:36 isNotInSignAndOnSlot
19:10:36 
19:10:36 
19:10:36 blocked link because:
19:10:36 isGuiScreen
19:10:36 isNotInSignAndOnSlot
19:10:36 
19:10:36 
19:10:36 blocked link because:
19:10:36 isGuiScreen
19:10:36 isNotInSignAndOnSlot
19:10:36 
19:10:36 
19:10:36 blocked link because:
19:10:36 isGuiScreen
19:10:36 isNotInSignAndOnSlot
19:10:36 
19:10:36 
19:10:36 blocked link because:
19:10:36 isGuiScreen
19:10:36 isNotInSignAndOnSlot
19:10:36 
19:10:36 
19:10:36 blocked link because:
19:10:36 isGuiScreen
19:10:36 isNotInSignAndOnSlot
19:10:36 
19:10:36 
19:10:36 blocked link because:
19:10:36 isGuiScreen
19:10:36 isNotInSignAndOnSlot
19:10:36 
19:10:36 
19:10:36 blocked link because:
19:10:36 isGuiScreen
19:10:36 isNotInSignAndOnSlot
19:10:36 
19:10:36 
19:10:36 blocked link because:
19:10:36 isGuiScreen
19:10:36 isNotInSignAndOnSlot
19:10:36 
19:10:36 
19:10:36 blocked link because:
19:10:36 isGuiScreen
19:10:36 isNotInSignAndOnSlot
19:10:36 
19:10:36 
19:10:36 blocked link because:
19:10:36 isGuiScreen
19:10:36 isNotInSignAndOnSlot
19:10:36 
19:10:36 
19:10:36 blocked link because:
19:10:36 isGuiScreen
19:10:36 isNotInSignAndOnSlot
19:10:36 
19:10:36 
19:10:36 blocked link because:
19:10:36 isGuiScreen
19:10:36 isNotInSignAndOnSlot
19:10:36 
19:10:36 
19:10:36 blocked link because:
19:10:36 isGuiScreen
19:10:36 isNotInSignAndOnSlot
19:10:36 
19:10:36 
19:10:36 blocked link because:
19:10:36 isGuiScreen
19:10:36 isNotInSignAndOnSlot
19:10:36 
19:10:36 
19:10:36 blocked link because:
19:10:36 isGuiScreen
19:10:36 isNotInSignAndOnSlot
19:10:36 
19:10:36 
19:10:36 blocked link because:
19:10:36 isGuiScreen
19:10:36 isNotInSignAndOnSlot
19:10:36 
19:10:36 
19:10:36 blocked link because:
19:10:36 isGuiScreen
19:10:36 isNotInSignAndOnSlot
19:10:36 
19:10:36 
19:10:36 blocked link because:
19:10:36 isGuiScreen
19:10:36 isNotInSignAndOnSlot
19:10:36 
19:10:36 
19:10:36 blocked link because:
19:10:36 isGuiScreen
19:10:36 isNotInSignAndOnSlot
19:10:36 
19:10:36 
19:10:36 blocked link because:
19:10:36 isGuiScreen
19:10:36 isNotInSignAndOnSlot
19:10:36 
19:10:36 
19:10:36 blocked link because:
19:10:36 isGuiScreen
19:10:36 isNotInSignAndOnSlot
19:10:36 
19:10:36 
19:10:36 blocked link because:
19:10:36 isGuiScreen
19:10:36 isNotInSignAndOnSlot
19:10:36 
19:10:36 
19:10:36 blocked link because:
19:10:36 isGuiScreen
19:10:36 isNotInSignAndOnSlot
19:10:36 
19:10:36 
19:10:36 blocked link because:
19:10:36 isGuiScreen
19:10:36 isNotInSignAndOnSlot
19:10:36 
19:10:36 
19:10:36 blocked link because:
19:10:36 isGuiScreen
19:10:36 isNotInSignAndOnSlot
19:10:36 
19:10:36 
19:10:36 blocked link because:
19:10:36 isGuiScreen
19:10:36 isNotInSignAndOnSlot
19:10:36 
19:10:36 
19:10:36 blocked link because:
19:10:36 isGuiScreen
19:10:36 isNotInSignAndOnSlot
19:10:36 
19:10:36 
19:10:36 blocked link because:
19:10:36 isGuiScreen
19:10:36 isNotInSignAndOnSlot
19:10:36 
19:10:36 
19:10:36 blocked link because:
19:10:36 isGuiScreen
19:10:36 isNotInSignAndOnSlot
19:10:36 
19:10:36 
19:10:36 blocked link because:
19:10:36 isGuiScreen
19:10:36 isNotInSignAndOnSlot
19:10:36 
19:10:36 
19:10:36 blocked link because:
19:10:36 isGuiScreen
19:10:36 isNotInSignAndOnSlot
19:10:36 
19:10:36 
19:10:36 blocked link because:
19:10:36 isGuiScreen
19:10:36 isNotInSignAndOnSlot
19:10:36 
19:10:36 
19:10:36 blocked link because:
19:10:36 isGuiScreen
19:10:36 isNotInSignAndOnSlot
19:10:36 
19:10:36 
19:10:36 blocked link because:
19:10:36 isGuiScreen
19:10:36 isNotInSignAndOnSlot
19:10:36 
19:10:36 
19:10:36 blocked link because:
19:10:36 isGuiScreen
19:10:36 isNotInSignAndOnSlot
19:10:36 
19:10:36 
19:10:36 blocked link because:
19:10:36 isGuiScreen
19:10:36 isNotInSignAndOnSlot
19:10:36 
19:10:36 
19:10:36 blocked link because:
19:10:36 isGuiScreen
19:10:36 isNotInSignAndOnSlot
19:10:36 
19:10:36 
19:10:36 blocked link because:
19:10:36 isGuiScreen
19:10:36 isNotInSignAndOnSlot
19:10:36 
19:10:36 
19:10:36 blocked link because:
19:10:36 isGuiScreen
19:10:36 isNotInSignAndOnSlot
19:10:36 
19:10:36 
19:10:36 blocked link because:
19:10:36 isGuiScreen
19:10:36 isNotInSignAndOnSlot
19:10:36 
19:10:36 
19:10:36 blocked link because:
19:10:36 isGuiScreen
19:10:36 isNotInSignAndOnSlot
19:10:36 
19:10:36 
19:10:36 blocked link because:
19:10:36 isGuiScreen
19:10:36 isNotInSignAndOnSlot
19:10:36 
19:10:36 
19:10:36 blocked link because:
19:10:36 isGuiScreen
19:10:36 isNotInSignAndOnSlot
19:10:36 
19:10:36 
19:10:36 blocked link because:
19:10:36 isGuiScreen
19:10:36 isNotInSignAndOnSlot
19:10:36 
19:10:36 
19:10:36 blocked link because:
19:10:36 isGuiScreen
19:10:36 isNotInSignAndOnSlot
19:10:36 
19:10:36 
19:10:36 blocked link because:
19:10:36 isGuiScreen
19:10:36 isNotInSignAndOnSlot
19:10:36 
19:10:36 
19:10:36 blocked link because:
19:10:36 isGuiScreen
19:10:36 isNotInSignAndOnSlot
19:10:36 
19:10:36 
19:10:36 blocked link because:
19:10:36 isGuiScreen
19:10:36 isNotInSignAndOnSlot
19:10:36 
19:10:36 
19:10:36 blocked link because:
19:10:36 isGuiScreen
19:10:36 isNotInSignAndOnSlot
19:10:36 
19:10:36 
19:10:36 blocked link because:
19:10:36 isGuiScreen
19:10:36 isNotInSignAndOnSlot
19:10:36 
19:10:36 
19:10:36 blocked link because:
19:10:36 isGuiScreen
19:10:36 isNotInSignAndOnSlot
19:10:36 
19:10:36 
19:10:36 blocked link because:
19:10:36 isGuiScreen
19:10:36 isNotInSignAndOnSlot
19:10:36 
19:10:36 
19:10:36 blocked link because:
19:10:36 isGuiScreen
19:10:36 isNotInSignAndOnSlot
19:10:36 
19:10:36 
19:10:36 blocked link because:
19:10:36 isGuiScreen
19:10:36 isNotInSignAndOnSlot
19:10:36 
19:10:36 
19:10:36 blocked link because:
19:10:36 isGuiScreen
19:10:36 isNotInSignAndOnSlot
19:10:36 
19:10:36 
19:10:36 blocked link because:
19:10:36 isGuiScreen
19:10:36 isNotInSignAndOnSlot
19:10:36 
19:10:36 
19:10:36 blocked link because:
19:10:36 isGuiScreen
19:10:36 isNotInSignAndOnSlot
19:10:36 
19:10:36 
19:10:36 blocked link because:
19:10:36 isGuiScreen
19:10:36 isNotInSignAndOnSlot
19:10:36 
19:10:36 
19:10:36 blocked link because:
19:10:36 isGuiScreen
19:10:36 isNotInSignAndOnSlot
19:10:36 
19:10:36 
19:10:36 blocked link because:
19:10:36 isGuiScreen
19:10:36 isNotInSignAndOnSlot
19:10:36 
19:10:37 
19:10:37 blocked link because:
19:10:37 isGuiScreen
19:10:37 isNotInSignAndOnSlot
19:10:37 
19:10:37 
19:10:37 blocked link because:
19:10:37 isGuiScreen
19:10:37 isNotInSignAndOnSlot
19:10:37 
19:10:37 
19:10:37 blocked link because:
19:10:37 isGuiScreen
19:10:37 isNotInSignAndOnSlot
19:10:37 
19:10:37 
19:10:37 blocked link because:
19:10:37 isGuiScreen
19:10:37 isNotInSignAndOnSlot
19:10:37 
19:10:37 
19:10:37 blocked link because:
19:10:37 isGuiScreen
19:10:37 isNotInSignAndOnSlot
19:10:37 
19:10:37 
19:10:37 blocked link because:
19:10:37 isGuiScreen
19:10:37 isNotInSignAndOnSlot
19:10:37 
19:10:37 
19:10:37 blocked link because:
19:10:37 isGuiScreen
19:10:37 isNotInSignAndOnSlot
19:10:37 
19:10:37 
19:10:37 blocked link because:
19:10:37 isGuiScreen
19:10:37 isNotInSignAndOnSlot
19:10:37 
19:10:37 
19:10:37 blocked link because:
19:10:37 isGuiScreen
19:10:37 isNotInSignAndOnSlot
19:10:37 
19:10:37 
19:10:37 blocked link because:
19:10:37 isGuiScreen
19:10:37 isNotInSignAndOnSlot
19:10:37 
19:10:37 
19:10:37 blocked link because:
19:10:37 isGuiScreen
19:10:37 isNotInSignAndOnSlot
19:10:37 
19:10:37 
19:10:37 blocked link because:
19:10:37 isGuiScreen
19:10:37 isNotInSignAndOnSlot
19:10:37 
19:10:37 
19:10:37 blocked link because:
19:10:37 isGuiScreen
19:10:37 isNotInSignAndOnSlot
19:10:37 
19:10:37 
19:10:37 blocked link because:
19:10:37 isGuiScreen
19:10:37 isNotInSignAndOnSlot
19:10:37 
19:10:37 
19:10:37 blocked link because:
19:10:37 isGuiScreen
19:10:37 isNotInSignAndOnSlot
19:10:37 
19:10:37 
19:10:37 blocked link because:
19:10:37 isGuiScreen
19:10:37 isNotInSignAndOnSlot
19:10:37 
19:10:37 
19:10:37 blocked link because:
19:10:37 isGuiScreen
19:10:37 isNotInSignAndOnSlot
19:10:37 
19:10:37 
19:10:37 blocked link because:
19:10:37 isGuiScreen
19:10:37 isNotInSignAndOnSlot
19:10:37 
19:10:37 
19:10:37 blocked link because:
19:10:37 isGuiScreen
19:10:37 isNotInSignAndOnSlot
19:10:37 
19:10:37 
19:10:37 blocked link because:
19:10:37 isGuiScreen
19:10:37 isNotInSignAndOnSlot
19:10:37 
19:10:37 
19:10:37 blocked link because:
19:10:37 isGuiScreen
19:10:37 isNotInSignAndOnSlot
19:10:37 
19:10:37 
19:10:37 blocked link because:
19:10:37 isGuiScreen
19:10:37 isNotInSignAndOnSlot
19:10:37 
19:10:37 
19:10:37 blocked link because:
19:10:37 isGuiScreen
19:10:37 isNotInSignAndOnSlot
19:10:37 
19:10:37 
19:10:37 blocked link because:
19:10:37 isGuiScreen
19:10:37 isNotInSignAndOnSlot
19:10:37 
19:10:37 
19:10:37 blocked link because:
19:10:37 isGuiScreen
19:10:37 isNotInSignAndOnSlot
19:10:37 
19:10:37 
19:10:37 blocked link because:
19:10:37 isGuiScreen
19:10:37 isNotInSignAndOnSlot
19:10:37 
19:10:37 
19:10:37 blocked link because:
19:10:37 isGuiScreen
19:10:37 isNotInSignAndOnSlot
19:10:37 
19:10:37 
19:10:37 blocked link because:
19:10:37 isGuiScreen
19:10:37 isNotInSignAndOnSlot
19:10:37 
19:10:37 
19:10:37 blocked link because:
19:10:37 isGuiScreen
19:10:37 isNotInSignAndOnSlot
19:10:37 
19:10:37 
19:10:37 blocked link because:
19:10:37 isGuiScreen
19:10:37 isNotInSignAndOnSlot
19:10:37 
19:10:37 
19:10:37 blocked link because:
19:10:37 isGuiScreen
19:10:37 isNotInSignAndOnSlot
19:10:37 
19:10:37 
19:10:37 blocked link because:
19:10:37 isGuiScreen
19:10:37 isNotInSignAndOnSlot
19:10:37 
19:10:37 
19:10:37 blocked link because:
19:10:37 isGuiScreen
19:10:37 isNotInSignAndOnSlot
19:10:37 
19:10:37 
19:10:37 blocked link because:
19:10:37 isGuiScreen
19:10:37 isNotInSignAndOnSlot
19:10:37 
19:10:37 
19:10:37 blocked link because:
19:10:37 isGuiScreen
19:10:37 isNotInSignAndOnSlot
19:10:37 
19:10:37 
19:10:37 blocked link because:
19:10:37 isGuiScreen
19:10:37 isNotInSignAndOnSlot
19:10:37 
19:10:37 
19:10:37 blocked link because:
19:10:37 isGuiScreen
19:10:37 isNotInSignAndOnSlot
19:10:37 
19:10:37 
19:10:37 blocked link because:
19:10:37 isGuiScreen
19:10:37 isNotInSignAndOnSlot
19:10:37 
19:10:37 
19:10:37 blocked link because:
19:10:37 isGuiScreen
19:10:37 isNotInSignAndOnSlot
19:10:37 
19:10:37 
19:10:37 blocked link because:
19:10:37 isGuiScreen
19:10:37 isNotInSignAndOnSlot
19:10:37 
19:10:37 
19:10:37 blocked link because:
19:10:37 isGuiScreen
19:10:37 isNotInSignAndOnSlot
19:10:37 
19:10:37 
19:10:37 blocked link because:
19:10:37 isGuiScreen
19:10:37 isNotInSignAndOnSlot
19:10:37 
19:10:37 
19:10:37 blocked link because:
19:10:37 isGuiScreen
19:10:37 isNotInSignAndOnSlot
19:10:37 
19:10:37 
19:10:37 blocked link because:
19:10:37 isGuiScreen
19:10:37 isNotInSignAndOnSlot
19:10:37 
19:10:37 
19:10:37 blocked link because:
19:10:37 isGuiScreen
19:10:37 isNotInSignAndOnSlot
19:10:37 
19:10:37 
19:10:37 blocked link because:
19:10:37 isGuiScreen
19:10:37 isNotInSignAndOnSlot
19:10:37 
19:10:37 
19:10:37 blocked link because:
19:10:37 isGuiScreen
19:10:37 isNotInSignAndOnSlot
19:10:37 
19:10:37 
19:10:37 blocked link because:
19:10:37 isGuiScreen
19:10:37 isNotInSignAndOnSlot
19:10:37 
19:10:37 
19:10:37 blocked link because:
19:10:37 isGuiScreen
19:10:37 isNotInSignAndOnSlot
19:10:37 
19:10:37 
19:10:37 blocked link because:
19:10:37 isGuiScreen
19:10:37 isNotInSignAndOnSlot
19:10:37 
19:10:37 
19:10:37 blocked link because:
19:10:37 isGuiScreen
19:10:37 isNotInSignAndOnSlot
19:10:37 
19:10:37 
19:10:37 blocked link because:
19:10:37 isGuiScreen
19:10:37 isNotInSignAndOnSlot
19:10:37 
19:10:37 
19:10:37 blocked link because:
19:10:37 isGuiScreen
19:10:37 isNotInSignAndOnSlot
19:10:37 
19:10:37 
19:10:37 blocked link because:
19:10:37 isGuiScreen
19:10:37 isNotInSignAndOnSlot
19:10:37 
19:10:37 
19:10:37 blocked link because:
19:10:37 isGuiScreen
19:10:37 isNotInSignAndOnSlot
19:10:37 
19:10:37 
19:10:37 blocked link because:
19:10:37 isGuiScreen
19:10:37 isNotInSignAndOnSlot
19:10:37 
19:10:37 
19:10:37 blocked link because:
19:10:37 isGuiScreen
19:10:37 isNotInSignAndOnSlot
19:10:37 
19:10:37 
19:10:37 blocked link because:
19:10:37 isGuiScreen
19:10:37 isNotInSignAndOnSlot
19:10:37 
19:10:37 
19:10:37 blocked link because:
19:10:37 isGuiScreen
19:10:37 isNotInSignAndOnSlot
19:10:37 
19:10:37 
19:10:37 blocked link because:
19:10:37 isGuiScreen
19:10:37 isNotInSignAndOnSlot
19:10:37 
19:10:38 
19:10:38 blocked link because:
19:10:38 isGuiScreen
19:10:38 isNotInSignAndOnSlot
19:10:38 
19:10:38 
19:10:38 blocked link because:
19:10:38 isGuiScreen
19:10:38 isNotInSignAndOnSlot
19:10:38 
19:10:38 
19:10:38 blocked link because:
19:10:38 isGuiScreen
19:10:38 isNotInSignAndOnSlot
19:10:38 
19:10:38 
19:10:38 blocked link because:
19:10:38 isGuiScreen
19:10:38 isNotInSignAndOnSlot
19:10:38 
19:10:38 
19:10:38 blocked link because:
19:10:38 isGuiScreen
19:10:38 isNotInSignAndOnSlot
19:10:38 
19:10:38 
19:10:38 blocked link because:
19:10:38 isGuiScreen
19:10:38 isNotInSignAndOnSlot
19:10:38 
19:10:38 
19:10:38 blocked link because:
19:10:38 isGuiScreen
19:10:38 isNotInSignAndOnSlot
19:10:38 
19:10:38 
19:10:38 blocked link because:
19:10:38 isGuiScreen
19:10:38 isNotInSignAndOnSlot
19:10:38 
19:10:38 
19:10:38 blocked link because:
19:10:38 isGuiScreen
19:10:38 isNotInSignAndOnSlot
19:10:38 
19:10:38 
19:10:38 blocked link because:
19:10:38 isGuiScreen
19:10:38 isNotInSignAndOnSlot
19:10:38 
19:10:38 
19:10:38 blocked link because:
19:10:38 isGuiScreen
19:10:38 isNotInSignAndOnSlot
19:10:38 
19:10:38 
19:10:38 blocked link because:
19:10:38 isGuiScreen
19:10:38 isNotInSignAndOnSlot
19:10:38 
19:10:38 
19:10:38 blocked link because:
19:10:38 isGuiScreen
19:10:38 isNotInSignAndOnSlot
19:10:38 
19:10:38 
19:10:38 blocked link because:
19:10:38 isGuiScreen
19:10:38 isNotInSignAndOnSlot
19:10:38 
19:10:38 
19:10:38 blocked link because:
19:10:38 isGuiScreen
19:10:38 isNotInSignAndOnSlot
19:10:38 
19:10:38 
19:10:38 blocked link because:
19:10:38 isGuiScreen
19:10:38 isNotInSignAndOnSlot
19:10:38 
19:10:38 
19:10:38 blocked link because:
19:10:38 isGuiScreen
19:10:38 isNotInSignAndOnSlot
19:10:38 
19:10:38 
19:10:38 blocked link because:
19:10:38 isGuiScreen
19:10:38 isNotInSignAndOnSlot
19:10:38 
19:10:38 
19:10:38 blocked link because:
19:10:38 isGuiScreen
19:10:38 isNotInSignAndOnSlot
19:10:38 
19:10:38 
19:10:38 blocked link because:
19:10:38 isGuiScreen
19:10:38 isNotInSignAndOnSlot
19:10:38 
19:10:38 
19:10:38 blocked link because:
19:10:38 isGuiScreen
19:10:38 isNotInSignAndOnSlot
19:10:38 
19:10:38 
19:10:38 blocked link because:
19:10:38 isGuiScreen
19:10:38 isNotInSignAndOnSlot
19:10:38 
19:10:38 
19:10:38 blocked link because:
19:10:38 isGuiScreen
19:10:38 isNotInSignAndOnSlot
19:10:38 
19:10:38 
19:10:38 blocked link because:
19:10:38 isGuiScreen
19:10:38 isNotInSignAndOnSlot
19:10:38 
19:10:38 
19:10:38 blocked link because:
19:10:38 isGuiScreen
19:10:38 isNotInSignAndOnSlot
19:10:38 
19:10:38 
19:10:38 blocked link because:
19:10:38 isGuiScreen
19:10:38 isNotInSignAndOnSlot
19:10:38 
19:10:38 
19:10:38 blocked link because:
19:10:38 isGuiScreen
19:10:38 isNotInSignAndOnSlot
19:10:38 
19:10:38 
19:10:38 blocked link because:
19:10:38 isGuiScreen
19:10:38 isNotInSignAndOnSlot
19:10:38 
19:10:38 
19:10:38 blocked link because:
19:10:38 isGuiScreen
19:10:38 isNotInSignAndOnSlot
19:10:38 
19:10:38 
19:10:38 blocked link because:
19:10:38 isGuiScreen
19:10:38 isNotInSignAndOnSlot
19:10:38 
19:10:38 
19:10:38 blocked link because:
19:10:38 isGuiScreen
19:10:38 isNotInSignAndOnSlot
19:10:38 
19:10:38 
19:10:38 blocked link because:
19:10:38 isGuiScreen
19:10:38 isNotInSignAndOnSlot
19:10:38 
19:10:38 
19:10:38 blocked link because:
19:10:38 isGuiScreen
19:10:38 isNotInSignAndOnSlot
19:10:38 
19:10:38 
19:10:38 blocked link because:
19:10:38 isGuiScreen
19:10:38 isNotInSignAndOnSlot
19:10:38 
19:10:38 
19:10:38 blocked link because:
19:10:38 isGuiScreen
19:10:38 isNotInSignAndOnSlot
19:10:38 
19:10:38 
19:10:38 blocked link because:
19:10:38 isGuiScreen
19:10:38 isNotInSignAndOnSlot
19:10:38 
19:10:38 
19:10:38 blocked link because:
19:10:38 isGuiScreen
19:10:38 isNotInSignAndOnSlot
19:10:38 
19:10:38 
19:10:38 blocked link because:
19:10:38 isGuiScreen
19:10:38 isNotInSignAndOnSlot
19:10:38 
19:10:38 
19:10:38 blocked link because:
19:10:38 isGuiScreen
19:10:38 isNotInSignAndOnSlot
19:10:38 
19:10:38 
19:10:38 blocked link because:
19:10:38 isGuiScreen
19:10:38 isNotInSignAndOnSlot
19:10:38 
19:10:38 
19:10:38 blocked link because:
19:10:38 isGuiScreen
19:10:38 isNotInSignAndOnSlot
19:10:38 
19:10:38 
19:10:38 blocked link because:
19:10:38 isGuiScreen
19:10:38 isNotInSignAndOnSlot
19:10:38 
19:10:38 
19:10:38 blocked link because:
19:10:38 isGuiScreen
19:10:38 isNotInSignAndOnSlot
19:10:38 
19:10:38 
19:10:38 blocked link because:
19:10:38 isGuiScreen
19:10:38 isNotInSignAndOnSlot
19:10:38 
19:10:38 
19:10:38 blocked link because:
19:10:38 isGuiScreen
19:10:38 isNotInSignAndOnSlot
19:10:38 
19:10:38 
19:10:38 blocked link because:
19:10:38 isGuiScreen
19:10:38 isNotInSignAndOnSlot
19:10:38 
19:10:38 
19:10:38 blocked link because:
19:10:38 isGuiScreen
19:10:38 isNotInSignAndOnSlot
19:10:38 
19:10:38 
19:10:38 blocked link because:
19:10:38 isGuiScreen
19:10:38 isNotInSignAndOnSlot
19:10:38 
19:10:38 
19:10:38 blocked link because:
19:10:38 isGuiScreen
19:10:38 isNotInSignAndOnSlot
19:10:38 
19:10:38 
19:10:38 blocked link because:
19:10:38 isGuiScreen
19:10:38 isNotInSignAndOnSlot
19:10:38 
19:10:38 
19:10:38 blocked link because:
19:10:38 isGuiScreen
19:10:38 isNotInSignAndOnSlot
19:10:38 
19:10:38 
19:10:38 blocked link because:
19:10:38 isGuiScreen
19:10:38 isNotInSignAndOnSlot
19:10:38 
19:10:38 
19:10:38 blocked link because:
19:10:38 isGuiScreen
19:10:38 isNotInSignAndOnSlot
19:10:38 
19:10:38 
19:10:38 blocked link because:
19:10:38 isGuiScreen
19:10:38 isNotInSignAndOnSlot
19:10:38 
19:10:38 
19:10:38 blocked link because:
19:10:38 isGuiScreen
19:10:38 isNotInSignAndOnSlot
19:10:38 
19:10:38 
19:10:38 blocked link because:
19:10:38 isGuiScreen
19:10:38 isNotInSignAndOnSlot
19:10:38 
19:10:38 
19:10:38 blocked link because:
19:10:38 isGuiScreen
19:10:38 isNotInSignAndOnSlot
19:10:38 
19:10:38 
19:10:38 blocked link because:
19:10:38 isGuiScreen
19:10:38 isNotInSignAndOnSlot
19:10:38 
19:10:39 
19:10:39 blocked link because:
19:10:39 isGuiScreen
19:10:39 isNotInSignAndOnSlot
19:10:39 
19:10:39 
19:10:39 blocked link because:
19:10:39 isGuiScreen
19:10:39 isNotInSignAndOnSlot
19:10:39 
19:10:39 
19:10:39 blocked link because:
19:10:39 isGuiScreen
19:10:39 isNotInSignAndOnSlot
19:10:39 
19:10:39 
19:10:39 blocked link because:
19:10:39 isGuiScreen
19:10:39 isNotInSignAndOnSlot
19:10:39 
19:10:39 
19:10:39 blocked link because:
19:10:39 isGuiScreen
19:10:39 isNotInSignAndOnSlot
19:10:39 
19:10:39 
19:10:39 blocked link because:
19:10:39 isGuiScreen
19:10:39 isNotInSignAndOnSlot
19:10:39 
19:10:39 
19:10:39 blocked link because:
19:10:39 isGuiScreen
19:10:39 isNotInSignAndOnSlot
19:10:39 
19:10:39 
19:10:39 blocked link because:
19:10:39 isGuiScreen
19:10:39 isNotInSignAndOnSlot
19:10:39 
19:10:39 
19:10:39 blocked link because:
19:10:39 isGuiScreen
19:10:39 isNotInSignAndOnSlot
19:10:39 
19:10:39 
19:10:39 blocked link because:
19:10:39 isGuiScreen
19:10:39 isNotInSignAndOnSlot
19:10:39 
19:10:39 
19:10:39 blocked link because:
19:10:39 isGuiScreen
19:10:39 isNotInSignAndOnSlot
19:10:39 
19:10:39 
19:10:39 blocked link because:
19:10:39 isGuiScreen
19:10:39 isNotInSignAndOnSlot
19:10:39 
19:10:39 
19:10:39 blocked link because:
19:10:39 isGuiScreen
19:10:39 isNotInSignAndOnSlot
19:10:39 
19:10:39 
19:10:39 blocked link because:
19:10:39 isGuiScreen
19:10:39 isNotInSignAndOnSlot
19:10:39 
19:10:39 
19:10:39 blocked link because:
19:10:39 isGuiScreen
19:10:39 isNotInSignAndOnSlot
19:10:39 
19:10:39 
19:10:39 blocked link because:
19:10:39 isGuiScreen
19:10:39 isNotInSignAndOnSlot
19:10:39 
19:10:39 
19:10:39 blocked link because:
19:10:39 isGuiScreen
19:10:39 isNotInSignAndOnSlot
19:10:39 
19:10:39 
19:10:39 blocked link because:
19:10:39 isGuiScreen
19:10:39 isNotInSignAndOnSlot
19:10:39 
19:10:39 
19:10:39 blocked link because:
19:10:39 isGuiScreen
19:10:39 isNotInSignAndOnSlot
19:10:39 
19:10:39 
19:10:39 blocked link because:
19:10:39 isGuiScreen
19:10:39 isNotInSignAndOnSlot
19:10:39 
19:10:39 
19:10:39 blocked link because:
19:10:39 isGuiScreen
19:10:39 isNotInSignAndOnSlot
19:10:39 
19:10:39 
19:10:39 blocked link because:
19:10:39 isGuiScreen
19:10:39 isNotInSignAndOnSlot
19:10:39 
19:10:39 
19:10:39 blocked link because:
19:10:39 isGuiScreen
19:10:39 isNotInSignAndOnSlot
19:10:39 
19:10:39 
19:10:39 blocked link because:
19:10:39 isGuiScreen
19:10:39 isNotInSignAndOnSlot
19:10:39 
19:10:41 
19:10:41 blocked link because:
19:10:41 isGuiScreen
19:10:41 isNotInSignAndOnSlot
19:10:41 
19:10:41 
19:10:41 blocked link because:
19:10:41 isGuiScreen
19:10:41 isNotInSignAndOnSlot
19:10:41 
19:10:41 
19:10:41 blocked link because:
19:10:41 isGuiScreen
19:10:41 isNotInSignAndOnSlot
19:10:41 
19:10:41 
19:10:41 blocked link because:
19:10:41 isGuiScreen
19:10:41 isNotInSignAndOnSlot
19:10:41 
19:10:41 
19:10:41 blocked link because:
19:10:41 isGuiScreen
19:10:41 isNotInSignAndOnSlot
19:10:41 
19:10:41 
19:10:41 blocked link because:
19:10:41 isGuiScreen
19:10:41 isNotInSignAndOnSlot
19:10:41 
19:10:41 
19:10:41 blocked link because:
19:10:41 isGuiScreen
19:10:41 isNotInSignAndOnSlot
19:10:41 
19:11:27 
19:11:27 blocked link because:
19:11:27 isGuiScreen
19:11:27 
19:11:27 
19:11:27 blocked link because:
19:11:27 isGuiScreen
19:11:27 
19:11:37 
19:11:37 blocked link because:
19:11:37 isGuiScreen
19:11:37 
19:11:37 
19:11:37 blocked link because:
19:11:37 isGuiScreen
19:11:37 
19:11:37 
19:11:37 blocked link because:
19:11:37 isGuiScreen
19:11:37 
19:11:37 
19:11:37 blocked link because:
19:11:37 isGuiScreen
19:11:37 
19:11:37 
19:11:37 blocked link because:
19:11:37 isGuiScreen
19:11:37 
19:11:37 
19:11:37 blocked link because:
19:11:37 isGuiScreen
19:11:37 
19:11:37 
19:11:37 blocked link because:
19:11:37 isGuiScreen
19:11:37 
19:11:37 
19:11:37 blocked link because:
19:11:37 isGuiScreen
19:11:37 
19:11:37 
19:11:37 blocked link because:
19:11:37 isGuiScreen
19:11:37 
19:11:37 
19:11:37 blocked link because:
19:11:37 isGuiScreen
19:11:37 
19:11:37 
19:11:37 blocked link because:
19:11:37 isGuiScreen
19:11:37 
19:11:37 
19:11:37 blocked link because:
19:11:37 isGuiScreen
19:11:37 
19:11:37 
19:11:37 blocked link because:
19:11:37 isGuiScreen
19:11:37 
19:11:37 
19:11:37 blocked link because:
19:11:37 isGuiScreen
19:11:37 
19:11:37 
19:11:37 blocked link because:
19:11:37 isGuiScreen
19:11:37 
19:11:37 
19:11:37 blocked link because:
19:11:37 isGuiScreen
19:11:37 
19:11:37 
19:11:37 blocked link because:
19:11:37 isGuiScreen
19:11:37 
19:11:37 
19:11:37 blocked link because:
19:11:37 isGuiScreen
19:11:37 
19:11:37 
19:11:37 blocked link because:
19:11:37 isGuiScreen
19:11:37 
19:11:37 
19:11:37 blocked link because:
19:11:37 isGuiScreen
19:11:37 
19:11:37 
19:11:37 blocked link because:
19:11:37 isGuiScreen
19:11:37 
19:11:37 
19:11:37 blocked link because:
19:11:37 isGuiScreen
19:11:37 
19:11:37 
19:11:37 blocked link because:
19:11:37 isGuiScreen
19:11:37 
19:11:37 
19:11:37 blocked link because:
19:11:37 isGuiScreen
19:11:37 
19:11:37 
19:11:37 blocked link because:
19:11:37 isGuiScreen
19:11:37 
19:11:37 
19:11:37 blocked link because:
19:11:37 isGuiScreen
19:11:37 
19:11:37 
19:11:37 blocked link because:
19:11:37 isGuiScreen
19:11:37 
19:11:37 
19:11:37 blocked link because:
19:11:37 isGuiScreen
19:11:37 
19:11:37 
19:11:37 blocked link because:
19:11:37 isGuiScreen
19:11:37 
19:11:37 
19:11:37 blocked link because:
19:11:37 isGuiScreen
19:11:37 
19:11:37 
19:11:37 blocked link because:
19:11:37 isGuiScreen
19:11:37 
19:11:37 
19:11:37 blocked link because:
19:11:37 isGuiScreen
19:11:37 
19:11:37 
19:11:37 blocked link because:
19:11:37 isGuiScreen
19:11:37 
19:11:37 
19:11:37 blocked link because:
19:11:37 isGuiScreen
19:11:37 
19:11:37 
19:11:37 blocked link because:
19:11:37 isGuiScreen
19:11:37 
19:11:37 
19:11:37 blocked link because:
19:11:37 isGuiScreen
19:11:37 
19:11:37 
19:11:37 blocked link because:
19:11:37 isGuiScreen
19:11:37 
19:11:37 
19:11:37 blocked link because:
19:11:37 isGuiScreen
19:11:37 
19:11:37 
19:11:37 blocked link because:
19:11:37 isGuiScreen
19:11:37 
19:11:37 
19:11:37 blocked link because:
19:11:37 isGuiScreen
19:11:37 
19:11:37 
19:11:37 blocked link because:
19:11:37 isGuiScreen
19:11:37 
19:11:37 
19:11:37 blocked link because:
19:11:37 isGuiScreen
19:11:37 
19:11:37 
19:11:37 blocked link because:
19:11:37 isGuiScreen
19:11:37 
19:11:37 
19:11:37 blocked link because:
19:11:37 isGuiScreen
19:11:37 
19:11:37 
19:11:37 blocked link because:
19:11:37 isGuiScreen
19:11:37 
19:11:37 
19:11:37 blocked link because:
19:11:37 isGuiScreen
19:11:37 
19:11:37 
19:11:37 blocked link because:
19:11:37 isGuiScreen
19:11:37 
19:11:37 
19:11:37 blocked link because:
19:11:37 isGuiScreen
19:11:37 
19:11:37 
19:11:37 blocked link because:
19:11:37 isGuiScreen
19:11:37 
19:11:38 
19:11:38 blocked link because:
19:11:38 isGuiScreen
19:11:38 
19:11:38 
19:11:38 blocked link because:
19:11:38 isGuiScreen
19:11:38 
19:11:38 
19:11:38 blocked link because:
19:11:38 isGuiScreen
19:11:38 
19:11:38 
19:11:38 blocked link because:
19:11:38 isGuiScreen
19:11:38 
19:11:38 
19:11:38 blocked link because:
19:11:38 isGuiScreen
19:11:38 
19:11:38 
19:11:38 blocked link because:
19:11:38 isGuiScreen
19:11:38 
19:11:38 
19:11:38 blocked link because:
19:11:38 isGuiScreen
19:11:38 
19:11:38 
19:11:38 blocked link because:
19:11:38 isGuiScreen
19:11:38 
19:11:38 
19:11:38 blocked link because:
19:11:38 isGuiScreen
19:11:38 
19:11:38 
19:11:38 blocked link because:
19:11:38 isGuiScreen
19:11:38 
19:11:38 
19:11:38 blocked link because:
19:11:38 isGuiScreen
19:11:38 
19:11:38 
19:11:38 blocked link because:
19:11:38 isGuiScreen
19:11:38 
19:11:38 
19:11:38 blocked link because:
19:11:38 isGuiScreen
19:11:38 
19:11:38 
19:11:38 blocked link because:
19:11:38 isGuiScreen
19:11:38 
19:11:38 
19:11:38 blocked link because:
19:11:38 isGuiScreen
19:11:38 
19:11:38 
19:11:38 blocked link because:
19:11:38 isGuiScreen
19:11:38 
19:11:38 
19:11:38 blocked link because:
19:11:38 isGuiScreen
19:11:38 
19:11:38 
19:11:38 blocked link because:
19:11:38 isGuiScreen
19:11:38 
19:11:38 
19:11:38 blocked link because:
19:11:38 isGuiScreen
19:11:38 
19:11:38 
19:11:38 blocked link because:
19:11:38 isGuiScreen
19:11:38 
19:11:49 
19:11:49 blocked link because:
19:11:49 isGuiScreen
19:11:49 
19:11:49 
19:11:49 blocked link because:
19:11:49 isGuiScreen
19:11:49 
19:11:49 
19:11:49 blocked link because:
19:11:49 isGuiScreen
19:11:49 
19:11:49 
19:11:49 blocked link because:
19:11:49 isGuiScreen
19:11:49 
19:11:49 
19:11:49 blocked link because:
19:11:49 isGuiScreen
19:11:49 
19:11:49 
19:11:49 blocked link because:
19:11:49 isGuiScreen
19:11:49 
19:11:49 
19:11:49 blocked link because:
19:11:49 isGuiScreen
19:11:49 
