10:46:46 §f                                  §6§lBESTIARY
10:46:46 §f                                §b§lSlug §7§8IX §8➡§b §bX
10:46:46 
10:46:46 §f                                  §r§6§lREWARDS
10:46:46 §f                          §r§6+0.4☘ Farming Fortune
10:46:46 §f                               §r§8+§r§62% §r§aSlug §r§7coins
10:46:46 §f                    §r§8+§r§a50% §r§7chance for extra XP orbs
10:46:46 §f                               §r§8+§r§b1 SkyBlock XP
10:46:46 
10:46:46 §3§l▬▬▬▬▬▬▬▬▬▬▬▬▬▬▬▬▬▬▬▬▬▬▬▬▬▬▬▬▬▬▬▬▬▬▬▬▬▬▬▬▬▬▬▬▬▬▬▬▬▬▬▬▬▬▬▬▬▬▬▬▬▬▬▬
12:03:25 §f                                  §6§lBESTIARY
12:03:25 §f                           §b§lMage Outlaw §7§8V §8➡§b §bVI
12:03:25 
12:03:25 §f                                  §r§6§lREWARDS
12:03:25 §f                     §r§8+§r§a3 §r§5§lMage Outlaw §r§b✯ Magic Find
12:03:25 §f                      §r§8+§r§a3 §r§5§lMage Outlaw §r§c❁ Strength
12:03:25 §f                         §r§8+§r§62% §r§a§r§5§lMage Outlaw §r§7coins
12:03:25 §f                    §r§8+§r§a50% §r§7chance for extra XP orbs
12:03:25 §f                               §r§8+§r§b1 SkyBlock XP
12:03:25 
12:03:25 §3§l▬▬▬▬▬▬▬▬▬▬▬▬▬▬▬▬▬▬▬▬▬▬▬▬▬▬▬▬▬▬▬▬▬▬▬▬▬▬▬▬▬▬▬▬▬▬▬▬▬▬▬▬▬▬▬▬▬▬▬▬▬▬▬▬
