22:01:17 [allowed] §f §r§r§r§f §r§r§r§1 §r§r§r§0 §r§r§r§2 §r§r§r§f §r§r§r§f §r§r§r§2 §r§r§r§0 §r§r§r§4 §r§r§r§3 §r§r§r§9 §r§r§r§2 §r§r§r§0 §r§r§r§0 §r§r§r§3 §r§r§r§9 §r§r§r§2 §r§r§r§0 §r§r§r§0 §r§r§r§3 §r§r§r§9 §r§r§r§2 §r§r§r§0 §r§r§r§0 
22:01:17 [allowed] §b[MVP§f+§b] Firemage_X§f §6joined the lobby!
22:01:17 [allowed] §aYou have §b19 §aunclaimed leveling rewards!
22:01:17 [allowed] §eClick here to view them!
22:01:17 [allowed] §aYou have §67 §aunclaimed achievement rewards!
22:01:17 [allowed] §eClick here to view them!
22:01:19 [allowed] §b[MVP§c+§b] Insan1ty_YT§f §6joined the lobby!
22:01:20 [allowed] §9§m-----------------------------------------------------§r§9
§r§9                          §r§9 §6Friends (Page 1 of 8) §r§e§l>>§r§9
§r§9§bCynacx §eis in SkyBlock - Private Island§r§9
§r§9§7KingGoji953 §eis in Limbo§r§9
§r§9§b24Arrian §cis currently offline§r§9
§r§9§b_mmc27 §cis currently offline§r§9
§r§9§a_tsn §cis currently offline§r§9
§r§9§aAceCreo_ §cis currently offline§r§9
§r§9§7alemartino §cis currently offline§r§9
§r§9§bAstFaster §cis currently offline§r§9
§r§9§m-----------------------------------------------------
22:01:22 [allowed] §7Sending to server mini193P...
22:01:22 [allowed] §8 §r§8 §r§1 §r§3 §r§3 §r§7 §r§8 
22:01:22 [allowed] §aSince you've been away you earned §r§619,168 coins §r§aas interest in your personal bank account!
22:01:22 [allowed] §b-----------------------------------------------------
22:01:22 [allowed] §aYou have just received §r§6353,177 coins §r§aas interest in your co-op bank account!
22:01:22 [allowed] §b-----------------------------------------------------
22:01:25 [allowed] 
22:01:25 [allowed] §eWelcome to §r§aHypixel SkyBlock§r§e!
22:01:25 [allowed] 
22:01:25 [allowed] §eLatest update: §bSkyBlock v0.20.7 §e§lCLICK
22:01:26 [allowed] §aYou are playing on profile: §ePineapple§b (Co-op)
22:01:26 [allowed] §8Profile ID: 6accdd30-5c34-4840-99a1-da8b87d5f229
22:01:27 [SKYMALL] §bNew day! §r§eYour §r§2Sky Mall §r§ebuff changed!
22:01:27 [SKYMALL] §eNew buff§r§r§r: §r§fGain §r§a5x §r§9Titanium §r§fdrops
22:01:27 [SKYMALL] §8§oYou can disable this messaging by toggling Sky Mall in your /hotm!
22:01:31 [allowed] §6[Bazaar] §r§7Claiming orders...
22:01:31 [allowed] §6[Bazaar] §r§7§r§7Claimed §r§6988,744 coins §r§7from selling §r§a1§r§7x §r§5Diamante's Handle §r§7at §r§6999,994 §r§7each!
22:01:31 [allowed] §6[Bazaar] §r§7§r§7Claimed §r§61,038,732 coins §r§7from selling §r§a1§r§7x §r§9Wither Catalyst §r§7at §r§61,050,551 §r§7each!
22:02:09 [allowed] §8Depositing coins...
22:02:09 [allowed] §aDeposited §r§611.5M coins§r§a! There's now §r§639.8M coins §r§ain the account!
22:02:28 [allowed] §7Sending to server mini99DW...
22:02:28 [allowed] §8 §r§8 §r§1 §r§3 §r§3 §r§7 §r§8 
22:02:31 [allowed] §aYou are playing on profile: §ePineapple§b (Co-op)
22:02:31 [allowed] §8Profile ID: 6accdd30-5c34-4840-99a1-da8b87d5f229
22:02:36 [allowed] §aYou received §r§6254,407.5 coins§r§a!
22:02:38 [allowed] §6[Sacks] §r§a+1§r§e item§r§e.§r§8 (Last 5s.)
22:02:44 [allowed] §aYou received §r§6244,737 coins§r§a!
22:02:47 [allowed] §aYou used your §r§6Mining Speed Boost §r§aPickaxe Ability!
22:02:48 [allowed] §6[Sacks] §r§a+2§r§e items§r§e.§r§8 (Last 5s.)
22:02:49 [allowed] §aYou received §r§6244,894.5 coins§r§a!
22:02:54 [allowed] §cYour pickaxe ability is on cooldown for 113s.
22:02:56 [allowed] §cYour pickaxe ability is on cooldown for 111s.
22:02:57 [allowed] §cYour Mining Speed Boost has expired!
22:02:59 [allowed] §cYour pickaxe ability is on cooldown for 108s.
22:03:01 [allowed] §aYou received §r§6244,831.5 coins§r§a!
22:03:04 [allowed] §aYou received §r§6244,894.5 coins§r§a!
22:03:05 [allowed] §2Guild > §r§bcreeperXP §r§ejoined.
22:03:07 [allowed] §6[Sacks] §r§a+5§r§e items§r§e.§r§8 (Last 6s.)
22:03:12 [allowed] §aYou received §r§6254,659.5 coins§r§a!
22:03:18 [allowed] §aYou received §r§6254,754 coins§r§a!
22:03:22 [allowed] §aYou received §r§6244,957.5 coins§r§a!
22:03:26 [allowed] §6[Sacks] §r§a+1§r§e item§r§e.§r§8 (Last 5s.)
22:03:26 [allowed] §aYou received §r§6264,104.1 coins§r§a!
22:03:34 [allowed] §aYou received §r§6244,926 coins§r§a!
22:03:42 [allowed] §aYou received §r§6244,989 coins§r§a!
22:03:47 [allowed] §aYou received §r§6264,172.5 coins§r§a!
22:03:50 [allowed] §cYour pickaxe ability is on cooldown for 57s.
22:03:51 [allowed] §aYou received §r§6264,499.2 coins§r§a!
22:03:56 [allowed] §aYou received §r§6264,573.9 coins§r§a!
22:03:59 [allowed] §aYou received §r§6264,443.4 coins§r§a!
22:04:23 [allowed] §aYou summoned your §r§6Wither Skeleton§r§a!
22:04:44 [allowed] Unknown command. Type "/help" for help. ('wardrome')
22:04:47 [allowed] §a§r§6Mining Speed Boost §r§ais now available!
22:05:03 [allowed] §6[Sacks] §r§a+1§r§e item§r§e.§r§8 (Last 5s.)
22:05:09 [allowed] §aYou used your §r§6Mining Speed Boost §r§aPickaxe Ability!
22:05:17 [allowed] §6[Sacks] §r§a+7§r§e items§r§e.§r§8 (Last 5s.)
22:05:19 [allowed] §cYour Mining Speed Boost has expired!
22:05:34 [allowed] §6[Sacks] §r§a+31§r§e items§r§e.§r§8 (Last 8s.)
22:05:49 [allowed] §6[Sacks] §r§a+154§r§e items§r§e.§r§8 (Last 9s.)
22:05:58 [allowed] §6[Sacks] §r§a+123§r§e items§r§e.§r§8 (Last 8s.)
22:06:04 [allowed] §aYou sold §r§aEnchanted Snow Block§r§8 x64 §r§afor §r§638,400 Coins§r§a!
22:06:04 [allowed] §6[Sacks] §r§a+62§r§e items§r§e.§r§8 (Last 5s.)
22:06:04 [allowed] §aYou sold §r§aEnchanted Snow Block§r§8 x64 §r§afor §r§638,400 Coins§r§a!
22:06:05 [allowed] §aYou sold §r§aEnchanted Snow Block§r§8 x64 §r§afor §r§638,400 Coins§r§a!
22:06:07 [allowed] §aYou sold §r§aEnchanted Snow Block§r§8 x64 §r§afor §r§638,400 Coins§r§a!
22:06:07 [allowed] §aYou sold §r§aEnchanted Snow Block§r§8 x64 §r§afor §r§638,400 Coins§r§a!
22:06:08 [allowed] §aYou sold §r§aEnchanted Snow Block§r§8 x64 §r§afor §r§638,400 Coins§r§a!
22:06:09 [allowed] §aYou sold §r§aEnchanted Snow Block§r§8 x64 §r§afor §r§638,400 Coins§r§a!
22:06:09 [allowed] §aYou sold §r§aEnchanted Snow Block§r§8 x64 §r§afor §r§638,400 Coins§r§a!
22:06:10 [allowed] §aYou sold §r§aEnchanted Snow Block§r§8 x64 §r§afor §r§638,400 Coins§r§a!
22:06:11 [allowed] §aYou sold §r§aEnchanted Snow Block§r§8 x44 §r§afor §r§626,400 Coins§r§a!
22:06:12 [allowed] §aYou sold §r§aEnchanted Snow Block§r§8 x64 §r§afor §r§638,400 Coins§r§a!
22:06:12 [allowed] §aYou sold §r§aEnchanted Snow Block§r§8 x64 §r§afor §r§638,400 Coins§r§a!
22:06:13 [allowed] §aYou sold §r§aEnchanted Snow Block§r§8 x64 §r§afor §r§638,400 Coins§r§a!
22:06:14 [allowed] §aYou sold §r§aEnchanted Snow Block§r§8 x64 §r§afor §r§638,400 Coins§r§a!
22:06:15 [allowed] §aYou sold §r§aEnchanted Snow Block§r§8 x64 §r§afor §r§638,400 Coins§r§a!
22:06:15 [allowed] §aYou sold §r§aEnchanted Snow Block§r§8 x64 §r§afor §r§638,400 Coins§r§a!
22:06:16 [allowed] §aYou sold §r§aEnchanted Snow Block§r§8 x64 §r§afor §r§638,400 Coins§r§a!
22:06:37 [allowed] §6[Sacks] §r§c-371§r§e items§r§e.§r§8 (Last 6s.)
22:06:48 [allowed] §6[Bazaar] §r§7Putting goods in escrow...
22:06:48 [allowed] §6[Bazaar] §r§7Submitting sell offer...
22:06:48 [allowed] §6[Bazaar] §r§7§r§eSell Offer Setup! §r§a369§r§7x §r§aEnchanted Diamond §r§7for §r§6524,178 coins§r§7.
22:06:51 [allowed] §aYou sold §r§9Enchanted Diamond Block§r§8 x2 §r§afor §r§6409,600 Coins§r§a!
22:07:01 [allowed] §fRabbit Sis §r§7has been promoted to §r§7[4§r§7] §r§fIntern§r§7!
22:07:01 [allowed] §fRabbit Sis §r§7has been promoted to §r§7[5§r§7] §r§fIntern§r§7!
22:07:01 [allowed] §fRabbit Sis §r§7has been promoted to §r§7[6§r§7] §r§fIntern§r§7!
22:07:02 [allowed] §fRabbit Sis §r§7has been promoted to §r§7[7§r§7] §r§fIntern§r§7!
22:07:02 [allowed] §fRabbit Sis §r§7has been promoted to §r§7[8§r§7] §r§fIntern§r§7!
22:07:02 [allowed] §fRabbit Sis §r§7has been promoted to §r§7[9§r§7] §r§fIntern§r§7!
22:07:02 [allowed] §aRabbit Sis §r§7has been promoted to §r§7[10§r§7] §r§aEmployee§r§7!
22:07:02 [allowed] §aRabbit Sis §r§7has been promoted to §r§7[11§r§7] §r§aEmployee§r§7!
22:07:02 [allowed] §aRabbit Sis §r§7has been promoted to §r§7[12§r§7] §r§aEmployee§r§7!
22:07:02 [allowed] §aRabbit Sis §r§7has been promoted to §r§7[13§r§7] §r§aEmployee§r§7!
22:07:02 [allowed] §aRabbit Sis §r§7has been promoted to §r§7[14§r§7] §r§aEmployee§r§7!
22:07:02 [allowed] §aRabbit Sis §r§7has been promoted to §r§7[15§r§7] §r§aEmployee§r§7!
22:07:03 [allowed] §aRabbit Sis §r§7has been promoted to §r§7[16§r§7] §r§aEmployee§r§7!
22:07:03 [allowed] §aRabbit Sis §r§7has been promoted to §r§7[17§r§7] §r§aEmployee§r§7!
22:07:03 [allowed] §aRabbit Sis §r§7has been promoted to §r§7[18§r§7] §r§aEmployee§r§7!
22:07:03 [allowed] §aRabbit Sis §r§7has been promoted to §r§7[19§r§7] §r§aEmployee§r§7!
22:07:03 [allowed] §aRabbit Sis §r§7has been promoted to §r§7[20§r§7] §r§aEmployee§r§7!
22:07:03 [allowed] §aRabbit Sis §r§7has been promoted to §r§7[21§r§7] §r§aEmployee§r§7!
22:07:03 [allowed] §aRabbit Sis §r§7has been promoted to §r§7[22§r§7] §r§aEmployee§r§7!
22:07:03 [allowed] §aRabbit Sis §r§7has been promoted to §r§7[23§r§7] §r§aEmployee§r§7!
22:07:04 [allowed] §fRabbit Daddy §r§7has been promoted to §r§7[1§r§7] §r§fIntern§r§7!
22:07:04 [allowed] §fRabbit Daddy §r§7has been promoted to §r§7[2§r§7] §r§fIntern§r§7!
22:07:04 [allowed] §fRabbit Daddy §r§7has been promoted to §r§7[3§r§7] §r§fIntern§r§7!
22:07:04 [allowed] §fRabbit Daddy §r§7has been promoted to §r§7[4§r§7] §r§fIntern§r§7!
22:07:05 [allowed] §fRabbit Daddy §r§7has been promoted to §r§7[5§r§7] §r§fIntern§r§7!
22:07:05 [allowed] §fRabbit Daddy §r§7has been promoted to §r§7[6§r§7] §r§fIntern§r§7!
22:07:05 [allowed] §fRabbit Daddy §r§7has been promoted to §r§7[7§r§7] §r§fIntern§r§7!
22:07:05 [allowed] §fRabbit Daddy §r§7has been promoted to §r§7[8§r§7] §r§fIntern§r§7!
22:07:05 [allowed] §fRabbit Daddy §r§7has been promoted to §r§7[9§r§7] §r§fIntern§r§7!
22:07:05 [allowed] §aRabbit Daddy §r§7has been promoted to §r§7[10§r§7] §r§aEmployee§r§7!
22:07:05 [allowed] §aRabbit Daddy §r§7has been promoted to §r§7[11§r§7] §r§aEmployee§r§7!
22:07:05 [allowed] §aRabbit Daddy §r§7has been promoted to §r§7[12§r§7] §r§aEmployee§r§7!
22:07:06 [allowed] §aRabbit Daddy §r§7has been promoted to §r§7[13§r§7] §r§aEmployee§r§7!
22:07:06 [allowed] §aRabbit Daddy §r§7has been promoted to §r§7[14§r§7] §r§aEmployee§r§7!
22:07:06 [allowed] §aRabbit Daddy §r§7has been promoted to §r§7[15§r§7] §r§aEmployee§r§7!
22:07:06 [allowed] §aRabbit Daddy §r§7has been promoted to §r§7[16§r§7] §r§aEmployee§r§7!
22:07:06 [allowed] §aRabbit Daddy §r§7has been promoted to §r§7[17§r§7] §r§aEmployee§r§7!
22:07:07 [allowed] §aRabbit Daddy §r§7has been promoted to §r§7[18§r§7] §r§aEmployee§r§7!
22:07:07 [allowed] §aRabbit Daddy §r§7has been promoted to §r§7[19§r§7] §r§aEmployee§r§7!
22:07:07 [allowed] §aRabbit Daddy §r§7has been promoted to §r§7[20§r§7] §r§aEmployee§r§7!
22:07:07 [allowed] §aRabbit Daddy §r§7has been promoted to §r§7[21§r§7] §r§aEmployee§r§7!
22:07:08 [allowed] §fRabbit Granny §r§7has been promoted to §r§7[1§r§7] §r§fIntern§r§7!
22:07:08 [allowed] §fRabbit Granny §r§7has been promoted to §r§7[2§r§7] §r§fIntern§r§7!
22:07:08 [allowed] §fRabbit Granny §r§7has been promoted to §r§7[3§r§7] §r§fIntern§r§7!
22:07:08 [allowed] §fRabbit Granny §r§7has been promoted to §r§7[4§r§7] §r§fIntern§r§7!
22:07:09 [allowed] §fRabbit Granny §r§7has been promoted to §r§7[5§r§7] §r§fIntern§r§7!
22:07:09 [allowed] §fRabbit Granny §r§7has been promoted to §r§7[6§r§7] §r§fIntern§r§7!
22:07:09 [allowed] §fRabbit Granny §r§7has been promoted to §r§7[7§r§7] §r§fIntern§r§7!
22:07:09 [allowed] §a§r§6Mining Speed Boost §r§ais now available!
22:07:09 [allowed] §fRabbit Granny §r§7has been promoted to §r§7[8§r§7] §r§fIntern§r§7!
22:07:09 [allowed] §fRabbit Granny §r§7has been promoted to §r§7[9§r§7] §r§fIntern§r§7!
22:07:09 [allowed] §aRabbit Granny §r§7has been promoted to §r§7[10§r§7] §r§aEmployee§r§7!
22:07:09 [allowed] §aRabbit Granny §r§7has been promoted to §r§7[11§r§7] §r§aEmployee§r§7!
22:07:10 [allowed] §aRabbit Granny §r§7has been promoted to §r§7[12§r§7] §r§aEmployee§r§7!
22:07:10 [allowed] §aRabbit Granny §r§7has been promoted to §r§7[13§r§7] §r§aEmployee§r§7!
22:07:10 [allowed] §aRabbit Granny §r§7has been promoted to §r§7[14§r§7] §r§aEmployee§r§7!
22:07:10 [allowed] §aRabbit Granny §r§7has been promoted to §r§7[15§r§7] §r§aEmployee§r§7!
22:07:10 [allowed] §aRabbit Granny §r§7has been promoted to §r§7[16§r§7] §r§aEmployee§r§7!
22:07:10 [allowed] §aRabbit Granny §r§7has been promoted to §r§7[17§r§7] §r§aEmployee§r§7!
22:07:10 [allowed] §aRabbit Granny §r§7has been promoted to §r§7[18§r§7] §r§aEmployee§r§7!
22:07:10 [allowed] §aRabbit Granny §r§7has been promoted to §r§7[19§r§7] §r§aEmployee§r§7!
22:07:10 [allowed] §aRabbit Granny §r§7has been promoted to §r§7[20§r§7] §r§aEmployee§r§7!
22:07:10 [allowed] §aRabbit Granny §r§7has been promoted to §r§7[21§r§7] §r§aEmployee§r§7!
22:07:11 [allowed] §aRabbit Granny §r§7has been promoted to §r§7[22§r§7] §r§aEmployee§r§7!
22:07:12 [allowed] §fRabbit Uncle §r§7has been promoted to §r§7[1§r§7] §r§fIntern§r§7!
22:07:12 [allowed] §fRabbit Uncle §r§7has been promoted to §r§7[2§r§7] §r§fIntern§r§7!
22:07:12 [allowed] §fRabbit Uncle §r§7has been promoted to §r§7[3§r§7] §r§fIntern§r§7!
22:07:12 [allowed] §fRabbit Uncle §r§7has been promoted to §r§7[4§r§7] §r§fIntern§r§7!
22:07:12 [allowed] §fRabbit Uncle §r§7has been promoted to §r§7[5§r§7] §r§fIntern§r§7!
22:07:12 [allowed] §fRabbit Uncle §r§7has been promoted to §r§7[6§r§7] §r§fIntern§r§7!
22:07:12 [allowed] §fRabbit Uncle §r§7has been promoted to §r§7[7§r§7] §r§fIntern§r§7!
22:07:12 [allowed] §fRabbit Uncle §r§7has been promoted to §r§7[8§r§7] §r§fIntern§r§7!
22:07:12 [allowed] §fRabbit Uncle §r§7has been promoted to §r§7[9§r§7] §r§fIntern§r§7!
22:07:12 [allowed] §aRabbit Uncle §r§7has been promoted to §r§7[10§r§7] §r§aEmployee§r§7!
22:07:13 [allowed] §aRabbit Uncle §r§7has been promoted to §r§7[11§r§7] §r§aEmployee§r§7!
22:07:13 [allowed] §aRabbit Uncle §r§7has been promoted to §r§7[12§r§7] §r§aEmployee§r§7!
22:07:13 [allowed] §aRabbit Uncle §r§7has been promoted to §r§7[13§r§7] §r§aEmployee§r§7!
22:07:13 [allowed] §aRabbit Uncle §r§7has been promoted to §r§7[14§r§7] §r§aEmployee§r§7!
22:07:13 [allowed] §aRabbit Uncle §r§7has been promoted to §r§7[15§r§7] §r§aEmployee§r§7!
22:07:13 [allowed] §aRabbit Uncle §r§7has been promoted to §r§7[16§r§7] §r§aEmployee§r§7!
22:07:14 [allowed] §aRabbit Uncle §r§7has been promoted to §r§7[17§r§7] §r§aEmployee§r§7!
22:07:14 [allowed] §aRabbit Uncle §r§7has been promoted to §r§7[18§r§7] §r§aEmployee§r§7!
22:07:14 [allowed] §aRabbit Uncle §r§7has been promoted to §r§7[19§r§7] §r§aEmployee§r§7!
22:07:14 [allowed] §aRabbit Uncle §r§7has been promoted to §r§7[20§r§7] §r§aEmployee§r§7!
22:07:14 [allowed] §aRabbit Uncle §r§7has been promoted to §r§7[21§r§7] §r§aEmployee§r§7!
22:07:15 [allowed] §fRabbit Dog §r§7has been promoted to §r§7[1§r§7] §r§fIntern§r§7!
22:07:15 [allowed] §fRabbit Dog §r§7has been promoted to §r§7[2§r§7] §r§fIntern§r§7!
22:07:15 [allowed] §fRabbit Dog §r§7has been promoted to §r§7[3§r§7] §r§fIntern§r§7!
22:07:15 [allowed] §fRabbit Dog §r§7has been promoted to §r§7[4§r§7] §r§fIntern§r§7!
22:07:15 [allowed] §fRabbit Dog §r§7has been promoted to §r§7[5§r§7] §r§fIntern§r§7!
22:07:16 [allowed] §fRabbit Dog §r§7has been promoted to §r§7[6§r§7] §r§fIntern§r§7!
22:07:16 [allowed] §fRabbit Dog §r§7has been promoted to §r§7[7§r§7] §r§fIntern§r§7!
22:07:16 [allowed] §fRabbit Dog §r§7has been promoted to §r§7[8§r§7] §r§fIntern§r§7!
22:07:16 [allowed] §fRabbit Dog §r§7has been promoted to §r§7[9§r§7] §r§fIntern§r§7!
22:07:16 [allowed] §aRabbit Dog §r§7has been promoted to §r§7[10§r§7] §r§aEmployee§r§7!
22:07:16 [allowed] §aRabbit Dog §r§7has been promoted to §r§7[11§r§7] §r§aEmployee§r§7!
22:07:16 [allowed] §aRabbit Dog §r§7has been promoted to §r§7[12§r§7] §r§aEmployee§r§7!
22:07:16 [allowed] §aRabbit Dog §r§7has been promoted to §r§7[13§r§7] §r§aEmployee§r§7!
22:07:16 [allowed] §aRabbit Dog §r§7has been promoted to §r§7[14§r§7] §r§aEmployee§r§7!
22:07:16 [allowed] §aRabbit Dog §r§7has been promoted to §r§7[15§r§7] §r§aEmployee§r§7!
22:07:17 [allowed] §aRabbit Dog §r§7has been promoted to §r§7[16§r§7] §r§aEmployee§r§7!
22:07:17 [allowed] §aRabbit Dog §r§7has been promoted to §r§7[17§r§7] §r§aEmployee§r§7!
22:07:17 [allowed] §aRabbit Dog §r§7has been promoted to §r§7[18§r§7] §r§aEmployee§r§7!
22:07:17 [allowed] §aRabbit Dog §r§7has been promoted to §r§7[19§r§7] §r§aEmployee§r§7!
22:07:17 [allowed] §aRabbit Dog §r§7has been promoted to §r§7[20§r§7] §r§aEmployee§r§7!
22:07:17 [allowed] §aRabbit Dog §r§7has been promoted to §r§7[21§r§7] §r§aEmployee§r§7!
22:07:19 [allowed] §aRabbit Bro §r§7has been promoted to §r§7[27§r§7] §r§aEmployee§r§7!
22:07:19 [allowed] §aRabbit Bro §r§7has been promoted to §r§7[28§r§7] §r§aEmployee§r§7!
22:07:19 [allowed] §aRabbit Bro §r§7has been promoted to §r§7[29§r§7] §r§aEmployee§r§7!
22:07:19 [allowed] §aRabbit Bro §r§7has been promoted to §r§7[30§r§7] §r§aEmployee§r§7!
22:07:19 [allowed] §aRabbit Bro §r§7has been promoted to §r§7[31§r§7] §r§aEmployee§r§7!
22:07:19 [allowed] §aRabbit Bro §r§7has been promoted to §r§7[32§r§7] §r§aEmployee§r§7!
22:07:19 [allowed] §aRabbit Bro §r§7has been promoted to §r§7[33§r§7] §r§aEmployee§r§7!
22:07:19 [allowed] §aRabbit Bro §r§7has been promoted to §r§7[34§r§7] §r§aEmployee§r§7!
22:07:20 [allowed] §aRabbit Bro §r§7has been promoted to §r§7[35§r§7] §r§aEmployee§r§7!
22:07:20 [allowed] §aRabbit Bro §r§7has been promoted to §r§7[36§r§7] §r§aEmployee§r§7!
22:07:20 [allowed] §aRabbit Bro §r§7has been promoted to §r§7[37§r§7] §r§aEmployee§r§7!
22:07:20 [allowed] §aRabbit Bro §r§7has been promoted to §r§7[38§r§7] §r§aEmployee§r§7!
22:07:20 [allowed] §aRabbit Bro §r§7has been promoted to §r§7[39§r§7] §r§aEmployee§r§7!
22:07:21 [allowed] §aRabbit Cousin §r§7has been promoted to §r§7[21§r§7] §r§aEmployee§r§7!
22:07:21 [allowed] §aRabbit Cousin §r§7has been promoted to §r§7[22§r§7] §r§aEmployee§r§7!
22:07:21 [allowed] §aRabbit Cousin §r§7has been promoted to §r§7[23§r§7] §r§aEmployee§r§7!
22:07:21 [allowed] §aRabbit Cousin §r§7has been promoted to §r§7[24§r§7] §r§aEmployee§r§7!
22:07:21 [allowed] §aRabbit Cousin §r§7has been promoted to §r§7[25§r§7] §r§aEmployee§r§7!
22:07:21 [allowed] §aRabbit Cousin §r§7has been promoted to §r§7[26§r§7] §r§aEmployee§r§7!
22:07:22 [allowed] §aRabbit Bro §r§7has been promoted to §r§7[40§r§7] §r§aEmployee§r§7!
22:07:22 [allowed] §aRabbit Bro §r§7has been promoted to §r§7[41§r§7] §r§aEmployee§r§7!
22:07:22 [allowed] §aRabbit Bro §r§7has been promoted to §r§7[42§r§7] §r§aEmployee§r§7!
22:07:22 [allowed] §aRabbit Bro §r§7has been promoted to §r§7[43§r§7] §r§aEmployee§r§7!
22:07:22 [allowed] §aRabbit Bro §r§7has been promoted to §r§7[44§r§7] §r§aEmployee§r§7!
22:07:24 [allowed] §aRabbit Bro §r§7has been promoted to §r§7[45§r§7] §r§aEmployee§r§7!
22:07:24 [allowed] §aRabbit Bro §r§7has been promoted to §r§7[46§r§7] §r§aEmployee§r§7!
22:07:24 [allowed] §aRabbit Bro §r§7has been promoted to §r§7[47§r§7] §r§aEmployee§r§7!
22:07:24 [allowed] §aRabbit Bro §r§7has been promoted to §r§7[48§r§7] §r§aEmployee§r§7!
22:07:24 [allowed] §aRabbit Bro §r§7has been promoted to §r§7[49§r§7] §r§aEmployee§r§7!
22:07:24 [allowed] §aRabbit Bro §r§7has been promoted to §r§7[50§r§7] §r§aEmployee§r§7!
22:07:25 [allowed] §aRabbit Bro §r§7has been promoted to §r§7[51§r§7] §r§aEmployee§r§7!
22:07:26 [allowed] §aRabbit Cousin §r§7has been promoted to §r§7[27§r§7] §r§aEmployee§r§7!
22:07:26 [allowed] §aRabbit Cousin §r§7has been promoted to §r§7[28§r§7] §r§aEmployee§r§7!
22:07:26 [allowed] §aRabbit Cousin §r§7has been promoted to §r§7[29§r§7] §r§aEmployee§r§7!
22:07:26 [allowed] §aRabbit Cousin §r§7has been promoted to §r§7[30§r§7] §r§aEmployee§r§7!
22:07:26 [allowed] §aRabbit Cousin §r§7has been promoted to §r§7[31§r§7] §r§aEmployee§r§7!
22:07:26 [allowed] §aRabbit Cousin §r§7has been promoted to §r§7[32§r§7] §r§aEmployee§r§7!
22:07:26 [allowed] §aRabbit Cousin §r§7has been promoted to §r§7[33§r§7] §r§aEmployee§r§7!
22:07:26 [allowed] §aRabbit Cousin §r§7has been promoted to §r§7[34§r§7] §r§aEmployee§r§7!
22:07:26 [allowed] §aRabbit Cousin §r§7has been promoted to §r§7[35§r§7] §r§aEmployee§r§7!
22:07:26 [allowed] §aRabbit Cousin §r§7has been promoted to §r§7[36§r§7] §r§aEmployee§r§7!
22:07:28 [allowed] §aRabbit Sis §r§7has been promoted to §r§7[24§r§7] §r§aEmployee§r§7!
22:07:28 [allowed] §aRabbit Sis §r§7has been promoted to §r§7[25§r§7] §r§aEmployee§r§7!
22:07:28 [allowed] §aRabbit Sis §r§7has been promoted to §r§7[26§r§7] §r§aEmployee§r§7!
22:07:28 [allowed] §aRabbit Sis §r§7has been promoted to §r§7[27§r§7] §r§aEmployee§r§7!
22:07:28 [allowed] §aRabbit Sis §r§7has been promoted to §r§7[28§r§7] §r§aEmployee§r§7!
22:07:29 [allowed] §aYou earned §r§2580 GEXP §r§afrom playing SkyBlock!
22:07:30 [allowed] §aRabbit Daddy §r§7has been promoted to §r§7[22§r§7] §r§aEmployee§r§7!
22:07:30 [allowed] §aRabbit Daddy §r§7has been promoted to §r§7[23§r§7] §r§aEmployee§r§7!
22:07:30 [allowed] §aRabbit Daddy §r§7has been promoted to §r§7[24§r§7] §r§aEmployee§r§7!
22:07:30 [allowed] §aRabbit Daddy §r§7has been promoted to §r§7[25§r§7] §r§aEmployee§r§7!
22:07:30 [allowed] §aRabbit Daddy §r§7has been promoted to §r§7[26§r§7] §r§aEmployee§r§7!
22:07:30 [allowed] §aRabbit Cousin §r§7has been promoted to §r§7[37§r§7] §r§aEmployee§r§7!
22:07:30 [allowed] §aRabbit Cousin §r§7has been promoted to §r§7[38§r§7] §r§aEmployee§r§7!
22:07:31 [allowed] §aRabbit Cousin §r§7has been promoted to §r§7[39§r§7] §r§aEmployee§r§7!
22:07:31 [allowed] §aRabbit Cousin §r§7has been promoted to §r§7[40§r§7] §r§aEmployee§r§7!
22:07:31 [allowed] §aRabbit Cousin §r§7has been promoted to §r§7[41§r§7] §r§aEmployee§r§7!
22:07:32 [allowed] §aRabbit Sis §r§7has been promoted to §r§7[29§r§7] §r§aEmployee§r§7!
22:07:32 [allowed] §aRabbit Sis §r§7has been promoted to §r§7[30§r§7] §r§aEmployee§r§7!
22:07:32 [allowed] §aRabbit Sis §r§7has been promoted to §r§7[31§r§7] §r§aEmployee§r§7!
22:07:32 [allowed] §aRabbit Sis §r§7has been promoted to §r§7[32§r§7] §r§aEmployee§r§7!
22:07:32 [allowed] §aRabbit Sis §r§7has been promoted to §r§7[33§r§7] §r§aEmployee§r§7!
22:07:33 [allowed] §aRabbit Bro §r§7has been promoted to §r§7[52§r§7] §r§aEmployee§r§7!
22:07:33 [allowed] §aRabbit Bro §r§7has been promoted to §r§7[53§r§7] §r§aEmployee§r§7!
22:07:33 [allowed] §aRabbit Bro §r§7has been promoted to §r§7[54§r§7] §r§aEmployee§r§7!
22:07:33 [allowed] §aRabbit Bro §r§7has been promoted to §r§7[55§r§7] §r§aEmployee§r§7!
22:07:33 [allowed] §aRabbit Bro §r§7has been promoted to §r§7[56§r§7] §r§aEmployee§r§7!
22:07:34 [allowed] §aRabbit Daddy §r§7has been promoted to §r§7[27§r§7] §r§aEmployee§r§7!
22:07:34 [allowed] §aRabbit Daddy §r§7has been promoted to §r§7[28§r§7] §r§aEmployee§r§7!
22:07:34 [allowed] §aRabbit Daddy §r§7has been promoted to §r§7[29§r§7] §r§aEmployee§r§7!
22:07:34 [allowed] §aRabbit Daddy §r§7has been promoted to §r§7[30§r§7] §r§aEmployee§r§7!
22:07:34 [allowed] §aRabbit Daddy §r§7has been promoted to §r§7[31§r§7] §r§aEmployee§r§7!
22:07:35 [allowed] §aRabbit Granny §r§7has been promoted to §r§7[23§r§7] §r§aEmployee§r§7!
22:07:35 [allowed] §aRabbit Granny §r§7has been promoted to §r§7[24§r§7] §r§aEmployee§r§7!
22:07:35 [allowed] §aRabbit Granny §r§7has been promoted to §r§7[25§r§7] §r§aEmployee§r§7!
22:07:35 [allowed] §aRabbit Granny §r§7has been promoted to §r§7[26§r§7] §r§aEmployee§r§7!
22:07:35 [allowed] §aRabbit Granny §r§7has been promoted to §r§7[27§r§7] §r§aEmployee§r§7!
22:07:36 [allowed] §aRabbit Cousin §r§7has been promoted to §r§7[42§r§7] §r§aEmployee§r§7!
22:07:36 [allowed] §aRabbit Cousin §r§7has been promoted to §r§7[43§r§7] §r§aEmployee§r§7!
22:07:36 [allowed] §aRabbit Cousin §r§7has been promoted to §r§7[44§r§7] §r§aEmployee§r§7!
22:07:36 [allowed] §aRabbit Cousin §r§7has been promoted to §r§7[45§r§7] §r§aEmployee§r§7!
22:07:38 [allowed] §aRabbit Sis §r§7has been promoted to §r§7[34§r§7] §r§aEmployee§r§7!
22:07:38 [allowed] §aRabbit Sis §r§7has been promoted to §r§7[35§r§7] §r§aEmployee§r§7!
22:07:38 [allowed] §aRabbit Sis §r§7has been promoted to §r§7[36§r§7] §r§aEmployee§r§7!
22:07:38 [allowed] §aRabbit Sis §r§7has been promoted to §r§7[37§r§7] §r§aEmployee§r§7!
22:07:38 [allowed] §aRabbit Sis §r§7has been promoted to §r§7[38§r§7] §r§aEmployee§r§7!
22:07:39 [allowed] §aRabbit Bro §r§7has been promoted to §r§7[57§r§7] §r§aEmployee§r§7!
22:07:40 [allowed] §aRabbit Bro §r§7has been promoted to §r§7[58§r§7] §r§aEmployee§r§7!
22:07:40 [allowed] §aRabbit Bro §r§7has been promoted to §r§7[59§r§7] §r§aEmployee§r§7!
22:07:40 [allowed] §aRabbit Bro §r§7has been promoted to §r§7[60§r§7] §r§aEmployee§r§7!
22:07:40 [allowed] §aRabbit Bro §r§7has been promoted to §r§7[61§r§7] §r§aEmployee§r§7!
22:07:40 [allowed] §aRabbit Bro §r§7has been promoted to §r§7[62§r§7] §r§aEmployee§r§7!
22:07:41 [allowed] §aRabbit Uncle §r§7has been promoted to §r§7[22§r§7] §r§aEmployee§r§7!
22:07:41 [allowed] §aRabbit Uncle §r§7has been promoted to §r§7[23§r§7] §r§aEmployee§r§7!
22:07:41 [allowed] §aRabbit Uncle §r§7has been promoted to §r§7[24§r§7] §r§aEmployee§r§7!
22:07:41 [allowed] §aRabbit Uncle §r§7has been promoted to §r§7[25§r§7] §r§aEmployee§r§7!
22:07:42 [allowed] §aRabbit Uncle §r§7has been promoted to §r§7[26§r§7] §r§aEmployee§r§7!
22:07:42 [allowed] §aRabbit Uncle §r§7has been promoted to §r§7[27§r§7] §r§aEmployee§r§7!
22:07:43 [allowed] §aRabbit Cousin §r§7has been promoted to §r§7[46§r§7] §r§aEmployee§r§7!
22:07:43 [allowed] §aRabbit Cousin §r§7has been promoted to §r§7[47§r§7] §r§aEmployee§r§7!
22:07:43 [allowed] §aRabbit Cousin §r§7has been promoted to §r§7[48§r§7] §r§aEmployee§r§7!
22:07:43 [allowed] §aRabbit Cousin §r§7has been promoted to §r§7[49§r§7] §r§aEmployee§r§7!
22:07:43 [allowed] §aRabbit Cousin §r§7has been promoted to §r§7[50§r§7] §r§aEmployee§r§7!
22:07:43 [allowed] §aRabbit Cousin §r§7has been promoted to §r§7[51§r§7] §r§aEmployee§r§7!
22:07:44 [allowed] §aRabbit Daddy §r§7has been promoted to §r§7[32§r§7] §r§aEmployee§r§7!
22:07:44 [allowed] §aRabbit Daddy §r§7has been promoted to §r§7[33§r§7] §r§aEmployee§r§7!
22:07:44 [allowed] §aRabbit Daddy §r§7has been promoted to §r§7[34§r§7] §r§aEmployee§r§7!
22:07:44 [allowed] §aRabbit Daddy §r§7has been promoted to §r§7[35§r§7] §r§aEmployee§r§7!
22:07:44 [allowed] §aRabbit Daddy §r§7has been promoted to §r§7[36§r§7] §r§aEmployee§r§7!
22:07:45 [allowed] §aRabbit Daddy §r§7has been promoted to §r§7[37§r§7] §r§aEmployee§r§7!
22:07:45 [allowed] §aRabbit Granny §r§7has been promoted to §r§7[28§r§7] §r§aEmployee§r§7!
22:07:45 [allowed] §aRabbit Granny §r§7has been promoted to §r§7[29§r§7] §r§aEmployee§r§7!
22:07:45 [allowed] §aRabbit Granny §r§7has been promoted to §r§7[30§r§7] §r§aEmployee§r§7!
22:07:45 [allowed] §aRabbit Granny §r§7has been promoted to §r§7[31§r§7] §r§aEmployee§r§7!
22:07:45 [allowed] §aRabbit Granny §r§7has been promoted to §r§7[32§r§7] §r§aEmployee§r§7!
22:07:46 [allowed] §aRabbit Sis §r§7has been promoted to §r§7[39§r§7] §r§aEmployee§r§7!
22:07:46 [allowed] §aRabbit Sis §r§7has been promoted to §r§7[40§r§7] §r§aEmployee§r§7!
22:07:46 [allowed] §aRabbit Sis §r§7has been promoted to §r§7[41§r§7] §r§aEmployee§r§7!
22:07:46 [allowed] §aRabbit Sis §r§7has been promoted to §r§7[42§r§7] §r§aEmployee§r§7!
22:07:46 [allowed] §aRabbit Sis §r§7has been promoted to §r§7[43§r§7] §r§aEmployee§r§7!
22:07:47 [allowed] §aRabbit Dog §r§7has been promoted to §r§7[22§r§7] §r§aEmployee§r§7!
22:07:47 [allowed] §cYou don't have enough Chocolate!
22:07:48 [allowed] §cYou don't have enough Chocolate!
22:07:48 [allowed] §cYou don't have enough Chocolate!
22:07:48 [allowed] §cYou don't have enough Chocolate!
22:07:49 [allowed] §aRabbit Bro §r§7has been promoted to §r§7[63§r§7] §r§aEmployee§r§7!
22:07:49 [allowed] §cYou don't have enough Chocolate!
22:07:49 [allowed] §cYou don't have enough Chocolate!
22:07:49 [allowed] §cYou don't have enough Chocolate!
22:07:49 [allowed] §cYou don't have enough Chocolate!
22:07:50 [allowed] §cThe Time Tower is charging!
22:07:52 [allowed] §7You will now produce §r§6+8 Chocolate §r§7per click!
22:07:52 [allowed] §7You will now produce §r§6+9 Chocolate §r§7per click!
22:07:52 [allowed] §7You will now produce §r§6+10 Chocolate §r§7per click!
22:07:52 [allowed] §cYou only have so many fingers! You can't click any faster!
22:07:52 [allowed] §cYou only have so many fingers! You can't click any faster!
22:07:52 [allowed] §cYou only have so many fingers! You can't click any faster!
22:08:04 [allowed] §7Warping...
22:08:05 [allowed] §7Sending to server mini36V...
22:08:05 [allowed] §8 §r§8 §r§1 §r§3 §r§3 §r§7 §r§8 
22:08:08 [allowed] §aYou are playing on profile: §ePineapple§b (Co-op)
22:08:08 [allowed] §8Profile ID: 6accdd30-5c34-4840-99a1-da8b87d5f229
22:08:15 [allowed] §8Depositing coins...
22:08:15 [allowed] §aYou have deposited §r§64.9M coins§r§a! You now have §r§65.8M coins §r§ain your account!
22:08:46 [allowed] §e[NPC] Marco§f: §r§fBefore spraying on a wall, consider previewing it in the menu! Right-click on any spray of your choice and it'll magically appear in your hand.
22:08:53 [allowed] §e[NPC] Marco§f: §r§fYou can select sprays by left-clicking with your §fSpray Can§f!
22:08:53 [allowed] §e[NPC] Marco§f: §r§fYou can select sprays by left-clicking with your §fSpray Can§f!
22:08:53 [allowed] §e[NPC] Marco§f: §r§fBefore spraying on a wall, consider previewing it in the menu! Right-click on any spray of your choice and it'll magically appear in your hand.
22:09:04 [allowed] §aFriend > §r§bCynacx §r§eleft.
22:10:13 [allowed] §7Warping...
22:10:14 [allowed] §7Sending to server mini149CK...
22:10:15 [allowed] §8 §r§8 §r§1 §r§3 §r§3 §r§7 §r§8 
22:10:18 [allowed] §aYou are playing on profile: §ePineapple§b (Co-op)
22:10:18 [allowed] §8Profile ID: 6accdd30-5c34-4840-99a1-da8b87d5f229
22:10:22 [allowed] §c ☠ §r§7You fell into the void§r§7.
22:10:22 [allowed] §cYour spawn location was obstructed so you were spawned at the highest non-obstructed point!
22:10:25 [allowed] §c ☠ §r§7You fell into the void§r§7.
22:10:25 [allowed] §cYour spawn location was obstructed so you were spawned at the highest non-obstructed point!
22:10:30 [allowed] §aTeleported you to §r§aThe Barn§r§a!
22:10:34 [GARDEN_VISITOR_MESSAGE] §e[NPC] §9Old Man Garry§f: §r§fPeople have no manners these days. They come up to me, and disappear instantly! They don't even greet me! Back in my day, we were raised better than that.
22:10:38 [GARDEN_VISITOR_MESSAGE] §e[NPC] §9Old Man Garry§f: §r§fOf course. What else did I expect from this generation.
22:10:39 [GARDEN_VISITOR_MESSAGE] §e[NPC] §aLynn§f: §r§fIf you ever get lost, you should check on the Desk on what to do next.
22:10:44 [GARDEN_VISITOR_MESSAGE] §e[NPC] §aLynn§f: §r§fMaybe next time.
22:10:45 [GARDEN_VISITOR_MESSAGE] §e[NPC] §aTarwen§f: §r§fBuurrrp? ... Burrp bURp!
22:10:48 [GARDEN_VISITOR_MESSAGE] §e[NPC] §aTarwen§f: §r§fBuUuUrRrPpP!
22:10:49 [GARDEN_VISITOR_MESSAGE] §e[NPC] §aLeo§f: §r§fSadly you can't gather logs in the §aThe Garden§f, however there are plenty of crops here!
22:10:52 [GARDEN_VISITOR_MESSAGE] §e[NPC] §aLeo§f: §r§fHmm, too bad.
22:10:53 [GARDEN_VISITOR_MESSAGE] §e[NPC] §aAnita§f: §r§fHey hey hey again! I'll trade you some copper for some carrots!
22:10:57 [GARDEN_VISITOR_MESSAGE] §e[NPC] §aAnita§f: §r§fOh, darn it :(
22:12:00 [allowed] §dCreeper Veil §r§aActivated!
22:12:01 [allowed] §dCreeper Veil §r§cDe-activated!
22:12:25 [allowed] §7Warping you to your SkyBlock island...
22:12:25 [allowed] §7Sending to server mini9DQ...
22:12:26 [allowed] §8 §r§8 §r§1 §r§3 §r§3 §r§7 §r§8 
22:12:29 [allowed] §aYou are playing on profile: §ePineapple§b (Co-op)
22:12:29 [allowed] §8Profile ID: 6accdd30-5c34-4840-99a1-da8b87d5f229
22:12:37 [allowed] §dCreeper Veil §r§aActivated!
22:12:42 [allowed] §dCreeper Veil §r§cDe-activated!
22:15:02 [SKYMALL] §bNew day! §r§eYour §r§2Sky Mall §r§ebuff changed!
22:15:02 [SKYMALL] §eNew buff§r§r§r: §r§fGain §r§a+15% §r§fmore Powder while mining.
22:15:02 [SKYMALL] §8§oYou can disable this messaging by toggling Sky Mall in your /hotm!
22:17:27 [allowed] §aYou earned §r§2203 GEXP §r§afrom playing SkyBlock!
