13:32:09 Trying to load config from config\skyhanni\config.json
13:32:09 load-config-now
13:32:10 Loaded config from file
13:32:10 Trying to load sacks from config\skyhanni\sacks.json
13:32:10 load-sacks-now
13:32:10 Loaded sacks from file
13:32:10 Trying to load friends from config\skyhanni\friends.json
13:32:10 load-friends-now
13:32:10 Loaded friends from file
13:32:10 Trying to load known_features from config\skyhanni\known_features.json
13:32:10 load-known_features-now
13:32:10 Loaded known_features from file
13:32:10 Trying to load jacob_contests from config\skyhanni\jacob_contests.json
13:32:10 load-jacob_contests-now
13:32:10 Loaded jacob_contests from file
13:32:10 Trying to load visual_words from config\skyhanni\visual_words.json
13:32:10 Setting visual_words to be blank as it did not exist. It will be saved once something is written to it
13:32:44 saveConfig: Updated known feature flags
13:32:44 Saving known_features file
13:33:10 saveConfig: auto-save-60s
13:33:10 Saving config file
13:34:10 saveConfig: auto-save-60s
13:34:10 Saving config file
13:35:10 saveConfig: auto-save-60s
13:35:10 Saving config file
13:36:10 saveConfig: auto-save-60s
13:36:10 Saving config file
13:37:10 saveConfig: auto-save-60s
13:37:10 Saving config file
13:38:10 saveConfig: auto-save-60s
13:38:10 Saving config file
13:39:10 saveConfig: auto-save-60s
13:39:10 Saving config file
13:40:10 saveConfig: auto-save-60s
13:40:10 Saving config file
13:41:10 saveConfig: auto-save-60s
13:41:10 Saving config file
13:42:10 saveConfig: auto-save-60s
13:42:10 Saving config file
13:43:10 saveConfig: auto-save-60s
13:43:10 Saving config file
13:44:10 saveConfig: auto-save-60s
13:44:10 Saving config file
13:45:10 saveConfig: auto-save-60s
13:45:10 Saving config file
13:46:10 saveConfig: auto-save-60s
13:46:10 Saving config file
13:47:10 saveConfig: auto-save-60s
13:47:10 Saving config file
13:48:10 saveConfig: auto-save-60s
13:48:10 Saving config file
13:49:10 saveConfig: auto-save-60s
13:49:10 Saving config file
13:50:10 saveConfig: auto-save-60s
13:50:10 Saving config file
13:51:10 saveConfig: auto-save-60s
13:51:10 Saving config file
13:52:10 saveConfig: auto-save-60s
13:52:10 Saving config file
13:53:10 saveConfig: auto-save-60s
13:53:10 Saving config file
13:54:10 saveConfig: auto-save-60s
13:54:10 Saving config file
13:55:10 saveConfig: auto-save-60s
13:55:10 Saving config file
13:56:10 saveConfig: auto-save-60s
13:56:10 Saving config file
13:57:10 saveConfig: auto-save-60s
13:57:10 Saving config file
13:58:10 saveConfig: auto-save-60s
13:58:10 Saving config file
13:59:10 saveConfig: auto-save-60s
13:59:10 Saving config file
14:00:10 saveConfig: auto-save-60s
14:00:10 Saving config file
14:01:10 saveConfig: auto-save-60s
14:01:10 Saving config file
14:02:10 saveConfig: auto-save-60s
14:02:10 Saving config file
14:03:10 saveConfig: auto-save-60s
14:03:10 Saving config file
14:04:10 saveConfig: auto-save-60s
14:04:10 Saving config file
14:05:10 saveConfig: auto-save-60s
14:05:10 Saving config file
14:06:10 saveConfig: auto-save-60s
14:06:10 Saving config file
14:07:10 saveConfig: auto-save-60s
14:07:10 Saving config file
14:07:30 saveConfig: saving-data
14:07:30 Saving sacks file
14:07:49 saveConfig: saving-data
14:07:49 Saving sacks file
14:08:08 saveConfig: saving-data
14:08:08 Saving sacks file
14:08:10 saveConfig: auto-save-60s
14:08:10 Saving config file
14:08:24 saveConfig: saving-data
14:08:24 Saving sacks file
14:09:10 saveConfig: auto-save-60s
14:09:10 Saving config file
14:10:10 saveConfig: auto-save-60s
14:10:10 Saving config file
14:11:10 saveConfig: auto-save-60s
14:11:10 Saving config file
14:12:10 saveConfig: auto-save-60s
14:12:10 Saving config file
14:13:10 saveConfig: auto-save-60s
14:13:10 Saving config file
14:14:10 saveConfig: auto-save-60s
14:14:10 Saving config file
14:15:10 saveConfig: auto-save-60s
14:15:10 Saving config file
14:15:36 saveConfig: saving-data
14:15:36 Saving sacks file
14:15:58 saveConfig: saving-data
14:15:58 Saving sacks file
14:16:10 saveConfig: auto-save-60s
14:16:10 Saving config file
14:16:12 saveConfig: saving-data
14:16:12 Saving sacks file
14:16:43 saveConfig: saving-data
14:16:43 Saving sacks file
14:16:56 saveConfig: saving-data
14:16:56 Saving sacks file
14:17:10 saveConfig: auto-save-60s
14:17:10 Saving config file
14:17:13 saveConfig: saving-data
14:17:13 Saving sacks file
14:17:22 saveConfig: saving-data
14:17:22 Saving sacks file
14:17:38 saveConfig: saving-data
14:17:38 Saving sacks file
14:18:10 saveConfig: auto-save-60s
14:18:10 Saving config file
14:19:10 saveConfig: auto-save-60s
14:19:10 Saving config file
14:20:10 saveConfig: auto-save-60s
14:20:10 Saving config file
14:21:10 saveConfig: auto-save-60s
14:21:10 Saving config file
14:22:10 saveConfig: auto-save-60s
14:22:10 Saving config file
14:23:10 saveConfig: auto-save-60s
14:23:10 Saving config file
14:24:10 saveConfig: auto-save-60s
14:24:10 Saving config file
14:25:10 saveConfig: auto-save-60s
14:25:10 Saving config file
14:26:10 saveConfig: auto-save-60s
14:26:10 Saving config file
14:27:10 saveConfig: auto-save-60s
14:27:10 Saving config file
14:28:10 saveConfig: auto-save-60s
14:28:10 Saving config file
14:29:10 saveConfig: auto-save-60s
14:29:10 Saving config file
14:30:10 saveConfig: auto-save-60s
14:30:10 Saving config file
14:31:10 saveConfig: auto-save-60s
14:31:10 Saving config file
14:32:10 saveConfig: auto-save-60s
14:32:10 Saving config file
14:33:10 saveConfig: auto-save-60s
14:33:10 Saving config file
14:34:10 saveConfig: auto-save-60s
14:34:10 Saving config file
14:35:10 saveConfig: auto-save-60s
14:35:10 Saving config file
14:36:10 saveConfig: auto-save-60s
14:36:10 Saving config file
14:37:10 saveConfig: auto-save-60s
14:37:10 Saving config file
14:38:10 saveConfig: auto-save-60s
14:38:10 Saving config file
14:39:10 saveConfig: auto-save-60s
14:39:10 Saving config file
14:40:10 saveConfig: auto-save-60s
14:40:10 Saving config file
14:41:10 saveConfig: auto-save-60s
14:41:10 Saving config file
14:42:10 saveConfig: auto-save-60s
14:42:10 Saving config file
14:43:10 saveConfig: auto-save-60s
14:43:10 Saving config file
14:44:10 saveConfig: auto-save-60s
14:44:10 Saving config file
14:45:10 saveConfig: auto-save-60s
14:45:10 Saving config file
14:46:10 saveConfig: auto-save-60s
14:46:10 Saving config file
14:46:19 saveConfig: Save file
14:46:19 Saving friends file
14:46:20 saveConfig: Save file
14:46:20 Saving friends file
14:46:21 saveConfig: Save file
14:46:21 Saving friends file
14:46:22 saveConfig: Save file
14:46:22 Saving friends file
14:46:22 saveConfig: Save file
14:46:22 Saving friends file
14:46:22 saveConfig: Save file
14:46:22 Saving friends file
14:46:23 saveConfig: Save file
14:46:23 Saving friends file
14:46:23 saveConfig: Save file
14:46:23 Saving friends file
14:46:24 saveConfig: Save file
14:46:24 Saving friends file
14:46:31 saveConfig: Save file
14:46:31 Saving friends file
14:46:31 saveConfig: Save file
14:46:31 Saving friends file
14:46:32 saveConfig: Save file
14:46:32 Saving friends file
14:46:33 saveConfig: Save file
14:46:33 Saving friends file
14:46:34 saveConfig: Save file
14:46:34 Saving friends file
14:47:10 saveConfig: auto-save-60s
14:47:10 Saving config file
14:48:10 saveConfig: auto-save-60s
14:48:10 Saving config file
14:49:10 saveConfig: auto-save-60s
14:49:10 Saving config file
14:50:10 saveConfig: auto-save-60s
14:50:10 Saving config file
14:51:10 saveConfig: auto-save-60s
14:51:10 Saving config file
14:52:10 saveConfig: auto-save-60s
14:52:10 Saving config file
14:53:10 saveConfig: auto-save-60s
14:53:10 Saving config file
14:54:10 saveConfig: auto-save-60s
14:54:10 Saving config file
14:55:10 saveConfig: auto-save-60s
14:55:10 Saving config file
14:56:10 saveConfig: auto-save-60s
14:56:10 Saving config file
14:57:10 saveConfig: auto-save-60s
14:57:10 Saving config file
14:58:10 saveConfig: auto-save-60s
14:58:10 Saving config file
14:59:10 saveConfig: auto-save-60s
14:59:10 Saving config file
15:00:10 saveConfig: auto-save-60s
15:00:10 Saving config file
15:01:10 saveConfig: auto-save-60s
15:01:10 Saving config file
15:02:10 saveConfig: auto-save-60s
15:02:10 Saving config file
15:03:10 saveConfig: auto-save-60s
15:03:10 Saving config file
15:04:10 saveConfig: auto-save-60s
15:04:10 Saving config file
15:05:10 saveConfig: auto-save-60s
15:05:10 Saving config file
15:06:10 saveConfig: auto-save-60s
15:06:10 Saving config file
15:07:10 saveConfig: auto-save-60s
15:07:10 Saving config file
15:08:10 saveConfig: auto-save-60s
15:08:10 Saving config file
15:09:10 saveConfig: auto-save-60s
15:09:10 Saving config file
15:10:10 saveConfig: auto-save-60s
15:10:10 Saving config file
15:11:10 saveConfig: auto-save-60s
15:11:10 Saving config file
15:12:10 saveConfig: auto-save-60s
15:12:10 Saving config file
15:13:10 saveConfig: auto-save-60s
15:13:10 Saving config file
15:14:10 saveConfig: auto-save-60s
15:14:10 Saving config file
15:15:10 saveConfig: auto-save-60s
15:15:10 Saving config file
15:16:10 saveConfig: auto-save-60s
15:16:10 Saving config file
15:17:10 saveConfig: auto-save-60s
15:17:10 Saving config file
15:18:10 saveConfig: auto-save-60s
15:18:10 Saving config file
15:19:10 saveConfig: auto-save-60s
15:19:10 Saving config file
15:20:10 saveConfig: auto-save-60s
15:20:10 Saving config file
15:21:10 saveConfig: auto-save-60s
15:21:10 Saving config file
15:22:10 saveConfig: auto-save-60s
15:22:10 Saving config file
15:23:10 saveConfig: auto-save-60s
15:23:10 Saving config file
15:24:10 saveConfig: auto-save-60s
15:24:10 Saving config file
15:25:10 saveConfig: auto-save-60s
15:25:10 Saving config file
15:26:10 saveConfig: auto-save-60s
15:26:10 Saving config file
15:27:10 saveConfig: auto-save-60s
15:27:10 Saving config file
15:28:10 saveConfig: auto-save-60s
15:28:10 Saving config file
15:29:10 saveConfig: auto-save-60s
15:29:10 Saving config file
15:30:10 saveConfig: auto-save-60s
15:30:10 Saving config file
15:31:10 saveConfig: auto-save-60s
15:31:10 Saving config file
15:32:10 saveConfig: auto-save-60s
15:32:10 Saving config file
15:32:34 saveConfig: close-gui
15:32:34 Saving config file
15:32:34 saveConfig: close-gui
15:32:34 Saving config file
15:32:34 saveConfig: close-gui
15:32:34 Saving config file
15:33:10 saveConfig: auto-save-60s
15:33:10 Saving config file
15:34:10 saveConfig: auto-save-60s
15:34:10 Saving config file
15:35:10 saveConfig: auto-save-60s
15:35:10 Saving config file
15:36:10 saveConfig: auto-save-60s
15:36:10 Saving config file
15:37:10 saveConfig: auto-save-60s
15:37:10 Saving config file
15:38:10 saveConfig: auto-save-60s
15:38:10 Saving config file
15:39:10 saveConfig: auto-save-60s
15:39:10 Saving config file
15:40:10 saveConfig: auto-save-60s
15:40:10 Saving config file
15:41:10 saveConfig: auto-save-60s
15:41:10 Saving config file
15:42:10 saveConfig: auto-save-60s
15:42:10 Saving config file
15:43:10 saveConfig: auto-save-60s
15:43:10 Saving config file
15:44:10 saveConfig: auto-save-60s
15:44:10 Saving config file
15:45:10 saveConfig: auto-save-60s
15:45:10 Saving config file
15:46:10 saveConfig: auto-save-60s
15:46:10 Saving config file
15:47:10 saveConfig: auto-save-60s
15:47:10 Saving config file
15:48:10 saveConfig: auto-save-60s
15:48:10 Saving config file
15:49:10 saveConfig: auto-save-60s
15:49:10 Saving config file
15:50:10 saveConfig: auto-save-60s
15:50:10 Saving config file
15:51:10 saveConfig: auto-save-60s
15:51:10 Saving config file
15:52:10 saveConfig: auto-save-60s
15:52:10 Saving config file
15:53:10 saveConfig: auto-save-60s
15:53:10 Saving config file
15:54:10 saveConfig: auto-save-60s
15:54:10 Saving config file
15:55:10 saveConfig: auto-save-60s
15:55:10 Saving config file
15:56:10 saveConfig: auto-save-60s
15:56:10 Saving config file
15:57:10 saveConfig: auto-save-60s
15:57:10 Saving config file
15:58:10 saveConfig: auto-save-60s
15:58:10 Saving config file
15:59:10 saveConfig: auto-save-60s
15:59:10 Saving config file
16:00:10 saveConfig: auto-save-60s
16:00:10 Saving config file
16:01:10 saveConfig: auto-save-60s
16:01:10 Saving config file
16:02:10 saveConfig: auto-save-60s
16:02:10 Saving config file
16:03:10 saveConfig: auto-save-60s
16:03:10 Saving config file
16:04:10 saveConfig: auto-save-60s
16:04:10 Saving config file
16:05:10 saveConfig: auto-save-60s
16:05:10 Saving config file
16:06:10 saveConfig: auto-save-60s
16:06:10 Saving config file
16:07:10 saveConfig: auto-save-60s
16:07:10 Saving config file
16:08:10 saveConfig: auto-save-60s
16:08:10 Saving config file
16:09:10 saveConfig: auto-save-60s
16:09:10 Saving config file
16:10:10 saveConfig: auto-save-60s
16:10:10 Saving config file
16:11:10 saveConfig: auto-save-60s
16:11:10 Saving config file
16:12:10 saveConfig: auto-save-60s
16:12:10 Saving config file
16:13:10 saveConfig: auto-save-60s
16:13:10 Saving config file
16:14:10 saveConfig: auto-save-60s
16:14:10 Saving config file
16:15:10 saveConfig: auto-save-60s
16:15:10 Saving config file
16:16:10 saveConfig: auto-save-60s
16:16:10 Saving config file
16:17:10 saveConfig: auto-save-60s
16:17:10 Saving config file
16:18:10 saveConfig: auto-save-60s
16:18:10 Saving config file
16:19:10 saveConfig: auto-save-60s
16:19:10 Saving config file
16:20:10 saveConfig: auto-save-60s
16:20:10 Saving config file
16:21:10 saveConfig: auto-save-60s
16:21:10 Saving config file
16:22:10 saveConfig: auto-save-60s
16:22:10 Saving config file
16:23:10 saveConfig: auto-save-60s
16:23:10 Saving config file
16:24:10 saveConfig: auto-save-60s
16:24:10 Saving config file
16:25:10 saveConfig: auto-save-60s
16:25:10 Saving config file
16:26:10 saveConfig: auto-save-60s
16:26:10 Saving config file
16:27:10 saveConfig: auto-save-60s
16:27:10 Saving config file
16:28:10 saveConfig: auto-save-60s
16:28:10 Saving config file
16:29:10 saveConfig: auto-save-60s
16:29:10 Saving config file
16:30:10 saveConfig: auto-save-60s
16:30:10 Saving config file
16:31:10 saveConfig: auto-save-60s
16:31:10 Saving config file
16:32:10 saveConfig: auto-save-60s
16:32:10 Saving config file
16:33:10 saveConfig: auto-save-60s
16:33:10 Saving config file
16:34:10 saveConfig: auto-save-60s
16:34:10 Saving config file
16:35:10 saveConfig: auto-save-60s
16:35:10 Saving config file
16:36:10 saveConfig: auto-save-60s
16:36:10 Saving config file
16:37:10 saveConfig: auto-save-60s
16:37:10 Saving config file
16:38:10 saveConfig: auto-save-60s
16:38:10 Saving config file
16:39:10 saveConfig: auto-save-60s
16:39:10 Saving config file
16:40:10 saveConfig: auto-save-60s
16:40:10 Saving config file
16:41:10 saveConfig: auto-save-60s
16:41:10 Saving config file
16:42:10 saveConfig: auto-save-60s
16:42:10 Saving config file
16:43:10 saveConfig: auto-save-60s
16:43:10 Saving config file
16:44:10 saveConfig: auto-save-60s
16:44:10 Saving config file
16:45:10 saveConfig: auto-save-60s
16:45:10 Saving config file
16:46:10 saveConfig: auto-save-60s
16:46:10 Saving config file
16:47:10 saveConfig: auto-save-60s
16:47:10 Saving config file
16:48:10 saveConfig: auto-save-60s
16:48:10 Saving config file
16:49:10 saveConfig: auto-save-60s
16:49:10 Saving config file
16:50:10 saveConfig: auto-save-60s
16:50:10 Saving config file
16:51:10 saveConfig: auto-save-60s
16:51:10 Saving config file
16:52:10 saveConfig: auto-save-60s
16:52:10 Saving config file
16:53:10 saveConfig: auto-save-60s
16:53:10 Saving config file
16:54:10 saveConfig: auto-save-60s
16:54:10 Saving config file
16:55:10 saveConfig: auto-save-60s
16:55:10 Saving config file
16:56:10 saveConfig: auto-save-60s
16:56:10 Saving config file
16:57:10 saveConfig: auto-save-60s
16:57:10 Saving config file
16:58:10 saveConfig: auto-save-60s
16:58:10 Saving config file
16:59:10 saveConfig: auto-save-60s
16:59:10 Saving config file
17:00:10 saveConfig: auto-save-60s
17:00:10 Saving config file
17:01:10 saveConfig: auto-save-60s
17:01:10 Saving config file
17:02:10 saveConfig: auto-save-60s
17:02:10 Saving config file
17:03:10 saveConfig: auto-save-60s
17:03:10 Saving config file
17:04:10 saveConfig: auto-save-60s
17:04:10 Saving config file
17:05:10 saveConfig: auto-save-60s
17:05:10 Saving config file
17:06:10 saveConfig: auto-save-60s
17:06:10 Saving config file
17:07:10 saveConfig: auto-save-60s
17:07:10 Saving config file
17:08:10 saveConfig: auto-save-60s
17:08:10 Saving config file
17:09:10 saveConfig: auto-save-60s
17:09:10 Saving config file
17:10:10 saveConfig: auto-save-60s
17:10:10 Saving config file
17:11:10 saveConfig: auto-save-60s
17:11:10 Saving config file
17:12:10 saveConfig: auto-save-60s
17:12:10 Saving config file
17:13:10 saveConfig: auto-save-60s
17:13:10 Saving config file
17:14:10 saveConfig: auto-save-60s
17:14:10 Saving config file
17:15:10 saveConfig: auto-save-60s
17:15:10 Saving config file
17:16:10 saveConfig: auto-save-60s
17:16:10 Saving config file
17:17:10 saveConfig: auto-save-60s
17:17:10 Saving config file
17:18:10 saveConfig: auto-save-60s
17:18:10 Saving config file
17:19:10 saveConfig: auto-save-60s
17:19:10 Saving config file
17:20:10 saveConfig: auto-save-60s
17:20:10 Saving config file
17:21:10 saveConfig: auto-save-60s
17:21:10 Saving config file
17:22:10 saveConfig: auto-save-60s
17:22:10 Saving config file
17:23:10 saveConfig: auto-save-60s
17:23:10 Saving config file
17:24:10 saveConfig: auto-save-60s
17:24:10 Saving config file
17:25:10 saveConfig: auto-save-60s
17:25:10 Saving config file
17:26:10 saveConfig: auto-save-60s
17:26:10 Saving config file
17:27:10 saveConfig: auto-save-60s
17:27:10 Saving config file
17:28:10 saveConfig: auto-save-60s
17:28:10 Saving config file
17:29:10 saveConfig: auto-save-60s
17:29:10 Saving config file
17:30:10 saveConfig: auto-save-60s
17:30:10 Saving config file
17:31:10 saveConfig: auto-save-60s
17:31:10 Saving config file
17:32:10 saveConfig: auto-save-60s
17:32:10 Saving config file
17:32:53 saveConfig: Save file
17:32:53 Saving friends file
17:33:10 saveConfig: auto-save-60s
17:33:10 Saving config file
17:34:10 saveConfig: auto-save-60s
17:34:10 Saving config file
17:35:10 saveConfig: auto-save-60s
17:35:10 Saving config file
17:36:10 saveConfig: auto-save-60s
17:36:10 Saving config file
17:37:10 saveConfig: auto-save-60s
17:37:10 Saving config file
17:38:10 saveConfig: auto-save-60s
17:38:10 Saving config file
17:39:10 saveConfig: auto-save-60s
17:39:10 Saving config file
17:40:10 saveConfig: auto-save-60s
17:40:10 Saving config file
17:41:10 saveConfig: auto-save-60s
17:41:10 Saving config file
17:42:10 saveConfig: auto-save-60s
17:42:10 Saving config file
17:43:10 saveConfig: auto-save-60s
17:43:10 Saving config file
17:44:10 saveConfig: auto-save-60s
17:44:10 Saving config file
17:45:10 saveConfig: auto-save-60s
17:45:10 Saving config file
17:46:10 saveConfig: auto-save-60s
17:46:10 Saving config file
17:47:10 saveConfig: auto-save-60s
17:47:10 Saving config file
17:48:10 saveConfig: auto-save-60s
17:48:10 Saving config file
17:49:10 saveConfig: auto-save-60s
17:49:10 Saving config file
17:50:10 saveConfig: auto-save-60s
17:50:10 Saving config file
17:51:10 saveConfig: auto-save-60s
17:51:10 Saving config file
17:52:10 saveConfig: auto-save-60s
17:52:10 Saving config file
17:52:18 saveConfig: saving-data
17:52:18 Saving sacks file
17:52:27 saveConfig: saving-data
17:52:27 Saving sacks file
17:53:10 saveConfig: auto-save-60s
17:53:10 Saving config file
17:53:18 saveConfig: saving-data
17:53:18 Saving sacks file
17:53:26 saveConfig: saving-data
17:53:26 Saving sacks file
17:53:38 saveConfig: saving-data
17:53:38 Saving sacks file
17:54:02 saveConfig: saving-data
17:54:02 Saving sacks file
17:54:10 saveConfig: auto-save-60s
17:54:10 Saving config file
17:54:15 saveConfig: saving-data
17:54:15 Saving sacks file
17:54:33 saveConfig: saving-data
17:54:33 Saving sacks file
17:54:39 saveConfig: saving-data
17:54:39 Saving sacks file
17:54:50 saveConfig: saving-data
17:54:50 Saving sacks file
17:55:10 saveConfig: auto-save-60s
17:55:10 Saving config file
17:55:26 saveConfig: saving-data
17:55:26 Saving sacks file
17:55:49 saveConfig: saving-data
17:55:49 Saving sacks file
17:55:58 saveConfig: saving-data
17:55:58 Saving sacks file
17:56:09 saveConfig: saving-data
17:56:09 Saving sacks file
17:56:10 saveConfig: auto-save-60s
17:56:10 Saving config file
17:56:40 saveConfig: saving-data
17:56:40 Saving sacks file
17:57:06 saveConfig: saving-data
17:57:06 Saving sacks file
17:57:10 saveConfig: auto-save-60s
17:57:10 Saving config file
17:57:19 saveConfig: saving-data
17:57:19 Saving sacks file
17:57:28 saveConfig: saving-data
17:57:28 Saving sacks file
17:58:06 saveConfig: saving-data
17:58:06 Saving sacks file
17:58:10 saveConfig: auto-save-60s
17:58:10 Saving config file
17:58:38 saveConfig: saving-data
17:58:38 Saving sacks file
17:58:49 saveConfig: saving-data
17:58:49 Saving sacks file
17:59:10 saveConfig: auto-save-60s
17:59:10 Saving config file
17:59:23 saveConfig: saving-data
17:59:23 Saving sacks file
17:59:42 saveConfig: saving-data
17:59:42 Saving sacks file
17:59:57 saveConfig: saving-data
17:59:57 Saving sacks file
18:00:10 saveConfig: auto-save-60s
18:00:10 Saving config file
18:00:10 saveConfig: saving-data
18:00:10 Saving sacks file
18:00:20 saveConfig: saving-data
18:00:20 Saving sacks file
18:00:31 saveConfig: saving-data
18:00:31 Saving sacks file
18:00:43 saveConfig: saving-data
18:00:43 Saving sacks file
18:01:00 saveConfig: saving-data
18:01:00 Saving sacks file
18:01:10 saveConfig: auto-save-60s
18:01:10 Saving config file
18:01:13 saveConfig: saving-data
18:01:13 Saving sacks file
18:01:27 saveConfig: saving-data
18:01:27 Saving sacks file
18:02:01 saveConfig: saving-data
18:02:01 Saving sacks file
18:02:10 saveConfig: auto-save-60s
18:02:10 Saving config file
18:02:16 saveConfig: saving-data
18:02:16 Saving sacks file
18:03:10 saveConfig: auto-save-60s
18:03:10 Saving config file
18:03:16 saveConfig: saving-data
18:03:16 Saving sacks file
18:04:10 saveConfig: auto-save-60s
18:04:10 Saving config file
18:04:58 saveConfig: saving-data
18:04:58 Saving sacks file
18:05:10 saveConfig: auto-save-60s
18:05:10 Saving config file
18:05:48 saveConfig: saving-data
18:05:48 Saving sacks file
18:06:10 saveConfig: auto-save-60s
18:06:10 Saving config file
18:07:10 saveConfig: auto-save-60s
18:07:10 Saving config file
18:08:10 saveConfig: auto-save-60s
18:08:10 Saving config file
18:08:10 saveConfig: saving-data
18:08:10 Saving sacks file
18:09:10 saveConfig: auto-save-60s
18:09:10 Saving config file
18:10:10 saveConfig: auto-save-60s
18:10:10 Saving config file
18:11:10 saveConfig: auto-save-60s
18:11:10 Saving config file
18:12:10 saveConfig: auto-save-60s
18:12:10 Saving config file
18:13:10 saveConfig: auto-save-60s
18:13:10 Saving config file
18:13:55 saveConfig: saving-data
18:13:55 Saving sacks file
18:14:10 saveConfig: auto-save-60s
18:14:10 Saving config file
18:15:10 saveConfig: auto-save-60s
18:15:10 Saving config file
18:16:10 saveConfig: auto-save-60s
18:16:10 Saving config file
18:17:10 saveConfig: auto-save-60s
18:17:10 Saving config file
18:18:10 saveConfig: auto-save-60s
18:18:10 Saving config file
18:19:10 saveConfig: auto-save-60s
18:19:10 Saving config file
18:20:10 saveConfig: auto-save-60s
18:20:10 Saving config file
18:21:10 saveConfig: auto-save-60s
18:21:10 Saving config file
18:22:10 saveConfig: auto-save-60s
18:22:10 Saving config file
18:23:10 saveConfig: auto-save-60s
18:23:10 Saving config file
18:24:10 saveConfig: auto-save-60s
18:24:10 Saving config file
18:25:10 saveConfig: auto-save-60s
18:25:10 Saving config file
18:26:10 saveConfig: auto-save-60s
18:26:10 Saving config file
18:27:10 saveConfig: auto-save-60s
18:27:10 Saving config file
18:28:10 saveConfig: auto-save-60s
18:28:10 Saving config file
18:29:10 saveConfig: auto-save-60s
18:29:10 Saving config file
18:30:10 saveConfig: auto-save-60s
18:30:10 Saving config file
18:31:10 saveConfig: auto-save-60s
18:31:10 Saving config file
18:32:10 saveConfig: auto-save-60s
18:32:10 Saving config file
18:33:10 saveConfig: auto-save-60s
18:33:10 Saving config file
18:34:10 saveConfig: auto-save-60s
18:34:10 Saving config file
18:35:10 saveConfig: auto-save-60s
18:35:10 Saving config file
18:36:10 saveConfig: auto-save-60s
18:36:10 Saving config file
18:37:10 saveConfig: auto-save-60s
18:37:10 Saving config file
18:38:10 saveConfig: auto-save-60s
18:38:10 Saving config file
18:39:10 saveConfig: auto-save-60s
18:39:10 Saving config file
18:40:10 saveConfig: auto-save-60s
18:40:10 Saving config file
18:41:10 saveConfig: auto-save-60s
18:41:10 Saving config file
18:42:10 saveConfig: auto-save-60s
18:42:10 Saving config file
18:43:10 saveConfig: auto-save-60s
18:43:10 Saving config file
18:44:10 saveConfig: auto-save-60s
18:44:10 Saving config file
18:45:10 saveConfig: auto-save-60s
18:45:10 Saving config file
18:46:10 saveConfig: auto-save-60s
18:46:10 Saving config file
18:47:10 saveConfig: auto-save-60s
18:47:10 Saving config file
18:48:10 saveConfig: auto-save-60s
18:48:10 Saving config file
18:49:10 saveConfig: auto-save-60s
18:49:10 Saving config file
18:50:10 saveConfig: auto-save-60s
18:50:10 Saving config file
18:51:10 saveConfig: auto-save-60s
18:51:10 Saving config file
18:52:10 saveConfig: auto-save-60s
18:52:10 Saving config file
18:53:10 saveConfig: auto-save-60s
18:53:10 Saving config file
18:54:10 saveConfig: auto-save-60s
18:54:10 Saving config file
18:55:10 saveConfig: auto-save-60s
18:55:10 Saving config file
18:56:10 saveConfig: auto-save-60s
18:56:10 Saving config file
18:57:10 saveConfig: auto-save-60s
18:57:10 Saving config file
18:58:10 saveConfig: auto-save-60s
18:58:10 Saving config file
18:59:10 saveConfig: auto-save-60s
18:59:10 Saving config file
19:00:10 saveConfig: auto-save-60s
19:00:10 Saving config file
19:01:10 saveConfig: auto-save-60s
19:01:10 Saving config file
19:02:10 saveConfig: auto-save-60s
19:02:10 Saving config file
19:03:10 saveConfig: auto-save-60s
19:03:10 Saving config file
19:04:10 saveConfig: auto-save-60s
19:04:10 Saving config file
19:05:10 saveConfig: auto-save-60s
19:05:10 Saving config file
19:06:10 saveConfig: auto-save-60s
19:06:10 Saving config file
19:06:13 saveConfig: saving-data
19:06:13 Saving sacks file
19:07:10 saveConfig: auto-save-60s
19:07:10 Saving config file
19:07:12 saveConfig: saving-data
19:07:12 Saving sacks file
19:07:23 saveConfig: saving-data
19:07:23 Saving sacks file
19:07:40 saveConfig: saving-data
19:07:40 Saving sacks file
19:07:46 saveConfig: saving-data
19:07:46 Saving sacks file
19:08:07 saveConfig: saving-data
19:08:07 Saving sacks file
19:08:10 saveConfig: auto-save-60s
19:08:10 Saving config file
19:08:34 saveConfig: saving-data
19:08:34 Saving sacks file
19:08:58 saveConfig: saving-data
19:08:58 Saving sacks file
19:09:10 saveConfig: auto-save-60s
19:09:10 Saving config file
19:09:16 saveConfig: saving-data
19:09:16 Saving sacks file
19:09:48 saveConfig: saving-data
19:09:48 Saving sacks file
19:10:10 saveConfig: auto-save-60s
19:10:10 Saving config file
19:10:26 saveConfig: saving-data
19:10:26 Saving sacks file
19:10:40 saveConfig: saving-data
19:10:40 Saving sacks file
19:10:46 saveConfig: saving-data
19:10:46 Saving sacks file
19:11:10 saveConfig: auto-save-60s
19:11:10 Saving config file
19:11:24 saveConfig: saving-data
19:11:24 Saving sacks file
19:11:54 saveConfig: saving-data
19:11:54 Saving sacks file
19:12:10 saveConfig: auto-save-60s
19:12:10 Saving config file
19:12:27 saveConfig: saving-data
19:12:27 Saving sacks file
19:13:04 saveConfig: saving-data
19:13:04 Saving sacks file
19:13:10 saveConfig: auto-save-60s
19:13:10 Saving config file
19:13:37 saveConfig: saving-data
19:13:37 Saving sacks file
19:13:47 saveConfig: saving-data
19:13:47 Saving sacks file
19:14:10 saveConfig: auto-save-60s
19:14:10 Saving config file
19:15:10 saveConfig: auto-save-60s
19:15:10 Saving config file
19:15:15 saveConfig: saving-data
19:15:15 Saving sacks file
19:15:51 saveConfig: saving-data
19:15:51 Saving sacks file
19:16:10 saveConfig: auto-save-60s
19:16:10 Saving config file
19:16:43 saveConfig: saving-data
19:16:43 Saving sacks file
19:17:10 saveConfig: auto-save-60s
19:17:10 Saving config file
19:17:35 saveConfig: saving-data
19:17:35 Saving sacks file
19:18:09 saveConfig: saving-data
19:18:09 Saving sacks file
19:18:10 saveConfig: auto-save-60s
19:18:10 Saving config file
19:18:34 saveConfig: saving-data
19:18:34 Saving sacks file
19:19:06 saveConfig: saving-data
19:19:06 Saving sacks file
19:19:10 saveConfig: auto-save-60s
19:19:10 Saving config file
19:19:47 saveConfig: saving-data
19:19:47 Saving sacks file
19:19:57 saveConfig: saving-data
19:19:57 Saving sacks file
19:20:10 saveConfig: auto-save-60s
19:20:10 Saving config file
19:20:30 saveConfig: saving-data
19:20:30 Saving sacks file
19:20:46 saveConfig: saving-data
19:20:46 Saving sacks file
19:21:10 saveConfig: auto-save-60s
19:21:10 Saving config file
19:22:10 saveConfig: auto-save-60s
19:22:10 Saving config file
19:22:10 saveConfig: saving-data
19:22:10 Saving sacks file
19:22:42 saveConfig: saving-data
19:22:42 Saving sacks file
19:23:10 saveConfig: auto-save-60s
19:23:10 Saving config file
19:23:25 saveConfig: saving-data
19:23:25 Saving sacks file
19:24:10 saveConfig: auto-save-60s
19:24:10 Saving config file
19:24:16 saveConfig: saving-data
19:24:16 Saving sacks file
19:25:10 saveConfig: auto-save-60s
19:25:10 Saving config file
19:25:34 saveConfig: saving-data
19:25:34 Saving sacks file
19:26:10 saveConfig: auto-save-60s
19:26:10 Saving config file
19:26:14 saveConfig: saving-data
19:26:14 Saving sacks file
19:26:46 saveConfig: saving-data
19:26:46 Saving sacks file
19:27:10 saveConfig: auto-save-60s
19:27:10 Saving config file
19:27:17 saveConfig: saving-data
19:27:17 Saving sacks file
19:27:35 saveConfig: saving-data
19:27:35 Saving sacks file
19:27:48 saveConfig: saving-data
19:27:48 Saving sacks file
19:28:10 saveConfig: auto-save-60s
19:28:10 Saving config file
19:28:12 saveConfig: saving-data
19:28:12 Saving sacks file
19:28:49 saveConfig: saving-data
19:28:49 Saving sacks file
19:29:10 saveConfig: auto-save-60s
19:29:10 Saving config file
19:29:25 saveConfig: saving-data
19:29:25 Saving sacks file
19:29:56 saveConfig: saving-data
19:29:56 Saving sacks file
19:30:10 saveConfig: auto-save-60s
19:30:10 Saving config file
19:30:27 saveConfig: saving-data
19:30:27 Saving sacks file
19:30:55 saveConfig: saving-data
19:30:55 Saving sacks file
19:31:04 saveConfig: saving-data
19:31:04 Saving sacks file
19:31:10 saveConfig: auto-save-60s
19:31:10 Saving config file
19:31:22 saveConfig: saving-data
19:31:22 Saving sacks file
19:31:43 saveConfig: saving-data
19:31:43 Saving sacks file
19:31:59 saveConfig: saving-data
19:31:59 Saving sacks file
19:32:10 saveConfig: auto-save-60s
19:32:10 Saving config file
19:32:30 saveConfig: saving-data
19:32:30 Saving sacks file
19:32:41 saveConfig: saving-data
19:32:41 Saving sacks file
19:33:10 saveConfig: auto-save-60s
19:33:10 Saving config file
19:33:12 saveConfig: saving-data
19:33:12 Saving sacks file
19:33:33 saveConfig: saving-data
19:33:33 Saving sacks file
19:33:46 saveConfig: saving-data
19:33:46 Saving sacks file
19:34:10 saveConfig: auto-save-60s
19:34:10 Saving config file
19:34:23 saveConfig: saving-data
19:34:23 Saving sacks file
19:34:54 saveConfig: saving-data
19:34:54 Saving sacks file
19:35:10 saveConfig: auto-save-60s
19:35:10 Saving config file
19:35:25 saveConfig: saving-data
19:35:25 Saving sacks file
19:35:49 saveConfig: saving-data
19:35:49 Saving sacks file
19:36:10 saveConfig: auto-save-60s
19:36:10 Saving config file
19:36:15 saveConfig: saving-data
19:36:15 Saving sacks file
19:36:44 saveConfig: saving-data
19:36:44 Saving sacks file
19:37:10 saveConfig: auto-save-60s
19:37:10 Saving config file
19:37:26 saveConfig: saving-data
19:37:26 Saving sacks file
19:37:58 saveConfig: saving-data
19:37:58 Saving sacks file
19:38:10 saveConfig: auto-save-60s
19:38:10 Saving config file
19:38:29 saveConfig: saving-data
19:38:29 Saving sacks file
19:39:02 saveConfig: saving-data
19:39:02 Saving sacks file
19:39:10 saveConfig: auto-save-60s
19:39:10 Saving config file
19:39:33 saveConfig: saving-data
19:39:33 Saving sacks file
19:39:42 saveConfig: saving-data
19:39:42 Saving sacks file
19:40:10 saveConfig: auto-save-60s
19:40:10 Saving config file
19:41:00 saveConfig: saving-data
19:41:00 Saving sacks file
19:41:10 saveConfig: auto-save-60s
19:41:10 Saving config file
19:41:20 saveConfig: saving-data
19:41:20 Saving sacks file
19:41:33 saveConfig: saving-data
19:41:33 Saving sacks file
19:41:45 saveConfig: saving-data
19:41:45 Saving sacks file
19:42:00 saveConfig: saving-data
19:42:00 Saving sacks file
19:42:08 saveConfig: saving-data
19:42:08 Saving sacks file
19:42:10 saveConfig: auto-save-60s
19:42:10 Saving config file
19:42:14 saveConfig: saving-data
19:42:14 Saving sacks file
19:42:45 saveConfig: saving-data
19:42:45 Saving sacks file
19:43:10 saveConfig: auto-save-60s
19:43:10 Saving config file
19:43:19 saveConfig: saving-data
19:43:19 Saving sacks file
19:44:10 saveConfig: auto-save-60s
19:44:10 Saving config file
19:45:10 saveConfig: auto-save-60s
19:45:10 Saving config file
19:46:10 saveConfig: auto-save-60s
19:46:10 Saving config file
19:47:10 saveConfig: auto-save-60s
19:47:10 Saving config file
19:48:10 saveConfig: auto-save-60s
19:48:10 Saving config file
19:49:10 saveConfig: auto-save-60s
19:49:10 Saving config file
19:50:10 saveConfig: auto-save-60s
19:50:10 Saving config file
19:51:10 saveConfig: auto-save-60s
19:51:10 Saving config file
19:52:10 saveConfig: auto-save-60s
19:52:10 Saving config file
19:53:10 saveConfig: auto-save-60s
19:53:10 Saving config file
19:54:10 saveConfig: auto-save-60s
19:54:10 Saving config file
19:55:10 saveConfig: auto-save-60s
19:55:10 Saving config file
19:56:10 saveConfig: auto-save-60s
19:56:10 Saving config file
19:57:10 saveConfig: auto-save-60s
19:57:10 Saving config file
19:58:10 saveConfig: auto-save-60s
19:58:10 Saving config file
19:59:10 saveConfig: auto-save-60s
19:59:10 Saving config file
20:00:10 saveConfig: auto-save-60s
20:00:10 Saving config file
20:01:10 saveConfig: auto-save-60s
20:01:10 Saving config file
20:02:10 saveConfig: auto-save-60s
20:02:10 Saving config file
20:03:10 saveConfig: auto-save-60s
20:03:10 Saving config file
20:04:10 saveConfig: auto-save-60s
20:04:10 Saving config file
20:05:10 saveConfig: auto-save-60s
20:05:10 Saving config file
20:06:10 saveConfig: auto-save-60s
20:06:10 Saving config file
20:07:10 saveConfig: auto-save-60s
20:07:10 Saving config file
20:07:59 saveConfig: saving-data
20:07:59 Saving sacks file
20:08:10 saveConfig: auto-save-60s
20:08:10 Saving config file
20:09:10 saveConfig: auto-save-60s
20:09:10 Saving config file
20:10:10 saveConfig: auto-save-60s
20:10:10 Saving config file
20:11:10 saveConfig: auto-save-60s
20:11:10 Saving config file
20:11:36 saveConfig: saving-data
20:11:36 Saving sacks file
20:12:10 saveConfig: auto-save-60s
20:12:10 Saving config file
20:13:10 saveConfig: auto-save-60s
20:13:10 Saving config file
20:14:10 saveConfig: auto-save-60s
20:14:10 Saving config file
20:15:10 saveConfig: auto-save-60s
20:15:10 Saving config file
20:16:10 saveConfig: auto-save-60s
20:16:10 Saving config file
20:16:54 saveConfig: saving-data
20:16:54 Saving sacks file
20:17:10 saveConfig: auto-save-60s
20:17:10 Saving config file
20:18:10 saveConfig: auto-save-60s
20:18:10 Saving config file
20:19:10 saveConfig: auto-save-60s
20:19:10 Saving config file
20:20:10 saveConfig: auto-save-60s
20:20:10 Saving config file
20:21:10 saveConfig: auto-save-60s
20:21:10 Saving config file
20:22:10 saveConfig: auto-save-60s
20:22:10 Saving config file
20:23:10 saveConfig: auto-save-60s
20:23:10 Saving config file
20:24:10 saveConfig: auto-save-60s
20:24:10 Saving config file
20:25:10 saveConfig: auto-save-60s
20:25:10 Saving config file
20:26:10 saveConfig: auto-save-60s
20:26:10 Saving config file
20:27:10 saveConfig: auto-save-60s
20:27:10 Saving config file
20:27:16 saveConfig: shutdown-hook
20:27:16 Saving config file
