13:04:07 Trying to load config from config\skyhanni\config.json
13:04:07 load-config-now
13:04:07 Loaded config from file
13:04:07 Trying to load sacks from config\skyhanni\sacks.json
13:04:07 load-sacks-now
13:04:07 Loaded sacks from file
13:04:07 Trying to load friends from config\skyhanni\friends.json
13:04:07 load-friends-now
13:04:07 Loaded friends from file
13:04:07 Trying to load known_features from config\skyhanni\known_features.json
13:04:07 load-known_features-now
13:04:07 Loaded known_features from file
13:04:07 Trying to load jacob_contests from config\skyhanni\jacob_contests.json
13:04:07 load-jacob_contests-now
13:04:07 Loaded jacob_contests from file
13:04:07 Trying to load visual_words from config\skyhanni\visual_words.json
13:04:07 Setting visual_words to be blank as it did not exist. It will be saved once something is written to it
13:05:07 saveConfig: auto-save-60s
13:05:07 Saving config file
13:05:43 saveConfig: Updated known feature flags
13:05:43 Saving known_features file
13:06:07 saveConfig: auto-save-60s
13:06:07 Saving config file
13:06:40 saveConfig: saving-data
13:06:40 Saving sacks file
13:07:07 saveConfig: auto-save-60s
13:07:07 Saving config file
13:08:07 saveConfig: auto-save-60s
13:08:07 Saving config file
13:09:07 saveConfig: auto-save-60s
13:09:07 Saving config file
13:10:07 saveConfig: auto-save-60s
13:10:07 Saving config file
13:11:07 saveConfig: auto-save-60s
13:11:07 Saving config file
13:12:07 saveConfig: auto-save-60s
13:12:07 Saving config file
13:13:07 saveConfig: auto-save-60s
13:13:07 Saving config file
13:14:07 saveConfig: auto-save-60s
13:14:07 Saving config file
13:15:07 saveConfig: auto-save-60s
13:15:07 Saving config file
13:16:07 saveConfig: auto-save-60s
13:16:07 Saving config file
13:17:07 saveConfig: auto-save-60s
13:17:07 Saving config file
13:18:07 saveConfig: auto-save-60s
13:18:07 Saving config file
13:19:07 saveConfig: auto-save-60s
13:19:07 Saving config file
13:20:07 saveConfig: auto-save-60s
13:20:07 Saving config file
13:21:07 saveConfig: auto-save-60s
13:21:07 Saving config file
13:22:07 saveConfig: auto-save-60s
13:22:07 Saving config file
13:23:07 saveConfig: auto-save-60s
13:23:07 Saving config file
13:24:07 saveConfig: auto-save-60s
13:24:07 Saving config file
13:25:07 saveConfig: auto-save-60s
13:25:07 Saving config file
13:26:07 saveConfig: auto-save-60s
13:26:07 Saving config file
13:27:07 saveConfig: auto-save-60s
13:27:07 Saving config file
13:28:07 saveConfig: auto-save-60s
13:28:07 Saving config file
13:29:07 saveConfig: auto-save-60s
13:29:07 Saving config file
13:30:07 saveConfig: auto-save-60s
13:30:07 Saving config file
13:31:07 saveConfig: auto-save-60s
13:31:07 Saving config file
13:32:07 saveConfig: auto-save-60s
13:32:07 Saving config file
13:33:07 saveConfig: auto-save-60s
13:33:07 Saving config file
13:34:07 saveConfig: auto-save-60s
13:34:07 Saving config file
13:35:07 saveConfig: auto-save-60s
13:35:07 Saving config file
13:36:07 saveConfig: auto-save-60s
13:36:07 Saving config file
13:37:07 saveConfig: auto-save-60s
13:37:07 Saving config file
13:38:07 saveConfig: auto-save-60s
13:38:07 Saving config file
13:39:07 saveConfig: auto-save-60s
13:39:07 Saving config file
13:40:07 saveConfig: auto-save-60s
13:40:07 Saving config file
13:41:07 saveConfig: auto-save-60s
13:41:07 Saving config file
13:42:07 saveConfig: auto-save-60s
13:42:07 Saving config file
13:43:07 saveConfig: auto-save-60s
13:43:07 Saving config file
13:44:07 saveConfig: auto-save-60s
13:44:07 Saving config file
13:45:07 saveConfig: auto-save-60s
13:45:07 Saving config file
13:46:07 saveConfig: auto-save-60s
13:46:07 Saving config file
13:47:07 saveConfig: auto-save-60s
13:47:07 Saving config file
13:48:07 saveConfig: auto-save-60s
13:48:07 Saving config file
13:49:07 saveConfig: auto-save-60s
13:49:07 Saving config file
13:50:07 saveConfig: auto-save-60s
13:50:07 Saving config file
13:51:07 saveConfig: auto-save-60s
13:51:07 Saving config file
13:52:07 saveConfig: auto-save-60s
13:52:07 Saving config file
13:53:07 saveConfig: auto-save-60s
13:53:07 Saving config file
13:54:07 saveConfig: auto-save-60s
13:54:07 Saving config file
13:55:07 saveConfig: auto-save-60s
13:55:07 Saving config file
13:56:07 saveConfig: auto-save-60s
13:56:07 Saving config file
13:57:07 saveConfig: auto-save-60s
13:57:07 Saving config file
13:58:07 saveConfig: auto-save-60s
13:58:07 Saving config file
13:59:07 saveConfig: auto-save-60s
13:59:07 Saving config file
14:00:07 saveConfig: auto-save-60s
14:00:07 Saving config file
14:01:07 saveConfig: auto-save-60s
14:01:07 Saving config file
14:02:07 saveConfig: auto-save-60s
14:02:07 Saving config file
14:03:07 saveConfig: auto-save-60s
14:03:07 Saving config file
14:04:07 saveConfig: auto-save-60s
14:04:07 Saving config file
14:05:07 saveConfig: auto-save-60s
14:05:07 Saving config file
14:06:07 saveConfig: auto-save-60s
14:06:07 Saving config file
14:07:07 saveConfig: auto-save-60s
14:07:07 Saving config file
14:08:07 saveConfig: auto-save-60s
14:08:07 Saving config file
14:09:07 saveConfig: auto-save-60s
14:09:07 Saving config file
14:10:07 saveConfig: auto-save-60s
14:10:07 Saving config file
14:11:07 saveConfig: auto-save-60s
14:11:07 Saving config file
14:12:07 saveConfig: auto-save-60s
14:12:07 Saving config file
14:13:07 saveConfig: auto-save-60s
14:13:07 Saving config file
14:14:07 saveConfig: auto-save-60s
14:14:07 Saving config file
14:15:07 saveConfig: auto-save-60s
14:15:07 Saving config file
14:16:07 saveConfig: auto-save-60s
14:16:07 Saving config file
14:17:07 saveConfig: auto-save-60s
14:17:07 Saving config file
14:18:07 saveConfig: auto-save-60s
14:18:07 Saving config file
14:19:07 saveConfig: auto-save-60s
14:19:07 Saving config file
14:20:07 saveConfig: auto-save-60s
14:20:07 Saving config file
14:21:07 saveConfig: auto-save-60s
14:21:07 Saving config file
14:22:07 saveConfig: auto-save-60s
14:22:07 Saving config file
14:23:07 saveConfig: auto-save-60s
14:23:07 Saving config file
14:24:07 saveConfig: auto-save-60s
14:24:07 Saving config file
14:25:07 saveConfig: auto-save-60s
14:25:07 Saving config file
14:26:07 saveConfig: auto-save-60s
14:26:07 Saving config file
14:27:07 saveConfig: auto-save-60s
14:27:07 Saving config file
14:28:07 saveConfig: auto-save-60s
14:28:07 Saving config file
14:29:07 saveConfig: auto-save-60s
14:29:07 Saving config file
14:30:07 saveConfig: auto-save-60s
14:30:07 Saving config file
14:31:07 saveConfig: auto-save-60s
14:31:07 Saving config file
14:32:07 saveConfig: auto-save-60s
14:32:07 Saving config file
14:33:07 saveConfig: auto-save-60s
14:33:07 Saving config file
14:34:07 saveConfig: auto-save-60s
14:34:07 Saving config file
14:35:07 saveConfig: auto-save-60s
14:35:07 Saving config file
14:36:07 saveConfig: auto-save-60s
14:36:07 Saving config file
14:37:07 saveConfig: auto-save-60s
14:37:07 Saving config file
14:38:07 saveConfig: auto-save-60s
14:38:07 Saving config file
14:39:07 saveConfig: auto-save-60s
14:39:07 Saving config file
14:40:07 saveConfig: auto-save-60s
14:40:07 Saving config file
14:41:07 saveConfig: auto-save-60s
14:41:07 Saving config file
14:42:07 saveConfig: auto-save-60s
14:42:07 Saving config file
14:43:07 saveConfig: auto-save-60s
14:43:07 Saving config file
14:44:07 saveConfig: auto-save-60s
14:44:07 Saving config file
14:45:07 saveConfig: auto-save-60s
14:45:07 Saving config file
14:46:07 saveConfig: auto-save-60s
14:46:07 Saving config file
14:47:07 saveConfig: auto-save-60s
14:47:07 Saving config file
14:48:07 saveConfig: auto-save-60s
14:48:07 Saving config file
14:49:07 saveConfig: auto-save-60s
14:49:07 Saving config file
14:50:07 saveConfig: auto-save-60s
14:50:07 Saving config file
14:51:07 saveConfig: auto-save-60s
14:51:07 Saving config file
14:52:07 saveConfig: auto-save-60s
14:52:07 Saving config file
14:53:07 saveConfig: auto-save-60s
14:53:07 Saving config file
14:54:07 saveConfig: auto-save-60s
14:54:07 Saving config file
14:55:07 saveConfig: auto-save-60s
14:55:07 Saving config file
14:56:07 saveConfig: auto-save-60s
14:56:07 Saving config file
14:57:07 saveConfig: auto-save-60s
14:57:07 Saving config file
14:58:07 saveConfig: auto-save-60s
14:58:07 Saving config file
14:59:07 saveConfig: auto-save-60s
14:59:07 Saving config file
15:00:07 saveConfig: auto-save-60s
15:00:07 Saving config file
15:01:07 saveConfig: auto-save-60s
15:01:07 Saving config file
15:02:07 saveConfig: auto-save-60s
15:02:07 Saving config file
15:03:07 saveConfig: auto-save-60s
15:03:07 Saving config file
15:04:07 saveConfig: auto-save-60s
15:04:07 Saving config file
15:05:07 saveConfig: auto-save-60s
15:05:07 Saving config file
15:06:07 saveConfig: auto-save-60s
15:06:07 Saving config file
15:07:07 saveConfig: auto-save-60s
15:07:07 Saving config file
15:08:07 saveConfig: auto-save-60s
15:08:07 Saving config file
15:09:07 saveConfig: auto-save-60s
15:09:07 Saving config file
15:10:07 saveConfig: auto-save-60s
15:10:07 Saving config file
15:11:07 saveConfig: auto-save-60s
15:11:07 Saving config file
15:12:07 saveConfig: auto-save-60s
15:12:07 Saving config file
15:13:07 saveConfig: auto-save-60s
15:13:07 Saving config file
15:14:07 saveConfig: auto-save-60s
15:14:07 Saving config file
15:15:07 saveConfig: auto-save-60s
15:15:07 Saving config file
15:16:07 saveConfig: auto-save-60s
15:16:07 Saving config file
15:17:07 saveConfig: auto-save-60s
15:17:07 Saving config file
15:18:07 saveConfig: auto-save-60s
15:18:07 Saving config file
15:19:07 saveConfig: auto-save-60s
15:19:07 Saving config file
15:20:07 saveConfig: auto-save-60s
15:20:07 Saving config file
15:21:07 saveConfig: auto-save-60s
15:21:07 Saving config file
15:22:07 saveConfig: auto-save-60s
15:22:07 Saving config file
15:23:07 saveConfig: auto-save-60s
15:23:07 Saving config file
15:24:07 saveConfig: auto-save-60s
15:24:07 Saving config file
15:25:07 saveConfig: auto-save-60s
15:25:07 Saving config file
15:26:07 saveConfig: auto-save-60s
15:26:07 Saving config file
15:27:07 saveConfig: auto-save-60s
15:27:07 Saving config file
15:28:07 saveConfig: auto-save-60s
15:28:07 Saving config file
15:29:07 saveConfig: auto-save-60s
15:29:07 Saving config file
15:30:07 saveConfig: auto-save-60s
15:30:07 Saving config file
15:31:07 saveConfig: auto-save-60s
15:31:07 Saving config file
15:32:07 saveConfig: auto-save-60s
15:32:07 Saving config file
15:33:07 saveConfig: auto-save-60s
15:33:07 Saving config file
15:34:07 saveConfig: auto-save-60s
15:34:07 Saving config file
15:35:07 saveConfig: auto-save-60s
15:35:07 Saving config file
15:36:07 saveConfig: auto-save-60s
15:36:07 Saving config file
15:37:07 saveConfig: auto-save-60s
15:37:07 Saving config file
15:38:07 saveConfig: auto-save-60s
15:38:07 Saving config file
15:39:07 saveConfig: auto-save-60s
15:39:07 Saving config file
15:40:07 saveConfig: auto-save-60s
15:40:07 Saving config file
15:41:07 saveConfig: auto-save-60s
15:41:07 Saving config file
15:42:07 saveConfig: auto-save-60s
15:42:07 Saving config file
15:43:07 saveConfig: auto-save-60s
15:43:07 Saving config file
15:44:07 saveConfig: auto-save-60s
15:44:07 Saving config file
15:45:07 saveConfig: auto-save-60s
15:45:07 Saving config file
15:46:07 saveConfig: auto-save-60s
15:46:07 Saving config file
15:47:07 saveConfig: auto-save-60s
15:47:07 Saving config file
15:48:07 saveConfig: auto-save-60s
15:48:07 Saving config file
15:49:07 saveConfig: auto-save-60s
15:49:07 Saving config file
15:50:07 saveConfig: auto-save-60s
15:50:07 Saving config file
15:51:07 saveConfig: auto-save-60s
15:51:07 Saving config file
15:52:07 saveConfig: auto-save-60s
15:52:07 Saving config file
15:53:07 saveConfig: auto-save-60s
15:53:07 Saving config file
15:54:07 saveConfig: auto-save-60s
15:54:07 Saving config file
15:55:07 saveConfig: auto-save-60s
15:55:07 Saving config file
15:56:07 saveConfig: auto-save-60s
15:56:07 Saving config file
15:57:07 saveConfig: auto-save-60s
15:57:07 Saving config file
15:58:07 saveConfig: auto-save-60s
15:58:07 Saving config file
15:59:07 saveConfig: auto-save-60s
15:59:07 Saving config file
16:00:07 saveConfig: auto-save-60s
16:00:07 Saving config file
16:01:07 saveConfig: auto-save-60s
16:01:07 Saving config file
16:02:07 saveConfig: auto-save-60s
16:02:07 Saving config file
16:03:07 saveConfig: auto-save-60s
16:03:07 Saving config file
16:04:07 saveConfig: auto-save-60s
16:04:07 Saving config file
16:05:07 saveConfig: auto-save-60s
16:05:07 Saving config file
16:06:07 saveConfig: auto-save-60s
16:06:07 Saving config file
16:07:07 saveConfig: auto-save-60s
16:07:07 Saving config file
16:08:07 saveConfig: auto-save-60s
16:08:07 Saving config file
16:09:07 saveConfig: auto-save-60s
16:09:07 Saving config file
16:10:07 saveConfig: auto-save-60s
16:10:07 Saving config file
16:11:07 saveConfig: auto-save-60s
16:11:07 Saving config file
16:12:07 saveConfig: auto-save-60s
16:12:07 Saving config file
16:13:07 saveConfig: auto-save-60s
16:13:07 Saving config file
16:14:07 saveConfig: auto-save-60s
16:14:07 Saving config file
16:15:07 saveConfig: auto-save-60s
16:15:07 Saving config file
16:16:07 saveConfig: auto-save-60s
16:16:07 Saving config file
16:17:07 saveConfig: auto-save-60s
16:17:07 Saving config file
16:18:07 saveConfig: auto-save-60s
16:18:07 Saving config file
16:19:07 saveConfig: auto-save-60s
16:19:07 Saving config file
16:20:07 saveConfig: auto-save-60s
16:20:07 Saving config file
16:21:07 saveConfig: auto-save-60s
16:21:07 Saving config file
16:22:07 saveConfig: auto-save-60s
16:22:07 Saving config file
16:23:07 saveConfig: auto-save-60s
16:23:07 Saving config file
16:24:07 saveConfig: auto-save-60s
16:24:07 Saving config file
16:25:07 saveConfig: auto-save-60s
16:25:07 Saving config file
16:26:07 saveConfig: auto-save-60s
16:26:07 Saving config file
16:27:07 saveConfig: auto-save-60s
16:27:07 Saving config file
16:28:07 saveConfig: auto-save-60s
16:28:07 Saving config file
16:29:07 saveConfig: auto-save-60s
16:29:07 Saving config file
16:30:07 saveConfig: auto-save-60s
16:30:07 Saving config file
16:31:07 saveConfig: auto-save-60s
16:31:07 Saving config file
16:32:07 saveConfig: auto-save-60s
16:32:07 Saving config file
16:33:07 saveConfig: auto-save-60s
16:33:07 Saving config file
16:34:07 saveConfig: auto-save-60s
16:34:07 Saving config file
16:35:07 saveConfig: auto-save-60s
16:35:07 Saving config file
16:36:07 saveConfig: auto-save-60s
16:36:07 Saving config file
16:37:07 saveConfig: auto-save-60s
16:37:07 Saving config file
16:38:07 saveConfig: auto-save-60s
16:38:07 Saving config file
16:39:07 saveConfig: auto-save-60s
16:39:07 Saving config file
16:40:07 saveConfig: auto-save-60s
16:40:07 Saving config file
16:41:07 saveConfig: auto-save-60s
16:41:07 Saving config file
16:42:07 saveConfig: auto-save-60s
16:42:07 Saving config file
16:43:07 saveConfig: auto-save-60s
16:43:07 Saving config file
16:44:07 saveConfig: auto-save-60s
16:44:07 Saving config file
16:45:07 saveConfig: auto-save-60s
16:45:07 Saving config file
16:46:07 saveConfig: auto-save-60s
16:46:07 Saving config file
16:47:07 saveConfig: auto-save-60s
16:47:07 Saving config file
16:48:07 saveConfig: auto-save-60s
16:48:07 Saving config file
16:49:07 saveConfig: auto-save-60s
16:49:07 Saving config file
16:50:07 saveConfig: auto-save-60s
16:50:07 Saving config file
16:51:07 saveConfig: auto-save-60s
16:51:07 Saving config file
16:52:07 saveConfig: auto-save-60s
16:52:07 Saving config file
16:53:07 saveConfig: auto-save-60s
16:53:07 Saving config file
16:54:07 saveConfig: auto-save-60s
16:54:07 Saving config file
16:55:07 saveConfig: auto-save-60s
16:55:07 Saving config file
16:56:07 saveConfig: auto-save-60s
16:56:07 Saving config file
16:57:07 saveConfig: auto-save-60s
16:57:07 Saving config file
16:58:07 saveConfig: auto-save-60s
16:58:07 Saving config file
16:59:07 saveConfig: auto-save-60s
16:59:07 Saving config file
17:00:07 saveConfig: auto-save-60s
17:00:07 Saving config file
17:01:07 saveConfig: auto-save-60s
17:01:07 Saving config file
17:02:07 saveConfig: auto-save-60s
17:02:07 Saving config file
17:03:07 saveConfig: auto-save-60s
17:03:07 Saving config file
17:04:07 saveConfig: auto-save-60s
17:04:07 Saving config file
17:05:07 saveConfig: auto-save-60s
17:05:07 Saving config file
17:06:07 saveConfig: auto-save-60s
17:06:07 Saving config file
17:07:07 saveConfig: auto-save-60s
17:07:07 Saving config file
17:08:07 saveConfig: auto-save-60s
17:08:07 Saving config file
17:09:07 saveConfig: auto-save-60s
17:09:07 Saving config file
17:10:07 saveConfig: auto-save-60s
17:10:07 Saving config file
17:11:07 saveConfig: auto-save-60s
17:11:07 Saving config file
17:12:07 saveConfig: auto-save-60s
17:12:07 Saving config file
17:13:07 saveConfig: auto-save-60s
17:13:07 Saving config file
17:14:07 saveConfig: auto-save-60s
17:14:07 Saving config file
17:15:07 saveConfig: auto-save-60s
17:15:07 Saving config file
17:16:07 saveConfig: auto-save-60s
17:16:07 Saving config file
17:17:07 saveConfig: auto-save-60s
17:17:07 Saving config file
17:18:07 saveConfig: auto-save-60s
17:18:07 Saving config file
17:19:07 saveConfig: auto-save-60s
17:19:07 Saving config file
17:20:07 saveConfig: auto-save-60s
17:20:07 Saving config file
17:21:07 saveConfig: auto-save-60s
17:21:07 Saving config file
17:22:07 saveConfig: auto-save-60s
17:22:07 Saving config file
17:23:07 saveConfig: auto-save-60s
17:23:07 Saving config file
17:24:07 saveConfig: auto-save-60s
17:24:07 Saving config file
17:25:07 saveConfig: auto-save-60s
17:25:07 Saving config file
17:26:07 saveConfig: auto-save-60s
17:26:07 Saving config file
17:27:07 saveConfig: auto-save-60s
17:27:07 Saving config file
17:28:07 saveConfig: auto-save-60s
17:28:07 Saving config file
17:29:07 saveConfig: auto-save-60s
17:29:07 Saving config file
17:30:07 saveConfig: auto-save-60s
17:30:07 Saving config file
17:31:07 saveConfig: auto-save-60s
17:31:07 Saving config file
17:32:07 saveConfig: auto-save-60s
17:32:07 Saving config file
17:33:07 saveConfig: auto-save-60s
17:33:07 Saving config file
17:34:07 saveConfig: auto-save-60s
17:34:07 Saving config file
17:35:07 saveConfig: auto-save-60s
17:35:07 Saving config file
17:36:07 saveConfig: auto-save-60s
17:36:07 Saving config file
17:37:07 saveConfig: auto-save-60s
17:37:07 Saving config file
17:38:07 saveConfig: auto-save-60s
17:38:07 Saving config file
17:39:07 saveConfig: auto-save-60s
17:39:07 Saving config file
17:40:07 saveConfig: auto-save-60s
17:40:07 Saving config file
17:41:07 saveConfig: auto-save-60s
17:41:07 Saving config file
17:42:07 saveConfig: auto-save-60s
17:42:07 Saving config file
17:43:07 saveConfig: auto-save-60s
17:43:07 Saving config file
17:44:07 saveConfig: auto-save-60s
17:44:07 Saving config file
17:45:07 saveConfig: auto-save-60s
17:45:07 Saving config file
17:46:07 saveConfig: auto-save-60s
17:46:07 Saving config file
17:46:49 saveConfig: shutdown-hook
17:46:49 Saving config file
