13:32:34 OptiFine ConnectedTextures
13:32:34 OptiFine ConnectedTextures
13:32:34 OptiFine ConnectedTextures
13:32:34 OptiFine ConnectedTextures
13:32:34 OptiFine ConnectedTextures
13:32:34 OptiFine ConnectedTextures
13:32:34 OptiFine ConnectedTextures
13:32:34 OptiFine ConnectedTextures
13:32:34 OptiFine ConnectedTextures
13:32:34 OptiFine ConnectedTextures
13:32:34 OptiFine ConnectedTextures
13:32:34 OptiFine ConnectedTextures
13:32:34 OptiFine ConnectedTextures
13:32:34 OptiFine ConnectedTextures
13:32:34 OptiFine ConnectedTextures
13:32:34 OptiFine ConnectedTextures
13:32:34 OptiFine ConnectedTextures
13:32:34 OptiFine ConnectedTextures
13:32:34 OptiFine ConnectedTextures
13:32:34 OptiFine ConnectedTextures
13:32:34 OptiFine ConnectedTextures
13:32:34 OptiFine ConnectedTextures
13:32:34 OptiFine ConnectedTextures
13:32:34 OptiFine ConnectedTextures
13:32:34 OptiFine ConnectedTextures
13:32:34 OptiFine ConnectedTextures
13:32:34 OptiFine ConnectedTextures
13:32:34 OptiFine ConnectedTextures
13:32:34 OptiFine ConnectedTextures
13:32:34 OptiFine ConnectedTextures
13:32:34 OptiFine ConnectedTextures
13:32:34 OptiFine ConnectedTextures
13:32:34 OptiFine ConnectedTextures
13:32:34 OptiFine ConnectedTextures
13:32:34 OptiFine ConnectedTextures
13:32:34 OptiFine ConnectedTextures
13:32:34 OptiFine ConnectedTextures
13:32:34 OptiFine ConnectedTextures
13:32:34 OptiFine ConnectedTextures
13:32:34 OptiFine ConnectedTextures
13:32:34 OptiFine ConnectedTextures
13:32:34 OptiFine ConnectedTextures
13:32:34 OptiFine ConnectedTextures
13:32:34 OptiFine ConnectedTextures
13:32:34 OptiFine ConnectedTextures
13:32:34 OptiFine ConnectedTextures
13:32:34 OptiFine ConnectedTextures
13:32:34 OptiFine ConnectedTextures
13:32:34 OptiFine ConnectedTextures
13:32:34 OptiFine ConnectedTextures
13:32:34 OptiFine ConnectedTextures
13:32:34 OptiFine ConnectedTextures
13:32:34 OptiFine ConnectedTextures
13:32:34 OptiFine ConnectedTextures
13:32:34 OptiFine ConnectedTextures
13:32:34 OptiFine ConnectedTextures
13:32:34 OptiFine ConnectedTextures
13:32:34 OptiFine ConnectedTextures
13:32:34 OptiFine ConnectedTextures
13:32:34 OptiFine ConnectedTextures
13:32:34 OptiFine ConnectedTextures
13:32:38 AsmHelper Transforming
13:32:51 AsmHelper Transforming
13:32:51 AsmHelper Applying AsmWriter
13:33:51 Grow BufferBuilder buffer
13:33:51 Grow BufferBuilder buffer
13:33:51 Grow BufferBuilder buffer
13:33:51 Grow BufferBuilder buffer
13:33:51 Grow BufferBuilder buffer
13:33:51 Grow BufferBuilder buffer
13:33:51 Grow BufferBuilder buffer
13:33:51 Grow BufferBuilder buffer
13:33:51 Grow BufferBuilder buffer
13:33:51 Grow BufferBuilder buffer
13:33:51 Grow BufferBuilder buffer
13:33:51 Grow BufferBuilder buffer
13:33:51 Grow BufferBuilder buffer
13:33:53 Grow BufferBuilder buffer
13:33:55 Grow BufferBuilder buffer
13:33:55 Grow BufferBuilder buffer
13:33:55 Grow BufferBuilder buffer
13:33:55 Grow BufferBuilder buffer
13:33:55 Grow BufferBuilder buffer
13:33:55 Grow BufferBuilder buffer
13:33:55 Grow BufferBuilder buffer
13:33:55 Grow BufferBuilder buffer
13:33:55 Grow BufferBuilder buffer
13:33:55 Grow BufferBuilder buffer
13:33:55 Grow BufferBuilder buffer
13:33:55 Grow BufferBuilder buffer
13:33:55 Grow BufferBuilder buffer
13:33:55 Grow BufferBuilder buffer
13:33:55 Grow BufferBuilder buffer
13:33:55 Grow BufferBuilder buffer
13:33:56 Grow BufferBuilder buffer
13:33:56 Grow BufferBuilder buffer
13:33:56 Grow BufferBuilder buffer
13:33:56 Grow BufferBuilder buffer
13:33:56 Grow BufferBuilder buffer
13:33:58 Grow BufferBuilder buffer
13:33:58 Grow BufferBuilder buffer
13:33:58 Grow BufferBuilder buffer
13:33:58 Grow BufferBuilder buffer
13:33:58 Grow BufferBuilder buffer
13:33:58 Grow BufferBuilder buffer
13:33:58 Grow BufferBuilder buffer
13:34:01 Grow BufferBuilder buffer
13:34:01 Grow BufferBuilder buffer
13:34:01 Grow BufferBuilder buffer
13:34:01 Grow BufferBuilder buffer
13:34:01 Grow BufferBuilder buffer
13:34:01 Grow BufferBuilder buffer
13:34:01 Grow BufferBuilder buffer
13:34:01 Grow BufferBuilder buffer
13:34:02 Grow BufferBuilder buffer
13:34:02 Grow BufferBuilder buffer
13:34:02 Grow BufferBuilder buffer
13:34:02 Grow BufferBuilder buffer
13:34:02 Grow BufferBuilder buffer
13:34:02 Grow BufferBuilder buffer
13:34:02 Grow BufferBuilder buffer
13:34:02 Grow BufferBuilder buffer
13:34:02 Grow BufferBuilder buffer
13:34:02 Grow BufferBuilder buffer
13:34:02 Grow BufferBuilder buffer
13:34:02 Grow BufferBuilder buffer
13:34:03 Grow BufferBuilder buffer
13:34:07 Grow BufferBuilder buffer
13:34:07 Grow BufferBuilder buffer
13:34:07 Grow BufferBuilder buffer
13:34:24 Grow BufferBuilder buffer
13:34:24 Grow BufferBuilder buffer
13:34:24 Grow BufferBuilder buffer
13:34:24 Grow BufferBuilder buffer
13:34:24 Grow BufferBuilder buffer
13:34:24 Grow BufferBuilder buffer
13:34:24 Grow BufferBuilder buffer
13:34:25 Grow BufferBuilder buffer
13:34:25 Grow BufferBuilder buffer
13:34:25 Grow BufferBuilder buffer
13:34:25 Grow BufferBuilder buffer
13:34:46 Grow BufferBuilder buffer
13:34:46 Grow BufferBuilder buffer
13:34:46 Grow BufferBuilder buffer
13:34:46 Grow BufferBuilder buffer
13:34:46 Grow BufferBuilder buffer
13:34:46 Grow BufferBuilder buffer
13:34:46 Grow BufferBuilder buffer
13:34:46 Grow BufferBuilder buffer
13:34:46 Grow BufferBuilder buffer
13:34:51 Grow BufferBuilder buffer
13:34:52 Grow BufferBuilder buffer
13:34:52 Grow BufferBuilder buffer
13:34:52 Grow BufferBuilder buffer
13:34:53 Grow BufferBuilder buffer
13:34:53 Grow BufferBuilder buffer
13:34:53 Grow BufferBuilder buffer
13:34:53 Grow BufferBuilder buffer
13:34:53 Grow BufferBuilder buffer
13:34:53 Grow BufferBuilder buffer
13:34:59 Grow BufferBuilder buffer
13:34:59 Grow BufferBuilder buffer
13:34:59 Grow BufferBuilder buffer
13:35:01 Grow BufferBuilder buffer
13:35:01 Grow BufferBuilder buffer
13:35:02 Grow BufferBuilder buffer
13:35:02 Grow BufferBuilder buffer
13:35:02 Grow BufferBuilder buffer
13:35:02 Grow BufferBuilder buffer
13:35:02 Grow BufferBuilder buffer
13:35:02 Grow BufferBuilder buffer
13:35:02 Grow BufferBuilder buffer
13:35:02 Grow BufferBuilder buffer
13:35:03 Grow BufferBuilder buffer
13:35:03 Grow BufferBuilder buffer
13:35:03 Grow BufferBuilder buffer
13:35:03 Grow BufferBuilder buffer
13:35:03 Grow BufferBuilder buffer
13:35:03 Grow BufferBuilder buffer
13:35:03 Grow BufferBuilder buffer
13:35:03 Grow BufferBuilder buffer
13:35:03 Grow BufferBuilder buffer
13:35:03 Grow BufferBuilder buffer
13:35:03 Grow BufferBuilder buffer
13:35:04 Grow BufferBuilder buffer
13:35:04 Grow BufferBuilder buffer
13:35:05 Grow BufferBuilder buffer
13:35:05 Grow BufferBuilder buffer
13:35:05 Grow BufferBuilder buffer
13:35:05 Grow BufferBuilder buffer
13:35:05 Grow BufferBuilder buffer
13:35:07 Grow BufferBuilder buffer
13:35:07 Grow BufferBuilder buffer
13:35:07 Grow BufferBuilder buffer
13:35:07 Grow BufferBuilder buffer
13:35:18 Grow BufferBuilder buffer
13:35:18 Grow BufferBuilder buffer
13:35:20 Grow BufferBuilder buffer
13:35:20 Grow BufferBuilder buffer
13:35:20 Grow BufferBuilder buffer
13:35:20 Grow BufferBuilder buffer
13:35:20 Grow BufferBuilder buffer
13:35:21 Grow BufferBuilder buffer
13:35:21 Grow BufferBuilder buffer
13:35:21 Grow BufferBuilder buffer
13:35:21 Grow BufferBuilder buffer
13:35:21 Grow BufferBuilder buffer
13:35:22 Grow BufferBuilder buffer
13:35:22 Grow BufferBuilder buffer
13:35:22 Grow BufferBuilder buffer
13:35:22 Grow BufferBuilder buffer
13:35:22 Grow BufferBuilder buffer
13:35:22 Grow BufferBuilder buffer
13:35:23 Grow BufferBuilder buffer
13:35:23 Grow BufferBuilder buffer
13:35:23 Grow BufferBuilder buffer
13:35:23 Grow BufferBuilder buffer
13:35:26 Grow BufferBuilder buffer
13:35:26 Grow BufferBuilder buffer
13:35:26 Grow BufferBuilder buffer
13:35:26 Grow BufferBuilder buffer
13:35:27 Grow BufferBuilder buffer
13:35:28 Grow BufferBuilder buffer
13:35:32 Grow BufferBuilder buffer
13:35:35 Grow BufferBuilder buffer
13:35:35 Grow BufferBuilder buffer
13:35:35 Grow BufferBuilder buffer
13:35:50 Grow BufferBuilder buffer
13:36:05 Grow BufferBuilder buffer
14:39:28 Biome ID bounds
14:39:28 Biome ID bounds
14:39:28 Biome ID bounds
14:39:28 Biome ID bounds
14:39:28 Biome ID bounds
14:39:28 Biome ID bounds
14:39:28 Biome ID bounds
14:53:18 Grow BufferBuilder buffer
15:34:16 Grow BufferBuilder buffer
15:46:43 Grow BufferBuilder buffer
15:46:43 Grow BufferBuilder buffer
15:58:31 Grow BufferBuilder buffer
16:21:56 Grow BufferBuilder buffer
16:46:39 Grow BufferBuilder buffer
16:53:13 Grow BufferBuilder buffer
16:53:59 Grow BufferBuilder buffer
16:55:17 Grow BufferBuilder buffer
16:55:31 Grow BufferBuilder buffer
17:07:49 Biome ID bounds
17:07:49 Biome ID bounds
17:07:49 Biome ID bounds
17:07:49 Biome ID bounds
17:40:55 Biome ID bounds
17:40:55 Biome ID bounds
17:40:55 Biome ID bounds
18:18:19 Biome ID bounds
18:18:19 Biome ID bounds
21:22:54 Biome ID bounds
21:22:54 Biome ID bounds
21:22:54 Biome ID bounds
21:28:18 Biome ID bounds
21:28:18 Biome ID bounds
