23:57:25 Trying to load config from config\skyhanni\config.json
23:57:25 load-config-now
23:57:26 Loaded config from file
23:57:26 Trying to load sacks from config\skyhanni\sacks.json
23:57:26 load-sacks-now
23:57:26 Loaded sacks from file
23:57:26 Trying to load friends from config\skyhanni\friends.json
23:57:26 load-friends-now
23:57:26 Loaded friends from file
23:57:26 Trying to load known_features from config\skyhanni\known_features.json
23:57:26 load-known_features-now
23:57:26 Loaded known_features from file
23:57:26 Trying to load jacob_contests from config\skyhanni\jacob_contests.json
23:57:26 load-jacob_contests-now
23:57:26 Loaded jacob_contests from file
23:57:26 Trying to load visual_words from config\skyhanni\visual_words.json
23:57:26 Setting visual_words to be blank as it did not exist. It will be saved once something is written to it
23:57:47 saveConfig: Updated known feature flags
23:57:47 Saving known_features file
23:58:26 saveConfig: auto-save-60s
23:58:26 Saving config file
23:59:26 saveConfig: auto-save-60s
23:59:26 Saving config file
00:00:26 saveConfig: auto-save-60s
00:00:26 Saving config file
00:01:26 saveConfig: auto-save-60s
00:01:26 Saving config file
00:02:26 saveConfig: auto-save-60s
00:02:26 Saving config file
00:03:26 saveConfig: auto-save-60s
00:03:26 Saving config file
00:04:03 saveConfig: saving-data
00:04:03 Saving sacks file
00:04:26 saveConfig: auto-save-60s
00:04:26 Saving config file
00:04:40 saveConfig: saving-data
00:04:40 Saving sacks file
00:05:11 saveConfig: saving-data
00:05:11 Saving sacks file
00:05:18 saveConfig: saving-data
00:05:18 Saving sacks file
00:05:26 saveConfig: auto-save-60s
00:05:26 Saving config file
00:05:49 saveConfig: saving-data
00:05:49 Saving sacks file
00:06:20 saveConfig: saving-data
00:06:20 Saving sacks file
00:06:26 saveConfig: auto-save-60s
00:06:26 Saving config file
00:06:51 saveConfig: saving-data
00:06:51 Saving sacks file
00:07:22 saveConfig: saving-data
00:07:22 Saving sacks file
00:07:26 saveConfig: auto-save-60s
00:07:26 Saving config file
00:07:53 saveConfig: saving-data
00:07:53 Saving sacks file
00:08:00 saveConfig: saving-data
00:08:00 Saving sacks file
00:08:26 saveConfig: auto-save-60s
00:08:26 Saving config file
00:08:37 saveConfig: saving-data
00:08:37 Saving sacks file
00:09:08 saveConfig: saving-data
00:09:08 Saving sacks file
00:09:26 saveConfig: auto-save-60s
00:09:26 Saving config file
00:09:39 saveConfig: saving-data
00:09:39 Saving sacks file
00:10:10 saveConfig: saving-data
00:10:10 Saving sacks file
00:10:26 saveConfig: auto-save-60s
00:10:26 Saving config file
00:10:41 saveConfig: saving-data
00:10:41 Saving sacks file
00:11:12 saveConfig: saving-data
00:11:12 Saving sacks file
00:11:26 saveConfig: auto-save-60s
00:11:26 Saving config file
00:11:43 saveConfig: saving-data
00:11:43 Saving sacks file
00:12:14 saveConfig: saving-data
00:12:14 Saving sacks file
00:12:26 saveConfig: auto-save-60s
00:12:26 Saving config file
00:12:45 saveConfig: saving-data
00:12:45 Saving sacks file
00:13:17 saveConfig: saving-data
00:13:17 Saving sacks file
00:13:26 saveConfig: auto-save-60s
00:13:26 Saving config file
00:13:48 saveConfig: saving-data
00:13:48 Saving sacks file
00:14:04 saveConfig: saving-data
00:14:04 Saving sacks file
00:14:26 saveConfig: auto-save-60s
00:14:26 Saving config file
00:14:38 saveConfig: saving-data
00:14:38 Saving sacks file
00:15:09 saveConfig: saving-data
00:15:09 Saving sacks file
00:15:20 saveConfig: saving-data
00:15:20 Saving sacks file
00:15:26 saveConfig: auto-save-60s
00:15:26 Saving config file
00:15:44 saveConfig: saving-data
00:15:44 Saving sacks file
00:16:20 saveConfig: saving-data
00:16:20 Saving sacks file
00:16:26 saveConfig: auto-save-60s
00:16:26 Saving config file
00:16:51 saveConfig: saving-data
00:16:51 Saving sacks file
00:17:26 saveConfig: auto-save-60s
00:17:26 Saving config file
00:17:40 saveConfig: saving-data
00:17:40 Saving sacks file
00:18:11 saveConfig: saving-data
00:18:11 Saving sacks file
00:18:26 saveConfig: auto-save-60s
00:18:26 Saving config file
00:18:42 saveConfig: saving-data
00:18:42 Saving sacks file
00:19:13 saveConfig: saving-data
00:19:13 Saving sacks file
00:19:26 saveConfig: auto-save-60s
00:19:26 Saving config file
00:19:33 saveConfig: saving-data
00:19:33 Saving sacks file
00:19:43 saveConfig: saving-data
00:19:43 Saving sacks file
00:20:26 saveConfig: auto-save-60s
00:20:26 Saving config file
00:21:26 saveConfig: auto-save-60s
00:21:26 Saving config file
00:22:13 saveConfig: saving-data
00:22:13 Saving sacks file
00:22:26 saveConfig: auto-save-60s
00:22:26 Saving config file
00:23:26 saveConfig: auto-save-60s
00:23:26 Saving config file
00:24:26 saveConfig: auto-save-60s
00:24:26 Saving config file
00:25:26 saveConfig: auto-save-60s
00:25:26 Saving config file
00:26:26 saveConfig: auto-save-60s
00:26:26 Saving config file
00:27:26 saveConfig: auto-save-60s
00:27:26 Saving config file
00:28:26 saveConfig: auto-save-60s
00:28:26 Saving config file
00:29:26 saveConfig: auto-save-60s
00:29:26 Saving config file
00:30:16 saveConfig: saving-data
00:30:16 Saving sacks file
00:30:26 saveConfig: auto-save-60s
00:30:26 Saving config file
00:31:26 saveConfig: auto-save-60s
00:31:26 Saving config file
00:32:26 saveConfig: auto-save-60s
00:32:26 Saving config file
00:33:26 saveConfig: auto-save-60s
00:33:26 Saving config file
00:34:26 saveConfig: auto-save-60s
00:34:26 Saving config file
00:35:26 saveConfig: auto-save-60s
00:35:26 Saving config file
00:36:26 saveConfig: auto-save-60s
00:36:26 Saving config file
00:37:26 saveConfig: auto-save-60s
00:37:26 Saving config file
00:38:26 saveConfig: auto-save-60s
00:38:26 Saving config file
00:39:26 saveConfig: auto-save-60s
00:39:26 Saving config file
00:40:26 saveConfig: auto-save-60s
00:40:26 Saving config file
00:41:26 saveConfig: auto-save-60s
00:41:26 Saving config file
00:42:26 saveConfig: auto-save-60s
00:42:26 Saving config file
00:43:26 saveConfig: auto-save-60s
00:43:26 Saving config file
00:44:26 saveConfig: auto-save-60s
00:44:26 Saving config file
00:45:26 saveConfig: auto-save-60s
00:45:26 Saving config file
00:46:26 saveConfig: auto-save-60s
00:46:26 Saving config file
00:47:26 saveConfig: auto-save-60s
00:47:26 Saving config file
00:48:26 saveConfig: auto-save-60s
00:48:26 Saving config file
00:49:26 saveConfig: auto-save-60s
00:49:26 Saving config file
00:50:26 saveConfig: auto-save-60s
00:50:26 Saving config file
00:51:26 saveConfig: auto-save-60s
00:51:26 Saving config file
00:52:26 saveConfig: auto-save-60s
00:52:26 Saving config file
00:53:26 saveConfig: auto-save-60s
00:53:26 Saving config file
00:54:26 saveConfig: auto-save-60s
00:54:26 Saving config file
00:55:26 saveConfig: auto-save-60s
00:55:26 Saving config file
00:56:26 saveConfig: auto-save-60s
00:56:26 Saving config file
00:57:16 saveConfig: saving-data
00:57:16 Saving sacks file
00:57:26 saveConfig: auto-save-60s
00:57:26 Saving config file
00:58:26 saveConfig: auto-save-60s
00:58:26 Saving config file
00:59:26 saveConfig: auto-save-60s
00:59:26 Saving config file
01:00:26 saveConfig: auto-save-60s
01:00:26 Saving config file
01:01:26 saveConfig: auto-save-60s
01:01:26 Saving config file
01:02:26 saveConfig: auto-save-60s
01:02:26 Saving config file
01:03:26 saveConfig: auto-save-60s
01:03:26 Saving config file
01:04:26 saveConfig: auto-save-60s
01:04:26 Saving config file
01:05:26 saveConfig: auto-save-60s
01:05:26 Saving config file
01:06:26 saveConfig: auto-save-60s
01:06:26 Saving config file
01:07:26 saveConfig: auto-save-60s
01:07:26 Saving config file
01:08:26 saveConfig: auto-save-60s
01:08:26 Saving config file
01:09:26 saveConfig: auto-save-60s
01:09:26 Saving config file
01:10:26 saveConfig: auto-save-60s
01:10:26 Saving config file
01:11:26 saveConfig: auto-save-60s
01:11:26 Saving config file
01:12:26 saveConfig: auto-save-60s
01:12:26 Saving config file
01:13:26 saveConfig: auto-save-60s
01:13:26 Saving config file
01:14:26 saveConfig: auto-save-60s
01:14:26 Saving config file
01:15:26 saveConfig: auto-save-60s
01:15:26 Saving config file
01:16:26 saveConfig: auto-save-60s
01:16:26 Saving config file
01:17:26 saveConfig: auto-save-60s
01:17:26 Saving config file
01:18:26 saveConfig: auto-save-60s
01:18:26 Saving config file
01:19:14 saveConfig: shutdown-hook
01:19:14 Saving config file
