22:00:50 Trying to load config from config\skyhanni\config.json
22:00:50 load-config-now
22:00:50 Loaded config from file
22:00:50 Trying to load sacks from config\skyhanni\sacks.json
22:00:50 load-sacks-now
22:00:50 Loaded sacks from file
22:00:50 Trying to load friends from config\skyhanni\friends.json
22:00:50 load-friends-now
22:00:50 Loaded friends from file
22:00:50 Trying to load known_features from config\skyhanni\known_features.json
22:00:50 load-known_features-now
22:00:50 Loaded known_features from file
22:00:50 Trying to load jacob_contests from config\skyhanni\jacob_contests.json
22:00:50 load-jacob_contests-now
22:00:50 Loaded jacob_contests from file
22:00:50 Trying to load visual_words from config\skyhanni\visual_words.json
22:00:50 Setting visual_words to be blank as it did not exist. It will be saved once something is written to it
22:01:17 saveConfig: Updated known feature flags
22:01:17 Saving known_features file
22:01:20 saveConfig: Save file
22:01:20 Saving friends file
22:01:50 saveConfig: auto-save-60s
22:01:50 Saving config file
22:02:38 saveConfig: saving-data
22:02:38 Saving sacks file
22:02:48 saveConfig: saving-data
22:02:48 Saving sacks file
22:02:50 saveConfig: auto-save-60s
22:02:50 Saving config file
22:03:07 saveConfig: saving-data
22:03:07 Saving sacks file
22:03:26 saveConfig: saving-data
22:03:26 Saving sacks file
22:03:50 saveConfig: auto-save-60s
22:03:50 Saving config file
22:04:50 saveConfig: auto-save-60s
22:04:50 Saving config file
22:05:03 saveConfig: saving-data
22:05:03 Saving sacks file
22:05:17 saveConfig: saving-data
22:05:17 Saving sacks file
22:05:34 saveConfig: saving-data
22:05:34 Saving sacks file
22:05:49 saveConfig: saving-data
22:05:49 Saving sacks file
22:05:50 saveConfig: auto-save-60s
22:05:50 Saving config file
22:05:58 saveConfig: saving-data
22:05:58 Saving sacks file
22:06:04 saveConfig: saving-data
22:06:04 Saving sacks file
22:06:29 saveConfig: saving-data
22:06:29 Saving sacks file
22:06:37 saveConfig: saving-data
22:06:37 Saving sacks file
22:06:50 saveConfig: auto-save-60s
22:06:50 Saving config file
22:07:50 saveConfig: auto-save-60s
22:07:50 Saving config file
22:08:50 saveConfig: auto-save-60s
22:08:50 Saving config file
22:09:50 saveConfig: auto-save-60s
22:09:50 Saving config file
22:10:50 saveConfig: auto-save-60s
22:10:50 Saving config file
22:11:50 saveConfig: auto-save-60s
22:11:50 Saving config file
22:12:50 saveConfig: auto-save-60s
22:12:50 Saving config file
22:13:50 saveConfig: auto-save-60s
22:13:50 Saving config file
22:14:50 saveConfig: auto-save-60s
22:14:50 Saving config file
22:15:50 saveConfig: auto-save-60s
22:15:50 Saving config file
22:16:50 saveConfig: auto-save-60s
22:16:50 Saving config file
22:17:50 saveConfig: auto-save-60s
22:17:50 Saving config file
22:18:50 saveConfig: auto-save-60s
22:18:50 Saving config file
22:19:50 saveConfig: auto-save-60s
22:19:50 Saving config file
22:20:50 saveConfig: auto-save-60s
22:20:50 Saving config file
22:21:35 saveConfig: shutdown-hook
22:21:35 Saving config file
