11:01:08 OptiFine ConnectedTextures
11:01:08 OptiFine ConnectedTextures
11:01:08 OptiFine ConnectedTextures
11:01:08 OptiFine ConnectedTextures
11:01:08 OptiFine ConnectedTextures
11:01:08 OptiFine ConnectedTextures
11:01:08 OptiFine ConnectedTextures
11:01:08 OptiFine ConnectedTextures
11:01:08 OptiFine ConnectedTextures
11:01:08 OptiFine ConnectedTextures
11:01:08 OptiFine ConnectedTextures
11:01:08 OptiFine ConnectedTextures
11:01:08 OptiFine ConnectedTextures
11:01:08 OptiFine ConnectedTextures
11:01:08 OptiFine ConnectedTextures
11:01:08 OptiFine ConnectedTextures
11:01:08 OptiFine ConnectedTextures
11:01:08 OptiFine ConnectedTextures
11:01:08 OptiFine ConnectedTextures
11:01:08 OptiFine ConnectedTextures
11:01:08 OptiFine ConnectedTextures
11:01:08 OptiFine ConnectedTextures
11:01:08 OptiFine ConnectedTextures
11:01:08 OptiFine ConnectedTextures
11:01:08 OptiFine ConnectedTextures
11:01:08 OptiFine ConnectedTextures
11:01:08 OptiFine ConnectedTextures
11:01:08 OptiFine ConnectedTextures
11:01:08 OptiFine ConnectedTextures
11:01:08 OptiFine ConnectedTextures
11:01:08 OptiFine ConnectedTextures
11:01:08 OptiFine ConnectedTextures
11:01:08 OptiFine ConnectedTextures
11:01:08 OptiFine ConnectedTextures
11:01:08 OptiFine ConnectedTextures
11:01:08 OptiFine ConnectedTextures
11:01:08 OptiFine ConnectedTextures
11:01:08 OptiFine ConnectedTextures
11:01:08 OptiFine ConnectedTextures
11:01:08 OptiFine ConnectedTextures
11:01:08 OptiFine ConnectedTextures
11:01:08 OptiFine ConnectedTextures
11:01:08 OptiFine ConnectedTextures
11:01:08 OptiFine ConnectedTextures
11:01:08 OptiFine ConnectedTextures
11:01:08 OptiFine ConnectedTextures
11:01:08 OptiFine ConnectedTextures
11:01:08 OptiFine ConnectedTextures
11:01:08 OptiFine ConnectedTextures
11:01:08 OptiFine ConnectedTextures
11:01:08 OptiFine ConnectedTextures
11:01:08 OptiFine ConnectedTextures
11:01:08 OptiFine ConnectedTextures
11:01:08 OptiFine ConnectedTextures
11:01:08 OptiFine ConnectedTextures
11:01:08 OptiFine ConnectedTextures
11:01:08 OptiFine ConnectedTextures
11:01:08 OptiFine ConnectedTextures
11:01:08 OptiFine ConnectedTextures
11:01:08 OptiFine ConnectedTextures
11:01:08 OptiFine ConnectedTextures
11:01:11 AsmHelper Transforming
11:01:21 AsmHelper Transforming
11:01:21 AsmHelper Applying AsmWriter
11:02:39 Grow BufferBuilder buffer
11:02:39 Grow BufferBuilder buffer
11:02:39 Grow BufferBuilder buffer
11:02:39 Grow BufferBuilder buffer
11:02:39 Grow BufferBuilder buffer
11:02:39 Grow BufferBuilder buffer
11:02:39 Grow BufferBuilder buffer
11:02:39 Grow BufferBuilder buffer
11:02:39 Grow BufferBuilder buffer
11:02:39 Grow BufferBuilder buffer
11:02:39 Grow BufferBuilder buffer
11:02:40 Grow BufferBuilder buffer
11:02:40 Grow BufferBuilder buffer
11:02:40 Grow BufferBuilder buffer
11:02:40 Grow BufferBuilder buffer
11:02:40 Grow BufferBuilder buffer
11:02:41 Grow BufferBuilder buffer
11:02:41 Grow BufferBuilder buffer
11:02:41 Grow BufferBuilder buffer
11:02:41 Grow BufferBuilder buffer
11:02:41 Grow BufferBuilder buffer
11:02:41 Grow BufferBuilder buffer
11:02:41 Grow BufferBuilder buffer
11:02:41 Grow BufferBuilder buffer
11:02:41 Grow BufferBuilder buffer
11:02:41 Grow BufferBuilder buffer
11:02:41 Grow BufferBuilder buffer
11:02:45 Grow BufferBuilder buffer
11:02:46 Grow BufferBuilder buffer
11:02:46 Grow BufferBuilder buffer
11:02:46 Grow BufferBuilder buffer
11:02:46 Grow BufferBuilder buffer
11:02:46 Grow BufferBuilder buffer
11:02:46 Grow BufferBuilder buffer
11:02:46 Grow BufferBuilder buffer
11:02:46 Grow BufferBuilder buffer
11:02:46 Grow BufferBuilder buffer
11:02:46 Grow BufferBuilder buffer
11:02:46 Grow BufferBuilder buffer
11:02:46 Grow BufferBuilder buffer
11:02:46 Grow BufferBuilder buffer
11:02:47 Grow BufferBuilder buffer
11:02:47 Grow BufferBuilder buffer
11:02:47 Grow BufferBuilder buffer
11:02:47 Grow BufferBuilder buffer
11:02:50 Grow BufferBuilder buffer
11:02:51 Grow BufferBuilder buffer
11:02:51 Grow BufferBuilder buffer
11:03:03 Grow BufferBuilder buffer
11:03:03 Grow BufferBuilder buffer
11:03:03 Grow BufferBuilder buffer
11:03:03 Grow BufferBuilder buffer
11:03:03 Grow BufferBuilder buffer
11:03:03 Grow BufferBuilder buffer
11:03:03 Grow BufferBuilder buffer
11:03:03 Grow BufferBuilder buffer
11:03:03 Grow BufferBuilder buffer
11:03:03 Grow BufferBuilder buffer
11:03:03 Grow BufferBuilder buffer
11:03:03 Grow BufferBuilder buffer
11:03:03 Grow BufferBuilder buffer
11:03:03 Grow BufferBuilder buffer
11:03:03 Grow BufferBuilder buffer
11:03:03 Grow BufferBuilder buffer
11:03:03 Grow BufferBuilder buffer
11:03:03 Grow BufferBuilder buffer
11:03:04 Grow BufferBuilder buffer
11:03:04 Grow BufferBuilder buffer
11:03:04 Grow BufferBuilder buffer
11:03:04 Grow BufferBuilder buffer
11:03:16 Grow BufferBuilder buffer
11:03:16 Grow BufferBuilder buffer
11:03:16 Grow BufferBuilder buffer
11:03:16 Grow BufferBuilder buffer
11:03:16 Grow BufferBuilder buffer
11:03:16 Grow BufferBuilder buffer
11:03:16 Grow BufferBuilder buffer
11:03:16 Grow BufferBuilder buffer
11:03:16 Grow BufferBuilder buffer
11:03:17 Grow BufferBuilder buffer
11:03:17 Grow BufferBuilder buffer
11:03:17 Grow BufferBuilder buffer
11:03:17 Grow BufferBuilder buffer
11:03:17 Grow BufferBuilder buffer
11:08:02 Grow BufferBuilder buffer
11:08:02 Grow BufferBuilder buffer
11:08:04 Grow BufferBuilder buffer
11:08:04 Grow BufferBuilder buffer
11:08:04 Grow BufferBuilder buffer
11:08:04 Grow BufferBuilder buffer
11:08:04 Grow BufferBuilder buffer
11:08:04 Grow BufferBuilder buffer
11:08:04 Grow BufferBuilder buffer
11:08:04 Grow BufferBuilder buffer
11:08:04 Grow BufferBuilder buffer
11:08:21 Grow BufferBuilder buffer
11:08:25 Grow BufferBuilder buffer
11:08:25 Grow BufferBuilder buffer
11:08:25 Grow BufferBuilder buffer
11:08:25 Grow BufferBuilder buffer
11:08:25 Grow BufferBuilder buffer
11:08:25 Grow BufferBuilder buffer
11:08:25 Grow BufferBuilder buffer
11:08:26 Grow BufferBuilder buffer
11:08:26 Grow BufferBuilder buffer
11:08:26 Grow BufferBuilder buffer
11:08:38 Grow BufferBuilder buffer
11:08:38 Grow BufferBuilder buffer
11:08:38 Grow BufferBuilder buffer
11:08:38 Grow BufferBuilder buffer
11:08:48 Grow BufferBuilder buffer
11:08:59 Grow BufferBuilder buffer
11:09:01 Grow BufferBuilder buffer
11:09:02 Grow BufferBuilder buffer
11:09:02 Grow BufferBuilder buffer
11:09:04 Grow BufferBuilder buffer
11:09:08 Grow BufferBuilder buffer
11:09:09 Grow BufferBuilder buffer
11:09:09 Grow BufferBuilder buffer
11:09:09 Grow BufferBuilder buffer
11:09:09 Grow BufferBuilder buffer
11:09:09 Grow BufferBuilder buffer
11:09:09 Grow BufferBuilder buffer
11:09:09 Grow BufferBuilder buffer
11:09:10 Grow BufferBuilder buffer
11:09:10 Grow BufferBuilder buffer
11:09:10 Grow BufferBuilder buffer
11:09:10 Grow BufferBuilder buffer
11:09:10 Grow BufferBuilder buffer
11:09:10 Grow BufferBuilder buffer
11:10:50 Grow BufferBuilder buffer
11:10:51 Grow BufferBuilder buffer
11:10:51 Grow BufferBuilder buffer
11:10:51 Grow BufferBuilder buffer
11:10:52 Grow BufferBuilder buffer
11:10:52 Grow BufferBuilder buffer
11:10:52 Grow BufferBuilder buffer
11:10:52 Grow BufferBuilder buffer
11:10:54 Grow BufferBuilder buffer
11:10:54 Grow BufferBuilder buffer
11:11:40 Grow BufferBuilder buffer
11:11:40 Grow BufferBuilder buffer
11:11:40 Grow BufferBuilder buffer
11:11:41 Grow BufferBuilder buffer
11:11:41 Grow BufferBuilder buffer
11:11:41 Grow BufferBuilder buffer
11:11:41 Grow BufferBuilder buffer
11:11:41 Grow BufferBuilder buffer
11:11:41 Grow BufferBuilder buffer
11:11:41 Grow BufferBuilder buffer
11:11:42 Grow BufferBuilder buffer
11:11:42 Grow BufferBuilder buffer
11:11:42 Grow BufferBuilder buffer
11:11:42 Grow BufferBuilder buffer
11:11:42 Grow BufferBuilder buffer
11:11:43 Grow BufferBuilder buffer
11:11:44 Grow BufferBuilder buffer
11:11:45 Grow BufferBuilder buffer
11:11:46 Grow BufferBuilder buffer
11:11:46 Grow BufferBuilder buffer
11:11:46 Grow BufferBuilder buffer
11:11:48 Grow BufferBuilder buffer
11:11:49 Grow BufferBuilder buffer
11:11:53 Grow BufferBuilder buffer
11:11:59 Grow BufferBuilder buffer
11:12:05 Grow BufferBuilder buffer
11:12:05 Grow BufferBuilder buffer
11:12:07 Grow BufferBuilder buffer
11:12:07 Grow BufferBuilder buffer
11:12:07 Grow BufferBuilder buffer
11:12:08 Grow BufferBuilder buffer
11:12:08 Grow BufferBuilder buffer
11:12:15 Grow BufferBuilder buffer
11:12:23 Grow BufferBuilder buffer
11:12:56 Grow BufferBuilder buffer
11:15:19 Grow BufferBuilder buffer
11:15:21 Grow BufferBuilder buffer
12:48:20 Biome ID bounds
12:48:20 Biome ID bounds
12:48:20 Biome ID bounds
12:48:20 Biome ID bounds
12:48:20 Biome ID bounds
12:48:20 Biome ID bounds
12:48:20 Biome ID bounds
12:48:20 Biome ID bounds
12:48:20 Biome ID bounds
12:48:20 Biome ID bounds
12:48:20 Biome ID bounds
12:48:20 Biome ID bounds
12:48:20 Biome ID bounds
12:48:20 Biome ID bounds
12:48:20 Biome ID bounds
12:48:20 Biome ID bounds
12:48:20 Biome ID bounds
12:48:20 Biome ID bounds
12:48:20 Biome ID bounds
12:48:20 Biome ID bounds
12:48:20 Biome ID bounds
12:48:20 Biome ID bounds
12:48:20 Biome ID bounds
12:48:20 Biome ID bounds
12:48:20 Biome ID bounds
12:48:20 Biome ID bounds
12:48:20 Biome ID bounds
12:48:20 Biome ID bounds
12:48:20 Biome ID bounds
12:48:20 Biome ID bounds
12:48:20 Biome ID bounds
12:48:20 Biome ID bounds
12:48:20 Biome ID bounds
12:48:20 Biome ID bounds
12:48:20 Biome ID bounds
12:48:20 Biome ID bounds
12:48:20 Biome ID bounds
12:48:20 Biome ID bounds
12:48:20 Biome ID bounds
12:48:20 Biome ID bounds
12:48:20 Biome ID bounds
12:48:20 Biome ID bounds
12:48:20 Biome ID bounds
12:48:20 Biome ID bounds
12:48:20 Biome ID bounds
12:48:20 Biome ID bounds
12:48:20 Biome ID bounds
12:48:20 Biome ID bounds
12:48:20 Biome ID bounds
12:48:20 Biome ID bounds
12:48:20 Biome ID bounds
12:48:20 Biome ID bounds
12:48:20 Biome ID bounds
12:48:20 Biome ID bounds
12:48:20 Biome ID bounds
12:48:20 Biome ID bounds
12:48:20 Biome ID bounds
12:48:20 Biome ID bounds
12:48:20 Biome ID bounds
12:48:20 Biome ID bounds
12:48:20 Biome ID bounds
