10:40:41 OptiFine ConnectedTextures
10:40:41 OptiFine ConnectedTextures
10:40:41 OptiFine ConnectedTextures
10:40:41 OptiFine ConnectedTextures
10:40:41 OptiFine ConnectedTextures
10:40:41 OptiFine ConnectedTextures
10:40:41 OptiFine ConnectedTextures
10:40:41 OptiFine ConnectedTextures
10:40:41 OptiFine ConnectedTextures
10:40:41 OptiFine ConnectedTextures
10:40:41 OptiFine ConnectedTextures
10:40:41 OptiFine ConnectedTextures
10:40:41 OptiFine ConnectedTextures
10:40:41 OptiFine ConnectedTextures
10:40:41 OptiFine ConnectedTextures
10:40:41 OptiFine ConnectedTextures
10:40:41 OptiFine ConnectedTextures
10:40:41 OptiFine ConnectedTextures
10:40:41 OptiFine ConnectedTextures
10:40:41 OptiFine ConnectedTextures
10:40:41 OptiFine ConnectedTextures
10:40:41 OptiFine ConnectedTextures
10:40:41 OptiFine ConnectedTextures
10:40:41 OptiFine ConnectedTextures
10:40:41 OptiFine ConnectedTextures
10:40:41 OptiFine ConnectedTextures
10:40:41 OptiFine ConnectedTextures
10:40:41 OptiFine ConnectedTextures
10:40:41 OptiFine ConnectedTextures
10:40:41 OptiFine ConnectedTextures
10:40:41 OptiFine ConnectedTextures
10:40:41 OptiFine ConnectedTextures
10:40:41 OptiFine ConnectedTextures
10:40:41 OptiFine ConnectedTextures
10:40:41 OptiFine ConnectedTextures
10:40:41 OptiFine ConnectedTextures
10:40:41 OptiFine ConnectedTextures
10:40:41 OptiFine ConnectedTextures
10:40:41 OptiFine ConnectedTextures
10:40:41 OptiFine ConnectedTextures
10:40:41 OptiFine ConnectedTextures
10:40:41 OptiFine ConnectedTextures
10:40:41 OptiFine ConnectedTextures
10:40:41 OptiFine ConnectedTextures
10:40:41 OptiFine ConnectedTextures
10:40:41 OptiFine ConnectedTextures
10:40:41 OptiFine ConnectedTextures
10:40:41 OptiFine ConnectedTextures
10:40:41 OptiFine ConnectedTextures
10:40:41 OptiFine ConnectedTextures
10:40:41 OptiFine ConnectedTextures
10:40:41 OptiFine ConnectedTextures
10:40:41 OptiFine ConnectedTextures
10:40:41 OptiFine ConnectedTextures
10:40:41 OptiFine ConnectedTextures
10:40:41 OptiFine ConnectedTextures
10:40:41 OptiFine ConnectedTextures
10:40:41 OptiFine ConnectedTextures
10:40:41 OptiFine ConnectedTextures
10:40:41 OptiFine ConnectedTextures
10:40:41 OptiFine ConnectedTextures
10:40:47 AsmHelper Transforming
10:41:38 AsmHelper Transforming
10:41:38 AsmHelper Applying AsmWriter
10:42:26 Grow BufferBuilder buffer
10:42:26 Grow BufferBuilder buffer
10:42:26 Grow BufferBuilder buffer
10:42:26 Grow BufferBuilder buffer
10:42:26 Grow BufferBuilder buffer
10:42:26 Grow BufferBuilder buffer
10:42:26 Grow BufferBuilder buffer
10:42:26 Grow BufferBuilder buffer
10:42:26 Grow BufferBuilder buffer
10:42:26 Grow BufferBuilder buffer
10:42:26 Grow BufferBuilder buffer
10:42:26 Grow BufferBuilder buffer
10:42:26 Grow BufferBuilder buffer
10:42:26 Grow BufferBuilder buffer
10:42:26 Grow BufferBuilder buffer
10:42:28 Grow BufferBuilder buffer
10:42:28 Grow BufferBuilder buffer
10:42:28 Grow BufferBuilder buffer
10:42:28 Grow BufferBuilder buffer
10:42:28 Grow BufferBuilder buffer
10:42:31 Grow BufferBuilder buffer
10:42:31 Grow BufferBuilder buffer
10:42:31 Grow BufferBuilder buffer
10:42:32 Grow BufferBuilder buffer
10:42:32 Grow BufferBuilder buffer
10:42:32 Grow BufferBuilder buffer
10:42:32 Grow BufferBuilder buffer
10:42:32 Grow BufferBuilder buffer
10:42:32 Grow BufferBuilder buffer
10:42:33 Grow BufferBuilder buffer
10:42:33 Grow BufferBuilder buffer
10:42:33 Grow BufferBuilder buffer
10:42:33 Grow BufferBuilder buffer
10:42:33 Grow BufferBuilder buffer
10:42:33 Grow BufferBuilder buffer
10:42:33 Grow BufferBuilder buffer
10:42:33 Grow BufferBuilder buffer
10:42:33 Grow BufferBuilder buffer
10:42:33 Grow BufferBuilder buffer
10:42:33 Grow BufferBuilder buffer
10:42:33 Grow BufferBuilder buffer
10:42:33 Grow BufferBuilder buffer
10:42:40 Grow BufferBuilder buffer
10:42:40 Grow BufferBuilder buffer
10:42:40 Grow BufferBuilder buffer
10:42:40 Grow BufferBuilder buffer
10:42:40 Grow BufferBuilder buffer
10:42:40 Grow BufferBuilder buffer
10:42:40 Grow BufferBuilder buffer
10:42:40 Grow BufferBuilder buffer
10:42:51 Grow BufferBuilder buffer
10:42:51 Grow BufferBuilder buffer
10:42:51 Grow BufferBuilder buffer
10:42:51 Grow BufferBuilder buffer
10:42:51 Grow BufferBuilder buffer
10:42:51 Grow BufferBuilder buffer
10:42:51 Grow BufferBuilder buffer
10:42:51 Grow BufferBuilder buffer
10:42:51 Grow BufferBuilder buffer
10:42:51 Grow BufferBuilder buffer
10:42:51 Grow BufferBuilder buffer
10:42:51 Grow BufferBuilder buffer
10:42:51 Grow BufferBuilder buffer
10:42:51 Grow BufferBuilder buffer
10:42:51 Grow BufferBuilder buffer
10:43:54 Grow BufferBuilder buffer
10:43:55 Grow BufferBuilder buffer
10:43:55 Grow BufferBuilder buffer
10:43:55 Grow BufferBuilder buffer
10:43:55 Grow BufferBuilder buffer
10:43:55 Grow BufferBuilder buffer
10:43:55 Grow BufferBuilder buffer
10:43:55 Grow BufferBuilder buffer
10:43:55 Grow BufferBuilder buffer
10:43:55 Grow BufferBuilder buffer
10:43:55 Grow BufferBuilder buffer
10:43:55 Grow BufferBuilder buffer
10:43:55 Grow BufferBuilder buffer
10:43:55 Grow BufferBuilder buffer
10:43:55 Grow BufferBuilder buffer
10:43:58 Grow BufferBuilder buffer
10:45:02 Grow BufferBuilder buffer
10:45:02 Grow BufferBuilder buffer
10:45:02 Grow BufferBuilder buffer
10:45:02 Grow BufferBuilder buffer
10:45:04 Grow BufferBuilder buffer
10:45:04 Grow BufferBuilder buffer
10:45:04 Grow BufferBuilder buffer
10:45:05 Grow BufferBuilder buffer
10:45:07 Grow BufferBuilder buffer
10:45:07 Grow BufferBuilder buffer
10:45:07 Grow BufferBuilder buffer
10:45:09 Grow BufferBuilder buffer
10:45:09 Grow BufferBuilder buffer
10:45:09 Grow BufferBuilder buffer
10:45:09 Grow BufferBuilder buffer
10:45:09 Grow BufferBuilder buffer
10:45:09 Grow BufferBuilder buffer
10:45:09 Grow BufferBuilder buffer
10:45:09 Grow BufferBuilder buffer
10:45:09 Grow BufferBuilder buffer
10:45:09 Grow BufferBuilder buffer
10:45:09 Grow BufferBuilder buffer
10:45:22 Grow BufferBuilder buffer
10:45:22 Grow BufferBuilder buffer
10:45:22 Grow BufferBuilder buffer
10:45:22 Grow BufferBuilder buffer
10:45:22 Grow BufferBuilder buffer
10:45:22 Grow BufferBuilder buffer
10:45:22 Grow BufferBuilder buffer
10:45:23 Grow BufferBuilder buffer
10:45:23 Grow BufferBuilder buffer
10:45:23 Grow BufferBuilder buffer
10:45:23 Grow BufferBuilder buffer
10:45:23 Grow BufferBuilder buffer
10:45:23 Grow BufferBuilder buffer
10:45:23 Grow BufferBuilder buffer
10:45:23 Grow BufferBuilder buffer
10:45:25 Grow BufferBuilder buffer
10:45:25 Grow BufferBuilder buffer
10:45:31 Grow BufferBuilder buffer
10:45:32 Grow BufferBuilder buffer
10:46:07 Grow BufferBuilder buffer
10:46:07 Grow BufferBuilder buffer
10:46:07 Grow BufferBuilder buffer
10:46:07 Grow BufferBuilder buffer
10:46:29 Grow BufferBuilder buffer
10:46:29 Grow BufferBuilder buffer
10:46:30 Grow BufferBuilder buffer
10:46:30 Grow BufferBuilder buffer
10:46:31 Grow BufferBuilder buffer
10:46:31 Grow BufferBuilder buffer
10:46:31 Grow BufferBuilder buffer
10:46:32 Grow BufferBuilder buffer
10:46:32 Grow BufferBuilder buffer
10:46:33 Grow BufferBuilder buffer
10:46:38 Grow BufferBuilder buffer
10:46:39 Grow BufferBuilder buffer
10:46:42 Grow BufferBuilder buffer
10:46:42 Grow BufferBuilder buffer
10:46:47 Grow BufferBuilder buffer
10:46:52 Grow BufferBuilder buffer
10:46:52 Grow BufferBuilder buffer
10:46:52 Grow BufferBuilder buffer
10:46:52 Grow BufferBuilder buffer
10:46:52 Grow BufferBuilder buffer
10:46:53 Grow BufferBuilder buffer
10:46:53 Grow BufferBuilder buffer
10:46:53 Grow BufferBuilder buffer
10:46:53 Grow BufferBuilder buffer
10:46:53 Grow BufferBuilder buffer
10:46:54 Grow BufferBuilder buffer
10:46:54 Grow BufferBuilder buffer
10:46:54 Grow BufferBuilder buffer
10:46:55 Grow BufferBuilder buffer
10:46:55 Grow BufferBuilder buffer
10:46:55 Grow BufferBuilder buffer
10:46:55 Grow BufferBuilder buffer
10:46:58 Grow BufferBuilder buffer
10:47:00 Grow BufferBuilder buffer
10:47:02 Grow BufferBuilder buffer
10:47:05 Grow BufferBuilder buffer
10:47:05 Grow BufferBuilder buffer
10:47:05 Grow BufferBuilder buffer
10:47:06 Grow BufferBuilder buffer
10:47:07 Grow BufferBuilder buffer
11:19:01 Biome ID bounds
11:19:01 Biome ID bounds
11:19:01 Biome ID bounds
11:19:01 Biome ID bounds
