13:15:35 Trying to load config from config\skyhanni\config.json
13:15:35 load-config-now
13:15:35 Loaded config from file
13:15:35 Trying to load sacks from config\skyhanni\sacks.json
13:15:35 load-sacks-now
13:15:35 Loaded sacks from file
13:15:35 Trying to load friends from config\skyhanni\friends.json
13:15:35 load-friends-now
13:15:35 Loaded friends from file
13:15:35 Trying to load known_features from config\skyhanni\known_features.json
13:15:35 load-known_features-now
13:15:35 Loaded known_features from file
13:15:35 Trying to load jacob_contests from config\skyhanni\jacob_contests.json
13:15:35 load-jacob_contests-now
13:15:35 Loaded jacob_contests from file
13:15:35 Trying to load visual_words from config\skyhanni\visual_words.json
13:15:35 Setting visual_words to be blank as it did not exist. It will be saved once something is written to it
13:15:53 saveConfig: Updated known feature flags
13:15:53 Saving known_features file
13:16:35 saveConfig: auto-save-60s
13:16:35 Saving config file
13:17:35 saveConfig: auto-save-60s
13:17:35 Saving config file
13:18:35 saveConfig: auto-save-60s
13:18:35 Saving config file
13:19:35 saveConfig: auto-save-60s
13:19:35 Saving config file
13:20:35 saveConfig: auto-save-60s
13:20:35 Saving config file
13:21:35 saveConfig: auto-save-60s
13:21:35 Saving config file
13:22:35 saveConfig: auto-save-60s
13:22:35 Saving config file
13:23:35 saveConfig: auto-save-60s
13:23:35 Saving config file
13:24:35 saveConfig: auto-save-60s
13:24:35 Saving config file
13:25:35 saveConfig: auto-save-60s
13:25:35 Saving config file
13:26:35 saveConfig: auto-save-60s
13:26:35 Saving config file
13:27:35 saveConfig: auto-save-60s
13:27:35 Saving config file
13:28:35 saveConfig: auto-save-60s
13:28:35 Saving config file
13:29:35 saveConfig: auto-save-60s
13:29:35 Saving config file
13:30:35 saveConfig: auto-save-60s
13:30:35 Saving config file
13:31:35 saveConfig: auto-save-60s
13:31:35 Saving config file
13:32:35 saveConfig: auto-save-60s
13:32:35 Saving config file
13:33:35 saveConfig: auto-save-60s
13:33:35 Saving config file
13:34:35 saveConfig: auto-save-60s
13:34:35 Saving config file
13:35:35 saveConfig: auto-save-60s
13:35:35 Saving config file
13:36:35 saveConfig: auto-save-60s
13:36:35 Saving config file
13:37:35 saveConfig: auto-save-60s
13:37:35 Saving config file
13:38:35 saveConfig: auto-save-60s
13:38:35 Saving config file
13:39:35 saveConfig: auto-save-60s
13:39:35 Saving config file
13:40:35 saveConfig: auto-save-60s
13:40:35 Saving config file
13:41:35 saveConfig: auto-save-60s
13:41:35 Saving config file
13:42:35 saveConfig: auto-save-60s
13:42:35 Saving config file
13:43:35 saveConfig: auto-save-60s
13:43:35 Saving config file
13:44:35 saveConfig: auto-save-60s
13:44:35 Saving config file
13:45:35 saveConfig: auto-save-60s
13:45:35 Saving config file
13:46:35 saveConfig: auto-save-60s
13:46:35 Saving config file
13:47:35 saveConfig: auto-save-60s
13:47:35 Saving config file
13:48:35 saveConfig: auto-save-60s
13:48:35 Saving config file
13:49:35 saveConfig: auto-save-60s
13:49:35 Saving config file
13:50:35 saveConfig: auto-save-60s
13:50:35 Saving config file
13:51:35 saveConfig: auto-save-60s
13:51:35 Saving config file
13:52:35 saveConfig: auto-save-60s
13:52:35 Saving config file
13:53:35 saveConfig: auto-save-60s
13:53:35 Saving config file
13:54:35 saveConfig: auto-save-60s
13:54:35 Saving config file
13:55:35 saveConfig: auto-save-60s
13:55:35 Saving config file
13:56:35 saveConfig: auto-save-60s
13:56:35 Saving config file
13:57:35 saveConfig: auto-save-60s
13:57:35 Saving config file
13:58:35 saveConfig: auto-save-60s
13:58:35 Saving config file
13:59:35 saveConfig: auto-save-60s
13:59:35 Saving config file
14:00:35 saveConfig: auto-save-60s
14:00:35 Saving config file
14:01:35 saveConfig: auto-save-60s
14:01:35 Saving config file
14:02:35 saveConfig: auto-save-60s
14:02:35 Saving config file
14:03:35 saveConfig: auto-save-60s
14:03:35 Saving config file
14:04:35 saveConfig: auto-save-60s
14:04:35 Saving config file
14:05:35 saveConfig: auto-save-60s
14:05:35 Saving config file
14:06:35 saveConfig: auto-save-60s
14:06:35 Saving config file
14:07:35 saveConfig: auto-save-60s
14:07:35 Saving config file
14:08:35 saveConfig: auto-save-60s
14:08:35 Saving config file
14:09:35 saveConfig: auto-save-60s
14:09:35 Saving config file
14:10:35 saveConfig: auto-save-60s
14:10:35 Saving config file
14:11:35 saveConfig: auto-save-60s
14:11:35 Saving config file
14:12:35 saveConfig: auto-save-60s
14:12:35 Saving config file
14:13:35 saveConfig: auto-save-60s
14:13:35 Saving config file
14:14:35 saveConfig: auto-save-60s
14:14:35 Saving config file
14:15:35 saveConfig: auto-save-60s
14:15:35 Saving config file
14:16:35 saveConfig: auto-save-60s
14:16:35 Saving config file
14:17:35 saveConfig: auto-save-60s
14:17:35 Saving config file
14:18:35 saveConfig: auto-save-60s
14:18:35 Saving config file
14:19:35 saveConfig: auto-save-60s
14:19:35 Saving config file
14:20:35 saveConfig: auto-save-60s
14:20:35 Saving config file
14:21:35 saveConfig: auto-save-60s
14:21:35 Saving config file
14:22:35 saveConfig: auto-save-60s
14:22:35 Saving config file
14:23:35 saveConfig: auto-save-60s
14:23:35 Saving config file
14:24:35 saveConfig: auto-save-60s
14:24:35 Saving config file
14:25:35 saveConfig: auto-save-60s
14:25:35 Saving config file
14:26:35 saveConfig: auto-save-60s
14:26:35 Saving config file
14:27:35 saveConfig: auto-save-60s
14:27:35 Saving config file
14:28:23 saveConfig: saving-data
14:28:23 Saving sacks file
14:28:35 saveConfig: auto-save-60s
14:28:35 Saving config file
14:29:12 saveConfig: saving-data
14:29:12 Saving sacks file
14:29:21 saveConfig: saving-data
14:29:21 Saving sacks file
14:29:35 saveConfig: auto-save-60s
14:29:35 Saving config file
14:29:42 saveConfig: saving-data
14:29:42 Saving sacks file
14:30:08 saveConfig: saving-data
14:30:08 Saving sacks file
14:30:30 saveConfig: saving-data
14:30:30 Saving sacks file
14:30:35 saveConfig: auto-save-60s
14:30:35 Saving config file
14:30:44 saveConfig: saving-data
14:30:44 Saving sacks file
14:31:35 saveConfig: auto-save-60s
14:31:35 Saving config file
14:32:35 saveConfig: auto-save-60s
14:32:35 Saving config file
14:33:35 saveConfig: auto-save-60s
14:33:35 Saving config file
14:34:35 saveConfig: auto-save-60s
14:34:35 Saving config file
14:35:35 saveConfig: auto-save-60s
14:35:35 Saving config file
14:36:35 saveConfig: auto-save-60s
14:36:35 Saving config file
14:37:35 saveConfig: auto-save-60s
14:37:35 Saving config file
14:38:35 saveConfig: auto-save-60s
14:38:35 Saving config file
14:39:35 saveConfig: auto-save-60s
14:39:35 Saving config file
14:40:35 saveConfig: auto-save-60s
14:40:35 Saving config file
14:41:35 saveConfig: auto-save-60s
14:41:35 Saving config file
14:42:35 saveConfig: auto-save-60s
14:42:35 Saving config file
14:43:35 saveConfig: auto-save-60s
14:43:35 Saving config file
14:44:35 saveConfig: auto-save-60s
14:44:35 Saving config file
14:45:35 saveConfig: auto-save-60s
14:45:35 Saving config file
14:46:35 saveConfig: auto-save-60s
14:46:35 Saving config file
14:47:35 saveConfig: auto-save-60s
14:47:35 Saving config file
14:48:35 saveConfig: auto-save-60s
14:48:35 Saving config file
14:49:35 saveConfig: auto-save-60s
14:49:35 Saving config file
14:50:35 saveConfig: auto-save-60s
14:50:35 Saving config file
14:51:35 saveConfig: auto-save-60s
14:51:35 Saving config file
14:52:35 saveConfig: auto-save-60s
14:52:35 Saving config file
14:53:35 saveConfig: auto-save-60s
14:53:35 Saving config file
14:54:35 saveConfig: auto-save-60s
14:54:35 Saving config file
14:55:35 saveConfig: auto-save-60s
14:55:35 Saving config file
14:56:35 saveConfig: auto-save-60s
14:56:35 Saving config file
14:57:35 saveConfig: auto-save-60s
14:57:35 Saving config file
14:58:35 saveConfig: auto-save-60s
14:58:35 Saving config file
14:59:35 saveConfig: auto-save-60s
14:59:35 Saving config file
15:00:35 saveConfig: auto-save-60s
15:00:35 Saving config file
15:01:19 saveConfig: saving-data
15:01:19 Saving sacks file
15:01:29 saveConfig: saving-data
15:01:29 Saving sacks file
15:01:35 saveConfig: auto-save-60s
15:01:35 Saving config file
15:01:50 saveConfig: saving-data
15:01:50 Saving sacks file
15:02:00 saveConfig: saving-data
15:02:00 Saving sacks file
15:02:16 saveConfig: saving-data
15:02:16 Saving sacks file
15:02:22 saveConfig: saving-data
15:02:22 Saving sacks file
15:02:29 saveConfig: saving-data
15:02:29 Saving sacks file
15:02:35 saveConfig: auto-save-60s
15:02:35 Saving config file
15:03:28 saveConfig: saving-data
15:03:28 Saving sacks file
15:03:35 saveConfig: auto-save-60s
15:03:35 Saving config file
15:03:54 saveConfig: saving-data
15:03:54 Saving sacks file
15:04:27 saveConfig: saving-data
15:04:27 Saving sacks file
15:04:35 saveConfig: auto-save-60s
15:04:35 Saving config file
15:04:42 saveConfig: saving-data
15:04:42 Saving sacks file
15:05:35 saveConfig: auto-save-60s
15:05:35 Saving config file
15:06:35 saveConfig: auto-save-60s
15:06:35 Saving config file
15:07:35 saveConfig: auto-save-60s
15:07:35 Saving config file
15:08:35 saveConfig: auto-save-60s
15:08:35 Saving config file
15:09:35 saveConfig: auto-save-60s
15:09:35 Saving config file
15:10:35 saveConfig: auto-save-60s
15:10:35 Saving config file
15:11:35 saveConfig: auto-save-60s
15:11:35 Saving config file
15:12:35 saveConfig: auto-save-60s
15:12:35 Saving config file
15:13:35 saveConfig: auto-save-60s
15:13:35 Saving config file
15:14:35 saveConfig: auto-save-60s
15:14:35 Saving config file
15:15:35 saveConfig: auto-save-60s
15:15:35 Saving config file
15:16:35 saveConfig: auto-save-60s
15:16:35 Saving config file
15:17:35 saveConfig: auto-save-60s
15:17:35 Saving config file
15:18:35 saveConfig: auto-save-60s
15:18:35 Saving config file
15:19:35 saveConfig: auto-save-60s
15:19:35 Saving config file
15:20:35 saveConfig: auto-save-60s
15:20:35 Saving config file
15:21:35 saveConfig: auto-save-60s
15:21:35 Saving config file
15:22:35 saveConfig: auto-save-60s
15:22:35 Saving config file
15:23:35 saveConfig: auto-save-60s
15:23:35 Saving config file
15:24:35 saveConfig: auto-save-60s
15:24:35 Saving config file
15:25:35 saveConfig: auto-save-60s
15:25:35 Saving config file
15:26:35 saveConfig: auto-save-60s
15:26:35 Saving config file
15:27:35 saveConfig: auto-save-60s
15:27:35 Saving config file
15:28:35 saveConfig: auto-save-60s
15:28:35 Saving config file
15:29:35 saveConfig: auto-save-60s
15:29:35 Saving config file
15:30:35 saveConfig: auto-save-60s
15:30:35 Saving config file
15:31:35 saveConfig: auto-save-60s
15:31:35 Saving config file
15:32:35 saveConfig: auto-save-60s
15:32:35 Saving config file
15:33:35 saveConfig: auto-save-60s
15:33:35 Saving config file
15:34:35 saveConfig: auto-save-60s
15:34:35 Saving config file
15:35:35 saveConfig: auto-save-60s
15:35:35 Saving config file
15:36:35 saveConfig: auto-save-60s
15:36:35 Saving config file
15:37:35 saveConfig: auto-save-60s
15:37:35 Saving config file
15:38:35 saveConfig: auto-save-60s
15:38:35 Saving config file
15:39:35 saveConfig: auto-save-60s
15:39:35 Saving config file
15:40:35 saveConfig: auto-save-60s
15:40:35 Saving config file
15:41:35 saveConfig: auto-save-60s
15:41:35 Saving config file
15:42:35 saveConfig: auto-save-60s
15:42:35 Saving config file
15:43:35 saveConfig: auto-save-60s
15:43:35 Saving config file
15:44:35 saveConfig: auto-save-60s
15:44:35 Saving config file
15:45:35 saveConfig: auto-save-60s
15:45:35 Saving config file
15:46:35 saveConfig: auto-save-60s
15:46:35 Saving config file
15:47:35 saveConfig: auto-save-60s
15:47:35 Saving config file
15:48:35 saveConfig: auto-save-60s
15:48:35 Saving config file
15:49:35 saveConfig: auto-save-60s
15:49:35 Saving config file
15:50:35 saveConfig: auto-save-60s
15:50:35 Saving config file
15:51:35 saveConfig: auto-save-60s
15:51:35 Saving config file
15:52:35 saveConfig: auto-save-60s
15:52:35 Saving config file
15:53:35 saveConfig: auto-save-60s
15:53:35 Saving config file
15:54:35 saveConfig: auto-save-60s
15:54:35 Saving config file
15:55:35 saveConfig: auto-save-60s
15:55:35 Saving config file
15:56:35 saveConfig: auto-save-60s
15:56:35 Saving config file
15:57:35 saveConfig: auto-save-60s
15:57:35 Saving config file
15:58:35 saveConfig: auto-save-60s
15:58:35 Saving config file
15:59:35 saveConfig: auto-save-60s
15:59:35 Saving config file
15:59:41 saveConfig: shutdown-hook
15:59:41 Saving config file
