20:13:36 OptiFine ConnectedTextures
20:13:36 OptiFine ConnectedTextures
20:13:36 OptiFine ConnectedTextures
20:13:36 OptiFine ConnectedTextures
20:13:36 OptiFine ConnectedTextures
20:13:36 OptiFine ConnectedTextures
20:13:36 OptiFine ConnectedTextures
20:13:36 OptiFine ConnectedTextures
20:13:36 OptiFine ConnectedTextures
20:13:36 OptiFine ConnectedTextures
20:13:36 OptiFine ConnectedTextures
20:13:36 OptiFine ConnectedTextures
20:13:36 OptiFine ConnectedTextures
20:13:36 OptiFine ConnectedTextures
20:13:36 OptiFine ConnectedTextures
20:13:36 OptiFine ConnectedTextures
20:13:36 OptiFine ConnectedTextures
20:13:36 OptiFine ConnectedTextures
20:13:36 OptiFine ConnectedTextures
20:13:36 OptiFine ConnectedTextures
20:13:36 OptiFine ConnectedTextures
20:13:36 OptiFine ConnectedTextures
20:13:36 OptiFine ConnectedTextures
20:13:36 OptiFine ConnectedTextures
20:13:36 OptiFine ConnectedTextures
20:13:36 OptiFine ConnectedTextures
20:13:36 OptiFine ConnectedTextures
20:13:36 OptiFine ConnectedTextures
20:13:36 OptiFine ConnectedTextures
20:13:36 OptiFine ConnectedTextures
20:13:36 OptiFine ConnectedTextures
20:13:36 OptiFine ConnectedTextures
20:13:36 OptiFine ConnectedTextures
20:13:36 OptiFine ConnectedTextures
20:13:36 OptiFine ConnectedTextures
20:13:36 OptiFine ConnectedTextures
20:13:36 OptiFine ConnectedTextures
20:13:36 OptiFine ConnectedTextures
20:13:36 OptiFine ConnectedTextures
20:13:36 OptiFine ConnectedTextures
20:13:36 OptiFine ConnectedTextures
20:13:36 OptiFine ConnectedTextures
20:13:36 OptiFine ConnectedTextures
20:13:36 OptiFine ConnectedTextures
20:13:36 OptiFine ConnectedTextures
20:13:36 OptiFine ConnectedTextures
20:13:36 OptiFine ConnectedTextures
20:13:36 OptiFine ConnectedTextures
20:13:36 OptiFine ConnectedTextures
20:13:36 OptiFine ConnectedTextures
20:13:36 OptiFine ConnectedTextures
20:13:36 OptiFine ConnectedTextures
20:13:36 OptiFine ConnectedTextures
20:13:36 OptiFine ConnectedTextures
20:13:36 OptiFine ConnectedTextures
20:13:36 OptiFine ConnectedTextures
20:13:36 OptiFine ConnectedTextures
20:13:36 OptiFine ConnectedTextures
20:13:36 OptiFine ConnectedTextures
20:13:36 OptiFine ConnectedTextures
20:13:36 OptiFine ConnectedTextures
20:13:36 OptiFine ConnectedTextures
20:13:36 OptiFine ConnectedTextures
20:13:36 OptiFine ConnectedTextures
20:13:36 OptiFine ConnectedTextures
20:13:36 OptiFine ConnectedTextures
20:13:36 OptiFine ConnectedTextures
20:13:40 AsmHelper Transforming
20:52:14 AsmHelper Transforming
20:52:14 AsmHelper Applying AsmWriter
20:52:20 Grow BufferBuilder buffer
20:52:20 Grow BufferBuilder buffer
20:52:22 Grow BufferBuilder buffer
20:52:22 Grow BufferBuilder buffer
20:52:22 Grow BufferBuilder buffer
20:52:22 Grow BufferBuilder buffer
20:52:22 Grow BufferBuilder buffer
20:52:22 Grow BufferBuilder buffer
20:52:23 Grow BufferBuilder buffer
20:52:23 Grow BufferBuilder buffer
20:52:23 Grow BufferBuilder buffer
20:52:24 Grow BufferBuilder buffer
20:52:24 Grow BufferBuilder buffer
20:52:24 Grow BufferBuilder buffer
20:52:24 Grow BufferBuilder buffer
20:52:24 Grow BufferBuilder buffer
20:52:24 Grow BufferBuilder buffer
20:52:24 Grow BufferBuilder buffer
20:52:24 Grow BufferBuilder buffer
20:52:24 Grow BufferBuilder buffer
20:52:24 Grow BufferBuilder buffer
20:52:24 Grow BufferBuilder buffer
20:52:24 Grow BufferBuilder buffer
20:52:24 Grow BufferBuilder buffer
20:52:24 Grow BufferBuilder buffer
20:52:24 Grow BufferBuilder buffer
20:52:24 Grow BufferBuilder buffer
20:52:25 Grow BufferBuilder buffer
20:52:26 Grow BufferBuilder buffer
20:52:26 Grow BufferBuilder buffer
20:52:26 Grow BufferBuilder buffer
20:52:26 Grow BufferBuilder buffer
20:52:26 Grow BufferBuilder buffer
20:52:26 Grow BufferBuilder buffer
20:52:26 Grow BufferBuilder buffer
20:52:26 Grow BufferBuilder buffer
20:52:26 Grow BufferBuilder buffer
20:52:26 Grow BufferBuilder buffer
20:52:26 Grow BufferBuilder buffer
20:52:26 Grow BufferBuilder buffer
20:52:26 Grow BufferBuilder buffer
20:52:31 Grow BufferBuilder buffer
20:52:31 Grow BufferBuilder buffer
20:52:31 Grow BufferBuilder buffer
20:52:31 Grow BufferBuilder buffer
20:52:31 Grow BufferBuilder buffer
20:52:31 Grow BufferBuilder buffer
20:52:31 Grow BufferBuilder buffer
20:52:31 Grow BufferBuilder buffer
20:52:43 Grow BufferBuilder buffer
20:52:43 Grow BufferBuilder buffer
20:52:43 Grow BufferBuilder buffer
20:52:43 Grow BufferBuilder buffer
20:52:43 Grow BufferBuilder buffer
20:52:44 Grow BufferBuilder buffer
20:52:46 Grow BufferBuilder buffer
20:52:46 Grow BufferBuilder buffer
20:52:46 Grow BufferBuilder buffer
20:52:46 Grow BufferBuilder buffer
20:52:47 Grow BufferBuilder buffer
20:52:47 Grow BufferBuilder buffer
20:52:47 Grow BufferBuilder buffer
20:53:00 Grow BufferBuilder buffer
20:53:00 Grow BufferBuilder buffer
20:53:00 Grow BufferBuilder buffer
20:53:00 Grow BufferBuilder buffer
20:53:06 Grow BufferBuilder buffer
20:53:06 Grow BufferBuilder buffer
20:53:06 Grow BufferBuilder buffer
20:53:12 Grow BufferBuilder buffer
20:53:12 Grow BufferBuilder buffer
20:53:12 Grow BufferBuilder buffer
20:53:31 Grow BufferBuilder buffer
20:53:31 Grow BufferBuilder buffer
20:53:31 Grow BufferBuilder buffer
20:53:31 Grow BufferBuilder buffer
20:53:31 Grow BufferBuilder buffer
20:53:31 Grow BufferBuilder buffer
21:21:45 Biome ID bounds
21:21:45 Biome ID bounds
21:21:45 Biome ID bounds
21:21:45 Biome ID bounds
21:21:45 Biome ID bounds
21:21:45 Biome ID bounds
21:21:45 Biome ID bounds
21:21:45 Biome ID bounds
21:21:45 Biome ID bounds
21:21:45 Biome ID bounds
21:21:45 Biome ID bounds
21:21:45 Biome ID bounds
21:21:45 Biome ID bounds
21:21:45 Biome ID bounds
21:21:45 Biome ID bounds
21:21:45 Biome ID bounds
21:21:45 Biome ID bounds
21:21:45 Biome ID bounds
22:04:58 Grow BufferBuilder buffer
22:04:58 Grow BufferBuilder buffer
22:04:58 Grow BufferBuilder buffer
22:05:01 Grow BufferBuilder buffer
22:05:01 Grow BufferBuilder buffer
22:05:01 Grow BufferBuilder buffer
22:05:02 Grow BufferBuilder buffer
22:05:02 Grow BufferBuilder buffer
22:05:02 Grow BufferBuilder buffer
22:05:02 Grow BufferBuilder buffer
22:05:02 Grow BufferBuilder buffer
22:05:02 Grow BufferBuilder buffer
22:05:02 Grow BufferBuilder buffer
22:05:02 Grow BufferBuilder buffer
22:05:02 Grow BufferBuilder buffer
22:05:03 Grow BufferBuilder buffer
22:05:03 Grow BufferBuilder buffer
22:05:03 Grow BufferBuilder buffer
22:05:03 Grow BufferBuilder buffer
22:05:04 Grow BufferBuilder buffer
22:05:04 Grow BufferBuilder buffer
22:05:04 Grow BufferBuilder buffer
22:05:04 Grow BufferBuilder buffer
22:05:10 Grow BufferBuilder buffer
22:05:10 Grow BufferBuilder buffer
22:05:11 Grow BufferBuilder buffer
22:05:11 Grow BufferBuilder buffer
22:05:11 Grow BufferBuilder buffer
22:05:11 Grow BufferBuilder buffer
22:05:11 Grow BufferBuilder buffer
22:05:11 Grow BufferBuilder buffer
22:05:11 Grow BufferBuilder buffer
22:05:11 Grow BufferBuilder buffer
22:05:11 Grow BufferBuilder buffer
22:05:11 Grow BufferBuilder buffer
22:05:11 Grow BufferBuilder buffer
22:05:11 Grow BufferBuilder buffer
22:05:11 Grow BufferBuilder buffer
22:05:11 Grow BufferBuilder buffer
22:05:11 Grow BufferBuilder buffer
22:05:12 Grow BufferBuilder buffer
22:05:12 Grow BufferBuilder buffer
22:05:12 Grow BufferBuilder buffer
22:05:12 Grow BufferBuilder buffer
22:05:33 Grow BufferBuilder buffer
22:05:44 Grow BufferBuilder buffer
22:05:45 Grow BufferBuilder buffer
22:05:48 Grow BufferBuilder buffer
22:05:55 Grow BufferBuilder buffer
22:05:55 Grow BufferBuilder buffer
22:05:55 Grow BufferBuilder buffer
22:05:55 Grow BufferBuilder buffer
22:05:56 Grow BufferBuilder buffer
22:05:56 Grow BufferBuilder buffer
22:05:56 Grow BufferBuilder buffer
22:05:56 Grow BufferBuilder buffer
22:05:56 Grow BufferBuilder buffer
22:05:57 Grow BufferBuilder buffer
22:05:57 Grow BufferBuilder buffer
22:05:57 Grow BufferBuilder buffer
22:05:58 Grow BufferBuilder buffer
22:05:59 Grow BufferBuilder buffer
22:05:59 Grow BufferBuilder buffer
22:06:02 Grow BufferBuilder buffer
22:06:02 Grow BufferBuilder buffer
22:06:03 Grow BufferBuilder buffer
22:06:05 Grow BufferBuilder buffer
22:06:05 Grow BufferBuilder buffer
22:06:05 Grow BufferBuilder buffer
