13:01:36 §f                                  §6§lBESTIARY
13:01:36 §f                       §b§lWither Guard §7§8XXII §8➡§b §bXXIII
13:01:36 
13:01:36 §f                                  §r§6§lREWARDS
13:01:36 §f                      §r§8+§r§a6 Wither Guard §r§b✯ Magic Find
13:01:36 §f                       §r§8+§r§a6 Wither Guard §r§c❁ Strength
13:01:36 §f                          §r§8+§r§62% §r§aWither Guard §r§7coins
13:01:36 §f                    §r§8+§r§a50% §r§7chance for extra XP orbs
13:01:36 §f                               §r§8+§r§b1 SkyBlock XP
13:01:36 
13:01:36 §3§l▬▬▬▬▬▬▬▬▬▬▬▬▬▬▬▬▬▬▬▬▬▬▬▬▬▬▬▬▬▬▬▬▬▬▬▬▬▬▬▬▬▬▬▬▬▬▬▬▬▬▬▬▬▬▬▬▬▬▬▬▬▬▬▬
13:10:54 §f                                  §6§lBESTIARY
13:10:54 §f                        §b§lSkeleton Lord §7§8XI §8➡§b §bXII
13:10:54 
13:10:54 §f                                  §r§6§lREWARDS
13:10:54 §f                     §r§8+§r§a4 Skeleton Lord §r§b✯ Magic Find
13:10:54 §f                      §r§8+§r§a4 Skeleton Lord §r§c❁ Strength
13:10:54 §f                         §r§8+§r§62% §r§aSkeleton Lord §r§7coins
13:10:54 §f                    §r§8+§r§a50% §r§7chance for extra XP orbs
13:10:54 §f                               §r§8+§r§b1 SkyBlock XP
13:10:54 
13:10:54 §3§l▬▬▬▬▬▬▬▬▬▬▬▬▬▬▬▬▬▬▬▬▬▬▬▬▬▬▬▬▬▬▬▬▬▬▬▬▬▬▬▬▬▬▬▬▬▬▬▬▬▬▬▬▬▬▬▬▬▬▬▬▬▬▬▬
