13:13:47 [allowed] §f §r§r§r§f §r§r§r§1 §r§r§r§0 §r§r§r§2 §r§r§r§f §r§r§r§f §r§r§r§2 §r§r§r§0 §r§r§r§4 §r§r§r§3 §r§r§r§9 §r§r§r§2 §r§r§r§0 §r§r§r§0 §r§r§r§3 §r§r§r§9 §r§r§r§2 §r§r§r§0 §r§r§r§0 §r§r§r§3 §r§r§r§9 §r§r§r§2 §r§r§r§0 §r§r§r§0 
13:13:47 [allowed] §b[MVP§f+§b] Firemage_X§f §6joined the lobby!
13:13:47 [allowed] §b[MVP§a+§b] Zylealz§f §6joined the lobby!
13:13:47 [allowed] §aYou have §b21 §aunclaimed leveling rewards!
13:13:47 [allowed] §eClick here to view them!
13:13:47 [allowed] §aYou have §68 §aunclaimed achievement rewards!
13:13:47 [allowed] §eClick here to view them!
13:13:49 [allowed]   §r§f§l➤ §r§6You have reached your Hype limit! Add Hype to Prototype Lobby minigames by right-clicking with the Hype Diamond!
13:13:49 [allowed] §b[MVP§c+§b] HenMan341§f §6joined the lobby!
13:13:52 [allowed] §b[MVP§6+§b] xD_DUO_KING§f §6joined the lobby!
13:13:53 [allowed] §b[MVP§e+§b] TheSecretGamer§f §6joined the lobby!
13:13:56 [allowed] §9§m-----------------------------------------------------§r§9
§r§9                          §r§9 §6Friends (Page 1 of 8) §r§e§l>>§r§9
§r§9§bCheekyFemboy §eis in SkyBlock - Dungeon Hub§r§9
§r§9§7KingGoji953 §eis in Limbo§r§9
§r§9§b24Arrian §cis currently offline§r§9
§r§9§b_mmc27 §cis currently offline§r§9
§r§9§a_tsn §cis currently offline§r§9
§r§9§aAceCreo_ §cis currently offline§r§9
§r§9§7alemartino §cis currently offline§r§9
§r§9§bAstFaster §cis currently offline§r§9
§r§9§m-----------------------------------------------------
13:13:59 [allowed] §7Sending to server mini61BT...
13:13:59 [allowed] §8 §r§8 §r§1 §r§3 §r§3 §r§7 §r§8 
13:13:59 [allowed] §aSince you've been away you earned §r§674,200 coins §r§aas interest in your personal bank account!
13:13:59 [allowed] §b-----------------------------------------------------
13:13:59 [allowed] §aYou have just received §r§6371,000 coins §r§aas interest in your co-op bank account!
13:13:59 [allowed] §b-----------------------------------------------------
13:14:00 [allowed]  
13:14:00 [allowed] §f       §7You have §31 §7pending §3Bestiary Milestone §7to be claimed!
13:14:00 [allowed] §f                    §6§l>>> §6§lCLICK HERE§e to claim it! §6§l<<<
13:14:00 [allowed]   
13:14:01 [allowed] §6§lGROSS! §7While you were offline, §2Pests §7spawned in §aPlots §r§b7§r§7, §r§b13§r§7, §r§b1§r§7 and §r§b5§r§r§7!
13:14:01 [allowed] §7Your §r§6☘ Farming Fortune §r§7has been reduced by §r§475%§r§7!
13:14:01 [allowed] §7Click on a plots name in chat to teleport to it!
13:14:01 [allowed] 
13:14:01 [allowed] §eWelcome to §r§aHypixel SkyBlock§r§e!
13:14:01 [allowed] 
13:14:01 [allowed] §eLatest update: §bSkyBlock v0.20.8 §e§lCLICK
13:14:02 [allowed] §aYou are playing on profile: §ePineapple§b (Co-op)
13:14:02 [allowed] §8Profile ID: 6accdd30-5c34-4840-99a1-da8b87d5f229
13:14:03 [allowed] §6§lALLOWANCE! §r§eYou earned §r§650,000 coins§r§e!
13:14:04 [SKYMALL] §bNew day! §r§eYour §r§2Sky Mall §r§ebuff changed!
13:14:04 [SKYMALL] §eNew buff§r§r§r: §r§fGain §r§6+50☘ Mining Fortune§r§f.
13:14:04 [SKYMALL] §8§oYou can disable this messaging by toggling Sky Mall in your /hotm!
13:14:05 [allowed] §3§l▬▬▬▬▬▬▬▬▬▬▬▬▬▬▬▬▬▬▬▬▬▬▬▬▬▬▬▬▬▬▬▬▬▬▬▬▬▬▬▬▬▬▬▬▬▬▬▬▬▬▬▬▬▬▬▬▬▬▬▬▬▬▬▬
13:14:05 [allowed]  
13:14:05 [allowed] §f                         §r§6§lBESTIARY MILESTONE
13:14:05 [allowed] §f                                §r§8CLVI §r§8➡§r§e §r§eCLVII
13:14:05 [allowed]  
13:14:05 [allowed] §f                                   §r§6§lREWARD
13:14:05 [allowed] §f                                 §r§8+§r§a1 §r§c❤ Health
13:14:05 [allowed]  
13:14:05 [allowed] §3§l▬▬▬▬▬▬▬▬▬▬▬▬▬▬▬▬▬▬▬▬▬▬▬▬▬▬▬▬▬▬▬▬▬▬▬▬▬▬▬▬▬▬▬▬▬▬▬▬▬▬▬▬▬▬▬▬▬▬▬▬▬▬▬▬
13:14:11 [allowed] §aTeleported you to §r§aThe Barn§r§a!
13:14:18 [allowed] §7Warping you to your SkyBlock island...
13:14:19 [allowed] §7Sending to server mini157U...
13:14:20 [allowed] §8 §r§8 §r§1 §r§3 §r§3 §r§7 §r§8 
13:14:22 [allowed] §7Warping...
13:14:22 [allowed] §cCouldn't warp you! Try again later. §r§7(PLAYER_TRANSFER_COOLDOWN)
13:14:23 [allowed] §aYou are playing on profile: §ePineapple§b (Co-op)
13:14:23 [allowed] §8Profile ID: 6accdd30-5c34-4840-99a1-da8b87d5f229
13:14:24 [allowed] §7Warping...
13:14:24 [allowed] §7Sending to server mini10DJ...
13:14:24 [allowed] §8 §r§8 §r§1 §r§3 §r§3 §r§7 §r§8 
13:14:27 [allowed] §aYou are playing on profile: §ePineapple§b (Co-op)
13:14:27 [allowed] §8Profile ID: 6accdd30-5c34-4840-99a1-da8b87d5f229
13:15:02 [allowed] §bNew day! §r§eYour §r§2Sky Mall §r§ebuff changed!
13:15:02 [allowed] §eNew buff§r§r§r: §r§fGain §r§6+100⸕ Mining Speed§r§f.
13:15:48 [allowed] §d§lHOPPITY'S HUNT §r§dYou found a §r§cHitman Egg§r§d!
13:15:48 [allowed] §D§LHOPPITY'S HUNT §7You found §5Alpine §7(§5§LEPIC§7)!
13:15:48 [allowed] §d§lNEW RABBIT! §6+10 Chocolate §7and §6+0.005x Chocolate §7per second!
13:15:48 [allowed] §d§lHOPPITY'S HUNT §r§dYou found a §r§cHitman Egg§r§d!
13:15:48 [allowed] §D§LHOPPITY'S HUNT §7You found §fStuart §7(§F§LCOMMON§7)!
13:15:48 [allowed] §7§lDUPLICATE RABBIT! §6+2,762,503 Chocolate
13:15:48 [allowed] §d§lHOPPITY'S HUNT §r§dYou found a §r§cHitman Egg§r§d!
13:15:48 [allowed] §D§LHOPPITY'S HUNT §7You found §fGunther §7(§F§LCOMMON§7)!
13:15:48 [allowed] §d§lNEW RABBIT! §6+1 Chocolate §7and §6+0.002x Chocolate §7per second!
13:15:48 [allowed] §d§lHOPPITY'S HUNT §r§dYou found a §r§cHitman Egg§r§d!
13:15:48 [allowed] §D§LHOPPITY'S HUNT §7You found §fBaxter §7(§F§LCOMMON§7)!
13:15:48 [allowed] §d§lNEW RABBIT! §6+1 Chocolate §7and §6+0.002x Chocolate §7per second!
13:15:48 [allowed] §d§lHOPPITY'S HUNT §r§dYou found a §r§cHitman Egg§r§d!
13:15:48 [allowed] §D§LHOPPITY'S HUNT §7You found §fScuba §7(§F§LCOMMON§7)!
13:15:48 [allowed] §7§lDUPLICATE RABBIT! §6+3,163,151 Chocolate
13:15:48 [allowed] §d§lHOPPITY'S HUNT §r§dYou found a §r§cHitman Egg§r§d!
13:15:48 [allowed] §D§LHOPPITY'S HUNT §7You found §aBubbles §7(§A§LUNCOMMON§7)!
13:15:48 [allowed] §7§lDUPLICATE RABBIT! §6+5,535,514 Chocolate
13:15:48 [allowed] §d§lHOPPITY'S HUNT §r§dYou found a §r§cHitman Egg§r§d!
13:15:48 [allowed] §D§LHOPPITY'S HUNT §7You found §aRusty §7(§A§LUNCOMMON§7)!
13:15:48 [allowed] §7§lDUPLICATE RABBIT! §6+5,535,514 Chocolate
13:15:56 [allowed] §5Rabbit Granny §r§7has been promoted to §r§7[166§r§7] §r§5Manager§r§7!
13:15:56 [allowed] §5Rabbit Granny §r§7has been promoted to §r§7[167§r§7] §r§5Manager§r§7!
13:15:56 [allowed] §5Rabbit Granny §r§7has been promoted to §r§7[168§r§7] §r§5Manager§r§7!
13:15:56 [allowed] §5Rabbit Granny §r§7has been promoted to §r§7[169§r§7] §r§5Manager§r§7!
13:15:56 [allowed] §5Rabbit Granny §r§7has been promoted to §r§7[170§r§7] §r§5Manager§r§7!
13:15:57 [allowed] §5Rabbit Granny §r§7has been promoted to §r§7[171§r§7] §r§5Manager§r§7!
13:15:57 [allowed] §5Rabbit Granny §r§7has been promoted to §r§7[172§r§7] §r§5Manager§r§7!
13:15:57 [allowed] §5Rabbit Granny §r§7has been promoted to §r§7[173§r§7] §r§5Manager§r§7!
13:15:57 [allowed] §cYou don't have enough Chocolate!
13:15:57 [allowed] §cYou don't have enough Chocolate!
13:15:58 [allowed] §5Rabbit Uncle §r§7has been promoted to §r§7[152§r§7] §r§5Manager§r§7!
13:15:58 [allowed] §cYou don't have enough Chocolate!
13:15:58 [allowed] §cYou don't have enough Chocolate!
13:15:58 [allowed] §cYou don't have enough Chocolate!
13:15:59 [allowed] §d§lTIME TOWER! §r§7Your §r§6Chocolate Factory §r§7production has increased by §r§6+1.4x §r§7for §r§a1h§r§7!
13:16:06 [allowed] §7[§r§b✆§r§7] §r§7You cannot add this NPC as a contact...
13:16:07 [allowed] §7[§r§b✆§r§7] §r§7You cannot add this NPC as a contact...
13:16:42 [allowed] §aYou earned §r§273 GEXP §r§afrom playing SkyBlock!
13:16:59 [allowed] §5§l✯ §r§eA §r§5Fallen Star §r§ehas crashed at §r§bGreat Ice Wall§r§e! Nearby ore and Powder drops are amplified!
13:17:29 [allowed] §8[§r§e91§r§8] §r§b[MVP§9+§b] RNGRahmen§f§r§f: 7HOTM
13:17:41 [allowed] §8[§r§79§r§8] §r§7Hornbobfury§7§r§7: what about it gang
13:18:02 [allowed] §8[§r§9313§r§8] §r§b§lᛝ §r§b[MVP§f+§b] Riomashsty§f§r§f: you got a dollar gang
13:18:03 [allowed] §8[§r§9313§r§8] §r§b§lᛝ §r§b[MVP§f+§b] Riomashsty§f§r§f: ?
13:18:06 [allowed] §8[§r§79§r§8] §r§7Hornbobfury§7§r§7: i mean im excited for 7 hot men too but i need some context fr
13:18:36 [allowed] §8[§r§79§r§8] §r§7Hornbobfury§7§r§7: i have no money
13:18:36 [allowed] §8[§r§f74§r§8] §r§7፠ §r§b[MVP§8+§b] tutzi§f§r§f: that was so funny
13:19:10 [allowed] §8[§r§79§r§8] §r§7Hornbobfury§7§r§7: me when I buy MVP+ so people must care if I find them funny or not
13:20:12 [allowed] §8[§r§d320§r§8] §r§b§lᛝ §r§a[VIP] Dr_Staengel§f§r§f: Du suchst eine freundliche und aktive Gilde, die dich im Early, Mid und Late Game unterstützt? --> Dann tritt GooDz10, einer der größten deutschen Skyblock Gilden bei! -> /g join Goodz10
13:20:37 [allowed] §8[§r§79§r§8] §r§7Hornbobfury§7§r§7: I dont speak Erika lil bro.
13:21:01 [allowed] §8[§r§e106§r§8] §r§a[VIP] Konorrr_§f§r§f: crazy
13:22:15 [allowed] §8[§r§3255§r§8] §r§7☃ §r§b[MVP§2+§b] mrmango345 §7♲§f§r§f: wheres the best spot to mine redstone
13:22:41 [allowed] §c§r§eYou need the §r§dCookie Buff §r§eto use this feature!
13:22:41 [allowed] §eObtain a §r§6Booster Cookie §r§efrom the community shop in the hub!
13:22:43 [allowed] §7Warping...
13:22:44 [allowed] §7Sending to server mini12J...
13:22:44 [allowed] §8 §r§8 §r§1 §r§3 §r§3 §r§7 §r§8 
13:22:47 [allowed] §aYou are playing on profile: §ePineapple§b (Co-op)
13:22:47 [allowed] §8Profile ID: 6accdd30-5c34-4840-99a1-da8b87d5f229
13:22:54 [allowed] §6[Bazaar] §r§7Claiming orders...
13:22:54 [allowed] §6[Bazaar] §r§7§r§7Claimed §r§6211,510 coins §r§7from selling §r§a1§r§7x §r§d§lWisdom I §r§7at §r§6213,916 §r§7each!
13:22:54 [allowed] §6[Bazaar] §r§7§r§7Claimed §r§610,924 coins §r§7from selling §r§a1§r§7x §r§9Bookworm's Favorite Book §r§7at §r§611,048 §r§7each!
13:22:57 [allowed] §6[Bazaar] §r§7Cancelling order...
13:22:57 [allowed] §6[Bazaar] §r§7§r§cCancelled! §r§7Refunded §r§61,122,339 coins §r§7from cancelling Buy Order!
13:23:12 [allowed] §6[Bazaar] §r§7Executing instant buy...
13:23:12 [allowed] §6[Bazaar] §r§7Bought §r§a15§r§7x §r§9Enchanted Gold Block §r§7for §r§61,214,990 coins§r§7!
13:23:20 [allowed] §6[Bazaar] §r§7Executing instant buy...
13:23:20 [allowed] §6[Bazaar] §r§7Bought §r§a5§r§7x §r§5Divan Fragment §r§7for §r§63,699,978 coins§r§7!
13:23:32 [allowed] §6[Bazaar] §r§7Putting goods in escrow...
13:23:32 [allowed] §6[Bazaar] §r§7Submitting buy order...
13:23:32 [allowed] §6[Bazaar] §r§7§r§eBuy Order Setup! §r§a32§r§7x §r§9Refined Mineral §r§7for §r§63,237,706 coins§r§7.
13:23:41 [allowed] §6[Bazaar] §r§7Executing instant buy...
13:23:41 [allowed] §6[Bazaar] §r§7Bought §r§a1§r§7x §r§6Booster Cookie §r§7for §r§611,199,998 coins§r§7!
13:23:43 [allowed] §eYou consumed a §r§6Booster Cookie§r§e! §r§d
13:24:00 [allowed] §6[Bazaar] §r§7Putting goods in escrow...
13:24:00 [allowed] §6[Bazaar] §r§7Submitting buy order...
13:24:00 [allowed] §6[Bazaar] §r§7§r§eBuy Order Setup! §r§a32§r§7x §r§5Glossy Gemstone §r§7for §r§6262,400,112 coins§r§7.
13:24:30 [allowed] §7Warping...
13:24:30 [allowed] §7Sending to server mini26CM...
13:24:30 [allowed] §8 §r§8 §r§1 §r§3 §r§3 §r§7 §r§8 
13:24:33 [allowed] §aYou are playing on profile: §ePineapple§b (Co-op)
13:24:33 [allowed] §8Profile ID: 6accdd30-5c34-4840-99a1-da8b87d5f229
13:25:31 [allowed] §c§lRAFFLE CLOSING! §r§7in 10 seconds
13:25:31 [allowed] §7Warping you to your SkyBlock island...
13:25:32 [allowed] §7Sending to server mini26BS...
13:25:32 [allowed] §8 §r§8 §r§1 §r§3 §r§3 §r§7 §r§8 
13:25:35 [allowed] §aYou are playing on profile: §ePineapple§b (Co-op)
13:25:35 [allowed] §8Profile ID: 6accdd30-5c34-4840-99a1-da8b87d5f229
13:25:48 [allowed] §6[Sacks] §r§a+60§r§e items§r§e.§r§8 (Last 8s.)
13:25:53 [allowed] §aYou received §r§6187,137 coins§r§a!
13:25:58 [allowed] §aYou received §r§6179,802 coins§r§a!
13:26:02 [allowed] §aYou received §r§6180,369 coins§r§a!
13:26:06 [allowed] §aYou received §r§6180,211.5 coins§r§a!
13:26:08 [allowed] §aYou received §r§6180,274.5 coins§r§a!
13:26:10 [allowed] §aYou received §r§6187,263 coins§r§a!
13:26:14 [allowed] §aYou received §r§6187,389 coins§r§a!
13:26:17 [allowed] §aYou received §r§6180,117 coins§r§a!
13:26:19 [allowed] §6[Sacks] §r§a+1§r§e item§r§e.§r§8 (Last 5s.)
13:26:20 [allowed] §aYou received §r§6194,375.7 coins§r§a!
13:26:24 [allowed] §aYou received §r§6180,243 coins§r§a!
13:26:26 [allowed] §aYou received §r§6180,526.5 coins§r§a!
13:26:30 [allowed] §aYou received §r§6194,371.2 coins§r§a!
13:26:33 [allowed] §aYou received §r§6194,656.5 coins§r§a!
13:26:36 [allowed] §aYou received §r§6194,427 coins§r§a!
13:26:37 [allowed] §6[Sacks] §r§a+1§r§e item§r§e.§r§8 (Last 5s.)
13:26:39 [allowed] §aYou received §r§6194,516.1 coins§r§a!
13:26:44 [allowed] §cThere are blocks in the way!
13:26:46 [allowed] §cThere are blocks in the way!
13:27:03 [allowed] §cThere are blocks in the way!
13:27:26 [allowed] §7Warping...
13:27:26 [allowed] §7Sending to server mini2BA...
13:27:26 [allowed] §8 §r§8 §r§1 §r§3 §r§3 §r§7 §r§8 
13:27:29 [allowed] §aYou are playing on profile: §ePineapple§b (Co-op)
13:27:29 [allowed] §8Profile ID: 6accdd30-5c34-4840-99a1-da8b87d5f229
13:31:46 [allowed] §f §r§r§r§f §r§r§r§1 §r§r§r§0 §r§r§r§2 §r§r§r§f §r§r§r§f §r§r§r§2 §r§r§r§0 §r§r§r§4 §r§r§r§3 §r§r§r§9 §r§r§r§2 §r§r§r§0 §r§r§r§0 §r§r§r§3 §r§r§r§9 §r§r§r§2 §r§r§r§0 §r§r§r§0 §r§r§r§3 §r§r§r§9 §r§r§r§2 §r§r§r§0 §r§r§r§0 
13:31:46 [allowed] §b[MVP§f+§b] Firemage_X§f §6joined the lobby!
13:31:47 [allowed] §aYou have §b21 §aunclaimed leveling rewards!
13:31:47 [allowed] §eClick here to view them!
13:31:47 [allowed] §aYou have §68 §aunclaimed achievement rewards!
13:31:47 [allowed] §eClick here to view them!
13:31:47 [allowed] 
§r§f§l➔ §r§6§lWelcome to the Prototype Lobby§r
§r§aAll games in this lobby are currently in development.§r
§r§eClick here to leave feedback!§r§f ➤ §r§b§nhttps://hypixel.net/PTL

13:31:48 [allowed] §b[MVP§c+§b] malethesnail§f §6joined the lobby!
13:31:49 [allowed] §7Sending to server mini148AN...
13:31:49 [allowed] §8 §r§8 §r§1 §r§3 §r§3 §r§7 §r§8 
13:31:51 [allowed] 
13:31:51 [allowed] §eWelcome to §r§aHypixel SkyBlock§r§e!
13:31:51 [allowed] 
13:31:51 [allowed] §eLatest update: §bSkyBlock v0.20.8 §e§lCLICK
13:31:52 [allowed] §aYou are playing on profile: §ePineapple§b (Co-op)
13:31:52 [allowed] §8Profile ID: 6accdd30-5c34-4840-99a1-da8b87d5f229
13:31:53 [allowed] §7Warping you to the hub island...
13:31:53 [allowed] §7Sending to server mini12DW...
13:31:55 [allowed] §8 §r§8 §r§1 §r§3 §r§3 §r§7 §r§8 
13:31:58 [allowed] §aYou are playing on profile: §ePineapple§b (Co-op)
13:31:58 [allowed] §8Profile ID: 6accdd30-5c34-4840-99a1-da8b87d5f229
13:33:45 [allowed] §8[§r§a132§r§8] §r§a[VIP§6+§a] TRhodes713§f§r§f: can anyone carry me to eman 5 i will pay
13:35:02 [SKYMALL] §bNew day! §r§eYour §r§2Sky Mall §r§ebuff changed!
13:35:02 [SKYMALL] §eNew buff§r§r§r: §r§fGain §r§6+50☘ Mining Fortune§r§f.
13:35:02 [SKYMALL] §8§oYou can disable this messaging by toggling Sky Mall in your /hotm!
13:36:44 [allowed] §aYou earned §r§298 GEXP §r§afrom playing SkyBlock!
13:38:14 [allowed] §eThis player doesn't have any active auctions!
13:39:02 [allowed] §8[§r§714§r§8] §r§a[VIP§6+§a] MrKrabs_the_best§f§r§f: does anyone have like 8 enchanted coal
13:39:15 [allowed] §8[§r§2171§r§8] §r§7ᛃ §r§b[MVP§r§f+§r§b] Firemage_X§r§f: MrKrabs_the_best come map
13:39:15 [allowed] §8[§r§f64§r§8] §r§a[VIP] PiggySam§f§r§f: i need 100k taming xp, how do i get it quick
13:39:16 [allowed] §8[§r§714§r§8] §r§a[VIP§6+§a] MrKrabs_the_best§f§r§f: ill pay lik 10k
13:39:17 [allowed] §8[§r§e97§r§8] §r§7❤ §r§b[MVP] Elizabeto§f§r§f: yes
13:39:27 [allowed] §8[§r§e97§r§8] §r§7❤ §r§b[MVP] Elizabeto§f§r§f: i have coal if you want
13:39:34 [allowed] §6[Bazaar] §r§7Executing instant buy...
13:39:34 [allowed] §6[Bazaar] §r§7Bought §r§a10§r§7x §r§aEnchanted Coal §r§7for §r§614,247 coins§r§7!
13:39:39 [allowed] §aYou have sent a trade request to §r§aMrKrabs_the_best§r§a.
13:39:39 [allowed] §cWoah there! You already have an outgoing /trade request!
13:39:57 [allowed] §cYou cancelled the trade!
13:39:59 [allowed] §8[§r§2171§r§8] §r§7ᛃ §r§b[MVP§r§f+§r§b] Firemage_X§r§f: free
13:39:59 [allowed] §aYou have sent a trade request to §r§aMrKrabs_the_best§r§a.
13:40:06 [allowed] §8[§r§e97§r§8] §r§7❤ §r§b[MVP] Elizabeto§f§r§f: sure
13:40:10 [allowed] §6Trade completed with §r§a[VIP§r§6+§r§a] MrKrabs_the_best§r§f§r§6!
13:40:10 [allowed]  §r§c§l- §r§810x §r§aEnchanted Coal
13:40:15 [allowed] §8[§r§714§r§8] §r§a[VIP§6+§a] MrKrabs_the_best§f§r§f: **** thanks dude
13:40:19 [allowed] §8[§r§2171§r§8] §r§7ᛃ §r§b[MVP§r§f+§r§b] Firemage_X§r§f: np
13:40:21 [allowed] §8[§r§2171§r§8] §r§7ᛃ §r§b[MVP§r§f+§r§b] Firemage_X§r§f: have fun
13:40:24 [allowed] §cThere are blocks in the way!
13:40:32 [allowed] §cThere are blocks in the way!
13:40:32 [allowed] §8[§r§f79§r§8] §r§a[VIP] Guns_Fivos§f§r§f: first one to say pablo wins 69.420k coins
13:40:45 [allowed] §8[§r§3250§r§8] §r§7☠ §r§a[VIP] Vogel23§f§r§f: pablo
13:40:45 [allowed] §8[§r§719§r§8] §r§b[MVP] nik257§f§r§f: pablo
13:40:45 [allowed] §8[§r§e97§r§8] §r§7❤ §r§b[MVP] Elizabeto§f§r§f: pablo
13:40:49 [allowed] §8[§r§f79§r§8] §r§a[VIP] Guns_Fivos§f§r§f: vogel
13:40:52 [allowed] §8[§r§f79§r§8] §r§a[VIP] Guns_Fivos§f§r§f: you win
13:40:55 [allowed] §8[§r§f79§r§8] §r§a[VIP] Guns_Fivos§f§r§f: come map
13:41:14 [allowed] §c ☠ §r§7§r§7ThisBum§r§7 was killed by Sven Packmaster§r§7§r§7.
13:41:23 [allowed] §cThere are blocks in the way!
13:41:25 [allowed] §cThere are blocks in the way!
13:41:26 [allowed] §cThere are blocks in the way!
13:41:37 [allowed] §8[§r§f79§r§8] §r§a[VIP] Guns_Fivos§f§r§f: what armor should i buy?
13:41:37 [allowed] §8[§r§f41§r§8] §r§a[VIP] LittleKing0313§f§r§f: trade for money
13:41:37 [allowed] §8[§r§f49§r§8] §r§7ThisBum§7§r§7: i hate this wolf slayer
13:41:47 [allowed] §aYou earned §r§2238 GEXP §r§afrom playing SkyBlock!
13:41:48 [allowed] §6[Bazaar] §r§7Cancelling order...
13:41:48 [allowed] §8[§r§f41§r§8] §r§a[VIP] LittleKing0313§f§r§f: with this guy bazzar
13:41:48 [allowed] §6[Bazaar] §r§7§r§cCancelled! §r§7Refunded §r§63,237,706 coins §r§7from cancelling Buy Order!
13:41:48 [allowed] §8[§r§f79§r§8] §r§a[VIP] Guns_Fivos§f§r§f: what armor should i buy with 56m
13:41:51 [allowed] §6[Bazaar] §r§7Cancelling order...
13:41:51 [allowed] §6[Bazaar] §r§7§r§cCancelled! §r§7Refunded §r§6262,400,112 coins §r§7from cancelling Buy Order!
13:42:01 [allowed] §8[§r§f79§r§8] §r§a[VIP] Guns_Fivos§f§r§f: i have necron btw
13:42:02 [allowed] §8[§r§f49§r§8] §r§7ThisBum§7§r§7: superior
13:42:05 [allowed] §8[§r§f41§r§8] §r§a[VIP] LittleKing0313§f§r§f: million
13:42:07 [allowed] §8[§r§717§r§8] §r§a[VIP] Want_Gamer§f§r§f: for what use u want
13:42:12 [allowed] §8[§r§f79§r§8] §r§a[VIP] Guns_Fivos§f§r§f: berserk
13:42:20 [allowed] §6[Bazaar] §r§7Executing instant buy...
13:42:20 [allowed] §6[Bazaar] §r§7Bought §r§a32§r§7x §r§9Refined Mineral §r§7for §r§63,647,997 coins§r§7!
13:42:25 [allowed] §8[§r§717§r§8] §r§a[VIP] Want_Gamer§f§r§f: what sword r u using
13:42:27 [allowed] §8[§r§f41§r§8] §r§a[VIP] LittleKing0313§f§r§f: follow
13:42:28 [allowed] §8[§r§f79§r§8] §r§a[VIP] Guns_Fivos§f§r§f: sf
13:42:39 [allowed] §8[§r§f49§r§8] §r§7ThisBum§7§r§7: whats sf
13:42:44 [allowed] §8[§r§f79§r§8] §r§a[VIP] Guns_Fivos§f§r§f: shadow fury
13:42:49 [allowed] §8[§r§e97§r§8] §r§7❤ §r§b[MVP] Elizabeto§f§r§f: anyone wanna do rev t4 with me
13:42:51 [allowed] §8[§r§717§r§8] §r§a[VIP] Want_Gamer§f§r§f: upgrade sf to giant sword
13:42:52 [allowed] §8[§r§f49§r§8] §r§7ThisBum§7§r§7: what are the req
13:43:02 [allowed] §8[§r§f79§r§8] §r§a[VIP] Guns_Fivos§f§r§f: bro i just sold my giant for sf
13:43:09 [allowed] §8[§r§f79§r§8] §r§a[VIP] Guns_Fivos§f§r§f: and 70m
13:43:14 [allowed] §8[§r§717§r§8] §r§a[VIP] Want_Gamer§f§r§f: I don't havee money
13:43:20 [allowed] §8[§r§f79§r§8] §r§a[VIP] Guns_Fivos§f§r§f: :death_skull:
13:43:23 [allowed] §8[§r§f41§r§8] §r§a[VIP] LittleKing0313§f§r§f: follow me
13:43:43 [allowed] §8[§r§f49§r§8] §r§7ThisBum§7§r§7: bro i suck at catacoambs
13:43:48 [allowed] §8[§r§f79§r§8] §r§a[VIP] Guns_Fivos§f§r§f: whats ur cata
13:43:50 [allowed] §8[§r§f79§r§8] §r§a[VIP] Guns_Fivos§f§r§f: lv
13:43:52 [allowed] §8[§r§f79§r§8] §r§a[VIP] Guns_Fivos§f§r§f: and
13:43:56 [allowed] §8[§r§f79§r§8] §r§a[VIP] Guns_Fivos§f§r§f: your best floor beaten
13:44:08 [allowed] §8[§r§d346§r§8] §r§b♔ §r§a[VIP] RobinderWirt§f§r§f: Du suchst eine freundliche und aktive gilde, die dich im early, mid und late game unterstützt? --> Dann tritt GooDz10, der größten deutschen Gilde bei! --> /g join GooDz10
13:44:13 [allowed] §6[Bazaar] §r§7Putting goods in escrow...
13:44:13 [allowed] §6[Bazaar] §r§7Submitting buy order...
13:44:13 [allowed] §6[Bazaar] §r§7§r§eBuy Order Setup! §r§a32§r§7x §r§5Glossy Gemstone §r§7for §r§6262,400,122 coins§r§7.
13:45:06 [allowed] 
§r§cYou can no longer create API keys with this command.§r
§r§eIf you are a developer, please visit §r§bdeveloper.hypixel.net§r§e to manage your API applications!§r
§r§eYou can also find more details about this change at the announcement thread §r§bhere§r§e.§r
§r
§r§7(This message may have been triggered by one of your installed mods.)
§r§cNote: API keys should not be created for sharing with mods, mods will need to update to no longer use player keys.
13:45:20 [allowed] §aAPI: §r§eMuseum is now enabled!
13:45:36 [allowed] §7Sending to server mini148AQ...
13:45:37 [allowed] §8 §r§8 §r§1 §r§3 §r§3 §r§7 §r§8 
13:45:40 [allowed] §aYou are playing on profile: §ePineapple§b (Co-op)
13:45:40 [allowed] §8Profile ID: 6accdd30-5c34-4840-99a1-da8b87d5f229
13:45:42 [allowed] §cThere are blocks in the way!
13:46:58 [allowed] §cThere are blocks in the way!
13:47:07 [allowed] §cThere are blocks in the way!
13:47:13 [allowed] §cThere are blocks in the way!
