12:29:08 
12:29:08 blocked link because:
12:29:08 isGuiScreen
12:29:08 isNotInSignAndOnSlot
12:29:08 
12:29:08 
12:29:08 blocked link because:
12:29:08 isGuiScreen
12:29:08 isNotInSignAndOnSlot
12:29:08 
12:29:09 
12:29:09 blocked link because:
12:29:09 isGuiScreen
12:29:09 isNotInSignAndOnSlot
12:29:09 
12:29:09 
12:29:09 blocked link because:
12:29:09 isGuiScreen
12:29:09 isNotInSignAndOnSlot
12:29:09 
12:29:09 
12:29:09 blocked link because:
12:29:09 isGuiScreen
12:29:09 isNotInSignAndOnSlot
12:29:09 
12:29:29 
12:29:29 blocked link because:
12:29:29 isGuiScreen
12:29:29 isNotInSignAndOnSlot
12:29:29 
12:29:29 
12:29:29 blocked link because:
12:29:29 isGuiScreen
12:29:29 isNotInSignAndOnSlot
12:29:29 
12:29:29 
12:29:29 blocked link because:
12:29:29 isGuiScreen
12:29:29 isNotInSignAndOnSlot
12:29:29 
12:29:29 
12:29:29 blocked link because:
12:29:29 isGuiScreen
12:29:29 isNotInSignAndOnSlot
12:29:29 
12:29:29 
12:29:29 blocked link because:
12:29:29 isGuiScreen
12:29:29 isNotInSignAndOnSlot
12:29:29 
12:29:29 
12:29:29 blocked link because:
12:29:29 isGuiScreen
12:29:29 isNotInSignAndOnSlot
12:29:29 
12:29:29 
12:29:29 blocked link because:
12:29:29 isGuiScreen
12:29:29 isNotInSignAndOnSlot
12:29:29 
12:29:29 
12:29:29 blocked link because:
12:29:29 isGuiScreen
12:29:29 isNotInSignAndOnSlot
12:29:29 
12:29:32 
12:29:32 blocked link because:
12:29:32 isGuiScreen
12:29:32 isNotInSignAndOnSlot
12:29:32 
12:29:32 
12:29:32 blocked link because:
12:29:32 isGuiScreen
12:29:32 isNotInSignAndOnSlot
12:29:32 
12:29:32 
12:29:32 blocked link because:
12:29:32 isGuiScreen
12:29:32 isNotInSignAndOnSlot
12:29:32 
12:29:32 
12:29:32 blocked link because:
12:29:32 isGuiScreen
12:29:32 isNotInSignAndOnSlot
12:29:32 
12:29:32 
12:29:32 blocked link because:
12:29:32 isGuiScreen
12:29:32 isNotInSignAndOnSlot
12:29:32 
12:29:32 
12:29:32 blocked link because:
12:29:32 isGuiScreen
12:29:32 isNotInSignAndOnSlot
12:29:32 
12:29:32 
12:29:32 blocked link because:
12:29:32 isGuiScreen
12:29:32 isNotInSignAndOnSlot
12:29:32 
12:29:35 
12:29:35 blocked link because:
12:29:35 isGuiScreen
12:29:35 isNotInSignAndOnSlot
12:29:35 
12:29:35 
12:29:35 blocked link because:
12:29:35 isGuiScreen
12:29:35 isNotInSignAndOnSlot
12:29:35 
12:29:35 
12:29:35 blocked link because:
12:29:35 isGuiScreen
12:29:35 isNotInSignAndOnSlot
12:29:35 
12:29:35 
12:29:35 blocked link because:
12:29:35 isGuiScreen
12:29:35 isNotInSignAndOnSlot
12:29:35 
12:29:35 
12:29:35 blocked link because:
12:29:35 isGuiScreen
12:29:35 isNotInSignAndOnSlot
12:29:35 
12:29:35 
12:29:35 blocked link because:
12:29:35 isGuiScreen
12:29:35 isNotInSignAndOnSlot
12:29:35 
12:29:36 
12:29:36 blocked link because:
12:29:36 isGuiScreen
12:29:36 isNotInSignAndOnSlot
12:29:36 
12:29:36 
12:29:36 blocked link because:
12:29:36 isGuiScreen
12:29:36 isNotInSignAndOnSlot
12:29:36 
12:29:37 
12:29:37 blocked link because:
12:29:37 isGuiScreen
12:29:37 isNotInSignAndOnSlot
12:29:37 
12:29:37 
12:29:37 blocked link because:
12:29:37 isGuiScreen
12:29:37 isNotInSignAndOnSlot
12:29:37 
12:29:37 
12:29:37 blocked link because:
12:29:37 isGuiScreen
12:29:37 isNotInSignAndOnSlot
12:29:37 
12:29:37 
12:29:37 blocked link because:
12:29:37 isGuiScreen
12:29:37 isNotInSignAndOnSlot
12:29:37 
12:29:37 
12:29:37 blocked link because:
12:29:37 isGuiScreen
12:29:37 isNotInSignAndOnSlot
12:29:37 
12:29:37 
12:29:37 blocked link because:
12:29:37 isGuiScreen
12:29:37 isNotInSignAndOnSlot
12:29:37 
12:29:37 
12:29:37 blocked link because:
12:29:37 isGuiScreen
12:29:37 isNotInSignAndOnSlot
12:29:37 
12:29:37 
12:29:37 blocked link because:
12:29:37 isGuiScreen
12:29:37 isNotInSignAndOnSlot
12:29:37 
12:29:37 
12:29:37 blocked link because:
12:29:37 isGuiScreen
12:29:37 isNotInSignAndOnSlot
12:29:37 
12:29:37 
12:29:37 blocked link because:
12:29:37 isGuiScreen
12:29:37 isNotInSignAndOnSlot
12:29:37 
12:29:37 
12:29:37 blocked link because:
12:29:37 isGuiScreen
12:29:37 isNotInSignAndOnSlot
12:29:37 
12:29:37 
12:29:37 blocked link because:
12:29:37 isGuiScreen
12:29:37 isNotInSignAndOnSlot
12:29:37 
12:29:37 
12:29:37 blocked link because:
12:29:37 isGuiScreen
12:29:37 isNotInSignAndOnSlot
12:29:37 
12:29:37 
12:29:37 blocked link because:
12:29:37 isGuiScreen
12:29:37 isNotInSignAndOnSlot
12:29:37 
12:29:37 
12:29:37 blocked link because:
12:29:37 isGuiScreen
12:29:37 isNotInSignAndOnSlot
12:29:37 
12:29:37 
12:29:37 blocked link because:
12:29:37 isGuiScreen
12:29:37 isNotInSignAndOnSlot
12:29:37 
12:29:37 
12:29:37 blocked link because:
12:29:37 isGuiScreen
12:29:37 isNotInSignAndOnSlot
12:29:37 
12:29:37 
12:29:37 blocked link because:
12:29:37 isGuiScreen
12:29:37 isNotInSignAndOnSlot
12:29:37 
12:29:37 
12:29:37 blocked link because:
12:29:37 isGuiScreen
12:29:37 isNotInSignAndOnSlot
12:29:37 
12:29:37 
12:29:37 blocked link because:
12:29:37 isGuiScreen
12:29:37 isNotInSignAndOnSlot
12:29:37 
12:29:37 
12:29:37 blocked link because:
12:29:37 isGuiScreen
12:29:37 isNotInSignAndOnSlot
12:29:37 
12:29:37 
12:29:37 blocked link because:
12:29:37 isGuiScreen
12:29:37 isNotInSignAndOnSlot
12:29:37 
12:29:37 
12:29:37 blocked link because:
12:29:37 isGuiScreen
12:29:37 isNotInSignAndOnSlot
12:29:37 
12:29:37 
12:29:37 blocked link because:
12:29:37 isGuiScreen
12:29:37 isNotInSignAndOnSlot
12:29:37 
12:29:38 
12:29:38 blocked link because:
12:29:38 isGuiScreen
12:29:38 isNotInSignAndOnSlot
12:29:38 
12:29:38 
12:29:38 blocked link because:
12:29:38 isGuiScreen
12:29:38 isNotInSignAndOnSlot
12:29:38 
12:29:38 
12:29:38 blocked link because:
12:29:38 isGuiScreen
12:29:38 isNotInSignAndOnSlot
12:29:38 
12:29:38 
12:29:38 blocked link because:
12:29:38 isGuiScreen
12:29:38 isNotInSignAndOnSlot
12:29:38 
12:29:38 
12:29:38 blocked link because:
12:29:38 isGuiScreen
12:29:38 isNotInSignAndOnSlot
12:29:38 
12:29:38 
12:29:38 blocked link because:
12:29:38 isGuiScreen
12:29:38 isNotInSignAndOnSlot
12:29:38 
12:29:38 
12:29:38 blocked link because:
12:29:38 isGuiScreen
12:29:38 isNotInSignAndOnSlot
12:29:38 
12:29:38 
12:29:38 blocked link because:
12:29:38 isGuiScreen
12:29:38 isNotInSignAndOnSlot
12:29:38 
12:29:38 
12:29:38 blocked link because:
12:29:38 isGuiScreen
12:29:38 isNotInSignAndOnSlot
12:29:38 
12:29:38 
12:29:38 blocked link because:
12:29:38 isGuiScreen
12:29:38 isNotInSignAndOnSlot
12:29:38 
12:29:38 
12:29:38 blocked link because:
12:29:38 isGuiScreen
12:29:38 isNotInSignAndOnSlot
12:29:38 
12:29:38 
12:29:38 blocked link because:
12:29:38 isGuiScreen
12:29:38 isNotInSignAndOnSlot
12:29:38 
12:29:38 
12:29:38 blocked link because:
12:29:38 isGuiScreen
12:29:38 isNotInSignAndOnSlot
12:29:38 
12:29:38 
12:29:38 blocked link because:
12:29:38 isGuiScreen
12:29:38 isNotInSignAndOnSlot
12:29:38 
12:29:38 
12:29:38 blocked link because:
12:29:38 isGuiScreen
12:29:38 isNotInSignAndOnSlot
12:29:38 
12:29:38 
12:29:38 blocked link because:
12:29:38 isGuiScreen
12:29:38 isNotInSignAndOnSlot
12:29:38 
12:29:38 
12:29:38 blocked link because:
12:29:38 isGuiScreen
12:29:38 isNotInSignAndOnSlot
12:29:38 
12:29:38 
12:29:38 blocked link because:
12:29:38 isGuiScreen
12:29:38 isNotInSignAndOnSlot
12:29:38 
12:29:38 
12:29:38 blocked link because:
12:29:38 isGuiScreen
12:29:38 isNotInSignAndOnSlot
12:29:38 
12:29:38 
12:29:38 blocked link because:
12:29:38 isGuiScreen
12:29:38 isNotInSignAndOnSlot
12:29:38 
12:29:38 
12:29:38 blocked link because:
12:29:38 isGuiScreen
12:29:38 isNotInSignAndOnSlot
12:29:38 
12:29:38 
12:29:38 blocked link because:
12:29:38 isGuiScreen
12:29:38 isNotInSignAndOnSlot
12:29:38 
12:29:38 
12:29:38 blocked link because:
12:29:38 isGuiScreen
12:29:38 isNotInSignAndOnSlot
12:29:38 
12:29:38 
12:29:38 blocked link because:
12:29:38 isGuiScreen
12:29:38 isNotInSignAndOnSlot
12:29:38 
12:29:38 
12:29:38 blocked link because:
12:29:38 isGuiScreen
12:29:38 isNotInSignAndOnSlot
12:29:38 
12:29:38 
12:29:38 blocked link because:
12:29:38 isGuiScreen
12:29:38 isNotInSignAndOnSlot
12:29:38 
12:29:38 
12:29:38 blocked link because:
12:29:38 isGuiScreen
12:29:38 isNotInSignAndOnSlot
12:29:38 
12:29:38 
12:29:38 blocked link because:
12:29:38 isGuiScreen
12:29:38 isNotInSignAndOnSlot
12:29:38 
12:29:38 
12:29:38 blocked link because:
12:29:38 isGuiScreen
12:29:38 isNotInSignAndOnSlot
12:29:38 
12:29:38 
12:29:38 blocked link because:
12:29:38 isGuiScreen
12:29:38 isNotInSignAndOnSlot
12:29:38 
12:29:38 
12:29:38 blocked link because:
12:29:38 isGuiScreen
12:29:38 isNotInSignAndOnSlot
12:29:38 
12:29:38 
12:29:38 blocked link because:
12:29:38 isGuiScreen
12:29:38 isNotInSignAndOnSlot
12:29:38 
12:29:38 
12:29:38 blocked link because:
12:29:38 isGuiScreen
12:29:38 isNotInSignAndOnSlot
12:29:38 
12:29:38 
12:29:38 blocked link because:
12:29:38 isGuiScreen
12:29:38 isNotInSignAndOnSlot
12:29:38 
12:29:38 
12:29:38 blocked link because:
12:29:38 isGuiScreen
12:29:38 isNotInSignAndOnSlot
12:29:38 
12:29:38 
12:29:38 blocked link because:
12:29:38 isGuiScreen
12:29:38 isNotInSignAndOnSlot
12:29:38 
12:29:38 
12:29:38 blocked link because:
12:29:38 isGuiScreen
12:29:38 isNotInSignAndOnSlot
12:29:38 
12:29:38 
12:29:38 blocked link because:
12:29:38 isGuiScreen
12:29:38 isNotInSignAndOnSlot
12:29:38 
12:29:38 
12:29:38 blocked link because:
12:29:38 isGuiScreen
12:29:38 isNotInSignAndOnSlot
12:29:38 
12:29:38 
12:29:38 blocked link because:
12:29:38 isGuiScreen
12:29:38 isNotInSignAndOnSlot
12:29:38 
12:29:38 
12:29:38 blocked link because:
12:29:38 isGuiScreen
12:29:38 isNotInSignAndOnSlot
12:29:38 
12:29:38 
12:29:38 blocked link because:
12:29:38 isGuiScreen
12:29:38 isNotInSignAndOnSlot
12:29:38 
12:29:38 
12:29:38 blocked link because:
12:29:38 isGuiScreen
12:29:38 isNotInSignAndOnSlot
12:29:38 
12:29:38 
12:29:38 blocked link because:
12:29:38 isGuiScreen
12:29:38 isNotInSignAndOnSlot
12:29:38 
12:29:38 
12:29:38 blocked link because:
12:29:38 isGuiScreen
12:29:38 isNotInSignAndOnSlot
12:29:38 
12:29:38 
12:29:38 blocked link because:
12:29:38 isGuiScreen
12:29:38 isNotInSignAndOnSlot
12:29:38 
12:29:38 
12:29:38 blocked link because:
12:29:38 isGuiScreen
12:29:38 isNotInSignAndOnSlot
12:29:38 
12:29:38 
12:29:38 blocked link because:
12:29:38 isGuiScreen
12:29:38 isNotInSignAndOnSlot
12:29:38 
12:29:39 
12:29:39 blocked link because:
12:29:39 isGuiScreen
12:29:39 isNotInSignAndOnSlot
12:29:39 
12:29:39 
12:29:39 blocked link because:
12:29:39 isGuiScreen
12:29:39 isNotInSignAndOnSlot
12:29:39 
12:29:39 
12:29:39 blocked link because:
12:29:39 isGuiScreen
12:29:39 isNotInSignAndOnSlot
12:29:39 
12:29:39 
12:29:39 blocked link because:
12:29:39 isGuiScreen
12:29:39 isNotInSignAndOnSlot
12:29:39 
12:29:39 
12:29:39 blocked link because:
12:29:39 isGuiScreen
12:29:39 isNotInSignAndOnSlot
12:29:39 
12:29:39 
12:29:39 blocked link because:
12:29:39 isGuiScreen
12:29:39 isNotInSignAndOnSlot
12:29:39 
12:29:39 
12:29:39 blocked link because:
12:29:39 isGuiScreen
12:29:39 isNotInSignAndOnSlot
12:29:39 
12:29:39 
12:29:39 blocked link because:
12:29:39 isGuiScreen
12:29:39 isNotInSignAndOnSlot
12:29:39 
12:29:39 
12:29:39 blocked link because:
12:29:39 isGuiScreen
12:29:39 isNotInSignAndOnSlot
12:29:39 
12:29:39 
12:29:39 blocked link because:
12:29:39 isGuiScreen
12:29:39 isNotInSignAndOnSlot
12:29:39 
12:29:39 
12:29:39 blocked link because:
12:29:39 isGuiScreen
12:29:39 isNotInSignAndOnSlot
12:29:39 
12:29:39 
12:29:39 blocked link because:
12:29:39 isGuiScreen
12:29:39 isNotInSignAndOnSlot
12:29:39 
12:29:39 
12:29:39 blocked link because:
12:29:39 isGuiScreen
12:29:39 isNotInSignAndOnSlot
12:29:39 
12:29:39 
12:29:39 blocked link because:
12:29:39 isGuiScreen
12:29:39 isNotInSignAndOnSlot
12:29:39 
12:29:39 
12:29:39 blocked link because:
12:29:39 isGuiScreen
12:29:39 isNotInSignAndOnSlot
12:29:39 
12:29:39 
12:29:39 blocked link because:
12:29:39 isGuiScreen
12:29:39 isNotInSignAndOnSlot
12:29:39 
12:29:39 
12:29:39 blocked link because:
12:29:39 isGuiScreen
12:29:39 isNotInSignAndOnSlot
12:29:39 
12:29:39 
12:29:39 blocked link because:
12:29:39 isGuiScreen
12:29:39 isNotInSignAndOnSlot
12:29:39 
12:29:39 
12:29:39 blocked link because:
12:29:39 isGuiScreen
12:29:39 isNotInSignAndOnSlot
12:29:39 
12:29:39 
12:29:39 blocked link because:
12:29:39 isGuiScreen
12:29:39 isNotInSignAndOnSlot
12:29:39 
12:29:39 
12:29:39 blocked link because:
12:29:39 isGuiScreen
12:29:39 isNotInSignAndOnSlot
12:29:39 
12:29:39 
12:29:39 blocked link because:
12:29:39 isGuiScreen
12:29:39 isNotInSignAndOnSlot
12:29:39 
12:29:39 
12:29:39 blocked link because:
12:29:39 isGuiScreen
12:29:39 isNotInSignAndOnSlot
12:29:39 
12:29:39 
12:29:39 blocked link because:
12:29:39 isGuiScreen
12:29:39 isNotInSignAndOnSlot
12:29:39 
12:29:39 
12:29:39 blocked link because:
12:29:39 isGuiScreen
12:29:39 isNotInSignAndOnSlot
12:29:39 
12:29:39 
12:29:39 blocked link because:
12:29:39 isGuiScreen
12:29:39 isNotInSignAndOnSlot
12:29:39 
12:29:39 
12:29:39 blocked link because:
12:29:39 isGuiScreen
12:29:39 isNotInSignAndOnSlot
12:29:39 
12:29:39 
12:29:39 blocked link because:
12:29:39 isGuiScreen
12:29:39 isNotInSignAndOnSlot
12:29:39 
12:29:39 
12:29:39 blocked link because:
12:29:39 isGuiScreen
12:29:39 isNotInSignAndOnSlot
12:29:39 
12:29:39 
12:29:39 blocked link because:
12:29:39 isGuiScreen
12:29:39 isNotInSignAndOnSlot
12:29:39 
12:29:39 
12:29:39 blocked link because:
12:29:39 isGuiScreen
12:29:39 isNotInSignAndOnSlot
12:29:39 
12:29:39 
12:29:39 blocked link because:
12:29:39 isGuiScreen
12:29:39 isNotInSignAndOnSlot
12:29:39 
12:29:39 
12:29:39 blocked link because:
12:29:39 isGuiScreen
12:29:39 isNotInSignAndOnSlot
12:29:39 
12:29:39 
12:29:39 blocked link because:
12:29:39 isGuiScreen
12:29:39 isNotInSignAndOnSlot
12:29:39 
12:29:39 
12:29:39 blocked link because:
12:29:39 isGuiScreen
12:29:39 isNotInSignAndOnSlot
12:29:39 
12:29:39 
12:29:39 blocked link because:
12:29:39 isGuiScreen
12:29:39 isNotInSignAndOnSlot
12:29:39 
12:29:39 
12:29:39 blocked link because:
12:29:39 isGuiScreen
12:29:39 isNotInSignAndOnSlot
12:29:39 
12:29:39 
12:29:39 blocked link because:
12:29:39 isGuiScreen
12:29:39 isNotInSignAndOnSlot
12:29:39 
12:29:39 
12:29:39 blocked link because:
12:29:39 isGuiScreen
12:29:39 isNotInSignAndOnSlot
12:29:39 
12:29:39 
12:29:39 blocked link because:
12:29:39 isGuiScreen
12:29:39 isNotInSignAndOnSlot
12:29:39 
12:29:39 
12:29:39 blocked link because:
12:29:39 isGuiScreen
12:29:39 isNotInSignAndOnSlot
12:29:39 
12:29:39 
12:29:39 blocked link because:
12:29:39 isGuiScreen
12:29:39 isNotInSignAndOnSlot
12:29:39 
12:29:39 
12:29:39 blocked link because:
12:29:39 isGuiScreen
12:29:39 isNotInSignAndOnSlot
12:29:39 
12:29:39 
12:29:39 blocked link because:
12:29:39 isGuiScreen
12:29:39 isNotInSignAndOnSlot
12:29:39 
12:29:39 
12:29:39 blocked link because:
12:29:39 isGuiScreen
12:29:39 isNotInSignAndOnSlot
12:29:39 
12:29:39 
12:29:39 blocked link because:
12:29:39 isGuiScreen
12:29:39 isNotInSignAndOnSlot
12:29:39 
12:29:39 
12:29:39 blocked link because:
12:29:39 isGuiScreen
12:29:39 isNotInSignAndOnSlot
12:29:39 
12:29:39 
12:29:39 blocked link because:
12:29:39 isGuiScreen
12:29:39 isNotInSignAndOnSlot
12:29:39 
12:29:39 
12:29:39 blocked link because:
12:29:39 isGuiScreen
12:29:39 isNotInSignAndOnSlot
12:29:39 
12:29:39 
12:29:39 blocked link because:
12:29:39 isGuiScreen
12:29:39 isNotInSignAndOnSlot
12:29:39 
12:29:39 
12:29:39 blocked link because:
12:29:39 isGuiScreen
12:29:39 isNotInSignAndOnSlot
12:29:39 
12:29:39 
12:29:39 blocked link because:
12:29:39 isGuiScreen
12:29:39 isNotInSignAndOnSlot
12:29:39 
12:29:39 
12:29:39 blocked link because:
12:29:39 isGuiScreen
12:29:39 isNotInSignAndOnSlot
12:29:39 
12:29:39 
12:29:39 blocked link because:
12:29:39 isGuiScreen
12:29:39 isNotInSignAndOnSlot
12:29:39 
12:29:39 
12:29:39 blocked link because:
12:29:39 isGuiScreen
12:29:39 isNotInSignAndOnSlot
12:29:39 
12:29:39 
12:29:39 blocked link because:
12:29:39 isGuiScreen
12:29:39 isNotInSignAndOnSlot
12:29:39 
12:29:39 
12:29:39 blocked link because:
12:29:39 isGuiScreen
12:29:39 isNotInSignAndOnSlot
12:29:39 
12:29:39 
12:29:39 blocked link because:
12:29:39 isGuiScreen
12:29:39 isNotInSignAndOnSlot
12:29:39 
12:29:50 
12:29:50 blocked link because:
12:29:50 isGuiScreen
12:29:50 isNotInSignAndOnSlot
12:29:50 
12:29:50 
12:29:50 blocked link because:
12:29:50 isGuiScreen
12:29:50 isNotInSignAndOnSlot
12:29:50 
12:29:50 
12:29:50 blocked link because:
12:29:50 isGuiScreen
12:29:50 isNotInSignAndOnSlot
12:29:50 
12:29:50 
12:29:50 blocked link because:
12:29:50 isGuiScreen
12:29:50 isNotInSignAndOnSlot
12:29:50 
12:29:50 
12:29:50 blocked link because:
12:29:50 isGuiScreen
12:29:50 isNotInSignAndOnSlot
12:29:50 
12:29:50 
12:29:50 blocked link because:
12:29:50 isGuiScreen
12:29:50 isNotInSignAndOnSlot
12:29:50 
12:29:50 
12:29:50 blocked link because:
12:29:50 isGuiScreen
12:29:50 isNotInSignAndOnSlot
12:29:50 
12:29:50 
12:29:50 blocked link because:
12:29:50 isGuiScreen
12:29:50 isNotInSignAndOnSlot
12:29:50 
12:29:50 
12:29:50 blocked link because:
12:29:50 isGuiScreen
12:29:50 isNotInSignAndOnSlot
12:29:50 
12:29:50 
12:29:50 blocked link because:
12:29:50 isGuiScreen
12:29:50 isNotInSignAndOnSlot
12:29:50 
12:29:50 
12:29:50 blocked link because:
12:29:50 isGuiScreen
12:29:50 isNotInSignAndOnSlot
12:29:50 
12:29:50 
12:29:50 blocked link because:
12:29:50 isGuiScreen
12:29:50 isNotInSignAndOnSlot
12:29:50 
12:29:50 
12:29:50 blocked link because:
12:29:50 isGuiScreen
12:29:50 isNotInSignAndOnSlot
12:29:50 
12:29:50 
12:29:50 blocked link because:
12:29:50 isGuiScreen
12:29:50 isNotInSignAndOnSlot
12:29:50 
12:29:50 
12:29:50 blocked link because:
12:29:50 isGuiScreen
12:29:50 isNotInSignAndOnSlot
12:29:50 
12:29:50 
12:29:50 blocked link because:
12:29:50 isGuiScreen
12:29:50 isNotInSignAndOnSlot
12:29:50 
12:29:50 
12:29:50 blocked link because:
12:29:50 isGuiScreen
12:29:50 isNotInSignAndOnSlot
12:29:50 
12:29:50 
12:29:50 blocked link because:
12:29:50 isGuiScreen
12:29:50 isNotInSignAndOnSlot
12:29:50 
12:29:52 
12:29:52 blocked link because:
12:29:52 isGuiScreen
12:29:52 isNotInSignAndOnSlot
12:29:52 
12:29:52 
12:29:52 blocked link because:
12:29:52 isGuiScreen
12:29:52 isNotInSignAndOnSlot
12:29:52 
12:29:52 
12:29:52 blocked link because:
12:29:52 isGuiScreen
12:29:52 isNotInSignAndOnSlot
12:29:52 
12:29:52 
12:29:52 blocked link because:
12:29:52 isGuiScreen
12:29:52 isNotInSignAndOnSlot
12:29:52 
12:29:52 
12:29:52 blocked link because:
12:29:52 isGuiScreen
12:29:52 isNotInSignAndOnSlot
12:29:52 
12:29:52 
12:29:52 blocked link because:
12:29:52 isGuiScreen
12:29:52 isNotInSignAndOnSlot
12:29:52 
12:29:52 
12:29:52 blocked link because:
12:29:52 isGuiScreen
12:29:52 isNotInSignAndOnSlot
12:29:52 
12:29:52 
12:29:52 blocked link because:
12:29:52 isGuiScreen
12:29:52 isNotInSignAndOnSlot
12:29:52 
12:29:52 
12:29:52 blocked link because:
12:29:52 isGuiScreen
12:29:52 isNotInSignAndOnSlot
12:29:52 
12:29:52 
12:29:52 blocked link because:
12:29:52 isGuiScreen
12:29:52 isNotInSignAndOnSlot
12:29:52 
12:29:52 
12:29:52 blocked link because:
12:29:52 isGuiScreen
12:29:52 isNotInSignAndOnSlot
12:29:52 
12:29:52 
12:29:52 blocked link because:
12:29:52 isGuiScreen
12:29:52 isNotInSignAndOnSlot
12:29:52 
12:29:52 
12:29:52 blocked link because:
12:29:52 isGuiScreen
12:29:52 isNotInSignAndOnSlot
12:29:52 
12:29:52 
12:29:52 blocked link because:
12:29:52 isGuiScreen
12:29:52 isNotInSignAndOnSlot
12:29:52 
12:29:53 
12:29:53 blocked link because:
12:29:53 isGuiScreen
12:29:53 isNotInSignAndOnSlot
12:29:53 
12:29:53 
12:29:53 blocked link because:
12:29:53 isGuiScreen
12:29:53 isNotInSignAndOnSlot
12:29:53 
12:30:08 
12:30:08 blocked link because:
12:30:08 isNotInSignAndOnSlot
12:30:08 
12:30:08 
12:30:08 blocked link because:
12:30:08 isNotInSignAndOnSlot
12:30:08 
12:30:08 
12:30:08 blocked link because:
12:30:08 isNotInSignAndOnSlot
12:30:08 
12:30:08 
12:30:08 blocked link because:
12:30:08 isNotInSignAndOnSlot
12:30:08 
12:30:08 
12:30:08 blocked link because:
12:30:08 isNotInSignAndOnSlot
12:30:08 
12:30:08 
12:30:08 blocked link because:
12:30:08 isNotInSignAndOnSlot
12:30:08 
12:30:08 
12:30:08 blocked link because:
12:30:08 isNotInSignAndOnSlot
12:30:08 
12:30:08 
12:30:08 blocked link because:
12:30:08 isNotInSignAndOnSlot
12:30:08 
12:30:08 
12:30:08 blocked link because:
12:30:08 isNotInSignAndOnSlot
12:30:08 
12:30:08 
12:30:08 blocked link because:
12:30:08 isNotInSignAndOnSlot
12:30:08 
12:30:08 
12:30:08 blocked link because:
12:30:08 isNotInSignAndOnSlot
12:30:08 
12:30:08 
12:30:08 blocked link because:
12:30:08 isNotInSignAndOnSlot
12:30:08 
12:30:08 
12:30:08 blocked link because:
12:30:08 isNotInSignAndOnSlot
12:30:08 
12:30:08 
12:30:08 blocked link because:
12:30:08 isNotInSignAndOnSlot
12:30:08 
12:30:08 
12:30:08 blocked link because:
12:30:08 isNotInSignAndOnSlot
12:30:08 
12:30:08 
12:30:08 blocked link because:
12:30:08 isNotInSignAndOnSlot
12:30:08 
12:30:08 
12:30:08 blocked link because:
12:30:08 isNotInSignAndOnSlot
12:30:08 
12:30:08 
12:30:08 blocked link because:
12:30:08 isNotInSignAndOnSlot
12:30:08 
12:30:08 
12:30:08 blocked link because:
12:30:08 isNotInSignAndOnSlot
12:30:08 
12:30:08 
12:30:08 blocked link because:
12:30:08 isNotInSignAndOnSlot
12:30:08 
12:30:08 
12:30:08 blocked link because:
12:30:08 isNotInSignAndOnSlot
12:30:08 
12:30:08 
12:30:08 blocked link because:
12:30:08 isNotInSignAndOnSlot
12:30:08 
12:30:08 
12:30:08 blocked link because:
12:30:08 isNotInSignAndOnSlot
12:30:08 
12:30:08 
12:30:08 blocked link because:
12:30:08 isNotInSignAndOnSlot
12:30:08 
12:30:08 
12:30:08 blocked link because:
12:30:08 isNotInSignAndOnSlot
12:30:08 
12:30:08 
12:30:08 blocked link because:
12:30:08 isNotInSignAndOnSlot
12:30:08 
12:30:08 
12:30:08 blocked link because:
12:30:08 isNotInSignAndOnSlot
12:30:08 
12:30:08 
12:30:08 blocked link because:
12:30:08 isNotInSignAndOnSlot
12:30:08 
12:30:08 
12:30:08 blocked link because:
12:30:08 isNotInSignAndOnSlot
12:30:08 
12:30:08 
12:30:08 blocked link because:
12:30:08 isNotInSignAndOnSlot
12:30:08 
12:30:08 
12:30:08 blocked link because:
12:30:08 isNotInSignAndOnSlot
12:30:08 
12:30:08 
12:30:08 blocked link because:
12:30:08 isNotInSignAndOnSlot
12:30:08 
12:30:08 
12:30:08 blocked link because:
12:30:08 isNotInSignAndOnSlot
12:30:08 
12:30:08 
12:30:08 blocked link because:
12:30:08 isNotInSignAndOnSlot
12:30:08 
12:30:08 
12:30:08 blocked link because:
12:30:08 isNotInSignAndOnSlot
12:30:08 
12:30:08 
12:30:08 blocked link because:
12:30:08 isNotInSignAndOnSlot
12:30:08 
12:30:08 
12:30:08 blocked link because:
12:30:08 isNotInSignAndOnSlot
12:30:08 
12:30:08 
12:30:08 blocked link because:
12:30:08 isNotInSignAndOnSlot
12:30:08 
12:30:08 
12:30:08 blocked link because:
12:30:08 isNotInSignAndOnSlot
12:30:08 
12:30:08 
12:30:08 blocked link because:
12:30:08 isNotInSignAndOnSlot
12:30:08 
12:30:08 
12:30:08 blocked link because:
12:30:08 isNotInSignAndOnSlot
12:30:08 
12:30:08 
12:30:08 blocked link because:
12:30:08 isNotInSignAndOnSlot
12:30:08 
12:30:08 
12:30:08 blocked link because:
12:30:08 isNotInSignAndOnSlot
12:30:08 
12:30:08 
12:30:08 blocked link because:
12:30:08 isNotInSignAndOnSlot
12:30:08 
12:30:08 
12:30:08 blocked link because:
12:30:08 isNotInSignAndOnSlot
12:30:08 
12:30:08 
12:30:08 blocked link because:
12:30:08 isNotInSignAndOnSlot
12:30:08 
12:30:08 
12:30:08 blocked link because:
12:30:08 isNotInSignAndOnSlot
12:30:08 
12:30:08 
12:30:08 blocked link because:
12:30:08 isNotInSignAndOnSlot
12:30:08 
12:30:08 
12:30:08 blocked link because:
12:30:08 isNotInSignAndOnSlot
12:30:08 
12:30:08 
12:30:08 blocked link because:
12:30:08 isNotInSignAndOnSlot
12:30:08 
12:30:08 
12:30:08 blocked link because:
12:30:08 isNotInSignAndOnSlot
12:30:08 
12:30:08 
12:30:08 blocked link because:
12:30:08 isNotInSignAndOnSlot
12:30:08 
12:30:08 
12:30:08 blocked link because:
12:30:08 isNotInSignAndOnSlot
12:30:08 
12:30:08 
12:30:08 blocked link because:
12:30:08 isNotInSignAndOnSlot
12:30:08 
12:30:08 
12:30:08 blocked link because:
12:30:08 isNotInSignAndOnSlot
12:30:08 
12:30:08 
12:30:08 blocked link because:
12:30:08 isNotInSignAndOnSlot
12:30:08 
12:30:08 
12:30:08 blocked link because:
12:30:08 isNotInSignAndOnSlot
12:30:08 
12:30:08 
12:30:08 blocked link because:
12:30:08 isNotInSignAndOnSlot
12:30:08 
12:30:08 
12:30:08 blocked link because:
12:30:08 isNotInSignAndOnSlot
12:30:08 
12:30:08 
12:30:08 blocked link because:
12:30:08 isNotInSignAndOnSlot
12:30:08 
12:30:08 
12:30:08 blocked link because:
12:30:08 isNotInSignAndOnSlot
12:30:08 
12:30:08 
12:30:08 blocked link because:
12:30:08 isNotInSignAndOnSlot
12:30:08 
12:30:08 
12:30:08 blocked link because:
12:30:08 isNotInSignAndOnSlot
12:30:08 
12:30:08 
12:30:08 blocked link because:
12:30:08 isNotInSignAndOnSlot
12:30:08 
12:30:08 
12:30:08 blocked link because:
12:30:08 isNotInSignAndOnSlot
12:30:08 
12:30:08 
12:30:08 blocked link because:
12:30:08 isNotInSignAndOnSlot
12:30:08 
12:30:08 
12:30:08 blocked link because:
12:30:08 isNotInSignAndOnSlot
12:30:08 
12:30:08 
12:30:08 blocked link because:
12:30:08 isNotInSignAndOnSlot
12:30:08 
12:30:08 
12:30:08 blocked link because:
12:30:08 isNotInSignAndOnSlot
12:30:08 
12:30:08 
12:30:08 blocked link because:
12:30:08 isNotInSignAndOnSlot
12:30:08 
12:30:08 
12:30:08 blocked link because:
12:30:08 isNotInSignAndOnSlot
12:30:08 
12:30:08 
12:30:08 blocked link because:
12:30:08 isNotInSignAndOnSlot
12:30:08 
12:30:08 
12:30:08 blocked link because:
12:30:08 isNotInSignAndOnSlot
12:30:08 
12:30:08 
12:30:08 blocked link because:
12:30:08 isNotInSignAndOnSlot
12:30:08 
12:30:08 
12:30:08 blocked link because:
12:30:08 isNotInSignAndOnSlot
12:30:08 
12:30:08 
12:30:08 blocked link because:
12:30:08 isNotInSignAndOnSlot
12:30:08 
12:30:08 
12:30:08 blocked link because:
12:30:08 isNotInSignAndOnSlot
12:30:08 
12:30:08 
12:30:08 blocked link because:
12:30:08 isNotInSignAndOnSlot
12:30:08 
12:30:08 
12:30:08 blocked link because:
12:30:08 isNotInSignAndOnSlot
12:30:08 
12:30:08 
12:30:08 blocked link because:
12:30:08 isNotInSignAndOnSlot
12:30:08 
12:30:08 
12:30:08 blocked link because:
12:30:08 isNotInSignAndOnSlot
12:30:08 
12:30:08 
12:30:08 blocked link because:
12:30:08 isNotInSignAndOnSlot
12:30:08 
12:30:08 
12:30:08 blocked link because:
12:30:08 isNotInSignAndOnSlot
12:30:08 
12:30:08 
12:30:08 blocked link because:
12:30:08 isNotInSignAndOnSlot
12:30:08 
12:30:08 
12:30:08 blocked link because:
12:30:08 isNotInSignAndOnSlot
12:30:08 
12:30:08 
12:30:08 blocked link because:
12:30:08 isNotInSignAndOnSlot
12:30:08 
12:30:08 
12:30:08 blocked link because:
12:30:08 isNotInSignAndOnSlot
12:30:08 
12:30:08 
12:30:08 blocked link because:
12:30:08 isNotInSignAndOnSlot
12:30:08 
12:30:08 
12:30:08 blocked link because:
12:30:08 isNotInSignAndOnSlot
12:30:08 
12:30:08 
12:30:08 blocked link because:
12:30:08 isNotInSignAndOnSlot
12:30:08 
12:30:08 
12:30:08 blocked link because:
12:30:08 isNotInSignAndOnSlot
12:30:08 
12:30:08 
12:30:08 blocked link because:
12:30:08 isNotInSignAndOnSlot
12:30:08 
12:30:08 
12:30:08 blocked link because:
12:30:08 isNotInSignAndOnSlot
12:30:08 
12:30:08 
12:30:08 blocked link because:
12:30:08 isNotInSignAndOnSlot
12:30:08 
12:30:08 
12:30:08 blocked link because:
12:30:08 isNotInSignAndOnSlot
12:30:08 
12:30:08 
12:30:08 blocked link because:
12:30:08 isNotInSignAndOnSlot
12:30:08 
12:30:08 
12:30:08 blocked link because:
12:30:08 isNotInSignAndOnSlot
12:30:08 
12:30:08 
12:30:08 blocked link because:
12:30:08 isNotInSignAndOnSlot
12:30:08 
12:30:08 
12:30:08 blocked link because:
12:30:08 isNotInSignAndOnSlot
12:30:08 
12:30:08 
12:30:08 blocked link because:
12:30:08 isNotInSignAndOnSlot
12:30:08 
12:30:08 
12:30:08 blocked link because:
12:30:08 isNotInSignAndOnSlot
12:30:08 
12:30:08 
12:30:08 blocked link because:
12:30:08 isNotInSignAndOnSlot
12:30:08 
12:30:08 
12:30:08 blocked link because:
12:30:08 isNotInSignAndOnSlot
12:30:08 
12:30:08 
12:30:08 blocked link because:
12:30:08 isNotInSignAndOnSlot
12:30:08 
12:30:08 
12:30:08 blocked link because:
12:30:08 isNotInSignAndOnSlot
12:30:08 
12:30:08 
12:30:08 blocked link because:
12:30:08 isNotInSignAndOnSlot
12:30:08 
12:30:08 
12:30:08 blocked link because:
12:30:08 isNotInSignAndOnSlot
12:30:08 
12:30:08 
12:30:08 blocked link because:
12:30:08 isNotInSignAndOnSlot
12:30:08 
12:30:08 
12:30:08 blocked link because:
12:30:08 isNotInSignAndOnSlot
12:30:08 
12:30:08 
12:30:08 blocked link because:
12:30:08 isNotInSignAndOnSlot
12:30:08 
12:30:08 
12:30:08 blocked link because:
12:30:08 isNotInSignAndOnSlot
12:30:08 
12:30:08 
12:30:08 blocked link because:
12:30:08 isNotInSignAndOnSlot
12:30:08 
12:30:08 
12:30:08 blocked link because:
12:30:08 isNotInSignAndOnSlot
12:30:08 
12:30:08 
12:30:08 blocked link because:
12:30:08 isNotInSignAndOnSlot
12:30:08 
12:30:08 
12:30:08 blocked link because:
12:30:08 isNotInSignAndOnSlot
12:30:08 
12:30:08 
12:30:08 blocked link because:
12:30:08 isNotInSignAndOnSlot
12:30:08 
12:30:08 
12:30:08 blocked link because:
12:30:08 isNotInSignAndOnSlot
12:30:08 
12:30:08 
12:30:08 blocked link because:
12:30:08 isNotInSignAndOnSlot
12:30:08 
12:30:08 
12:30:08 blocked link because:
12:30:08 isNotInSignAndOnSlot
12:30:08 
12:30:08 
12:30:08 blocked link because:
12:30:08 isNotInSignAndOnSlot
12:30:08 
12:30:08 
12:30:08 blocked link because:
12:30:08 isNotInSignAndOnSlot
12:30:08 
12:30:08 
12:30:08 blocked link because:
12:30:08 isNotInSignAndOnSlot
12:30:08 
12:30:08 
12:30:08 blocked link because:
12:30:08 isNotInSignAndOnSlot
12:30:08 
12:30:08 
12:30:08 blocked link because:
12:30:08 isNotInSignAndOnSlot
12:30:08 
12:30:08 
12:30:08 blocked link because:
12:30:08 isNotInSignAndOnSlot
12:30:08 
12:30:08 
12:30:08 blocked link because:
12:30:08 isNotInSignAndOnSlot
12:30:08 
12:30:08 
12:30:08 blocked link because:
12:30:08 isNotInSignAndOnSlot
12:30:08 
12:30:08 
12:30:08 blocked link because:
12:30:08 isNotInSignAndOnSlot
12:30:08 
12:30:08 
12:30:08 blocked link because:
12:30:08 isNotInSignAndOnSlot
12:30:08 
12:30:08 
12:30:08 blocked link because:
12:30:08 isNotInSignAndOnSlot
12:30:08 
12:30:08 
12:30:08 blocked link because:
12:30:08 isNotInSignAndOnSlot
12:30:08 
12:30:08 
12:30:08 blocked link because:
12:30:08 isNotInSignAndOnSlot
12:30:08 
12:30:08 
12:30:08 blocked link because:
12:30:08 isNotInSignAndOnSlot
12:30:08 
12:30:08 
12:30:08 blocked link because:
12:30:08 isNotInSignAndOnSlot
12:30:08 
12:30:08 
12:30:08 blocked link because:
12:30:08 isNotInSignAndOnSlot
12:30:08 
12:30:08 
12:30:08 blocked link because:
12:30:08 isNotInSignAndOnSlot
12:30:08 
12:30:08 
12:30:08 blocked link because:
12:30:08 isNotInSignAndOnSlot
12:30:08 
12:30:08 
12:30:08 blocked link because:
12:30:08 isNotInSignAndOnSlot
12:30:08 
12:30:08 
12:30:08 blocked link because:
12:30:08 isNotInSignAndOnSlot
12:30:08 
12:30:08 
12:30:08 blocked link because:
12:30:08 isNotInSignAndOnSlot
12:30:08 
12:30:08 
12:30:08 blocked link because:
12:30:08 isNotInSignAndOnSlot
12:30:08 
12:30:08 
12:30:08 blocked link because:
12:30:08 isNotInSignAndOnSlot
12:30:08 
12:30:08 
12:30:08 blocked link because:
12:30:08 isNotInSignAndOnSlot
12:30:08 
12:30:08 
12:30:08 blocked link because:
12:30:08 isNotInSignAndOnSlot
12:30:08 
12:30:08 
12:30:08 blocked link because:
12:30:08 isNotInSignAndOnSlot
12:30:08 
12:30:08 
12:30:08 blocked link because:
12:30:08 isNotInSignAndOnSlot
12:30:08 
12:30:08 
12:30:08 blocked link because:
12:30:08 isNotInSignAndOnSlot
12:30:08 
12:30:09 
12:30:09 blocked link because:
12:30:09 isNotInSignAndOnSlot
12:30:09 
12:30:09 
12:30:09 blocked link because:
12:30:09 isNotInSignAndOnSlot
12:30:09 
12:30:09 
12:30:09 blocked link because:
12:30:09 isNotInSignAndOnSlot
12:30:09 
12:30:09 
12:30:09 blocked link because:
12:30:09 isNotInSignAndOnSlot
12:30:09 
12:30:09 
12:30:09 blocked link because:
12:30:09 isNotInSignAndOnSlot
12:30:09 
12:30:09 
12:30:09 blocked link because:
12:30:09 isNotInSignAndOnSlot
12:30:09 
12:30:09 
12:30:09 blocked link because:
12:30:09 isNotInSignAndOnSlot
12:30:09 
12:30:09 
12:30:09 blocked link because:
12:30:09 isNotInSignAndOnSlot
12:30:09 
12:30:09 
12:30:09 blocked link because:
12:30:09 isNotInSignAndOnSlot
12:30:09 
12:30:09 
12:30:09 blocked link because:
12:30:09 isNotInSignAndOnSlot
12:30:09 
12:30:09 
12:30:09 blocked link because:
12:30:09 isNotInSignAndOnSlot
12:30:09 
12:30:09 
12:30:09 blocked link because:
12:30:09 isNotInSignAndOnSlot
12:30:09 
12:30:09 
12:30:09 blocked link because:
12:30:09 isNotInSignAndOnSlot
12:30:09 
12:30:09 
12:30:09 blocked link because:
12:30:09 isNotInSignAndOnSlot
12:30:09 
12:30:09 
12:30:09 blocked link because:
12:30:09 isNotInSignAndOnSlot
12:30:09 
12:30:09 
12:30:09 blocked link because:
12:30:09 isNotInSignAndOnSlot
12:30:09 
12:30:09 
12:30:09 blocked link because:
12:30:09 isNotInSignAndOnSlot
12:30:09 
12:30:09 
12:30:09 blocked link because:
12:30:09 isNotInSignAndOnSlot
12:30:09 
12:30:09 
12:30:09 blocked link because:
12:30:09 isNotInSignAndOnSlot
12:30:09 
12:30:09 
12:30:09 blocked link because:
12:30:09 isNotInSignAndOnSlot
12:30:09 
12:30:09 
12:30:09 blocked link because:
12:30:09 isNotInSignAndOnSlot
12:30:09 
12:30:09 
12:30:09 blocked link because:
12:30:09 isNotInSignAndOnSlot
12:30:09 
12:30:09 
12:30:09 blocked link because:
12:30:09 isNotInSignAndOnSlot
12:30:09 
12:30:09 
12:30:09 blocked link because:
12:30:09 isNotInSignAndOnSlot
12:30:09 
12:30:09 
12:30:09 blocked link because:
12:30:09 isNotInSignAndOnSlot
12:30:09 
12:30:09 
12:30:09 blocked link because:
12:30:09 isNotInSignAndOnSlot
12:30:09 
12:30:09 
12:30:09 blocked link because:
12:30:09 isNotInSignAndOnSlot
12:30:09 
12:30:09 
12:30:09 blocked link because:
12:30:09 isNotInSignAndOnSlot
12:30:09 
12:30:09 
12:30:09 blocked link because:
12:30:09 isNotInSignAndOnSlot
12:30:09 
12:30:09 
12:30:09 blocked link because:
12:30:09 isNotInSignAndOnSlot
12:30:09 
12:30:09 
12:30:09 blocked link because:
12:30:09 isNotInSignAndOnSlot
12:30:09 
12:30:09 
12:30:09 blocked link because:
12:30:09 isNotInSignAndOnSlot
12:30:09 
12:30:09 
12:30:09 blocked link because:
12:30:09 isNotInSignAndOnSlot
12:30:09 
12:30:09 
12:30:09 blocked link because:
12:30:09 isNotInSignAndOnSlot
12:30:09 
12:30:09 
12:30:09 blocked link because:
12:30:09 isNotInSignAndOnSlot
12:30:09 
12:30:09 
12:30:09 blocked link because:
12:30:09 isNotInSignAndOnSlot
12:30:09 
12:30:09 
12:30:09 blocked link because:
12:30:09 isNotInSignAndOnSlot
12:30:09 
12:30:09 
12:30:09 blocked link because:
12:30:09 isNotInSignAndOnSlot
12:30:09 
12:30:09 
12:30:09 blocked link because:
12:30:09 isNotInSignAndOnSlot
12:30:09 
12:30:09 
12:30:09 blocked link because:
12:30:09 isNotInSignAndOnSlot
12:30:09 
12:30:09 
12:30:09 blocked link because:
12:30:09 isNotInSignAndOnSlot
12:30:09 
12:30:09 
12:30:09 blocked link because:
12:30:09 isNotInSignAndOnSlot
12:30:09 
12:30:09 
12:30:09 blocked link because:
12:30:09 isNotInSignAndOnSlot
12:30:09 
12:30:09 
12:30:09 blocked link because:
12:30:09 isNotInSignAndOnSlot
12:30:09 
12:30:09 
12:30:09 blocked link because:
12:30:09 isNotInSignAndOnSlot
12:30:09 
12:30:09 
12:30:09 blocked link because:
12:30:09 isNotInSignAndOnSlot
12:30:09 
12:30:09 
12:30:09 blocked link because:
12:30:09 isNotInSignAndOnSlot
12:30:09 
12:30:09 
12:30:09 blocked link because:
12:30:09 isNotInSignAndOnSlot
12:30:09 
12:30:09 
12:30:09 blocked link because:
12:30:09 isNotInSignAndOnSlot
12:30:09 
12:30:09 
12:30:09 blocked link because:
12:30:09 isNotInSignAndOnSlot
12:30:09 
12:30:09 
12:30:09 blocked link because:
12:30:09 isNotInSignAndOnSlot
12:30:09 
12:30:09 
12:30:09 blocked link because:
12:30:09 isNotInSignAndOnSlot
12:30:09 
12:30:09 
12:30:09 blocked link because:
12:30:09 isNotInSignAndOnSlot
12:30:09 
12:30:09 
12:30:09 blocked link because:
12:30:09 isNotInSignAndOnSlot
12:30:09 
12:30:09 
12:30:09 blocked link because:
12:30:09 isNotInSignAndOnSlot
12:30:09 
12:30:09 
12:30:09 blocked link because:
12:30:09 isNotInSignAndOnSlot
12:30:09 
12:30:09 
12:30:09 blocked link because:
12:30:09 isNotInSignAndOnSlot
12:30:09 
12:30:09 
12:30:09 blocked link because:
12:30:09 isNotInSignAndOnSlot
12:30:09 
12:30:09 
12:30:09 blocked link because:
12:30:09 isNotInSignAndOnSlot
12:30:09 
12:30:09 
12:30:09 blocked link because:
12:30:09 isNotInSignAndOnSlot
12:30:09 
12:30:09 
12:30:09 blocked link because:
12:30:09 isNotInSignAndOnSlot
12:30:09 
12:30:09 
12:30:09 blocked link because:
12:30:09 isNotInSignAndOnSlot
12:30:09 
12:30:09 
12:30:09 blocked link because:
12:30:09 isNotInSignAndOnSlot
12:30:09 
12:30:09 
12:30:09 blocked link because:
12:30:09 isNotInSignAndOnSlot
12:30:09 
12:30:09 
12:30:09 blocked link because:
12:30:09 isNotInSignAndOnSlot
12:30:09 
12:30:09 
12:30:09 blocked link because:
12:30:09 isNotInSignAndOnSlot
12:30:09 
12:30:09 
12:30:09 blocked link because:
12:30:09 isNotInSignAndOnSlot
12:30:09 
12:30:09 
12:30:09 blocked link because:
12:30:09 isNotInSignAndOnSlot
12:30:09 
12:30:09 
12:30:09 blocked link because:
12:30:09 isNotInSignAndOnSlot
12:30:09 
12:30:09 
12:30:09 blocked link because:
12:30:09 isNotInSignAndOnSlot
12:30:09 
12:30:09 
12:30:09 blocked link because:
12:30:09 isNotInSignAndOnSlot
12:30:09 
12:30:09 
12:30:09 blocked link because:
12:30:09 isNotInSignAndOnSlot
12:30:09 
12:30:09 
12:30:09 blocked link because:
12:30:09 isNotInSignAndOnSlot
12:30:09 
12:30:09 
12:30:09 blocked link because:
12:30:09 isNotInSignAndOnSlot
12:30:09 
12:30:09 
12:30:09 blocked link because:
12:30:09 isNotInSignAndOnSlot
12:30:09 
12:30:09 
12:30:09 blocked link because:
12:30:09 isNotInSignAndOnSlot
12:30:09 
12:30:09 
12:30:09 blocked link because:
12:30:09 isNotInSignAndOnSlot
12:30:09 
12:30:09 
12:30:09 blocked link because:
12:30:09 isNotInSignAndOnSlot
12:30:09 
12:30:09 
12:30:09 blocked link because:
12:30:09 isNotInSignAndOnSlot
12:30:09 
12:30:09 
12:30:09 blocked link because:
12:30:09 isNotInSignAndOnSlot
12:30:09 
12:30:09 
12:30:09 blocked link because:
12:30:09 isNotInSignAndOnSlot
12:30:09 
12:30:09 
12:30:09 blocked link because:
12:30:09 isNotInSignAndOnSlot
12:30:09 
12:30:09 
12:30:09 blocked link because:
12:30:09 isNotInSignAndOnSlot
12:30:09 
12:30:09 
12:30:09 blocked link because:
12:30:09 isNotInSignAndOnSlot
12:30:09 
12:30:09 
12:30:09 blocked link because:
12:30:09 isNotInSignAndOnSlot
12:30:09 
12:30:09 
12:30:09 blocked link because:
12:30:09 isNotInSignAndOnSlot
12:30:09 
12:30:09 
12:30:09 blocked link because:
12:30:09 isNotInSignAndOnSlot
12:30:09 
12:30:09 
12:30:09 blocked link because:
12:30:09 isNotInSignAndOnSlot
12:30:09 
12:30:09 
12:30:09 blocked link because:
12:30:09 isNotInSignAndOnSlot
12:30:09 
12:30:09 
12:30:09 blocked link because:
12:30:09 isNotInSignAndOnSlot
12:30:09 
12:30:09 
12:30:09 blocked link because:
12:30:09 isNotInSignAndOnSlot
12:30:09 
12:30:09 
12:30:09 blocked link because:
12:30:09 isNotInSignAndOnSlot
12:30:09 
12:30:09 
12:30:09 blocked link because:
12:30:09 isNotInSignAndOnSlot
12:30:09 
12:30:09 
12:30:09 blocked link because:
12:30:09 isNotInSignAndOnSlot
12:30:09 
12:30:09 
12:30:09 blocked link because:
12:30:09 isNotInSignAndOnSlot
12:30:09 
12:30:09 
12:30:09 blocked link because:
12:30:09 isNotInSignAndOnSlot
12:30:09 
12:30:09 
12:30:09 blocked link because:
12:30:09 isNotInSignAndOnSlot
12:30:09 
12:30:09 
12:30:09 blocked link because:
12:30:09 isNotInSignAndOnSlot
12:30:09 
12:30:09 
12:30:09 blocked link because:
12:30:09 isNotInSignAndOnSlot
12:30:09 
12:30:09 
12:30:09 blocked link because:
12:30:09 isNotInSignAndOnSlot
12:30:09 
12:30:09 
12:30:09 blocked link because:
12:30:09 isNotInSignAndOnSlot
12:30:09 
12:30:09 
12:30:09 blocked link because:
12:30:09 isNotInSignAndOnSlot
12:30:09 
12:30:09 
12:30:09 blocked link because:
12:30:09 isNotInSignAndOnSlot
12:30:09 
12:30:09 
12:30:09 blocked link because:
12:30:09 isNotInSignAndOnSlot
12:30:09 
12:30:09 
12:30:09 blocked link because:
12:30:09 isNotInSignAndOnSlot
12:30:09 
12:30:09 
12:30:09 blocked link because:
12:30:09 isNotInSignAndOnSlot
12:30:09 
12:30:09 
12:30:09 blocked link because:
12:30:09 isNotInSignAndOnSlot
12:30:09 
12:30:09 
12:30:09 blocked link because:
12:30:09 isNotInSignAndOnSlot
12:30:09 
12:30:09 
12:30:09 blocked link because:
12:30:09 isNotInSignAndOnSlot
12:30:09 
12:30:09 
12:30:09 blocked link because:
12:30:09 isNotInSignAndOnSlot
12:30:09 
12:30:09 
12:30:09 blocked link because:
12:30:09 isNotInSignAndOnSlot
12:30:09 
12:30:09 
12:30:09 blocked link because:
12:30:09 isNotInSignAndOnSlot
12:30:09 
12:30:09 
12:30:09 blocked link because:
12:30:09 isNotInSignAndOnSlot
12:30:09 
12:30:09 
12:30:09 blocked link because:
12:30:09 isNotInSignAndOnSlot
12:30:09 
12:30:09 
12:30:09 blocked link because:
12:30:09 isNotInSignAndOnSlot
12:30:09 
12:30:09 
12:30:09 blocked link because:
12:30:09 isNotInSignAndOnSlot
12:30:09 
12:30:09 
12:30:09 blocked link because:
12:30:09 isNotInSignAndOnSlot
12:30:09 
12:30:09 
12:30:09 blocked link because:
12:30:09 isNotInSignAndOnSlot
12:30:09 
12:30:09 
12:30:09 blocked link because:
12:30:09 isNotInSignAndOnSlot
12:30:09 
12:30:09 
12:30:09 blocked link because:
12:30:09 isNotInSignAndOnSlot
12:30:09 
12:30:09 
12:30:09 blocked link because:
12:30:09 isNotInSignAndOnSlot
12:30:09 
12:30:09 
12:30:09 blocked link because:
12:30:09 isNotInSignAndOnSlot
12:30:09 
12:30:09 
12:30:09 blocked link because:
12:30:09 isNotInSignAndOnSlot
12:30:09 
12:30:09 
12:30:09 blocked link because:
12:30:09 isNotInSignAndOnSlot
12:30:09 
12:30:09 
12:30:09 blocked link because:
12:30:09 isNotInSignAndOnSlot
12:30:09 
12:30:09 
12:30:09 blocked link because:
12:30:09 isNotInSignAndOnSlot
12:30:09 
12:30:09 
12:30:09 blocked link because:
12:30:09 isNotInSignAndOnSlot
12:30:09 
12:30:09 
12:30:09 blocked link because:
12:30:09 isNotInSignAndOnSlot
12:30:09 
12:30:09 
12:30:09 blocked link because:
12:30:09 isNotInSignAndOnSlot
12:30:09 
12:30:09 
12:30:09 blocked link because:
12:30:09 isNotInSignAndOnSlot
12:30:09 
12:30:09 
12:30:09 blocked link because:
12:30:09 isNotInSignAndOnSlot
12:30:09 
12:30:09 
12:30:09 blocked link because:
12:30:09 isNotInSignAndOnSlot
12:30:09 
12:30:09 
12:30:09 blocked link because:
12:30:09 isNotInSignAndOnSlot
12:30:09 
12:30:09 
12:30:09 blocked link because:
12:30:09 isNotInSignAndOnSlot
12:30:09 
12:30:09 
12:30:09 blocked link because:
12:30:09 isGuiScreen
12:30:09 isNotInSignAndOnSlot
12:30:09 
12:30:09 
12:30:09 blocked link because:
12:30:09 isGuiScreen
12:30:09 isNotInSignAndOnSlot
12:30:09 
12:30:09 
12:30:09 blocked link because:
12:30:09 isGuiScreen
12:30:09 isNotInSignAndOnSlot
12:30:09 
12:30:09 
12:30:09 blocked link because:
12:30:09 isGuiScreen
12:30:09 isNotInSignAndOnSlot
12:30:09 
12:30:09 
12:30:09 blocked link because:
12:30:09 isGuiScreen
12:30:09 isNotInSignAndOnSlot
12:30:09 
12:30:09 
12:30:09 blocked link because:
12:30:09 isGuiScreen
12:30:09 isNotInSignAndOnSlot
12:30:09 
12:30:09 
12:30:09 blocked link because:
12:30:09 isGuiScreen
12:30:09 isNotInSignAndOnSlot
12:30:09 
12:30:09 
12:30:09 blocked link because:
12:30:09 isGuiScreen
12:30:09 isNotInSignAndOnSlot
12:30:09 
12:30:09 
12:30:09 blocked link because:
12:30:09 isGuiScreen
12:30:09 isNotInSignAndOnSlot
12:30:09 
12:30:09 
12:30:09 blocked link because:
12:30:09 isGuiScreen
12:30:09 isNotInSignAndOnSlot
12:30:09 
12:30:09 
12:30:09 blocked link because:
12:30:09 isGuiScreen
12:30:09 isNotInSignAndOnSlot
12:30:09 
12:30:09 
12:30:09 blocked link because:
12:30:09 isGuiScreen
12:30:09 isNotInSignAndOnSlot
12:30:09 
12:30:09 
12:30:09 blocked link because:
12:30:09 isGuiScreen
12:30:09 isNotInSignAndOnSlot
12:30:09 
12:30:09 
12:30:09 blocked link because:
12:30:09 isGuiScreen
12:30:09 isNotInSignAndOnSlot
12:30:09 
12:30:09 
12:30:09 blocked link because:
12:30:09 isGuiScreen
12:30:09 isNotInSignAndOnSlot
12:30:09 
12:30:09 
12:30:09 blocked link because:
12:30:09 isGuiScreen
12:30:09 isNotInSignAndOnSlot
12:30:09 
12:30:09 
12:30:09 blocked link because:
12:30:09 isGuiScreen
12:30:09 isNotInSignAndOnSlot
12:30:09 
12:30:09 
12:30:09 blocked link because:
12:30:09 isGuiScreen
12:30:09 isNotInSignAndOnSlot
12:30:09 
12:30:09 
12:30:09 blocked link because:
12:30:09 isGuiScreen
12:30:09 isNotInSignAndOnSlot
12:30:09 
12:30:09 
12:30:09 blocked link because:
12:30:09 isGuiScreen
12:30:09 isNotInSignAndOnSlot
12:30:09 
12:30:09 
12:30:09 blocked link because:
12:30:09 isGuiScreen
12:30:09 isNotInSignAndOnSlot
12:30:09 
12:30:09 
12:30:09 blocked link because:
12:30:09 isGuiScreen
12:30:09 isNotInSignAndOnSlot
12:30:09 
12:30:09 
12:30:09 blocked link because:
12:30:09 isGuiScreen
12:30:09 isNotInSignAndOnSlot
12:30:09 
12:30:09 
12:30:09 blocked link because:
12:30:09 isGuiScreen
12:30:09 isNotInSignAndOnSlot
12:30:09 
12:30:09 
12:30:09 blocked link because:
12:30:09 isGuiScreen
12:30:09 isNotInSignAndOnSlot
12:30:09 
12:30:09 
12:30:09 blocked link because:
12:30:09 isGuiScreen
12:30:09 isNotInSignAndOnSlot
12:30:09 
12:30:09 
12:30:09 blocked link because:
12:30:09 isGuiScreen
12:30:09 isNotInSignAndOnSlot
12:30:09 
12:30:09 
12:30:09 blocked link because:
12:30:09 isGuiScreen
12:30:09 isNotInSignAndOnSlot
12:30:09 
12:30:09 
12:30:09 blocked link because:
12:30:09 isGuiScreen
12:30:09 isNotInSignAndOnSlot
12:30:09 
12:30:09 
12:30:09 blocked link because:
12:30:09 isGuiScreen
12:30:09 isNotInSignAndOnSlot
12:30:09 
12:30:09 
12:30:09 blocked link because:
12:30:09 isGuiScreen
12:30:09 isNotInSignAndOnSlot
12:30:09 
12:30:09 
12:30:09 blocked link because:
12:30:09 isGuiScreen
12:30:09 isNotInSignAndOnSlot
12:30:09 
12:30:09 
12:30:09 blocked link because:
12:30:09 isGuiScreen
12:30:09 isNotInSignAndOnSlot
12:30:09 
12:30:09 
12:30:09 blocked link because:
12:30:09 isGuiScreen
12:30:09 isNotInSignAndOnSlot
12:30:09 
12:30:09 
12:30:09 blocked link because:
12:30:09 isGuiScreen
12:30:09 isNotInSignAndOnSlot
12:30:09 
12:30:09 
12:30:09 blocked link because:
12:30:09 isGuiScreen
12:30:09 isNotInSignAndOnSlot
12:30:09 
12:30:09 
12:30:09 blocked link because:
12:30:09 isGuiScreen
12:30:09 isNotInSignAndOnSlot
12:30:09 
12:30:09 
12:30:09 blocked link because:
12:30:09 isGuiScreen
12:30:09 isNotInSignAndOnSlot
12:30:09 
12:30:09 
12:30:09 blocked link because:
12:30:09 isGuiScreen
12:30:09 isNotInSignAndOnSlot
12:30:09 
12:30:09 
12:30:09 blocked link because:
12:30:09 isGuiScreen
12:30:09 isNotInSignAndOnSlot
12:30:09 
12:30:09 
12:30:09 blocked link because:
12:30:09 isGuiScreen
12:30:09 isNotInSignAndOnSlot
12:30:09 
12:30:09 
12:30:09 blocked link because:
12:30:09 isGuiScreen
12:30:09 isNotInSignAndOnSlot
12:30:09 
12:30:09 
12:30:09 blocked link because:
12:30:09 isGuiScreen
12:30:09 isNotInSignAndOnSlot
12:30:09 
12:30:09 
12:30:09 blocked link because:
12:30:09 isGuiScreen
12:30:09 isNotInSignAndOnSlot
12:30:09 
12:30:09 
12:30:09 blocked link because:
12:30:09 isGuiScreen
12:30:09 isNotInSignAndOnSlot
12:30:09 
12:30:09 
12:30:09 blocked link because:
12:30:09 isGuiScreen
12:30:09 isNotInSignAndOnSlot
12:30:09 
12:30:09 
12:30:09 blocked link because:
12:30:09 isGuiScreen
12:30:09 isNotInSignAndOnSlot
12:30:09 
12:30:09 
12:30:09 blocked link because:
12:30:09 isGuiScreen
12:30:09 isNotInSignAndOnSlot
12:30:09 
12:30:09 
12:30:09 blocked link because:
12:30:09 isGuiScreen
12:30:09 isNotInSignAndOnSlot
12:30:09 
12:30:09 
12:30:09 blocked link because:
12:30:09 isGuiScreen
12:30:09 isNotInSignAndOnSlot
12:30:09 
12:30:09 
12:30:09 blocked link because:
12:30:09 isGuiScreen
12:30:09 isNotInSignAndOnSlot
12:30:09 
12:30:09 
12:30:09 blocked link because:
12:30:09 isGuiScreen
12:30:09 isNotInSignAndOnSlot
12:30:09 
12:30:09 
12:30:09 blocked link because:
12:30:09 isGuiScreen
12:30:09 isNotInSignAndOnSlot
12:30:09 
12:30:09 
12:30:09 blocked link because:
12:30:09 isGuiScreen
12:30:09 isNotInSignAndOnSlot
12:30:09 
12:30:09 
12:30:09 blocked link because:
12:30:09 isGuiScreen
12:30:09 isNotInSignAndOnSlot
12:30:09 
12:30:09 
12:30:09 blocked link because:
12:30:09 isGuiScreen
12:30:09 isNotInSignAndOnSlot
12:30:09 
12:30:09 
12:30:09 blocked link because:
12:30:09 isGuiScreen
12:30:09 isNotInSignAndOnSlot
12:30:09 
12:30:09 
12:30:09 blocked link because:
12:30:09 isGuiScreen
12:30:09 isNotInSignAndOnSlot
12:30:09 
12:30:09 
12:30:09 blocked link because:
12:30:09 isGuiScreen
12:30:09 isNotInSignAndOnSlot
12:30:09 
12:30:09 
12:30:09 blocked link because:
12:30:09 isGuiScreen
12:30:09 isNotInSignAndOnSlot
12:30:09 
12:30:09 
12:30:09 blocked link because:
12:30:09 isGuiScreen
12:30:09 isNotInSignAndOnSlot
12:30:09 
12:30:09 
12:30:09 blocked link because:
12:30:09 isGuiScreen
12:30:09 isNotInSignAndOnSlot
12:30:09 
12:30:09 
12:30:09 blocked link because:
12:30:09 isGuiScreen
12:30:09 isNotInSignAndOnSlot
12:30:09 
12:30:10 
12:30:10 blocked link because:
12:30:10 isGuiScreen
12:30:10 isNotInSignAndOnSlot
12:30:10 
12:30:10 
12:30:10 blocked link because:
12:30:10 isGuiScreen
12:30:10 isNotInSignAndOnSlot
12:30:10 
12:30:10 
12:30:10 blocked link because:
12:30:10 isGuiScreen
12:30:10 isNotInSignAndOnSlot
12:30:10 
12:30:10 
12:30:10 blocked link because:
12:30:10 isGuiScreen
12:30:10 isNotInSignAndOnSlot
12:30:10 
12:30:10 
12:30:10 blocked link because:
12:30:10 isGuiScreen
12:30:10 isNotInSignAndOnSlot
12:30:10 
12:30:10 
12:30:10 blocked link because:
12:30:10 isGuiScreen
12:30:10 isNotInSignAndOnSlot
12:30:10 
12:30:10 
12:30:10 blocked link because:
12:30:10 isGuiScreen
12:30:10 isNotInSignAndOnSlot
12:30:10 
12:30:10 
12:30:10 blocked link because:
12:30:10 isGuiScreen
12:30:10 isNotInSignAndOnSlot
12:30:10 
12:30:10 
12:30:10 blocked link because:
12:30:10 isGuiScreen
12:30:10 isNotInSignAndOnSlot
12:30:10 
12:30:10 
12:30:10 blocked link because:
12:30:10 isGuiScreen
12:30:10 isNotInSignAndOnSlot
12:30:10 
12:30:10 
12:30:10 blocked link because:
12:30:10 isGuiScreen
12:30:10 isNotInSignAndOnSlot
12:30:10 
12:30:10 
12:30:10 blocked link because:
12:30:10 isGuiScreen
12:30:10 isNotInSignAndOnSlot
12:30:10 
12:30:10 
12:30:10 blocked link because:
12:30:10 isGuiScreen
12:30:10 isNotInSignAndOnSlot
12:30:10 
12:30:10 
12:30:10 blocked link because:
12:30:10 isGuiScreen
12:30:10 isNotInSignAndOnSlot
12:30:10 
12:30:10 
12:30:10 blocked link because:
12:30:10 isGuiScreen
12:30:10 isNotInSignAndOnSlot
12:30:10 
12:30:10 
12:30:10 blocked link because:
12:30:10 isGuiScreen
12:30:10 isNotInSignAndOnSlot
12:30:10 
12:30:10 
12:30:10 blocked link because:
12:30:10 isGuiScreen
12:30:10 isNotInSignAndOnSlot
12:30:10 
12:30:10 
12:30:10 blocked link because:
12:30:10 isGuiScreen
12:30:10 isNotInSignAndOnSlot
12:30:10 
12:30:10 
12:30:10 blocked link because:
12:30:10 isGuiScreen
12:30:10 isNotInSignAndOnSlot
12:30:10 
12:30:10 
12:30:10 blocked link because:
12:30:10 isGuiScreen
12:30:10 isNotInSignAndOnSlot
12:30:10 
12:30:10 
12:30:10 blocked link because:
12:30:10 isGuiScreen
12:30:10 isNotInSignAndOnSlot
12:30:10 
12:30:10 
12:30:10 blocked link because:
12:30:10 isGuiScreen
12:30:10 isNotInSignAndOnSlot
12:30:10 
12:30:10 
12:30:10 blocked link because:
12:30:10 isGuiScreen
12:30:10 isNotInSignAndOnSlot
12:30:10 
12:30:10 
12:30:10 blocked link because:
12:30:10 isGuiScreen
12:30:10 isNotInSignAndOnSlot
12:30:10 
12:30:10 
12:30:10 blocked link because:
12:30:10 isGuiScreen
12:30:10 isNotInSignAndOnSlot
12:30:10 
12:30:10 
12:30:10 blocked link because:
12:30:10 isGuiScreen
12:30:10 isNotInSignAndOnSlot
12:30:10 
12:30:10 
12:30:10 blocked link because:
12:30:10 isGuiScreen
12:30:10 isNotInSignAndOnSlot
12:30:10 
12:30:10 
12:30:10 blocked link because:
12:30:10 isGuiScreen
12:30:10 isNotInSignAndOnSlot
12:30:10 
12:30:10 
12:30:10 blocked link because:
12:30:10 isGuiScreen
12:30:10 isNotInSignAndOnSlot
12:30:10 
12:30:10 
12:30:10 blocked link because:
12:30:10 isGuiScreen
12:30:10 isNotInSignAndOnSlot
12:30:10 
12:30:10 
12:30:10 blocked link because:
12:30:10 isGuiScreen
12:30:10 isNotInSignAndOnSlot
12:30:10 
12:30:10 
12:30:10 blocked link because:
12:30:10 isGuiScreen
12:30:10 isNotInSignAndOnSlot
12:30:10 
12:30:10 
12:30:10 blocked link because:
12:30:10 isGuiScreen
12:30:10 isNotInSignAndOnSlot
12:30:10 
12:30:10 
12:30:10 blocked link because:
12:30:10 isGuiScreen
12:30:10 isNotInSignAndOnSlot
12:30:10 
12:30:10 
12:30:10 blocked link because:
12:30:10 isGuiScreen
12:30:10 isNotInSignAndOnSlot
12:30:10 
12:30:10 
12:30:10 blocked link because:
12:30:10 isGuiScreen
12:30:10 isNotInSignAndOnSlot
12:30:10 
12:30:10 
12:30:10 blocked link because:
12:30:10 isGuiScreen
12:30:10 isNotInSignAndOnSlot
12:30:10 
12:30:10 
12:30:10 blocked link because:
12:30:10 isGuiScreen
12:30:10 isNotInSignAndOnSlot
12:30:10 
12:30:10 
12:30:10 blocked link because:
12:30:10 isGuiScreen
12:30:10 isNotInSignAndOnSlot
12:30:10 
12:30:10 
12:30:10 blocked link because:
12:30:10 isGuiScreen
12:30:10 isNotInSignAndOnSlot
12:30:10 
12:30:10 
12:30:10 blocked link because:
12:30:10 isGuiScreen
12:30:10 isNotInSignAndOnSlot
12:30:10 
12:30:10 
12:30:10 blocked link because:
12:30:10 isGuiScreen
12:30:10 isNotInSignAndOnSlot
12:30:10 
12:30:10 
12:30:10 blocked link because:
12:30:10 isGuiScreen
12:30:10 isNotInSignAndOnSlot
12:30:10 
12:30:10 
12:30:10 blocked link because:
12:30:10 isGuiScreen
12:30:10 isNotInSignAndOnSlot
12:30:10 
12:30:10 
12:30:10 blocked link because:
12:30:10 isGuiScreen
12:30:10 isNotInSignAndOnSlot
12:30:10 
12:30:10 
12:30:10 blocked link because:
12:30:10 isGuiScreen
12:30:10 isNotInSignAndOnSlot
12:30:10 
12:30:10 
12:30:10 blocked link because:
12:30:10 isGuiScreen
12:30:10 isNotInSignAndOnSlot
12:30:10 
12:30:10 
12:30:10 blocked link because:
12:30:10 isGuiScreen
12:30:10 isNotInSignAndOnSlot
12:30:10 
12:30:10 
12:30:10 blocked link because:
12:30:10 isGuiScreen
12:30:10 isNotInSignAndOnSlot
12:30:10 
12:30:10 
12:30:10 blocked link because:
12:30:10 isGuiScreen
12:30:10 isNotInSignAndOnSlot
12:30:10 
12:30:10 
12:30:10 blocked link because:
12:30:10 isGuiScreen
12:30:10 isNotInSignAndOnSlot
12:30:10 
12:30:10 
12:30:10 blocked link because:
12:30:10 isGuiScreen
12:30:10 isNotInSignAndOnSlot
12:30:10 
12:30:10 
12:30:10 blocked link because:
12:30:10 isGuiScreen
12:30:10 isNotInSignAndOnSlot
12:30:10 
12:30:10 
12:30:10 blocked link because:
12:30:10 isGuiScreen
12:30:10 isNotInSignAndOnSlot
12:30:10 
12:30:10 
12:30:10 blocked link because:
12:30:10 isGuiScreen
12:30:10 isNotInSignAndOnSlot
12:30:10 
12:30:10 
12:30:10 blocked link because:
12:30:10 isGuiScreen
12:30:10 isNotInSignAndOnSlot
12:30:10 
12:30:10 
12:30:10 blocked link because:
12:30:10 isGuiScreen
12:30:10 isNotInSignAndOnSlot
12:30:10 
12:30:10 
12:30:10 blocked link because:
12:30:10 isGuiScreen
12:30:10 isNotInSignAndOnSlot
12:30:10 
12:30:10 
12:30:10 blocked link because:
12:30:10 isGuiScreen
12:30:10 isNotInSignAndOnSlot
12:30:10 
12:30:10 
12:30:10 blocked link because:
12:30:10 isGuiScreen
12:30:10 isNotInSignAndOnSlot
12:30:10 
12:30:10 
12:30:10 blocked link because:
12:30:10 isGuiScreen
12:30:10 isNotInSignAndOnSlot
12:30:10 
12:30:10 
12:30:10 blocked link because:
12:30:10 isGuiScreen
12:30:10 isNotInSignAndOnSlot
12:30:10 
12:30:10 
12:30:10 blocked link because:
12:30:10 isGuiScreen
12:30:10 isNotInSignAndOnSlot
12:30:10 
12:30:10 
12:30:10 blocked link because:
12:30:10 isGuiScreen
12:30:10 isNotInSignAndOnSlot
12:30:10 
12:30:10 
12:30:10 blocked link because:
12:30:10 isGuiScreen
12:30:10 isNotInSignAndOnSlot
12:30:10 
12:30:10 
12:30:10 blocked link because:
12:30:10 isGuiScreen
12:30:10 isNotInSignAndOnSlot
12:30:10 
12:30:10 
12:30:10 blocked link because:
12:30:10 isGuiScreen
12:30:10 isNotInSignAndOnSlot
12:30:10 
12:30:10 
12:30:10 blocked link because:
12:30:10 isGuiScreen
12:30:10 isNotInSignAndOnSlot
12:30:10 
12:30:10 
12:30:10 blocked link because:
12:30:10 isGuiScreen
12:30:10 isNotInSignAndOnSlot
12:30:10 
12:30:10 
12:30:10 blocked link because:
12:30:10 isGuiScreen
12:30:10 isNotInSignAndOnSlot
12:30:10 
12:30:10 
12:30:10 blocked link because:
12:30:10 isGuiScreen
12:30:10 isNotInSignAndOnSlot
12:30:10 
12:30:10 
12:30:10 blocked link because:
12:30:10 isGuiScreen
12:30:10 isNotInSignAndOnSlot
12:30:10 
12:30:10 
12:30:10 blocked link because:
12:30:10 isGuiScreen
12:30:10 isNotInSignAndOnSlot
12:30:10 
12:30:10 
12:30:10 blocked link because:
12:30:10 isGuiScreen
12:30:10 isNotInSignAndOnSlot
12:30:10 
12:30:10 
12:30:10 blocked link because:
12:30:10 isGuiScreen
12:30:10 isNotInSignAndOnSlot
12:30:10 
12:30:10 
12:30:10 blocked link because:
12:30:10 isGuiScreen
12:30:10 isNotInSignAndOnSlot
12:30:10 
12:30:10 
12:30:10 blocked link because:
12:30:10 isGuiScreen
12:30:10 isNotInSignAndOnSlot
12:30:10 
12:30:10 
12:30:10 blocked link because:
12:30:10 isGuiScreen
12:30:10 isNotInSignAndOnSlot
12:30:10 
12:30:10 
12:30:10 blocked link because:
12:30:10 isGuiScreen
12:30:10 isNotInSignAndOnSlot
12:30:10 
12:30:10 
12:30:10 blocked link because:
12:30:10 isGuiScreen
12:30:10 isNotInSignAndOnSlot
12:30:10 
12:30:10 
12:30:10 blocked link because:
12:30:10 isGuiScreen
12:30:10 isNotInSignAndOnSlot
12:30:10 
12:30:10 
12:30:10 blocked link because:
12:30:10 isGuiScreen
12:30:10 isNotInSignAndOnSlot
12:30:10 
12:30:10 
12:30:10 blocked link because:
12:30:10 isGuiScreen
12:30:10 isNotInSignAndOnSlot
12:30:10 
12:30:10 
12:30:10 blocked link because:
12:30:10 isGuiScreen
12:30:10 isNotInSignAndOnSlot
12:30:10 
12:30:10 
12:30:10 blocked link because:
12:30:10 isGuiScreen
12:30:10 isNotInSignAndOnSlot
12:30:10 
12:30:10 
12:30:10 blocked link because:
12:30:10 isGuiScreen
12:30:10 isNotInSignAndOnSlot
12:30:10 
12:30:10 
12:30:10 blocked link because:
12:30:10 isGuiScreen
12:30:10 isNotInSignAndOnSlot
12:30:10 
12:30:13 
12:30:13 blocked link because:
12:30:13 isGuiScreen
12:30:13 isNotInSignAndOnSlot
12:30:13 
12:30:13 
12:30:13 blocked link because:
12:30:13 isGuiScreen
12:30:13 isNotInSignAndOnSlot
12:30:13 
12:30:13 
12:30:13 blocked link because:
12:30:13 isGuiScreen
12:30:13 isNotInSignAndOnSlot
12:30:13 
12:30:13 
12:30:13 blocked link because:
12:30:13 isGuiScreen
12:30:13 isNotInSignAndOnSlot
12:30:13 
12:30:13 
12:30:13 blocked link because:
12:30:13 isGuiScreen
12:30:13 isNotInSignAndOnSlot
12:30:13 
12:30:13 
12:30:13 blocked link because:
12:30:13 isGuiScreen
12:30:13 isNotInSignAndOnSlot
12:30:13 
12:30:13 
12:30:13 blocked link because:
12:30:13 isGuiScreen
12:30:13 isNotInSignAndOnSlot
12:30:13 
12:30:13 
12:30:13 blocked link because:
12:30:13 isGuiScreen
12:30:13 isNotInSignAndOnSlot
12:30:13 
12:30:13 
12:30:13 blocked link because:
12:30:13 isGuiScreen
12:30:13 isNotInSignAndOnSlot
12:30:13 
12:30:13 
12:30:13 blocked link because:
12:30:13 isGuiScreen
12:30:13 isNotInSignAndOnSlot
12:30:13 
12:30:13 
12:30:13 blocked link because:
12:30:13 isGuiScreen
12:30:13 isNotInSignAndOnSlot
12:30:13 
12:30:13 
12:30:13 blocked link because:
12:30:13 isGuiScreen
12:30:13 isNotInSignAndOnSlot
12:30:13 
12:30:13 
12:30:13 blocked link because:
12:30:13 isGuiScreen
12:30:13 isNotInSignAndOnSlot
12:30:13 
12:30:13 
12:30:13 blocked link because:
12:30:13 isGuiScreen
12:30:13 isNotInSignAndOnSlot
12:30:13 
12:30:13 
12:30:13 blocked link because:
12:30:13 isGuiScreen
12:30:13 isNotInSignAndOnSlot
12:30:13 
12:30:13 
12:30:13 blocked link because:
12:30:13 isGuiScreen
12:30:13 isNotInSignAndOnSlot
12:30:13 
12:30:13 
12:30:13 blocked link because:
12:30:13 isGuiScreen
12:30:13 isNotInSignAndOnSlot
12:30:13 
12:30:13 
12:30:13 blocked link because:
12:30:13 isGuiScreen
12:30:13 isNotInSignAndOnSlot
12:30:13 
12:30:13 
12:30:13 blocked link because:
12:30:13 isGuiScreen
12:30:13 isNotInSignAndOnSlot
12:30:13 
12:30:13 
12:30:13 blocked link because:
12:30:13 isGuiScreen
12:30:13 isNotInSignAndOnSlot
12:30:13 
12:30:13 
12:30:13 blocked link because:
12:30:13 isGuiScreen
12:30:13 isNotInSignAndOnSlot
12:30:13 
12:30:13 
12:30:13 blocked link because:
12:30:13 isGuiScreen
12:30:13 isNotInSignAndOnSlot
12:30:13 
12:30:13 
12:30:13 blocked link because:
12:30:13 isGuiScreen
12:30:13 isNotInSignAndOnSlot
12:30:13 
12:30:13 
12:30:13 blocked link because:
12:30:13 isGuiScreen
12:30:13 isNotInSignAndOnSlot
12:30:13 
12:30:13 
12:30:13 blocked link because:
12:30:13 isGuiScreen
12:30:13 isNotInSignAndOnSlot
12:30:13 
12:30:13 
12:30:13 blocked link because:
12:30:13 isGuiScreen
12:30:13 isNotInSignAndOnSlot
12:30:13 
12:30:13 
12:30:13 blocked link because:
12:30:13 isGuiScreen
12:30:13 isNotInSignAndOnSlot
12:30:13 
12:30:13 
12:30:13 blocked link because:
12:30:13 isGuiScreen
12:30:13 isNotInSignAndOnSlot
12:30:13 
12:30:13 
12:30:13 blocked link because:
12:30:13 isGuiScreen
12:30:13 isNotInSignAndOnSlot
12:30:13 
12:30:13 
12:30:13 blocked link because:
12:30:13 isGuiScreen
12:30:13 isNotInSignAndOnSlot
12:30:13 
12:30:13 
12:30:13 blocked link because:
12:30:13 isGuiScreen
12:30:13 isNotInSignAndOnSlot
12:30:13 
12:30:13 
12:30:13 blocked link because:
12:30:13 isGuiScreen
12:30:13 isNotInSignAndOnSlot
12:30:13 
12:30:16 
12:30:16 blocked link because:
12:30:16 isGuiScreen
12:30:16 isNotInSignAndOnSlot
12:30:16 
12:30:16 
12:30:16 blocked link because:
12:30:16 isGuiScreen
12:30:16 isNotInSignAndOnSlot
12:30:16 
12:30:19 
12:30:19 blocked link because:
12:30:19 isGuiScreen
12:30:19 isNotInSignAndOnSlot
12:30:19 
12:30:19 
12:30:19 blocked link because:
12:30:19 isGuiScreen
12:30:19 isNotInSignAndOnSlot
12:30:19 
12:30:19 
12:30:19 blocked link because:
12:30:19 isGuiScreen
12:30:19 isNotInSignAndOnSlot
12:30:19 
12:30:19 
12:30:19 blocked link because:
12:30:19 isGuiScreen
12:30:19 isNotInSignAndOnSlot
12:30:19 
12:30:19 
12:30:19 blocked link because:
12:30:19 isGuiScreen
12:30:19 isNotInSignAndOnSlot
12:30:19 
12:30:19 
12:30:19 blocked link because:
12:30:19 isGuiScreen
12:30:19 isNotInSignAndOnSlot
12:30:19 
12:30:19 
12:30:19 blocked link because:
12:30:19 isGuiScreen
12:30:19 isNotInSignAndOnSlot
12:30:19 
12:30:19 
12:30:19 blocked link because:
12:30:19 isGuiScreen
12:30:19 isNotInSignAndOnSlot
12:30:19 
12:30:19 
12:30:19 blocked link because:
12:30:19 isGuiScreen
12:30:19 isNotInSignAndOnSlot
12:30:19 
12:30:19 
12:30:19 blocked link because:
12:30:19 isGuiScreen
12:30:19 isNotInSignAndOnSlot
12:30:19 
12:30:19 
12:30:19 blocked link because:
12:30:19 isGuiScreen
12:30:19 isNotInSignAndOnSlot
12:30:19 
12:30:19 
12:30:19 blocked link because:
12:30:19 isGuiScreen
12:30:19 isNotInSignAndOnSlot
12:30:19 
12:30:19 
12:30:19 blocked link because:
12:30:19 isGuiScreen
12:30:19 isNotInSignAndOnSlot
12:30:19 
12:30:19 
12:30:19 blocked link because:
12:30:19 isGuiScreen
12:30:19 isNotInSignAndOnSlot
12:30:19 
12:30:19 
12:30:19 blocked link because:
12:30:19 isGuiScreen
12:30:19 isNotInSignAndOnSlot
12:30:19 
12:30:19 
12:30:19 blocked link because:
12:30:19 isGuiScreen
12:30:19 isNotInSignAndOnSlot
12:30:19 
12:30:19 
12:30:19 blocked link because:
12:30:19 isGuiScreen
12:30:19 isNotInSignAndOnSlot
12:30:19 
12:30:19 
12:30:19 blocked link because:
12:30:19 isGuiScreen
12:30:19 isNotInSignAndOnSlot
12:30:19 
12:30:19 
12:30:19 blocked link because:
12:30:19 isGuiScreen
12:30:19 isNotInSignAndOnSlot
12:30:19 
12:30:19 
12:30:19 blocked link because:
12:30:19 isGuiScreen
12:30:19 isNotInSignAndOnSlot
12:30:19 
12:30:19 
12:30:19 blocked link because:
12:30:19 isGuiScreen
12:30:19 isNotInSignAndOnSlot
12:30:19 
12:30:19 
12:30:19 blocked link because:
12:30:19 isGuiScreen
12:30:19 isNotInSignAndOnSlot
12:30:19 
12:30:19 
12:30:19 blocked link because:
12:30:19 isGuiScreen
12:30:19 isNotInSignAndOnSlot
12:30:19 
12:30:19 
12:30:19 blocked link because:
12:30:19 isGuiScreen
12:30:19 isNotInSignAndOnSlot
12:30:19 
12:30:19 
12:30:19 blocked link because:
12:30:19 isGuiScreen
12:30:19 isNotInSignAndOnSlot
12:30:19 
12:30:19 
12:30:19 blocked link because:
12:30:19 isGuiScreen
12:30:19 isNotInSignAndOnSlot
12:30:19 
12:30:19 
12:30:19 blocked link because:
12:30:19 isGuiScreen
12:30:19 isNotInSignAndOnSlot
12:30:19 
12:30:19 
12:30:19 blocked link because:
12:30:19 isGuiScreen
12:30:19 isNotInSignAndOnSlot
12:30:19 
12:30:19 
12:30:19 blocked link because:
12:30:19 isGuiScreen
12:30:19 isNotInSignAndOnSlot
12:30:19 
12:30:19 
12:30:19 blocked link because:
12:30:19 isGuiScreen
12:30:19 isNotInSignAndOnSlot
12:30:19 
12:30:19 
12:30:19 blocked link because:
12:30:19 isGuiScreen
12:30:19 isNotInSignAndOnSlot
12:30:19 
12:30:19 
12:30:19 blocked link because:
12:30:19 isGuiScreen
12:30:19 isNotInSignAndOnSlot
12:30:19 
12:30:19 
12:30:19 blocked link because:
12:30:19 isGuiScreen
12:30:19 isNotInSignAndOnSlot
12:30:19 
12:30:19 
12:30:19 blocked link because:
12:30:19 isGuiScreen
12:30:19 isNotInSignAndOnSlot
12:30:19 
12:30:19 
12:30:19 blocked link because:
12:30:19 isGuiScreen
12:30:19 isNotInSignAndOnSlot
12:30:19 
12:30:19 
12:30:19 blocked link because:
12:30:19 isGuiScreen
12:30:19 isNotInSignAndOnSlot
12:30:19 
12:30:19 
12:30:19 blocked link because:
12:30:19 isGuiScreen
12:30:19 isNotInSignAndOnSlot
12:30:19 
12:30:19 
12:30:19 blocked link because:
12:30:19 isGuiScreen
12:30:19 isNotInSignAndOnSlot
12:30:19 
12:30:19 
12:30:19 blocked link because:
12:30:19 isGuiScreen
12:30:19 isNotInSignAndOnSlot
12:30:19 
12:30:19 
12:30:19 blocked link because:
12:30:19 isGuiScreen
12:30:19 isNotInSignAndOnSlot
12:30:19 
12:30:19 
12:30:19 blocked link because:
12:30:19 isGuiScreen
12:30:19 isNotInSignAndOnSlot
12:30:19 
12:30:19 
12:30:19 blocked link because:
12:30:19 isGuiScreen
12:30:19 isNotInSignAndOnSlot
12:30:19 
12:30:19 
12:30:19 blocked link because:
12:30:19 isGuiScreen
12:30:19 isNotInSignAndOnSlot
12:30:19 
12:30:19 
12:30:19 blocked link because:
12:30:19 isGuiScreen
12:30:19 isNotInSignAndOnSlot
12:30:19 
12:30:19 
12:30:19 blocked link because:
12:30:19 isGuiScreen
12:30:19 isNotInSignAndOnSlot
12:30:19 
12:30:19 
12:30:19 blocked link because:
12:30:19 isGuiScreen
12:30:19 isNotInSignAndOnSlot
12:30:19 
12:30:19 
12:30:19 blocked link because:
12:30:19 isGuiScreen
12:30:19 isNotInSignAndOnSlot
12:30:19 
12:30:19 
12:30:19 blocked link because:
12:30:19 isGuiScreen
12:30:19 isNotInSignAndOnSlot
12:30:19 
12:30:19 
12:30:19 blocked link because:
12:30:19 isGuiScreen
12:30:19 isNotInSignAndOnSlot
12:30:19 
12:30:19 
12:30:19 blocked link because:
12:30:19 isGuiScreen
12:30:19 isNotInSignAndOnSlot
12:30:19 
12:30:19 
12:30:19 blocked link because:
12:30:19 isGuiScreen
12:30:19 isNotInSignAndOnSlot
12:30:19 
12:30:19 
12:30:19 blocked link because:
12:30:19 isGuiScreen
12:30:19 isNotInSignAndOnSlot
12:30:19 
12:30:19 
12:30:19 blocked link because:
12:30:19 isGuiScreen
12:30:19 isNotInSignAndOnSlot
12:30:19 
