21:05:49 [SKYMALL] §bNew day! §r§eYour §r§2Sky Mall §r§ebuff changed!
21:05:49 [SKYMALL] §eNew buff§r§r§r: §r§f§r§a-20%§r§f Pickaxe Ability cooldowns.
21:05:49 [SKYMALL] §8§oYou can disable this messaging by toggling Sky Mall in your /hotm!
21:15:01 [SKYMALL] §bNew day! §r§eYour §r§2Sky Mall §r§ebuff changed!
21:15:01 [SKYMALL] §eNew buff§r§r§r: §r§fGain §r§6+50☘ Mining Fortune§r§f.
21:15:01 [SKYMALL] §8§oYou can disable this messaging by toggling Sky Mall in your /hotm!
21:15:18 [GARDEN_VISITOR_MESSAGE] §e[NPC] §aJamie§f: §r§fNo worries.
21:15:24 [GARDEN_VISITOR_MESSAGE] §e[NPC] §aLeo§f: §r§fSadly you can't gather logs in the §aThe Garden§f, however there are plenty of crops here!
21:15:28 [GARDEN_VISITOR_MESSAGE] §e[NPC] §aLeo§f: §r§fHmm, too bad.
21:15:29 [GARDEN_VISITOR_MESSAGE] §e[NPC] §aFear Mongerer§f: §r§fSoon.
21:15:30 [GARDEN_VISITOR_MESSAGE] §e[NPC] §aAnita§f: §r§fHey hey hey again! I'll trade you some copper for some carrots!
21:15:32 [GARDEN_VISITOR_MESSAGE] §e[NPC] §aAnita§f: §r§fOh, darn it :(
21:15:42 [GARDEN_VISITOR_MESSAGE] §e[NPC] §9Old Man Garry§f: §r§fIt turns out, manners haven't all been lost yet.
21:25:28 [BESTIARY] §f                                  §6§lBESTIARY
21:25:28 [BESTIARY] §f                     §b§lLost Adventurer §7§8XXI §8➡§b §bXXII
21:25:28 [BESTIARY] 
21:25:28 [BESTIARY] §f                                  §r§6§lREWARDS
21:25:28 [BESTIARY] §f                 §r§8+§r§a6 §r§d§lLost Adventurer §r§b✯ Magic Find
21:25:28 [BESTIARY] §f                  §r§8+§r§a6 §r§d§lLost Adventurer §r§c❁ Strength
21:25:28 [BESTIARY] §f                     §r§8+§r§62% §r§a§r§d§lLost Adventurer §r§7coins
21:25:28 [BESTIARY] §f                    §r§8+§r§a50% §r§7chance for extra XP orbs
21:25:28 [BESTIARY] §f                               §r§8+§r§b1 SkyBlock XP
21:25:28 [BESTIARY] 
21:25:28 [BESTIARY] §3§l▬▬▬▬▬▬▬▬▬▬▬▬▬▬▬▬▬▬▬▬▬▬▬▬▬▬▬▬▬▬▬▬▬▬▬▬▬▬▬▬▬▬▬▬▬▬▬▬▬▬▬▬▬▬▬▬▬▬▬▬▬▬▬▬
21:32:20 [BESTIARY] §f                                  §6§lBESTIARY
21:32:20 [BESTIARY] §f                       §b§lWither Guard §7§8XXIV §8➡§b §bXXV
21:32:20 [BESTIARY] 
21:32:20 [BESTIARY] §f                                  §r§6§lREWARDS
21:32:20 [BESTIARY] §f                      §r§8+§r§a6 Wither Guard §r§b✯ Magic Find
21:32:20 [BESTIARY] §f                       §r§8+§r§a6 Wither Guard §r§c❁ Strength
21:32:20 [BESTIARY] §f                          §r§8+§r§62% §r§aWither Guard §r§7coins
21:32:20 [BESTIARY] §f                    §r§8+§r§a50% §r§7chance for extra XP orbs
21:32:20 [BESTIARY] §f                               §r§8+§r§b1 SkyBlock XP
21:32:20 [BESTIARY] 
21:32:20 [BESTIARY] §3§l▬▬▬▬▬▬▬▬▬▬▬▬▬▬▬▬▬▬▬▬▬▬▬▬▬▬▬▬▬▬▬▬▬▬▬▬▬▬▬▬▬▬▬▬▬▬▬▬▬▬▬▬▬▬▬▬▬▬▬▬▬▬▬▬
21:35:01 [SKYMALL] §bNew day! §r§eYour §r§2Sky Mall §r§ebuff changed!
21:35:01 [SKYMALL] §eNew buff§r§r§r: §r§fGain §r§6+50☘ Mining Fortune§r§f.
21:35:01 [SKYMALL] §8§oYou can disable this messaging by toggling Sky Mall in your /hotm!
21:41:00 [BESTIARY] §f                                  §6§lBESTIARY
21:41:00 [BESTIARY] §f                      §b§lCrypt Dreadlord §7§8XX §8➡§b §bXXI
21:41:00 [BESTIARY] 
21:41:00 [BESTIARY] §f                                  §r§6§lREWARDS
21:41:00 [BESTIARY] §f                    §r§8+§r§a6 Crypt Dreadlord §r§b✯ Magic Find
21:41:00 [BESTIARY] §f                    §r§8+§r§a6 Crypt Dreadlord §r§c❁ Strength
21:41:00 [BESTIARY] §f                        §r§8+§r§62% §r§aCrypt Dreadlord §r§7coins
21:41:00 [BESTIARY] §f                    §r§8+§r§a50% §r§7chance for extra XP orbs
21:41:00 [BESTIARY] §f                               §r§8+§r§b1 SkyBlock XP
21:41:00 [BESTIARY] 
21:41:00 [BESTIARY]   §r§f                         §6§lBESTIARY MILESTONE
21:41:00 [BESTIARY]   §r§f                                 §8CXLI➡§eCXLII
21:41:00 [BESTIARY] 
21:41:00 [BESTIARY] §3§l▬▬▬▬▬▬▬▬▬▬▬▬▬▬▬▬▬▬▬▬▬▬▬▬▬▬▬▬▬▬▬▬▬▬▬▬▬▬▬▬▬▬▬▬▬▬▬▬▬▬▬▬▬▬▬▬▬▬▬▬▬▬▬▬
21:55:02 [SKYMALL] §bNew day! §r§eYour §r§2Sky Mall §r§ebuff changed!
21:55:02 [SKYMALL] §eNew buff§r§r§r: §r§f§r§a10x §r§fchance to find Golden and Diamond Goblins.
21:55:02 [SKYMALL] §8§oYou can disable this messaging by toggling Sky Mall in your /hotm!
