21:05:45 §e[SkyHanni] §9Old Man Garry §eis visiting your garden!§r
21:05:45 §e[SkyHanni] §aJamie §eis visiting your garden!§r
21:05:45 §e[SkyHanni] §aFear Mongerer §eis visiting your garden!§r
21:05:45 §e[SkyHanni] §aLeo §eis visiting your garden!§r
21:05:45 §e[SkyHanni] §aAnita §eis visiting your garden!§r
21:05:49 §e[SkyHanni] You have gained §b283 §eBits.§r
21:14:32 §e[SkyHanni] §9Old Man Garry §eis visiting your garden!§r
21:15:14 §e[SkyHanni] §aJamie §eis visiting your garden!§r
21:15:20 §e[SkyHanni] §aFear Mongerer §eis visiting your garden!§r
21:15:22 §e[SkyHanni] §aLeo §eis visiting your garden!§r
21:15:22 §e[SkyHanni] §aAnita §eis visiting your garden!§r
21:15:42 §e[SkyHanni] You have gained §b6 §eBits.§r
21:25:28 §6§lBESTIARY §r§b§lLost Adventurer §7§8XXI §8➡§b §bXXII§r
21:32:20 §6§lBESTIARY §r§b§lWither Guard §7§8XXIV §8➡§b §bXXV§r
21:37:58 §e[SkyHanni] You are close to the Croesus Limit. Please open your chests!§r
21:41:00 §6§lBESTIARY §r§b§lCrypt Dreadlord §7§8XX §8➡§b §bXXI§r
21:48:27 §e[SkyHanni] You are close to the Croesus Limit. Please open your chests!§r
21:48:40 §e[SkyHanni] You have gained §b28 §eBits.§r
21:52:32 §e[SkyHanni] Click here to load 14 more collected egg locations from NEU PV!§r
21:52:32 §e[SkyHanni] Click here to load Trophy Fishing data from NEU PV!§r
21:58:38 §e[SkyHanni] §b+4 SkyBlock XP §7(Accessory Bag§7)§b (3/100)§r
22:01:12 §e[SkyHanni] §b+2 SkyBlock XP §7(Bag Upgrades§7)§b (5/100)§r
22:01:24 §e[SkyHanni] §b+12 SkyBlock XP §7(Accessory Bag§7)§b (17/100)§r
22:01:25 §e[SkyHanni] Talk to Maxwell and open the Tuning Page again to update the tuning data in scoreboard.§r
22:05:32 §e[SkyHanni] §b+3 SkyBlock XP §7(Accessory Bag§7)§b (20/100)§r
22:06:11 §e[SkyHanni] You have gained §b283 §eBits.§r
22:06:29 §e[SkyHanni] Talk to Maxwell and open the Tuning Page again to update the tuning data in scoreboard.§r
22:06:29 §e[SkyHanni] §b+6 SkyBlock XP §7(Accessory Bag§7)§b (26/100)§r
22:07:47 §e[SkyHanni] §eRemoved invalid Account Upgrade information.§r
22:08:33 §e[SkyHanni] §fYou were in Limbo for §e9s§f.§r
