16:51:36 [allowed] §f §r§r§r§f §r§r§r§1 §r§r§r§0 §r§r§r§2 §r§r§r§f §r§r§r§f §r§r§r§2 §r§r§r§0 §r§r§r§4 §r§r§r§3 §r§r§r§9 §r§r§r§2 §r§r§r§0 §r§r§r§0 §r§r§r§3 §r§r§r§9 §r§r§r§2 §r§r§r§0 §r§r§r§0 §r§r§r§3 §r§r§r§9 §r§r§r§2 §r§r§r§0 §r§r§r§0 
16:51:36 [allowed] §b[MVP§f+§b] Firemage_X§f §6joined the lobby!
16:51:36 [allowed] §aYou have §b21 §aunclaimed leveling rewards!
16:51:36 [allowed] §eClick here to view them!
16:51:36 [allowed] §aYou have §67 §aunclaimed achievement rewards!
16:51:36 [allowed] §eClick here to view them!
16:51:43 [allowed] §9§m-----------------------------------------------------§r§9
§r§9                          §r§9 §6Friends (Page 1 of 8) §r§e§l>>§r§9
§r§9§bcreeperXP §eis currently §eAway§r§9
§r§9§7KingGoji953 §eis in Limbo§r§9
§r§9§aquarantinemaxi §eis in SkyBlock - The Farming Islands§r§9
§r§9§b24Arrian §cis currently offline§r§9
§r§9§b_mmc27 §cis currently offline§r§9
§r§9§a_tsn §cis currently offline§r§9
§r§9§aAceCreo_ §cis currently offline§r§9
§r§9§7alemartino §cis currently offline§r§9
§r§9§m-----------------------------------------------------
16:51:45 [allowed] §7Sending to server mini84M...
16:51:45 [allowed] §a[VIP] TobZ_xX_§f§r§f: pc what are yall on
16:51:46 [allowed] §8 §r§8 §r§1 §r§3 §r§3 §r§7 §r§8 
16:51:48 [allowed] 
16:51:48 [allowed] §eWelcome to §r§aHypixel SkyBlock§r§e!
16:51:48 [allowed] 
16:51:48 [allowed] §eLatest update: §bSkyBlock v0.20.8 §e§lCLICK
16:51:49 [allowed] §aYou are playing on profile: §ePineapple§b (Co-op)
16:51:49 [allowed] §8Profile ID: 6accdd30-5c34-4840-99a1-da8b87d5f229
16:51:51 [SKYMALL] §bNew day! §r§eYour §r§2Sky Mall §r§ebuff changed!
16:51:51 [SKYMALL] §eNew buff§r§r§r: §r§fGain §r§a5x §r§9Titanium §r§fdrops
16:51:51 [SKYMALL] §8§oYou can disable this messaging by toggling Sky Mall in your /hotm!
16:52:22 [allowed] §7Warping...
16:52:23 [allowed] §7Sending to server mini9R...
16:52:23 [allowed] §8 §r§8 §r§1 §r§3 §r§3 §r§7 §r§8 
16:52:25 [allowed] §6§lGROSS! §7A §2Pest §7has appeared in §aPlot §7- §b19§7!
16:52:25 [allowed]   §r§e§lCLICK HERE §eto teleport to the plot!
16:52:26 [allowed] §aYou are playing on profile: §ePineapple§b (Co-op)
16:52:26 [allowed] §8Profile ID: 6accdd30-5c34-4840-99a1-da8b87d5f229
16:52:51 [PEST_DROP] §eYou received §a30x Enchanted Cocoa Beans §efor killing a §2Moth§e!
16:52:56 [allowed] §aTeleported you to §r§aThe Barn§r§a!
16:53:09 [GARDEN_VISITOR_MESSAGE] §e[NPC] §6Clerk Seraphine§f: §r§fHey §bFiremage_X§f, the mayor elections are coming up and I've ran out of ballot paper! Could you help me out?
16:53:27 [allowed] §6[Bazaar] §r§7Executing instant buy...
16:53:28 [allowed] §6[Bazaar] §r§7Bought §r§a9§r§7x §r§9Enchanted Sugar Cane §r§7for §r§6945,123 coins§r§7!
16:53:29 [allowed] §aYour §r§6Tiger §r§aleveled up to level §r§996§r§a!
16:53:29 [allowed] §6§lOFFER ACCEPTED §r§8with §r§6Clerk Seraphine §r§8(§r§6§lLEGENDARY§r§8)
16:53:29 [allowed] 
16:53:29 [allowed]   §r§a§lREWARDS
16:53:29 [allowed]     §r§8+§r§275 §r§7Garden Experience
16:53:29 [allowed]     §r§8+§r§332.9k §r§7Farming XP
16:53:29 [allowed]     §r§8+§r§c357 Copper
16:53:29 [allowed]     §r§8+§r§b6 Bits
16:53:29 [allowed] 
16:53:29 [GARDEN_VISITOR_MESSAGE] §e[NPC] §6Clerk Seraphine§f: §r§fThank you very much! I'll make sure to give these extra ballots to only the elites!
16:53:30 [GARDEN_VISITOR_MESSAGE] §e[NPC] §aFarmhand§f: §r§fI took a break from work for too long! Now I need your help to meet my quota!
16:53:34 [GARDEN_VISITOR_MESSAGE] §e[NPC] §aFarmhand§f: §r§fYou condemn me to doing my own work? How can you do this to me!
16:53:35 [GARDEN_VISITOR_MESSAGE] §e[NPC] §aTarwen§f: §r§fBuurrrp? ... Burrp bURp!
16:53:39 [GARDEN_VISITOR_MESSAGE] §e[NPC] §aRhys§f: §r§fI found an unexplored cave while mining for titanium. But it's too dark to see in there, even for me! Can you spare any glowing pumpkins?
16:53:44 [GARDEN_VISITOR_MESSAGE] §e[NPC] §aFear Mongerer§f: §r§fMortal, the time of reckoning is near. The Past will light the future.
16:53:59 [allowed] §6[Bazaar] §r§7Executing instant buy...
16:53:59 [allowed] §6[Bazaar] §r§7Bought §r§a223§r§7x §r§aEnchanted Wheat §r§7for §r§6220,101 coins§r§7!
16:54:04 [allowed] §6[Bazaar] §r§7Executing instant buy...
16:54:04 [allowed] §6[Bazaar] §r§7Bought §r§a1§r§7x §r§9Polished Pumpkin §r§7for §r§6254,125 coins§r§7!
16:54:08 [allowed] §6§lOFFER ACCEPTED §r§8with §r§aTarwen §r§8(§r§a§lUNCOMMON§r§8)
16:54:08 [allowed] 
16:54:08 [allowed]   §r§a§lREWARDS
16:54:08 [allowed]     §r§8+§r§215 §r§7Garden Experience
16:54:08 [allowed]     §r§8+§r§37.1k §r§7Farming XP
16:54:08 [allowed]     §r§8+§r§c23 Copper
16:54:08 [allowed]     §r§8+§r§b6 Bits
16:54:08 [allowed] 
16:54:08 [GARDEN_VISITOR_MESSAGE] §e[NPC] §aTarwen§f: §r§fBuuuuurp!
16:54:15 [allowed] §6§lOFFER ACCEPTED §r§8with §r§aFear Mongerer §r§8(§r§a§lUNCOMMON§r§8)
16:54:15 [allowed] 
16:54:15 [allowed]   §r§a§lREWARDS
16:54:15 [allowed]     §r§8+§r§215 §r§7Garden Experience
16:54:15 [allowed]     §r§8+§r§35.8k §r§7Farming XP
16:54:15 [allowed]     §r§8+§r§c20 Copper
16:54:15 [allowed]     §r§8+§r§b12 Bits
16:54:15 [allowed]     §r§7§5Purple Candy
16:54:15 [allowed] 
16:54:15 [GARDEN_VISITOR_MESSAGE] §e[NPC] §aFear Mongerer§f: §r§fMay your destiny be ridded with fortune.
16:54:17 [allowed] §7Warping...
16:54:17 [allowed] §7Sending to server mini251Q...
16:54:17 [allowed] §8 §r§8 §r§1 §r§3 §r§3 §r§7 §r§8 
16:54:21 [allowed] §aYou are playing on profile: §ePineapple§b (Co-op)
16:54:21 [allowed] §8Profile ID: 6accdd30-5c34-4840-99a1-da8b87d5f229
16:54:28 [allowed] §aYou bought §r§fJack o' Lantern §r§afor §r§69.5 Coins§r§a!
16:54:29 [allowed] §aYou sold §r§fJack o' Lantern§r§8 x1 §r§afor §r§64 Coins§r§a!
16:54:32 [allowed] §aYou bought §r§fJack o' Lantern§r§8 x64 §r§afor §r§6608 Coins§r§a!
16:54:32 [allowed] §aYou bought §r§fJack o' Lantern§r§8 x64 §r§afor §r§6608 Coins§r§a!
16:54:33 [allowed] §aYou bought §r§fJack o' Lantern§r§8 x64 §r§afor §r§6608 Coins§r§a!
16:54:33 [allowed] §aYou bought §r§fJack o' Lantern§r§8 x64 §r§afor §r§6608 Coins§r§a!
16:54:34 [allowed] §aYou bought §r§fJack o' Lantern§r§8 x64 §r§afor §r§6608 Coins§r§a!
16:54:34 [allowed] §aYou bought §r§fJack o' Lantern§r§8 x64 §r§afor §r§6608 Coins§r§a!
16:54:35 [allowed] §aYou bought §r§fJack o' Lantern§r§8 x64 §r§afor §r§6608 Coins§r§a!
16:54:35 [allowed] §aYou bought §r§fJack o' Lantern§r§8 x64 §r§afor §r§6608 Coins§r§a!
16:54:38 [allowed] §cUnknown destination! Check the Fast Travel menu to view options!
16:54:41 [allowed] §7Warping...
16:54:42 [allowed] §7Sending to server mini69DS...
16:54:42 [allowed] §8 §r§8 §r§1 §r§3 §r§3 §r§7 §r§8 
16:54:45 [allowed] §aYou are playing on profile: §ePineapple§b (Co-op)
16:54:45 [allowed] §8Profile ID: 6accdd30-5c34-4840-99a1-da8b87d5f229
16:54:47 [allowed] §aTeleported you to §r§aThe Barn§r§a!
16:54:50 [GARDEN_VISITOR_MESSAGE] §e[NPC] §aRhys§f: §r§fI found an unexplored cave while mining for titanium. But it's too dark to see in there, even for me! Can you spare any glowing pumpkins?
16:54:51 [allowed] §6§lOFFER ACCEPTED §r§8with §r§aRhys §r§8(§r§a§lUNCOMMON§r§8)
16:54:51 [allowed] 
16:54:51 [allowed]   §r§a§lREWARDS
16:54:51 [allowed]     §r§8+§r§215 §r§7Garden Experience
16:54:51 [allowed]     §r§8+§r§31k §r§7Farming XP
16:54:51 [allowed]     §r§8+§r§c2 Copper
16:54:51 [allowed]     §r§8+§r§b6 Bits
16:54:51 [allowed] 
16:54:51 [GARDEN_VISITOR_MESSAGE] §e[NPC] §aRhys§f: §r§fThank you! Discovery awaits.
16:54:56 [allowed] §6[Bazaar] §r§7Executing instant sell...
16:54:56 [allowed] §6[Bazaar] §r§7Sold §r§a1§r§7x §r§5Purple Candy §r§7for §r§621,702 coins§r§7!
16:55:01 [SKYMALL] §bNew day! §r§eYour §r§2Sky Mall §r§ebuff changed!
16:55:01 [SKYMALL] §eNew buff§r§r§r: §r§fGain §r§6+50☘ Mining Fortune§r§f.
16:55:01 [SKYMALL] §8§oYou can disable this messaging by toggling Sky Mall in your /hotm!
16:55:02 [allowed] §6[Bazaar] §r§7Executing instant sell...
16:55:02 [allowed] §6[Bazaar] §r§7Sold §r§a30§r§7x §r§aEnchanted Cocoa Beans §r§7for §r§614,727 coins§r§7!
16:55:19 [allowed] §7Warping...
16:55:55 [allowed] §6[Sacks] §r§a+200§r§e items§r§e.§r§8 (Last 14s.)
16:56:06 [allowed] §6[Sacks] §r§a+171§r§e items§r§e.§r§8 (Last 8s.)
16:56:10 [allowed] §aWalk Speed Cap set to: §r§e259
16:56:22 [allowed] §6[Sacks] §r§a+129§r§e items§r§e.§r§8 (Last 9s.)
16:56:30 [allowed] §6[Sacks] §r§a+164§r§e items§r§e.§r§8 (Last 6s.)
16:57:18 [allowed] §6[Sacks] §r§a+3,343§r§e items§r§e.§r§8 (Last 30s.)
16:57:40 [allowed] §6§lGROSS! §7A §2Pest §7has appeared in §aPlot §7- §b5§7!
16:57:40 [allowed]   §r§e§lCLICK HERE §eto teleport to the plot!
16:57:49 [allowed] §6[Sacks] §r§a+4,056§r§e items§r§e.§r§8 (Last 30s.)
16:58:14 [allowed] §6[Sacks] §r§a+2,516§r§e items§r§e.§r§8 (Last 24s.)
16:59:08 [allowed] §6[Sacks] §r§a+2,504§r§e items§r§e.§r§8 (Last 27s.)
16:59:08 [allowed] §aYou summoned your §r§6Mooshroom Cow§r§a!
16:59:42 [allowed] §6[Sacks] §r§a+5,070§r§e items§r§e.§r§8 (Last 30s.)
16:59:44 [allowed] §aYou earned §r§2568 GEXP §r§afrom playing SkyBlock!
16:59:52 [NEW_VISITOR_ARRIVED] §a§r§aEmissary Wilson §r§ehas arrived on your §r§aGarden§r§e!
17:00:13 [allowed] §6[Sacks] §r§a+2,560§r§e items§r§e.§r§8 (Last 30s.)
17:00:22 [allowed] §3§l▬▬▬▬▬▬▬▬▬▬▬▬▬▬▬▬▬▬▬▬▬▬▬▬▬▬▬▬▬▬▬▬▬▬▬▬▬▬▬▬▬▬▬▬▬▬▬▬▬▬▬▬▬▬▬▬▬▬▬▬▬▬▬▬
17:00:22 [allowed]   §r§b§lGARDEN MILESTONE §3Mushroom §8XXI➜§3XXII
17:00:22 [allowed]   §r§6Milestone XXIII in §r§a750k Mushrooms
17:00:22 [allowed] 
17:00:22 [allowed]   §r§a§lREWARDS
17:00:22 [allowed]     §r§8+§r§2220 §r§7Garden Experience
17:00:22 [allowed]     §r§8+§r§350,000 §r§7Farming Experience
17:00:22 [allowed]     §r§8+§r§b1 SkyBlock XP
17:00:22 [allowed] §3§l▬▬▬▬▬▬▬▬▬▬▬▬▬▬▬▬▬▬▬▬▬▬▬▬▬▬▬▬▬▬▬▬▬▬▬▬▬▬▬▬▬▬▬▬▬▬▬▬▬▬▬▬▬▬▬▬▬▬▬▬▬▬▬▬
17:00:37 [allowed] §6[Sacks] §r§a+153§r§e items§r§e.§r§8 (Last 22s.)
17:01:08 [allowed] §6[Sacks] §r§a+290§r§e items§r§e.§r§8 (Last 30s.)
17:01:39 [allowed] §6[Sacks] §r§a+298§r§e items§r§e.§r§8 (Last 30s.)
17:02:10 [allowed] §6[Sacks] §r§a+323§r§e items§r§e.§r§8 (Last 30s.)
17:02:17 [allowed] §6[Sacks] §r§a+19§r§e items§r§e.§r§8 (Last 6s.)
17:02:41 [allowed] §6§lGROSS! §7A §2Pest §7has appeared in §aPlot §7- §b13§7!
17:02:41 [allowed]   §r§e§lCLICK HERE §eto teleport to the plot!
17:02:56 [allowed] §6[Sacks] §r§a+255§r§e items§r§e.§r§8 (Last 30s.)
17:03:27 [allowed] §6[Sacks] §r§a+287§r§e items§r§e.§r§8 (Last 30s.)
17:03:58 [allowed] §6[Sacks] §r§a+297§r§e items§r§e.§r§8 (Last 30s.)
17:04:08 [allowed] §6[Sacks] §r§a+35§r§e items§r§e.§r§8 (Last 9s.)
17:04:25 [NEW_VISITOR_ARRIVED] §a§r§aJamie §r§ehas arrived on your §r§aGarden§r§e!
17:04:31 [allowed] §6[Sacks] §r§a+72§r§e items§r§e.§r§8 (Last 13s.)
17:04:45 [allowed] §aYou earned §r§2750 GEXP §r§afrom playing SkyBlock!
17:05:03 [allowed] §6[Sacks] §r§a+168§r§e items§r§e.§r§8 (Last 22s.)
17:07:03 [allowed] §6[Sacks] §r§a+311§r§e items§r§e.§r§8 (Last 30s.)
17:07:28 [allowed] §6[Sacks] §r§a+195§r§e items§r§e.§r§8 (Last 24s.)
17:08:17 [allowed] §6§lGROSS! §7A §2Pest §7has appeared in §aPlot §7- §b5§7!
17:08:17 [allowed]   §r§e§lCLICK HERE §eto teleport to the plot!
17:08:36 [allowed] §6[Sacks] §r§a+254§r§e items§r§e.§r§8 (Last 30s.)
17:09:01 [allowed] §6[Sacks] §r§a+176§r§e items§r§e.§r§8 (Last 24s.)
17:09:03 [PEST_DROP] §eYou received §a57x Enchanted Cocoa Beans §efor killing a §2Moth§e!
17:09:11 [PEST_DROP] §eYou received §a57x Enchanted Cocoa Beans §efor killing a §2Moth§e!
17:09:46 [allowed] §aYou earned §r§2555 GEXP §r§afrom playing SkyBlock!
17:09:50 [allowed] §6[Sacks] §r§a+286§r§e items§r§e.§r§8 (Last 30s.)
17:10:09 [NEW_VISITOR_ARRIVED] §a§r§aLeo §r§ehas arrived on your §r§aGarden§r§e!
17:10:17 [allowed] §6[Sacks] §r§a+192§r§e items§r§e.§r§8 (Last 26s.)
17:10:29 [allowed] §aFriend > §r§bChipodle §r§ejoined.
17:11:17 [allowed] §6[Sacks] §r§a+269§r§e items§r§e.§r§8 (Last 30s.)
17:11:48 [allowed] §6[Sacks] §r§a+326§r§e items§r§e.§r§8 (Last 30s.)
17:11:48 [allowed] §aFriend > §r§bChipodle §r§eleft.
17:12:19 [allowed] §6[Sacks] §r§a+319§r§e items§r§e.§r§8 (Last 30s.)
17:12:50 [allowed] §6[Sacks] §r§a+296§r§e items§r§e.§r§8 (Last 30s.)
17:13:21 [allowed] §6[Sacks] §r§a+286§r§e items§r§e.§r§8 (Last 30s.)
17:13:52 [allowed] §6[Sacks] §r§a+282§r§e items§r§e.§r§8 (Last 30s.)
17:13:59 [allowed] §6§lGROSS! §7A §2Pest §7has appeared in §aPlot §7- §b19§7!
17:13:59 [allowed]   §r§e§lCLICK HERE §eto teleport to the plot!
17:14:19 [allowed] §c ☠ §r§7You fell into the void§r§7.
17:14:19 [allowed] §cYour spawn location was obstructed so you were spawned at the highest non-obstructed point!
17:14:23 [allowed] §6[Sacks] §r§a+186§r§e items§r§e.§r§8 (Last 30s.)
17:14:31 [allowed] §aYour spawn location has been set!
17:14:32 [allowed] §6[Sacks] §r§a+18§r§e items§r§e.§r§8 (Last 6s.)
17:14:47 [allowed] §aYou earned §r§2738 GEXP §r§afrom playing SkyBlock!
17:14:56 [allowed] §6[Sacks] §r§a+148§r§e items§r§e.§r§8 (Last 20s.)
17:14:57 [NEW_VISITOR_ARRIVED] §a§r§aJacob §r§ehas arrived on your §r§aGarden§r§e!
17:15:02 [SKYMALL] §bNew day! §r§eYour §r§2Sky Mall §r§ebuff changed!
17:15:02 [SKYMALL] §eNew buff§r§r§r: §r§fGain §r§6+50☘ Mining Fortune§r§f.
17:15:02 [SKYMALL] §8§oYou can disable this messaging by toggling Sky Mall in your /hotm!
17:15:08 [allowed] §e[NPC] Jacob§f: §rMy contest has started!
17:15:10 [allowed] §e[NPC] Jacob§f: §r§eFinnegan §fis forcing me to be more lenient with rankings...
17:15:14 [allowed] §e[NPC] Jacob§f: §rYour §9Anita's Artifact §fis giving you §6+25☘ Sugar Cane Fortune §fduring the contest!
17:15:36 [allowed] §6[Sacks] §r§a+329§r§e items§r§e.§r§8 (Last 30s.)
17:16:07 [allowed] §6[Sacks] §r§a+316§r§e items§r§e.§r§8 (Last 30s.)
17:16:31 [allowed] §6[Sacks] §r§a+186§r§e items§r§e.§r§8 (Last 23s.)
17:17:25 [allowed] §6[Bazaar] §r§7Executing instant buy...
17:17:25 [allowed] §6[Bazaar] §r§7Bought §r§a60§r§7x §r§5Squash §r§7for §r§64,503,482 coins§r§7!
17:17:45 [allowed] §6[Bazaar] §r§7Executing instant buy...
17:17:45 [allowed] §6[Bazaar] §r§7Bought §r§a24§r§7x §r§9Polished Pumpkin §r§7for §r§66,098,988 coins§r§7!
17:18:07 [allowed] §6[Bazaar] §r§7Executing instant buy...
17:18:07 [allowed] §6[Bazaar] §r§7Bought §r§a144§r§7x §r§9Enchanted Melon Block §r§7for §r§67,261,819 coins§r§7!
17:18:22 [allowed] §6[Bazaar] §r§7Executing instant buy...
17:18:22 [allowed] §6[Bazaar] §r§7Bought §r§a50§r§7x §r§9Enchanted Cookie §r§7for §r§63,853,200 coins§r§7!
17:18:31 [allowed] §6[Sacks] §r§a+1§r§e item§r§e.§r§8 (Last 5s.)
17:18:45 [allowed] §eYou Supercrafted §r§r§r§5Bustling Squash Helmet§r§e!
17:18:52 [allowed] §eYou Supercrafted §r§r§r§5Bustling Squash Chestplate§r§e!
17:18:56 [allowed] §3§l▬▬▬▬▬▬▬▬▬▬▬▬▬▬▬▬▬▬▬▬▬▬▬▬▬▬▬▬▬▬▬▬▬▬▬▬▬▬▬▬▬▬▬▬▬▬▬▬▬▬▬▬▬▬▬▬▬▬▬▬▬▬▬▬
17:18:56 [allowed]   §r§b§lSKILL LEVEL UP §3Carpentry §8XXVII➜§3XXVIII
17:18:56 [allowed] 
17:18:56 [allowed]   §r§a§lREWARDS
17:18:56 [allowed]    §r§7§8+§a1 §c❤ Health
17:18:56 [allowed]    §r§7§7Furniture Recipe §8(§4COMING SOON§8)
17:18:56 [allowed]    §r§7§8+§6300,000 §7Coins
17:18:56 [allowed]    §r§7§8+§b20 SkyBlock XP
17:18:56 [allowed] §3§l▬▬▬▬▬▬▬▬▬▬▬▬▬▬▬▬▬▬▬▬▬▬▬▬▬▬▬▬▬▬▬▬▬▬▬▬▬▬▬▬▬▬▬▬▬▬▬▬▬▬▬▬▬▬▬▬▬▬▬▬▬▬▬▬
17:18:56 [allowed] §eYou Supercrafted §r§r§r§5Bustling Squash Leggings§r§e!
17:19:32 [allowed] §6§lGROSS! §7A §2Pest §7has appeared in §aPlot §7- §b5§7!
17:19:32 [allowed]   §r§e§lCLICK HERE §eto teleport to the plot!
17:19:33 [allowed] §6[Sacks] §r§a+291§r§e items§r§e.§r§8 (Last 30s.)
17:19:48 [allowed] §aYou earned §r§2470 GEXP §r§afrom playing SkyBlock!
17:20:04 [allowed] §6[Sacks] §r§a+269§r§e items§r§e.§r§8 (Last 30s.)
17:20:35 [allowed] §6[Sacks] §r§a+286§r§e items§r§e.§r§8 (Last 30s.)
17:20:55 [NEW_VISITOR_ARRIVED] §9§r§9Puzzler §r§ehas arrived on your §r§aGarden§r§e!
17:21:06 [allowed] §6[Sacks] §r§a+293§r§e items§r§e.§r§8 (Last 30s.)
17:21:38 [allowed] §6[Sacks] §r§a+289§r§e items§r§e.§r§8 (Last 30s.)
17:22:09 [allowed] §6[Sacks] §r§a+288§r§e items§r§e.§r§8 (Last 30s.)
17:22:40 [allowed] §6[Sacks] §r§a+262§r§e items§r§e.§r§8 (Last 30s.)
17:23:11 [allowed] §6[Sacks] §r§a+284§r§e items§r§e.§r§8 (Last 30s.)
17:23:42 [allowed] §6[Sacks] §r§a+266§r§e items§r§e.§r§8 (Last 30s.)
17:24:13 [allowed] §6[Sacks] §r§a+329§r§e items§r§e.§r§8 (Last 30s.)
17:24:38 [allowed] §6§lGROSS! §7A §2Pest §7has appeared in §aPlot §7- §b5§7!
17:24:38 [allowed]   §r§4§lൠ §6☘ Farming Fortune §7has been reduced by §45%§7!
17:24:38 [allowed]   §r§e§lCLICK HERE §eto teleport to the plot!
17:24:45 [allowed] §6[Sacks] §r§a+296§r§e items§r§e.§r§8 (Last 30s.)
17:24:50 [allowed] §aYou earned §r§2718 GEXP §r§afrom playing SkyBlock!
17:25:16 [allowed] §6[Sacks] §r§a+311§r§e items§r§e.§r§8 (Last 30s.)
17:25:47 [allowed] §6[Sacks] §r§a+269§r§e items§r§e.§r§8 (Last 30s.)
17:26:18 [allowed] §6[Sacks] §r§a+305§r§e items§r§e.§r§8 (Last 30s.)
17:26:49 [allowed] §6[Sacks] §r§a+289§r§e items§r§e.§r§8 (Last 30s.)
17:27:21 [allowed] §6[Sacks] §r§a+299§r§e items§r§e.§r§8 (Last 30s.)
17:27:52 [allowed] §6[Sacks] §r§a+295§r§e items§r§e.§r§8 (Last 30s.)
17:28:23 [allowed] §6[Sacks] §r§a+312§r§e items§r§e.§r§8 (Last 30s.)
17:28:55 [allowed] §6[Sacks] §r§a+277§r§e items§r§e.§r§8 (Last 30s.)
17:29:26 [allowed] §6[Sacks] §r§a+264§r§e items§r§e.§r§8 (Last 30s.)
17:29:53 [allowed] §aYou earned §r§2750 GEXP §r§afrom playing SkyBlock!
17:29:57 [allowed] §6[Sacks] §r§a+290§r§e items§r§e.§r§8 (Last 30s.)
17:30:22 [allowed] §c ☠ §r§7You fell into the void§r§7.
17:30:28 [allowed] §6[Sacks] §r§a+261§r§e items§r§e.§r§8 (Last 30s.)
17:30:34 [allowed] §6§lGROSS! §7A §2Pest §7has appeared in §aPlot §7- §b7§7!
17:30:34 [allowed]   §r§4§lൠ §6☘ Farming Fortune §7has been reduced by §415%§7!
17:30:34 [allowed]   §r§e§lCLICK HERE §eto teleport to the plot!
17:31:00 [allowed] §6[Sacks] §r§a+305§r§e items§r§e.§r§8 (Last 30s.)
17:31:31 [allowed] §6[Sacks] §r§a+309§r§e items§r§e.§r§8 (Last 30s.)
17:32:02 [allowed] §6[Sacks] §r§a+318§r§e items§r§e.§r§8 (Last 30s.)
17:32:11 [allowed] §e[NPC] Jacob§f: §r§d§lPERSONAL BEST§f! You've surpassed your previous record of §e152,813 §fitems collected in the §aMushroom Contest§f!
17:32:18 [allowed] §e[NPC] Jacob§f: §rKeep it up!
17:32:33 [allowed] §6[Sacks] §r§a+292§r§e items§r§e.§r§8 (Last 30s.)
17:33:04 [allowed] §6[Sacks] §r§a+272§r§e items§r§e.§r§8 (Last 30s.)
17:33:35 [allowed] §6[Sacks] §r§a+294§r§e items§r§e.§r§8 (Last 30s.)
17:34:10 [allowed] §6[Sacks] §r§a+295§r§e items§r§e.§r§8 (Last 30s.)
17:34:41 [allowed] §6[Sacks] §r§a+285§r§e items§r§e.§r§8 (Last 30s.)
17:34:54 [allowed] §aYou earned §r§2750 GEXP §r§afrom playing SkyBlock!
17:35:02 [allowed] §e[NPC] Jacob§r§f: The Farming Contest is over!
17:35:02 [allowed] §e[NPC] Jacob§r§f: Let me count the final results eh?
17:35:02 [SKYMALL] §bNew day! §r§eYour §r§2Sky Mall §r§ebuff changed!
17:35:02 [SKYMALL] §eNew buff§r§r§r: §r§f§r§a10x §r§fchance to find Golden and Diamond Goblins.
17:35:02 [SKYMALL] §8§oYou can disable this messaging by toggling Sky Mall in your /hotm!
17:35:05 [allowed] §e[NPC] Jacob§f: §rYou placed in the §3§lPLATINUM §fbracket in the §aMushroom Contest§f!
17:35:09 [allowed] §e[NPC] Jacob§f: §rYou collected §e179,358 §fitems! §d§lPERSONAL BEST§f!
17:35:12 [allowed] §e[NPC] Jacob§f: §rYour previous Personal Best was §e152,813§f.
17:35:13 [allowed] §6[Sacks] §r§a+317§r§e items§r§e.§r§8 (Last 30s.)
17:35:18 [allowed] §6[Bazaar] §r§7Executing instant sell...
17:35:18 [allowed] §6[Bazaar] §r§7Sold §r§a114§r§7x §r§aEnchanted Cocoa Beans §r§7for §r§656,077 coins§r§7!
17:35:18 [allowed] §6[Bazaar] §r§7Sold §r§a54§r§7x §r§9Enchanted Red Mushroom Block §r§7for §r§62,672,347 coins§r§7!
17:35:18 [allowed] §6[Bazaar] §r§7Sold §r§a148§r§7x §r§fRed Mushroom §r§7for §r§6754.8 coins§r§7!
17:35:21 [allowed] §6[Bazaar] §r§7Executing instant sell...
17:35:21 [allowed] §6[Bazaar] §r§7Sold §r§a20,160§r§7x §r§fRed Mushroom §r§7for §r§6102,816 coins§r§7!
17:35:21 [allowed] §6[Bazaar] §r§7Sold §r§a16,138§r§7x §r§fBrown Mushroom §r§7for §r§679,076 coins§r§7!
17:35:27 [allowed] §6[Sacks] §r§c-36,298§r§e items§r§e.§r§8 (Last 5s.)
17:35:28 [allowed] §aTeleported you to §r§aThe Barn§r§a!
17:35:45 [allowed]   §r§6§lFARMING CONTEST REWARDS CLAIMED
17:35:45 [allowed]    §r§e§l» §r§aMushroom §r§fContest on §r§eAutumn 4th, Year 386
17:35:45 [allowed]   §r§a§lREWARDS
17:35:45 [allowed]     §r§7§aJacob's Ticket §8x30
17:35:45 [allowed]     §r§7§81x §9Turbo-Mushrooms I Book
17:35:45 [allowed]     §r§7§8+§e1 §7gold medal
17:35:45 [allowed]     §r§7§8+§e1 §7bronze medal
17:35:45 [allowed]     §r§7§aCarnival Ticket §8x2
17:35:45 [allowed]    §r§8+§r§b79 Bits
17:35:54 [allowed] §6[Bazaar] §r§7Putting goods in escrow...
17:35:54 [allowed] §6[Bazaar] §r§7Submitting sell offer...
17:35:54 [allowed] §6[Bazaar] §r§7§r§eSell Offer Setup! §r§a1§r§7x §r§fTurbo-Mushrooms I §r§7for §r§62,926.1 coins§r§7.
17:35:57 [allowed] §6[Bazaar] §r§7Executing instant sell...
17:35:57 [allowed] §6[Bazaar] §r§7Sold §r§a30§r§7x §r§aJacob's Ticket §r§7for §r§6512,511 coins§r§7!
17:36:32 [PEST_DROP] §eYou received §a41x Enchanted Sugar §efor killing a §2Mosquito§e!
17:36:54 [allowed] §aYour Garden is no longer infested and your §r§6☘ Farming Fortune §r§ahas returned to normal!
17:36:54 [PEST_DROP] §eYou received §a20x Enchanted Wheat §efor killing a §2Fly§e!
17:36:54 [allowed] §6[Bazaar] §eYour §6Sell Offer §efor §a1§7x §fTurbo-Mushrooms I §ewas filled!
17:36:58 [PEST_DROP] §eYou received §a21x Enchanted Wheat §efor killing a §2Fly§e!
17:37:13 [PEST_DROP] §eYou received §a70x Enchanted Carrot §efor killing a §2Cricket§e!
17:37:41 [PEST_DROP] §eYou received §a21x Enchanted Pumpkin §efor killing a §2Rat§e!
17:37:46 [allowed] §6[Bazaar] §r§7Executing instant sell...
17:37:46 [allowed] §6[Bazaar] §r§7Sold §r§a41§r§7x §r§aEnchanted Wheat §r§7for §r§636,990 coins§r§7!
17:37:46 [allowed] §6[Bazaar] §r§7Sold §r§a70§r§7x §r§aEnchanted Carrot §r§7for §r§637,737 coins§r§7!
17:37:46 [allowed] §6[Bazaar] §r§7Sold §r§a41§r§7x §r§aEnchanted Sugar §r§7for §r§625,305 coins§r§7!
17:37:46 [allowed] §6[Bazaar] §r§7Sold §r§a21§r§7x §r§aEnchanted Pumpkin §r§7for §r§632,516 coins§r§7!
17:38:25 [allowed] §7Warping...
17:38:34 [allowed] §aYour spawn location has been set!
17:38:42 [allowed] §6[Sacks] §r§a+365§r§e items§r§e.§r§8 (Last 7s.)
17:39:10 [allowed] §6§lGROSS! §7A §2Pest §7has appeared in §aPlot §7- §b19§7!
17:39:10 [allowed]   §r§e§lCLICK HERE §eto teleport to the plot!
17:39:28 [allowed] §6[Sacks] §r§a+5,574§r§e items§r§e.§r§8 (Last 30s.)
17:39:55 [allowed] §aYou earned §r§2715 GEXP §r§afrom playing SkyBlock!
17:39:59 [allowed] §6[Sacks] §r§a+5,696§r§e items§r§e.§r§8 (Last 30s.)
17:40:30 [allowed] §6[Sacks] §r§a+5,835§r§e items§r§e.§r§8 (Last 30s.)
17:40:39 [allowed] §6[Sacks] §r§a+433§r§e items§r§e.§r§8 (Last 8s.)
17:41:38 [allowed] §6[Sacks] §r§a+3,454§r§e items§r§e.§r§8 (Last 30s.)
17:42:09 [allowed] §6[Sacks] §r§a+275§r§e items§r§e.§r§8 (Last 30s.)
17:42:41 [allowed] §6[Sacks] §r§a+270§r§e items§r§e.§r§8 (Last 30s.)
17:42:49 [allowed] §6[Sacks] §r§a+26§r§e items§r§e.§r§8 (Last 7s.)
17:43:49 [allowed] §6[Sacks] §r§a+301§r§e items§r§e.§r§8 (Last 30s.)
17:44:20 [allowed] §6[Sacks] §r§a+293§r§e items§r§e.§r§8 (Last 30s.)
17:44:27 [allowed] §6§lGROSS! §7A §2Pest §7has appeared in §aPlot §7- §b1§7!
17:44:27 [allowed]   §r§e§lCLICK HERE §eto teleport to the plot!
17:44:51 [allowed] §6[Sacks] §r§a+295§r§e items§r§e.§r§8 (Last 30s.)
17:44:57 [allowed] §aYou earned §r§2726 GEXP §r§afrom playing SkyBlock!
17:45:22 [allowed] §6[Sacks] §r§a+288§r§e items§r§e.§r§8 (Last 30s.)
17:45:53 [allowed] §6[Sacks] §r§a+279§r§e items§r§e.§r§8 (Last 30s.)
17:46:25 [allowed] §6[Sacks] §r§a+286§r§e items§r§e.§r§8 (Last 30s.)
17:46:32 [allowed] §6[Sacks] §r§a+15§r§e items§r§e.§r§8 (Last 6s.)
17:49:18 [allowed] §aFriend > §r§bChipodle §r§ejoined.
17:49:32 [allowed] §aFriend > §r§bChipodle §r§eleft.
17:49:42 [allowed] §6§lGROSS! §7A §2Pest §7has appeared in §aPlot §7- §b7§7!
17:49:42 [allowed]   §r§e§lCLICK HERE §eto teleport to the plot!
17:49:58 [allowed] §aYou earned §r§2445 GEXP §r§afrom playing SkyBlock!
17:50:00 [allowed] §6[Sacks] §r§a+316§r§e items§r§e.§r§8 (Last 30s.)
17:50:04 [allowed] §aYou have 1307 hours and 42 minutes playtime!
17:50:31 [allowed] §6[Sacks] §r§a+271§r§e items§r§e.§r§8 (Last 30s.)
17:51:02 [allowed] §6[Sacks] §r§a+297§r§e items§r§e.§r§8 (Last 30s.)
17:51:33 [allowed] §6[Sacks] §r§a+249§r§e items§r§e.§r§8 (Last 30s.)
17:52:04 [allowed] §6[Sacks] §r§a+303§r§e items§r§e.§r§8 (Last 30s.)
17:52:35 [allowed] §6[Sacks] §r§a+308§r§e items§r§e.§r§8 (Last 30s.)
17:52:59 [allowed] §6[Sacks] §r§a+146§r§e items§r§e.§r§8 (Last 22s.)
17:53:37 [allowed] §6[Sacks] §r§a+314§r§e items§r§e.§r§8 (Last 30s.)
17:53:58 [allowed] §aFriend > §r§bHoldMyGoonie §r§ejoined.
17:54:01 [allowed] §6[Sacks] §r§a+184§r§e items§r§e.§r§8 (Last 23s.)
17:54:59 [allowed] §aYou earned §r§2673 GEXP §r§afrom playing SkyBlock!
17:55:01 [SKYMALL] §bNew day! §r§eYour §r§2Sky Mall §r§ebuff changed!
17:55:01 [SKYMALL] §eNew buff§r§r§r: §r§fGain §r§6+100⸕ Mining Speed§r§f.
17:55:01 [SKYMALL] §8§oYou can disable this messaging by toggling Sky Mall in your /hotm!
17:56:02 [allowed] §6[Sacks] §r§a+320§r§e items§r§e.§r§8 (Last 30s.)
17:56:14 [allowed] §6§lGROSS! §7A §2Pest §7has appeared in §aPlot §7- §b13§7!
17:56:14 [allowed]   §r§4§lൠ §6☘ Farming Fortune §7has been reduced by §45%§7!
17:56:14 [allowed]   §r§e§lCLICK HERE §eto teleport to the plot!
17:56:21 [allowed] §6[Sacks] §r§a+131§r§e items§r§e.§r§8 (Last 18s.)
17:56:27 [allowed] §aYour Garden is no longer infested and your §r§6☘ Farming Fortune §r§ahas returned to normal!
17:56:27 [PEST_DROP] §eYou received §a60x Enchanted Cocoa Beans §efor killing a §2Moth§e!
17:57:09 [allowed] §6[Sacks] §r§a+273§r§e items§r§e.§r§8 (Last 30s.)
17:57:41 [allowed] §6[Sacks] §r§a+286§r§e items§r§e.§r§8 (Last 30s.)
17:58:11 [allowed] §6[Sacks] §r§a+203§r§e items§r§e.§r§8 (Last 29s.)
17:58:21 [PEST_DROP] §eYou received §a71x Enchanted Potato §efor killing a §2Locust§e!
17:58:21 [allowed] §3§l▬▬▬▬▬▬▬▬▬▬▬▬▬▬▬▬▬▬▬▬▬▬▬▬▬▬▬▬▬▬▬▬▬▬▬▬▬▬▬▬▬▬▬▬▬▬▬▬▬▬▬▬▬▬▬▬▬▬▬▬▬▬▬▬
17:58:21 [allowed]   §r§b§lGARDEN MILESTONE §3Potato §8XIV➜§3XV
17:58:21 [allowed]   §r§6Milestone XVI in §r§a200k Potatoes
17:58:21 [allowed] 
17:58:21 [allowed]   §r§a§lREWARDS
17:58:21 [allowed]     §r§8+§r§2150 §r§7Garden Experience
17:58:21 [allowed]     §r§8+§r§350,000 §r§7Farming Experience
17:58:21 [allowed]     §r§8+§r§b1 SkyBlock XP
17:58:21 [allowed] §3§l▬▬▬▬▬▬▬▬▬▬▬▬▬▬▬▬▬▬▬▬▬▬▬▬▬▬▬▬▬▬▬▬▬▬▬▬▬▬▬▬▬▬▬▬▬▬▬▬▬▬▬▬▬▬▬▬▬▬▬▬▬▬▬▬
17:58:36 [allowed] §6[Sacks] §r§a+21§r§e items§r§e.§r§8 (Last 6s.)
17:58:50 [allowed] §c ☠ §r§7You fell into the void§r§7.
17:58:53 [allowed] §c ☠ §r§7You fell into the void§r§7.
17:59:09 [allowed] §6[Sacks] §r§a+250§r§e items§r§e.§r§8 (Last 30s.)
17:59:40 [allowed] §6[Sacks] §r§a+321§r§e items§r§e.§r§8 (Last 30s.)
18:00:00 [allowed] §aYou earned §r§2586 GEXP §r§afrom playing SkyBlock!
18:00:11 [allowed] §6[Sacks] §r§a+319§r§e items§r§e.§r§8 (Last 30s.)
18:00:42 [allowed] §6[Sacks] §r§a+301§r§e items§r§e.§r§8 (Last 30s.)
18:01:13 [allowed] §6[Sacks] §r§a+276§r§e items§r§e.§r§8 (Last 30s.)
18:01:14 [allowed] §6§lGROSS! §7A §2Pest §7has appeared in §aPlot §7- §b5§7!
18:01:14 [allowed]   §r§e§lCLICK HERE §eto teleport to the plot!
18:01:27 [allowed] §f
18:01:27 [allowed] §4[WATCHDOG ANNOUNCEMENT]
18:01:27 [allowed] §fWatchdog has banned §r§c§l9,401§r§f players in the last 7 days.
18:01:27 [allowed] §fStaff have banned an additional §r§c§l9,677§r§f in the last 7 days.
18:01:27 [allowed] §cBlacklisted modifications are a bannable offense!
18:01:27 [allowed] §c
18:01:44 [allowed] §6[Sacks] §r§a+297§r§e items§r§e.§r§8 (Last 30s.)
18:02:16 [allowed] §6[Sacks] §r§a+239§r§e items§r§e.§r§8 (Last 30s.)
18:02:47 [allowed] §6[Sacks] §r§a+290§r§e items§r§e.§r§8 (Last 30s.)
18:03:18 [allowed] §6[Sacks] §r§a+329§r§e items§r§e.§r§8 (Last 30s.)
18:03:49 [allowed] §6[Sacks] §r§a+285§r§e items§r§e.§r§8 (Last 30s.)
18:04:20 [allowed] §6[Sacks] §r§a+302§r§e items§r§e.§r§8 (Last 30s.)
18:04:51 [allowed] §6[Sacks] §r§a+275§r§e items§r§e.§r§8 (Last 30s.)
18:05:02 [allowed] §aYou earned §r§2750 GEXP §r§afrom playing SkyBlock!
18:05:22 [allowed] §6[Sacks] §r§a+292§r§e items§r§e.§r§8 (Last 30s.)
18:05:54 [allowed] §6[Sacks] §r§a+288§r§e items§r§e.§r§8 (Last 30s.)
18:06:25 [allowed] §6[Sacks] §r§a+298§r§e items§r§e.§r§8 (Last 30s.)
18:06:43 [allowed] §dFrom §r§b[MVP§r§c+§r§b] HoldMyGoonie§r§7: §r§7pookie wookie
18:06:56 [allowed] §6[Sacks] §r§a+302§r§e items§r§e.§r§8 (Last 30s.)
18:07:01 [allowed] §6§lGROSS! §7A §2Pest §7has appeared in §aPlot §7- §b13§7!
18:07:01 [allowed]   §r§4§lൠ §6☘ Farming Fortune §7has been reduced by §45%§7!
18:07:01 [allowed]   §r§e§lCLICK HERE §eto teleport to the plot!
18:07:09 [allowed] §6[Sacks] §r§a+61§r§e items§r§e.§r§8 (Last 12s.)
18:07:15 [allowed] §aYour Garden is no longer infested and your §r§6☘ Farming Fortune §r§ahas returned to normal!
18:07:15 [PEST_DROP] §eYou received §a71x Enchanted Potato §efor killing a §2Locust§e!
18:07:54 [allowed] §6[Sacks] §r§a+289§r§e items§r§e.§r§8 (Last 30s.)
18:08:25 [allowed] §6[Sacks] §r§a+263§r§e items§r§e.§r§8 (Last 30s.)
18:08:56 [allowed] §6[Sacks] §r§a+283§r§e items§r§e.§r§8 (Last 30s.)
18:09:27 [allowed] §6[Sacks] §r§a+327§r§e items§r§e.§r§8 (Last 30s.)
18:09:58 [allowed] §6[Sacks] §r§a+303§r§e items§r§e.§r§8 (Last 30s.)
18:10:03 [allowed] §aYou earned §r§2750 GEXP §r§afrom playing SkyBlock!
18:10:30 [allowed] §6[Sacks] §r§a+297§r§e items§r§e.§r§8 (Last 30s.)
18:10:51 [allowed] §aFriend > §r§bChipodle §r§ejoined.
18:11:01 [allowed] §6[Sacks] §r§a+238§r§e items§r§e.§r§8 (Last 30s.)
18:11:32 [allowed] §6[Sacks] §r§a+244§r§e items§r§e.§r§8 (Last 30s.)
18:11:57 [allowed] §6[Sacks] §r§a+136§r§e items§r§e.§r§8 (Last 18s.)
18:12:01 [allowed] §e§l▬▬▬▬▬▬▬▬▬▬▬▬▬▬▬▬▬▬▬▬▬▬▬▬▬▬▬▬▬▬▬▬▬▬▬▬▬▬▬▬▬▬▬▬▬▬▬▬▬▬▬▬▬▬▬▬▬▬▬▬▬▬▬▬
18:12:01 [allowed]   §r§6§lCROP UPGRADE §eMushroom§7 #2
18:12:01 [allowed]    §r§b§lCO-OP » §r§7You unlocked the tier
18:12:01 [allowed] 
18:12:01 [allowed]   §r§a§lREWARDS
18:12:01 [allowed]     §r§7§8+§b1 SkyBlock XP
18:12:01 [allowed]     §r§7§6+5☘ Mushroom Fortune
18:12:01 [allowed] §e§l▬▬▬▬▬▬▬▬▬▬▬▬▬▬▬▬▬▬▬▬▬▬▬▬▬▬▬▬▬▬▬▬▬▬▬▬▬▬▬▬▬▬▬▬▬▬▬▬▬▬▬▬▬▬▬▬▬▬▬▬▬▬▬▬
18:12:02 [allowed] §e§l▬▬▬▬▬▬▬▬▬▬▬▬▬▬▬▬▬▬▬▬▬▬▬▬▬▬▬▬▬▬▬▬▬▬▬▬▬▬▬▬▬▬▬▬▬▬▬▬▬▬▬▬▬▬▬▬▬▬▬▬▬▬▬▬
18:12:02 [allowed]   §r§6§lCROP UPGRADE §eMushroom§7 #3
18:12:02 [allowed]    §r§b§lCO-OP » §r§7You unlocked the tier
18:12:02 [allowed] 
18:12:02 [allowed]   §r§a§lREWARDS
18:12:02 [allowed]     §r§7§8+§b1 SkyBlock XP
18:12:02 [allowed]     §r§7§6+5☘ Mushroom Fortune
18:12:02 [allowed] §e§l▬▬▬▬▬▬▬▬▬▬▬▬▬▬▬▬▬▬▬▬▬▬▬▬▬▬▬▬▬▬▬▬▬▬▬▬▬▬▬▬▬▬▬▬▬▬▬▬▬▬▬▬▬▬▬▬▬▬▬▬▬▬▬▬
18:12:03 [allowed] §cYou have already unlocked this tier!
18:12:03 [allowed] §e§l▬▬▬▬▬▬▬▬▬▬▬▬▬▬▬▬▬▬▬▬▬▬▬▬▬▬▬▬▬▬▬▬▬▬▬▬▬▬▬▬▬▬▬▬▬▬▬▬▬▬▬▬▬▬▬▬▬▬▬▬▬▬▬▬
18:12:03 [allowed]   §r§6§lCROP UPGRADE §eMushroom§7 #4
18:12:03 [allowed]    §r§b§lCO-OP » §r§7You unlocked the tier
18:12:03 [allowed] 
18:12:03 [allowed]   §r§a§lREWARDS
18:12:03 [allowed]     §r§7§8+§b1 SkyBlock XP
18:12:03 [allowed]     §r§7§6+5☘ Mushroom Fortune
18:12:03 [allowed] §e§l▬▬▬▬▬▬▬▬▬▬▬▬▬▬▬▬▬▬▬▬▬▬▬▬▬▬▬▬▬▬▬▬▬▬▬▬▬▬▬▬▬▬▬▬▬▬▬▬▬▬▬▬▬▬▬▬▬▬▬▬▬▬▬▬
18:12:04 [allowed] §e§l▬▬▬▬▬▬▬▬▬▬▬▬▬▬▬▬▬▬▬▬▬▬▬▬▬▬▬▬▬▬▬▬▬▬▬▬▬▬▬▬▬▬▬▬▬▬▬▬▬▬▬▬▬▬▬▬▬▬▬▬▬▬▬▬
18:12:04 [allowed]   §r§6§lCROP UPGRADE §eMushroom§7 #5
18:12:04 [allowed]    §r§b§lCO-OP » §r§7You unlocked the tier
18:12:04 [allowed] 
18:12:04 [allowed]   §r§a§lREWARDS
18:12:04 [allowed]     §r§7§8+§b1 SkyBlock XP
18:12:04 [allowed]     §r§7§6+5☘ Mushroom Fortune
18:12:04 [allowed] §e§l▬▬▬▬▬▬▬▬▬▬▬▬▬▬▬▬▬▬▬▬▬▬▬▬▬▬▬▬▬▬▬▬▬▬▬▬▬▬▬▬▬▬▬▬▬▬▬▬▬▬▬▬▬▬▬▬▬▬▬▬▬▬▬▬
18:12:05 [allowed] §cYou need a higher Garden Level to unlock this!
18:12:10 [allowed] §e§l▬▬▬▬▬▬▬▬▬▬▬▬▬▬▬▬▬▬▬▬▬▬▬▬▬▬▬▬▬▬▬▬▬▬▬▬▬▬▬▬▬▬▬▬▬▬▬▬▬▬▬▬▬▬▬▬▬▬▬▬▬▬▬▬
18:12:10 [allowed]   §r§6§lCROP UPGRADE §eMelon§7 #1
18:12:10 [allowed]    §r§b§lCO-OP » §r§7You unlocked the tier
18:12:10 [allowed] 
18:12:10 [allowed]   §r§a§lREWARDS
18:12:10 [allowed]     §r§7§8+§b1 SkyBlock XP
18:12:10 [allowed]     §r§7§6+5☘ Melon Fortune
18:12:10 [allowed] §e§l▬▬▬▬▬▬▬▬▬▬▬▬▬▬▬▬▬▬▬▬▬▬▬▬▬▬▬▬▬▬▬▬▬▬▬▬▬▬▬▬▬▬▬▬▬▬▬▬▬▬▬▬▬▬▬▬▬▬▬▬▬▬▬▬
18:12:11 [allowed] §e§l▬▬▬▬▬▬▬▬▬▬▬▬▬▬▬▬▬▬▬▬▬▬▬▬▬▬▬▬▬▬▬▬▬▬▬▬▬▬▬▬▬▬▬▬▬▬▬▬▬▬▬▬▬▬▬▬▬▬▬▬▬▬▬▬
18:12:11 [allowed]   §r§6§lCROP UPGRADE §eMelon§7 #2
18:12:11 [allowed]    §r§b§lCO-OP » §r§7You unlocked the tier
18:12:11 [allowed] 
18:12:11 [allowed]   §r§a§lREWARDS
18:12:11 [allowed]     §r§7§8+§b1 SkyBlock XP
18:12:11 [allowed]     §r§7§6+5☘ Melon Fortune
18:12:11 [allowed] §e§l▬▬▬▬▬▬▬▬▬▬▬▬▬▬▬▬▬▬▬▬▬▬▬▬▬▬▬▬▬▬▬▬▬▬▬▬▬▬▬▬▬▬▬▬▬▬▬▬▬▬▬▬▬▬▬▬▬▬▬▬▬▬▬▬
18:12:11 [allowed] §e§l▬▬▬▬▬▬▬▬▬▬▬▬▬▬▬▬▬▬▬▬▬▬▬▬▬▬▬▬▬▬▬▬▬▬▬▬▬▬▬▬▬▬▬▬▬▬▬▬▬▬▬▬▬▬▬▬▬▬▬▬▬▬▬▬
18:12:11 [allowed]   §r§6§lCROP UPGRADE §eMelon§7 #3
18:12:11 [allowed]    §r§b§lCO-OP » §r§7You unlocked the tier
18:12:11 [allowed] 
18:12:11 [allowed]   §r§a§lREWARDS
18:12:11 [allowed]     §r§7§8+§b1 SkyBlock XP
18:12:11 [allowed]     §r§7§6+5☘ Melon Fortune
18:12:11 [allowed] §e§l▬▬▬▬▬▬▬▬▬▬▬▬▬▬▬▬▬▬▬▬▬▬▬▬▬▬▬▬▬▬▬▬▬▬▬▬▬▬▬▬▬▬▬▬▬▬▬▬▬▬▬▬▬▬▬▬▬▬▬▬▬▬▬▬
18:12:12 [allowed] §e§l▬▬▬▬▬▬▬▬▬▬▬▬▬▬▬▬▬▬▬▬▬▬▬▬▬▬▬▬▬▬▬▬▬▬▬▬▬▬▬▬▬▬▬▬▬▬▬▬▬▬▬▬▬▬▬▬▬▬▬▬▬▬▬▬
18:12:12 [allowed]   §r§6§lCROP UPGRADE §eMelon§7 #4
18:12:12 [allowed]    §r§b§lCO-OP » §r§7You unlocked the tier
18:12:12 [allowed] 
18:12:12 [allowed]   §r§a§lREWARDS
18:12:12 [allowed]     §r§7§8+§b1 SkyBlock XP
18:12:12 [allowed]     §r§7§6+5☘ Melon Fortune
18:12:12 [allowed] §e§l▬▬▬▬▬▬▬▬▬▬▬▬▬▬▬▬▬▬▬▬▬▬▬▬▬▬▬▬▬▬▬▬▬▬▬▬▬▬▬▬▬▬▬▬▬▬▬▬▬▬▬▬▬▬▬▬▬▬▬▬▬▬▬▬
18:12:12 [allowed] §e§l▬▬▬▬▬▬▬▬▬▬▬▬▬▬▬▬▬▬▬▬▬▬▬▬▬▬▬▬▬▬▬▬▬▬▬▬▬▬▬▬▬▬▬▬▬▬▬▬▬▬▬▬▬▬▬▬▬▬▬▬▬▬▬▬
18:12:12 [allowed]   §r§6§lCROP UPGRADE §eMelon§7 #5
18:12:12 [allowed]    §r§b§lCO-OP » §r§7You unlocked the tier
18:12:12 [allowed] 
18:12:12 [allowed]   §r§a§lREWARDS
18:12:12 [allowed]     §r§7§8+§b1 SkyBlock XP
18:12:12 [allowed]     §r§7§6+5☘ Melon Fortune
18:12:12 [allowed] §e§l▬▬▬▬▬▬▬▬▬▬▬▬▬▬▬▬▬▬▬▬▬▬▬▬▬▬▬▬▬▬▬▬▬▬▬▬▬▬▬▬▬▬▬▬▬▬▬▬▬▬▬▬▬▬▬▬▬▬▬▬▬▬▬▬
18:12:13 [allowed] §cYou need a higher Garden Level to unlock this!
18:12:35 [allowed] §6[Sacks] §r§a+1§r§e item§r§e.§r§8 (Last 5s.)
18:13:03 [allowed] §6§lGROSS! §7A §2Pest §7has appeared in §aPlot §7- §b7§7!
18:13:03 [allowed]   §r§4§lൠ §6☘ Farming Fortune §7has been reduced by §45%§7!
18:13:03 [allowed]   §r§e§lCLICK HERE §eto teleport to the plot!
18:13:29 [allowed] §6[Sacks] §r§a+269§r§e items§r§e.§r§8 (Last 30s.)
18:13:36 [allowed] §c ☠ §r§7You fell into the void§r§7.
18:13:40 [allowed] §c ☠ §r§7You fell into the void§r§7.
18:13:53 [allowed] §aFriend > §r§bChipodle §r§eleft.
18:14:00 [allowed] §6[Sacks] §r§a+247§r§e items§r§e.§r§8 (Last 30s.)
18:14:32 [allowed] §6[Sacks] §r§a+325§r§e items§r§e.§r§8 (Last 30s.)
18:14:59 [allowed] §6[Sacks] §r§a+191§r§e items§r§e.§r§8 (Last 26s.)
18:15:00 [allowed] §6[Bazaar] §r§7Executing instant sell...
18:15:00 [allowed] §6[Bazaar] §r§7Sold §r§a17§r§7x §r§aEnchanted Red Mushroom §r§7for §r§626,059 coins§r§7!
18:15:00 [allowed] §6[Bazaar] §r§7Sold §r§a142§r§7x §r§aEnchanted Potato §r§7for §r§665,945 coins§r§7!
18:15:00 [allowed] §6[Bazaar] §r§7Sold §r§a60§r§7x §r§aEnchanted Cocoa Beans §r§7for §r§629,544 coins§r§7!
18:15:00 [allowed] §6[Bazaar] §r§7Sold §r§a1§r§7x §r§aDung §r§7for §r§6131,703 coins§r§7!
18:15:00 [allowed] §6[Bazaar] §r§7Sold §r§a50§r§7x §r§9Enchanted Red Mushroom Block §r§7for §r§62,474,366 coins§r§7!
18:15:00 [allowed] §6[Bazaar] §r§7Sold §r§a118§r§7x §r§fRed Mushroom §r§7for §r§6696.2 coins§r§7!
18:15:02 [SKYMALL] §bNew day! §r§eYour §r§2Sky Mall §r§ebuff changed!
18:15:02 [SKYMALL] §eNew buff§r§r§r: §r§fGain §r§a+15% §r§fmore Powder while mining.
18:15:02 [SKYMALL] §8§oYou can disable this messaging by toggling Sky Mall in your /hotm!
18:15:03 [allowed] §7Warping...
18:15:04 [allowed] §aYou earned §r§2655 GEXP §r§afrom playing SkyBlock!
18:15:08 [allowed] §e[NPC] Jacob§f: §rMy contest has started!
18:15:10 [allowed] §e[NPC] Jacob§f: §r§eFinnegan §fis forcing me to be more lenient with rankings...
18:15:14 [allowed] §e[NPC] Jacob§f: §rYour §9Anita's Artifact §fis giving you §6+25☘ Cactus Fortune §fduring the contest!
18:15:30 [allowed] §aYour spawn location has been set!
18:15:31 [allowed] §aFriend > §r§bChipodle §r§ejoined.
18:15:55 [allowed] §9§lRARE DROP! §r§eDicer dropped §r§a16x §r§aEnchanted Melon§r§e!
18:15:59 [allowed] §9§lRARE DROP! §r§eDicer dropped §r§a16x §r§aEnchanted Melon§r§e!
18:16:02 [allowed] §6[Sacks] §r§a+17,773§r§e items§r§e.§r§8 (Last 30s.)
18:16:20 [allowed] §a§lUNCOMMON DROP! §r§eDicer dropped §r§a4x §r§aEnchanted Melon§r§e!
18:16:33 [allowed] §6[Sacks] §r§a+2,795§r§e items§r§e.§r§8 (Last 30s.)
18:16:45 [allowed] §a§lUNCOMMON DROP! §r§eDicer dropped §r§a4x §r§aEnchanted Melon§r§e!
18:17:04 [allowed] §6[Sacks] §r§a+194§r§e items§r§e.§r§8 (Last 30s.)
18:17:21 [allowed] §a§lUNCOMMON DROP! §r§eDicer dropped §r§a4x §r§aEnchanted Melon§r§e!
18:17:28 [allowed] §6[Sacks] §r§a+108§r§e items§r§e.§r§8 (Last 23s.)
18:17:39 [allowed] §a§lUNCOMMON DROP! §r§eDicer dropped §r§a4x §r§aEnchanted Melon§r§e!
18:17:42 [allowed] §a§lUNCOMMON DROP! §r§eDicer dropped §r§a4x §r§aEnchanted Melon§r§e!
18:18:03 [allowed] §6[Sacks] §r§a+206§r§e items§r§e.§r§8 (Last 30s.)
18:18:34 [allowed] §6[Sacks] §r§a+200§r§e items§r§e.§r§8 (Last 30s.)
18:19:02 [allowed] §a§lUNCOMMON DROP! §r§eDicer dropped §r§a4x §r§aEnchanted Melon§r§e!
18:19:05 [allowed] §6[Sacks] §r§a+202§r§e items§r§e.§r§8 (Last 30s.)
18:19:29 [allowed] §6[Sacks] §r§a+114§r§e items§r§e.§r§8 (Last 23s.)
18:20:02 [allowed] §a§lUNCOMMON DROP! §r§eDicer dropped §r§a4x §r§aEnchanted Melon§r§e!
18:20:06 [allowed] §aYou earned §r§2750 GEXP §r§afrom playing SkyBlock!
18:20:08 [allowed] §6[Sacks] §r§a+201§r§e items§r§e.§r§8 (Last 30s.)
18:20:17 [allowed] §a§lUNCOMMON DROP! §r§eDicer dropped §r§a4x §r§aEnchanted Melon§r§e!
18:20:39 [allowed] §6[Sacks] §r§a+193§r§e items§r§e.§r§8 (Last 30s.)
18:21:07 [allowed] §a§lUNCOMMON DROP! §r§eDicer dropped §r§a4x §r§aEnchanted Melon§r§e!
18:21:10 [allowed] §6[Sacks] §r§a+209§r§e items§r§e.§r§8 (Last 30s.)
18:21:15 [allowed] §2Guild > §r§bcreeperXP §r§eleft.
18:21:34 [allowed] §6[Sacks] §r§a+118§r§e items§r§e.§r§8 (Last 23s.)
18:21:48 [allowed] §9§lRARE DROP! §r§eDicer dropped §r§a16x §r§aEnchanted Melon§r§e!
18:22:11 [allowed] §6[Sacks] §r§a+198§r§e items§r§e.§r§8 (Last 30s.)
18:22:37 [allowed] §a§lUNCOMMON DROP! §r§eDicer dropped §r§a4x §r§aEnchanted Melon§r§e!
18:22:42 [allowed] §6[Sacks] §r§a+191§r§e items§r§e.§r§8 (Last 30s.)
18:22:52 [allowed] §6§lGROSS! §7A §2Pest §7has appeared in §aPlot §7- §b7§7!
18:22:52 [allowed]   §r§4§lൠ §6☘ Farming Fortune §7has been reduced by §415%§7!
18:22:52 [allowed]   §r§e§lCLICK HERE §eto teleport to the plot!
18:23:13 [allowed] §6[Sacks] §r§a+201§r§e items§r§e.§r§8 (Last 30s.)
18:23:23 [allowed] §a§lUNCOMMON DROP! §r§eDicer dropped §r§a4x §r§aEnchanted Melon§r§e!
18:23:36 [allowed] §6[Sacks] §r§a+105§r§e items§r§e.§r§8 (Last 22s.)
18:23:49 [allowed] §aWalk Speed Cap set to: §r§e400
18:23:52 [allowed] §aWalk Speed Cap set to: §r§e400
18:24:02 [PEST_DROP] §eYou received §a68x Enchanted Potato §efor killing a §2Locust§e!
18:24:07 [allowed] §aYour Garden is no longer infested and your §r§6☘ Farming Fortune §r§ahas returned to normal!
18:24:07 [PEST_DROP] §eYou received §a71x Enchanted Potato §efor killing a §2Locust§e!
18:24:16 [PEST_DROP] §eYou received §a59x Enchanted Cocoa Beans §efor killing a §2Moth§e!
18:24:31 [PEST_DROP] §eYou received §a71x Enchanted Carrot §efor killing a §2Cricket§e!
18:24:31 [allowed] §3§l▬▬▬▬▬▬▬▬▬▬▬▬▬▬▬▬▬▬▬▬▬▬▬▬▬▬▬▬▬▬▬▬▬▬▬▬▬▬▬▬▬▬▬▬▬▬▬▬▬▬▬▬▬▬▬▬▬▬▬▬▬▬▬▬
18:24:31 [allowed]   §r§b§lGARDEN MILESTONE §3Carrot §8XI➜§3XII
18:24:31 [allowed]   §r§6Milestone XIII in §r§a40k Carrots
18:24:31 [allowed] 
18:24:31 [allowed]   §r§a§lREWARDS
18:24:31 [allowed]     §r§8+§r§2120 §r§7Garden Experience
18:24:31 [allowed]     §r§8+§r§335,000 §r§7Farming Experience
18:24:31 [allowed]     §r§8+§r§b1 SkyBlock XP
18:24:31 [allowed] §3§l▬▬▬▬▬▬▬▬▬▬▬▬▬▬▬▬▬▬▬▬▬▬▬▬▬▬▬▬▬▬▬▬▬▬▬▬▬▬▬▬▬▬▬▬▬▬▬▬▬▬▬▬▬▬▬▬▬▬▬▬▬▬▬▬
18:24:56 [allowed] §9§lRARE DROP! §r§eDicer dropped §r§a16x §r§aEnchanted Melon§r§e!
18:25:07 [allowed] §aYou earned §r§2750 GEXP §r§afrom playing SkyBlock!
18:25:15 [allowed] §a§lUNCOMMON DROP! §r§eDicer dropped §r§a4x §r§aEnchanted Melon§r§e!
18:25:17 [allowed] §6[Sacks] §r§a+301§r§e items§r§e.§r§8 (Last 30s.)
18:25:21 [allowed] §a§lUNCOMMON DROP! §r§eDicer dropped §r§a4x §r§aEnchanted Melon§r§e!
18:25:27 [allowed] §a§lUNCOMMON DROP! §r§eDicer dropped §r§a4x §r§aEnchanted Melon§r§e!
18:25:48 [allowed] §6[Sacks] §r§a+311§r§e items§r§e.§r§8 (Last 30s.)
18:26:38 [allowed] §a§lUNCOMMON DROP! §r§eDicer dropped §r§a4x §r§aEnchanted Melon§r§e!
18:26:40 [allowed] §a§lUNCOMMON DROP! §r§eDicer dropped §r§a4x §r§aEnchanted Melon§r§e!
18:26:41 [allowed] §6[Sacks] §r§a+278§r§e items§r§e.§r§8 (Last 30s.)
18:27:04 [allowed] §9§lRARE DROP! §r§eDicer dropped §r§a16x §r§aEnchanted Melon§r§e!
18:27:12 [allowed] §6[Sacks] §r§a+291§r§e items§r§e.§r§8 (Last 30s.)
18:27:44 [allowed] §6[Sacks] §r§a+254§r§e items§r§e.§r§8 (Last 30s.)
18:27:51 [allowed] §a§lUNCOMMON DROP! §r§eDicer dropped §r§a4x §r§aEnchanted Melon§r§e!
18:27:57 [allowed] §6§lGROSS! §7A §2Pest §7has appeared in §aPlot §7- §b2§7!
18:27:57 [allowed]   §r§e§lCLICK HERE §eto teleport to the plot!
18:28:12 [allowed] §9§lRARE DROP! §r§eDicer dropped §r§a16x §r§aEnchanted Melon§r§e!
18:28:15 [allowed] §6[Sacks] §r§a+302§r§e items§r§e.§r§8 (Last 30s.)
18:28:33 [allowed] §a§lUNCOMMON DROP! §r§eDicer dropped §r§a4x §r§aEnchanted Melon§r§e!
18:28:39 [allowed] §6[Sacks] §r§a+196§r§e items§r§e.§r§8 (Last 23s.)
18:29:00 [allowed] §6[Sacks] §r§a+94§r§e items§r§e.§r§8 (Last 15s.)
18:29:01 [allowed] §d§lCRAZY RARE DROP! §r§eDicer dropped §r§92x §r§9Enchanted Melon Block§r§e!
18:29:01 [allowed] §a§lUNCOMMON DROP! §r§eDicer dropped §r§a4x §r§aEnchanted Melon§r§e!
18:29:13 [allowed] §a§lUNCOMMON DROP! §r§eDicer dropped §r§a4x §r§aEnchanted Melon§r§e!
18:29:38 [allowed] §9§lRARE DROP! §r§eDicer dropped §r§a16x §r§aEnchanted Melon§r§e!
18:29:43 [allowed] §9§lRARE DROP! §r§eDicer dropped §r§a16x §r§aEnchanted Melon§r§e!
18:30:09 [allowed] §aYou earned §r§2750 GEXP §r§afrom playing SkyBlock!
18:30:15 [allowed] §a§lUNCOMMON DROP! §r§eDicer dropped §r§a4x §r§aEnchanted Melon§r§e!
18:30:23 [allowed] §a§lUNCOMMON DROP! §r§eDicer dropped §r§a4x §r§aEnchanted Melon§r§e!
18:30:42 [allowed] §a§lUNCOMMON DROP! §r§eDicer dropped §r§a4x §r§aEnchanted Melon§r§e!
18:31:11 [allowed] §a§lUNCOMMON DROP! §r§eDicer dropped §r§a4x §r§aEnchanted Melon§r§e!
18:31:29 [allowed] §a§lUNCOMMON DROP! §r§eDicer dropped §r§a4x §r§aEnchanted Melon§r§e!
18:31:57 [allowed] §a§lUNCOMMON DROP! §r§eDicer dropped §r§a4x §r§aEnchanted Melon§r§e!
18:32:32 [allowed] §c ☠ §r§7You fell into the void§r§7.
18:33:01 [allowed] §9§lRARE DROP! §r§eDicer dropped §r§a16x §r§aEnchanted Melon§r§e!
18:33:08 [allowed] §6§lGROSS! §7A §2Pest §7has appeared in §aPlot §7- §b2§7!
18:33:08 [allowed]   §r§e§lCLICK HERE §eto teleport to the plot!
18:33:19 [allowed] §a§lUNCOMMON DROP! §r§eDicer dropped §r§a4x §r§aEnchanted Melon§r§e!
18:34:43 [allowed] §9§lRARE DROP! §r§eDicer dropped §r§a16x §r§aEnchanted Melon§r§e!
18:34:47 [allowed] §a§lUNCOMMON DROP! §r§eDicer dropped §r§a4x §r§aEnchanted Melon§r§e!
18:34:48 [allowed] §a§lUNCOMMON DROP! §r§eDicer dropped §r§a4x §r§aEnchanted Melon§r§e!
18:34:48 [allowed] §a§lUNCOMMON DROP! §r§eDicer dropped §r§a4x §r§aEnchanted Melon§r§e!
18:34:59 [allowed] §a§lUNCOMMON DROP! §r§eDicer dropped §r§a4x §r§aEnchanted Melon§r§e!
18:35:01 [allowed] §e[NPC] Jacob§r§f: The Farming Contest is over!
18:35:01 [allowed] §e[NPC] Jacob§r§f: Let me count the final results eh?
18:35:01 [SKYMALL] §bNew day! §r§eYour §r§2Sky Mall §r§ebuff changed!
18:35:01 [SKYMALL] §eNew buff§r§r§r: §r§f§r§a-20%§r§f Pickaxe Ability cooldowns.
18:35:01 [SKYMALL] §8§oYou can disable this messaging by toggling Sky Mall in your /hotm!
18:35:06 [allowed] §e[NPC] Jacob§f: §rYou placed in the §f§lSILVER §fbracket in the §aMelon Contest§f!
18:35:10 [allowed] §aYou earned §r§2750 GEXP §r§afrom playing SkyBlock!
18:35:10 [allowed] §e[NPC] Jacob§f: §rYou collected §e836,051 §fitems!
18:35:10 [allowed] Unknown command. Type "/help" for help. ('b z')
18:35:15 [allowed] §6[Bazaar] §r§7Executing instant sell...
18:35:15 [allowed] §6[Bazaar] §r§7Sold §r§a1§r§7x §r§9Enchanted Red Mushroom Block §r§7for §r§649,487 coins§r§7!
18:35:15 [allowed] §6[Bazaar] §r§7Sold §r§a71§r§7x §r§aEnchanted Carrot §r§7for §r§638,113 coins§r§7!
18:35:15 [allowed] §6[Bazaar] §r§7Sold §r§a8§r§7x §r§fRed Mushroom §r§7for §r§645.6 coins§r§7!
18:35:15 [allowed] §6[Bazaar] §r§7Sold §r§a159§r§7x §r§fMelon §r§7for §r§6111.3 coins§r§7!
18:35:15 [allowed] §6[Bazaar] §r§7Sold §r§a20§r§7x §r§aEnchanted Red Mushroom §r§7for §r§630,656 coins§r§7!
18:35:15 [allowed] §6[Bazaar] §r§7Sold §r§a21§r§7x §r§aEnchanted Brown Mushroom §r§7for §r§632,147 coins§r§7!
18:35:15 [allowed] §6[Bazaar] §r§7Sold §r§a94§r§7x §r§fBrown Mushroom §r§7for §r§6488.8 coins§r§7!
18:35:15 [allowed] §6[Bazaar] §r§7Sold §r§a59§r§7x §r§aEnchanted Cocoa Beans §r§7for §r§629,034 coins§r§7!
18:35:15 [allowed] §6[Bazaar] §r§7Sold §r§a32§r§7x §r§9Enchanted Melon Block §r§7for §r§61,594,246 coins§r§7!
18:35:15 [allowed] §6[Bazaar] §r§7Sold §r§a139§r§7x §r§aEnchanted Potato §r§7for §r§664,621 coins§r§7!
18:35:18 [allowed] §6[Bazaar] §r§7Executing instant sell...
18:35:18 [allowed] §6[Bazaar] §r§7Sold §r§a20,160§r§7x §r§fBrown Mushroom §r§7for §r§6104,832 coins§r§7!
18:35:18 [allowed] §6[Bazaar] §r§7Sold §r§a20,160§r§7x §r§fMelon §r§7for §r§614,112 coins§r§7!
18:35:18 [allowed] §6[Bazaar] §r§7Sold §r§a20,160§r§7x §r§fRed Mushroom §r§7for §r§6114,912 coins§r§7!
18:35:23 [allowed] §7Warping...
18:35:23 [allowed] §7Sending to server mini153BM...
18:35:23 [allowed] §8 §r§8 §r§1 §r§3 §r§3 §r§7 §r§8 
18:35:26 [allowed] §aYou are playing on profile: §ePineapple§b (Co-op)
18:35:26 [allowed] §8Profile ID: 6accdd30-5c34-4840-99a1-da8b87d5f229
18:35:28 [allowed] §c ☠ §r§7§r§aDeathbot82§r§7 was killed by Arachne's Keeper§r§7§r§7.
18:35:39 [allowed] §c ☠ §r§7§r§7CoolyKing1§r§7 was killed by Voracious Spider§r§7§r§7.
18:36:07 [allowed] §6[Sacks] §r§a+71§r§e items§r§e.§r§8 (Last 17s.)
18:36:39 [allowed] §6[Sacks] §r§a+12§r§e items§r§e.§r§8 (Last 7s.)
18:36:40 [allowed] §c ☠ §r§7§r§7XSuper636§r§7 was killed by Voracious Spider§r§7§r§7.
18:37:38 [allowed] §4☄ §r§aDreadBull123456 §r§eplaced an §r§9Arachne's Calling§r§e! (§r§a1§r§e/§r§a4§r§e)
18:37:40 [allowed] §4☄ §r§aDreadBull123456 §r§eplaced an §r§9Arachne's Calling§r§e! (§r§a2§r§e/§r§a4§r§e)
18:37:40 [allowed] §6[Sacks] §r§a+28§r§e items§r§e.§r§8 (Last 6s.)
18:37:42 [allowed] §4☄ §r§aDreadBull123456 §r§eplaced an §r§9Arachne's Calling§r§e! (§r§a3§r§e/§r§a4§r§e)
18:37:43 [allowed] §cYou haven't unlocked this fast travel destination!
18:37:44 [allowed] §4☄ §r§aDreadBull123456 §r§eplaced an §r§9Arachne's Calling§r§e! Something is awakening! §r§e(§r§a4§r§e/§r§a4§r§e)
18:37:57 [allowed] §c ☠ §r§7§r§7XSuper636§r§7 was killed by Splitter Spider§r§7§r§7.
18:38:03 [allowed] §cAutopet §eequipped your §7[Lvl 96] §6Tiger§e! §a§lVIEW RULE
18:38:13 [allowed] §c ☠ §r§7§r§aDeathbot82§r§7 was killed by Arachne's Brood§r§7§r§7.
18:38:16 [allowed] §c ☠ §r§7§r§aThingamajjig§r§7 was killed by Dasher Spider§r§7§r§7.
18:38:34 [allowed] §6[Sacks] §r§a+8§r§e items§r§e.§r§8 (Last 5s.)
18:38:39 [allowed] §4☄ §r§aDreadBull123456 §r§eplaced an §r§9Arachne's Calling§r§e! (§r§a1§r§e/§r§a4§r§e)
18:38:41 [allowed] §4☄ §r§aDreadBull123456 §r§eplaced an §r§9Arachne's Calling§r§e! (§r§a2§r§e/§r§a4§r§e)
18:38:43 [allowed] §4☄ §r§aDreadBull123456 §r§eplaced an §r§9Arachne's Calling§r§e! (§r§a3§r§e/§r§a4§r§e)
18:38:45 [allowed] §4☄ §r§aDreadBull123456 §r§eplaced an §r§9Arachne's Calling§r§e! Something is awakening! §r§e(§r§a4§r§e/§r§a4§r§e)
18:38:54 [allowed] §cThere are blocks in the way!
18:38:54 [allowed] §cThere are blocks in the way!
18:38:55 [allowed] §cThere are blocks in the way!
18:39:27 [allowed] §aYou earned §r§2346 GEXP §r§afrom playing SkyBlock!
18:39:31 [allowed] §6[Sacks] §r§a+44§r§e items§r§e.§r§8 (Last 7s.)
18:39:36 [allowed] §4☄ §r§aDreadBull123456 §r§eplaced an §r§9Arachne's Calling§r§e! (§r§a1§r§e/§r§a4§r§e)
18:39:38 [allowed] §4☄ §r§aDreadBull123456 §r§eplaced an §r§9Arachne's Calling§r§e! (§r§a2§r§e/§r§a4§r§e)
18:39:40 [allowed] §4☄ §r§aDreadBull123456 §r§eplaced an §r§9Arachne's Calling§r§e! (§r§a3§r§e/§r§a4§r§e)
18:39:42 [allowed] §4☄ §r§aDreadBull123456 §r§eplaced an §r§9Arachne's Calling§r§e! Something is awakening! §r§e(§r§a4§r§e/§r§a4§r§e)
18:39:54 [allowed] §c ☠ §r§7§r§7PHANTOMFAKEE§r§7 was killed by Splitter Spider§r§7§r§7.
18:40:00 [allowed] §c[BOSS] Arachne§r§f: Fresh meat, raw and juicy.
18:40:01 [allowed] §c[BOSS] Arachne§r§f: A befitting welcome!
18:40:05 [allowed] §c[BOSS] Arachne§r§f: Spiders in my Den, can you count to ten?
18:40:11 [allowed] §c[BOSS] Arachne§r§f: A tough fight!
18:40:15 [allowed] §c[BOSS] Arachne§r§f: I have to stretch my legs.
18:40:16 [allowed] §c ☠ §r§7§r§aDeathbot82§r§7 was killed by Arachne's Brood§r§7§r§7.
18:40:16 [allowed] §c ☠ §r§7§r§7Podmak§r§7 was killed by Arachne's Brood§r§7§r§7.
18:40:18 [allowed] §c[BOSS] Arachne§r§f: Arise my children!
18:40:22 [allowed] §c[BOSS] Arachne§r§f: Quit human, don't try to resist my venom.
18:40:24 [allowed] §a§l▬▬▬▬▬▬▬▬▬▬▬▬▬▬▬▬▬▬▬▬▬▬▬▬▬▬▬▬▬▬▬▬▬▬▬▬▬▬▬▬▬▬▬▬▬▬▬▬▬▬▬▬▬▬▬▬▬▬▬▬▬▬▬▬
18:40:24 [allowed] §f                              §r§6§lARACHNE DOWN!
18:40:24 [allowed] 
18:40:24 [allowed] §f                  §r§b[MVP§r§a+§r§b] Ray_grl§r§f §r§7dealt the final blow.
18:40:24 [allowed] 
18:40:24 [allowed] §f          §r§e§l1st Damager §r§7- §r§a[VIP] DreadBull123456§r§f §r§7- §r§e68,000
18:40:24 [allowed] §f              §r§6§l2nd Damager §r§7- §r§b[MVP§r§a+§r§b] Ray_grl§r§f §r§7- §r§e38,226
18:40:24 [allowed] §f             §r§c§l3rd Damager §r§7- §r§7LaserShark2050§r§7 §r§7- §r§e29,000
18:40:24 [allowed] 
18:40:24 [allowed] §f                      §r§eYour Damage: §r§a0 §r§7(Position #8)
18:40:24 [allowed] 
18:40:24 [allowed] §a§l▬▬▬▬▬▬▬▬▬▬▬▬▬▬▬▬▬▬▬▬▬▬▬▬▬▬▬▬▬▬▬▬▬▬▬▬▬▬▬▬▬▬▬▬▬▬▬▬▬▬▬▬▬▬▬▬▬▬▬▬▬▬▬▬
18:40:26 [allowed] §c[BOSS] Arachne§r§f: No, this is impossible...
18:40:28 [allowed] §4☄ §r§aGobbutta §r§eplaced an §r§9Arachne's Calling§r§e! (§r§a1§r§e/§r§a4§r§e)
18:40:28 [allowed] §4☄ §r§aDreadBull123456 §r§eplaced an §r§9Arachne's Calling§r§e! (§r§a2§r§e/§r§a4§r§e)
18:40:29 [allowed] §c[BOSS] Arachne§r§f: I will be back, even stronger!
18:40:32 [allowed] §4☄ §r§aGobbutta §r§eplaced an §r§9Arachne's Calling§r§e! (§r§a3§r§e/§r§a4§r§e)
18:40:33 [allowed] §4☄ §r§aDreadBull123456 §r§eplaced an §r§9Arachne's Calling§r§e! Something is awakening! §r§e(§r§a4§r§e/§r§a4§r§e)
18:40:33 [allowed] §c[BOSS] Arachne§r§f: Ahhhh...A Calling...
18:40:39 [allowed] §c[BOSS] Arachne§r§f: For me...
18:40:45 [allowed] §c[BOSS] Arachne§r§f: That §r§fsmell...human§r§f §r§fflesh...and§r§f blood.
18:40:51 [allowed] §c[BOSS] Arachne§r§f: A befitting welcome!
18:40:54 [allowed] §c[BOSS] Arachne§r§f: Spiders in my Den, can you count to ten?
18:41:01 [allowed] §c ☠ §r§7§r§aDeathbot82§r§7 was killed by Arachne's Brood§r§7§r§7.
18:41:04 [allowed] §c[BOSS] Arachne§r§f: A tough fight!
18:41:06 [allowed] §6[Bazaar] §r§7Executing instant buy...
18:41:06 [allowed] §6[Bazaar] §r§7Bought §r§a10,000§r§7x §r§dSpider Essence §r§7for §r§69,783,905 coins§r§7!
18:41:08 [allowed] §c[BOSS] Arachne§r§f: I have to stretch my legs.
18:41:11 [allowed] §c[BOSS] Arachne§r§f: Arise my children!
18:41:12 [allowed] §c[BOSS] Arachne§r§f: Quit human, don't try to resist my venom.
18:41:13 [allowed] §aYou purchased §r§5Travel Scroll to Arachne's Sanctuary§r§a!
18:41:16 [allowed] §a§l▬▬▬▬▬▬▬▬▬▬▬▬▬▬▬▬▬▬▬▬▬▬▬▬▬▬▬▬▬▬▬▬▬▬▬▬▬▬▬▬▬▬▬▬▬▬▬▬▬▬▬▬▬▬▬▬▬▬▬▬▬▬▬▬
18:41:16 [allowed] §f                              §r§6§lARACHNE DOWN!
18:41:16 [allowed] 
18:41:16 [allowed] §f                §r§b[MVP§r§9+§r§b] Arceus6386§r§f §r§7dealt the final blow.
18:41:16 [allowed] 
18:41:16 [allowed] §f          §r§e§l1st Damager §r§7- §r§a[VIP] DreadBull123456§r§f §r§7- §r§e64,000
18:41:16 [allowed] §f              §r§6§l2nd Damager §r§7- §r§a[VIP] Gobbutta§r§f §r§7- §r§e62,982
18:41:16 [allowed] §f            §r§c§l3rd Damager §r§7- §r§b[MVP§r§9+§r§b] Arceus6386§r§f §r§7- §r§e9,000
18:41:16 [allowed] 
18:41:16 [allowed] §f                      §r§eYour Damage: §r§a0 §r§7(Position #6)
18:41:16 [allowed] 
18:41:16 [allowed] §a§l▬▬▬▬▬▬▬▬▬▬▬▬▬▬▬▬▬▬▬▬▬▬▬▬▬▬▬▬▬▬▬▬▬▬▬▬▬▬▬▬▬▬▬▬▬▬▬▬▬▬▬▬▬▬▬▬▬▬▬▬▬▬▬▬
18:41:16 [allowed] §c[BOSS] Arachne§r§f: No, this is impossible...
18:41:19 [allowed] §aYou unlocked §r§eToxophilite I§r§a!
18:41:19 [allowed] §c[BOSS] Arachne§r§f: I will be back, even stronger!
18:41:19 [allowed] §aYou unlocked §r§eToxophilite II§r§a!
18:41:20 [allowed] §aYou unlocked §r§eToxophilite III§r§a!
18:41:20 [allowed] §aYou unlocked §r§eToxophilite IV§r§a!
18:41:21 [allowed] §cYou don't have enough Spider Essence!
18:41:26 [allowed] §4☄ §r§aDreadBull123456 §r§eplaced an §r§9Arachne's Calling§r§e! (§r§a1§r§e/§r§a4§r§e)
18:41:28 [allowed] §4☄ §r§aDreadBull123456 §r§eplaced an §r§9Arachne's Calling§r§e! (§r§a2§r§e/§r§a4§r§e)
18:41:30 [allowed] §4☄ §r§aDreadBull123456 §r§eplaced an §r§9Arachne's Calling§r§e! (§r§a3§r§e/§r§a4§r§e)
18:41:30 [allowed] §eYou consumed the scroll!
18:41:30 [allowed] §eYou may now Fast Travel to §r§aSpider's Den §r§7- §r§bArachne's Sanctuary§r§e!
18:41:32 [allowed] §4☄ §r§aDreadBull123456 §r§eplaced an §r§9Arachne's Calling§r§e! Something is awakening! §r§e(§r§a4§r§e/§r§a4§r§e)
18:41:32 [allowed] §c[BOSS] Arachne§r§f: Ahhhh...A Calling...
18:41:38 [allowed] §c[BOSS] Arachne§r§f: For me...
18:41:44 [allowed] §c[BOSS] Arachne§r§f: That §r§fsmell...human§r§f §r§fflesh...and§r§f blood.
18:41:50 [allowed] §c[BOSS] Arachne§r§f: Fresh meat, raw and juicy.
18:41:51 [allowed] §c[BOSS] Arachne§r§f: A befitting welcome!
18:41:55 [allowed] §c[BOSS] Arachne§r§f: Spiders in my Den, can you count to ten?
18:41:59 [allowed] §e§lLOOT SHARE §r§r§r§fYou received loot for assisting §r§aDreadBull123456§r§f!
18:42:03 [allowed] §c[BOSS] Arachne§r§f: A tough fight!
18:42:06 [allowed] §c[BOSS] Arachne§r§f: I have to stretch my legs.
18:42:09 [allowed] §c[BOSS] Arachne§r§f: Arise my children!
18:42:11 [allowed] §c[BOSS] Arachne§r§f: Quit human, don't try to resist my venom.
18:42:12 [allowed] §a§l▬▬▬▬▬▬▬▬▬▬▬▬▬▬▬▬▬▬▬▬▬▬▬▬▬▬▬▬▬▬▬▬▬▬▬▬▬▬▬▬▬▬▬▬▬▬▬▬▬▬▬▬▬▬▬▬▬▬▬▬▬▬▬▬
18:42:12 [allowed] §f                              §r§6§lARACHNE DOWN!
18:42:12 [allowed] 
18:42:12 [allowed] §f              §r§a[VIP] DreadBull123456§r§f §r§7dealt the final blow.
18:42:12 [allowed] 
18:42:12 [allowed] §f          §r§e§l1st Damager §r§7- §r§a[VIP] DreadBull123456§r§f §r§7- §r§e93,000
18:42:12 [allowed] §f            §r§6§l2nd Damager §r§7- §r§b[MVP§r§f+§r§b] Firemage_X§r§f §r§7- §r§e43,000
18:42:12 [allowed] 
18:42:12 [allowed] §f                   §r§eYour Damage: §r§a43,000 §r§7(Position #2)
18:42:12 [allowed] §f                           §r§eRunecrafting: §r§d+70 XP
18:42:12 [allowed] 
18:42:12 [allowed] §a§l▬▬▬▬▬▬▬▬▬▬▬▬▬▬▬▬▬▬▬▬▬▬▬▬▬▬▬▬▬▬▬▬▬▬▬▬▬▬▬▬▬▬▬▬▬▬▬▬▬▬▬▬▬▬▬▬▬▬▬▬▬▬▬▬
18:42:14 [allowed] §c[BOSS] Arachne§r§f: No, this is impossible...
18:42:17 [allowed] §c[BOSS] Arachne§r§f: I will be back, even stronger!
18:42:19 [allowed] §4☄ §r§aDreadBull123456 §r§eplaced an §r§9Arachne's Calling§r§e! (§r§a1§r§e/§r§a4§r§e)
18:42:20 [allowed] §6[Sacks] §r§a+360§r§e items§r§e.§r§8 (Last 22s.)
18:42:21 [allowed] §4☄ §r§aDreadBull123456 §r§eplaced an §r§9Arachne's Calling§r§e! (§r§a2§r§e/§r§a4§r§e)
18:42:23 [allowed] §4☄ §r§aDreadBull123456 §r§eplaced an §r§9Arachne's Calling§r§e! (§r§a3§r§e/§r§a4§r§e)
18:42:25 [allowed] §4☄ §r§aDreadBull123456 §r§eplaced an §r§9Arachne's Calling§r§e! Something is awakening! §r§e(§r§a4§r§e/§r§a4§r§e)
18:42:25 [allowed] §c[BOSS] Arachne§r§f: Ahhhh...A Calling...
18:42:26 [allowed] §6[Sacks] §r§a+2§r§e items§r§e.§r§8 (Last 5s.)
18:42:31 [allowed] §c[BOSS] Arachne§r§f: For me...
18:42:33 [allowed] §6[Sacks] §r§a+20§r§e items§r§e.§r§8 (Last 5s.)
18:42:37 [allowed] §c[BOSS] Arachne§r§f: That §r§fsmell...human§r§f §r§fflesh...and§r§f blood.
18:42:37 [allowed] §e✆ RING... 
18:42:38 [allowed] §e✆ RING... RING... 
18:42:38 [allowed] §e✆ RING... RING... RING... 
18:42:40 [allowed] §eYou selected the §r§aItchy §r§epower for your §r§aAccessory Bag§r§e!
18:42:43 [allowed] §c[BOSS] Arachne§r§f: A befitting welcome!
18:42:48 [allowed] §c[BOSS] Arachne§r§f: Spiders in my Den, can you count to ten?
18:42:50 [allowed] §e§lLOOT SHARE §r§r§r§fYou received loot for assisting §r§aDreadBull123456§r§f!
18:42:51 [allowed] §e§lLOOT SHARE §r§r§r§fYou received loot for assisting §r§aDreadBull123456§r§f!
18:42:52 [allowed] §e§lLOOT SHARE §r§r§r§fYou received loot for assisting §r§aDreadBull123456§r§f!
18:42:52 [allowed] §e§lLOOT SHARE §r§r§r§fYou received loot for assisting §r§aDreadBull123456§r§f!
18:42:55 [allowed] §c[BOSS] Arachne§r§f: A tough fight!
18:42:58 [allowed] §c[BOSS] Arachne§r§f: I have to stretch my legs.
18:43:00 [allowed] §dArachne's Brood used §r§2Venom Shot §r§don you hitting you for §r§c83.7 damage §r§dand infecting you with venom.
18:43:00 [allowed] §dArachne's Brood used §r§2Venom Shot §r§don you hitting you for §r§c83.7 damage §r§dand infecting you with venom.
18:43:00 [allowed] §dArachne's Brood used §r§2Venom Shot §r§don you hitting you for §r§c83.7 damage §r§dand infecting you with venom.
18:43:00 [allowed] §dArachne's Brood used §r§2Venom Shot §r§don you hitting you for §r§c83.7 damage §r§dand infecting you with venom.
18:43:01 [allowed] §e§lLOOT SHARE §r§r§r§fYou received loot for assisting §r§aDreadBull123456§r§f!
18:43:01 [allowed] §dArachne's Brood used §r§2Venom Shot §r§don you hitting you for §r§c83.7 damage §r§dand infecting you with venom.
18:43:01 [allowed] §e§lLOOT SHARE §r§r§r§fYou received loot for assisting §r§aDreadBull123456§r§f!
18:43:01 [allowed] §c[BOSS] Arachne§r§f: Arise my children!
18:43:03 [allowed] §dArachne's Brood used §r§2Venom Shot §r§don you hitting you for §r§c83.7 damage §r§dand infecting you with venom.
18:43:03 [allowed] §e§lLOOT SHARE §r§r§r§fYou received loot for assisting §r§aDreadBull123456§r§f!
18:43:04 [allowed] §c[BOSS] Arachne§r§f: Quit human, don't try to resist my venom.
18:43:05 [allowed] §a§l▬▬▬▬▬▬▬▬▬▬▬▬▬▬▬▬▬▬▬▬▬▬▬▬▬▬▬▬▬▬▬▬▬▬▬▬▬▬▬▬▬▬▬▬▬▬▬▬▬▬▬▬▬▬▬▬▬▬▬▬▬▬▬▬
18:43:05 [allowed] §f                              §r§6§lARACHNE DOWN!
18:43:05 [allowed] 
18:43:05 [allowed] §f                §r§b[MVP§r§f+§r§b] Firemage_X§r§f §r§7dealt the final blow.
18:43:05 [allowed] 
18:43:05 [allowed] §f          §r§e§l1st Damager §r§7- §r§a[VIP] DreadBull123456§r§f §r§7- §r§e78,889
18:43:05 [allowed] §f            §r§6§l2nd Damager §r§7- §r§b[MVP§r§f+§r§b] Firemage_X§r§f §r§7- §r§e53,000
18:43:05 [allowed] §f                    §r§c§l3rd Damager §r§7- §r§7Podmak§r§7 §r§7- §r§e4,301
18:43:05 [allowed] 
18:43:05 [allowed] §f                   §r§eYour Damage: §r§a53,000 §r§7(Position #2)
18:43:05 [allowed] §f                           §r§eRunecrafting: §r§d+74 XP
18:43:05 [allowed] 
18:43:05 [allowed] §a§l▬▬▬▬▬▬▬▬▬▬▬▬▬▬▬▬▬▬▬▬▬▬▬▬▬▬▬▬▬▬▬▬▬▬▬▬▬▬▬▬▬▬▬▬▬▬▬▬▬▬▬▬▬▬▬▬▬▬▬▬▬▬▬▬
18:43:07 [allowed] §c[BOSS] Arachne§r§f: No, this is impossible...
18:43:10 [allowed] §c[BOSS] Arachne§r§f: I will be back, even stronger!
18:43:11 [allowed] §4☄ §r§aDreadBull123456 §r§eplaced an §r§9Arachne's Calling§r§e! (§r§a1§r§e/§r§a4§r§e)
18:43:14 [allowed] §4☄ §r§aDreadBull123456 §r§eplaced an §r§9Arachne's Calling§r§e! (§r§a2§r§e/§r§a4§r§e)
18:43:16 [allowed] §6[Sacks] §r§a+481§r§e items§r§e.§r§8 (Last 25s.)
18:43:16 [allowed] §4☄ §r§aDreadBull123456 §r§eplaced an §r§9Arachne's Calling§r§e! (§r§a3§r§e/§r§a4§r§e)
18:43:19 [allowed] §4☄ §r§aDreadBull123456 §r§eplaced an §r§9Arachne's Calling§r§e! Something is awakening! §r§e(§r§a4§r§e/§r§a4§r§e)
18:43:19 [allowed] §c[BOSS] Arachne§r§f: Ahhhh...A Calling...
18:43:25 [allowed] §c[BOSS] Arachne§r§f: For me...
18:43:25 [allowed] §6[Sacks] §r§a+20§r§e items§r§e.§r§8 (Last 5s.)
18:43:31 [allowed] §c[BOSS] Arachne§r§f: That §r§fsmell...human§r§f §r§fflesh...and§r§f blood.
18:43:37 [allowed] §c[BOSS] Arachne§r§f: Fresh meat, raw and juicy.
18:43:37 [allowed] §c[BOSS] Arachne§r§f: A befitting welcome!
18:43:42 [allowed] §c[BOSS] Arachne§r§f: Spiders in my Den, can you count to ten?
18:43:48 [allowed] §c[BOSS] Arachne§r§f: A tough fight!
18:43:50 [allowed] §e§lLOOT SHARE §r§r§r§fYou received loot for assisting §r§aDreadBull123456§r§f!
18:43:50 [allowed] §e§lLOOT SHARE §r§r§r§fYou received loot for assisting §r§aDreadBull123456§r§f!
18:43:51 [allowed] §e§lLOOT SHARE §r§r§r§fYou received loot for assisting §r§7Podmak§r§f!
18:43:51 [allowed] §3§l▬▬▬▬▬▬▬▬▬▬▬▬▬▬▬▬▬▬▬▬▬▬▬▬▬▬▬▬▬▬▬▬▬▬▬▬▬▬▬▬▬▬▬▬▬▬▬▬▬▬▬▬▬▬▬▬▬▬▬▬▬▬▬▬
18:43:51 [allowed]  
18:43:51 [BESTIARY] §f                                  §6§lBESTIARY
18:43:51 [BESTIARY] §f                       §b§lArachne's Brood §7§8X §8➡§b §bXI
18:43:51 [BESTIARY] 
18:43:51 [BESTIARY] §f                                  §r§6§lREWARDS
18:43:51 [BESTIARY] §f                   §r§8+§r§a4 Arachne's Brood §r§b✯ Magic Find
18:43:51 [BESTIARY] §f                    §r§8+§r§a4 Arachne's Brood §r§c❁ Strength
18:43:51 [BESTIARY] §f                       §r§8+§r§62% §r§aArachne's Brood §r§7coins
18:43:51 [BESTIARY] §f                    §r§8+§r§a50% §r§7chance for extra XP orbs
18:43:51 [BESTIARY] §f                               §r§8+§r§b1 SkyBlock XP
18:43:51 [BESTIARY] 
18:43:51 [BESTIARY] §3§l▬▬▬▬▬▬▬▬▬▬▬▬▬▬▬▬▬▬▬▬▬▬▬▬▬▬▬▬▬▬▬▬▬▬▬▬▬▬▬▬▬▬▬▬▬▬▬▬▬▬▬▬▬▬▬▬▬▬▬▬▬▬▬▬
18:43:51 [allowed] §e§lLOOT SHARE §r§r§r§fYou received loot for assisting §r§aDreadBull123456§r§f!
18:43:51 [allowed] §e§lLOOT SHARE §r§r§r§fYou received loot for assisting §r§aDreadBull123456§r§f!
18:43:51 [allowed] §c[BOSS] Arachne§r§f: I have to stretch my legs.
18:43:52 [allowed] §e§lLOOT SHARE §r§r§r§fYou received loot for assisting §r§aDreadBull123456§r§f!
18:43:53 [allowed] §c ☠ §r§7§r§7xaerro101§r§7 was killed by Arachne's Brood§r§7§r§7.
18:43:53 [allowed] §c ☠ §r§7§r§7Podmak§r§7 was killed by Arachne's Brood§r§7§r§7.
18:43:54 [allowed] §e§lLOOT SHARE §r§r§r§fYou received loot for assisting §r§aDreadBull123456§r§f!
18:43:54 [allowed] §c[BOSS] Arachne§r§f: Arise my children!
18:43:58 [allowed] §c[BOSS] Arachne§r§f: Quit human, don't try to resist my venom.
18:43:59 [allowed] §a§l▬▬▬▬▬▬▬▬▬▬▬▬▬▬▬▬▬▬▬▬▬▬▬▬▬▬▬▬▬▬▬▬▬▬▬▬▬▬▬▬▬▬▬▬▬▬▬▬▬▬▬▬▬▬▬▬▬▬▬▬▬▬▬▬
18:43:59 [allowed] §f                              §r§6§lARACHNE DOWN!
18:43:59 [allowed] 
18:43:59 [allowed] §f                §r§b[MVP§r§f+§r§b] Firemage_X§r§f §r§7dealt the final blow.
18:43:59 [allowed] 
18:43:59 [allowed] §f          §r§e§l1st Damager §r§7- §r§a[VIP] DreadBull123456§r§f §r§7- §r§e69,000
18:43:59 [allowed] §f            §r§6§l2nd Damager §r§7- §r§b[MVP§r§f+§r§b] Firemage_X§r§f §r§7- §r§e53,696
18:43:59 [allowed] §f                  §r§c§l3rd Damager §r§7- §r§7Sud_Oku§r§7 §r§7- §r§e18,972
18:43:59 [allowed] 
18:43:59 [allowed] §f                   §r§eYour Damage: §r§a53,696 §r§7(Position #2)
18:43:59 [allowed] §f                           §r§eRunecrafting: §r§d+74 XP
18:43:59 [allowed] 
18:43:59 [allowed] §a§l▬▬▬▬▬▬▬▬▬▬▬▬▬▬▬▬▬▬▬▬▬▬▬▬▬▬▬▬▬▬▬▬▬▬▬▬▬▬▬▬▬▬▬▬▬▬▬▬▬▬▬▬▬▬▬▬▬▬▬▬▬▬▬▬
18:44:01 [allowed] §c[BOSS] Arachne§r§f: No, this is impossible...
18:44:04 [allowed] §4☄ §r§aDreadBull123456 §r§eplaced an §r§9Arachne's Calling§r§e! (§r§a1§r§e/§r§a4§r§e)
18:44:04 [allowed] §c[BOSS] Arachne§r§f: I will be back, even stronger!
18:44:06 [allowed] §4☄ §r§aDreadBull123456 §r§eplaced an §r§9Arachne's Calling§r§e! (§r§a2§r§e/§r§a4§r§e)
18:44:08 [allowed] §6[Sacks] §r§a+435§r§e items§r§e.§r§8 (Last 24s.)
18:44:08 [allowed] §4☄ §r§aDreadBull123456 §r§eplaced an §r§9Arachne's Calling§r§e! (§r§a3§r§e/§r§a4§r§e)
18:44:10 [allowed] §4☄ §r§aDreadBull123456 §r§eplaced an §r§9Arachne's Calling§r§e! Something is awakening! §r§e(§r§a4§r§e/§r§a4§r§e)
18:44:10 [allowed] §c[BOSS] Arachne§r§f: Ahhhh...A Calling...
18:44:14 [allowed] §6[Sacks] §r§a+3§r§e items§r§e.§r§8 (Last 5s.)
18:44:16 [allowed] §c[BOSS] Arachne§r§f: For me...
18:44:22 [allowed] §c[BOSS] Arachne§r§f: That §r§fsmell...human§r§f §r§fflesh...and§r§f blood.
18:44:28 [allowed] §c[BOSS] Arachne§r§f: Fresh meat, raw and juicy.
18:44:28 [allowed] §aYou earned §r§2691 GEXP §r§afrom playing SkyBlock!
18:44:29 [allowed] §c[BOSS] Arachne§r§f: A befitting welcome!
18:44:34 [allowed] §c[BOSS] Arachne§r§f: Spiders in my Den, can you count to ten?
18:44:38 [allowed] §7Sud_Oku §ahas sent you a trade request. §bClick here §ato accept!
18:44:40 [allowed] §6[Sacks] §r§a+25§r§e items§r§e.§r§8 (Last 5s.)
18:44:41 [allowed] §c[BOSS] Arachne§r§f: A tough fight!
18:44:44 [allowed] §e§lLOOT SHARE §r§r§r§fYou received loot for assisting §r§bRay_grl§r§f!
18:44:44 [allowed] §c[BOSS] Arachne§r§f: I have to stretch my legs.
18:44:44 [allowed] §e§lLOOT SHARE §r§r§r§fYou received loot for assisting §r§aDreadBull123456§r§f!
18:44:45 [allowed] §e§lLOOT SHARE §r§r§r§fYou received loot for assisting §r§aDreadBull123456§r§f!
18:44:46 [allowed] §dArachne's Brood used §r§2Venom Shot §r§don you hitting you for §r§c149.1 damage §r§dand infecting you with venom.
18:44:47 [allowed] §c[BOSS] Arachne§r§f: Arise my children!
18:44:48 [allowed] §cThe /trade request from §r§7Sud_Oku§r§7 §r§cexpired!
18:44:51 [allowed] §6[Sacks] §r§a+175§r§e items§r§e.§r§8 (Last 7s.)
18:44:52 [allowed] §c ☠ §r§7§r§7Sud_Oku§r§7 was killed by Arachne's Brood§r§7§r§7.
18:44:53 [allowed] §c ☠ §r§7§r§aDeathbot82§r§7 was killed by Arachne's Brood§r§7§r§7.
18:44:57 [allowed] §e§lLOOT SHARE §r§r§r§fYou received loot for assisting §r§aDreadBull123456§r§f!
18:44:57 [allowed] §c[BOSS] Arachne§r§f: Quit human, don't try to resist my venom.
18:44:59 [allowed] §a§l▬▬▬▬▬▬▬▬▬▬▬▬▬▬▬▬▬▬▬▬▬▬▬▬▬▬▬▬▬▬▬▬▬▬▬▬▬▬▬▬▬▬▬▬▬▬▬▬▬▬▬▬▬▬▬▬▬▬▬▬▬▬▬▬
18:44:59 [allowed] §f                              §r§6§lARACHNE DOWN!
18:44:59 [allowed] 
18:44:59 [allowed] §f                 §r§7LaserShark2050§r§7 §r§7dealt the final blow.
18:44:59 [allowed] 
18:44:59 [allowed] §f          §r§e§l1st Damager §r§7- §r§a[VIP] DreadBull123456§r§f §r§7- §r§e61,000
18:44:59 [allowed] §f            §r§6§l2nd Damager §r§7- §r§b[MVP§r§f+§r§b] Firemage_X§r§f §r§7- §r§e23,000
18:44:59 [allowed] §f               §r§c§l3rd Damager §r§7- §r§a[VIP§r§6+§r§a] benlon§r§f §r§7- §r§e23,000
18:44:59 [allowed] 
18:44:59 [allowed] §f                   §r§eYour Damage: §r§a23,000 §r§7(Position #2)
18:44:59 [allowed] §f                           §r§eRunecrafting: §r§d+56 XP
18:44:59 [allowed] 
18:44:59 [allowed] §a§l▬▬▬▬▬▬▬▬▬▬▬▬▬▬▬▬▬▬▬▬▬▬▬▬▬▬▬▬▬▬▬▬▬▬▬▬▬▬▬▬▬▬▬▬▬▬▬▬▬▬▬▬▬▬▬▬▬▬▬▬▬▬▬▬
18:45:00 [allowed] §c[BOSS] Arachne§r§f: No, this is impossible...
18:45:03 [allowed] §c[BOSS] Arachne§r§f: I will be back, even stronger!
18:45:09 [allowed] §4☄ §r§aDreadBull123456 §r§eplaced an §r§9Arachne's Calling§r§e! (§r§a1§r§e/§r§a4§r§e)
18:45:09 [allowed] §6[Sacks] §r§a+41§r§e items§r§e.§r§8 (Last 12s.)
18:45:11 [allowed] §4☄ §r§aDreadBull123456 §r§eplaced an §r§9Arachne's Calling§r§e! (§r§a2§r§e/§r§a4§r§e)
18:45:13 [allowed] §4☄ §r§aDreadBull123456 §r§eplaced an §r§9Arachne's Calling§r§e! (§r§a3§r§e/§r§a4§r§e)
18:45:15 [allowed] §4☄ §r§aDreadBull123456 §r§eplaced an §r§9Arachne's Calling§r§e! Something is awakening! §r§e(§r§a4§r§e/§r§a4§r§e)
18:45:15 [allowed] §c[BOSS] Arachne§r§f: Ahhhh...A Calling...
18:45:19 [allowed] §6[Sacks] §r§a+10§r§e items§r§e.§r§8 (Last 5s.)
18:45:21 [allowed] §c[BOSS] Arachne§r§f: For me...
18:45:27 [allowed] §c[BOSS] Arachne§r§f: That §r§fsmell...human§r§f §r§fflesh...and§r§f blood.
18:45:33 [allowed] §6[Bazaar] §r§7Executing instant sell...
18:45:33 [allowed] §6[Bazaar] §r§7Sold §r§a2§r§7x §r§aEnchanted Slimeball §r§7for §r§64,233.4 coins§r§7!
18:45:33 [allowed] §6[Bazaar] §r§7Sold §r§a3§r§7x §r§aEnchanted Spider Eye §r§7for §r§64,350 coins§r§7!
18:45:33 [allowed] §6[Bazaar] §r§7Sold §r§a6§r§7x §r§aEnchanted String §r§7for §r§613,234 coins§r§7!
18:45:33 [allowed] §6[Bazaar] §r§7Sold §r§a4§r§7x §r§9Arachne Fragment §r§7for §r§646,303 coins§r§7!
18:45:33 [allowed] §6[Bazaar] §r§7Sold §r§a4§r§7x §r§aLuxurious Spool §r§7for §r§616.4 coins§r§7!
18:45:33 [allowed] §6[Bazaar] §r§7Sold §r§a22§r§7x §r§9Soul String §r§7for §r§6107,202 coins§r§7!
18:45:33 [allowed] §c[BOSS] Arachne§r§f: Fresh meat, raw and juicy.
18:45:34 [allowed] §c[BOSS] Arachne§r§f: A befitting welcome!
