16:51:51 [SKYMALL] §bNew day! §r§eYour §r§2Sky Mall §r§ebuff changed!
16:51:51 [SKYMALL] §eNew buff§r§r§r: §r§fGain §r§a5x §r§9Titanium §r§fdrops
16:51:51 [SKYMALL] §8§oYou can disable this messaging by toggling Sky Mall in your /hotm!
16:52:51 [PEST_DROP] §eYou received §a30x Enchanted Cocoa Beans §efor killing a §2Moth§e!
16:53:09 [GARDEN_VISITOR_MESSAGE] §e[NPC] §6Clerk Seraphine§f: §r§fHey §bFiremage_X§f, the mayor elections are coming up and I've ran out of ballot paper! Could you help me out?
16:53:29 [GARDEN_VISITOR_MESSAGE] §e[NPC] §6Clerk Seraphine§f: §r§fThank you very much! I'll make sure to give these extra ballots to only the elites!
16:53:30 [GARDEN_VISITOR_MESSAGE] §e[NPC] §aFarmhand§f: §r§fI took a break from work for too long! Now I need your help to meet my quota!
16:53:34 [GARDEN_VISITOR_MESSAGE] §e[NPC] §aFarmhand§f: §r§fYou condemn me to doing my own work? How can you do this to me!
16:53:35 [GARDEN_VISITOR_MESSAGE] §e[NPC] §aTarwen§f: §r§fBuurrrp? ... Burrp bURp!
16:53:39 [GARDEN_VISITOR_MESSAGE] §e[NPC] §aRhys§f: §r§fI found an unexplored cave while mining for titanium. But it's too dark to see in there, even for me! Can you spare any glowing pumpkins?
16:53:44 [GARDEN_VISITOR_MESSAGE] §e[NPC] §aFear Mongerer§f: §r§fMortal, the time of reckoning is near. The Past will light the future.
16:54:08 [GARDEN_VISITOR_MESSAGE] §e[NPC] §aTarwen§f: §r§fBuuuuurp!
16:54:15 [GARDEN_VISITOR_MESSAGE] §e[NPC] §aFear Mongerer§f: §r§fMay your destiny be ridded with fortune.
16:54:50 [GARDEN_VISITOR_MESSAGE] §e[NPC] §aRhys§f: §r§fI found an unexplored cave while mining for titanium. But it's too dark to see in there, even for me! Can you spare any glowing pumpkins?
16:54:51 [GARDEN_VISITOR_MESSAGE] §e[NPC] §aRhys§f: §r§fThank you! Discovery awaits.
16:55:01 [SKYMALL] §bNew day! §r§eYour §r§2Sky Mall §r§ebuff changed!
16:55:01 [SKYMALL] §eNew buff§r§r§r: §r§fGain §r§6+50☘ Mining Fortune§r§f.
16:55:01 [SKYMALL] §8§oYou can disable this messaging by toggling Sky Mall in your /hotm!
16:59:52 [NEW_VISITOR_ARRIVED] §a§r§aEmissary Wilson §r§ehas arrived on your §r§aGarden§r§e!
17:04:25 [NEW_VISITOR_ARRIVED] §a§r§aJamie §r§ehas arrived on your §r§aGarden§r§e!
17:09:03 [PEST_DROP] §eYou received §a57x Enchanted Cocoa Beans §efor killing a §2Moth§e!
17:09:11 [PEST_DROP] §eYou received §a57x Enchanted Cocoa Beans §efor killing a §2Moth§e!
17:10:09 [NEW_VISITOR_ARRIVED] §a§r§aLeo §r§ehas arrived on your §r§aGarden§r§e!
17:14:57 [NEW_VISITOR_ARRIVED] §a§r§aJacob §r§ehas arrived on your §r§aGarden§r§e!
17:15:02 [SKYMALL] §bNew day! §r§eYour §r§2Sky Mall §r§ebuff changed!
17:15:02 [SKYMALL] §eNew buff§r§r§r: §r§fGain §r§6+50☘ Mining Fortune§r§f.
17:15:02 [SKYMALL] §8§oYou can disable this messaging by toggling Sky Mall in your /hotm!
17:20:55 [NEW_VISITOR_ARRIVED] §9§r§9Puzzler §r§ehas arrived on your §r§aGarden§r§e!
17:35:02 [SKYMALL] §bNew day! §r§eYour §r§2Sky Mall §r§ebuff changed!
17:35:02 [SKYMALL] §eNew buff§r§r§r: §r§f§r§a10x §r§fchance to find Golden and Diamond Goblins.
17:35:02 [SKYMALL] §8§oYou can disable this messaging by toggling Sky Mall in your /hotm!
17:36:32 [PEST_DROP] §eYou received §a41x Enchanted Sugar §efor killing a §2Mosquito§e!
17:36:54 [PEST_DROP] §eYou received §a20x Enchanted Wheat §efor killing a §2Fly§e!
17:36:58 [PEST_DROP] §eYou received §a21x Enchanted Wheat §efor killing a §2Fly§e!
17:37:13 [PEST_DROP] §eYou received §a70x Enchanted Carrot §efor killing a §2Cricket§e!
17:37:41 [PEST_DROP] §eYou received §a21x Enchanted Pumpkin §efor killing a §2Rat§e!
17:55:01 [SKYMALL] §bNew day! §r§eYour §r§2Sky Mall §r§ebuff changed!
17:55:01 [SKYMALL] §eNew buff§r§r§r: §r§fGain §r§6+100⸕ Mining Speed§r§f.
17:55:01 [SKYMALL] §8§oYou can disable this messaging by toggling Sky Mall in your /hotm!
17:56:27 [PEST_DROP] §eYou received §a60x Enchanted Cocoa Beans §efor killing a §2Moth§e!
17:58:21 [PEST_DROP] §eYou received §a71x Enchanted Potato §efor killing a §2Locust§e!
18:07:15 [PEST_DROP] §eYou received §a71x Enchanted Potato §efor killing a §2Locust§e!
18:15:02 [SKYMALL] §bNew day! §r§eYour §r§2Sky Mall §r§ebuff changed!
18:15:02 [SKYMALL] §eNew buff§r§r§r: §r§fGain §r§a+15% §r§fmore Powder while mining.
18:15:02 [SKYMALL] §8§oYou can disable this messaging by toggling Sky Mall in your /hotm!
18:24:02 [PEST_DROP] §eYou received §a68x Enchanted Potato §efor killing a §2Locust§e!
18:24:07 [PEST_DROP] §eYou received §a71x Enchanted Potato §efor killing a §2Locust§e!
18:24:16 [PEST_DROP] §eYou received §a59x Enchanted Cocoa Beans §efor killing a §2Moth§e!
18:24:31 [PEST_DROP] §eYou received §a71x Enchanted Carrot §efor killing a §2Cricket§e!
18:35:01 [SKYMALL] §bNew day! §r§eYour §r§2Sky Mall §r§ebuff changed!
18:35:01 [SKYMALL] §eNew buff§r§r§r: §r§f§r§a-20%§r§f Pickaxe Ability cooldowns.
18:35:01 [SKYMALL] §8§oYou can disable this messaging by toggling Sky Mall in your /hotm!
18:43:51 [BESTIARY] §f                                  §6§lBESTIARY
18:43:51 [BESTIARY] §f                       §b§lArachne's Brood §7§8X §8➡§b §bXI
18:43:51 [BESTIARY] 
18:43:51 [BESTIARY] §f                                  §r§6§lREWARDS
18:43:51 [BESTIARY] §f                   §r§8+§r§a4 Arachne's Brood §r§b✯ Magic Find
18:43:51 [BESTIARY] §f                    §r§8+§r§a4 Arachne's Brood §r§c❁ Strength
18:43:51 [BESTIARY] §f                       §r§8+§r§62% §r§aArachne's Brood §r§7coins
18:43:51 [BESTIARY] §f                    §r§8+§r§a50% §r§7chance for extra XP orbs
18:43:51 [BESTIARY] §f                               §r§8+§r§b1 SkyBlock XP
18:43:51 [BESTIARY] 
18:43:51 [BESTIARY] §3§l▬▬▬▬▬▬▬▬▬▬▬▬▬▬▬▬▬▬▬▬▬▬▬▬▬▬▬▬▬▬▬▬▬▬▬▬▬▬▬▬▬▬▬▬▬▬▬▬▬▬▬▬▬▬▬▬▬▬▬▬▬▬▬▬
