16:52:18 §e[SkyHanni] You have gained §b283 §eBits.§r
16:52:24 §e[SkyHanni] §6Clerk Seraphine §eis visiting your garden!§r
16:52:24 §e[SkyHanni] §aFarmhand §eis visiting your garden!§r
16:52:24 §e[SkyHanni] §aTarwen §eis visiting your garden!§r
16:52:24 §e[SkyHanni] §aRhys §eis visiting your garden!§r
16:52:24 §e[SkyHanni] §aFear Mongerer §eis visiting your garden!§r
16:52:52 §e[SkyHanni] You have gained §b12 §eBits.§r
16:53:30 §e[SkyHanni] You have gained §b6 §eBits.§r
16:54:09 §e[SkyHanni] You have gained §b6 §eBits.§r
16:54:16 §e[SkyHanni] You have gained §b12 §eBits.§r
16:54:52 §e[SkyHanni] You have gained §b6 §eBits.§r
16:55:46 §e[SkyHanni] Loaded Mushroom milestone data from tab list!§r
16:59:53 §e[SkyHanni] §aEmissary Wilson §eis visiting your garden!§r
17:04:27 §e[SkyHanni] §aJamie §eis visiting your garden!§r
17:09:03 §e[SkyHanni] You have gained §b6 §eBits.§r
17:09:11 §e[SkyHanni] You have gained §b6 §eBits.§r
17:10:11 §e[SkyHanni] §aLeo §eis visiting your garden!§r
17:14:59 §e[SkyHanni] §aJacob §eis visiting your garden!§r
17:15:06 §e[SkyHanni] Started tracking your Jacob Contest Blocks Per Second!§r
17:20:55 §e[SkyHanni] §9Puzzler §eis visiting your garden!§r
17:22:54 §e[SkyHanni] You have gained §b283 §eBits.§r
17:35:03 §e[SkyHanni] Stats for Mushroom Contest:§r
17:35:03 §e[SkyHanni] §7Blocks Broken in total: §e19,518§r
17:35:03 §e[SkyHanni] §7Average Blocks Per Second: §a16.32§r
17:35:03 §e[SkyHanni] §7Participated for §b19m 56s§r
17:35:45 §e[SkyHanni] You have gained §b79 §eBits.§r
17:36:33 §e[SkyHanni] You have gained §b6 §eBits.§r
17:36:54 §e[SkyHanni] You have gained §b6 §eBits.§r
17:36:58 §e[SkyHanni] You have gained §b6 §eBits.§r
17:36:58 §e[SkyHanni] Loaded Wheat milestone data from tab list!§r
17:37:13 §e[SkyHanni] You have gained §b6 §eBits.§r
17:37:41 §e[SkyHanni] You have gained §b12 §eBits.§r
17:53:05 §e[SkyHanni] §bNo Bits Available! §eClick to buy booster cookies on the bazaar.§r
17:53:05 §e[SkyHanni] You have gained §b372 §eBits.§r
17:58:21 §e[SkyHanni] §b+1 SkyBlock XP §7(Crop Milestones§7)§b (63/100)§r
18:07:15 §e[SkyHanni] Loaded Potato milestone data from tab list!§r
18:12:01 §e[SkyHanni] §b+1 SkyBlock XP §7(Crop Upgrades§7)§b (64/100)§r
18:12:02 §e[SkyHanni] §b+1 SkyBlock XP §7(Crop Upgrades§7)§b (65/100)§r
18:12:04 §e[SkyHanni] §b+1 SkyBlock XP §7(Crop Upgrades§7)§b (66/100)§r
18:12:04 §e[SkyHanni] §b+1 SkyBlock XP §7(Crop Upgrades§7)§b (67/100)§r
18:12:11 §e[SkyHanni] §b+1 SkyBlock XP §7(Crop Upgrades§7)§b (68/100)§r
18:12:11 §e[SkyHanni] §b+1 SkyBlock XP §7(Crop Upgrades§7)§b (70/100)§r
18:12:12 §e[SkyHanni] §b+1 SkyBlock XP §7(Crop Upgrades§7)§b (71/100)§r
18:12:12 §e[SkyHanni] §b+1 SkyBlock XP §7(Crop Upgrades§7)§b (72/100)§r
18:15:33 §e[SkyHanni] Started tracking your Jacob Contest Blocks Per Second!§r
18:15:56 §e[SkyHanni] Loaded Melon milestone data from tab list!§r
18:24:31 §e[SkyHanni] §b+1 SkyBlock XP §7(Crop Milestones§7)§b (73/100)§r
18:24:32 §e[SkyHanni] Loaded Carrot milestone data from tab list!§r
18:35:03 §e[SkyHanni] Stats for Melon Contest:§r
18:35:03 §e[SkyHanni] §7Blocks Broken in total: §e16,595§r
18:35:03 §e[SkyHanni] §7Average Blocks Per Second: §a14.2§r
18:35:03 §e[SkyHanni] §7Participated for §b19m 29s§r
18:38:28 §e[SkyHanni] The Broodmother has spawned!
§e[CLICK to warp to the Top of the Nest or disable this feature]§r
18:38:37 §e[SkyHanni] The Broodmother was killed!§r
18:40:24                    §eArachne took §b23.6s§e seconds to kill.§r
18:41:16                    §eArachne took §b24.9s§e seconds to kill.§r
18:41:19 §e[SkyHanni] §b+2 SkyBlock XP §7(Essence Shop§7)§b (75/100)§r
18:41:19 §e[SkyHanni] §b+2 SkyBlock XP §7(Essence Shop§7)§b (77/100)§r
18:41:20 §e[SkyHanni] §b+3 SkyBlock XP §7(Essence Shop§7)§b (80/100)§r
18:41:20 §e[SkyHanni] §b+5 SkyBlock XP §7(Essence Shop§7)§b (85/100)§r
18:42:12                    §eArachne took §b21.2s§e seconds to kill.§r
18:43:05                    §eArachne took §b21.8s§e seconds to kill.§r
18:43:51 §6§lBESTIARY §r§b§lArachne's Brood §7§8X §8➡§b §bXI§r
18:43:59                    §eArachne took §b22.1s§e seconds to kill.§r
18:44:59                    §eArachne took §b29.6s§e seconds to kill.§r
