14:35:25 §f                                  §6§lBESTIARY
14:35:25 §f                           §b§lTank Zombie §7§8X §8➡§b §bXI
14:35:25 
14:35:25 §f                                  §r§6§lREWARDS
14:35:25 §f                       §r§8+§r§a4 Tank Zombie §r§b✯ Magic Find
14:35:25 §f                       §r§8+§r§a4 Tank Zombie §r§c❁ Strength
14:35:25 §f                           §r§8+§r§62% §r§aTank Zombie §r§7coins
14:35:25 §f                    §r§8+§r§a50% §r§7chance for extra XP orbs
14:35:25 §f                               §r§8+§r§b1 SkyBlock XP
14:35:25 
14:35:25 §3§l▬▬▬▬▬▬▬▬▬▬▬▬▬▬▬▬▬▬▬▬▬▬▬▬▬▬▬▬▬▬▬▬▬▬▬▬▬▬▬▬▬▬▬▬▬▬▬▬▬▬▬▬▬▬▬▬▬▬▬▬▬▬▬▬
15:36:38 §f                                  §6§lBESTIARY
15:36:38 §f                               §b§lSniper §7§8IX §8➡§b §bX
15:36:38 
15:36:38 §f                                  §r§6§lREWARDS
15:36:38 §f                          §r§8+§r§a3 Sniper §r§b✯ Magic Find
15:36:38 §f                           §r§8+§r§a3 Sniper §r§c❁ Strength
15:36:38 §f                              §r§8+§r§62% §r§aSniper §r§7coins
15:36:38 §f                    §r§8+§r§a50% §r§7chance for extra XP orbs
15:36:38 §f                               §r§8+§r§b1 SkyBlock XP
15:36:38 
15:36:38 §3§l▬▬▬▬▬▬▬▬▬▬▬▬▬▬▬▬▬▬▬▬▬▬▬▬▬▬▬▬▬▬▬▬▬▬▬▬▬▬▬▬▬▬▬▬▬▬▬▬▬▬▬▬▬▬▬▬▬▬▬▬▬▬▬▬
