13:16:06 §bNew day! §r§eYour §r§2Sky Mall §r§ebuff changed!
13:16:06 §eNew buff§r§r§r: §r§f§r§a-20%§r§f Pickaxe Ability cooldowns.
13:16:06 §8§oYou can disable this messaging by toggling Sky Mall in your /hotm!
13:35:07 §bNew day! §r§eYour §r§2Sky Mall §r§ebuff changed!
13:35:07 §eNew buff§r§r§r: §r§f§r§a-20%§r§f Pickaxe Ability cooldowns.
13:35:07 §8§oYou can disable this messaging by toggling Sky Mall in your /hotm!
13:55:00 §bNew day! §r§eYour §r§2Sky Mall §r§ebuff changed!
13:55:00 §eNew buff§r§r§r: §r§fGain §r§a+15% §r§fmore Powder while mining.
13:55:00 §8§oYou can disable this messaging by toggling Sky Mall in your /hotm!
14:15:00 §bNew day! §r§eYour §r§2Sky Mall §r§ebuff changed!
14:15:00 §eNew buff§r§r§r: §r§fGain §r§6+100⸕ Mining Speed§r§f.
14:15:00 §8§oYou can disable this messaging by toggling Sky Mall in your /hotm!
14:35:01 §bNew day! §r§eYour §r§2Sky Mall §r§ebuff changed!
14:35:01 §eNew buff§r§r§r: §r§fGain §r§a+15% §r§fmore Powder while mining.
14:35:01 §8§oYou can disable this messaging by toggling Sky Mall in your /hotm!
14:55:01 §bNew day! §r§eYour §r§2Sky Mall §r§ebuff changed!
14:55:01 §eNew buff§r§r§r: §r§fGain §r§6+100⸕ Mining Speed§r§f.
14:55:01 §8§oYou can disable this messaging by toggling Sky Mall in your /hotm!
15:15:01 §bNew day! §r§eYour §r§2Sky Mall §r§ebuff changed!
15:15:01 §eNew buff§r§r§r: §r§fGain §r§a+15% §r§fmore Powder while mining.
15:15:01 §8§oYou can disable this messaging by toggling Sky Mall in your /hotm!
15:35:01 §bNew day! §r§eYour §r§2Sky Mall §r§ebuff changed!
15:35:01 §eNew buff§r§r§r: §r§fGain §r§6+50☘ Mining Fortune§r§f.
15:35:01 §8§oYou can disable this messaging by toggling Sky Mall in your /hotm!
15:55:00 §bNew day! §r§eYour §r§2Sky Mall §r§ebuff changed!
15:55:00 §eNew buff§r§r§r: §r§fGain §r§6+100⸕ Mining Speed§r§f.
15:55:00 §8§oYou can disable this messaging by toggling Sky Mall in your /hotm!
