21:39:15 §f                                  §6§lBESTIARY
21:39:15 §f                        §b§lWithermancer §7§8XIX §8➡§b §bXX
21:39:15 
21:39:15 §f                                  §r§6§lREWARDS
21:39:15 §f                      §r§8+§r§a5 Withermancer §r§b✯ Magic Find
21:39:15 §f                      §r§8+§r§a5 Withermancer §r§c❁ Strength
21:39:15 §f                          §r§8+§r§62% §r§aWithermancer §r§7coins
21:39:15 §f                    §r§8+§r§a50% §r§7chance for extra XP orbs
21:39:15 §f                               §r§8+§r§b1 SkyBlock XP
21:39:15 
21:39:15 §3§l▬▬▬▬▬▬▬▬▬▬▬▬▬▬▬▬▬▬▬▬▬▬▬▬▬▬▬▬▬▬▬▬▬▬▬▬▬▬▬▬▬▬▬▬▬▬▬▬▬▬▬▬▬▬▬▬▬▬▬▬▬▬▬▬
21:50:52 §f                                  §6§lBESTIARY
21:50:52 §f                      §b§lShadow Assassin §7§8XX §8➡§b §bXXI
21:50:52 
21:50:52 §f                                  §r§6§lREWARDS
21:50:52 §f                 §r§8+§r§a6 §r§d§lShadow Assassin §r§b✯ Magic Find
21:50:52 §f                  §r§8+§r§a6 §r§d§lShadow Assassin §r§c❁ Strength
21:50:52 §f                     §r§8+§r§62% §r§a§r§d§lShadow Assassin §r§7coins
21:50:52 §f                    §r§8+§r§a50% §r§7chance for extra XP orbs
21:50:52 §f                               §r§8+§r§b1 SkyBlock XP
21:50:52 
21:50:52   §r§f                         §6§lBESTIARY MILESTONE
21:50:52   §r§f                                  §8CXL➡§eCXLI
21:50:52 
21:50:52 §3§l▬▬▬▬▬▬▬▬▬▬▬▬▬▬▬▬▬▬▬▬▬▬▬▬▬▬▬▬▬▬▬▬▬▬▬▬▬▬▬▬▬▬▬▬▬▬▬▬▬▬▬▬▬▬▬▬▬▬▬▬▬▬▬▬
21:56:57 §f                                  §6§lBESTIARY
21:56:57 §f                        §b§lWither Miner §7§8XXIV §8➡§b §bXXV
21:56:57 
21:56:57 §f                                  §r§6§lREWARDS
21:56:57 §f                      §r§8+§r§a6 Wither Miner §r§b✯ Magic Find
21:56:57 §f                       §r§8+§r§a6 Wither Miner §r§c❁ Strength
21:56:57 §f                          §r§8+§r§62% §r§aWither Miner §r§7coins
21:56:57 §f                    §r§8+§r§a50% §r§7chance for extra XP orbs
21:56:57 §f                               §r§8+§r§b1 SkyBlock XP
21:56:57 
21:56:57 §3§l▬▬▬▬▬▬▬▬▬▬▬▬▬▬▬▬▬▬▬▬▬▬▬▬▬▬▬▬▬▬▬▬▬▬▬▬▬▬▬▬▬▬▬▬▬▬▬▬▬▬▬▬▬▬▬▬▬▬▬▬▬▬▬▬
