21:10:28 OptiFine ConnectedTextures
21:10:28 OptiFine ConnectedTextures
21:10:28 OptiFine ConnectedTextures
21:10:28 OptiFine ConnectedTextures
21:10:28 OptiFine ConnectedTextures
21:10:28 OptiFine ConnectedTextures
21:10:28 OptiFine ConnectedTextures
21:10:28 OptiFine ConnectedTextures
21:10:28 OptiFine ConnectedTextures
21:10:28 OptiFine ConnectedTextures
21:10:28 OptiFine ConnectedTextures
21:10:28 OptiFine ConnectedTextures
21:10:28 OptiFine ConnectedTextures
21:10:28 OptiFine ConnectedTextures
21:10:28 OptiFine ConnectedTextures
21:10:28 OptiFine ConnectedTextures
21:10:28 OptiFine ConnectedTextures
21:10:28 OptiFine ConnectedTextures
21:10:28 OptiFine ConnectedTextures
21:10:28 OptiFine ConnectedTextures
21:10:28 OptiFine ConnectedTextures
21:10:28 OptiFine ConnectedTextures
21:10:28 OptiFine ConnectedTextures
21:10:28 OptiFine ConnectedTextures
21:10:28 OptiFine ConnectedTextures
21:10:28 OptiFine ConnectedTextures
21:10:28 OptiFine ConnectedTextures
21:10:28 OptiFine ConnectedTextures
21:10:28 OptiFine ConnectedTextures
21:10:28 OptiFine ConnectedTextures
21:10:28 OptiFine ConnectedTextures
21:10:28 OptiFine ConnectedTextures
21:10:28 OptiFine ConnectedTextures
21:10:28 OptiFine ConnectedTextures
21:10:28 OptiFine ConnectedTextures
21:10:28 OptiFine ConnectedTextures
21:10:28 OptiFine ConnectedTextures
21:10:28 OptiFine ConnectedTextures
21:10:28 OptiFine ConnectedTextures
21:10:28 OptiFine ConnectedTextures
21:10:28 OptiFine ConnectedTextures
21:10:28 OptiFine ConnectedTextures
21:10:28 OptiFine ConnectedTextures
21:10:28 OptiFine ConnectedTextures
21:10:28 OptiFine ConnectedTextures
21:10:28 OptiFine ConnectedTextures
21:10:28 OptiFine ConnectedTextures
21:10:28 OptiFine ConnectedTextures
21:10:28 OptiFine ConnectedTextures
21:10:28 OptiFine ConnectedTextures
21:10:28 OptiFine ConnectedTextures
21:10:28 OptiFine ConnectedTextures
21:10:28 OptiFine ConnectedTextures
21:10:28 OptiFine ConnectedTextures
21:10:28 OptiFine ConnectedTextures
21:10:28 OptiFine ConnectedTextures
21:10:28 OptiFine ConnectedTextures
21:10:28 OptiFine ConnectedTextures
21:10:28 OptiFine ConnectedTextures
21:10:28 OptiFine ConnectedTextures
21:10:28 OptiFine ConnectedTextures
21:10:28 OptiFine ConnectedTextures
21:10:28 OptiFine ConnectedTextures
21:10:28 OptiFine ConnectedTextures
21:10:28 OptiFine ConnectedTextures
21:10:28 OptiFine ConnectedTextures
21:10:28 OptiFine ConnectedTextures
21:10:32 AsmHelper Transforming
21:10:46 AsmHelper Transforming
21:10:46 AsmHelper Applying AsmWriter
21:11:20 Grow BufferBuilder buffer
21:11:20 Grow BufferBuilder buffer
21:11:20 Grow BufferBuilder buffer
21:11:20 Grow BufferBuilder buffer
21:11:20 Grow BufferBuilder buffer
21:11:21 Grow BufferBuilder buffer
21:11:35 Grow BufferBuilder buffer
21:19:16 Grow BufferBuilder buffer
21:19:16 Grow BufferBuilder buffer
21:19:16 Grow BufferBuilder buffer
21:19:17 Grow BufferBuilder buffer
21:19:17 Grow BufferBuilder buffer
21:19:17 Grow BufferBuilder buffer
21:19:20 Grow BufferBuilder buffer
21:23:29 Biome ID bounds
21:23:29 Biome ID bounds
21:23:29 Biome ID bounds
21:23:29 Biome ID bounds
21:23:29 Biome ID bounds
21:23:29 Biome ID bounds
21:23:29 Biome ID bounds
21:38:16 Grow BufferBuilder buffer
21:38:16 Grow BufferBuilder buffer
21:38:16 Grow BufferBuilder buffer
21:38:16 Grow BufferBuilder buffer
21:38:16 Grow BufferBuilder buffer
21:38:24 Grow BufferBuilder buffer
21:38:24 Grow BufferBuilder buffer
21:38:24 Grow BufferBuilder buffer
21:38:24 Grow BufferBuilder buffer
21:38:24 Grow BufferBuilder buffer
21:38:24 Grow BufferBuilder buffer
21:38:24 Grow BufferBuilder buffer
21:38:25 Grow BufferBuilder buffer
21:38:25 Grow BufferBuilder buffer
21:38:25 Grow BufferBuilder buffer
21:38:25 Grow BufferBuilder buffer
21:38:25 Grow BufferBuilder buffer
21:38:25 Grow BufferBuilder buffer
21:38:25 Grow BufferBuilder buffer
21:38:25 Grow BufferBuilder buffer
21:38:25 Grow BufferBuilder buffer
21:38:56 Grow BufferBuilder buffer
21:38:57 Grow BufferBuilder buffer
21:38:57 Grow BufferBuilder buffer
21:38:58 Grow BufferBuilder buffer
21:38:58 Grow BufferBuilder buffer
