17:09:30 Trying to load config from config\skyhanni\config.json
17:09:30 load-config-now
17:09:30 Loaded config from file
17:09:30 Trying to load sacks from config\skyhanni\sacks.json
17:09:30 load-sacks-now
17:09:30 Loaded sacks from file
17:09:30 Trying to load friends from config\skyhanni\friends.json
17:09:30 load-friends-now
17:09:30 Loaded friends from file
17:09:30 Trying to load known_features from config\skyhanni\known_features.json
17:09:30 load-known_features-now
17:09:30 Loaded known_features from file
17:09:30 Trying to load jacob_contests from config\skyhanni\jacob_contests.json
17:09:30 load-jacob_contests-now
17:09:30 Loaded jacob_contests from file
17:09:30 Trying to load visual_words from config\skyhanni\visual_words.json
17:09:30 Setting visual_words to be blank as it did not exist. It will be saved once something is written to it
17:10:07 saveConfig: Updated known feature flags
17:10:07 Saving known_features file
17:10:10 saveConfig: Save file
17:10:10 Saving friends file
17:10:30 saveConfig: auto-save-60s
17:10:30 Saving config file
17:12:25 saveConfig: auto-save-60s
17:12:25 Saving config file
17:12:30 saveConfig: auto-save-60s
17:12:30 Saving config file
17:13:30 saveConfig: auto-save-60s
17:13:30 Saving config file
17:14:30 saveConfig: auto-save-60s
17:14:30 Saving config file
17:15:30 saveConfig: auto-save-60s
17:15:30 Saving config file
17:16:30 saveConfig: auto-save-60s
17:16:30 Saving config file
17:17:30 saveConfig: auto-save-60s
17:17:30 Saving config file
17:18:30 saveConfig: auto-save-60s
17:18:30 Saving config file
17:19:30 saveConfig: auto-save-60s
17:19:30 Saving config file
17:20:30 saveConfig: auto-save-60s
17:20:30 Saving config file
17:21:30 saveConfig: auto-save-60s
17:21:30 Saving config file
17:22:30 saveConfig: auto-save-60s
17:22:30 Saving config file
17:22:54 saveConfig: saving-data
17:22:54 Saving sacks file
17:23:30 saveConfig: auto-save-60s
17:23:30 Saving config file
17:24:30 saveConfig: auto-save-60s
17:24:30 Saving config file
17:25:30 saveConfig: auto-save-60s
17:25:30 Saving config file
17:26:30 saveConfig: auto-save-60s
17:26:30 Saving config file
17:27:30 saveConfig: auto-save-60s
17:27:30 Saving config file
17:28:30 saveConfig: auto-save-60s
17:28:30 Saving config file
17:29:30 saveConfig: auto-save-60s
17:29:30 Saving config file
17:30:30 saveConfig: auto-save-60s
17:30:30 Saving config file
17:31:30 saveConfig: auto-save-60s
17:31:30 Saving config file
17:32:30 saveConfig: auto-save-60s
17:32:30 Saving config file
17:33:30 saveConfig: auto-save-60s
17:33:30 Saving config file
17:34:30 saveConfig: auto-save-60s
17:34:30 Saving config file
17:35:30 saveConfig: auto-save-60s
17:35:30 Saving config file
17:36:30 saveConfig: auto-save-60s
17:36:30 Saving config file
17:37:30 saveConfig: auto-save-60s
17:37:30 Saving config file
17:38:30 saveConfig: auto-save-60s
17:38:30 Saving config file
17:39:30 saveConfig: auto-save-60s
17:39:30 Saving config file
17:40:30 saveConfig: auto-save-60s
17:40:30 Saving config file
17:41:30 saveConfig: auto-save-60s
17:41:30 Saving config file
17:42:30 saveConfig: auto-save-60s
17:42:30 Saving config file
17:43:30 saveConfig: auto-save-60s
17:43:30 Saving config file
17:44:30 saveConfig: auto-save-60s
17:44:30 Saving config file
17:45:30 saveConfig: auto-save-60s
17:45:30 Saving config file
17:46:30 saveConfig: auto-save-60s
17:46:30 Saving config file
17:47:30 saveConfig: auto-save-60s
17:47:30 Saving config file
17:48:30 saveConfig: auto-save-60s
17:48:30 Saving config file
17:49:30 saveConfig: auto-save-60s
17:49:30 Saving config file
17:50:30 saveConfig: auto-save-60s
17:50:30 Saving config file
17:51:30 saveConfig: auto-save-60s
17:51:30 Saving config file
17:52:30 saveConfig: auto-save-60s
17:52:30 Saving config file
17:53:11 saveConfig: shutdown-hook
17:53:11 Saving config file
