16:28:04 Visitor status change for '§aAndrew': NEW -> WAITING (tooltipMissingItems)
16:28:07 Visitor status change for '§aAndrew': WAITING -> REFUSED (refused)
16:28:08 Visitor status change for '§aEmissary Fraiser': NEW -> WAITING (tooltipMissingItems)
16:28:12 Visitor status change for '§aEmissary Fraiser': WAITING -> REFUSED (refused)
16:28:14 Visitor status change for '§aLumber Jack': NEW -> WAITING (tooltipMissingItems)
16:28:17 Visitor status change for '§aLumber Jack': WAITING -> REFUSED (refused)
16:28:18 Visitor status change for '§9Seymour': NEW -> WAITING (tooltipMissingItems)
16:28:26 Visitor status change for '§9Seymour': WAITING -> READY (hasItems)
16:28:27 Visitor status change for '§9Seymour': READY -> ACCEPTED (accepted)
16:28:28 Visitor status change for '§aLynn': NEW -> WAITING (tooltipMissingItems)
16:28:32 Visitor status change for '§aLynn': WAITING -> REFUSED (refused)
18:52:41 Visitor status change for '§9Tia the Fairy': NEW -> WAITING (tooltipMissingItems)
18:52:46 Visitor status change for '§9Tia the Fairy': WAITING -> REFUSED (refused)
18:52:46 Visitor status change for '§aJamie': NEW -> WAITING (tooltipMissingItems)
18:52:48 Visitor status change for '§aJamie': WAITING -> REFUSED (refused)
18:52:49 Visitor status change for '§aLiam': NEW -> WAITING (tooltipMissingItems)
18:52:50 Visitor status change for '§aLiam': WAITING -> REFUSED (refused)
18:52:51 Visitor status change for '§aLynn': NEW -> WAITING (tooltipMissingItems)
18:52:52 Visitor status change for '§aLynn': WAITING -> REFUSED (refused)
18:52:53 Visitor status change for '§aTarwen': NEW -> WAITING (tooltipMissingItems)
18:52:56 Visitor status change for '§aTarwen': WAITING -> REFUSED (refused)
