13:33:03 [SKYMALL] §bNew day! §r§eYour §r§2Sky Mall §r§ebuff changed!
13:33:03 [SKYMALL] §eNew buff§r§r§r: §r§fGain §r§6+50☘ Mining Fortune§r§f.
13:33:03 [SKYMALL] §8§oYou can disable this messaging by toggling Sky Mall in your /hotm!
13:35:01 [SKYMALL] §bNew day! §r§eYour §r§2Sky Mall §r§ebuff changed!
13:35:01 [SKYMALL] §eNew buff§r§r§r: §r§fGain §r§a+15% §r§fmore Powder while mining.
13:35:01 [SKYMALL] §8§oYou can disable this messaging by toggling Sky Mall in your /hotm!
13:55:01 [SKYMALL] §bNew day! §r§eYour §r§2Sky Mall §r§ebuff changed!
13:55:01 [SKYMALL] §eNew buff§r§r§r: §r§fGain §r§6+100⸕ Mining Speed§r§f.
13:55:01 [SKYMALL] §8§oYou can disable this messaging by toggling Sky Mall in your /hotm!
14:15:01 [SKYMALL] §bNew day! §r§eYour §r§2Sky Mall §r§ebuff changed!
14:15:01 [SKYMALL] §eNew buff§r§r§r: §r§fGain §r§a+15% §r§fmore Powder while mining.
14:15:01 [SKYMALL] §8§oYou can disable this messaging by toggling Sky Mall in your /hotm!
14:18:50 [HOPPITY_EGG] §cYou have already collected this Chocolate Dinner Egg§r§c! Try again when it respawns!
14:31:28 [HOPPITY_EGG] §cYou have already collected this Chocolate Dinner Egg§r§c! Try again when it respawns!
14:31:29 [HOPPITY_EGG] §cYou have already collected this Chocolate Dinner Egg§r§c! Try again when it respawns!
14:35:03 [SKYMALL] §bNew day! §r§eYour §r§2Sky Mall §r§ebuff changed!
14:35:03 [SKYMALL] §eNew buff§r§r§r: §r§fGain §r§a5x §r§9Titanium §r§fdrops
14:35:03 [SKYMALL] §8§oYou can disable this messaging by toggling Sky Mall in your /hotm!
14:44:27 [HOPPITY_EGG] §cYou have already collected this Chocolate Dinner Egg§r§c! Try again when it respawns!
14:44:27 [HOPPITY_EGG] §cYou have already collected this Chocolate Dinner Egg§r§c! Try again when it respawns!
14:45:26 [GARDEN_VISITOR_MESSAGE] §e[NPC] §aWeaponsmith§f: §r§fHey! I am looking to make some Hot Potato Books to enhance some of my weapons, do you have any potatoes to spare?
14:45:30 [GARDEN_VISITOR_MESSAGE] §e[NPC] §aWeaponsmith§f: §r§fToo bad, I guess I'll have to look for actual metal next time...
14:45:30 [GARDEN_VISITOR_MESSAGE] §e[NPC] §aRhys§f: §r§fI found an unexplored cave while mining for titanium. But it's too dark to see in there, even for me! Can you spare any glowing pumpkins?
14:45:32 [GARDEN_VISITOR_MESSAGE] §e[NPC] §aRhys§f: §r§fWell then, I will even mine in total darkness if I must!
14:45:33 [GARDEN_VISITOR_MESSAGE] §e[NPC] §aXalx§f: §r§fHello gardener, I've been looking for some sugar to grow my new crop. Wanna try it?
14:45:33 [NEW_VISITOR_ARRIVED] §a§r§aArthur §r§ehas arrived on your §r§aGarden§r§e!
14:45:36 [GARDEN_VISITOR_MESSAGE] §e[NPC] §aXalx§f: §r§fSmart choice.
14:45:37 [GARDEN_VISITOR_MESSAGE] §e[NPC] §aStella§f: §r§fThe amount of plots you can unlock here is perfect for a Co-op. So much space!
14:45:40 [GARDEN_VISITOR_MESSAGE] §e[NPC] §aStella§f: §r§fDon't worry, I'll come back later.
14:45:40 [GARDEN_VISITOR_MESSAGE] §e[NPC] §9Pete§f: §r§fHorror stories are better when you have something to snack on y'know? If you help us gather some ingredients, we could roast some tasty marshmallows.
14:45:44 [GARDEN_VISITOR_MESSAGE] §e[NPC] §aArthur§f: §r§fMy wheat minion has been slacking recently, I am thinking about giving it an upgrade. He hasn't produced any wheat in years! Every time I check on him, he's empty.
14:45:46 [GARDEN_VISITOR_MESSAGE] §e[NPC] §aArthur§f: §r§fI guess I'll have to keep going like this.
14:46:08 [GARDEN_VISITOR_MESSAGE] §e[NPC] §9Pete§f: §r§fThanks Pal! Why don't you sit around the campfire with us and enjoy these tasty treats?
14:55:01 [SKYMALL] §bNew day! §r§eYour §r§2Sky Mall §r§ebuff changed!
14:55:01 [SKYMALL] §eNew buff§r§r§r: §r§fGain §r§6+50☘ Mining Fortune§r§f.
14:55:01 [SKYMALL] §8§oYou can disable this messaging by toggling Sky Mall in your /hotm!
15:15:02 [SKYMALL] §bNew day! §r§eYour §r§2Sky Mall §r§ebuff changed!
15:15:02 [SKYMALL] §eNew buff§r§r§r: §r§fGain §r§6+50☘ Mining Fortune§r§f.
15:15:02 [SKYMALL] §8§oYou can disable this messaging by toggling Sky Mall in your /hotm!
15:35:01 [SKYMALL] §bNew day! §r§eYour §r§2Sky Mall §r§ebuff changed!
15:35:01 [SKYMALL] §eNew buff§r§r§r: §r§fGain §r§6+100⸕ Mining Speed§r§f.
15:35:01 [SKYMALL] §8§oYou can disable this messaging by toggling Sky Mall in your /hotm!
15:35:31 [BESTIARY] §f                                  §6§lBESTIARY
15:35:31 [BESTIARY] §f                     §b§lZombie Commander §7§8XIV §8➡§b §bXV
15:35:31 [BESTIARY] 
15:35:31 [BESTIARY] §f                                  §r§6§lREWARDS
15:35:31 [BESTIARY] §f                   §r§8+§r§a4 Zombie Commander §r§b✯ Magic Find
15:35:31 [BESTIARY] §f                   §r§8+§r§a4 Zombie Commander §r§c❁ Strength
15:35:31 [BESTIARY] §f                       §r§8+§r§62% §r§aZombie Commander §r§7coins
15:35:31 [BESTIARY] §f                    §r§8+§r§a50% §r§7chance for extra XP orbs
15:35:31 [BESTIARY] §f                               §r§8+§r§b1 SkyBlock XP
15:35:31 [BESTIARY] 
15:35:31 [BESTIARY] §3§l▬▬▬▬▬▬▬▬▬▬▬▬▬▬▬▬▬▬▬▬▬▬▬▬▬▬▬▬▬▬▬▬▬▬▬▬▬▬▬▬▬▬▬▬▬▬▬▬▬▬▬▬▬▬▬▬▬▬▬▬▬▬▬▬
15:55:01 [SKYMALL] §bNew day! §r§eYour §r§2Sky Mall §r§ebuff changed!
15:55:01 [SKYMALL] §eNew buff§r§r§r: §r§fGain §r§a+15% §r§fmore Powder while mining.
15:55:01 [SKYMALL] §8§oYou can disable this messaging by toggling Sky Mall in your /hotm!
16:03:36 [GARDEN_VISITOR_MESSAGE] §e[NPC] §9Bartender§f: §r§fI want to make some new brews, do you think you can give me some ingredients to work with?
16:15:06 [SKYMALL] §bNew day! §r§eYour §r§2Sky Mall §r§ebuff changed!
16:15:06 [SKYMALL] §eNew buff§r§r§r: §r§f§r§a-20%§r§f Pickaxe Ability cooldowns.
16:15:06 [SKYMALL] §8§oYou can disable this messaging by toggling Sky Mall in your /hotm!
16:35:01 [SKYMALL] §bNew day! §r§eYour §r§2Sky Mall §r§ebuff changed!
16:35:01 [SKYMALL] §eNew buff§r§r§r: §r§f§r§a10x §r§fchance to find Golden and Diamond Goblins.
16:35:01 [SKYMALL] §8§oYou can disable this messaging by toggling Sky Mall in your /hotm!
16:44:46 [HOPPITY_EGG] §cYou have already collected this Chocolate Dinner Egg§r§c! Try again when it respawns!
16:55:01 [SKYMALL] §bNew day! §r§eYour §r§2Sky Mall §r§ebuff changed!
16:55:01 [SKYMALL] §eNew buff§r§r§r: §r§f§r§a-20%§r§f Pickaxe Ability cooldowns.
16:55:01 [SKYMALL] §8§oYou can disable this messaging by toggling Sky Mall in your /hotm!
17:12:43 [HOPPITY_EGG] §cYou have already collected this Chocolate Breakfast Egg§r§c! Try again when it respawns!
17:15:01 [SKYMALL] §bNew day! §r§eYour §r§2Sky Mall §r§ebuff changed!
17:15:01 [SKYMALL] §eNew buff§r§r§r: §r§fGain §r§6+100⸕ Mining Speed§r§f.
17:15:01 [SKYMALL] §8§oYou can disable this messaging by toggling Sky Mall in your /hotm!
17:31:55 [HOPPITY_EGG] §cYou have already collected this Chocolate Lunch Egg§r§c! Try again when it respawns!
17:31:56 [HOPPITY_EGG] §cYou have already collected this Chocolate Lunch Egg§r§c! Try again when it respawns!
17:35:01 [SKYMALL] §bNew day! §r§eYour §r§2Sky Mall §r§ebuff changed!
17:35:01 [SKYMALL] §eNew buff§r§r§r: §r§fGain §r§6+100⸕ Mining Speed§r§f.
17:35:01 [SKYMALL] §8§oYou can disable this messaging by toggling Sky Mall in your /hotm!
17:43:40 [HOPPITY_EGG] §cYou have already collected this Chocolate Lunch Egg§r§c! Try again when it respawns!
17:43:41 [HOPPITY_EGG] §cYou have already collected this Chocolate Lunch Egg§r§c! Try again when it respawns!
17:55:01 [SKYMALL] §bNew day! §r§eYour §r§2Sky Mall §r§ebuff changed!
17:55:01 [SKYMALL] §eNew buff§r§r§r: §r§f§r§a-20%§r§f Pickaxe Ability cooldowns.
17:55:01 [SKYMALL] §8§oYou can disable this messaging by toggling Sky Mall in your /hotm!
18:04:48 [BESTIARY] §f                                  §6§lBESTIARY
18:04:48 [BESTIARY] §f                            §b§lBladesoul §7§8III §8➡§b §bIV
18:04:48 [BESTIARY] 
18:04:48 [BESTIARY] §f                                  §r§6§lREWARDS
18:04:48 [BESTIARY] §f                       §r§8+§r§a2 §r§8§lBladesoul §r§b✯ Magic Find
18:04:48 [BESTIARY] §f                       §r§8+§r§a2 §r§8§lBladesoul §r§c❁ Strength
18:04:48 [BESTIARY] §f                           §r§8+§r§62% §r§a§r§8§lBladesoul §r§7coins
18:04:48 [BESTIARY] §f                    §r§8+§r§a50% §r§7chance for extra XP orbs
18:04:48 [BESTIARY] §f                               §r§8+§r§b1 SkyBlock XP
18:04:48 [BESTIARY] 
18:04:48 [BESTIARY] §3§l▬▬▬▬▬▬▬▬▬▬▬▬▬▬▬▬▬▬▬▬▬▬▬▬▬▬▬▬▬▬▬▬▬▬▬▬▬▬▬▬▬▬▬▬▬▬▬▬▬▬▬▬▬▬▬▬▬▬▬▬▬▬▬▬
18:15:02 [SKYMALL] §bNew day! §r§eYour §r§2Sky Mall §r§ebuff changed!
18:15:02 [SKYMALL] §eNew buff§r§r§r: §r§f§r§a-20%§r§f Pickaxe Ability cooldowns.
18:15:02 [SKYMALL] §8§oYou can disable this messaging by toggling Sky Mall in your /hotm!
18:17:48 [BESTIARY] §f                                  §6§lBESTIARY
18:17:48 [BESTIARY] §f                                 §b§lAshfang §7§bI
18:17:48 [BESTIARY] 
18:17:48 [BESTIARY] §f                                  §r§6§lREWARDS
18:17:48 [BESTIARY] §f                        §r§8+§r§a2 §r§8§lAshfang §r§b✯ Magic Find
18:17:48 [BESTIARY] §f                         §r§8+§r§a2 §r§8§lAshfang §r§c❁ Strength
18:17:48 [BESTIARY] §f                            §r§8+§r§62% §r§a§r§8§lAshfang §r§7coins
18:17:48 [BESTIARY] §f                    §r§8+§r§a50% §r§7chance for extra XP orbs
18:17:48 [BESTIARY] §f                               §r§8+§r§b1 SkyBlock XP
18:17:48 [BESTIARY] 
18:17:48 [BESTIARY] §3§l▬▬▬▬▬▬▬▬▬▬▬▬▬▬▬▬▬▬▬▬▬▬▬▬▬▬▬▬▬▬▬▬▬▬▬▬▬▬▬▬▬▬▬▬▬▬▬▬▬▬▬▬▬▬▬▬▬▬▬▬▬▬▬▬
18:20:10 [BESTIARY] §f                                  §6§lBESTIARY
18:20:10 [BESTIARY] §f                      §b§lBarbarian Duke X §7§8III §8➡§b §bIV
18:20:10 [BESTIARY] 
18:20:10 [BESTIARY] §f                                  §r§6§lREWARDS
18:20:10 [BESTIARY] §f                 §r§8+§r§a2 §r§8§lBarbarian Duke X §r§b✯ Magic Find
18:20:10 [BESTIARY] §f                  §r§8+§r§a2 §r§8§lBarbarian Duke X §r§c❁ Strength
18:20:10 [BESTIARY] §f                     §r§8+§r§62% §r§a§r§8§lBarbarian Duke X §r§7coins
18:20:10 [BESTIARY] §f                    §r§8+§r§a50% §r§7chance for extra XP orbs
18:20:10 [BESTIARY] §f                               §r§8+§r§b1 SkyBlock XP
18:20:10 [BESTIARY] 
18:20:10 [BESTIARY] §3§l▬▬▬▬▬▬▬▬▬▬▬▬▬▬▬▬▬▬▬▬▬▬▬▬▬▬▬▬▬▬▬▬▬▬▬▬▬▬▬▬▬▬▬▬▬▬▬▬▬▬▬▬▬▬▬▬▬▬▬▬▬▬▬▬
18:25:01 [BESTIARY] §f                                  §6§lBESTIARY
18:25:01 [BESTIARY] §f                           §b§lKuudra Follower §7§bI
18:25:01 [BESTIARY] 
18:25:01 [BESTIARY] §f                                  §r§6§lREWARDS
18:25:01 [BESTIARY] §f                    §r§8+§r§a2 Kuudra Follower §r§b✯ Magic Find
18:25:01 [BESTIARY] §f                    §r§8+§r§a2 Kuudra Follower §r§c❁ Strength
18:25:01 [BESTIARY] §f                        §r§8+§r§62% §r§aKuudra Follower §r§7coins
18:25:01 [BESTIARY] §f                    §r§8+§r§a50% §r§7chance for extra XP orbs
18:25:01 [BESTIARY] §f                               §r§8+§r§b1 SkyBlock XP
18:25:01 [BESTIARY] 
18:25:01 [BESTIARY] §3§l▬▬▬▬▬▬▬▬▬▬▬▬▬▬▬▬▬▬▬▬▬▬▬▬▬▬▬▬▬▬▬▬▬▬▬▬▬▬▬▬▬▬▬▬▬▬▬▬▬▬▬▬▬▬▬▬▬▬▬▬▬▬▬▬
18:25:02 [BESTIARY] §f                                  §6§lBESTIARY
18:25:02 [BESTIARY] §f                        §b§lKuudra Follower §7§8I §8➡§b §bII
18:25:02 [BESTIARY] 
18:25:02 [BESTIARY] §f                                  §r§6§lREWARDS
18:25:02 [BESTIARY] §f                    §r§8+§r§a2 Kuudra Follower §r§b✯ Magic Find
18:25:02 [BESTIARY] §f                    §r§8+§r§a2 Kuudra Follower §r§c❁ Strength
18:25:02 [BESTIARY] §f                        §r§8+§r§62% §r§aKuudra Follower §r§7coins
18:25:02 [BESTIARY] §f                    §r§8+§r§a50% §r§7chance for extra XP orbs
18:25:02 [BESTIARY] §f                               §r§8+§r§b1 SkyBlock XP
18:25:02 [BESTIARY] 
18:25:02 [BESTIARY] §3§l▬▬▬▬▬▬▬▬▬▬▬▬▬▬▬▬▬▬▬▬▬▬▬▬▬▬▬▬▬▬▬▬▬▬▬▬▬▬▬▬▬▬▬▬▬▬▬▬▬▬▬▬▬▬▬▬▬▬▬▬▬▬▬▬
18:25:02 [BESTIARY] §f                                  §6§lBESTIARY
18:25:02 [BESTIARY] §f                       §b§lKuudra Follower §7§8II §8➡§b §bIII
18:25:02 [BESTIARY] 
18:25:02 [BESTIARY] §f                                  §r§6§lREWARDS
18:25:02 [BESTIARY] §f                    §r§8+§r§a2 Kuudra Follower §r§b✯ Magic Find
18:25:02 [BESTIARY] §f                    §r§8+§r§a2 Kuudra Follower §r§c❁ Strength
18:25:02 [BESTIARY] §f                        §r§8+§r§62% §r§aKuudra Follower §r§7coins
18:25:02 [BESTIARY] §f                    §r§8+§r§a50% §r§7chance for extra XP orbs
18:25:02 [BESTIARY] §f                               §r§8+§r§b1 SkyBlock XP
18:25:02 [BESTIARY] 
18:25:02 [BESTIARY] §3§l▬▬▬▬▬▬▬▬▬▬▬▬▬▬▬▬▬▬▬▬▬▬▬▬▬▬▬▬▬▬▬▬▬▬▬▬▬▬▬▬▬▬▬▬▬▬▬▬▬▬▬▬▬▬▬▬▬▬▬▬▬▬▬▬
18:25:02 [BESTIARY] §f                                  §6§lBESTIARY
18:25:02 [BESTIARY] §f                       §b§lKuudra Follower §7§8III §8➡§b §bIV
18:25:02 [BESTIARY] 
18:25:02 [BESTIARY] §f                                  §r§6§lREWARDS
18:25:02 [BESTIARY] §f                    §r§8+§r§a2 Kuudra Follower §r§b✯ Magic Find
18:25:02 [BESTIARY] §f                    §r§8+§r§a2 Kuudra Follower §r§c❁ Strength
18:25:02 [BESTIARY] §f                        §r§8+§r§62% §r§aKuudra Follower §r§7coins
18:25:02 [BESTIARY] §f                    §r§8+§r§a50% §r§7chance for extra XP orbs
18:25:02 [BESTIARY] §f                               §r§8+§r§b1 SkyBlock XP
18:25:02 [BESTIARY] 
18:25:02 [BESTIARY]   §r§f                         §6§lBESTIARY MILESTONE
18:25:02 [BESTIARY]   §r§f                                §8CXLII➡§eCXLIII
18:25:02 [BESTIARY] 
18:25:02 [BESTIARY] §3§l▬▬▬▬▬▬▬▬▬▬▬▬▬▬▬▬▬▬▬▬▬▬▬▬▬▬▬▬▬▬▬▬▬▬▬▬▬▬▬▬▬▬▬▬▬▬▬▬▬▬▬▬▬▬▬▬▬▬▬▬▬▬▬▬
18:25:30 [BESTIARY] §f                                  §6§lBESTIARY
18:25:30 [BESTIARY] §f                        §b§lInferno Magma Cube §7§bI
18:25:30 [BESTIARY] 
18:25:30 [BESTIARY] §f                                  §r§6§lREWARDS
18:25:30 [BESTIARY] §f                 §r§8+§r§a2 Inferno Magma Cube §r§b✯ Magic Find
18:25:30 [BESTIARY] §f                  §r§8+§r§a2 Inferno Magma Cube §r§c❁ Strength
18:25:30 [BESTIARY] §f                     §r§8+§r§62% §r§aInferno Magma Cube §r§7coins
18:25:30 [BESTIARY] §f                    §r§8+§r§a50% §r§7chance for extra XP orbs
18:25:30 [BESTIARY] §f                               §r§8+§r§b1 SkyBlock XP
18:25:30 [BESTIARY] 
18:25:30 [BESTIARY] §3§l▬▬▬▬▬▬▬▬▬▬▬▬▬▬▬▬▬▬▬▬▬▬▬▬▬▬▬▬▬▬▬▬▬▬▬▬▬▬▬▬▬▬▬▬▬▬▬▬▬▬▬▬▬▬▬▬▬▬▬▬▬▬▬▬
18:25:31 [BESTIARY] §f                                  §6§lBESTIARY
18:25:31 [BESTIARY] §f                           §b§lKuudra Landmine §7§bI
18:25:31 [BESTIARY] 
18:25:31 [BESTIARY] §f                                  §r§6§lREWARDS
18:25:31 [BESTIARY] §f                   §r§8+§r§a2 Kuudra Landmine §r§b✯ Magic Find
18:25:31 [BESTIARY] §f                    §r§8+§r§a2 Kuudra Landmine §r§c❁ Strength
18:25:31 [BESTIARY] §f                       §r§8+§r§62% §r§aKuudra Landmine §r§7coins
18:25:31 [BESTIARY] §f                    §r§8+§r§a50% §r§7chance for extra XP orbs
18:25:31 [BESTIARY] §f                               §r§8+§r§b1 SkyBlock XP
18:25:31 [BESTIARY] 
18:25:31 [BESTIARY] §3§l▬▬▬▬▬▬▬▬▬▬▬▬▬▬▬▬▬▬▬▬▬▬▬▬▬▬▬▬▬▬▬▬▬▬▬▬▬▬▬▬▬▬▬▬▬▬▬▬▬▬▬▬▬▬▬▬▬▬▬▬▬▬▬▬
18:25:31 [BESTIARY] §f                                  §6§lBESTIARY
18:25:31 [BESTIARY] §f                        §b§lKuudra Landmine §7§8I §8➡§b §bII
18:25:31 [BESTIARY] 
18:25:31 [BESTIARY] §f                                  §r§6§lREWARDS
18:25:31 [BESTIARY] §f                   §r§8+§r§a2 Kuudra Landmine §r§b✯ Magic Find
18:25:31 [BESTIARY] §f                    §r§8+§r§a2 Kuudra Landmine §r§c❁ Strength
18:25:31 [BESTIARY] §f                       §r§8+§r§62% §r§aKuudra Landmine §r§7coins
18:25:31 [BESTIARY] §f                    §r§8+§r§a50% §r§7chance for extra XP orbs
18:25:31 [BESTIARY] §f                               §r§8+§r§b1 SkyBlock XP
18:25:31 [BESTIARY] 
18:25:31 [BESTIARY] §3§l▬▬▬▬▬▬▬▬▬▬▬▬▬▬▬▬▬▬▬▬▬▬▬▬▬▬▬▬▬▬▬▬▬▬▬▬▬▬▬▬▬▬▬▬▬▬▬▬▬▬▬▬▬▬▬▬▬▬▬▬▬▬▬▬
18:25:31 [BESTIARY] §f                                  §6§lBESTIARY
18:25:31 [BESTIARY] §f                       §b§lKuudra Landmine §7§8II §8➡§b §bIII
18:25:31 [BESTIARY] 
18:25:31 [BESTIARY] §f                                  §r§6§lREWARDS
18:25:31 [BESTIARY] §f                   §r§8+§r§a2 Kuudra Landmine §r§b✯ Magic Find
18:25:31 [BESTIARY] §f                    §r§8+§r§a2 Kuudra Landmine §r§c❁ Strength
18:25:31 [BESTIARY] §f                       §r§8+§r§62% §r§aKuudra Landmine §r§7coins
18:25:31 [BESTIARY] §f                    §r§8+§r§a50% §r§7chance for extra XP orbs
18:25:31 [BESTIARY] §f                               §r§8+§r§b1 SkyBlock XP
18:25:31 [BESTIARY] 
18:25:31 [BESTIARY] §3§l▬▬▬▬▬▬▬▬▬▬▬▬▬▬▬▬▬▬▬▬▬▬▬▬▬▬▬▬▬▬▬▬▬▬▬▬▬▬▬▬▬▬▬▬▬▬▬▬▬▬▬▬▬▬▬▬▬▬▬▬▬▬▬▬
18:25:31 [BESTIARY] §f                                  §6§lBESTIARY
18:25:31 [BESTIARY] §f                      §b§lKuudra Landmine §7§8III §8➡§b §bIV
18:25:31 [BESTIARY] 
18:25:31 [BESTIARY] §f                                  §r§6§lREWARDS
18:25:31 [BESTIARY] §f                   §r§8+§r§a2 Kuudra Landmine §r§b✯ Magic Find
18:25:31 [BESTIARY] §f                    §r§8+§r§a2 Kuudra Landmine §r§c❁ Strength
18:25:31 [BESTIARY] §f                       §r§8+§r§62% §r§aKuudra Landmine §r§7coins
18:25:31 [BESTIARY] §f                    §r§8+§r§a50% §r§7chance for extra XP orbs
18:25:31 [BESTIARY] §f                               §r§8+§r§b1 SkyBlock XP
18:25:31 [BESTIARY] 
18:25:31 [BESTIARY] §3§l▬▬▬▬▬▬▬▬▬▬▬▬▬▬▬▬▬▬▬▬▬▬▬▬▬▬▬▬▬▬▬▬▬▬▬▬▬▬▬▬▬▬▬▬▬▬▬▬▬▬▬▬▬▬▬▬▬▬▬▬▬▬▬▬
18:25:31 [BESTIARY] §f                                  §6§lBESTIARY
18:25:31 [BESTIARY] §f                       §b§lKuudra Landmine §7§8IV §8➡§b §bV
18:25:31 [BESTIARY] 
18:25:31 [BESTIARY] §f                                  §r§6§lREWARDS
18:25:31 [BESTIARY] §f                   §r§8+§r§a2 Kuudra Landmine §r§b✯ Magic Find
18:25:31 [BESTIARY] §f                    §r§8+§r§a2 Kuudra Landmine §r§c❁ Strength
18:25:31 [BESTIARY] §f                       §r§8+§r§62% §r§aKuudra Landmine §r§7coins
18:25:31 [BESTIARY] §f                    §r§8+§r§a50% §r§7chance for extra XP orbs
18:25:31 [BESTIARY] §f                               §r§8+§r§b1 SkyBlock XP
18:25:31 [BESTIARY] 
18:25:31 [BESTIARY] §3§l▬▬▬▬▬▬▬▬▬▬▬▬▬▬▬▬▬▬▬▬▬▬▬▬▬▬▬▬▬▬▬▬▬▬▬▬▬▬▬▬▬▬▬▬▬▬▬▬▬▬▬▬▬▬▬▬▬▬▬▬▬▬▬▬
18:25:32 [BESTIARY] §f                                  §6§lBESTIARY
18:25:32 [BESTIARY] §f                     §b§lInferno Magma Cube §7§8I §8➡§b §bII
18:25:32 [BESTIARY] 
18:25:32 [BESTIARY] §f                                  §r§6§lREWARDS
18:25:32 [BESTIARY] §f                 §r§8+§r§a2 Inferno Magma Cube §r§b✯ Magic Find
18:25:32 [BESTIARY] §f                  §r§8+§r§a2 Inferno Magma Cube §r§c❁ Strength
18:25:32 [BESTIARY] §f                     §r§8+§r§62% §r§aInferno Magma Cube §r§7coins
18:25:32 [BESTIARY] §f                    §r§8+§r§a50% §r§7chance for extra XP orbs
18:25:32 [BESTIARY] §f                               §r§8+§r§b1 SkyBlock XP
18:25:32 [BESTIARY] 
18:25:32 [BESTIARY] §3§l▬▬▬▬▬▬▬▬▬▬▬▬▬▬▬▬▬▬▬▬▬▬▬▬▬▬▬▬▬▬▬▬▬▬▬▬▬▬▬▬▬▬▬▬▬▬▬▬▬▬▬▬▬▬▬▬▬▬▬▬▬▬▬▬
18:25:48 [BESTIARY] §f                                  §6§lBESTIARY
18:25:48 [BESTIARY] §f                    §b§lInferno Magma Cube §7§8II §8➡§b §bIII
18:25:48 [BESTIARY] 
18:25:48 [BESTIARY] §f                                  §r§6§lREWARDS
18:25:48 [BESTIARY] §f                 §r§8+§r§a2 Inferno Magma Cube §r§b✯ Magic Find
18:25:48 [BESTIARY] §f                  §r§8+§r§a2 Inferno Magma Cube §r§c❁ Strength
18:25:48 [BESTIARY] §f                     §r§8+§r§62% §r§aInferno Magma Cube §r§7coins
18:25:48 [BESTIARY] §f                    §r§8+§r§a50% §r§7chance for extra XP orbs
18:25:48 [BESTIARY] §f                               §r§8+§r§b1 SkyBlock XP
18:25:48 [BESTIARY] 
18:25:48 [BESTIARY] §3§l▬▬▬▬▬▬▬▬▬▬▬▬▬▬▬▬▬▬▬▬▬▬▬▬▬▬▬▬▬▬▬▬▬▬▬▬▬▬▬▬▬▬▬▬▬▬▬▬▬▬▬▬▬▬▬▬▬▬▬▬▬▬▬▬
18:25:48 [BESTIARY] §f                                  §6§lBESTIARY
18:25:48 [BESTIARY] §f                          §b§lKuudra Berserker §7§bI
18:25:48 [BESTIARY] 
18:25:48 [BESTIARY] §f                                  §r§6§lREWARDS
18:25:48 [BESTIARY] §f                  §r§8+§r§a2 Kuudra Berserker §r§b✯ Magic Find
18:25:48 [BESTIARY] §f                   §r§8+§r§a2 Kuudra Berserker §r§c❁ Strength
18:25:48 [BESTIARY] §f                      §r§8+§r§62% §r§aKuudra Berserker §r§7coins
18:25:48 [BESTIARY] §f                    §r§8+§r§a50% §r§7chance for extra XP orbs
18:25:48 [BESTIARY] §f                               §r§8+§r§b1 SkyBlock XP
18:25:48 [BESTIARY] 
18:25:48 [BESTIARY] §3§l▬▬▬▬▬▬▬▬▬▬▬▬▬▬▬▬▬▬▬▬▬▬▬▬▬▬▬▬▬▬▬▬▬▬▬▬▬▬▬▬▬▬▬▬▬▬▬▬▬▬▬▬▬▬▬▬▬▬▬▬▬▬▬▬
18:25:48 [BESTIARY] §f                                  §6§lBESTIARY
18:25:48 [BESTIARY] §f                      §b§lKuudra Berserker §7§8I §8➡§b §bII
18:25:48 [BESTIARY] 
18:25:48 [BESTIARY] §f                                  §r§6§lREWARDS
18:25:48 [BESTIARY] §f                  §r§8+§r§a2 Kuudra Berserker §r§b✯ Magic Find
18:25:48 [BESTIARY] §f                   §r§8+§r§a2 Kuudra Berserker §r§c❁ Strength
18:25:48 [BESTIARY] §f                      §r§8+§r§62% §r§aKuudra Berserker §r§7coins
18:25:48 [BESTIARY] §f                    §r§8+§r§a50% §r§7chance for extra XP orbs
18:25:48 [BESTIARY] §f                               §r§8+§r§b1 SkyBlock XP
18:25:48 [BESTIARY] 
18:25:48 [BESTIARY]   §r§f                         §6§lBESTIARY MILESTONE
18:25:48 [BESTIARY]   §r§f                                §8CXLIII➡§eCXLIV
18:25:48 [BESTIARY] 
18:25:48 [BESTIARY] §3§l▬▬▬▬▬▬▬▬▬▬▬▬▬▬▬▬▬▬▬▬▬▬▬▬▬▬▬▬▬▬▬▬▬▬▬▬▬▬▬▬▬▬▬▬▬▬▬▬▬▬▬▬▬▬▬▬▬▬▬▬▬▬▬▬
18:25:48 [BESTIARY] §f                                  §6§lBESTIARY
18:25:48 [BESTIARY] §f                             §b§lExplosive Imp §7§bI
18:25:48 [BESTIARY] 
18:25:48 [BESTIARY] §f                                  §r§6§lREWARDS
18:25:48 [BESTIARY] §f                      §r§8+§r§a2 Explosive Imp §r§b✯ Magic Find
18:25:48 [BESTIARY] §f                      §r§8+§r§a2 Explosive Imp §r§c❁ Strength
18:25:48 [BESTIARY] §f                          §r§8+§r§62% §r§aExplosive Imp §r§7coins
18:25:48 [BESTIARY] §f                    §r§8+§r§a50% §r§7chance for extra XP orbs
18:25:48 [BESTIARY] §f                               §r§8+§r§b1 SkyBlock XP
18:25:48 [BESTIARY] 
18:25:48 [BESTIARY] §3§l▬▬▬▬▬▬▬▬▬▬▬▬▬▬▬▬▬▬▬▬▬▬▬▬▬▬▬▬▬▬▬▬▬▬▬▬▬▬▬▬▬▬▬▬▬▬▬▬▬▬▬▬▬▬▬▬▬▬▬▬▬▬▬▬
18:25:48 [BESTIARY] §f                                  §6§lBESTIARY
18:25:48 [BESTIARY] §f                          §b§lExplosive Imp §7§8I §8➡§b §bII
18:25:48 [BESTIARY] 
18:25:48 [BESTIARY] §f                                  §r§6§lREWARDS
18:25:48 [BESTIARY] §f                      §r§8+§r§a2 Explosive Imp §r§b✯ Magic Find
18:25:48 [BESTIARY] §f                      §r§8+§r§a2 Explosive Imp §r§c❁ Strength
18:25:48 [BESTIARY] §f                          §r§8+§r§62% §r§aExplosive Imp §r§7coins
18:25:48 [BESTIARY] §f                    §r§8+§r§a50% §r§7chance for extra XP orbs
18:25:48 [BESTIARY] §f                               §r§8+§r§b1 SkyBlock XP
18:25:48 [BESTIARY] 
18:25:48 [BESTIARY] §3§l▬▬▬▬▬▬▬▬▬▬▬▬▬▬▬▬▬▬▬▬▬▬▬▬▬▬▬▬▬▬▬▬▬▬▬▬▬▬▬▬▬▬▬▬▬▬▬▬▬▬▬▬▬▬▬▬▬▬▬▬▬▬▬▬
18:25:48 [BESTIARY] §f                                  §6§lBESTIARY
18:25:48 [BESTIARY] §f                         §b§lExplosive Imp §7§8II §8➡§b §bIII
18:25:48 [BESTIARY] 
18:25:48 [BESTIARY] §f                                  §r§6§lREWARDS
18:25:48 [BESTIARY] §f                      §r§8+§r§a2 Explosive Imp §r§b✯ Magic Find
18:25:48 [BESTIARY] §f                      §r§8+§r§a2 Explosive Imp §r§c❁ Strength
18:25:48 [BESTIARY] §f                          §r§8+§r§62% §r§aExplosive Imp §r§7coins
18:25:48 [BESTIARY] §f                    §r§8+§r§a50% §r§7chance for extra XP orbs
18:25:48 [BESTIARY] §f                               §r§8+§r§b1 SkyBlock XP
18:25:48 [BESTIARY] 
18:25:48 [BESTIARY] §3§l▬▬▬▬▬▬▬▬▬▬▬▬▬▬▬▬▬▬▬▬▬▬▬▬▬▬▬▬▬▬▬▬▬▬▬▬▬▬▬▬▬▬▬▬▬▬▬▬▬▬▬▬▬▬▬▬▬▬▬▬▬▬▬▬
18:25:54 [BESTIARY] §f                                  §6§lBESTIARY
18:25:54 [BESTIARY] §f                       §b§lKuudra Follower §7§8IV §8➡§b §bV
18:25:54 [BESTIARY] 
18:25:54 [BESTIARY] §f                                  §r§6§lREWARDS
18:25:54 [BESTIARY] §f                    §r§8+§r§a2 Kuudra Follower §r§b✯ Magic Find
18:25:54 [BESTIARY] §f                    §r§8+§r§a2 Kuudra Follower §r§c❁ Strength
18:25:54 [BESTIARY] §f                        §r§8+§r§62% §r§aKuudra Follower §r§7coins
18:25:54 [BESTIARY] §f                    §r§8+§r§a50% §r§7chance for extra XP orbs
18:25:54 [BESTIARY] §f                               §r§8+§r§b1 SkyBlock XP
18:25:54 [BESTIARY] 
18:25:54 [BESTIARY] §3§l▬▬▬▬▬▬▬▬▬▬▬▬▬▬▬▬▬▬▬▬▬▬▬▬▬▬▬▬▬▬▬▬▬▬▬▬▬▬▬▬▬▬▬▬▬▬▬▬▬▬▬▬▬▬▬▬▬▬▬▬▬▬▬▬
18:26:03 [BESTIARY] §f                                  §6§lBESTIARY
18:26:03 [BESTIARY] §f                    §b§lInferno Magma Cube §7§8III §8➡§b §bIV
18:26:03 [BESTIARY] 
18:26:03 [BESTIARY] §f                                  §r§6§lREWARDS
18:26:03 [BESTIARY] §f                 §r§8+§r§a2 Inferno Magma Cube §r§b✯ Magic Find
18:26:03 [BESTIARY] §f                  §r§8+§r§a2 Inferno Magma Cube §r§c❁ Strength
18:26:03 [BESTIARY] §f                     §r§8+§r§62% §r§aInferno Magma Cube §r§7coins
18:26:03 [BESTIARY] §f                    §r§8+§r§a50% §r§7chance for extra XP orbs
18:26:03 [BESTIARY] §f                               §r§8+§r§b1 SkyBlock XP
18:26:03 [BESTIARY] 
18:26:03 [BESTIARY] §3§l▬▬▬▬▬▬▬▬▬▬▬▬▬▬▬▬▬▬▬▬▬▬▬▬▬▬▬▬▬▬▬▬▬▬▬▬▬▬▬▬▬▬▬▬▬▬▬▬▬▬▬▬▬▬▬▬▬▬▬▬▬▬▬▬
18:26:03 [BESTIARY] §f                                  §6§lBESTIARY
18:26:03 [BESTIARY] §f                     §b§lKuudra Berserker §7§8II §8➡§b §bIII
18:26:03 [BESTIARY] 
18:26:03 [BESTIARY] §f                                  §r§6§lREWARDS
18:26:03 [BESTIARY] §f                  §r§8+§r§a2 Kuudra Berserker §r§b✯ Magic Find
18:26:03 [BESTIARY] §f                   §r§8+§r§a2 Kuudra Berserker §r§c❁ Strength
18:26:03 [BESTIARY] §f                      §r§8+§r§62% §r§aKuudra Berserker §r§7coins
18:26:03 [BESTIARY] §f                    §r§8+§r§a50% §r§7chance for extra XP orbs
18:26:03 [BESTIARY] §f                               §r§8+§r§b1 SkyBlock XP
18:26:03 [BESTIARY] 
18:26:03 [BESTIARY] §3§l▬▬▬▬▬▬▬▬▬▬▬▬▬▬▬▬▬▬▬▬▬▬▬▬▬▬▬▬▬▬▬▬▬▬▬▬▬▬▬▬▬▬▬▬▬▬▬▬▬▬▬▬▬▬▬▬▬▬▬▬▬▬▬▬
18:26:03 [BESTIARY] §f                                  §6§lBESTIARY
18:26:03 [BESTIARY] §f                         §b§lExplosive Imp §7§8III §8➡§b §bIV
18:26:03 [BESTIARY] 
18:26:03 [BESTIARY] §f                                  §r§6§lREWARDS
18:26:03 [BESTIARY] §f                      §r§8+§r§a2 Explosive Imp §r§b✯ Magic Find
18:26:03 [BESTIARY] §f                      §r§8+§r§a2 Explosive Imp §r§c❁ Strength
18:26:03 [BESTIARY] §f                          §r§8+§r§62% §r§aExplosive Imp §r§7coins
18:26:03 [BESTIARY] §f                    §r§8+§r§a50% §r§7chance for extra XP orbs
18:26:03 [BESTIARY] §f                               §r§8+§r§b1 SkyBlock XP
18:26:03 [BESTIARY] 
18:26:03 [BESTIARY] §3§l▬▬▬▬▬▬▬▬▬▬▬▬▬▬▬▬▬▬▬▬▬▬▬▬▬▬▬▬▬▬▬▬▬▬▬▬▬▬▬▬▬▬▬▬▬▬▬▬▬▬▬▬▬▬▬▬▬▬▬▬▬▬▬▬
18:26:03 [BESTIARY] §f                                  §6§lBESTIARY
18:26:03 [BESTIARY] §f                     §b§lKuudra Berserker §7§8III §8➡§b §bIV
18:26:03 [BESTIARY] 
18:26:03 [BESTIARY] §f                                  §r§6§lREWARDS
18:26:03 [BESTIARY] §f                  §r§8+§r§a2 Kuudra Berserker §r§b✯ Magic Find
18:26:03 [BESTIARY] §f                   §r§8+§r§a2 Kuudra Berserker §r§c❁ Strength
18:26:03 [BESTIARY] §f                      §r§8+§r§62% §r§aKuudra Berserker §r§7coins
18:26:03 [BESTIARY] §f                    §r§8+§r§a50% §r§7chance for extra XP orbs
18:26:03 [BESTIARY] §f                               §r§8+§r§b1 SkyBlock XP
18:26:03 [BESTIARY] 
18:26:03 [BESTIARY] §3§l▬▬▬▬▬▬▬▬▬▬▬▬▬▬▬▬▬▬▬▬▬▬▬▬▬▬▬▬▬▬▬▬▬▬▬▬▬▬▬▬▬▬▬▬▬▬▬▬▬▬▬▬▬▬▬▬▬▬▬▬▬▬▬▬
18:26:03 [BESTIARY] §f                                  §6§lBESTIARY
18:26:03 [BESTIARY] §f                      §b§lKuudra Berserker §7§8IV §8➡§b §bV
18:26:03 [BESTIARY] 
18:26:03 [BESTIARY] §f                                  §r§6§lREWARDS
18:26:03 [BESTIARY] §f                  §r§8+§r§a2 Kuudra Berserker §r§b✯ Magic Find
18:26:03 [BESTIARY] §f                   §r§8+§r§a2 Kuudra Berserker §r§c❁ Strength
18:26:03 [BESTIARY] §f                      §r§8+§r§62% §r§aKuudra Berserker §r§7coins
18:26:03 [BESTIARY] §f                    §r§8+§r§a50% §r§7chance for extra XP orbs
18:26:03 [BESTIARY] §f                               §r§8+§r§b1 SkyBlock XP
18:26:03 [BESTIARY] 
18:26:03 [BESTIARY] §3§l▬▬▬▬▬▬▬▬▬▬▬▬▬▬▬▬▬▬▬▬▬▬▬▬▬▬▬▬▬▬▬▬▬▬▬▬▬▬▬▬▬▬▬▬▬▬▬▬▬▬▬▬▬▬▬▬▬▬▬▬▬▬▬▬
18:26:05 [BESTIARY] §f                                  §6§lBESTIARY
18:26:05 [BESTIARY] §f                          §b§lExplosive Imp §7§8IV §8➡§b §bV
18:26:05 [BESTIARY] 
18:26:05 [BESTIARY] §f                                  §r§6§lREWARDS
18:26:05 [BESTIARY] §f                      §r§8+§r§a2 Explosive Imp §r§b✯ Magic Find
18:26:05 [BESTIARY] §f                      §r§8+§r§a2 Explosive Imp §r§c❁ Strength
18:26:05 [BESTIARY] §f                          §r§8+§r§62% §r§aExplosive Imp §r§7coins
18:26:05 [BESTIARY] §f                    §r§8+§r§a50% §r§7chance for extra XP orbs
18:26:05 [BESTIARY] §f                               §r§8+§r§b1 SkyBlock XP
18:26:05 [BESTIARY] 
18:26:05 [BESTIARY]   §r§f                         §6§lBESTIARY MILESTONE
18:26:05 [BESTIARY]   §r§f                                 §8CXLIV➡§eCXLV
18:26:05 [BESTIARY] 
18:26:05 [BESTIARY] §3§l▬▬▬▬▬▬▬▬▬▬▬▬▬▬▬▬▬▬▬▬▬▬▬▬▬▬▬▬▬▬▬▬▬▬▬▬▬▬▬▬▬▬▬▬▬▬▬▬▬▬▬▬▬▬▬▬▬▬▬▬▬▬▬▬
18:26:05 [BESTIARY] §f                                  §6§lBESTIARY
18:26:05 [BESTIARY] §f                          §b§lExplosive Imp §7§8V §8➡§b §bVI
18:26:05 [BESTIARY] 
18:26:05 [BESTIARY] §f                                  §r§6§lREWARDS
18:26:05 [BESTIARY] §f                      §r§8+§r§a3 Explosive Imp §r§b✯ Magic Find
18:26:05 [BESTIARY] §f                      §r§8+§r§a3 Explosive Imp §r§c❁ Strength
18:26:05 [BESTIARY] §f                          §r§8+§r§62% §r§aExplosive Imp §r§7coins
18:26:05 [BESTIARY] §f                    §r§8+§r§a50% §r§7chance for extra XP orbs
18:26:05 [BESTIARY] §f                               §r§8+§r§b1 SkyBlock XP
18:26:05 [BESTIARY] 
18:26:05 [BESTIARY] §3§l▬▬▬▬▬▬▬▬▬▬▬▬▬▬▬▬▬▬▬▬▬▬▬▬▬▬▬▬▬▬▬▬▬▬▬▬▬▬▬▬▬▬▬▬▬▬▬▬▬▬▬▬▬▬▬▬▬▬▬▬▬▬▬▬
18:26:05 [BESTIARY] §f                                  §6§lBESTIARY
18:26:05 [BESTIARY] §f                         §b§lExplosive Imp §7§8VI §8➡§b §bVII
18:26:05 [BESTIARY] 
18:26:05 [BESTIARY] §f                                  §r§6§lREWARDS
18:26:05 [BESTIARY] §f                      §r§8+§r§a3 Explosive Imp §r§b✯ Magic Find
18:26:05 [BESTIARY] §f                      §r§8+§r§a3 Explosive Imp §r§c❁ Strength
18:26:05 [BESTIARY] §f                          §r§8+§r§62% §r§aExplosive Imp §r§7coins
18:26:05 [BESTIARY] §f                    §r§8+§r§a50% §r§7chance for extra XP orbs
18:26:05 [BESTIARY] §f                               §r§8+§r§b1 SkyBlock XP
18:26:05 [BESTIARY] 
18:26:05 [BESTIARY] §3§l▬▬▬▬▬▬▬▬▬▬▬▬▬▬▬▬▬▬▬▬▬▬▬▬▬▬▬▬▬▬▬▬▬▬▬▬▬▬▬▬▬▬▬▬▬▬▬▬▬▬▬▬▬▬▬▬▬▬▬▬▬▬▬▬
18:26:06 [BESTIARY] §f                                  §6§lBESTIARY
18:26:06 [BESTIARY] §f                        §b§lExplosive Imp §7§8VII §8➡§b §bVIII
18:26:06 [BESTIARY] 
18:26:06 [BESTIARY] §f                                  §r§6§lREWARDS
18:26:06 [BESTIARY] §f                      §r§8+§r§a3 Explosive Imp §r§b✯ Magic Find
18:26:06 [BESTIARY] §f                      §r§8+§r§a3 Explosive Imp §r§c❁ Strength
18:26:06 [BESTIARY] §f                          §r§8+§r§62% §r§aExplosive Imp §r§7coins
18:26:06 [BESTIARY] §f                    §r§8+§r§a50% §r§7chance for extra XP orbs
18:26:06 [BESTIARY] §f                               §r§8+§r§b1 SkyBlock XP
18:26:06 [BESTIARY] 
18:26:06 [BESTIARY] §3§l▬▬▬▬▬▬▬▬▬▬▬▬▬▬▬▬▬▬▬▬▬▬▬▬▬▬▬▬▬▬▬▬▬▬▬▬▬▬▬▬▬▬▬▬▬▬▬▬▬▬▬▬▬▬▬▬▬▬▬▬▬▬▬▬
18:26:07 [BESTIARY] §f                                  §6§lBESTIARY
18:26:07 [BESTIARY] §f                      §b§lKuudra Berserker §7§8V §8➡§b §bVI
18:26:07 [BESTIARY] 
18:26:07 [BESTIARY] §f                                  §r§6§lREWARDS
18:26:07 [BESTIARY] §f                  §r§8+§r§a3 Kuudra Berserker §r§b✯ Magic Find
18:26:07 [BESTIARY] §f                   §r§8+§r§a3 Kuudra Berserker §r§c❁ Strength
18:26:07 [BESTIARY] §f                      §r§8+§r§62% §r§aKuudra Berserker §r§7coins
18:26:07 [BESTIARY] §f                    §r§8+§r§a50% §r§7chance for extra XP orbs
18:26:07 [BESTIARY] §f                               §r§8+§r§b1 SkyBlock XP
18:26:07 [BESTIARY] 
18:26:07 [BESTIARY] §3§l▬▬▬▬▬▬▬▬▬▬▬▬▬▬▬▬▬▬▬▬▬▬▬▬▬▬▬▬▬▬▬▬▬▬▬▬▬▬▬▬▬▬▬▬▬▬▬▬▬▬▬▬▬▬▬▬▬▬▬▬▬▬▬▬
18:26:08 [BESTIARY] §f                                  §6§lBESTIARY
18:26:08 [BESTIARY] §f                     §b§lInferno Magma Cube §7§8IV §8➡§b §bV
18:26:08 [BESTIARY] 
18:26:08 [BESTIARY] §f                                  §r§6§lREWARDS
18:26:08 [BESTIARY] §f                 §r§8+§r§a2 Inferno Magma Cube §r§b✯ Magic Find
18:26:08 [BESTIARY] §f                  §r§8+§r§a2 Inferno Magma Cube §r§c❁ Strength
18:26:08 [BESTIARY] §f                     §r§8+§r§62% §r§aInferno Magma Cube §r§7coins
18:26:08 [BESTIARY] §f                    §r§8+§r§a50% §r§7chance for extra XP orbs
18:26:08 [BESTIARY] §f                               §r§8+§r§b1 SkyBlock XP
18:26:08 [BESTIARY] 
18:26:08 [BESTIARY] §3§l▬▬▬▬▬▬▬▬▬▬▬▬▬▬▬▬▬▬▬▬▬▬▬▬▬▬▬▬▬▬▬▬▬▬▬▬▬▬▬▬▬▬▬▬▬▬▬▬▬▬▬▬▬▬▬▬▬▬▬▬▬▬▬▬
18:26:12 [BESTIARY] §f                                  §6§lBESTIARY
18:26:12 [BESTIARY] §f                       §b§lKuudra Landmine §7§8V §8➡§b §bVI
18:26:12 [BESTIARY] 
18:26:12 [BESTIARY] §f                                  §r§6§lREWARDS
18:26:12 [BESTIARY] §f                   §r§8+§r§a3 Kuudra Landmine §r§b✯ Magic Find
18:26:12 [BESTIARY] §f                    §r§8+§r§a3 Kuudra Landmine §r§c❁ Strength
18:26:12 [BESTIARY] §f                       §r§8+§r§62% §r§aKuudra Landmine §r§7coins
18:26:12 [BESTIARY] §f                    §r§8+§r§a50% §r§7chance for extra XP orbs
18:26:12 [BESTIARY] §f                               §r§8+§r§b1 SkyBlock XP
18:26:12 [BESTIARY] 
18:26:12 [BESTIARY] §3§l▬▬▬▬▬▬▬▬▬▬▬▬▬▬▬▬▬▬▬▬▬▬▬▬▬▬▬▬▬▬▬▬▬▬▬▬▬▬▬▬▬▬▬▬▬▬▬▬▬▬▬▬▬▬▬▬▬▬▬▬▬▬▬▬
18:26:12 [BESTIARY] §f                                  §6§lBESTIARY
18:26:12 [BESTIARY] §f                                   §b§lBlight §7§bI
18:26:12 [BESTIARY] 
18:26:12 [BESTIARY] §f                                  §r§6§lREWARDS
18:26:12 [BESTIARY] §f                           §r§8+§r§a2 Blight §r§b✯ Magic Find
18:26:12 [BESTIARY] §f                           §r§8+§r§a2 Blight §r§c❁ Strength
18:26:12 [BESTIARY] §f                               §r§8+§r§62% §r§aBlight §r§7coins
18:26:12 [BESTIARY] §f                    §r§8+§r§a50% §r§7chance for extra XP orbs
18:26:12 [BESTIARY] §f                               §r§8+§r§b1 SkyBlock XP
18:26:12 [BESTIARY] 
18:26:12 [BESTIARY] §3§l▬▬▬▬▬▬▬▬▬▬▬▬▬▬▬▬▬▬▬▬▬▬▬▬▬▬▬▬▬▬▬▬▬▬▬▬▬▬▬▬▬▬▬▬▬▬▬▬▬▬▬▬▬▬▬▬▬▬▬▬▬▬▬▬
18:26:12 [BESTIARY] §f                                  §6§lBESTIARY
18:26:12 [BESTIARY] §f                                §b§lBlight §7§8I §8➡§b §bII
18:26:12 [BESTIARY] 
18:26:12 [BESTIARY] §f                                  §r§6§lREWARDS
18:26:12 [BESTIARY] §f                           §r§8+§r§a2 Blight §r§b✯ Magic Find
18:26:12 [BESTIARY] §f                           §r§8+§r§a2 Blight §r§c❁ Strength
18:26:12 [BESTIARY] §f                               §r§8+§r§62% §r§aBlight §r§7coins
18:26:12 [BESTIARY] §f                    §r§8+§r§a50% §r§7chance for extra XP orbs
18:26:12 [BESTIARY] §f                               §r§8+§r§b1 SkyBlock XP
18:26:12 [BESTIARY] 
18:26:12 [BESTIARY] §3§l▬▬▬▬▬▬▬▬▬▬▬▬▬▬▬▬▬▬▬▬▬▬▬▬▬▬▬▬▬▬▬▬▬▬▬▬▬▬▬▬▬▬▬▬▬▬▬▬▬▬▬▬▬▬▬▬▬▬▬▬▬▬▬▬
18:26:14 [BESTIARY] §f                                  §6§lBESTIARY
18:26:14 [BESTIARY] §f                               §b§lBlight §7§8II §8➡§b §bIII
18:26:14 [BESTIARY] 
18:26:14 [BESTIARY] §f                                  §r§6§lREWARDS
18:26:14 [BESTIARY] §f                           §r§8+§r§a2 Blight §r§b✯ Magic Find
18:26:14 [BESTIARY] §f                           §r§8+§r§a2 Blight §r§c❁ Strength
18:26:14 [BESTIARY] §f                               §r§8+§r§62% §r§aBlight §r§7coins
18:26:14 [BESTIARY] §f                    §r§8+§r§a50% §r§7chance for extra XP orbs
18:26:14 [BESTIARY] §f                               §r§8+§r§b1 SkyBlock XP
18:26:14 [BESTIARY] 
18:26:14 [BESTIARY] §3§l▬▬▬▬▬▬▬▬▬▬▬▬▬▬▬▬▬▬▬▬▬▬▬▬▬▬▬▬▬▬▬▬▬▬▬▬▬▬▬▬▬▬▬▬▬▬▬▬▬▬▬▬▬▬▬▬▬▬▬▬▬▬▬▬
18:26:14 [BESTIARY] §f                                  §6§lBESTIARY
18:26:14 [BESTIARY] §f                               §b§lBlight §7§8III §8➡§b §bIV
18:26:14 [BESTIARY] 
18:26:14 [BESTIARY] §f                                  §r§6§lREWARDS
18:26:14 [BESTIARY] §f                           §r§8+§r§a2 Blight §r§b✯ Magic Find
18:26:14 [BESTIARY] §f                           §r§8+§r§a2 Blight §r§c❁ Strength
18:26:14 [BESTIARY] §f                               §r§8+§r§62% §r§aBlight §r§7coins
18:26:14 [BESTIARY] §f                    §r§8+§r§a50% §r§7chance for extra XP orbs
18:26:14 [BESTIARY] §f                               §r§8+§r§b1 SkyBlock XP
18:26:14 [BESTIARY] 
18:26:14 [BESTIARY]   §r§f                         §6§lBESTIARY MILESTONE
18:26:14 [BESTIARY]   §r§f                                 §8CXLV➡§eCXLVI
18:26:14 [BESTIARY] 
18:26:14 [BESTIARY] §3§l▬▬▬▬▬▬▬▬▬▬▬▬▬▬▬▬▬▬▬▬▬▬▬▬▬▬▬▬▬▬▬▬▬▬▬▬▬▬▬▬▬▬▬▬▬▬▬▬▬▬▬▬▬▬▬▬▬▬▬▬▬▬▬▬
18:26:14 [BESTIARY] §f                                  §6§lBESTIARY
18:26:14 [BESTIARY] §f                        §b§lExplosive Imp §7§8VIII §8➡§b §bIX
18:26:14 [BESTIARY] 
18:26:14 [BESTIARY] §f                                  §r§6§lREWARDS
18:26:14 [BESTIARY] §f                      §r§8+§r§a3 Explosive Imp §r§b✯ Magic Find
18:26:14 [BESTIARY] §f                      §r§8+§r§a3 Explosive Imp §r§c❁ Strength
18:26:14 [BESTIARY] §f                          §r§8+§r§62% §r§aExplosive Imp §r§7coins
18:26:14 [BESTIARY] §f                    §r§8+§r§a50% §r§7chance for extra XP orbs
18:26:14 [BESTIARY] §f                               §r§8+§r§b1 SkyBlock XP
18:26:14 [BESTIARY] 
18:26:14 [BESTIARY] §3§l▬▬▬▬▬▬▬▬▬▬▬▬▬▬▬▬▬▬▬▬▬▬▬▬▬▬▬▬▬▬▬▬▬▬▬▬▬▬▬▬▬▬▬▬▬▬▬▬▬▬▬▬▬▬▬▬▬▬▬▬▬▬▬▬
18:27:07 [BESTIARY] §f                                  §6§lBESTIARY
18:27:07 [BESTIARY] §f                           §b§lKuudra Knocker §7§bI
18:27:07 [BESTIARY] 
18:27:07 [BESTIARY] §f                                  §r§6§lREWARDS
18:27:08 [BESTIARY] §f                    §r§8+§r§a2 Kuudra Knocker §r§b✯ Magic Find
18:27:08 [BESTIARY] §f                     §r§8+§r§a2 Kuudra Knocker §r§c❁ Strength
18:27:08 [BESTIARY] §f                        §r§8+§r§62% §r§aKuudra Knocker §r§7coins
18:27:08 [BESTIARY] §f                    §r§8+§r§a50% §r§7chance for extra XP orbs
18:27:08 [BESTIARY] §f                               §r§8+§r§b1 SkyBlock XP
18:27:08 [BESTIARY] 
18:27:08 [BESTIARY] §3§l▬▬▬▬▬▬▬▬▬▬▬▬▬▬▬▬▬▬▬▬▬▬▬▬▬▬▬▬▬▬▬▬▬▬▬▬▬▬▬▬▬▬▬▬▬▬▬▬▬▬▬▬▬▬▬▬▬▬▬▬▬▬▬▬
18:27:08 [BESTIARY] §f                                  §6§lBESTIARY
18:27:08 [BESTIARY] §f                        §b§lKuudra Knocker §7§8I §8➡§b §bII
18:27:08 [BESTIARY] 
18:27:08 [BESTIARY] §f                                  §r§6§lREWARDS
18:27:08 [BESTIARY] §f                    §r§8+§r§a2 Kuudra Knocker §r§b✯ Magic Find
18:27:08 [BESTIARY] §f                     §r§8+§r§a2 Kuudra Knocker §r§c❁ Strength
18:27:08 [BESTIARY] §f                        §r§8+§r§62% §r§aKuudra Knocker §r§7coins
18:27:08 [BESTIARY] §f                    §r§8+§r§a50% §r§7chance for extra XP orbs
18:27:08 [BESTIARY] §f                               §r§8+§r§b1 SkyBlock XP
18:27:08 [BESTIARY] 
18:27:08 [BESTIARY] §3§l▬▬▬▬▬▬▬▬▬▬▬▬▬▬▬▬▬▬▬▬▬▬▬▬▬▬▬▬▬▬▬▬▬▬▬▬▬▬▬▬▬▬▬▬▬▬▬▬▬▬▬▬▬▬▬▬▬▬▬▬▬▬▬▬
18:27:09 [BESTIARY] §f                                  §6§lBESTIARY
18:27:09 [BESTIARY] §f                       §b§lKuudra Knocker §7§8II §8➡§b §bIII
18:27:09 [BESTIARY] 
18:27:09 [BESTIARY] §f                                  §r§6§lREWARDS
18:27:09 [BESTIARY] §f                    §r§8+§r§a2 Kuudra Knocker §r§b✯ Magic Find
18:27:09 [BESTIARY] §f                     §r§8+§r§a2 Kuudra Knocker §r§c❁ Strength
18:27:09 [BESTIARY] §f                        §r§8+§r§62% §r§aKuudra Knocker §r§7coins
18:27:09 [BESTIARY] §f                    §r§8+§r§a50% §r§7chance for extra XP orbs
18:27:09 [BESTIARY] §f                               §r§8+§r§b1 SkyBlock XP
18:27:09 [BESTIARY] 
18:27:09 [BESTIARY] §3§l▬▬▬▬▬▬▬▬▬▬▬▬▬▬▬▬▬▬▬▬▬▬▬▬▬▬▬▬▬▬▬▬▬▬▬▬▬▬▬▬▬▬▬▬▬▬▬▬▬▬▬▬▬▬▬▬▬▬▬▬▬▬▬▬
18:27:09 [BESTIARY] §f                                  §6§lBESTIARY
18:27:09 [BESTIARY] §f                     §b§lInferno Magma Cube §7§8V §8➡§b §bVI
18:27:09 [BESTIARY] 
18:27:09 [BESTIARY] §f                                  §r§6§lREWARDS
18:27:09 [BESTIARY] §f                 §r§8+§r§a3 Inferno Magma Cube §r§b✯ Magic Find
18:27:09 [BESTIARY] §f                  §r§8+§r§a3 Inferno Magma Cube §r§c❁ Strength
18:27:09 [BESTIARY] §f                     §r§8+§r§62% §r§aInferno Magma Cube §r§7coins
18:27:09 [BESTIARY] §f                    §r§8+§r§a50% §r§7chance for extra XP orbs
18:27:09 [BESTIARY] §f                               §r§8+§r§b1 SkyBlock XP
18:27:09 [BESTIARY] 
18:27:09 [BESTIARY] §3§l▬▬▬▬▬▬▬▬▬▬▬▬▬▬▬▬▬▬▬▬▬▬▬▬▬▬▬▬▬▬▬▬▬▬▬▬▬▬▬▬▬▬▬▬▬▬▬▬▬▬▬▬▬▬▬▬▬▬▬▬▬▬▬▬
18:27:09 [BESTIARY] §f                                  §6§lBESTIARY
18:27:09 [BESTIARY] §f                       §b§lKuudra Knocker §7§8III §8➡§b §bIV
18:27:09 [BESTIARY] 
18:27:09 [BESTIARY] §f                                  §r§6§lREWARDS
18:27:09 [BESTIARY] §f                    §r§8+§r§a2 Kuudra Knocker §r§b✯ Magic Find
18:27:09 [BESTIARY] §f                     §r§8+§r§a2 Kuudra Knocker §r§c❁ Strength
18:27:09 [BESTIARY] §f                        §r§8+§r§62% §r§aKuudra Knocker §r§7coins
18:27:09 [BESTIARY] §f                    §r§8+§r§a50% §r§7chance for extra XP orbs
18:27:09 [BESTIARY] §f                               §r§8+§r§b1 SkyBlock XP
18:27:09 [BESTIARY] 
18:27:09 [BESTIARY] §3§l▬▬▬▬▬▬▬▬▬▬▬▬▬▬▬▬▬▬▬▬▬▬▬▬▬▬▬▬▬▬▬▬▬▬▬▬▬▬▬▬▬▬▬▬▬▬▬▬▬▬▬▬▬▬▬▬▬▬▬▬▬▬▬▬
18:27:09 [BESTIARY] §f                                  §6§lBESTIARY
18:27:09 [BESTIARY] §f                        §b§lKuudra Knocker §7§8IV §8➡§b §bV
18:27:09 [BESTIARY] 
18:27:09 [BESTIARY] §f                                  §r§6§lREWARDS
18:27:09 [BESTIARY] §f                    §r§8+§r§a2 Kuudra Knocker §r§b✯ Magic Find
18:27:09 [BESTIARY] §f                     §r§8+§r§a2 Kuudra Knocker §r§c❁ Strength
18:27:09 [BESTIARY] §f                        §r§8+§r§62% §r§aKuudra Knocker §r§7coins
18:27:09 [BESTIARY] §f                    §r§8+§r§a50% §r§7chance for extra XP orbs
18:27:09 [BESTIARY] §f                               §r§8+§r§b1 SkyBlock XP
18:27:09 [BESTIARY] 
18:27:09 [BESTIARY] §3§l▬▬▬▬▬▬▬▬▬▬▬▬▬▬▬▬▬▬▬▬▬▬▬▬▬▬▬▬▬▬▬▬▬▬▬▬▬▬▬▬▬▬▬▬▬▬▬▬▬▬▬▬▬▬▬▬▬▬▬▬▬▬▬▬
18:27:10 [BESTIARY] §f                                  §6§lBESTIARY
18:27:10 [BESTIARY] §f                               §b§lBlight §7§8IV §8➡§b §bV
18:27:10 [BESTIARY] 
18:27:10 [BESTIARY] §f                                  §r§6§lREWARDS
18:27:10 [BESTIARY] §f                           §r§8+§r§a2 Blight §r§b✯ Magic Find
18:27:10 [BESTIARY] §f                           §r§8+§r§a2 Blight §r§c❁ Strength
18:27:10 [BESTIARY] §f                               §r§8+§r§62% §r§aBlight §r§7coins
18:27:10 [BESTIARY] §f                    §r§8+§r§a50% §r§7chance for extra XP orbs
18:27:10 [BESTIARY] §f                               §r§8+§r§b1 SkyBlock XP
18:27:10 [BESTIARY] 
18:27:10 [BESTIARY] §3§l▬▬▬▬▬▬▬▬▬▬▬▬▬▬▬▬▬▬▬▬▬▬▬▬▬▬▬▬▬▬▬▬▬▬▬▬▬▬▬▬▬▬▬▬▬▬▬▬▬▬▬▬▬▬▬▬▬▬▬▬▬▬▬▬
18:27:45 [BESTIARY] §f                                  §6§lBESTIARY
18:27:45 [BESTIARY] §f                        §b§lKuudra Knocker §7§8V §8➡§b §bVI
18:27:45 [BESTIARY] 
18:27:45 [BESTIARY] §f                                  §r§6§lREWARDS
18:27:45 [BESTIARY] §f                    §r§8+§r§a3 Kuudra Knocker §r§b✯ Magic Find
18:27:45 [BESTIARY] §f                     §r§8+§r§a3 Kuudra Knocker §r§c❁ Strength
18:27:45 [BESTIARY] §f                        §r§8+§r§62% §r§aKuudra Knocker §r§7coins
18:27:45 [BESTIARY] §f                    §r§8+§r§a50% §r§7chance for extra XP orbs
18:27:45 [BESTIARY] §f                               §r§8+§r§b1 SkyBlock XP
18:27:45 [BESTIARY] 
18:27:45 [BESTIARY] §3§l▬▬▬▬▬▬▬▬▬▬▬▬▬▬▬▬▬▬▬▬▬▬▬▬▬▬▬▬▬▬▬▬▬▬▬▬▬▬▬▬▬▬▬▬▬▬▬▬▬▬▬▬▬▬▬▬▬▬▬▬▬▬▬▬
18:27:45 [BESTIARY] §f                                  §6§lBESTIARY
18:27:45 [BESTIARY] §f                           §b§lWandering Blaze §7§bI
18:27:45 [BESTIARY] 
18:27:45 [BESTIARY] §f                                  §r§6§lREWARDS
18:27:45 [BESTIARY] §f                    §r§8+§r§a2 Wandering Blaze §r§b✯ Magic Find
18:27:45 [BESTIARY] §f                     §r§8+§r§a2 Wandering Blaze §r§c❁ Strength
18:27:45 [BESTIARY] §f                        §r§8+§r§62% §r§aWandering Blaze §r§7coins
18:27:45 [BESTIARY] §f                    §r§8+§r§a50% §r§7chance for extra XP orbs
18:27:45 [BESTIARY] §f                               §r§8+§r§b1 SkyBlock XP
18:27:45 [BESTIARY] 
18:27:45 [BESTIARY]   §r§f                         §6§lBESTIARY MILESTONE
18:27:45 [BESTIARY]   §r§f                                §8CXLVI➡§eCXLVII
18:27:45 [BESTIARY] 
18:27:45 [BESTIARY] §3§l▬▬▬▬▬▬▬▬▬▬▬▬▬▬▬▬▬▬▬▬▬▬▬▬▬▬▬▬▬▬▬▬▬▬▬▬▬▬▬▬▬▬▬▬▬▬▬▬▬▬▬▬▬▬▬▬▬▬▬▬▬▬▬▬
18:27:46 [BESTIARY] §f                                  §6§lBESTIARY
18:27:46 [BESTIARY] §f                        §b§lWandering Blaze §7§8I §8➡§b §bII
18:27:46 [BESTIARY] 
18:27:46 [BESTIARY] §f                                  §r§6§lREWARDS
18:27:46 [BESTIARY] §f                    §r§8+§r§a2 Wandering Blaze §r§b✯ Magic Find
18:27:46 [BESTIARY] §f                     §r§8+§r§a2 Wandering Blaze §r§c❁ Strength
18:27:46 [BESTIARY] §f                        §r§8+§r§62% §r§aWandering Blaze §r§7coins
18:27:46 [BESTIARY] §f                    §r§8+§r§a50% §r§7chance for extra XP orbs
18:27:46 [BESTIARY] §f                               §r§8+§r§b1 SkyBlock XP
18:27:46 [BESTIARY] 
18:27:46 [BESTIARY] §3§l▬▬▬▬▬▬▬▬▬▬▬▬▬▬▬▬▬▬▬▬▬▬▬▬▬▬▬▬▬▬▬▬▬▬▬▬▬▬▬▬▬▬▬▬▬▬▬▬▬▬▬▬▬▬▬▬▬▬▬▬▬▬▬▬
18:27:47 [BESTIARY] §f                                  §6§lBESTIARY
18:27:47 [BESTIARY] §f                       §b§lWandering Blaze §7§8II §8➡§b §bIII
18:27:47 [BESTIARY] 
18:27:47 [BESTIARY] §f                                  §r§6§lREWARDS
18:27:47 [BESTIARY] §f                    §r§8+§r§a2 Wandering Blaze §r§b✯ Magic Find
18:27:47 [BESTIARY] §f                     §r§8+§r§a2 Wandering Blaze §r§c❁ Strength
18:27:47 [BESTIARY] §f                        §r§8+§r§62% §r§aWandering Blaze §r§7coins
18:27:47 [BESTIARY] §f                    §r§8+§r§a50% §r§7chance for extra XP orbs
18:27:47 [BESTIARY] §f                               §r§8+§r§b1 SkyBlock XP
18:27:47 [BESTIARY] 
18:27:47 [BESTIARY] §3§l▬▬▬▬▬▬▬▬▬▬▬▬▬▬▬▬▬▬▬▬▬▬▬▬▬▬▬▬▬▬▬▬▬▬▬▬▬▬▬▬▬▬▬▬▬▬▬▬▬▬▬▬▬▬▬▬▬▬▬▬▬▬▬▬
18:30:47 [BESTIARY] §f                                  §6§lBESTIARY
18:30:47 [BESTIARY] §f                       §b§lKuudra Follower §7§8V §8➡§b §bVI
18:30:47 [BESTIARY] 
18:30:47 [BESTIARY] §f                                  §r§6§lREWARDS
18:30:47 [BESTIARY] §f                    §r§8+§r§a3 Kuudra Follower §r§b✯ Magic Find
18:30:47 [BESTIARY] §f                    §r§8+§r§a3 Kuudra Follower §r§c❁ Strength
18:30:47 [BESTIARY] §f                        §r§8+§r§62% §r§aKuudra Follower §r§7coins
18:30:47 [BESTIARY] §f                    §r§8+§r§a50% §r§7chance for extra XP orbs
18:30:47 [BESTIARY] §f                               §r§8+§r§b1 SkyBlock XP
18:30:47 [BESTIARY] 
18:30:47 [BESTIARY] §3§l▬▬▬▬▬▬▬▬▬▬▬▬▬▬▬▬▬▬▬▬▬▬▬▬▬▬▬▬▬▬▬▬▬▬▬▬▬▬▬▬▬▬▬▬▬▬▬▬▬▬▬▬▬▬▬▬▬▬▬▬▬▬▬▬
18:31:19 [BESTIARY] §f                                  §6§lBESTIARY
18:31:19 [BESTIARY] §f                       §b§lKuudra Knocker §7§8VI §8➡§b §bVII
18:31:19 [BESTIARY] 
18:31:19 [BESTIARY] §f                                  §r§6§lREWARDS
18:31:19 [BESTIARY] §f                    §r§8+§r§a3 Kuudra Knocker §r§b✯ Magic Find
18:31:19 [BESTIARY] §f                     §r§8+§r§a3 Kuudra Knocker §r§c❁ Strength
18:31:19 [BESTIARY] §f                        §r§8+§r§62% §r§aKuudra Knocker §r§7coins
18:31:19 [BESTIARY] §f                    §r§8+§r§a50% §r§7chance for extra XP orbs
18:31:19 [BESTIARY] §f                               §r§8+§r§b1 SkyBlock XP
18:31:19 [BESTIARY] 
18:31:19 [BESTIARY] §3§l▬▬▬▬▬▬▬▬▬▬▬▬▬▬▬▬▬▬▬▬▬▬▬▬▬▬▬▬▬▬▬▬▬▬▬▬▬▬▬▬▬▬▬▬▬▬▬▬▬▬▬▬▬▬▬▬▬▬▬▬▬▬▬▬
18:31:19 [BESTIARY] §f                                  §6§lBESTIARY
18:31:19 [BESTIARY] §f                    §b§lInferno Magma Cube §7§8VI §8➡§b §bVII
18:31:19 [BESTIARY] 
18:31:19 [BESTIARY] §f                                  §r§6§lREWARDS
18:31:19 [BESTIARY] §f                 §r§8+§r§a3 Inferno Magma Cube §r§b✯ Magic Find
18:31:19 [BESTIARY] §f                  §r§8+§r§a3 Inferno Magma Cube §r§c❁ Strength
18:31:19 [BESTIARY] §f                     §r§8+§r§62% §r§aInferno Magma Cube §r§7coins
18:31:19 [BESTIARY] §f                    §r§8+§r§a50% §r§7chance for extra XP orbs
18:31:19 [BESTIARY] §f                               §r§8+§r§b1 SkyBlock XP
18:31:19 [BESTIARY] 
18:31:19 [BESTIARY] §3§l▬▬▬▬▬▬▬▬▬▬▬▬▬▬▬▬▬▬▬▬▬▬▬▬▬▬▬▬▬▬▬▬▬▬▬▬▬▬▬▬▬▬▬▬▬▬▬▬▬▬▬▬▬▬▬▬▬▬▬▬▬▬▬▬
18:31:45 [BESTIARY] §f                                  §6§lBESTIARY
18:31:45 [BESTIARY] §f                      §b§lKuudra Landmine §7§8VI §8➡§b §bVII
18:31:45 [BESTIARY] 
18:31:45 [BESTIARY] §f                                  §r§6§lREWARDS
18:31:45 [BESTIARY] §f                   §r§8+§r§a3 Kuudra Landmine §r§b✯ Magic Find
18:31:45 [BESTIARY] §f                    §r§8+§r§a3 Kuudra Landmine §r§c❁ Strength
18:31:45 [BESTIARY] §f                       §r§8+§r§62% §r§aKuudra Landmine §r§7coins
18:31:45 [BESTIARY] §f                    §r§8+§r§a50% §r§7chance for extra XP orbs
18:31:45 [BESTIARY] §f                               §r§8+§r§b1 SkyBlock XP
18:31:45 [BESTIARY] 
18:31:45 [BESTIARY] §3§l▬▬▬▬▬▬▬▬▬▬▬▬▬▬▬▬▬▬▬▬▬▬▬▬▬▬▬▬▬▬▬▬▬▬▬▬▬▬▬▬▬▬▬▬▬▬▬▬▬▬▬▬▬▬▬▬▬▬▬▬▬▬▬▬
18:32:38 [BESTIARY] §f                                  §6§lBESTIARY
18:32:38 [BESTIARY] §f                      §b§lKuudra Knocker §7§8VII §8➡§b §bVIII
18:32:38 [BESTIARY] 
18:32:38 [BESTIARY] §f                                  §r§6§lREWARDS
18:32:38 [BESTIARY] §f                    §r§8+§r§a3 Kuudra Knocker §r§b✯ Magic Find
18:32:38 [BESTIARY] §f                     §r§8+§r§a3 Kuudra Knocker §r§c❁ Strength
18:32:38 [BESTIARY] §f                        §r§8+§r§62% §r§aKuudra Knocker §r§7coins
18:32:38 [BESTIARY] §f                    §r§8+§r§a50% §r§7chance for extra XP orbs
18:32:38 [BESTIARY] §f                               §r§8+§r§b1 SkyBlock XP
18:32:38 [BESTIARY] 
18:32:38 [BESTIARY] §3§l▬▬▬▬▬▬▬▬▬▬▬▬▬▬▬▬▬▬▬▬▬▬▬▬▬▬▬▬▬▬▬▬▬▬▬▬▬▬▬▬▬▬▬▬▬▬▬▬▬▬▬▬▬▬▬▬▬▬▬▬▬▬▬▬
18:32:44 [BESTIARY] §f                                  §6§lBESTIARY
18:32:44 [BESTIARY] §f                   §b§lInferno Magma Cube §7§8VII §8➡§b §bVIII
18:32:44 [BESTIARY] 
18:32:44 [BESTIARY] §f                                  §r§6§lREWARDS
18:32:44 [BESTIARY] §f                 §r§8+§r§a3 Inferno Magma Cube §r§b✯ Magic Find
18:32:44 [BESTIARY] §f                  §r§8+§r§a3 Inferno Magma Cube §r§c❁ Strength
18:32:44 [BESTIARY] §f                     §r§8+§r§62% §r§aInferno Magma Cube §r§7coins
18:32:44 [BESTIARY] §f                    §r§8+§r§a50% §r§7chance for extra XP orbs
18:32:44 [BESTIARY] §f                               §r§8+§r§b1 SkyBlock XP
18:32:44 [BESTIARY] 
18:32:44 [BESTIARY] §3§l▬▬▬▬▬▬▬▬▬▬▬▬▬▬▬▬▬▬▬▬▬▬▬▬▬▬▬▬▬▬▬▬▬▬▬▬▬▬▬▬▬▬▬▬▬▬▬▬▬▬▬▬▬▬▬▬▬▬▬▬▬▬▬▬
18:33:15 [BESTIARY] §f                                  §6§lBESTIARY
18:33:15 [BESTIARY] §f                       §b§lWandering Blaze §7§8III §8➡§b §bIV
18:33:15 [BESTIARY] 
18:33:15 [BESTIARY] §f                                  §r§6§lREWARDS
18:33:15 [BESTIARY] §f                    §r§8+§r§a2 Wandering Blaze §r§b✯ Magic Find
18:33:15 [BESTIARY] §f                     §r§8+§r§a2 Wandering Blaze §r§c❁ Strength
18:33:15 [BESTIARY] §f                        §r§8+§r§62% §r§aWandering Blaze §r§7coins
18:33:15 [BESTIARY] §f                    §r§8+§r§a50% §r§7chance for extra XP orbs
18:33:15 [BESTIARY] §f                               §r§8+§r§b1 SkyBlock XP
18:33:15 [BESTIARY] 
18:33:15 [BESTIARY] §3§l▬▬▬▬▬▬▬▬▬▬▬▬▬▬▬▬▬▬▬▬▬▬▬▬▬▬▬▬▬▬▬▬▬▬▬▬▬▬▬▬▬▬▬▬▬▬▬▬▬▬▬▬▬▬▬▬▬▬▬▬▬▬▬▬
18:33:21 [BESTIARY] §f                                  §6§lBESTIARY
18:33:21 [BESTIARY] §f                      §b§lKuudra Follower §7§8VI §8➡§b §bVII
18:33:21 [BESTIARY] 
18:33:21 [BESTIARY] §f                                  §r§6§lREWARDS
18:33:21 [BESTIARY] §f                    §r§8+§r§a3 Kuudra Follower §r§b✯ Magic Find
18:33:21 [BESTIARY] §f                    §r§8+§r§a3 Kuudra Follower §r§c❁ Strength
18:33:21 [BESTIARY] §f                        §r§8+§r§62% §r§aKuudra Follower §r§7coins
18:33:21 [BESTIARY] §f                    §r§8+§r§a50% §r§7chance for extra XP orbs
18:33:21 [BESTIARY] §f                               §r§8+§r§b1 SkyBlock XP
18:33:21 [BESTIARY] 
18:33:21 [BESTIARY]   §r§f                         §6§lBESTIARY MILESTONE
18:33:21 [BESTIARY]   §r§f                               §8CXLVII➡§eCXLVIII
18:33:21 [BESTIARY] 
18:33:21 [BESTIARY] §3§l▬▬▬▬▬▬▬▬▬▬▬▬▬▬▬▬▬▬▬▬▬▬▬▬▬▬▬▬▬▬▬▬▬▬▬▬▬▬▬▬▬▬▬▬▬▬▬▬▬▬▬▬▬▬▬▬▬▬▬▬▬▬▬▬
18:33:23 [BESTIARY] §f                                  §6§lBESTIARY
18:33:23 [BESTIARY] §f                            §b§lKuudra Slasher §7§bI
18:33:23 [BESTIARY] 
18:33:23 [BESTIARY] §f                                  §r§6§lREWARDS
18:33:23 [BESTIARY] §f                    §r§8+§r§a2 Kuudra Slasher §r§b✯ Magic Find
18:33:23 [BESTIARY] §f                     §r§8+§r§a2 Kuudra Slasher §r§c❁ Strength
18:33:23 [BESTIARY] §f                        §r§8+§r§62% §r§aKuudra Slasher §r§7coins
18:33:23 [BESTIARY] §f                    §r§8+§r§a50% §r§7chance for extra XP orbs
18:33:23 [BESTIARY] §f                               §r§8+§r§b1 SkyBlock XP
18:33:23 [BESTIARY] 
18:33:23 [BESTIARY] §3§l▬▬▬▬▬▬▬▬▬▬▬▬▬▬▬▬▬▬▬▬▬▬▬▬▬▬▬▬▬▬▬▬▬▬▬▬▬▬▬▬▬▬▬▬▬▬▬▬▬▬▬▬▬▬▬▬▬▬▬▬▬▬▬▬
18:33:23 [BESTIARY] §f                                  §6§lBESTIARY
18:33:23 [BESTIARY] §f                        §b§lKuudra Slasher §7§8I §8➡§b §bII
18:33:23 [BESTIARY] 
18:33:23 [BESTIARY] §f                                  §r§6§lREWARDS
18:33:23 [BESTIARY] §f                    §r§8+§r§a2 Kuudra Slasher §r§b✯ Magic Find
18:33:23 [BESTIARY] §f                     §r§8+§r§a2 Kuudra Slasher §r§c❁ Strength
18:33:23 [BESTIARY] §f                        §r§8+§r§62% §r§aKuudra Slasher §r§7coins
18:33:23 [BESTIARY] §f                    §r§8+§r§a50% §r§7chance for extra XP orbs
18:33:23 [BESTIARY] §f                               §r§8+§r§b1 SkyBlock XP
18:33:23 [BESTIARY] 
18:33:23 [BESTIARY] §3§l▬▬▬▬▬▬▬▬▬▬▬▬▬▬▬▬▬▬▬▬▬▬▬▬▬▬▬▬▬▬▬▬▬▬▬▬▬▬▬▬▬▬▬▬▬▬▬▬▬▬▬▬▬▬▬▬▬▬▬▬▬▬▬▬
18:34:18 [BESTIARY] §f                                  §6§lBESTIARY
18:34:18 [BESTIARY] §f                   §b§lInferno Magma Cube §7§8VIII §8➡§b §bIX
18:34:18 [BESTIARY] 
18:34:18 [BESTIARY] §f                                  §r§6§lREWARDS
18:34:18 [BESTIARY] §f                 §r§8+§r§a3 Inferno Magma Cube §r§b✯ Magic Find
18:34:18 [BESTIARY] §f                  §r§8+§r§a3 Inferno Magma Cube §r§c❁ Strength
18:34:18 [BESTIARY] §f                     §r§8+§r§62% §r§aInferno Magma Cube §r§7coins
18:34:18 [BESTIARY] §f                    §r§8+§r§a50% §r§7chance for extra XP orbs
18:34:18 [BESTIARY] §f                               §r§8+§r§b1 SkyBlock XP
18:34:18 [BESTIARY] 
18:34:18 [BESTIARY] §3§l▬▬▬▬▬▬▬▬▬▬▬▬▬▬▬▬▬▬▬▬▬▬▬▬▬▬▬▬▬▬▬▬▬▬▬▬▬▬▬▬▬▬▬▬▬▬▬▬▬▬▬▬▬▬▬▬▬▬▬▬▬▬▬▬
18:35:06 [SKYMALL] §bNew day! §r§eYour §r§2Sky Mall §r§ebuff changed!
18:35:06 [SKYMALL] §eNew buff§r§r§r: §r§fGain §r§6+50☘ Mining Fortune§r§f.
18:35:06 [SKYMALL] §8§oYou can disable this messaging by toggling Sky Mall in your /hotm!
18:36:58 [BESTIARY] §f                                  §6§lBESTIARY
18:36:58 [BESTIARY] §f                     §b§lKuudra Landmine §7§8VII §8➡§b §bVIII
18:36:58 [BESTIARY] 
18:36:58 [BESTIARY] §f                                  §r§6§lREWARDS
18:36:58 [BESTIARY] §f                   §r§8+§r§a3 Kuudra Landmine §r§b✯ Magic Find
18:36:58 [BESTIARY] §f                    §r§8+§r§a3 Kuudra Landmine §r§c❁ Strength
18:36:58 [BESTIARY] §f                       §r§8+§r§62% §r§aKuudra Landmine §r§7coins
18:36:58 [BESTIARY] §f                    §r§8+§r§a50% §r§7chance for extra XP orbs
18:36:58 [BESTIARY] §f                               §r§8+§r§b1 SkyBlock XP
18:36:58 [BESTIARY] 
18:36:58 [BESTIARY] §3§l▬▬▬▬▬▬▬▬▬▬▬▬▬▬▬▬▬▬▬▬▬▬▬▬▬▬▬▬▬▬▬▬▬▬▬▬▬▬▬▬▬▬▬▬▬▬▬▬▬▬▬▬▬▬▬▬▬▬▬▬▬▬▬▬
18:37:14 [BESTIARY] §f                                  §6§lBESTIARY
18:37:14 [BESTIARY] §f                          §b§lExplosive Imp §7§8IX §8➡§b §bX
18:37:14 [BESTIARY] 
18:37:14 [BESTIARY] §f                                  §r§6§lREWARDS
18:37:14 [BESTIARY] §f                      §r§8+§r§a3 Explosive Imp §r§b✯ Magic Find
18:37:14 [BESTIARY] §f                      §r§8+§r§a3 Explosive Imp §r§c❁ Strength
18:37:14 [BESTIARY] §f                          §r§8+§r§62% §r§aExplosive Imp §r§7coins
18:37:14 [BESTIARY] §f                    §r§8+§r§a50% §r§7chance for extra XP orbs
18:37:14 [BESTIARY] §f                               §r§8+§r§b1 SkyBlock XP
18:37:14 [BESTIARY] 
18:37:14 [BESTIARY] §3§l▬▬▬▬▬▬▬▬▬▬▬▬▬▬▬▬▬▬▬▬▬▬▬▬▬▬▬▬▬▬▬▬▬▬▬▬▬▬▬▬▬▬▬▬▬▬▬▬▬▬▬▬▬▬▬▬▬▬▬▬▬▬▬▬
18:37:39 [BESTIARY] §f                                  §6§lBESTIARY
18:37:39 [BESTIARY] §f                               §b§lBlight §7§8V §8➡§b §bVI
18:37:39 [BESTIARY] 
18:37:39 [BESTIARY] §f                                  §r§6§lREWARDS
18:37:39 [BESTIARY] §f                           §r§8+§r§a3 Blight §r§b✯ Magic Find
18:37:39 [BESTIARY] §f                           §r§8+§r§a3 Blight §r§c❁ Strength
18:37:39 [BESTIARY] §f                               §r§8+§r§62% §r§aBlight §r§7coins
18:37:39 [BESTIARY] §f                    §r§8+§r§a50% §r§7chance for extra XP orbs
18:37:39 [BESTIARY] §f                               §r§8+§r§b1 SkyBlock XP
18:37:39 [BESTIARY] 
18:37:39 [BESTIARY] §3§l▬▬▬▬▬▬▬▬▬▬▬▬▬▬▬▬▬▬▬▬▬▬▬▬▬▬▬▬▬▬▬▬▬▬▬▬▬▬▬▬▬▬▬▬▬▬▬▬▬▬▬▬▬▬▬▬▬▬▬▬▬▬▬▬
18:37:47 [BESTIARY] §f                                  §6§lBESTIARY
18:37:47 [BESTIARY] §f                              §b§lBlight §7§8VI §8➡§b §bVII
18:37:47 [BESTIARY] 
18:37:47 [BESTIARY] §f                                  §r§6§lREWARDS
18:37:47 [BESTIARY] §f                           §r§8+§r§a3 Blight §r§b✯ Magic Find
18:37:47 [BESTIARY] §f                           §r§8+§r§a3 Blight §r§c❁ Strength
18:37:47 [BESTIARY] §f                               §r§8+§r§62% §r§aBlight §r§7coins
18:37:47 [BESTIARY] §f                    §r§8+§r§a50% §r§7chance for extra XP orbs
18:37:47 [BESTIARY] §f                               §r§8+§r§b1 SkyBlock XP
18:37:47 [BESTIARY] 
18:37:47 [BESTIARY] §3§l▬▬▬▬▬▬▬▬▬▬▬▬▬▬▬▬▬▬▬▬▬▬▬▬▬▬▬▬▬▬▬▬▬▬▬▬▬▬▬▬▬▬▬▬▬▬▬▬▬▬▬▬▬▬▬▬▬▬▬▬▬▬▬▬
18:37:56 [BESTIARY] §f                                  §6§lBESTIARY
18:37:56 [BESTIARY] §f                     §b§lKuudra Berserker §7§8VI §8➡§b §bVII
18:37:56 [BESTIARY] 
18:37:56 [BESTIARY] §f                                  §r§6§lREWARDS
18:37:56 [BESTIARY] §f                  §r§8+§r§a3 Kuudra Berserker §r§b✯ Magic Find
18:37:56 [BESTIARY] §f                   §r§8+§r§a3 Kuudra Berserker §r§c❁ Strength
18:37:56 [BESTIARY] §f                      §r§8+§r§62% §r§aKuudra Berserker §r§7coins
18:37:56 [BESTIARY] §f                    §r§8+§r§a50% §r§7chance for extra XP orbs
18:37:56 [BESTIARY] §f                               §r§8+§r§b1 SkyBlock XP
18:37:56 [BESTIARY] 
18:37:56 [BESTIARY] §3§l▬▬▬▬▬▬▬▬▬▬▬▬▬▬▬▬▬▬▬▬▬▬▬▬▬▬▬▬▬▬▬▬▬▬▬▬▬▬▬▬▬▬▬▬▬▬▬▬▬▬▬▬▬▬▬▬▬▬▬▬▬▬▬▬
18:38:20 [BESTIARY] §f                                  §6§lBESTIARY
18:38:20 [BESTIARY] §f                      §b§lKuudra Knocker §7§8VIII §8➡§b §bIX
18:38:20 [BESTIARY] 
18:38:20 [BESTIARY] §f                                  §r§6§lREWARDS
18:38:20 [BESTIARY] §f                    §r§8+§r§a3 Kuudra Knocker §r§b✯ Magic Find
18:38:20 [BESTIARY] §f                     §r§8+§r§a3 Kuudra Knocker §r§c❁ Strength
18:38:20 [BESTIARY] §f                        §r§8+§r§62% §r§aKuudra Knocker §r§7coins
18:38:20 [BESTIARY] §f                    §r§8+§r§a50% §r§7chance for extra XP orbs
18:38:20 [BESTIARY] §f                               §r§8+§r§b1 SkyBlock XP
18:38:20 [BESTIARY] 
18:38:20 [BESTIARY] §3§l▬▬▬▬▬▬▬▬▬▬▬▬▬▬▬▬▬▬▬▬▬▬▬▬▬▬▬▬▬▬▬▬▬▬▬▬▬▬▬▬▬▬▬▬▬▬▬▬▬▬▬▬▬▬▬▬▬▬▬▬▬▬▬▬
18:38:26 [BESTIARY] §f                                  §6§lBESTIARY
18:38:26 [BESTIARY] §f                     §b§lInferno Magma Cube §7§8IX §8➡§b §bX
18:38:26 [BESTIARY] 
18:38:26 [BESTIARY] §f                                  §r§6§lREWARDS
18:38:26 [BESTIARY] §f                 §r§8+§r§a3 Inferno Magma Cube §r§b✯ Magic Find
18:38:26 [BESTIARY] §f                  §r§8+§r§a3 Inferno Magma Cube §r§c❁ Strength
18:38:26 [BESTIARY] §f                     §r§8+§r§62% §r§aInferno Magma Cube §r§7coins
18:38:26 [BESTIARY] §f                    §r§8+§r§a50% §r§7chance for extra XP orbs
18:38:26 [BESTIARY] §f                               §r§8+§r§b1 SkyBlock XP
18:38:26 [BESTIARY] 
18:38:26 [BESTIARY]   §r§f                         §6§lBESTIARY MILESTONE
18:38:26 [BESTIARY]   §r§f                               §8CXLVIII➡§eCXLIX
18:38:26 [BESTIARY] 
18:38:26 [BESTIARY] §3§l▬▬▬▬▬▬▬▬▬▬▬▬▬▬▬▬▬▬▬▬▬▬▬▬▬▬▬▬▬▬▬▬▬▬▬▬▬▬▬▬▬▬▬▬▬▬▬▬▬▬▬▬▬▬▬▬▬▬▬▬▬▬▬▬
18:38:56 [BESTIARY] §f                                  §6§lBESTIARY
18:38:56 [BESTIARY] §f                        §b§lWandering Blaze §7§8IV §8➡§b §bV
18:38:56 [BESTIARY] 
18:38:56 [BESTIARY] §f                                  §r§6§lREWARDS
18:38:56 [BESTIARY] §f                    §r§8+§r§a2 Wandering Blaze §r§b✯ Magic Find
18:38:56 [BESTIARY] §f                     §r§8+§r§a2 Wandering Blaze §r§c❁ Strength
18:38:56 [BESTIARY] §f                        §r§8+§r§62% §r§aWandering Blaze §r§7coins
18:38:56 [BESTIARY] §f                    §r§8+§r§a50% §r§7chance for extra XP orbs
18:38:56 [BESTIARY] §f                               §r§8+§r§b1 SkyBlock XP
18:38:56 [BESTIARY] 
18:38:56 [BESTIARY] §3§l▬▬▬▬▬▬▬▬▬▬▬▬▬▬▬▬▬▬▬▬▬▬▬▬▬▬▬▬▬▬▬▬▬▬▬▬▬▬▬▬▬▬▬▬▬▬▬▬▬▬▬▬▬▬▬▬▬▬▬▬▬▬▬▬
18:38:56 [BESTIARY] §f                                  §6§lBESTIARY
18:38:56 [BESTIARY] §f                        §b§lWandering Blaze §7§8V §8➡§b §bVI
18:38:56 [BESTIARY] 
18:38:56 [BESTIARY] §f                                  §r§6§lREWARDS
18:38:56 [BESTIARY] §f                    §r§8+§r§a3 Wandering Blaze §r§b✯ Magic Find
18:38:56 [BESTIARY] §f                     §r§8+§r§a3 Wandering Blaze §r§c❁ Strength
18:38:56 [BESTIARY] §f                        §r§8+§r§62% §r§aWandering Blaze §r§7coins
18:38:56 [BESTIARY] §f                    §r§8+§r§a50% §r§7chance for extra XP orbs
18:38:56 [BESTIARY] §f                               §r§8+§r§b1 SkyBlock XP
18:38:56 [BESTIARY] 
18:38:56 [BESTIARY] §3§l▬▬▬▬▬▬▬▬▬▬▬▬▬▬▬▬▬▬▬▬▬▬▬▬▬▬▬▬▬▬▬▬▬▬▬▬▬▬▬▬▬▬▬▬▬▬▬▬▬▬▬▬▬▬▬▬▬▬▬▬▬▬▬▬
18:38:56 [BESTIARY] §f                                  §6§lBESTIARY
18:38:56 [BESTIARY] §f                       §b§lWandering Blaze §7§8VI §8➡§b §bVII
18:38:56 [BESTIARY] 
18:38:56 [BESTIARY] §f                                  §r§6§lREWARDS
18:38:56 [BESTIARY] §f                    §r§8+§r§a3 Wandering Blaze §r§b✯ Magic Find
18:38:56 [BESTIARY] §f                     §r§8+§r§a3 Wandering Blaze §r§c❁ Strength
18:38:56 [BESTIARY] §f                        §r§8+§r§62% §r§aWandering Blaze §r§7coins
18:38:56 [BESTIARY] §f                    §r§8+§r§a50% §r§7chance for extra XP orbs
18:38:56 [BESTIARY] §f                               §r§8+§r§b1 SkyBlock XP
18:38:56 [BESTIARY] 
18:38:56 [BESTIARY] §3§l▬▬▬▬▬▬▬▬▬▬▬▬▬▬▬▬▬▬▬▬▬▬▬▬▬▬▬▬▬▬▬▬▬▬▬▬▬▬▬▬▬▬▬▬▬▬▬▬▬▬▬▬▬▬▬▬▬▬▬▬▬▬▬▬
18:39:45 [BESTIARY] §f                                  §6§lBESTIARY
18:39:45 [BESTIARY] §f                      §b§lKuudra Landmine §7§8VIII §8➡§b §bIX
18:39:45 [BESTIARY] 
18:39:45 [BESTIARY] §f                                  §r§6§lREWARDS
18:39:45 [BESTIARY] §f                   §r§8+§r§a3 Kuudra Landmine §r§b✯ Magic Find
18:39:45 [BESTIARY] §f                    §r§8+§r§a3 Kuudra Landmine §r§c❁ Strength
18:39:45 [BESTIARY] §f                       §r§8+§r§62% §r§aKuudra Landmine §r§7coins
18:39:45 [BESTIARY] §f                    §r§8+§r§a50% §r§7chance for extra XP orbs
18:39:45 [BESTIARY] §f                               §r§8+§r§b1 SkyBlock XP
18:39:45 [BESTIARY] 
18:39:45 [BESTIARY] §3§l▬▬▬▬▬▬▬▬▬▬▬▬▬▬▬▬▬▬▬▬▬▬▬▬▬▬▬▬▬▬▬▬▬▬▬▬▬▬▬▬▬▬▬▬▬▬▬▬▬▬▬▬▬▬▬▬▬▬▬▬▬▬▬▬
18:39:48 [BESTIARY] §f                                  §6§lBESTIARY
18:39:48 [BESTIARY] §f                       §b§lKuudra Slasher §7§8II §8➡§b §bIII
18:39:48 [BESTIARY] 
18:39:48 [BESTIARY] §f                                  §r§6§lREWARDS
18:39:48 [BESTIARY] §f                    §r§8+§r§a2 Kuudra Slasher §r§b✯ Magic Find
18:39:48 [BESTIARY] §f                     §r§8+§r§a2 Kuudra Slasher §r§c❁ Strength
18:39:48 [BESTIARY] §f                        §r§8+§r§62% §r§aKuudra Slasher §r§7coins
18:39:48 [BESTIARY] §f                    §r§8+§r§a50% §r§7chance for extra XP orbs
18:39:48 [BESTIARY] §f                               §r§8+§r§b1 SkyBlock XP
18:39:48 [BESTIARY] 
18:39:48 [BESTIARY] §3§l▬▬▬▬▬▬▬▬▬▬▬▬▬▬▬▬▬▬▬▬▬▬▬▬▬▬▬▬▬▬▬▬▬▬▬▬▬▬▬▬▬▬▬▬▬▬▬▬▬▬▬▬▬▬▬▬▬▬▬▬▬▬▬▬
18:46:25 [HOPPITY_EGG] §cYou have already collected this Chocolate Dinner Egg§r§c! Try again when it respawns!
18:46:30 [HOPPITY_EGG] §cYou have already collected this Chocolate Dinner Egg§r§c! Try again when it respawns!
18:46:30 [HOPPITY_EGG] §cYou have already collected this Chocolate Dinner Egg§r§c! Try again when it respawns!
18:46:31 [HOPPITY_EGG] §cYou have already collected this Chocolate Dinner Egg§r§c! Try again when it respawns!
18:46:31 [HOPPITY_EGG] §cYou have already collected this Chocolate Dinner Egg§r§c! Try again when it respawns!
18:46:39 [HOPPITY_EGG] §cYou have already collected this Chocolate Dinner Egg§r§c! Try again when it respawns!
18:46:40 [HOPPITY_EGG] §cYou have already collected this Chocolate Dinner Egg§r§c! Try again when it respawns!
18:46:40 [HOPPITY_EGG] §cYou have already collected this Chocolate Dinner Egg§r§c! Try again when it respawns!
18:48:20 [BESTIARY] §f                                  §6§lBESTIARY
18:48:20 [BESTIARY] §f                     §b§lKuudra Follower §7§8VII §8➡§b §bVIII
18:48:20 [BESTIARY] 
18:48:20 [BESTIARY] §f                                  §r§6§lREWARDS
18:48:20 [BESTIARY] §f                    §r§8+§r§a3 Kuudra Follower §r§b✯ Magic Find
18:48:20 [BESTIARY] §f                    §r§8+§r§a3 Kuudra Follower §r§c❁ Strength
18:48:20 [BESTIARY] §f                        §r§8+§r§62% §r§aKuudra Follower §r§7coins
18:48:20 [BESTIARY] §f                    §r§8+§r§a50% §r§7chance for extra XP orbs
18:48:20 [BESTIARY] §f                               §r§8+§r§b1 SkyBlock XP
18:48:20 [BESTIARY] 
18:48:20 [BESTIARY] §3§l▬▬▬▬▬▬▬▬▬▬▬▬▬▬▬▬▬▬▬▬▬▬▬▬▬▬▬▬▬▬▬▬▬▬▬▬▬▬▬▬▬▬▬▬▬▬▬▬▬▬▬▬▬▬▬▬▬▬▬▬▬▬▬▬
18:49:36 [BESTIARY] §f                                  §6§lBESTIARY
18:49:36 [BESTIARY] §f                             §b§lBlight §7§8VII §8➡§b §bVIII
18:49:36 [BESTIARY] 
18:49:36 [BESTIARY] §f                                  §r§6§lREWARDS
18:49:36 [BESTIARY] §f                           §r§8+§r§a3 Blight §r§b✯ Magic Find
18:49:36 [BESTIARY] §f                           §r§8+§r§a3 Blight §r§c❁ Strength
18:49:36 [BESTIARY] §f                               §r§8+§r§62% §r§aBlight §r§7coins
18:49:36 [BESTIARY] §f                    §r§8+§r§a50% §r§7chance for extra XP orbs
18:49:36 [BESTIARY] §f                               §r§8+§r§b1 SkyBlock XP
18:49:36 [BESTIARY] 
18:49:36 [BESTIARY] §3§l▬▬▬▬▬▬▬▬▬▬▬▬▬▬▬▬▬▬▬▬▬▬▬▬▬▬▬▬▬▬▬▬▬▬▬▬▬▬▬▬▬▬▬▬▬▬▬▬▬▬▬▬▬▬▬▬▬▬▬▬▬▬▬▬
18:50:05 [BESTIARY] §f                                  §6§lBESTIARY
18:50:05 [BESTIARY] §f                        §b§lKuudra Knocker §7§8IX §8➡§b §bX
18:50:05 [BESTIARY] 
18:50:05 [BESTIARY] §f                                  §r§6§lREWARDS
18:50:05 [BESTIARY] §f                    §r§8+§r§a3 Kuudra Knocker §r§b✯ Magic Find
18:50:05 [BESTIARY] §f                     §r§8+§r§a3 Kuudra Knocker §r§c❁ Strength
18:50:05 [BESTIARY] §f                        §r§8+§r§62% §r§aKuudra Knocker §r§7coins
18:50:05 [BESTIARY] §f                    §r§8+§r§a50% §r§7chance for extra XP orbs
18:50:05 [BESTIARY] §f                               §r§8+§r§b1 SkyBlock XP
18:50:05 [BESTIARY] 
18:50:05 [BESTIARY] §3§l▬▬▬▬▬▬▬▬▬▬▬▬▬▬▬▬▬▬▬▬▬▬▬▬▬▬▬▬▬▬▬▬▬▬▬▬▬▬▬▬▬▬▬▬▬▬▬▬▬▬▬▬▬▬▬▬▬▬▬▬▬▬▬▬
18:51:02 [BESTIARY] §f                                  §6§lBESTIARY
18:51:02 [BESTIARY] §f                      §b§lWandering Blaze §7§8VII §8➡§b §bVIII
18:51:02 [BESTIARY] 
18:51:02 [BESTIARY] §f                                  §r§6§lREWARDS
18:51:02 [BESTIARY] §f                    §r§8+§r§a3 Wandering Blaze §r§b✯ Magic Find
18:51:02 [BESTIARY] §f                     §r§8+§r§a3 Wandering Blaze §r§c❁ Strength
18:51:02 [BESTIARY] §f                        §r§8+§r§62% §r§aWandering Blaze §r§7coins
18:51:02 [BESTIARY] §f                    §r§8+§r§a50% §r§7chance for extra XP orbs
18:51:02 [BESTIARY] §f                               §r§8+§r§b1 SkyBlock XP
18:51:02 [BESTIARY] 
18:51:02 [BESTIARY] §3§l▬▬▬▬▬▬▬▬▬▬▬▬▬▬▬▬▬▬▬▬▬▬▬▬▬▬▬▬▬▬▬▬▬▬▬▬▬▬▬▬▬▬▬▬▬▬▬▬▬▬▬▬▬▬▬▬▬▬▬▬▬▬▬▬
18:51:05 [BESTIARY] §f                                  §6§lBESTIARY
18:51:05 [BESTIARY] §f                      §b§lWandering Blaze §7§8VIII §8➡§b §bIX
18:51:05 [BESTIARY] 
18:51:05 [BESTIARY] §f                                  §r§6§lREWARDS
18:51:05 [BESTIARY] §f                    §r§8+§r§a3 Wandering Blaze §r§b✯ Magic Find
18:51:05 [BESTIARY] §f                     §r§8+§r§a3 Wandering Blaze §r§c❁ Strength
18:51:05 [BESTIARY] §f                        §r§8+§r§62% §r§aWandering Blaze §r§7coins
18:51:05 [BESTIARY] §f                    §r§8+§r§a50% §r§7chance for extra XP orbs
18:51:05 [BESTIARY] §f                               §r§8+§r§b1 SkyBlock XP
18:51:05 [BESTIARY] 
18:51:05 [BESTIARY]   §r§f                         §6§lBESTIARY MILESTONE
18:51:05 [BESTIARY]   §r§f                                  §8CXLIX➡§eCL
18:51:05 [BESTIARY] 
18:51:05 [BESTIARY] §3§l▬▬▬▬▬▬▬▬▬▬▬▬▬▬▬▬▬▬▬▬▬▬▬▬▬▬▬▬▬▬▬▬▬▬▬▬▬▬▬▬▬▬▬▬▬▬▬▬▬▬▬▬▬▬▬▬▬▬▬▬▬▬▬▬
18:54:27 [BESTIARY] §f                                  §6§lBESTIARY
18:54:27 [BESTIARY] §f                       §b§lKuudra Landmine §7§8IX §8➡§b §bX
18:54:27 [BESTIARY] 
18:54:27 [BESTIARY] §f                                  §r§6§lREWARDS
18:54:27 [BESTIARY] §f                   §r§8+§r§a3 Kuudra Landmine §r§b✯ Magic Find
18:54:27 [BESTIARY] §f                    §r§8+§r§a3 Kuudra Landmine §r§c❁ Strength
18:54:27 [BESTIARY] §f                       §r§8+§r§62% §r§aKuudra Landmine §r§7coins
18:54:27 [BESTIARY] §f                    §r§8+§r§a50% §r§7chance for extra XP orbs
18:54:27 [BESTIARY] §f                               §r§8+§r§b1 SkyBlock XP
18:54:27 [BESTIARY] 
18:54:27 [BESTIARY] §3§l▬▬▬▬▬▬▬▬▬▬▬▬▬▬▬▬▬▬▬▬▬▬▬▬▬▬▬▬▬▬▬▬▬▬▬▬▬▬▬▬▬▬▬▬▬▬▬▬▬▬▬▬▬▬▬▬▬▬▬▬▬▬▬▬
18:54:54 [BESTIARY] §f                                  §6§lBESTIARY
18:54:54 [BESTIARY] §f                      §b§lKuudra Follower §7§8VIII §8➡§b §bIX
18:54:54 [BESTIARY] 
18:54:54 [BESTIARY] §f                                  §r§6§lREWARDS
18:54:54 [BESTIARY] §f                    §r§8+§r§a3 Kuudra Follower §r§b✯ Magic Find
18:54:54 [BESTIARY] §f                    §r§8+§r§a3 Kuudra Follower §r§c❁ Strength
18:54:54 [BESTIARY] §f                        §r§8+§r§62% §r§aKuudra Follower §r§7coins
18:54:54 [BESTIARY] §f                    §r§8+§r§a50% §r§7chance for extra XP orbs
18:54:54 [BESTIARY] §f                               §r§8+§r§b1 SkyBlock XP
18:54:54 [BESTIARY] 
18:54:54 [BESTIARY] §3§l▬▬▬▬▬▬▬▬▬▬▬▬▬▬▬▬▬▬▬▬▬▬▬▬▬▬▬▬▬▬▬▬▬▬▬▬▬▬▬▬▬▬▬▬▬▬▬▬▬▬▬▬▬▬▬▬▬▬▬▬▬▬▬▬
18:55:01 [BESTIARY] §f                                  §6§lBESTIARY
18:55:01 [BESTIARY] §f                          §b§lExplosive Imp §7§8X §8➡§b §bXI
18:55:01 [BESTIARY] 
18:55:01 [BESTIARY] §f                                  §r§6§lREWARDS
18:55:01 [BESTIARY] §f                      §r§8+§r§a4 Explosive Imp §r§b✯ Magic Find
18:55:01 [BESTIARY] §f                      §r§8+§r§a4 Explosive Imp §r§c❁ Strength
18:55:01 [BESTIARY] §f                          §r§8+§r§62% §r§aExplosive Imp §r§7coins
18:55:01 [BESTIARY] §f                    §r§8+§r§a50% §r§7chance for extra XP orbs
18:55:01 [BESTIARY] §f                               §r§8+§r§b1 SkyBlock XP
18:55:01 [BESTIARY] 
18:55:01 [BESTIARY] §3§l▬▬▬▬▬▬▬▬▬▬▬▬▬▬▬▬▬▬▬▬▬▬▬▬▬▬▬▬▬▬▬▬▬▬▬▬▬▬▬▬▬▬▬▬▬▬▬▬▬▬▬▬▬▬▬▬▬▬▬▬▬▬▬▬
18:55:01 [BESTIARY] §f                                  §6§lBESTIARY
18:55:01 [BESTIARY] §f                    §b§lKuudra Berserker §7§8VII §8➡§b §bVIII
18:55:01 [BESTIARY] 
18:55:01 [BESTIARY] §f                                  §r§6§lREWARDS
18:55:01 [BESTIARY] §f                  §r§8+§r§a3 Kuudra Berserker §r§b✯ Magic Find
18:55:01 [BESTIARY] §f                   §r§8+§r§a3 Kuudra Berserker §r§c❁ Strength
18:55:01 [BESTIARY] §f                      §r§8+§r§62% §r§aKuudra Berserker §r§7coins
18:55:01 [BESTIARY] §f                    §r§8+§r§a50% §r§7chance for extra XP orbs
18:55:01 [BESTIARY] §f                               §r§8+§r§b1 SkyBlock XP
18:55:01 [BESTIARY] 
18:55:01 [BESTIARY] §3§l▬▬▬▬▬▬▬▬▬▬▬▬▬▬▬▬▬▬▬▬▬▬▬▬▬▬▬▬▬▬▬▬▬▬▬▬▬▬▬▬▬▬▬▬▬▬▬▬▬▬▬▬▬▬▬▬▬▬▬▬▬▬▬▬
18:56:13 [SKYMALL] §bNew day! §r§eYour §r§2Sky Mall §r§ebuff changed!
18:56:13 [SKYMALL] §eNew buff§r§r§r: §r§f§r§a10x §r§fchance to find Golden and Diamond Goblins.
18:56:13 [SKYMALL] §8§oYou can disable this messaging by toggling Sky Mall in your /hotm!
18:59:59 [BESTIARY] §f                                  §6§lBESTIARY
18:59:59 [BESTIARY] §f                     §b§lInferno Magma Cube §7§8X §8➡§b §bXI
18:59:59 [BESTIARY] 
18:59:59 [BESTIARY] §f                                  §r§6§lREWARDS
18:59:59 [BESTIARY] §f                 §r§8+§r§a4 Inferno Magma Cube §r§b✯ Magic Find
18:59:59 [BESTIARY] §f                  §r§8+§r§a4 Inferno Magma Cube §r§c❁ Strength
18:59:59 [BESTIARY] §f                     §r§8+§r§62% §r§aInferno Magma Cube §r§7coins
18:59:59 [BESTIARY] §f                    §r§8+§r§a50% §r§7chance for extra XP orbs
18:59:59 [BESTIARY] §f                               §r§8+§r§b1 SkyBlock XP
18:59:59 [BESTIARY] 
18:59:59 [BESTIARY] §3§l▬▬▬▬▬▬▬▬▬▬▬▬▬▬▬▬▬▬▬▬▬▬▬▬▬▬▬▬▬▬▬▬▬▬▬▬▬▬▬▬▬▬▬▬▬▬▬▬▬▬▬▬▬▬▬▬▬▬▬▬▬▬▬▬
19:01:12 [BESTIARY] §f                                  §6§lBESTIARY
19:01:12 [BESTIARY] §f                              §b§lBlight §7§8VIII §8➡§b §bIX
19:01:12 [BESTIARY] 
19:01:12 [BESTIARY] §f                                  §r§6§lREWARDS
19:01:12 [BESTIARY] §f                           §r§8+§r§a3 Blight §r§b✯ Magic Find
19:01:12 [BESTIARY] §f                           §r§8+§r§a3 Blight §r§c❁ Strength
19:01:12 [BESTIARY] §f                               §r§8+§r§62% §r§aBlight §r§7coins
19:01:12 [BESTIARY] §f                    §r§8+§r§a50% §r§7chance for extra XP orbs
19:01:12 [BESTIARY] §f                               §r§8+§r§b1 SkyBlock XP
19:01:12 [BESTIARY] 
19:01:12 [BESTIARY] §3§l▬▬▬▬▬▬▬▬▬▬▬▬▬▬▬▬▬▬▬▬▬▬▬▬▬▬▬▬▬▬▬▬▬▬▬▬▬▬▬▬▬▬▬▬▬▬▬▬▬▬▬▬▬▬▬▬▬▬▬▬▬▬▬▬
19:07:02 [BESTIARY] §f                                  §6§lBESTIARY
19:07:02 [BESTIARY] §f                        §b§lWither Spectre §7§8VI §8➡§b §bVII
19:07:02 [BESTIARY] 
19:07:02 [BESTIARY] §f                                  §r§6§lREWARDS
19:07:02 [BESTIARY] §f                     §r§8+§r§a3 Wither Spectre §r§b✯ Magic Find
19:07:02 [BESTIARY] §f                     §r§8+§r§a3 Wither Spectre §r§c❁ Strength
19:07:02 [BESTIARY] §f                         §r§8+§r§62% §r§aWither Spectre §r§7coins
19:07:02 [BESTIARY] §f                    §r§8+§r§a50% §r§7chance for extra XP orbs
19:07:02 [BESTIARY] §f                               §r§8+§r§b1 SkyBlock XP
19:07:02 [BESTIARY] 
19:07:02 [BESTIARY] §3§l▬▬▬▬▬▬▬▬▬▬▬▬▬▬▬▬▬▬▬▬▬▬▬▬▬▬▬▬▬▬▬▬▬▬▬▬▬▬▬▬▬▬▬▬▬▬▬▬▬▬▬▬▬▬▬▬▬▬▬▬▬▬▬▬
19:08:49 [BESTIARY] §f                                  §6§lBESTIARY
19:08:49 [BESTIARY] §f                       §b§lWither Spectre §7§8VII §8➡§b §bVIII
19:08:49 [BESTIARY] 
19:08:49 [BESTIARY] §f                                  §r§6§lREWARDS
19:08:49 [BESTIARY] §f                     §r§8+§r§a3 Wither Spectre §r§b✯ Magic Find
19:08:49 [BESTIARY] §f                     §r§8+§r§a3 Wither Spectre §r§c❁ Strength
19:08:49 [BESTIARY] §f                         §r§8+§r§62% §r§aWither Spectre §r§7coins
19:08:49 [BESTIARY] §f                    §r§8+§r§a50% §r§7chance for extra XP orbs
19:08:49 [BESTIARY] §f                               §r§8+§r§b1 SkyBlock XP
19:08:49 [BESTIARY] 
19:08:49 [BESTIARY] §3§l▬▬▬▬▬▬▬▬▬▬▬▬▬▬▬▬▬▬▬▬▬▬▬▬▬▬▬▬▬▬▬▬▬▬▬▬▬▬▬▬▬▬▬▬▬▬▬▬▬▬▬▬▬▬▬▬▬▬▬▬▬▬▬▬
19:11:58 [BESTIARY] §f                                  §6§lBESTIARY
19:11:58 [BESTIARY] §f                       §b§lWither Spectre §7§8VIII §8➡§b §bIX
19:11:58 [BESTIARY] 
19:11:58 [BESTIARY] §f                                  §r§6§lREWARDS
19:11:58 [BESTIARY] §f                     §r§8+§r§a3 Wither Spectre §r§b✯ Magic Find
19:11:58 [BESTIARY] §f                     §r§8+§r§a3 Wither Spectre §r§c❁ Strength
19:11:58 [BESTIARY] §f                         §r§8+§r§62% §r§aWither Spectre §r§7coins
19:11:58 [BESTIARY] §f                    §r§8+§r§a50% §r§7chance for extra XP orbs
19:11:58 [BESTIARY] §f                               §r§8+§r§b1 SkyBlock XP
19:11:58 [BESTIARY] 
19:11:58 [BESTIARY] §3§l▬▬▬▬▬▬▬▬▬▬▬▬▬▬▬▬▬▬▬▬▬▬▬▬▬▬▬▬▬▬▬▬▬▬▬▬▬▬▬▬▬▬▬▬▬▬▬▬▬▬▬▬▬▬▬▬▬▬▬▬▬▬▬▬
19:13:24 [BESTIARY] §f                                  §6§lBESTIARY
19:13:24 [BESTIARY] §f                        §b§lWither Skeleton §7§8X §8➡§b §bXI
19:13:24 [BESTIARY] 
19:13:24 [BESTIARY] §f                                  §r§6§lREWARDS
19:13:24 [BESTIARY] §f                    §r§8+§r§a4 Wither Skeleton §r§b✯ Magic Find
19:13:24 [BESTIARY] §f                     §r§8+§r§a4 Wither Skeleton §r§c❁ Strength
19:13:24 [BESTIARY] §f                        §r§8+§r§62% §r§aWither Skeleton §r§7coins
19:13:24 [BESTIARY] §f                    §r§8+§r§a50% §r§7chance for extra XP orbs
19:13:24 [BESTIARY] §f                               §r§8+§r§b1 SkyBlock XP
19:13:24 [BESTIARY] 
19:13:24 [BESTIARY]   §r§f                         §6§lBESTIARY MILESTONE
19:13:24 [BESTIARY]   §r§f                                    §8CL➡§eCLI
19:13:24 [BESTIARY] 
19:13:24 [BESTIARY] §3§l▬▬▬▬▬▬▬▬▬▬▬▬▬▬▬▬▬▬▬▬▬▬▬▬▬▬▬▬▬▬▬▬▬▬▬▬▬▬▬▬▬▬▬▬▬▬▬▬▬▬▬▬▬▬▬▬▬▬▬▬▬▬▬▬
19:15:02 [SKYMALL] §bNew day! §r§eYour §r§2Sky Mall §r§ebuff changed!
19:15:02 [SKYMALL] §eNew buff§r§r§r: §r§f§r§a-20%§r§f Pickaxe Ability cooldowns.
19:15:02 [SKYMALL] §8§oYou can disable this messaging by toggling Sky Mall in your /hotm!
19:17:24 [BESTIARY] §f                                  §6§lBESTIARY
19:17:24 [BESTIARY] §f                         §b§lWither Spectre §7§8IX §8➡§b §bX
19:17:24 [BESTIARY] 
19:17:24 [BESTIARY] §f                                  §r§6§lREWARDS
19:17:24 [BESTIARY] §f                     §r§8+§r§a3 Wither Spectre §r§b✯ Magic Find
19:17:24 [BESTIARY] §f                     §r§8+§r§a3 Wither Spectre §r§c❁ Strength
19:17:24 [BESTIARY] §f                         §r§8+§r§62% §r§aWither Spectre §r§7coins
19:17:24 [BESTIARY] §f                    §r§8+§r§a50% §r§7chance for extra XP orbs
19:17:24 [BESTIARY] §f                               §r§8+§r§b1 SkyBlock XP
19:17:24 [BESTIARY] 
19:17:24 [BESTIARY] §3§l▬▬▬▬▬▬▬▬▬▬▬▬▬▬▬▬▬▬▬▬▬▬▬▬▬▬▬▬▬▬▬▬▬▬▬▬▬▬▬▬▬▬▬▬▬▬▬▬▬▬▬▬▬▬▬▬▬▬▬▬▬▬▬▬
19:18:59 [BESTIARY] §f                                  §6§lBESTIARY
19:18:59 [BESTIARY] §f                               §b§lVanquisher §7§bI
19:18:59 [BESTIARY] 
19:18:59 [BESTIARY] §f                                  §r§6§lREWARDS
19:18:59 [BESTIARY] §f                       §r§8+§r§a2 §r§5Vanquisher §r§b✯ Magic Find
19:18:59 [BESTIARY] §f                        §r§8+§r§a2 §r§5Vanquisher §r§c❁ Strength
19:18:59 [BESTIARY] §f                           §r§8+§r§62% §r§a§r§5Vanquisher §r§7coins
19:18:59 [BESTIARY] §f                    §r§8+§r§a50% §r§7chance for extra XP orbs
19:18:59 [BESTIARY] §f                               §r§8+§r§b1 SkyBlock XP
19:18:59 [BESTIARY] 
19:18:59 [BESTIARY] §3§l▬▬▬▬▬▬▬▬▬▬▬▬▬▬▬▬▬▬▬▬▬▬▬▬▬▬▬▬▬▬▬▬▬▬▬▬▬▬▬▬▬▬▬▬▬▬▬▬▬▬▬▬▬▬▬▬▬▬▬▬▬▬▬▬
19:22:22 [BESTIARY] §f                                  §6§lBESTIARY
19:22:22 [BESTIARY] §f                              §b§lBlaze §7§8XII §8➡§b §bXIII
19:22:22 [BESTIARY] 
19:22:22 [BESTIARY] §f                                  §r§6§lREWARDS
19:22:22 [BESTIARY] §f                           §r§8+§r§a4 Blaze §r§b✯ Magic Find
19:22:22 [BESTIARY] §f                           §r§8+§r§a4 Blaze §r§c❁ Strength
19:22:22 [BESTIARY] §f                               §r§8+§r§62% §r§aBlaze §r§7coins
19:22:22 [BESTIARY] §f                    §r§8+§r§a50% §r§7chance for extra XP orbs
19:22:22 [BESTIARY] §f                               §r§8+§r§b1 SkyBlock XP
19:22:22 [BESTIARY] 
19:22:22 [BESTIARY] §3§l▬▬▬▬▬▬▬▬▬▬▬▬▬▬▬▬▬▬▬▬▬▬▬▬▬▬▬▬▬▬▬▬▬▬▬▬▬▬▬▬▬▬▬▬▬▬▬▬▬▬▬▬▬▬▬▬▬▬▬▬▬▬▬▬
19:23:36 [BESTIARY] §f                                  §6§lBESTIARY
19:23:36 [BESTIARY] §f                            §b§lVanquisher §7§8I §8➡§b §bII
19:23:36 [BESTIARY] 
19:23:36 [BESTIARY] §f                                  §r§6§lREWARDS
19:23:36 [BESTIARY] §f                       §r§8+§r§a2 §r§5Vanquisher §r§b✯ Magic Find
19:23:36 [BESTIARY] §f                        §r§8+§r§a2 §r§5Vanquisher §r§c❁ Strength
19:23:36 [BESTIARY] §f                           §r§8+§r§62% §r§a§r§5Vanquisher §r§7coins
19:23:36 [BESTIARY] §f                    §r§8+§r§a50% §r§7chance for extra XP orbs
19:23:36 [BESTIARY] §f                               §r§8+§r§b1 SkyBlock XP
19:23:36 [BESTIARY] 
19:23:36 [BESTIARY] §3§l▬▬▬▬▬▬▬▬▬▬▬▬▬▬▬▬▬▬▬▬▬▬▬▬▬▬▬▬▬▬▬▬▬▬▬▬▬▬▬▬▬▬▬▬▬▬▬▬▬▬▬▬▬▬▬▬▬▬▬▬▬▬▬▬
19:24:55 [BESTIARY] §f                                  §6§lBESTIARY
19:24:55 [BESTIARY] §f                           §b§lVanquisher §7§8II §8➡§b §bIII
19:24:55 [BESTIARY] 
19:24:55 [BESTIARY] §f                                  §r§6§lREWARDS
19:24:55 [BESTIARY] §f                       §r§8+§r§a2 §r§5Vanquisher §r§b✯ Magic Find
19:24:55 [BESTIARY] §f                        §r§8+§r§a2 §r§5Vanquisher §r§c❁ Strength
19:24:55 [BESTIARY] §f                           §r§8+§r§62% §r§a§r§5Vanquisher §r§7coins
19:24:55 [BESTIARY] §f                    §r§8+§r§a50% §r§7chance for extra XP orbs
19:24:55 [BESTIARY] §f                               §r§8+§r§b1 SkyBlock XP
19:24:55 [BESTIARY] 
19:24:55 [BESTIARY] §3§l▬▬▬▬▬▬▬▬▬▬▬▬▬▬▬▬▬▬▬▬▬▬▬▬▬▬▬▬▬▬▬▬▬▬▬▬▬▬▬▬▬▬▬▬▬▬▬▬▬▬▬▬▬▬▬▬▬▬▬▬▬▬▬▬
19:33:09 [BESTIARY] §f                                  §6§lBESTIARY
19:33:09 [BESTIARY] §f                         §b§lWither Spectre §7§8X §8➡§b §bXI
19:33:09 [BESTIARY] 
19:33:09 [BESTIARY] §f                                  §r§6§lREWARDS
19:33:09 [BESTIARY] §f                     §r§8+§r§a4 Wither Spectre §r§b✯ Magic Find
19:33:09 [BESTIARY] §f                     §r§8+§r§a4 Wither Spectre §r§c❁ Strength
19:33:09 [BESTIARY] §f                         §r§8+§r§62% §r§aWither Spectre §r§7coins
19:33:09 [BESTIARY] §f                    §r§8+§r§a50% §r§7chance for extra XP orbs
19:33:09 [BESTIARY] §f                               §r§8+§r§b1 SkyBlock XP
19:33:09 [BESTIARY] 
19:33:09 [BESTIARY] §3§l▬▬▬▬▬▬▬▬▬▬▬▬▬▬▬▬▬▬▬▬▬▬▬▬▬▬▬▬▬▬▬▬▬▬▬▬▬▬▬▬▬▬▬▬▬▬▬▬▬▬▬▬▬▬▬▬▬▬▬▬▬▬▬▬
19:35:01 [SKYMALL] §bNew day! §r§eYour §r§2Sky Mall §r§ebuff changed!
19:35:02 [SKYMALL] §eNew buff§r§r§r: §r§f§r§a-20%§r§f Pickaxe Ability cooldowns.
19:35:02 [SKYMALL] §8§oYou can disable this messaging by toggling Sky Mall in your /hotm!
19:38:41 [BESTIARY] §f                                  §6§lBESTIARY
19:38:41 [BESTIARY] §f                             §b§lBlaze §7§8XIII §8➡§b §bXIV
19:38:41 [BESTIARY] 
19:38:41 [BESTIARY] §f                                  §r§6§lREWARDS
19:38:41 [BESTIARY] §f                           §r§8+§r§a4 Blaze §r§b✯ Magic Find
19:38:41 [BESTIARY] §f                           §r§8+§r§a4 Blaze §r§c❁ Strength
19:38:41 [BESTIARY] §f                               §r§8+§r§62% §r§aBlaze §r§7coins
19:38:41 [BESTIARY] §f                    §r§8+§r§a50% §r§7chance for extra XP orbs
19:38:41 [BESTIARY] §f                               §r§8+§r§b1 SkyBlock XP
19:38:41 [BESTIARY] 
19:38:41 [BESTIARY] §3§l▬▬▬▬▬▬▬▬▬▬▬▬▬▬▬▬▬▬▬▬▬▬▬▬▬▬▬▬▬▬▬▬▬▬▬▬▬▬▬▬▬▬▬▬▬▬▬▬▬▬▬▬▬▬▬▬▬▬▬▬▬▬▬▬
19:50:42 [BESTIARY] §f                                  §6§lBESTIARY
19:50:42 [BESTIARY] §f                    §b§lKuudra Berserker §7§8VIII §8➡§b §bIX
19:50:42 [BESTIARY] 
19:50:42 [BESTIARY] §f                                  §r§6§lREWARDS
19:50:42 [BESTIARY] §f                  §r§8+§r§a3 Kuudra Berserker §r§b✯ Magic Find
19:50:42 [BESTIARY] §f                   §r§8+§r§a3 Kuudra Berserker §r§c❁ Strength
19:50:42 [BESTIARY] §f                      §r§8+§r§62% §r§aKuudra Berserker §r§7coins
19:50:42 [BESTIARY] §f                    §r§8+§r§a50% §r§7chance for extra XP orbs
19:50:42 [BESTIARY] §f                               §r§8+§r§b1 SkyBlock XP
19:50:42 [BESTIARY] 
19:50:42 [BESTIARY] §3§l▬▬▬▬▬▬▬▬▬▬▬▬▬▬▬▬▬▬▬▬▬▬▬▬▬▬▬▬▬▬▬▬▬▬▬▬▬▬▬▬▬▬▬▬▬▬▬▬▬▬▬▬▬▬▬▬▬▬▬▬▬▬▬▬
19:54:13 [BESTIARY] §f                                  §6§lBESTIARY
19:54:13 [BESTIARY] §f                       §b§lKuudra Follower §7§8IX §8➡§b §bX
19:54:13 [BESTIARY] 
19:54:13 [BESTIARY] §f                                  §r§6§lREWARDS
19:54:13 [BESTIARY] §f                    §r§8+§r§a3 Kuudra Follower §r§b✯ Magic Find
19:54:13 [BESTIARY] §f                    §r§8+§r§a3 Kuudra Follower §r§c❁ Strength
19:54:13 [BESTIARY] §f                        §r§8+§r§62% §r§aKuudra Follower §r§7coins
19:54:13 [BESTIARY] §f                    §r§8+§r§a50% §r§7chance for extra XP orbs
19:54:13 [BESTIARY] §f                               §r§8+§r§b1 SkyBlock XP
19:54:13 [BESTIARY] 
19:54:13 [BESTIARY] §3§l▬▬▬▬▬▬▬▬▬▬▬▬▬▬▬▬▬▬▬▬▬▬▬▬▬▬▬▬▬▬▬▬▬▬▬▬▬▬▬▬▬▬▬▬▬▬▬▬▬▬▬▬▬▬▬▬▬▬▬▬▬▬▬▬
19:55:01 [SKYMALL] §bNew day! §r§eYour §r§2Sky Mall §r§ebuff changed!
19:55:01 [SKYMALL] §eNew buff§r§r§r: §r§f§r§a-20%§r§f Pickaxe Ability cooldowns.
19:55:01 [SKYMALL] §8§oYou can disable this messaging by toggling Sky Mall in your /hotm!
19:55:45 [BESTIARY] §f                                  §6§lBESTIARY
19:55:45 [BESTIARY] §f                               §b§lBlight §7§8IX §8➡§b §bX
19:55:45 [BESTIARY] 
19:55:45 [BESTIARY] §f                                  §r§6§lREWARDS
19:55:45 [BESTIARY] §f                           §r§8+§r§a3 Blight §r§b✯ Magic Find
19:55:45 [BESTIARY] §f                           §r§8+§r§a3 Blight §r§c❁ Strength
19:55:45 [BESTIARY] §f                               §r§8+§r§62% §r§aBlight §r§7coins
19:55:45 [BESTIARY] §f                    §r§8+§r§a50% §r§7chance for extra XP orbs
19:55:45 [BESTIARY] §f                               §r§8+§r§b1 SkyBlock XP
19:55:45 [BESTIARY] 
19:55:45 [BESTIARY]   §r§f                         §6§lBESTIARY MILESTONE
19:55:45 [BESTIARY]   §r§f                                   §8CLI➡§eCLII
19:55:45 [BESTIARY] 
19:55:45 [BESTIARY] §3§l▬▬▬▬▬▬▬▬▬▬▬▬▬▬▬▬▬▬▬▬▬▬▬▬▬▬▬▬▬▬▬▬▬▬▬▬▬▬▬▬▬▬▬▬▬▬▬▬▬▬▬▬▬▬▬▬▬▬▬▬▬▬▬▬
19:56:07 [BESTIARY] §f                                  §6§lBESTIARY
19:56:07 [BESTIARY] §f                        §b§lKuudra Knocker §7§8X §8➡§b §bXI
19:56:07 [BESTIARY] 
19:56:07 [BESTIARY] §f                                  §r§6§lREWARDS
19:56:07 [BESTIARY] §f                    §r§8+§r§a4 Kuudra Knocker §r§b✯ Magic Find
19:56:07 [BESTIARY] §f                     §r§8+§r§a4 Kuudra Knocker §r§c❁ Strength
19:56:07 [BESTIARY] §f                        §r§8+§r§62% §r§aKuudra Knocker §r§7coins
19:56:07 [BESTIARY] §f                    §r§8+§r§a50% §r§7chance for extra XP orbs
19:56:07 [BESTIARY] §f                               §r§8+§r§b1 SkyBlock XP
19:56:07 [BESTIARY] 
19:56:07 [BESTIARY] §3§l▬▬▬▬▬▬▬▬▬▬▬▬▬▬▬▬▬▬▬▬▬▬▬▬▬▬▬▬▬▬▬▬▬▬▬▬▬▬▬▬▬▬▬▬▬▬▬▬▬▬▬▬▬▬▬▬▬▬▬▬▬▬▬▬
19:57:01 [BESTIARY] §f                                  §6§lBESTIARY
19:57:01 [BESTIARY] §f                        §b§lWandering Blaze §7§8IX §8➡§b §bX
19:57:01 [BESTIARY] 
19:57:01 [BESTIARY] §f                                  §r§6§lREWARDS
19:57:01 [BESTIARY] §f                    §r§8+§r§a3 Wandering Blaze §r§b✯ Magic Find
19:57:01 [BESTIARY] §f                     §r§8+§r§a3 Wandering Blaze §r§c❁ Strength
19:57:01 [BESTIARY] §f                        §r§8+§r§62% §r§aWandering Blaze §r§7coins
19:57:01 [BESTIARY] §f                    §r§8+§r§a50% §r§7chance for extra XP orbs
19:57:01 [BESTIARY] §f                               §r§8+§r§b1 SkyBlock XP
19:57:01 [BESTIARY] 
19:57:01 [BESTIARY] §3§l▬▬▬▬▬▬▬▬▬▬▬▬▬▬▬▬▬▬▬▬▬▬▬▬▬▬▬▬▬▬▬▬▬▬▬▬▬▬▬▬▬▬▬▬▬▬▬▬▬▬▬▬▬▬▬▬▬▬▬▬▬▬▬▬
20:11:27 [BESTIARY] §f                                  §6§lBESTIARY
20:11:27 [BESTIARY] §f                           §b§lMage Outlaw §7§8IV §8➡§b §bV
20:11:27 [BESTIARY] 
20:11:27 [BESTIARY] §f                                  §r§6§lREWARDS
20:11:27 [BESTIARY] §f                     §r§8+§r§a2 §r§5§lMage Outlaw §r§b✯ Magic Find
20:11:27 [BESTIARY] §f                      §r§8+§r§a2 §r§5§lMage Outlaw §r§c❁ Strength
20:11:27 [BESTIARY] §f                         §r§8+§r§62% §r§a§r§5§lMage Outlaw §r§7coins
20:11:27 [BESTIARY] §f                    §r§8+§r§a50% §r§7chance for extra XP orbs
20:11:27 [BESTIARY] §f                               §r§8+§r§b1 SkyBlock XP
20:11:27 [BESTIARY] 
20:11:27 [BESTIARY] §3§l▬▬▬▬▬▬▬▬▬▬▬▬▬▬▬▬▬▬▬▬▬▬▬▬▬▬▬▬▬▬▬▬▬▬▬▬▬▬▬▬▬▬▬▬▬▬▬▬▬▬▬▬▬▬▬▬▬▬▬▬▬▬▬▬
20:15:01 [SKYMALL] §bNew day! §r§eYour §r§2Sky Mall §r§ebuff changed!
20:15:01 [SKYMALL] §eNew buff§r§r§r: §r§fGain §r§6+100⸕ Mining Speed§r§f.
20:15:01 [SKYMALL] §8§oYou can disable this messaging by toggling Sky Mall in your /hotm!
