13:32:59 §e[SkyHanni] §aWeaponsmith §eis visiting your garden!§r
13:32:59 §e[SkyHanni] §aRhys §eis visiting your garden!§r
13:32:59 §e[SkyHanni] §aXalx §eis visiting your garden!§r
13:32:59 §e[SkyHanni] §aStella §eis visiting your garden!§r
13:32:59 §e[SkyHanni] §9Pete §eis visiting your garden!§r
13:33:23 §e[SkyHanni] Click here to share the location of this chocolate egg with the server!§r
13:35:10 §e[SkyHanni] Click here to share the location of this chocolate egg with the server!§r
13:36:58 §c[SkyHanni-0.27]: Caught a IllegalStateException in HoppityAPI at LorenzChatEvent: Unknown meal: Supper§c. Click here to copy the error into the clipboard.§r
13:46:41 §e[SkyHanni] You are close to the Croesus Limit. Please open your chests!§r
13:59:16 §e[SkyHanni] You are close to the Croesus Limit. Please open your chests!§r
14:09:56 §e[SkyHanni] §b+15 SkyBlock XP §7(Boss Collections§7)§b (52/100)§r
14:12:38 §e[SkyHanni] Click here to share the location of this chocolate egg with the server!§r
14:12:49 §e[SkyHanni] Click here to share the location of this chocolate egg with the server!§r
14:18:50 §e[SkyHanni] §eNext egg available in §b1m 59s§e.§r
14:20:50 §c[SkyHanni-0.27]: Caught a IllegalStateException in HoppityEggsManager at LorenzChatEvent: Unknown meal: Brunch§c. Click here to copy the error into the clipboard.§r
14:31:12 §e[SkyHanni] You are close to the Croesus Limit. Please open your chests!§r
14:31:28 §e[SkyHanni] §eNext egg available in §b1m 1s§e.§r
14:31:29 §e[SkyHanni] §eNext egg available in §b1m§e.§r
14:32:30 §c[SkyHanni-0.27]: Caught a IllegalStateException in HoppityEggsManager at LorenzChatEvent: Unknown meal: Supper§c. Click here to copy the error into the clipboard.§r
14:43:35 §e[SkyHanni] You are close to the Croesus Limit. Please open your chests!§r
14:44:27 §e[SkyHanni] §eNext egg available in §b2m 12s§e.§r
14:44:27 §e[SkyHanni] §eNext egg available in §b2m 12s§e.§r
14:45:02 §e[SkyHanni] Click here to share the location of this chocolate egg with the server!§r
14:45:17 §e[SkyHanni] §aWeaponsmith §eis visiting your garden!§r
14:45:17 §e[SkyHanni] §aRhys §eis visiting your garden!§r
14:45:17 §e[SkyHanni] §aXalx §eis visiting your garden!§r
14:45:17 §e[SkyHanni] §aStella §eis visiting your garden!§r
14:45:17 §e[SkyHanni] §9Pete §eis visiting your garden!§r
14:45:35 §e[SkyHanni] §aArthur §eis visiting your garden!§r
14:57:00 §e[SkyHanni] You are close to the Croesus Limit. Please open your chests!§r
15:07:14 §e[SkyHanni] You are close to the Croesus Limit. Please open your chests!§r
15:18:37 §e[SkyHanni] You are close to the Croesus Limit. Please open your chests!§r
15:21:13 §c[SkyHanni-0.27]: Caught a IllegalStateException in HoppityAPI at LorenzChatEvent: Unknown meal: Déjeuner§c. Click here to copy the error into the clipboard.§r
15:31:11 §e[SkyHanni] You are close to the Croesus Limit. Please open your chests!§r
15:35:31 §6§lBESTIARY §r§b§lZombie Commander §7§8XIV §8➡§b §bXV§r
15:41:54 §e[SkyHanni] You are close to the Croesus Limit. Please open your chests!§r
15:51:30 §e[SkyHanni] You are close to the Croesus Limit. Please open your chests!§r
16:00:29 §e[SkyHanni] You are close to the Croesus Limit. Please open your chests!§r
16:02:32 §c[SkyHanni-0.27]: Caught a IllegalStateException in HoppityAPI at LorenzChatEvent: Unknown meal: Brunch§c. Click here to copy the error into the clipboard.§r
16:03:28 §e[SkyHanni] §9Bartender §eis visiting your garden!§r
16:03:28 §e[SkyHanni] §aAndrew §eis visiting your garden!§r
16:03:28 §e[SkyHanni] §aFear Mongerer §eis visiting your garden!§r
16:03:28 §e[SkyHanni] §9Shifty §eis visiting your garden!§r
16:03:28 §e[SkyHanni] §9Gold Forger §eis visiting your garden!§r
16:14:38 §e[SkyHanni] You are close to the Croesus Limit. Please open your chests!§r
16:16:36 §e[SkyHanni] Click here to share the location of this chocolate egg with the server!§r
16:30:08 §e[SkyHanni] You are close to the Croesus Limit. Please open your chests!§r
16:32:31 §c[SkyHanni-0.27]: Caught a IllegalStateException in HoppityEggsManager at LorenzChatEvent: Unknown meal: Supper§c. Click here to copy the error into the clipboard.§r
16:33:41 §e[SkyHanni] Click here to share the location of this chocolate egg with the server!§r
16:44:00 §e[SkyHanni] You are close to the Croesus Limit. Please open your chests!§r
16:44:46 §e[SkyHanni] §eNext egg available in §b1m 53s§e.§r
16:45:36 §e[SkyHanni] Click here to share the location of this chocolate egg with the server!§r
17:01:49 §e[SkyHanni] You are close to the Croesus Limit. Please open your chests!§r
17:05:08 §c[SkyHanni-0.27]: Caught a IllegalStateException in HoppityAPI at LorenzChatEvent: Unknown meal: Déjeuner§c. Click here to copy the error into the clipboard.§r
17:12:33 §e[SkyHanni] Click here to share the location of this chocolate egg with the server!§r
17:12:43 §e[SkyHanni] §eNext egg available in §b8m 6s§e.§r
17:29:43 §e[SkyHanni] Click here to share the location of this chocolate egg with the server!§r
17:31:55 §e[SkyHanni] §eNext egg available in §b34s§e.§r
17:31:56 §e[SkyHanni] §eNext egg available in §b33s§e.§r
17:32:40 §e[SkyHanni] Click here to load 40 more collected egg locations from NEU PV!§r
17:32:40 §e[SkyHanni] Click here to load Trophy Fishing data from NEU PV!§r
17:40:51 §c[SkyHanni-0.27]: Caught a IllegalStateException in HoppityEggsManager at LorenzChatEvent: Unknown meal: Brunch§c. Click here to copy the error into the clipboard.§r
17:43:40 §e[SkyHanni] §eNext egg available in §b2m 59s§e.§r
17:43:41 §e[SkyHanni] §eNext egg available in §b2m 58s§e.§r
17:51:06 §e[SkyHanni] §b+11 SkyBlock XP §7(Accessory Bag§7)§b (68/100)§r
17:52:31 §c[SkyHanni-0.27]: Caught a IllegalStateException in HoppityEggsManager at LorenzChatEvent: Unknown meal: Supper§c. Click here to copy the error into the clipboard.§r
18:00:31 §e[SkyHanni] Click here to share the location of this chocolate egg with the server!§r
18:04:48 §6§lBESTIARY §r§b§lBladesoul §7§8III §8➡§b §bIV§r
18:13:57 §e[SkyHanni] Low on arrows §e(500 left)§r
18:14:27 §e[SkyHanni] Low on arrows §e(470 left)§r
18:15:03 §e[SkyHanni] Low on arrows §e(443 left)§r
18:15:35 §e[SkyHanni] Low on arrows §e(419 left)§r
18:16:44 §e[SkyHanni] Low on arrows §e(408 left)§r
18:17:15 §e[SkyHanni] Low on arrows §e(387 left)§r
18:17:48 §e[SkyHanni] Low on arrows §e(377 left)§r
18:17:48 §6§lBESTIARY §r§b§lAshfang §7§bI§r
18:19:19 §e[SkyHanni] Low on arrows §e(375 left)§r
18:20:00 §e[SkyHanni] Low on arrows §e(347 left)§r
18:20:10 §6§lBESTIARY §r§b§lBarbarian Duke X §7§8III §8➡§b §bIV§r
18:20:52 §c[SkyHanni-0.27]: Caught a IllegalStateException in HoppityEggsManager at LorenzChatEvent: Unknown meal: Brunch§c. Click here to copy the error into the clipboard.§r
18:23:44 §e[SkyHanni] §b+13 SkyBlock XP §7(Mythic Chocolate Rabbits§7)§b (81/100)§r
18:23:44 §e[SkyHanni] Click here to share the location of this chocolate egg with the server!§r
18:24:57 §e[SkyHanni] Low on arrows §e(323 left)§r
18:25:01 §6§lBESTIARY §r§b§lKuudra Follower §7§bI§r
18:25:02 §6§lBESTIARY §r§b§lKuudra Follower §7§8I §8➡§b §bII§r
18:25:02 §6§lBESTIARY §r§b§lKuudra Follower §7§8II §8➡§b §bIII§r
18:25:02 §6§lBESTIARY §r§b§lKuudra Follower §7§8III §8➡§b §bIV§r
18:25:30 §6§lBESTIARY §r§b§lInferno Magma Cube §7§bI§r
18:25:31 §6§lBESTIARY §r§b§lKuudra Landmine §7§bI§r
18:25:31 §6§lBESTIARY §r§b§lKuudra Landmine §7§8I §8➡§b §bII§r
18:25:31 §6§lBESTIARY §r§b§lKuudra Landmine §7§8II §8➡§b §bIII§r
18:25:31 §6§lBESTIARY §r§b§lKuudra Landmine §7§8III §8➡§b §bIV§r
18:25:31 §6§lBESTIARY §r§b§lKuudra Landmine §7§8IV §8➡§b §bV§r
18:25:32 §6§lBESTIARY §r§b§lInferno Magma Cube §7§8I §8➡§b §bII§r
18:25:48 §6§lBESTIARY §r§b§lInferno Magma Cube §7§8II §8➡§b §bIII§r
18:25:48 §6§lBESTIARY §r§b§lKuudra Berserker §7§bI§r
18:25:48 §6§lBESTIARY §r§b§lKuudra Berserker §7§8I §8➡§b §bII§r
18:25:48 §6§lBESTIARY §r§b§lExplosive Imp §7§bI§r
18:25:48 §6§lBESTIARY §r§b§lExplosive Imp §7§8I §8➡§b §bII§r
18:25:48 §6§lBESTIARY §r§b§lExplosive Imp §7§8II §8➡§b §bIII§r
18:25:49 §e[SkyHanni] Low on arrows §e(307 left)§r
18:25:54 §6§lBESTIARY §r§b§lKuudra Follower §7§8IV §8➡§b §bV§r
18:26:03 §6§lBESTIARY §r§b§lInferno Magma Cube §7§8III §8➡§b §bIV§r
18:26:03 §6§lBESTIARY §r§b§lKuudra Berserker §7§8II §8➡§b §bIII§r
18:26:03 §6§lBESTIARY §r§b§lExplosive Imp §7§8III §8➡§b §bIV§r
18:26:03 §6§lBESTIARY §r§b§lKuudra Berserker §7§8III §8➡§b §bIV§r
18:26:03 §6§lBESTIARY §r§b§lKuudra Berserker §7§8IV §8➡§b §bV§r
18:26:05 §6§lBESTIARY §r§b§lExplosive Imp §7§8IV §8➡§b §bV§r
18:26:05 §6§lBESTIARY §r§b§lExplosive Imp §7§8V §8➡§b §bVI§r
18:26:05 §6§lBESTIARY §r§b§lExplosive Imp §7§8VI §8➡§b §bVII§r
18:26:06 §6§lBESTIARY §r§b§lExplosive Imp §7§8VII §8➡§b §bVIII§r
18:26:07 §6§lBESTIARY §r§b§lKuudra Berserker §7§8V §8➡§b §bVI§r
18:26:08 §6§lBESTIARY §r§b§lInferno Magma Cube §7§8IV §8➡§b §bV§r
18:26:12 §6§lBESTIARY §r§b§lKuudra Landmine §7§8V §8➡§b §bVI§r
18:26:12 §6§lBESTIARY §r§b§lBlight §7§bI§r
18:26:12 §6§lBESTIARY §r§b§lBlight §7§8I §8➡§b §bII§r
18:26:14 §6§lBESTIARY §r§b§lBlight §7§8II §8➡§b §bIII§r
18:26:14 §6§lBESTIARY §r§b§lBlight §7§8III §8➡§b §bIV§r
18:26:14 §6§lBESTIARY §r§b§lExplosive Imp §7§8VIII §8➡§b §bIX§r
18:26:26 §e[SkyHanni] Low on arrows §e(258 left)§r
18:27:00 §e[SkyHanni] Low on arrows §e(241 left)§r
18:27:08 §6§lBESTIARY §r§b§lKuudra Knocker §7§bI§r
18:27:08 §6§lBESTIARY §r§b§lKuudra Knocker §7§8I §8➡§b §bII§r
18:27:09 §6§lBESTIARY §r§b§lKuudra Knocker §7§8II §8➡§b §bIII§r
18:27:09 §6§lBESTIARY §r§b§lInferno Magma Cube §7§8V §8➡§b §bVI§r
18:27:09 §6§lBESTIARY §r§b§lKuudra Knocker §7§8III §8➡§b §bIV§r
18:27:09 §6§lBESTIARY §r§b§lKuudra Knocker §7§8IV §8➡§b §bV§r
18:27:10 §6§lBESTIARY §r§b§lBlight §7§8IV §8➡§b §bV§r
18:27:39 §e[SkyHanni] Low on arrows §e(235 left)§r
18:27:45 §6§lBESTIARY §r§b§lKuudra Knocker §7§8V §8➡§b §bVI§r
18:27:45 §6§lBESTIARY §r§b§lWandering Blaze §7§bI§r
18:27:46 §6§lBESTIARY §r§b§lWandering Blaze §7§8I §8➡§b §bII§r
18:27:47 §6§lBESTIARY §r§b§lWandering Blaze §7§8II §8➡§b §bIII§r
18:29:48 §e[SkyHanni] Low on arrows §e(207 left)§r
18:30:47 §6§lBESTIARY §r§b§lKuudra Follower §7§8V §8➡§b §bVI§r
18:30:50 §e[SkyHanni] Low on arrows §e(200 left)§r
18:31:19 §6§lBESTIARY §r§b§lKuudra Knocker §7§8VI §8➡§b §bVII§r
18:31:19 §6§lBESTIARY §r§b§lInferno Magma Cube §7§8VI §8➡§b §bVII§r
18:31:45 §6§lBESTIARY §r§b§lKuudra Landmine §7§8VI §8➡§b §bVII§r
18:31:54 §e[SkyHanni] Low on arrows §e(192 left)§r
18:32:24 §e[SkyHanni] Low on arrows §e(150 left)§r
18:32:38 §6§lBESTIARY §r§b§lKuudra Knocker §7§8VII §8➡§b §bVIII§r
18:32:44 §6§lBESTIARY §r§b§lInferno Magma Cube §7§8VII §8➡§b §bVIII§r
18:32:55 §e[SkyHanni] Low on arrows §e(111 left)§r
18:33:15 §6§lBESTIARY §r§b§lWandering Blaze §7§8III §8➡§b §bIV§r
18:33:21 §6§lBESTIARY §r§b§lKuudra Follower §7§8VI §8➡§b §bVII§r
18:33:23 §6§lBESTIARY §r§b§lKuudra Slasher §7§bI§r
18:33:23 §6§lBESTIARY §r§b§lKuudra Slasher §7§8I §8➡§b §bII§r
18:33:25 §e[SkyHanni] Low on arrows §e(76 left)§r
18:34:03 §e[SkyHanni] Low on arrows §e(58 left)§r
18:34:18 §6§lBESTIARY §r§b§lInferno Magma Cube §7§8VIII §8➡§b §bIX§r
18:36:58 §6§lBESTIARY §r§b§lKuudra Landmine §7§8VII §8➡§b §bVIII§r
18:37:14 §6§lBESTIARY §r§b§lExplosive Imp §7§8IX §8➡§b §bX§r
18:37:39 §6§lBESTIARY §r§b§lBlight §7§8V §8➡§b §bVI§r
18:37:47 §6§lBESTIARY §r§b§lBlight §7§8VI §8➡§b §bVII§r
18:37:56 §6§lBESTIARY §r§b§lKuudra Berserker §7§8VI §8➡§b §bVII§r
18:38:20 §6§lBESTIARY §r§b§lKuudra Knocker §7§8VIII §8➡§b §bIX§r
18:38:26 §6§lBESTIARY §r§b§lInferno Magma Cube §7§8IX §8➡§b §bX§r
18:38:56 §6§lBESTIARY §r§b§lWandering Blaze §7§8IV §8➡§b §bV§r
18:38:56 §6§lBESTIARY §r§b§lWandering Blaze §7§8V §8➡§b §bVI§r
18:38:56 §6§lBESTIARY §r§b§lWandering Blaze §7§8VI §8➡§b §bVII§r
18:39:45 §6§lBESTIARY §r§b§lKuudra Landmine §7§8VIII §8➡§b §bIX§r
18:39:48 §6§lBESTIARY §r§b§lKuudra Slasher §7§8II §8➡§b §bIII§r
18:40:52 §e[SkyHanni] §b+32 SkyBlock XP §7(Defeated Kuudra Basic Tier§7)§b (70/100)§r
18:43:22 §c[SkyHanni-0.27]: Caught a IllegalStateException in HoppityAPI at LorenzChatEvent: Unknown meal: Déjeuner§c. Click here to copy the error into the clipboard.§r
18:46:25 §e[SkyHanni] §eNext egg available in §b14s§e.§r
18:46:30 §e[SkyHanni] §eNext egg available in §b9s§e.§r
18:46:30 §e[SkyHanni] §eNext egg available in §b9s§e.§r
18:46:31 §e[SkyHanni] §eNext egg available in §b8s§e.§r
18:46:31 §e[SkyHanni] §eNext egg available in §b8s§e.§r
18:46:39 §e[SkyHanni] §eNext egg available in §b0.7s§e.§r
18:46:40 §e[SkyHanni] §eNext egg available in §b5m 49s§e.§r
18:46:40 §e[SkyHanni] §eNext egg available in §b5m 49s§e.§r
18:48:20 §6§lBESTIARY §r§b§lKuudra Follower §7§8VII §8➡§b §bVIII§r
18:49:36 §6§lBESTIARY §r§b§lBlight §7§8VII §8➡§b §bVIII§r
18:50:05 §6§lBESTIARY §r§b§lKuudra Knocker §7§8IX §8➡§b §bX§r
18:51:02 §6§lBESTIARY §r§b§lWandering Blaze §7§8VII §8➡§b §bVIII§r
18:51:05 §6§lBESTIARY §r§b§lWandering Blaze §7§8VIII §8➡§b §bIX§r
18:54:27 §6§lBESTIARY §r§b§lKuudra Landmine §7§8IX §8➡§b §bX§r
18:54:54 §6§lBESTIARY §r§b§lKuudra Follower §7§8VIII §8➡§b §bIX§r
18:55:01 §6§lBESTIARY §r§b§lExplosive Imp §7§8X §8➡§b §bXI§r
18:55:01 §6§lBESTIARY §r§b§lKuudra Berserker §7§8VII §8➡§b §bVIII§r
18:55:08 §e[SkyHanni] §fYou were in Limbo for §e4s§f.§r
18:59:59 §6§lBESTIARY §r§b§lInferno Magma Cube §7§8X §8➡§b §bXI§r
19:01:12 §6§lBESTIARY §r§b§lBlight §7§8VIII §8➡§b §bIX§r
19:05:02 §e[SkyHanni] §b+20 SkyBlock XP §7(Skill Level Up§7)§b (1/100)§r
19:06:41 §c[SkyHanni-0.27]: Caught a IllegalStateException in HoppityEggsManager at LorenzChatEvent: Unknown meal: Déjeuner§c. Click here to copy the error into the clipboard.§r
19:07:02 §6§lBESTIARY §r§b§lWither Spectre §7§8VI §8➡§b §bVII§r
19:08:49 §6§lBESTIARY §r§b§lWither Spectre §7§8VII §8➡§b §bVIII§r
19:11:58 §6§lBESTIARY §r§b§lWither Spectre §7§8VIII §8➡§b §bIX§r
19:13:24 §6§lBESTIARY §r§b§lWither Skeleton §7§8X §8➡§b §bXI§r
19:17:24 §6§lBESTIARY §r§b§lWither Spectre §7§8IX §8➡§b §bX§r
19:18:59 §6§lBESTIARY §r§b§lVanquisher §7§bI§r
19:22:22 §6§lBESTIARY §r§b§lBlaze §7§8XII §8➡§b §bXIII§r
19:23:36 §6§lBESTIARY §r§b§lVanquisher §7§8I §8➡§b §bII§r
19:24:55 §6§lBESTIARY §r§b§lVanquisher §7§8II §8➡§b §bIII§r
19:27:28 §e[SkyHanni] §b+9 SkyBlock XP §7(Collections§7)§b (24/100)§r
19:33:09 §6§lBESTIARY §r§b§lWither Spectre §7§8X §8➡§b §bXI§r
19:38:41 §6§lBESTIARY §r§b§lBlaze §7§8XIII §8➡§b §bXIV§r
19:40:51 §c[SkyHanni-0.27]: Caught a IllegalStateException in HoppityEggsManager at LorenzChatEvent: Unknown meal: Brunch§c. Click here to copy the error into the clipboard.§r
19:50:42 §6§lBESTIARY §r§b§lKuudra Berserker §7§8VIII §8➡§b §bIX§r
19:54:13 §6§lBESTIARY §r§b§lKuudra Follower §7§8IX §8➡§b §bX§r
19:55:45 §6§lBESTIARY §r§b§lBlight §7§8IX §8➡§b §bX§r
19:56:07 §6§lBESTIARY §r§b§lKuudra Knocker §7§8X §8➡§b §bXI§r
19:57:01 §6§lBESTIARY §r§b§lWandering Blaze §7§8IX §8➡§b §bX§r
20:11:27 §6§lBESTIARY §r§b§lMage Outlaw §7§8IV §8➡§b §bV§r
20:20:04 §c[SkyHanni-0.27]: Caught a IllegalStateException in HoppityAPI at LorenzChatEvent: Unknown meal: Déjeuner§c. Click here to copy the error into the clipboard.§r
