17:17:53 §f                                  §6§lBESTIARY
17:17:53 §f                        §b§lZombie Lord §7§8XIII §8➡§b §bXIV
17:17:53 
17:17:53 §f                                  §r§6§lREWARDS
17:17:53 §f                      §r§8+§r§a4 Zombie Lord §r§b✯ Magic Find
17:17:53 §f                       §r§8+§r§a4 Zombie Lord §r§c❁ Strength
17:17:53 §f                          §r§8+§r§62% §r§aZombie Lord §r§7coins
17:17:53 §f                    §r§8+§r§a50% §r§7chance for extra XP orbs
17:17:53 §f                               §r§8+§r§b1 SkyBlock XP
17:17:53 
17:17:53 §3§l▬▬▬▬▬▬▬▬▬▬▬▬▬▬▬▬▬▬▬▬▬▬▬▬▬▬▬▬▬▬▬▬▬▬▬▬▬▬▬▬▬▬▬▬▬▬▬▬▬▬▬▬▬▬▬▬▬▬▬▬▬▬▬▬
17:26:29 §f                                  §6§lBESTIARY
17:26:29 §f                              §b§lFels §7§8XXI §8➡§b §bXXII
17:26:29 
17:26:29 §f                                  §r§6§lREWARDS
17:26:29 §f                           §r§8+§r§a6 Fels §r§b✯ Magic Find
17:26:29 §f                            §r§8+§r§a6 Fels §r§c❁ Strength
17:26:29 §f                               §r§8+§r§62% §r§aFels §r§7coins
17:26:29 §f                    §r§8+§r§a50% §r§7chance for extra XP orbs
17:26:29 §f                               §r§8+§r§b1 SkyBlock XP
17:26:29 
17:26:29 §3§l▬▬▬▬▬▬▬▬▬▬▬▬▬▬▬▬▬▬▬▬▬▬▬▬▬▬▬▬▬▬▬▬▬▬▬▬▬▬▬▬▬▬▬▬▬▬▬▬▬▬▬▬▬▬▬▬▬▬▬▬▬▬▬▬
17:27:13 §f                                  §6§lBESTIARY
17:27:13 §f                         §b§lMinos Hunter §7§8XI §8➡§b §bXII
17:27:13 
17:27:13 §f                                  §r§6§lREWARDS
17:27:13 §f                      §r§8+§r§a4 Minos Hunter §r§b✯ Magic Find
17:27:13 §f                       §r§8+§r§a4 Minos Hunter §r§c❁ Strength
17:27:13 §f                          §r§8+§r§62% §r§aMinos Hunter §r§7coins
17:27:13 §f                    §r§8+§r§a50% §r§7chance for extra XP orbs
17:27:13 §f                               §r§8+§r§b1 SkyBlock XP
17:27:13 
17:27:13 §3§l▬▬▬▬▬▬▬▬▬▬▬▬▬▬▬▬▬▬▬▬▬▬▬▬▬▬▬▬▬▬▬▬▬▬▬▬▬▬▬▬▬▬▬▬▬▬▬▬▬▬▬▬▬▬▬▬▬▬▬▬▬▬▬▬
