17:29:37 §eYou received §a11x Enchanted Sugar §efor killing a §2Mosquito§e!
17:29:39 §eYou received §a19x Enchanted Nether Wart §efor killing a §2Beetle§e!
17:29:50 §eYou received §a17x Enchanted Sugar §efor killing a §2Mosquito§e!
17:29:57 §eYou received §a28x Enchanted Sugar §efor killing a §2Mosquito§e!
17:30:04 §eYou received §a13x Enchanted Pumpkin §efor killing a §2Rat§e!
17:30:12 §eYou received §a14x Enchanted Pumpkin §efor killing a §2Rat§e!
17:30:28 §eYou received §a14x Enchanted Pumpkin §efor killing a §2Rat§e!
17:30:41 §eYou received §a28x Enchanted Sugar §efor killing a §2Mosquito§e!
18:09:23 §eYou received §a89x Enchanted Melon §efor killing an §2Earthworm§e!
18:30:36 §eYou received §a54x Enchanted Nether Wart §efor killing a §2Beetle§e!
18:30:45 §eYou received §a19x Enchanted Pumpkin §efor killing a §2Rat§e!
18:30:52 §eYou received §a38x Enchanted Sugar §efor killing a §2Mosquito§e!
18:31:07 §eYou received §a36x Enchanted Cactus Green §efor killing a §2Mite§e!
19:06:52 §eYou received §a54x Enchanted Nether Wart §efor killing a §2Beetle§e!
19:08:51 §eYou received §a37x Enchanted Sugar §efor killing a §2Mosquito§e!
19:16:42 §eYou received §a36x Enchanted Cactus Green §efor killing a §2Mite§e!
19:16:48 §eYou received §a36x Enchanted Cactus Green §efor killing a §2Mite§e!
19:16:49 §eYou received §a18x Enchanted Brown Mushroom §efor killing a §2Slug§e!
19:36:33 §eYou received §a18x Enchanted Wheat §efor killing a §2Fly§e!
20:25:11 §eYou received §a53x Enchanted Cocoa Beans §efor killing a §2Moth§e!
20:25:19 §eYou received §a20x Enchanted Wheat §efor killing a §2Fly§e!
20:25:28 §eYou received §a67x Enchanted Potato §efor killing a §2Locust§e!
20:25:39 §eYou received §a58x Enchanted Nether Wart §efor killing a §2Beetle§e!
20:35:37 §eYou received §a41x Enchanted Sugar §efor killing a §2Mosquito§e!
20:35:47 §eYou received §a67x Enchanted Carrot §efor killing a §2Cricket§e!
