13:48:38 §bNew day! §r§eYour §r§2Sky Mall §r§ebuff changed!
13:48:38 §eNew buff§r§r§r: §r§fGain §r§6+100⸕ Mining Speed§r§f.
13:48:38 §8§oYou can disable this messaging by toggling Sky Mall in your /hotm!
13:55:02 §bNew day! §r§eYour §r§2Sky Mall §r§ebuff changed!
13:55:02 §eNew buff§r§r§r: §r§fGain §r§a5x §r§9Titanium §r§fdrops
13:55:02 §8§oYou can disable this messaging by toggling Sky Mall in your /hotm!
14:15:01 §bNew day! §r§eYour §r§2Sky Mall §r§ebuff changed!
14:15:01 §eNew buff§r§r§r: §r§fGain §r§6+100⸕ Mining Speed§r§f.
14:15:01 §8§oYou can disable this messaging by toggling Sky Mall in your /hotm!
16:06:14 §bNew day! §r§eYour §r§2Sky Mall §r§ebuff changed!
16:06:14 §eNew buff§r§r§r: §r§fGain §r§a+15% §r§fmore Powder while mining.
16:06:14 §8§oYou can disable this messaging by toggling Sky Mall in your /hotm!
16:15:04 §bNew day! §r§eYour §r§2Sky Mall §r§ebuff changed!
16:15:04 §eNew buff§r§r§r: §r§fGain §r§6+50☘ Mining Fortune§r§f.
16:15:04 §8§oYou can disable this messaging by toggling Sky Mall in your /hotm!
16:35:05 §bNew day! §r§eYour §r§2Sky Mall §r§ebuff changed!
16:35:05 §eNew buff§r§r§r: §r§f§r§a-20%§r§f Pickaxe Ability cooldowns.
16:35:05 §8§oYou can disable this messaging by toggling Sky Mall in your /hotm!
16:55:01 §bNew day! §r§eYour §r§2Sky Mall §r§ebuff changed!
16:55:01 §eNew buff§r§r§r: §r§fGain §r§6+50☘ Mining Fortune§r§f.
16:55:01 §8§oYou can disable this messaging by toggling Sky Mall in your /hotm!
17:15:03 §bNew day! §r§eYour §r§2Sky Mall §r§ebuff changed!
17:15:03 §eNew buff§r§r§r: §r§fGain §r§a+15% §r§fmore Powder while mining.
17:15:03 §8§oYou can disable this messaging by toggling Sky Mall in your /hotm!
17:35:01 §bNew day! §r§eYour §r§2Sky Mall §r§ebuff changed!
17:35:01 §eNew buff§r§r§r: §r§f§r§a-20%§r§f Pickaxe Ability cooldowns.
17:35:01 §8§oYou can disable this messaging by toggling Sky Mall in your /hotm!
17:55:01 §bNew day! §r§eYour §r§2Sky Mall §r§ebuff changed!
17:55:01 §eNew buff§r§r§r: §r§fGain §r§a+15% §r§fmore Powder while mining.
17:55:01 §8§oYou can disable this messaging by toggling Sky Mall in your /hotm!
18:15:01 §bNew day! §r§eYour §r§2Sky Mall §r§ebuff changed!
18:15:01 §eNew buff§r§r§r: §r§fGain §r§6+50☘ Mining Fortune§r§f.
18:15:01 §8§oYou can disable this messaging by toggling Sky Mall in your /hotm!
18:35:01 §bNew day! §r§eYour §r§2Sky Mall §r§ebuff changed!
18:35:01 §eNew buff§r§r§r: §r§fGain §r§a+15% §r§fmore Powder while mining.
18:35:01 §8§oYou can disable this messaging by toggling Sky Mall in your /hotm!
18:55:01 §bNew day! §r§eYour §r§2Sky Mall §r§ebuff changed!
18:55:01 §eNew buff§r§r§r: §r§fGain §r§6+50☘ Mining Fortune§r§f.
18:55:01 §8§oYou can disable this messaging by toggling Sky Mall in your /hotm!
19:15:01 §bNew day! §r§eYour §r§2Sky Mall §r§ebuff changed!
19:15:01 §eNew buff§r§r§r: §r§fGain §r§6+100⸕ Mining Speed§r§f.
19:15:01 §8§oYou can disable this messaging by toggling Sky Mall in your /hotm!
19:35:01 §bNew day! §r§eYour §r§2Sky Mall §r§ebuff changed!
19:35:01 §eNew buff§r§r§r: §r§fGain §r§6+100⸕ Mining Speed§r§f.
19:35:01 §8§oYou can disable this messaging by toggling Sky Mall in your /hotm!
19:55:00 §bNew day! §r§eYour §r§2Sky Mall §r§ebuff changed!
19:55:00 §eNew buff§r§r§r: §r§fGain §r§a+15% §r§fmore Powder while mining.
19:55:00 §8§oYou can disable this messaging by toggling Sky Mall in your /hotm!
20:15:01 §bNew day! §r§eYour §r§2Sky Mall §r§ebuff changed!
20:15:01 §eNew buff§r§r§r: §r§fGain §r§a+15% §r§fmore Powder while mining.
20:15:01 §8§oYou can disable this messaging by toggling Sky Mall in your /hotm!
20:35:01 §bNew day! §r§eYour §r§2Sky Mall §r§ebuff changed!
20:35:01 §eNew buff§r§r§r: §r§fGain §r§6+50☘ Mining Fortune§r§f.
20:35:01 §8§oYou can disable this messaging by toggling Sky Mall in your /hotm!
