09:42:36 OptiFine ConnectedTextures
09:42:36 OptiFine ConnectedTextures
09:42:36 OptiFine ConnectedTextures
09:42:36 OptiFine ConnectedTextures
09:42:36 OptiFine ConnectedTextures
09:42:36 OptiFine ConnectedTextures
09:42:36 OptiFine ConnectedTextures
09:42:36 OptiFine ConnectedTextures
09:42:36 OptiFine ConnectedTextures
09:42:36 OptiFine ConnectedTextures
09:42:36 OptiFine ConnectedTextures
09:42:36 OptiFine ConnectedTextures
09:42:36 OptiFine ConnectedTextures
09:42:36 OptiFine ConnectedTextures
09:42:36 OptiFine ConnectedTextures
09:42:36 OptiFine ConnectedTextures
09:42:36 OptiFine ConnectedTextures
09:42:36 OptiFine ConnectedTextures
09:42:36 OptiFine ConnectedTextures
09:42:36 OptiFine ConnectedTextures
09:42:36 OptiFine ConnectedTextures
09:42:36 OptiFine ConnectedTextures
09:42:36 OptiFine ConnectedTextures
09:42:36 OptiFine ConnectedTextures
09:42:36 OptiFine ConnectedTextures
09:42:36 OptiFine ConnectedTextures
09:42:36 OptiFine ConnectedTextures
09:42:36 OptiFine ConnectedTextures
09:42:36 OptiFine ConnectedTextures
09:42:36 OptiFine ConnectedTextures
09:42:36 OptiFine ConnectedTextures
09:42:36 OptiFine ConnectedTextures
09:42:36 OptiFine ConnectedTextures
09:42:36 OptiFine ConnectedTextures
09:42:36 OptiFine ConnectedTextures
09:42:36 OptiFine ConnectedTextures
09:42:36 OptiFine ConnectedTextures
09:42:36 OptiFine ConnectedTextures
09:42:36 OptiFine ConnectedTextures
09:42:36 OptiFine ConnectedTextures
09:42:36 OptiFine ConnectedTextures
09:42:36 OptiFine ConnectedTextures
09:42:36 OptiFine ConnectedTextures
09:42:36 OptiFine ConnectedTextures
09:42:36 OptiFine ConnectedTextures
09:42:36 OptiFine ConnectedTextures
09:42:36 OptiFine ConnectedTextures
09:42:36 OptiFine ConnectedTextures
09:42:36 OptiFine ConnectedTextures
09:42:36 OptiFine ConnectedTextures
09:42:36 OptiFine ConnectedTextures
09:42:36 OptiFine ConnectedTextures
09:42:36 OptiFine ConnectedTextures
09:42:36 OptiFine ConnectedTextures
09:42:36 OptiFine ConnectedTextures
09:42:36 OptiFine ConnectedTextures
09:42:36 OptiFine ConnectedTextures
09:42:36 OptiFine ConnectedTextures
09:42:36 OptiFine ConnectedTextures
09:42:36 OptiFine ConnectedTextures
09:42:36 OptiFine ConnectedTextures
09:42:39 AsmHelper Transforming
09:44:12 AsmHelper Transforming
09:44:12 AsmHelper Applying AsmWriter
10:52:21 Biome ID bounds
10:52:21 Biome ID bounds
10:52:21 Biome ID bounds
10:52:21 Biome ID bounds
10:52:21 Biome ID bounds
10:52:21 Biome ID bounds
10:52:21 Biome ID bounds
10:52:21 Biome ID bounds
10:52:21 Biome ID bounds
10:52:21 Biome ID bounds
10:52:21 Biome ID bounds
10:52:21 Biome ID bounds
10:52:21 Biome ID bounds
10:52:21 Biome ID bounds
10:52:21 Biome ID bounds
10:52:21 Biome ID bounds
10:52:21 Biome ID bounds
10:52:21 Biome ID bounds
10:52:21 Biome ID bounds
10:52:21 Biome ID bounds
10:52:21 Biome ID bounds
10:52:21 Biome ID bounds
10:52:21 Biome ID bounds
10:52:21 Biome ID bounds
10:52:21 Biome ID bounds
10:52:21 Biome ID bounds
10:52:21 Biome ID bounds
10:52:21 Biome ID bounds
10:52:21 Biome ID bounds
10:52:21 Biome ID bounds
10:52:21 Biome ID bounds
10:52:21 Biome ID bounds
10:52:21 Biome ID bounds
10:52:21 Biome ID bounds
10:52:21 Biome ID bounds
11:13:17 Biome ID bounds
11:13:17 Biome ID bounds
11:13:17 Biome ID bounds
11:13:17 Biome ID bounds
11:13:17 Biome ID bounds
11:13:17 Biome ID bounds
11:13:17 Biome ID bounds
11:13:17 Biome ID bounds
11:13:17 Biome ID bounds
11:13:17 Biome ID bounds
11:13:17 Biome ID bounds
11:13:17 Biome ID bounds
11:13:17 Biome ID bounds
12:14:51 Grow BufferBuilder buffer
12:14:51 Grow BufferBuilder buffer
12:14:51 Grow BufferBuilder buffer
12:14:52 Grow BufferBuilder buffer
12:14:52 Grow BufferBuilder buffer
12:14:52 Grow BufferBuilder buffer
