16:27:27 Trying to load config from config\skyhanni\config.json
16:27:27 load-config-now
16:27:27 Loaded config from file
16:27:27 Trying to load sacks from config\skyhanni\sacks.json
16:27:27 load-sacks-now
16:27:27 Loaded sacks from file
16:27:27 Trying to load friends from config\skyhanni\friends.json
16:27:27 load-friends-now
16:27:27 Loaded friends from file
16:27:27 Trying to load known_features from config\skyhanni\known_features.json
16:27:27 load-known_features-now
16:27:27 Loaded known_features from file
16:27:27 Trying to load jacob_contests from config\skyhanni\jacob_contests.json
16:27:27 load-jacob_contests-now
16:27:27 Loaded jacob_contests from file
16:27:27 Trying to load visual_words from config\skyhanni\visual_words.json
16:27:27 Setting visual_words to be blank as it did not exist. It will be saved once something is written to it
16:27:50 saveConfig: Updated known feature flags
16:27:50 Saving known_features file
16:28:27 saveConfig: auto-save-60s
16:28:27 Saving config file
16:29:27 saveConfig: auto-save-60s
16:29:27 Saving config file
16:30:27 saveConfig: auto-save-60s
16:30:27 Saving config file
16:31:27 saveConfig: auto-save-60s
16:31:27 Saving config file
16:32:27 saveConfig: auto-save-60s
16:32:27 Saving config file
16:33:27 saveConfig: auto-save-60s
16:33:27 Saving config file
16:34:27 saveConfig: auto-save-60s
16:34:27 Saving config file
16:35:27 saveConfig: auto-save-60s
16:35:27 Saving config file
16:36:27 saveConfig: auto-save-60s
16:36:27 Saving config file
16:37:27 saveConfig: auto-save-60s
16:37:27 Saving config file
16:38:27 saveConfig: auto-save-60s
16:38:27 Saving config file
16:39:27 saveConfig: auto-save-60s
16:39:27 Saving config file
16:40:27 saveConfig: auto-save-60s
16:40:27 Saving config file
16:41:27 saveConfig: auto-save-60s
16:41:27 Saving config file
16:42:27 saveConfig: auto-save-60s
16:42:27 Saving config file
16:43:27 saveConfig: auto-save-60s
16:43:27 Saving config file
16:44:27 saveConfig: auto-save-60s
16:44:27 Saving config file
16:45:27 saveConfig: auto-save-60s
16:45:27 Saving config file
16:46:27 saveConfig: auto-save-60s
16:46:27 Saving config file
16:47:27 saveConfig: auto-save-60s
16:47:27 Saving config file
16:48:27 saveConfig: auto-save-60s
16:48:27 Saving config file
16:49:27 saveConfig: auto-save-60s
16:49:27 Saving config file
16:50:27 saveConfig: auto-save-60s
16:50:27 Saving config file
16:51:27 saveConfig: auto-save-60s
16:51:27 Saving config file
16:52:27 saveConfig: auto-save-60s
16:52:27 Saving config file
16:53:27 saveConfig: auto-save-60s
16:53:27 Saving config file
16:54:27 saveConfig: auto-save-60s
16:54:27 Saving config file
16:55:27 saveConfig: auto-save-60s
16:55:27 Saving config file
16:56:27 saveConfig: auto-save-60s
16:56:27 Saving config file
16:57:27 saveConfig: auto-save-60s
16:57:27 Saving config file
16:58:27 saveConfig: auto-save-60s
16:58:27 Saving config file
16:59:27 saveConfig: auto-save-60s
16:59:27 Saving config file
17:00:27 saveConfig: auto-save-60s
17:00:27 Saving config file
17:01:27 saveConfig: auto-save-60s
17:01:27 Saving config file
17:02:27 saveConfig: auto-save-60s
17:02:27 Saving config file
17:03:27 saveConfig: auto-save-60s
17:03:27 Saving config file
17:04:27 saveConfig: auto-save-60s
17:04:27 Saving config file
17:05:27 saveConfig: auto-save-60s
17:05:27 Saving config file
17:06:27 saveConfig: auto-save-60s
17:06:27 Saving config file
17:07:27 saveConfig: auto-save-60s
17:07:27 Saving config file
17:08:27 saveConfig: auto-save-60s
17:08:27 Saving config file
17:09:27 saveConfig: auto-save-60s
17:09:27 Saving config file
17:10:27 saveConfig: auto-save-60s
17:10:27 Saving config file
17:11:27 saveConfig: auto-save-60s
17:11:27 Saving config file
17:12:27 saveConfig: auto-save-60s
17:12:27 Saving config file
17:13:27 saveConfig: auto-save-60s
17:13:27 Saving config file
17:14:27 saveConfig: auto-save-60s
17:14:27 Saving config file
17:15:27 saveConfig: auto-save-60s
17:15:27 Saving config file
17:16:27 saveConfig: auto-save-60s
17:16:27 Saving config file
17:17:27 saveConfig: auto-save-60s
17:17:27 Saving config file
17:18:27 saveConfig: auto-save-60s
17:18:27 Saving config file
17:19:27 saveConfig: auto-save-60s
17:19:27 Saving config file
17:20:27 saveConfig: auto-save-60s
17:20:27 Saving config file
17:21:27 saveConfig: auto-save-60s
17:21:27 Saving config file
17:22:27 saveConfig: auto-save-60s
17:22:27 Saving config file
17:23:27 saveConfig: auto-save-60s
17:23:27 Saving config file
17:24:27 saveConfig: auto-save-60s
17:24:27 Saving config file
17:25:27 saveConfig: auto-save-60s
17:25:27 Saving config file
17:26:27 saveConfig: auto-save-60s
17:26:27 Saving config file
17:27:27 saveConfig: auto-save-60s
17:27:27 Saving config file
17:28:27 saveConfig: auto-save-60s
17:28:27 Saving config file
17:29:27 saveConfig: auto-save-60s
17:29:27 Saving config file
17:30:27 saveConfig: auto-save-60s
17:30:27 Saving config file
17:31:27 saveConfig: auto-save-60s
17:31:27 Saving config file
17:32:27 saveConfig: auto-save-60s
17:32:27 Saving config file
17:33:27 saveConfig: auto-save-60s
17:33:27 Saving config file
17:34:27 saveConfig: auto-save-60s
17:34:27 Saving config file
17:35:27 saveConfig: auto-save-60s
17:35:27 Saving config file
17:36:27 saveConfig: auto-save-60s
17:36:27 Saving config file
17:37:27 saveConfig: auto-save-60s
17:37:27 Saving config file
17:38:27 saveConfig: auto-save-60s
17:38:27 Saving config file
17:39:27 saveConfig: auto-save-60s
17:39:27 Saving config file
17:40:27 saveConfig: auto-save-60s
17:40:27 Saving config file
17:41:27 saveConfig: auto-save-60s
17:41:27 Saving config file
17:42:27 saveConfig: auto-save-60s
17:42:27 Saving config file
17:43:27 saveConfig: auto-save-60s
17:43:27 Saving config file
17:44:27 saveConfig: auto-save-60s
17:44:27 Saving config file
17:45:27 saveConfig: auto-save-60s
17:45:27 Saving config file
17:46:27 saveConfig: auto-save-60s
17:46:27 Saving config file
17:47:27 saveConfig: auto-save-60s
17:47:27 Saving config file
17:48:27 saveConfig: auto-save-60s
17:48:27 Saving config file
17:49:27 saveConfig: auto-save-60s
17:49:27 Saving config file
17:50:27 saveConfig: auto-save-60s
17:50:27 Saving config file
17:51:27 saveConfig: auto-save-60s
17:51:27 Saving config file
17:52:27 saveConfig: auto-save-60s
17:52:27 Saving config file
17:53:27 saveConfig: auto-save-60s
17:53:27 Saving config file
17:54:27 saveConfig: auto-save-60s
17:54:27 Saving config file
17:55:27 saveConfig: auto-save-60s
17:55:27 Saving config file
17:56:27 saveConfig: auto-save-60s
17:56:27 Saving config file
17:57:27 saveConfig: auto-save-60s
17:57:27 Saving config file
17:58:27 saveConfig: auto-save-60s
17:58:27 Saving config file
17:59:27 saveConfig: auto-save-60s
17:59:27 Saving config file
18:00:27 saveConfig: auto-save-60s
18:00:27 Saving config file
18:01:27 saveConfig: auto-save-60s
18:01:27 Saving config file
18:02:27 saveConfig: auto-save-60s
18:02:27 Saving config file
18:03:27 saveConfig: auto-save-60s
18:03:27 Saving config file
18:04:27 saveConfig: auto-save-60s
18:04:27 Saving config file
18:05:27 saveConfig: auto-save-60s
18:05:27 Saving config file
18:06:27 saveConfig: auto-save-60s
18:06:27 Saving config file
18:07:27 saveConfig: auto-save-60s
18:07:27 Saving config file
18:08:27 saveConfig: auto-save-60s
18:08:27 Saving config file
18:09:27 saveConfig: auto-save-60s
18:09:27 Saving config file
18:10:27 saveConfig: auto-save-60s
18:10:27 Saving config file
18:11:27 saveConfig: auto-save-60s
18:11:27 Saving config file
18:12:27 saveConfig: auto-save-60s
18:12:27 Saving config file
18:13:27 saveConfig: auto-save-60s
18:13:27 Saving config file
18:14:27 saveConfig: auto-save-60s
18:14:27 Saving config file
18:15:27 saveConfig: auto-save-60s
18:15:27 Saving config file
18:16:27 saveConfig: auto-save-60s
18:16:27 Saving config file
18:17:27 saveConfig: auto-save-60s
18:17:27 Saving config file
18:18:27 saveConfig: auto-save-60s
18:18:27 Saving config file
18:19:27 saveConfig: auto-save-60s
18:19:27 Saving config file
18:20:27 saveConfig: auto-save-60s
18:20:27 Saving config file
18:21:27 saveConfig: auto-save-60s
18:21:27 Saving config file
18:22:27 saveConfig: auto-save-60s
18:22:27 Saving config file
18:23:27 saveConfig: auto-save-60s
18:23:27 Saving config file
18:24:27 saveConfig: auto-save-60s
18:24:27 Saving config file
18:25:27 saveConfig: auto-save-60s
18:25:27 Saving config file
18:26:27 saveConfig: auto-save-60s
18:26:27 Saving config file
18:27:27 saveConfig: auto-save-60s
18:27:27 Saving config file
18:28:27 saveConfig: auto-save-60s
18:28:27 Saving config file
18:29:27 saveConfig: auto-save-60s
18:29:27 Saving config file
18:30:27 saveConfig: auto-save-60s
18:30:27 Saving config file
18:31:27 saveConfig: auto-save-60s
18:31:27 Saving config file
18:32:27 saveConfig: auto-save-60s
18:32:27 Saving config file
18:33:27 saveConfig: auto-save-60s
18:33:27 Saving config file
18:34:27 saveConfig: auto-save-60s
18:34:27 Saving config file
18:35:27 saveConfig: auto-save-60s
18:35:27 Saving config file
18:36:27 saveConfig: auto-save-60s
18:36:27 Saving config file
18:37:27 saveConfig: auto-save-60s
18:37:27 Saving config file
18:38:27 saveConfig: auto-save-60s
18:38:27 Saving config file
18:39:27 saveConfig: auto-save-60s
18:39:27 Saving config file
18:40:27 saveConfig: auto-save-60s
18:40:27 Saving config file
18:41:27 saveConfig: auto-save-60s
18:41:27 Saving config file
18:42:27 saveConfig: auto-save-60s
18:42:27 Saving config file
18:43:27 saveConfig: auto-save-60s
18:43:27 Saving config file
18:44:27 saveConfig: auto-save-60s
18:44:27 Saving config file
18:45:27 saveConfig: auto-save-60s
18:45:27 Saving config file
18:46:27 saveConfig: auto-save-60s
18:46:27 Saving config file
18:47:27 saveConfig: auto-save-60s
18:47:27 Saving config file
18:48:27 saveConfig: auto-save-60s
18:48:27 Saving config file
18:49:27 saveConfig: auto-save-60s
18:49:27 Saving config file
18:50:27 saveConfig: auto-save-60s
18:50:27 Saving config file
18:51:27 saveConfig: auto-save-60s
18:51:27 Saving config file
18:52:27 saveConfig: auto-save-60s
18:52:27 Saving config file
18:53:05 saveConfig: shutdown-hook
18:53:05 Saving config file
