[15:57:54] [main/INFO]: Loading tweak class name net.minecraftforge.fml.common.launcher.FMLTweaker
[15:57:54] [main/INFO]: Using primary tweak class name net.minecraftforge.fml.common.launcher.FMLTweaker
[15:57:54] [main/INFO]: Calling tweak class net.minecraftforge.fml.common.launcher.FMLTweaker
[15:57:54] [main/INFO]: Forge Mod Loader version 11.15.1.2318 for Minecraft 1.8.9 loading
[15:57:54] [main/INFO]: Java is Java HotSpot(TM) 64-Bit Server VM, version 1.8.0_51, running on Windows 10:amd64:10.0, installed at C:\Users\alexs\curseforge\minecraft\Install\runtime\jre-legacy\windows-x64\jre-legacy
[15:57:54] [main/INFO]: Loading tweaker gg.essential.loader.stage0.EssentialSetupTweaker from ctjs-2.2.1-1.8.9.jar
[15:57:54] [main/INFO]: Loading tweaker cc.polyfrost.oneconfig.loader.stage0.LaunchWrapperTweaker from MC.1.8.9.Danker.s.Skyblock.Mod.-.2.3.1.jar
[15:57:54] [main/INFO]: Loading tweaker io.github.moulberry.notenoughupdates.loader.NEUDelegatingTweaker from NotEnoughUpdates-2.4.0.jar
[15:57:54] [main/INFO]: Loading tweaker optifine.OptiFineForgeTweaker from OptiFine_1.8.9_HD_U_M5.jar
[15:57:54] [main/INFO]: Loading tweaker gg.essential.loader.stage0.EssentialSetupTweaker from Patcher-1.8.9 (1.8.9).jar
[15:57:54] [main/INFO]: Loading tweaker optifine.OptiFineForgeTweaker from preview_OptiFine_1.8.9_HD_U_M6_pre2.jar
[15:57:54] [main/INFO]: Loading tweaker gg.essential.loader.stage0.EssentialSetupTweaker from Scrollable Tooltips-1.4 (1.8.9).jar
[15:57:54] [main/INFO]: Loading tweaker org.spongepowered.asm.launch.MixinTweaker from SkyblockAddons-1.8.9+227-for-MC-1.8.9.jar
[15:57:54] [main/INFO]: Loading tweaker at.hannibal2.skyhanni.tweaker.SkyHanniTweaker from SkyHanni-0.27.jar
[15:57:54] [main/INFO]: Loading tweaker gg.skytils.skytilsmod.tweaker.SkytilsTweaker from Skytils-1.10.7.jar
[15:57:54] [main/INFO]: Loading tweak class name net.minecraftforge.fml.common.launcher.FMLInjectionAndSortingTweaker
[15:57:54] [main/INFO]: Loading tweak class name gg.essential.loader.stage0.EssentialSetupTweaker
[15:57:54] [main/INFO]: Starting Essential Loader (stage2) version 1.6.2 (04447d7f5abf361e4fe3d7d995d4d000) [stable]
[15:57:55] [main/WARN]: Found an old version of ASM (5.0.3). This may cause issues.
[15:57:55] [main/WARN]: 
[15:57:55] [main/WARN]: 
[15:57:55] [main/WARN]: 
[15:57:55] [main/WARN]: ==================================================================================
[15:57:55] [main/WARN]: Attempting re-launch to load the newer version instead.
[15:57:55] [main/WARN]: 
[15:57:55] [main/WARN]: If AND ONLY IF you know what you are doing, have fixed the issue manually and need
[15:57:55] [main/WARN]: to suppress this behavior (did you really fix it then?), you can set the
[15:57:55] [main/WARN]: "essential.loader.relaunch" system property to false.
[15:57:55] [main/WARN]: ==================================================================================
[15:57:55] [main/WARN]: 
[15:57:55] [main/WARN]: 
[15:57:55] [main/WARN]: 
[15:57:55] [main/INFO]: Loading tweak class name net.minecraftforge.fml.common.launcher.FMLTweaker
[15:57:55] [main/INFO]: Using primary tweak class name net.minecraftforge.fml.common.launcher.FMLTweaker
[15:57:55] [main/INFO]: Calling tweak class net.minecraftforge.fml.common.launcher.FMLTweaker
[15:57:55] [main/INFO]: Forge Mod Loader version 11.15.1.2318 for Minecraft 1.8.9 loading
[15:57:55] [main/INFO]: Java is Java HotSpot(TM) 64-Bit Server VM, version 1.8.0_51, running on Windows 10:amd64:10.0, installed at C:\Users\alexs\curseforge\minecraft\Install\runtime\jre-legacy\windows-x64\jre-legacy
[15:57:55] [main/INFO]: Loading tweaker gg.essential.loader.stage0.EssentialSetupTweaker from ctjs-2.2.1-1.8.9.jar
[15:57:55] [main/INFO]: Loading tweaker cc.polyfrost.oneconfig.loader.stage0.LaunchWrapperTweaker from MC.1.8.9.Danker.s.Skyblock.Mod.-.2.3.1.jar
[15:57:55] [main/INFO]: Loading tweaker io.github.moulberry.notenoughupdates.loader.NEUDelegatingTweaker from NotEnoughUpdates-2.4.0.jar
[15:57:55] [main/INFO]: Loading tweaker optifine.OptiFineForgeTweaker from OptiFine_1.8.9_HD_U_M5.jar
[15:57:55] [main/INFO]: Loading tweaker gg.essential.loader.stage0.EssentialSetupTweaker from Patcher-1.8.9 (1.8.9).jar
[15:57:55] [main/INFO]: Loading tweaker optifine.OptiFineForgeTweaker from preview_OptiFine_1.8.9_HD_U_M6_pre2.jar
[15:57:55] [main/INFO]: Loading tweaker gg.essential.loader.stage0.EssentialSetupTweaker from Scrollable Tooltips-1.4 (1.8.9).jar
[15:57:55] [main/INFO]: Loading tweaker org.spongepowered.asm.launch.MixinTweaker from SkyblockAddons-1.8.9+227-for-MC-1.8.9.jar
[15:57:55] [main/INFO]: Loading tweaker at.hannibal2.skyhanni.tweaker.SkyHanniTweaker from SkyHanni-0.27.jar
[15:57:55] [main/INFO]: Loading tweaker gg.skytils.skytilsmod.tweaker.SkytilsTweaker from Skytils-1.10.7.jar
[15:57:55] [main/INFO]: Loading tweak class name net.minecraftforge.fml.common.launcher.FMLInjectionAndSortingTweaker
[15:57:55] [main/INFO]: Loading tweak class name gg.essential.loader.stage0.EssentialSetupTweaker
[15:57:55] [main/INFO]: Starting Essential Loader (stage2) version 1.6.2 (04447d7f5abf361e4fe3d7d995d4d000) [stable]
[15:57:55] [main/WARN]: The coremod dev.falsehonesty.asmhelper.core.AsmHelperLoadingPlugin does not have a MCVersion annotation, it may cause issues with this version of Minecraft
[15:57:56] [main/INFO]: SpongePowered MIXIN Subsystem Version=0.8.4 Source=file:/C:/Users/alexs/curseforge/minecraft/Instances/Skyblock/essential/Essential%20(forge_1.8.9).processed.jar Service=LaunchWrapper Env=CLIENT
[15:57:56] [main/DEBUG]: Instantiating coremod class PatcherTweaker
[15:57:56] [main/DEBUG]: The coremod club.sk1er.patcher.tweaker.PatcherTweaker requested minecraft version 1.8.9 and minecraft is 1.8.9. It will be loaded.
[15:57:56] [main/DEBUG]: Instantiating coremod class ModTweaker
[15:57:56] [main/DEBUG]: The coremod club.sk1er.patcher.tweaker.other.ModTweaker requested minecraft version 1.8.9 and minecraft is 1.8.9. It will be loaded.
[15:57:56] [main/DEBUG]: Enqueued coremod ModTweaker
[15:57:56] [main/INFO]: Loading tweak class name cc.polyfrost.oneconfig.loader.stage0.LaunchWrapperTweaker
[15:57:56] [main/INFO]: [cc.polyfrost.oneconfig.loader.stage0.OneConfigWrapperBase:addSSLStore:258]: Attempting to load Polyfrost certificate.
[15:57:56] [main/INFO]: [cc.polyfrost.oneconfig.loader.stage0.OneConfigWrapperBase:<init>:49]: OneConfig has detected the version 1.8.9. If this is false, report this at https://inv.wtf/polyfrost
[15:57:56] [main/INFO]: [cc.polyfrost.oneconfig.loader.OneConfigWrapperBase:<init>:49]: OneConfig has detected the version 1.8.9. If this is false, report this at https://inv.wtf/polyfrost
[15:57:56] [main/WARN]: MixinEnvironment::addTransformerExclusion is deprecated!
[15:57:56] [main/INFO]: [cc.polyfrost.oneconfig.loader.OneConfigLoaderBase:<init>:44]: OneConfig has detected the version 1.8.9. If this is false, report this at https://inv.wtf/polyfrost
[15:57:56] [main/WARN]: MixinEnvironment::addTransformerExclusion is deprecated!
[15:57:56] [main/INFO]: Loading tweak class name io.github.moulberry.notenoughupdates.loader.NEUDelegatingTweaker
[15:57:56] [main/INFO]: [io.github.moulberry.notenoughupdates.loader.NEUDelegatingTweaker:<init>:56]: NEU Delegating Tweaker is loaded with: [io.github.moulberry.notenoughupdates.loader.MixinLoadingTweaker, org.spongepowered.asm.launch.MixinTweaker, io.github.moulberry.notenoughupdates.loader.ModLoadingTweaker, io.github.moulberry.notenoughupdates.loader.KotlinLoadingTweaker]
[15:57:56] [main/INFO]: Loading tweak class name optifine.OptiFineForgeTweaker
[15:57:56] [main/WARN]: Tweak class name gg.essential.loader.stage0.EssentialSetupTweaker has already been visited -- skipping
[15:57:56] [main/WARN]: Tweak class name optifine.OptiFineForgeTweaker has already been visited -- skipping
[15:57:56] [main/WARN]: Tweak class name gg.essential.loader.stage0.EssentialSetupTweaker has already been visited -- skipping
[15:57:56] [main/INFO]: Loading tweak class name org.spongepowered.asm.launch.MixinTweaker
[15:57:56] [main/INFO]: Loading tweak class name at.hannibal2.skyhanni.tweaker.SkyHanniTweaker
[15:57:56] [main/INFO]: Loading tweak class name gg.skytils.skytilsmod.tweaker.SkytilsTweaker
[15:57:56] [main/WARN]: The coremod gg.skytils.skytilsmod.tweaker.SkytilsLoadingPlugin does not have a MCVersion annotation, it may cause issues with this version of Minecraft
[15:57:56] [main/INFO]: [gg.skytils.skytilsmod.tweaker.DependencyLoader:loadBrotli:83]: Native Brotli loaded
[15:57:56] [main/INFO]: [gg.skytils.skytilsmod.tweaker.DependencyLoader:loadBCProv:64]: Bouncy Castle provider loaded
[15:57:57] [main/INFO]: Data URL: https://data.skytils.gg/
[15:57:57] [main/INFO]: Loading tweak class name net.minecraftforge.fml.common.launcher.FMLDeobfTweaker
[15:57:57] [main/INFO]: Calling tweak class net.minecraftforge.fml.common.launcher.FMLInjectionAndSortingTweaker
[15:57:57] [main/INFO]: Calling tweak class net.minecraftforge.fml.common.launcher.FMLInjectionAndSortingTweaker
[15:57:57] [main/INFO]: Calling tweak class optifine.OptiFineForgeTweaker
[15:57:57] [main/INFO]: [optifine.OptiFineForgeTweaker:dbg:56]: OptiFineForgeTweaker: acceptOptions
[15:57:57] [main/INFO]: [optifine.OptiFineForgeTweaker:dbg:56]: OptiFineForgeTweaker: injectIntoClassLoader
[15:57:57] [main/INFO]: [optifine.OptiFineClassTransformer:dbg:242]: OptiFine ClassTransformer
[15:57:57] [main/INFO]: [optifine.OptiFineClassTransformer:dbg:242]: OptiFine ZIP file: C:\Users\alexs\curseforge\minecraft\Instances\Skyblock\mods\OptiFine_1.8.9_HD_U_M5.jar
[15:57:57] [main/INFO]: Calling tweak class net.minecraftforge.fml.relauncher.CoreModManager$FMLPluginWrapper
[15:57:58] [main/INFO]: Found valid fingerprint for Minecraft Forge. Certificate fingerprint e3c3d50c7c986df74c645c0ac54639741c90a557
[15:57:58] [main/INFO]: Found valid fingerprint for Minecraft. Certificate fingerprint cd99959656f753dc28d863b46769f7f8fbaefcfc
[15:57:58] [main/INFO]: Calling tweak class net.minecraftforge.fml.relauncher.CoreModManager$FMLPluginWrapper
[15:57:58] [main/INFO]: Calling tweak class net.minecraftforge.fml.relauncher.CoreModManager$FMLPluginWrapper
[15:57:58] [main/INFO]: Calling tweak class net.minecraftforge.fml.relauncher.CoreModManager$FMLPluginWrapper
[15:57:58] [main/INFO]: Selected the dev.falsehonesty.asmhelper.remapping.ForgeRemapper@2fca282c remapper
[15:57:58] [main/INFO]: Calling tweak class net.minecraftforge.fml.relauncher.CoreModManager$FMLPluginWrapper
[15:58:01] [main/INFO]: Calling tweak class gg.essential.loader.stage0.EssentialSetupTweaker
[15:58:01] [main/INFO]: Compatibility level set to JAVA_8
[15:58:01] [main/INFO]: Calling tweak class cc.polyfrost.oneconfig.loader.stage0.LaunchWrapperTweaker
[15:58:01] [main/INFO]: Calling tweak class io.github.moulberry.notenoughupdates.loader.NEUDelegatingTweaker
[15:58:01] [main/INFO]: Calling tweak class org.spongepowered.asm.launch.MixinTweaker
[15:58:01] [main/ERROR]: Mixin config patcher.mixins.json does not specify "minVersion" property
[15:58:01] [main/WARN]: Reference map 'mixins.skytils-init.refmap.json' for mixins.skytils-init.json could not be read. If this is a development environment you can ignore this message
[15:58:01] [main/INFO]: Initialised Mixin FML Remapper Adapter with net.minecraftforge.fml.common.asm.transformers.deobf.FMLDeobfuscatingRemapper@cc7909f
[15:58:01] [main/WARN]: MixinEnvironment::addTransformerExclusion is deprecated!
[15:58:01] [main/INFO]: Calling tweak class at.hannibal2.skyhanni.tweaker.SkyHanniTweaker
[15:58:01] [main/INFO]: Calling tweak class gg.skytils.skytilsmod.tweaker.SkytilsTweaker
[15:58:01] [main/INFO]: Calling tweak class net.minecraftforge.fml.relauncher.CoreModManager$FMLPluginWrapper
[15:58:01] [main/INFO]: Selected the gg.skytils.asmhelper.remapping.ForgeRemapper@6003eb60 remapper
[15:58:01] [main/INFO]: Calling tweak class net.minecraftforge.fml.common.launcher.FMLDeobfTweaker
[15:58:01] [main/INFO]: Calling tweak class net.minecraftforge.fml.relauncher.CoreModManager$FMLPluginWrapper
[15:58:01] [main/WARN]: MixinEnvironment::addTransformerExclusion is deprecated!
[15:58:02] [main/INFO]: Loading tweak class name net.minecraftforge.fml.common.launcher.TerminalTweaker
[15:58:02] [main/INFO]: Loading tweak class name gg.essential.asm.compat.betterfps.tweaker.BetterFpsWrappingTweaker
[15:58:02] [main/INFO]: Loading tweak class name io.github.moulberry.notenoughupdates.loader.MixinLoadingTweaker
[15:58:02] [main/INFO]: [io.github.moulberry.notenoughupdates.loader.JARLoadingTweaker:performLoading:87]: Loading a JAR from /neu-mixin-libraries-wrapped
[15:58:02] [main/INFO]: [io.github.moulberry.notenoughupdates.loader.JARLoadingTweaker:performLoading:89]: Using temporary directory C:\Users\alexs\AppData\Local\Temp\notenoughupdates-extracted-MixinLoadingTweaker915016841600634089 to store extracted jars.
[15:58:02] [main/INFO]: [io.github.moulberry.notenoughupdates.loader.JARLoadingTweaker:performLoading:105]: Could successfully load a class from loaded library.
[15:58:02] [main/WARN]: Tweak class name org.spongepowered.asm.launch.MixinTweaker has already been visited -- skipping
[15:58:02] [main/INFO]: Loading tweak class name io.github.moulberry.notenoughupdates.loader.ModLoadingTweaker
[15:58:02] [main/INFO]: Loading tweak class name io.github.moulberry.notenoughupdates.loader.KotlinLoadingTweaker
[15:58:02] [main/INFO]: Loading tweak class name org.spongepowered.asm.mixin.EnvironmentStateTweaker
[15:58:02] [main/WARN]: Tweak class name org.spongepowered.asm.launch.MixinTweaker has already been visited -- skipping
[15:58:02] [main/INFO]: Loading tweak class name at.hannibal2.skyhanni.tweaker.ModLoadingTweaker
[15:58:02] [main/WARN]: Tweak class name gg.essential.asm.compat.betterfps.tweaker.BetterFpsWrappingTweaker has already been visited -- skipping
[15:58:02] [main/INFO]: Loading tweak class name gg.skytils.hypixel-net.modapi.tweaker.HypixelModAPITweaker
[15:58:02] [main/INFO]: Loaded bundled hypixel mod API version as 1.0.1.1
[15:58:02] [main/INFO]: Loaded bundled hypixel mod API numeric version as 1000000010001
[15:58:02] [main/INFO]: Calling tweak class net.minecraftforge.fml.common.launcher.TerminalTweaker
[15:58:02] [main/INFO]: Calling tweak class gg.essential.asm.compat.betterfps.tweaker.BetterFpsWrappingTweaker
[15:58:02] [main/INFO]: Calling tweak class io.github.moulberry.notenoughupdates.loader.MixinLoadingTweaker
[15:58:02] [main/INFO]: Calling tweak class io.github.moulberry.notenoughupdates.loader.ModLoadingTweaker
[15:58:02] [main/INFO]: Calling tweak class io.github.moulberry.notenoughupdates.loader.KotlinLoadingTweaker
[15:58:02] [main/INFO]: [io.github.moulberry.notenoughupdates.loader.KotlinLoadingTweaker:getFilesToLoad:100]: Attempting to load Kotlin from NEU wrapped libraries.
[15:58:02] [main/INFO]: [io.github.moulberry.notenoughupdates.loader.JARLoadingTweaker:performLoading:87]: Loading a JAR from /neu-kotlin-libraries-wrapped
[15:58:02] [main/INFO]: [io.github.moulberry.notenoughupdates.loader.JARLoadingTweaker:performLoading:89]: Using temporary directory C:\Users\alexs\AppData\Local\Temp\notenoughupdates-extracted-KotlinLoadingTweaker181191136919283349 to store extracted jars.
[15:58:02] [main/INFO]: [io.github.moulberry.notenoughupdates.loader.JARLoadingTweaker:performLoading:105]: Could successfully load a class from loaded library.
[15:58:02] [main/INFO]: Calling tweak class org.spongepowered.asm.mixin.EnvironmentStateTweaker
[15:58:02] [main/INFO]: Calling tweak class at.hannibal2.skyhanni.tweaker.ModLoadingTweaker
[15:58:02] [main/ERROR]: Mixin config mixins.skyhanni.json does not specify "minVersion" property
[15:58:02] [main/INFO]: Calling tweak class gg.skytils.hypixel-net.modapi.tweaker.HypixelModAPITweaker
[15:58:02] [main/INFO]: Offering newer version 1000000010001 > -9223372036854775808
[15:58:02] [main/INFO]: Re-added mod C:\Users\alexs\curseforge\minecraft\Instances\Skyblock\mods\Skytils-1.10.7.jar to the mod candidate list.
[15:58:02] [main/INFO]: [optifine.OptiFineForgeTweaker:dbg:56]: OptiFineForgeTweaker: getLaunchArguments
[15:58:02] [main/INFO]: Injecting mod API of version 1.0.1.1
[15:58:02] [main/INFO]: Unpacking mod API to C:\Users\alexs\curseforge\minecraft\Instances\Skyblock\hypixel-mod-api\HypixelModAPI-1.0.1.1.jar
[15:58:02] [main/INFO]: Successfully extracted mod API file
[15:58:02] [main/INFO]: Added mod API to classpath
[15:58:02] [main/INFO]: Starting Essential v1.3.5.1 (#4602b26853) [stable]
[15:58:02] [main/WARN]: Registration of InjectionPoint SKYHANNI_FORLOOP_LOCAL_VAR with at.hannibal2.skyhanni.mixins.init.BeforeForLoopInjectionPoint without specifying namespace is deprecated.
[15:58:02] [main/INFO]: Transforming class net.minecraft.client.Minecraft
[15:58:02] [main/INFO]: Applying AsmWriter InjectWriter{className=net/minecraft/client/Minecraft, methodName=dispatchKeypresses, methodDesc=()V, at=At(value=INVOKE(descriptor=Descriptor(owner=net/minecraft/client/gui/GuiIngame, name=getChatGUI, desc=()Lnet/minecraft/client/gui/GuiNewChat;), ordinal=1), before=true, shift=-2)} to class net.minecraft.client.Minecraft
[15:58:02] [main/INFO]: Applying AsmWriter InjectWriter{className=net/minecraft/client/Minecraft, methodName=displayGuiScreen, methodDesc=(Lnet/minecraft/client/gui/GuiScreen;)V, at=At(value=INVOKE(descriptor=Descriptor(owner=net/minecraft/client/gui/GuiScreen, name=onGuiClosed, desc=()V), ordinal=null), before=true, shift=0)} to class net.minecraft.client.Minecraft
[15:58:02] [main/INFO]: Applying AsmWriter InjectWriter{className=net/minecraft/client/Minecraft, methodName=startGame, methodDesc=()V, at=At(value=dev.falsehonesty.asmhelper.dsl.InjectionPoint$TAIL@3ca9d3b2, before=true, shift=0)} to class net.minecraft.client.Minecraft
[15:58:02] [main/INFO]: Transforming class net.minecraft.client.Minecraft
[15:58:02] [main/INFO]: Applying AsmWriter InjectWriter{className=net/minecraft/client/Minecraft, methodName=dispatchKeypresses, methodDesc=()V, at=At(value=INVOKE(descriptor=Descriptor(owner=net/minecraft/client/gui/GuiIngame, name=getChatGUI, desc=()Lnet/minecraft/client/gui/GuiNewChat;), ordinal=1), before=true, shift=-2)} to class net.minecraft.client.Minecraft
[15:58:02] [main/INFO]: Applying AsmWriter InjectWriter{className=net/minecraft/client/Minecraft, methodName=displayGuiScreen, methodDesc=(Lnet/minecraft/client/gui/GuiScreen;)V, at=At(value=INVOKE(descriptor=Descriptor(owner=net/minecraft/client/gui/GuiScreen, name=onGuiClosed, desc=()V), ordinal=null), before=true, shift=0)} to class net.minecraft.client.Minecraft
[15:58:02] [main/INFO]: Applying AsmWriter InjectWriter{className=net/minecraft/client/Minecraft, methodName=startGame, methodDesc=()V, at=At(value=dev.falsehonesty.asmhelper.dsl.InjectionPoint$TAIL@3ca9d3b2, before=true, shift=0)} to class net.minecraft.client.Minecraft
[15:58:02] [main/INFO]: Transforming class net.minecraft.client.renderer.entity.RendererLivingEntity
[15:58:02] [main/INFO]: Applying AsmWriter ModifyWriter{className=net.minecraft.client.renderer.entity.RendererLivingEntity} to class net.minecraft.client.renderer.entity.RendererLivingEntity
[15:58:02] [main/INFO]: A re-entrant transformer '$wrapper.gg.skytils.skytilsmod.asm.SkytilsTransformer' was detected and will no longer process meta class data
[15:58:02] [main/INFO]: Transforming class net.minecraft.client.Minecraft
[15:58:02] [main/INFO]: Applying AsmWriter InjectWriter{className=net/minecraft/client/Minecraft, methodName=dispatchKeypresses, methodDesc=()V, at=At(value=INVOKE(descriptor=Descriptor(owner=net/minecraft/client/gui/GuiIngame, name=getChatGUI, desc=()Lnet/minecraft/client/gui/GuiNewChat;), ordinal=1), before=true, shift=-2)} to class net.minecraft.client.Minecraft
[15:58:02] [main/INFO]: Applying AsmWriter InjectWriter{className=net/minecraft/client/Minecraft, methodName=displayGuiScreen, methodDesc=(Lnet/minecraft/client/gui/GuiScreen;)V, at=At(value=INVOKE(descriptor=Descriptor(owner=net/minecraft/client/gui/GuiScreen, name=onGuiClosed, desc=()V), ordinal=null), before=true, shift=0)} to class net.minecraft.client.Minecraft
[15:58:02] [main/INFO]: Applying AsmWriter InjectWriter{className=net/minecraft/client/Minecraft, methodName=startGame, methodDesc=()V, at=At(value=dev.falsehonesty.asmhelper.dsl.InjectionPoint$TAIL@3ca9d3b2, before=true, shift=0)} to class net.minecraft.client.Minecraft
[15:58:02] [main/INFO]: Transforming class net.minecraft.client.gui.GuiScreen
[15:58:02] [main/INFO]: Applying AsmWriter InjectWriter{className=net/minecraft/client/gui/GuiScreen, methodName=handleKeyboardInput, methodDesc=()V, at=At(value=INVOKE(descriptor=Descriptor(owner=net/minecraft/client/gui/GuiScreen, name=keyTyped, desc=(CI)V), ordinal=null), before=true, shift=0)} to class net.minecraft.client.gui.GuiScreen
[15:58:02] [main/INFO]: Applying AsmWriter InjectWriter{className=net/minecraft/client/gui/GuiScreen, methodName=handleMouseInput, methodDesc=()V, at=At(value=INVOKE(descriptor=Descriptor(owner=net/minecraft/client/gui/GuiScreen, name=mouseClicked, desc=(III)V), ordinal=null), before=true, shift=0)} to class net.minecraft.client.gui.GuiScreen
[15:58:02] [main/INFO]: Applying AsmWriter InjectWriter{className=net/minecraft/client/gui/GuiScreen, methodName=handleMouseInput, methodDesc=()V, at=At(value=INVOKE(descriptor=Descriptor(owner=net/minecraft/client/gui/GuiScreen, name=mouseReleased, desc=(III)V), ordinal=null), before=true, shift=0)} to class net.minecraft.client.gui.GuiScreen
[15:58:02] [main/INFO]: Applying AsmWriter InjectWriter{className=net/minecraft/client/gui/GuiScreen, methodName=handleMouseInput, methodDesc=()V, at=At(value=INVOKE(descriptor=Descriptor(owner=net/minecraft/client/gui/GuiScreen, name=mouseClickMove, desc=(IIIJ)V), ordinal=null), before=true, shift=0)} to class net.minecraft.client.gui.GuiScreen
[15:58:02] [main/INFO]: Applying AsmWriter InjectWriter{className=net/minecraft/client/gui/GuiScreen, methodName=handleComponentClick, methodDesc=(Lnet/minecraft/util/IChatComponent;)Z, at=At(value=dev.falsehonesty.asmhelper.dsl.InjectionPoint$HEAD@260fffec, before=true, shift=0)} to class net.minecraft.client.gui.GuiScreen
[15:58:02] [main/INFO]: Applying AsmWriter InjectWriter{className=net/minecraft/client/gui/GuiScreen, methodName=handleComponentHover, methodDesc=(Lnet/minecraft/util/IChatComponent;II)V, at=At(value=dev.falsehonesty.asmhelper.dsl.InjectionPoint$HEAD@260fffec, before=true, shift=0)} to class net.minecraft.client.gui.GuiScreen
[15:58:02] [main/INFO]: Applying AsmWriter InjectWriter{className=net/minecraft/client/gui/GuiScreen, methodName=renderToolTip, methodDesc=(Lnet/minecraft/item/ItemStack;II)V, at=At(value=INVOKE(descriptor=Descriptor(owner=net/minecraft/item/ItemStack, name=getTooltip, desc=(Lnet/minecraft/entity/player/EntityPlayer;Z)Ljava/util/List;), ordinal=null), before=false, shift=1)} to class net.minecraft.client.gui.GuiScreen
[15:58:02] [main/INFO]: Applying AsmWriter InjectWriter{className=net/minecraft/client/gui/GuiScreen, methodName=drawDefaultBackground, methodDesc=()V, at=At(value=dev.falsehonesty.asmhelper.dsl.InjectionPoint$HEAD@260fffec, before=true, shift=0)} to class net.minecraft.client.gui.GuiScreen
[15:58:02] [main/INFO]: [xaero.common.core.transformer.ClassNodeTransformer:transform:26]: Transforming class bet net.minecraft.client.entity.AbstractClientPlayer
[15:58:02] [main/INFO]: Transforming class net.minecraft.client.gui.GuiMainMenu
[15:58:02] [main/INFO]: Applying AsmWriter InjectWriter{className=net/minecraft/client/gui/GuiMainMenu, methodName=drawScreen, methodDesc=(IIF)V, at=At(value=INVOKE(descriptor=Descriptor(owner=net/minecraftforge/client/ForgeHooksClient, name=renderMainMenu, desc=(Lnet/minecraft/client/gui/GuiMainMenu;Lnet/minecraft/client/gui/FontRenderer;II)V), ordinal=null), before=true, shift=0)} to class net.minecraft.client.gui.GuiMainMenu
[15:58:02] [main/ERROR]: Couldn't find any matching nodes for InjectWriter{className=net/minecraft/client/gui/GuiMainMenu, methodName=drawScreen, methodDesc=(IIF)V, at=At(value=INVOKE(descriptor=Descriptor(owner=net/minecraftforge/client/ForgeHooksClient, name=renderMainMenu, desc=(Lnet/minecraft/client/gui/GuiMainMenu;Lnet/minecraft/client/gui/FontRenderer;II)V), ordinal=null), before=true, shift=0)}
[15:58:02] [main/INFO]: [xaero.common.core.transformer.ClassNodeTransformer:transform:26]: Transforming class bct net.minecraft.client.model.ModelRenderer
[15:58:02] [main/INFO]: [xaero.common.core.transformer.ClassNodeTransformer:transform:26]: Transforming class bcy net.minecraft.client.network.NetHandlerPlayClient
[15:58:02] [main/INFO]: Transforming class net.minecraft.client.renderer.entity.RenderManager
[15:58:02] [main/INFO]: Applying AsmWriter InjectWriter{className=net/minecraft/client/renderer/entity/RenderManager, methodName=doRenderEntity, methodDesc=(Lnet/minecraft/entity/Entity;DDDFFZ)Z, at=At(value=dev.falsehonesty.asmhelper.dsl.InjectionPoint$HEAD@260fffec, before=true, shift=0)} to class net.minecraft.client.renderer.entity.RenderManager
[15:58:02] [main/INFO]: Applying AsmWriter InjectWriter{className=net/minecraft/client/renderer/entity/RenderManager, methodName=doRenderEntity, methodDesc=(Lnet/minecraft/entity/Entity;DDDFFZ)Z, at=At(value=RETURN(ordinal=2), before=true, shift=0)} to class net.minecraft.client.renderer.entity.RenderManager
[15:58:02] [main/INFO]: Transforming class net.minecraft.crash.CrashReport
[15:58:02] [main/INFO]: Applying AsmWriter InjectWriter{className=net/minecraft/crash/CrashReport, methodName=populateEnvironment, methodDesc=()V, at=At(value=dev.falsehonesty.asmhelper.dsl.InjectionPoint$HEAD@260fffec, before=true, shift=0)} to class net.minecraft.crash.CrashReport
[15:58:02] [main/INFO]: [xaero.common.core.transformer.ClassNodeTransformer:transform:26]: Transforming class wn net.minecraft.entity.player.EntityPlayer
[15:58:03] [main/INFO]: [xaero.common.core.transformer.ClassNodeTransformer:transform:26]: Transforming class bdb net.minecraft.client.multiplayer.WorldClient
[15:58:03] [main/INFO]: Transforming class net.minecraft.client.particle.EffectRenderer
[15:58:03] [main/INFO]: Applying AsmWriter InjectWriter{className=net/minecraft/client/particle/EffectRenderer, methodName=spawnEffectParticle, methodDesc=(IDDDDDD[I)Lnet/minecraft/client/particle/EntityFX;, at=At(value=INVOKE(descriptor=Descriptor(owner=net/minecraft/client/particle/EffectRenderer, name=addEffect, desc=(Lnet/minecraft/client/particle/EntityFX;)V), ordinal=null), before=true, shift=0)} to class net.minecraft.client.particle.EffectRenderer
[15:58:03] [main/INFO]: [xaero.common.core.transformer.ClassNodeTransformer:transform:26]: Transforming class lx net.minecraft.server.management.ServerConfigurationManager
[15:58:03] [main/INFO]: Transforming class net.minecraft.util.ScreenShotHelper
[15:58:03] [main/INFO]: Applying AsmWriter InjectWriter{className=net/minecraft/util/ScreenShotHelper, methodName=saveScreenshot, methodDesc=(Ljava/io/File;IILnet/minecraft/client/shader/Framebuffer;)Lnet/minecraft/util/IChatComponent;, at=At(value=dev.falsehonesty.asmhelper.dsl.InjectionPoint$HEAD@260fffec, before=true, shift=0)} to class net.minecraft.util.ScreenShotHelper
[15:58:03] [main/ERROR]: Critical problem: mixins.oneconfig.json:VigilantMixin target gg.essential.vigilance.Vigilant was loaded too early.
[15:58:03] [main/INFO]: [xaero.common.core.transformer.ClassNodeTransformer:transform:26]: Transforming class bew net.minecraft.client.entity.EntityPlayerSP
[15:58:03] [main/INFO]: Transforming class net.minecraft.client.entity.EntityPlayerSP
[15:58:03] [main/INFO]: Applying AsmWriter InjectWriter{className=net/minecraft/client/entity/EntityPlayerSP, methodName=sendChatMessage, methodDesc=(Ljava/lang/String;)V, at=At(value=dev.falsehonesty.asmhelper.dsl.InjectionPoint$HEAD@260fffec, before=true, shift=0)} to class net.minecraft.client.entity.EntityPlayerSP
[15:58:03] [main/INFO]: A re-entrant transformer '$wrapper.chylex.bettersprinting.system.core.TransformerEntityPlayerSP' was detected and will no longer process meta class data
[15:58:03] [main/INFO]: [xaero.common.core.transformer.ClassNodeTransformer:transform:26]: Transforming class net.minecraftforge.client.GuiIngameForge net.minecraftforge.client.GuiIngameForge
[15:58:03] [main/INFO]: Transforming class net.minecraftforge.client.GuiIngameForge
[15:58:03] [main/INFO]: Applying AsmWriter InjectWriter{className=net/minecraftforge/client/GuiIngameForge, methodName=renderTitle, methodDesc=(IIF)V, at=At(value=INVOKE(descriptor=Descriptor(owner=net/minecraft/client/renderer/GlStateManager, name=pushMatrix, desc=()V), ordinal=0), before=true, shift=0)} to class net.minecraftforge.client.GuiIngameForge
[15:58:03] [main/WARN]: Error loading class: net/wyvest/redaction/features/NameHighlight (java.lang.ClassNotFoundException: The specified class 'net.wyvest.redaction.features.NameHighlight' was not found)
[15:58:03] [main/WARN]: Error loading class: org/polyfrost/redaction/features/NameHighlight (java.lang.ClassNotFoundException: The specified class 'org.polyfrost.redaction.features.NameHighlight' was not found)
[15:58:03] [main/WARN]: Error loading class: mynameisjeff/skyblockclientupdater/UpdateChecker (java.lang.ClassNotFoundException: The specified class 'mynameisjeff.skyblockclientupdater.UpdateChecker' was not found)
[15:58:03] [main/INFO]: Transforming class net.minecraft.client.gui.GuiIngame
[15:58:03] [main/INFO]: Applying AsmWriter InjectWriter{className=net/minecraft/client/gui/GuiIngame, methodName=renderScoreboard, methodDesc=(Lnet/minecraft/scoreboard/ScoreObjective;Lnet/minecraft/client/gui/ScaledResolution;)V, at=At(value=dev.falsehonesty.asmhelper.dsl.InjectionPoint$HEAD@260fffec, before=true, shift=0)} to class net.minecraft.client.gui.GuiIngame
[15:58:03] [main/INFO]: Transforming class net.minecraft.client.gui.inventory.GuiContainer
[15:58:03] [main/INFO]: Applying AsmWriter InjectWriter{className=net/minecraft/client/gui/inventory/GuiContainer, methodName=drawSlot, methodDesc=(Lnet/minecraft/inventory/Slot;)V, at=At(value=dev.falsehonesty.asmhelper.dsl.InjectionPoint$HEAD@260fffec, before=true, shift=0)} to class net.minecraft.client.gui.inventory.GuiContainer
[15:58:03] [main/INFO]: Applying AsmWriter InjectWriter{className=net/minecraft/client/gui/inventory/GuiContainer, methodName=drawScreen, methodDesc=(IIF)V, at=At(value=INVOKE(descriptor=Descriptor(owner=net/minecraft/client/gui/inventory/GuiContainer, name=drawGuiContainerForegroundLayer, desc=(II)V), ordinal=null), before=false, shift=0)} to class net.minecraft.client.gui.inventory.GuiContainer
[15:58:03] [main/INFO]: Applying AsmWriter InjectWriter{className=net/minecraft/client/gui/inventory/GuiContainer, methodName=drawScreen, methodDesc=(IIF)V, at=At(value=INVOKE(descriptor=Descriptor(owner=net/minecraft/client/gui/inventory/GuiContainer, name=drawGradientRect, desc=(IIIIII)V), ordinal=null), before=true, shift=0)} to class net.minecraft.client.gui.inventory.GuiContainer
[15:58:03] [main/INFO]: Transforming class net.minecraft.client.renderer.tileentity.TileEntityRendererDispatcher
[15:58:03] [main/INFO]: Applying AsmWriter InjectWriter{className=net/minecraft/client/renderer/tileentity/TileEntityRendererDispatcher, methodName=renderTileEntityAt, methodDesc=(Lnet/minecraft/tileentity/TileEntity;DDDFI)V, at=At(value=dev.falsehonesty.asmhelper.dsl.InjectionPoint$HEAD@260fffec, before=true, shift=0)} to class net.minecraft.client.renderer.tileentity.TileEntityRendererDispatcher
[15:58:03] [main/INFO]: Applying AsmWriter InjectWriter{className=net/minecraft/client/renderer/tileentity/TileEntityRendererDispatcher, methodName=renderTileEntityAt, methodDesc=(Lnet/minecraft/tileentity/TileEntity;DDDFI)V, at=At(value=dev.falsehonesty.asmhelper.dsl.InjectionPoint$TAIL@3ca9d3b2, before=true, shift=0)} to class net.minecraft.client.renderer.tileentity.TileEntityRendererDispatcher
[15:58:03] [main/INFO]: Transforming class net.minecraft.client.renderer.entity.RenderItem
[15:58:03] [main/INFO]: Applying AsmWriter InjectWriter{className=net/minecraft/client/renderer/entity/RenderItem, methodName=renderItemAndEffectIntoGUI, methodDesc=(Lnet/minecraft/item/ItemStack;II)V, at=At(value=dev.falsehonesty.asmhelper.dsl.InjectionPoint$HEAD@260fffec, before=true, shift=0)} to class net.minecraft.client.renderer.entity.RenderItem
[15:58:03] [main/INFO]: Applying AsmWriter InjectWriter{className=net/minecraft/client/renderer/entity/RenderItem, methodName=renderItemOverlayIntoGUI, methodDesc=(Lnet/minecraft/client/gui/FontRenderer;Lnet/minecraft/item/ItemStack;IILjava/lang/String;)V, at=At(value=dev.falsehonesty.asmhelper.dsl.InjectionPoint$HEAD@260fffec, before=true, shift=0)} to class net.minecraft.client.renderer.entity.RenderItem
[15:58:03] [main/INFO]: [xaero.common.core.transformer.ClassNodeTransformer:transform:26]: Transforming class amy net.minecraft.world.chunk.Chunk
[15:58:03] [main/WARN]: Error loading class: club/sk1er/mods/levelhead/render/AboveHeadRender (java.lang.ClassNotFoundException: The specified class 'club.sk1er.mods.levelhead.render.AboveHeadRender' was not found)
[15:58:03] [main/WARN]: Error loading class: club/sk1er/mods/levelhead/render/AboveHeadRender (java.lang.ClassNotFoundException: The specified class 'club.sk1er.mods.levelhead.render.AboveHeadRender' was not found)
[15:58:03] [main/WARN]: Error loading class: club/sk1er/mods/levelhead/render/AboveHeadRender (java.lang.ClassNotFoundException: The specified class 'club.sk1er.mods.levelhead.render.AboveHeadRender' was not found)
[15:58:03] [main/INFO]: Transforming class net.minecraft.client.multiplayer.PlayerControllerMP
[15:58:03] [main/INFO]: Applying AsmWriter InjectWriter{className=net/minecraft/client/multiplayer/PlayerControllerMP, methodName=attackEntity, methodDesc=(Lnet/minecraft/entity/player/EntityPlayer;Lnet/minecraft/entity/Entity;)V, at=At(value=dev.falsehonesty.asmhelper.dsl.InjectionPoint$HEAD@260fffec, before=true, shift=0)} to class net.minecraft.client.multiplayer.PlayerControllerMP
[15:58:03] [main/INFO]: Applying AsmWriter InjectWriter{className=net/minecraft/client/multiplayer/PlayerControllerMP, methodName=clickBlock, methodDesc=(Lnet/minecraft/util/BlockPos;Lnet/minecraft/util/EnumFacing;)Z, at=At(value=dev.falsehonesty.asmhelper.dsl.InjectionPoint$HEAD@260fffec, before=true, shift=0)} to class net.minecraft.client.multiplayer.PlayerControllerMP
[15:58:03] [main/INFO]: Applying AsmWriter InjectWriter{className=net/minecraft/client/multiplayer/PlayerControllerMP, methodName=onPlayerDestroyBlock, methodDesc=(Lnet/minecraft/util/BlockPos;Lnet/minecraft/util/EnumFacing;)Z, at=At(value=dev.falsehonesty.asmhelper.dsl.InjectionPoint$HEAD@260fffec, before=true, shift=0)} to class net.minecraft.client.multiplayer.PlayerControllerMP
[15:58:03] [main/WARN]: Error loading class: io/github/moulberry/notenoughupdates/auction/CustomAH (java.lang.ClassNotFoundException: The specified class 'io.github.moulberry.notenoughupdates.auction.CustomAH' was not found)
[15:58:03] [main/WARN]: Error loading class: club/sk1er/oldanimations/AnimationHandler (java.lang.ClassNotFoundException: The specified class 'club.sk1er.oldanimations.AnimationHandler' was not found)
[15:58:03] [main/WARN]: Error loading class: mynameisjeff/skyblockclientupdater/UpdateChecker (java.lang.ClassNotFoundException: The specified class 'mynameisjeff.skyblockclientupdater.UpdateChecker' was not found)
[15:58:03] [main/INFO]: Found 1 transformers for net.minecraftforge.fml.client.config.GuiUtils
[15:58:03] [main/INFO]: Applying transformer club.sk1er.mods.scrollabletooltips.transform.impl.GuiUtilsTransformer on net.minecraftforge.fml.client.config.GuiUtils...
[15:58:03] [main/INFO]: [codes.biscuit.skyblockaddons.mixins.SkyblockAddonsMixinPlugin:getMixins:114]: Trying to discover mixins
[15:58:03] [main/INFO]: [codes.biscuit.skyblockaddons.mixins.SkyblockAddonsMixinPlugin:getMixins:117]: Found classes at jar:file:/C:/Users/alexs/curseforge/minecraft/Instances/Skyblock/mods/SkyblockAddons-1.8.9+227-for-MC-1.8.9.jar!/codes/biscuit/skyblockaddons/mixins/SkyblockAddonsMixinPlugin.class
[15:58:03] [main/INFO]: [codes.biscuit.skyblockaddons.mixins.SkyblockAddonsMixinPlugin:getMixins:124]: Base directory found at C:\Users\alexs\curseforge\minecraft\Instances\Skyblock\mods\SkyblockAddons-1.8.9+227-for-MC-1.8.9.jar
[15:58:03] [main/INFO]: [codes.biscuit.skyblockaddons.mixins.SkyblockAddonsMixinPlugin:walkJar:154]: Trying to find mixins from jar file
[15:58:03] [main/INFO]: [codes.biscuit.skyblockaddons.mixins.SkyblockAddonsMixinPlugin:getMixins:130]: Found mixins: [EffectRendererTransformer, EntityLivingBaseTransformer, EntityPlayerSPTransformer, EntityRendererTransformer, FontRendererTransformer, GuiChestTransformer, GuiContainerTransformer, GuiDisconnectedTransformer, GuiIngameMenuTransformer, GuiNewChatTransformer, GuiScreenTransformer, InventoryPlayerTransformer, ItemTransformer, MinecraftTransformer, ModelEndermanTransformer, MouseHelperTransformer, PatcherFontRendererTransformer, PlayerControllerMPTransformer, RenderEndermanTransformer, RenderGlobalTransformer, RenderItemTransformer, RenderManagerTransformer, RendererLivingEntityTransformer, SoundManagerTransformer, TileEntityEnderChestRendererTransformer, WorldClientTransformer, WorldVertexBufferUploaderTransformer]
[15:58:04] [main/INFO]: [at.hannibal2.skyhanni.mixins.init.SkyhanniMixinPlugin:getMixins:90]: Trying to discover mixins
[15:58:04] [main/INFO]: [at.hannibal2.skyhanni.mixins.init.SkyhanniMixinPlugin:getMixins:93]: Found classes at jar:file:/C:/Users/alexs/curseforge/minecraft/Instances/Skyblock/mods/SkyHanni-0.27.jar!/at/hannibal2/skyhanni/mixins/init/SkyhanniMixinPlugin.class
[15:58:04] [main/INFO]: [at.hannibal2.skyhanni.mixins.init.SkyhanniMixinPlugin:getMixins:100]: Base directory found at C:\Users\alexs\curseforge\minecraft\Instances\Skyblock\mods\SkyHanni-0.27.jar
[15:58:04] [main/INFO]: [at.hannibal2.skyhanni.mixins.init.SkyhanniMixinPlugin:walkJar:112]: Trying to find mixins from jar file
[15:58:04] [main/INFO]: [at.hannibal2.skyhanni.mixins.init.SkyhanniMixinPlugin:getMixins:106]: Found mixins: [AccessorChatComponentText, AccessorEventBus, AccessorFontRenderer, AccessorGuiEditSign, AccessorGuiPlayerTabOverlay, AccessorKeyBinding, AccessorMinecraft, AccessorRender, AccessorRendererLivingEntity, AccessorWorldBorderPacket, CustomRenderGlobal, ExtendedColorPatch, MixinBlockFire, MixinEntity, MixinEntityBlaze, MixinEntityEnderman, MixinEntityFireball, MixinEntityPlayer, MixinEntityRenderer, MixinFontRenderer, MixinGuiChat, MixinGuiIngame, MixinGuiPlayerTabOverlay, MixinItemStack, MixinKeyBinding, MixinNEUOverlay, MixinNetHandlerPlayClient, MixinNetworkManager, MixinOptifineConnectedTextures, MixinPatcherFontRendererHook, MixinRenderGlobal, MixinRenderItem, MixinRenderManager, MixinRenderPlayer, MixinRendererLivingEntity, MixinXPInformation, UpdateDataWatcherEventPatch, gui.AccessorGuiContainer, gui.MixinGuiContainer, gui.MixinGuiNewChat, gui.MixinGuiScreen, gui.MixinInventoryBasic, renderer.MixinBlockRendererDispatcher, renderer.MixinContributorRendererEntityLiving, renderer.MixinRendererLivingEntity, renderer.MixinRendererLivingEntityHookSBA]
[15:58:04] [main/WARN]: Error loading class: codes/biscuit/skyblockaddons/asm/hooks/RendererLivingEntityHook (java.lang.ClassNotFoundException: The specified class 'codes.biscuit.skyblockaddons.asm.hooks.RendererLivingEntityHook' was not found)
[15:58:04] [main/INFO]: Launching wrapped minecraft {net.minecraft.client.main.Main}
[15:58:04] [main/INFO]: Transforming class net.minecraft.client.Minecraft
[15:58:04] [main/INFO]: Applying AsmWriter InjectWriter{className=net/minecraft/client/Minecraft, methodName=dispatchKeypresses, methodDesc=()V, at=At(value=INVOKE(descriptor=Descriptor(owner=net/minecraft/client/gui/GuiIngame, name=getChatGUI, desc=()Lnet/minecraft/client/gui/GuiNewChat;), ordinal=1), before=true, shift=-2)} to class net.minecraft.client.Minecraft
[15:58:04] [main/INFO]: Applying AsmWriter InjectWriter{className=net/minecraft/client/Minecraft, methodName=displayGuiScreen, methodDesc=(Lnet/minecraft/client/gui/GuiScreen;)V, at=At(value=INVOKE(descriptor=Descriptor(owner=net/minecraft/client/gui/GuiScreen, name=onGuiClosed, desc=()V), ordinal=null), before=true, shift=0)} to class net.minecraft.client.Minecraft
[15:58:04] [main/INFO]: Applying AsmWriter InjectWriter{className=net/minecraft/client/Minecraft, methodName=startGame, methodDesc=()V, at=At(value=dev.falsehonesty.asmhelper.dsl.InjectionPoint$TAIL@3ca9d3b2, before=true, shift=0)} to class net.minecraft.client.Minecraft
[15:58:04] [main/INFO]: Initializing MixinExtras via gg.skytils.mixinextras.service.MixinExtrasServiceImpl(version=0.5.0-beta.4).
[15:58:04] [main/INFO]: Mixing MinecraftMixin from mixins.oneconfig.json into net.minecraft.client.Minecraft
[15:58:04] [main/INFO]: Renaming synthetic method lambda$onStart$0()V to md046acd$lambda$onStart$0$0 in mixins.oneconfig.json:MinecraftMixin
[15:58:04] [main/INFO]: Mixing MixinMinecraft from mixins.skytils.json into net.minecraft.client.Minecraft
[15:58:04] [main/INFO]: Mixing accessors.AccessorMinecraft from mixins.skytils.json into net.minecraft.client.Minecraft
[15:58:04] [main/INFO]: Mixing MixinMinecraft from mixins.skytils-events.json into net.minecraft.client.Minecraft
[15:58:04] [main/INFO]: Transforming class net.minecraft.client.gui.GuiScreen
[15:58:04] [main/INFO]: Applying AsmWriter InjectWriter{className=net/minecraft/client/gui/GuiScreen, methodName=handleKeyboardInput, methodDesc=()V, at=At(value=INVOKE(descriptor=Descriptor(owner=net/minecraft/client/gui/GuiScreen, name=keyTyped, desc=(CI)V), ordinal=null), before=true, shift=0)} to class net.minecraft.client.gui.GuiScreen
[15:58:04] [main/INFO]: Applying AsmWriter InjectWriter{className=net/minecraft/client/gui/GuiScreen, methodName=handleMouseInput, methodDesc=()V, at=At(value=INVOKE(descriptor=Descriptor(owner=net/minecraft/client/gui/GuiScreen, name=mouseClicked, desc=(III)V), ordinal=null), before=true, shift=0)} to class net.minecraft.client.gui.GuiScreen
[15:58:04] [main/INFO]: Applying AsmWriter InjectWriter{className=net/minecraft/client/gui/GuiScreen, methodName=handleMouseInput, methodDesc=()V, at=At(value=INVOKE(descriptor=Descriptor(owner=net/minecraft/client/gui/GuiScreen, name=mouseReleased, desc=(III)V), ordinal=null), before=true, shift=0)} to class net.minecraft.client.gui.GuiScreen
[15:58:04] [main/INFO]: Applying AsmWriter InjectWriter{className=net/minecraft/client/gui/GuiScreen, methodName=handleMouseInput, methodDesc=()V, at=At(value=INVOKE(descriptor=Descriptor(owner=net/minecraft/client/gui/GuiScreen, name=mouseClickMove, desc=(IIIJ)V), ordinal=null), before=true, shift=0)} to class net.minecraft.client.gui.GuiScreen
[15:58:04] [main/INFO]: Applying AsmWriter InjectWriter{className=net/minecraft/client/gui/GuiScreen, methodName=handleComponentClick, methodDesc=(Lnet/minecraft/util/IChatComponent;)Z, at=At(value=dev.falsehonesty.asmhelper.dsl.InjectionPoint$HEAD@260fffec, before=true, shift=0)} to class net.minecraft.client.gui.GuiScreen
[15:58:04] [main/INFO]: Applying AsmWriter InjectWriter{className=net/minecraft/client/gui/GuiScreen, methodName=handleComponentHover, methodDesc=(Lnet/minecraft/util/IChatComponent;II)V, at=At(value=dev.falsehonesty.asmhelper.dsl.InjectionPoint$HEAD@260fffec, before=true, shift=0)} to class net.minecraft.client.gui.GuiScreen
[15:58:04] [main/INFO]: Applying AsmWriter InjectWriter{className=net/minecraft/client/gui/GuiScreen, methodName=renderToolTip, methodDesc=(Lnet/minecraft/item/ItemStack;II)V, at=At(value=INVOKE(descriptor=Descriptor(owner=net/minecraft/item/ItemStack, name=getTooltip, desc=(Lnet/minecraft/entity/player/EntityPlayer;Z)Ljava/util/List;), ordinal=null), before=false, shift=1)} to class net.minecraft.client.gui.GuiScreen
[15:58:04] [main/INFO]: Applying AsmWriter InjectWriter{className=net/minecraft/client/gui/GuiScreen, methodName=drawDefaultBackground, methodDesc=()V, at=At(value=dev.falsehonesty.asmhelper.dsl.InjectionPoint$HEAD@260fffec, before=true, shift=0)} to class net.minecraft.client.gui.GuiScreen
[15:58:04] [main/INFO]: Mixing gui.MixinGuiScreen from mixins.skytils.json into net.minecraft.client.gui.GuiScreen
[15:58:04] [main/INFO]: Mixing GuiScreenMixin from mixins.oneconfig.json into net.minecraft.client.gui.GuiScreen
[15:58:05] [main/INFO]: [xaero.common.core.transformer.ClassNodeTransformer:transform:26]: Transforming class wn net.minecraft.entity.player.EntityPlayer
[15:58:05] [main/INFO]: Mixing entity.MixinEntityLivingBase from mixins.skytils.json into net.minecraft.entity.EntityLivingBase
[15:58:05] [main/INFO]: Mixing accessors.AccessorEntity from mixins.skytils.json into net.minecraft.entity.Entity
[15:58:05] [main/INFO]: [xaero.common.core.transformer.ClassNodeTransformer:transform:26]: Transforming class bew net.minecraft.client.entity.EntityPlayerSP
[15:58:05] [main/INFO]: Transforming class net.minecraft.client.entity.EntityPlayerSP
[15:58:05] [main/INFO]: Applying AsmWriter InjectWriter{className=net/minecraft/client/entity/EntityPlayerSP, methodName=sendChatMessage, methodDesc=(Ljava/lang/String;)V, at=At(value=dev.falsehonesty.asmhelper.dsl.InjectionPoint$HEAD@260fffec, before=true, shift=0)} to class net.minecraft.client.entity.EntityPlayerSP
[15:58:05] [main/INFO]: Mixing EntityPlayerSPMixin from mixins.oneconfig.json into net.minecraft.client.entity.EntityPlayerSP
[15:58:05] [main/INFO]: Mixing entity.MixinEntityPlayerSP from mixins.skytils.json into net.minecraft.client.entity.EntityPlayerSP
[15:58:05] [main/INFO]: [xaero.common.core.transformer.ClassNodeTransformer:transform:26]: Transforming class bet net.minecraft.client.entity.AbstractClientPlayer
[15:58:05] [main/INFO]: Mixing entity.MixinAbstractClientPlayer from mixins.skytils.json into net.minecraft.client.entity.AbstractClientPlayer
[15:58:05] [main/INFO]: Mixing accessors.AccessorGuiChat from mixins.skytils.json into net.minecraft.client.gui.GuiChat
[15:58:05] [main/INFO]: Mixing renderer.MixinInventoryEffectRenderer from mixins.skytils.json into net.minecraft.client.renderer.InventoryEffectRenderer
[15:58:05] [main/INFO]: Transforming class net.minecraft.client.gui.inventory.GuiContainer
[15:58:05] [main/INFO]: Applying AsmWriter InjectWriter{className=net/minecraft/client/gui/inventory/GuiContainer, methodName=drawSlot, methodDesc=(Lnet/minecraft/inventory/Slot;)V, at=At(value=dev.falsehonesty.asmhelper.dsl.InjectionPoint$HEAD@260fffec, before=true, shift=0)} to class net.minecraft.client.gui.inventory.GuiContainer
[15:58:05] [main/INFO]: Applying AsmWriter InjectWriter{className=net/minecraft/client/gui/inventory/GuiContainer, methodName=drawScreen, methodDesc=(IIF)V, at=At(value=INVOKE(descriptor=Descriptor(owner=net/minecraft/client/gui/inventory/GuiContainer, name=drawGuiContainerForegroundLayer, desc=(II)V), ordinal=null), before=false, shift=0)} to class net.minecraft.client.gui.inventory.GuiContainer
[15:58:05] [main/INFO]: Applying AsmWriter InjectWriter{className=net/minecraft/client/gui/inventory/GuiContainer, methodName=drawScreen, methodDesc=(IIF)V, at=At(value=INVOKE(descriptor=Descriptor(owner=net/minecraft/client/gui/inventory/GuiContainer, name=drawGradientRect, desc=(IIIIII)V), ordinal=null), before=true, shift=0)} to class net.minecraft.client.gui.inventory.GuiContainer
[15:58:05] [main/INFO]: Mixing accessors.AccessorGuiContainer from mixins.skytils.json into net.minecraft.client.gui.inventory.GuiContainer
[15:58:05] [main/INFO]: Mixing gui.MixinGuiContainer from mixins.skytils.json into net.minecraft.client.gui.inventory.GuiContainer
[15:58:05] [main/WARN]: @Redirect conflict. Skipping mixins.notenoughupdates.json:MixinGuiContainer->@Redirect::drawScreen_drawGradientRect(Lnet/minecraft/client/gui/inventory/GuiContainer;IIIIII)V with priority 500, already redirected by mixins.skyblockaddons.json:GuiContainerTransformer->@Redirect::drawGradientRect(Lnet/minecraft/client/gui/inventory/GuiContainer;IIIIII)V with priority 1000
[15:58:05] [main/INFO]: Mixing world.MixinWorld from mixins.skytils.json into net.minecraft.world.World
[15:58:05] [main/INFO]: [xaero.common.core.transformer.ClassNodeTransformer:transform:26]: Transforming class bdb net.minecraft.client.multiplayer.WorldClient
[15:58:05] [main/INFO]: Mixing WorldClientMixin from mixins.oneconfig.json into net.minecraft.client.multiplayer.WorldClient
[15:58:05] [main/INFO]: Transforming class net.minecraft.client.gui.GuiMainMenu
[15:58:05] [main/INFO]: Applying AsmWriter InjectWriter{className=net/minecraft/client/gui/GuiMainMenu, methodName=drawScreen, methodDesc=(IIF)V, at=At(value=INVOKE(descriptor=Descriptor(owner=net/minecraftforge/client/ForgeHooksClient, name=renderMainMenu, desc=(Lnet/minecraft/client/gui/GuiMainMenu;Lnet/minecraft/client/gui/FontRenderer;II)V), ordinal=null), before=true, shift=0)} to class net.minecraft.client.gui.GuiMainMenu
[15:58:05] [main/ERROR]: Couldn't find any matching nodes for InjectWriter{className=net/minecraft/client/gui/GuiMainMenu, methodName=drawScreen, methodDesc=(IIF)V, at=At(value=INVOKE(descriptor=Descriptor(owner=net/minecraftforge/client/ForgeHooksClient, name=renderMainMenu, desc=(Lnet/minecraft/client/gui/GuiMainMenu;Lnet/minecraft/client/gui/FontRenderer;II)V), ordinal=null), before=true, shift=0)}
[15:58:05] [main/INFO]: Mixing accessors.AccessorGuiMainMenu from mixins.skytils.json into net.minecraft.client.gui.GuiMainMenu
[15:58:05] [main/INFO]: Mixing gui.MixinGuiMainMenu from mixins.skytils.json into net.minecraft.client.gui.GuiMainMenu
[15:58:05] [main/INFO]: Transforming class net.minecraft.client.gui.GuiIngame
[15:58:05] [main/INFO]: Applying AsmWriter InjectWriter{className=net/minecraft/client/gui/GuiIngame, methodName=renderScoreboard, methodDesc=(Lnet/minecraft/scoreboard/ScoreObjective;Lnet/minecraft/client/gui/ScaledResolution;)V, at=At(value=dev.falsehonesty.asmhelper.dsl.InjectionPoint$HEAD@260fffec, before=true, shift=0)} to class net.minecraft.client.gui.GuiIngame
[15:58:05] [main/INFO]: Transforming class net.minecraft.client.gui.GuiIngame
[15:58:05] [main/INFO]: Applying AsmWriter ModifyWriter{className=net/minecraft/client/gui/GuiIngame} to class net.minecraft.client.gui.GuiIngame
[15:58:05] [main/INFO]: Mixing gui.MixinGuiIngame from mixins.skytils.json into net.minecraft.client.gui.GuiIngame
[15:58:05] [main/INFO]: [xaero.common.core.transformer.ClassNodeTransformer:transform:26]: Transforming class net.minecraftforge.client.GuiIngameForge net.minecraftforge.client.GuiIngameForge
[15:58:05] [main/INFO]: Transforming class net.minecraftforge.client.GuiIngameForge
[15:58:05] [main/INFO]: Applying AsmWriter InjectWriter{className=net/minecraftforge/client/GuiIngameForge, methodName=renderTitle, methodDesc=(IIF)V, at=At(value=INVOKE(descriptor=Descriptor(owner=net/minecraft/client/renderer/GlStateManager, name=pushMatrix, desc=()V), ordinal=0), before=true, shift=0)} to class net.minecraftforge.client.GuiIngameForge
[15:58:05] [main/INFO]: Mixing GuiIngameForgeMixin from mixins.oneconfig.json into net.minecraftforge.client.GuiIngameForge
[15:58:05] [main/INFO]: Mixing gui.MixinGuiIngameForge from mixins.skytils.json into net.minecraftforge.client.GuiIngameForge
[15:58:05] [main/INFO]: Mixing util.MixinUtil from mixins.skytils.json into net.minecraft.util.Util
[15:58:05] [Client thread/INFO]: Mixing util.MixinIChatComponentSerializer from mixins.skytils.json into net.minecraft.util.IChatComponent$Serializer
[15:58:05] [Client thread/INFO]: Mixing accessors.AccessorChatComponentText from mixins.skytils.json into net.minecraft.util.ChatComponentText
[15:58:05] [Client thread/INFO]: Mixing util.MixinChatStyle from mixins.skytils.json into net.minecraft.util.ChatStyle
[15:58:05] [Client thread/INFO]: Setting user: Firemage_X
[15:58:05] [Client thread/INFO]: [xaero.common.core.transformer.ClassNodeTransformer:transform:26]: Transforming class lx net.minecraft.server.management.ServerConfigurationManager
[15:58:05] [Client thread/INFO]: Mixing accessors.AccessorCommandHandler from mixins.skytils.json into net.minecraft.command.CommandHandler
[15:58:05] [Client thread/INFO]: Mixing command.MixinCommandHandler from mixins.skytils.json into net.minecraft.command.CommandHandler
[15:58:05] [Client thread/INFO]: Mixing block.MixinBlockSlab from mixins.skytils.json into net.minecraft.block.BlockSlab
[15:58:06] [Client thread/INFO]: Mixing accessors.AccessorEnumDyeColor from mixins.skytils.json into net.minecraft.item.EnumDyeColor
[15:58:06] [Client thread/INFO]: Mixing accessors.AccessorEnumChatFormatting from mixins.skytils.json into net.minecraft.util.EnumChatFormatting
[15:58:06] [Client thread/INFO]: Mixing block.MixinBlockStairs from mixins.skytils.json into net.minecraft.block.BlockStairs
[15:58:06] [Client thread/INFO]: Mixing item.MixinItemBow from mixins.skytils.json into net.minecraft.item.ItemBow
[15:58:06] [Client thread/INFO]: Mixing item.MixinItemArmor from mixins.skytils.json into net.minecraft.item.ItemArmor
[15:58:06] [Client thread/INFO]: Mixing entity.MixinEntityFishHook from mixins.skytils.json into net.minecraft.entity.projectile.EntityFishHook
[15:58:06] [Client thread/INFO]: Mixing accessors.AccessorEntityArmorstand from mixins.skytils.json into net.minecraft.entity.item.EntityArmorStand
[15:58:06] [Client thread/INFO]: Mixing item.MixinItemStack from mixins.skytils.json into net.minecraft.item.ItemStack
[15:58:06] [Client thread/WARN]: @Redirect conflict. Skipping mixins.notenoughupdates.json:MixinItemStack->@Redirect::getTooltip_toHexString(I)Ljava/lang/String; with priority 1000, already redirected by patcher.mixins.json:bugfixes.render.item.ItemStackMixin_HexColorTooltip->@Redirect::patcher$fixHexColorString(I)Ljava/lang/String; with priority 1000
[15:58:06] [Client thread/INFO]: Mixing EventBusMixin from mixins.oneconfig.json into net.minecraftforge.fml.common.eventhandler.EventBus
[15:58:07] [Client thread/INFO]: Mixing accessors.AccessorEntitySlime from mixins.skytils.json into net.minecraft.entity.monster.EntitySlime
[15:58:07] [Client thread/INFO]: Mixing entity.MixinEntityBlaze from mixins.skytils.json into net.minecraft.entity.monster.EntityBlaze
[15:58:07] [Client thread/INFO]: Mixing entity.MixinEntityDragon from mixins.skytils.json into net.minecraft.entity.boss.EntityDragon
[15:58:08] [Client thread/INFO]: Starting DI!
[15:58:08] [Client thread/INFO]: Authenticating to Mojang as Firemage_X (34907d0d-ecb9-4d8a-bfad-a64069b28127)
[15:58:08] [DefaultDispatcher-worker-3/INFO]: Connecting to Essential Connection Manager...
[15:58:08] [Client thread/INFO]: Mixing OptifineConfigMixin from mixins.oneconfig.json into Config
[15:58:09] [DefaultDispatcher-worker-3/INFO]: Using LegacyJreDnsResolver
[15:58:09] [DefaultDispatcher-worker-3/INFO]: Using LegacyJreSocketFactory
[15:58:09] [Client thread/INFO]: OptiFine version OptiFine_1.8.9_HD_U_M5 detected.
[15:58:09] [Client thread/INFO]: [OptiFine] *** Reflector Forge ***
[15:58:09] [Client thread/INFO]: Mixing EntityRendererMixin from mixins.oneconfig.json into net.minecraft.client.renderer.EntityRenderer
[15:58:09] [Client thread/INFO]: Mixing renderer.MixinEntityRenderer from mixins.skytils.json into net.minecraft.client.renderer.EntityRenderer
[15:58:09] [Client thread/INFO]: Transforming class net.minecraft.client.renderer.entity.RenderManager
[15:58:09] [Client thread/INFO]: Applying AsmWriter InjectWriter{className=net/minecraft/client/renderer/entity/RenderManager, methodName=doRenderEntity, methodDesc=(Lnet/minecraft/entity/Entity;DDDFFZ)Z, at=At(value=dev.falsehonesty.asmhelper.dsl.InjectionPoint$HEAD@260fffec, before=true, shift=0)} to class net.minecraft.client.renderer.entity.RenderManager
[15:58:09] [Client thread/INFO]: Applying AsmWriter InjectWriter{className=net/minecraft/client/renderer/entity/RenderManager, methodName=doRenderEntity, methodDesc=(Lnet/minecraft/entity/Entity;DDDFFZ)Z, at=At(value=RETURN(ordinal=2), before=true, shift=0)} to class net.minecraft.client.renderer.entity.RenderManager
[15:58:09] [Client thread/INFO]: Mixing accessors.AccessorRenderManager from mixins.skytils.json into net.minecraft.client.renderer.entity.RenderManager
[15:58:09] [Client thread/INFO]: Mixing renderer.MixinRenderManager from mixins.skytils.json into net.minecraft.client.renderer.entity.RenderManager
[15:58:09] [Client thread/INFO]: Mixing renderer.MixinRender from mixins.skytils.json into net.minecraft.client.renderer.entity.Render
[15:58:09] [Client thread/INFO]: Transforming class net.minecraft.client.renderer.entity.RendererLivingEntity
[15:58:09] [Client thread/INFO]: Applying AsmWriter ModifyWriter{className=net.minecraft.client.renderer.entity.RendererLivingEntity} to class net.minecraft.client.renderer.entity.RendererLivingEntity
[15:58:09] [Client thread/INFO]: Mixing renderer.MixinRendererLivingEntity from mixins.skytils.json into net.minecraft.client.renderer.entity.RendererLivingEntity
[15:58:09] [Client thread/WARN]: @Redirect conflict. Skipping mixins.skyhanni.json:renderer.MixinContributorRendererEntityLiving->@Redirect::alwaysMarkAsHavingCape(Lnet/minecraft/entity/player/EntityPlayer;Lnet/minecraft/entity/player/EnumPlayerModelParts;)Z with priority 500, already redirected by mixins.skyblockaddons.json:RendererLivingEntityTransformer->@Redirect::rotateCorpse(Lnet/minecraft/entity/player/EntityPlayer;Lnet/minecraft/entity/player/EnumPlayerModelParts;)Z with priority 1000
[15:58:09] [Client thread/INFO]: [OptiFine] *** Reflector Vanilla ***
[15:58:09] [WebSocketConnectReadThread-121/INFO]: Connected to Essential Connection Manager.
[15:58:09] [Client thread/INFO]: [xaero.common.core.transformer.ClassNodeTransformer:transform:26]: Transforming class bct net.minecraft.client.model.ModelRenderer
[15:58:09] [Client thread/INFO]: Mixing model.MixinModelBlaze from mixins.skytils.json into net.minecraft.client.model.ModelBlaze
[15:58:09] [Client thread/INFO]: Mixing accessors.AccessorModelDragon from mixins.skytils.json into net.minecraft.client.model.ModelDragon
[15:58:09] [Client thread/INFO]: Mixing renderer.MixinTileEntityChestRenderer from mixins.skytils.json into net.minecraft.client.renderer.tileentity.TileEntityChestRenderer
[15:58:09] [Client thread/INFO]: Mixing renderer.MixinTileEntitySkullRenderer from mixins.skytils.json into net.minecraft.client.renderer.tileentity.TileEntitySkullRenderer
[15:58:09] [Client thread/INFO]: LWJGL Version: 2.9.4
[15:58:09] [Client thread/INFO]: [OptiFine] 
[15:58:09] [Client thread/INFO]: [OptiFine] OptiFine_1.8.9_HD_U_M5
[15:58:09] [Client thread/INFO]: [OptiFine] Build: 20210124-163719
[15:58:09] [Client thread/INFO]: [OptiFine] OS: Windows 10 (amd64) version 10.0
[15:58:09] [Client thread/INFO]: [OptiFine] Java: 1.8.0_51, Oracle Corporation
[15:58:09] [Client thread/INFO]: [OptiFine] VM: Java HotSpot(TM) 64-Bit Server VM (mixed mode), Oracle Corporation
[15:58:09] [Client thread/INFO]: [OptiFine] LWJGL: 2.9.4
[15:58:09] [Client thread/INFO]: [OptiFine] OpenGL: NVIDIA GeForce RTX 4060 Laptop GPU/PCIe/SSE2, version 4.6.0 NVIDIA 555.94, NVIDIA Corporation
[15:58:09] [Client thread/INFO]: [OptiFine] OpenGL Version: 4.6.0
[15:58:09] [Client thread/INFO]: [OptiFine] Maximum texture size: 32768x32768
[15:58:09] [VersionCheck/INFO]: [OptiFine] Checking for new version
[15:58:10] [VersionCheck/INFO]: [OptiFine] Version found: M5
[15:58:10] [Client thread/INFO]: [Shaders] OpenGL Version: 4.6.0 NVIDIA 555.94
[15:58:10] [Client thread/INFO]: [Shaders] Vendor:  NVIDIA Corporation
[15:58:10] [Client thread/INFO]: [Shaders] Renderer: NVIDIA GeForce RTX 4060 Laptop GPU/PCIe/SSE2
[15:58:10] [Client thread/INFO]: [Shaders] Capabilities:  2.0  2.1  3.0  3.2  4.0 
[15:58:10] [Client thread/INFO]: [Shaders] GL_MAX_DRAW_BUFFERS: 8
[15:58:10] [Client thread/INFO]: [Shaders] GL_MAX_COLOR_ATTACHMENTS_EXT: 8
[15:58:10] [Client thread/INFO]: [Shaders] GL_MAX_TEXTURE_IMAGE_UNITS: 32
[15:58:10] [Client thread/INFO]: [Shaders] Load shaders configuration.
[15:58:10] [Client thread/INFO]: [Shaders] No shaderpack loaded.
[15:58:10] [Client thread/INFO]: [OptiFine] [Shaders] Delayed loading of block mappings after resources are loaded
[15:58:10] [Client thread/INFO]: [OptiFine] [Shaders] Delayed loading of item mappings after resources are loaded
[15:58:10] [Client thread/INFO]: [OptiFine] [Shaders] Delayed loading of entity mappings after resources are loaded
[15:58:10] [Client thread/WARN]: =============================================================
[15:58:10] [Client thread/WARN]: MOD HAS DIRECT REFERENCE System.exit() THIS IS NOT ALLOWED REROUTING TO FML!
[15:58:10] [Client thread/WARN]: Offendor: com/sun/jna/Native.main([Ljava/lang/String;)V
[15:58:10] [Client thread/WARN]: Use FMLCommonHandler.exitJava instead
[15:58:10] [Client thread/WARN]: =============================================================
[15:58:10] [Client thread/INFO]: Transforming class net.minecraftforge.fml.client.SplashProgress
[15:58:10] [Client thread/INFO]: Applying AsmWriter ModifyWriter{className=net.minecraftforge.fml.client.SplashProgress} to class net.minecraftforge.fml.client.SplashProgress
[15:58:10] [Client thread/INFO]: Mixing patcher.MixinHUDCaching from mixins.skytils.json into club.sk1er.patcher.screen.render.caching.HUDCaching
[15:58:10] [Client thread/INFO]: Forge Mod Loader has detected optifine OptiFine_1.8.9_HD_U_M5, enabling compatibility features
[15:58:10] [Client thread/INFO]: MinecraftForge v11.15.1.2318 Initialized
[15:58:10] [Client thread/INFO]: Replaced 229 ore recipies
[15:58:10] [Client thread/INFO]: Transforming class net.minecraft.crash.CrashReport
[15:58:10] [Client thread/INFO]: Applying AsmWriter InjectWriter{className=net/minecraft/crash/CrashReport, methodName=populateEnvironment, methodDesc=()V, at=At(value=dev.falsehonesty.asmhelper.dsl.InjectionPoint$HEAD@260fffec, before=true, shift=0)} to class net.minecraft.crash.CrashReport
[15:58:10] [Client thread/INFO]: Mixing crash.MixinCrashReport from mixins.skytils.json into net.minecraft.crash.CrashReport
[15:58:10] [Client thread/INFO]: Mixing accessors.AccessorWorldInfo from mixins.skytils.json into net.minecraft.world.storage.WorldInfo
[15:58:10] [Client thread/INFO]: Mixing network.MixinNetworkManager from mixins.skytils.json into net.minecraft.network.NetworkManager
[15:58:10] [Client thread/INFO]: Mixing NetworkManagerMixin from mixins.oneconfig.json into net.minecraft.network.NetworkManager
[15:58:10] [Client thread/INFO]: Found 0 mods from the command line. Injecting into mod discoverer
[15:58:10] [Client thread/INFO]: Searching C:\Users\alexs\curseforge\minecraft\Instances\Skyblock\mods for mods
[15:58:15] [Client thread/ERROR]: Unable to read a class file correctly
java.lang.IllegalArgumentException
	at org.objectweb.asm.ClassReader.<init>(ClassReader.java:185) ~[Essential%20(forge_1.8.9).processed.jar:?]
	at org.objectweb.asm.ClassReader.<init>(ClassReader.java:168) ~[Essential%20(forge_1.8.9).processed.jar:?]
	at org.objectweb.asm.ClassReader.<init>(ClassReader.java:439) ~[Essential%20(forge_1.8.9).processed.jar:?]
	at net.minecraftforge.fml.common.discovery.asm.ASMModParser.<init>(ASMModParser.java:52) [ASMModParser.class:?]
	at net.minecraftforge.fml.common.discovery.JarDiscoverer.discover(JarDiscoverer.java:69) [JarDiscoverer.class:?]
	at net.minecraftforge.fml.common.discovery.ContainerType.findMods(ContainerType.java:42) [ContainerType.class:?]
	at net.minecraftforge.fml.common.discovery.ModCandidate.explore(ModCandidate.java:71) [ModCandidate.class:?]
	at net.minecraftforge.fml.common.discovery.ModDiscoverer.identifyMods(ModDiscoverer.java:134) [ModDiscoverer.class:?]
	at net.minecraftforge.fml.common.Loader.identifyMods(Loader.java:363) [Loader.class:?]
	at net.minecraftforge.fml.common.Loader.loadMods(Loader.java:488) [Loader.class:?]
	at net.minecraftforge.fml.client.FMLClientHandler.beginMinecraftLoading(FMLClientHandler.java:208) [FMLClientHandler.class:?]
	at net.minecraft.client.Minecraft.func_71384_a(Minecraft.java:417) [ave.class:?]
	at net.minecraft.client.Minecraft.func_99999_d(Minecraft.java:329) [ave.class:?]
	at net.minecraft.client.main.Main.main(SourceFile:124) [Main.class:?]
	at sun.reflect.NativeMethodAccessorImpl.invoke0(Native Method) ~[?:1.8.0_51]
	at sun.reflect.NativeMethodAccessorImpl.invoke(NativeMethodAccessorImpl.java:62) ~[?:1.8.0_51]
	at sun.reflect.DelegatingMethodAccessorImpl.invoke(DelegatingMethodAccessorImpl.java:43) ~[?:1.8.0_51]
	at java.lang.reflect.Method.invoke(Method.java:497) ~[?:1.8.0_51]
	at net.minecraft.launchwrapper.Launch.launch(Launch.java:135) [launchwrapper-1.12.jar:?]
	at net.minecraft.launchwrapper.Launch.main(Launch.java:28) [launchwrapper-1.12.jar:?]
	at sun.reflect.NativeMethodAccessorImpl.invoke0(Native Method) ~[?:1.8.0_51]
	at sun.reflect.NativeMethodAccessorImpl.invoke(NativeMethodAccessorImpl.java:62) ~[?:1.8.0_51]
	at sun.reflect.DelegatingMethodAccessorImpl.invoke(DelegatingMethodAccessorImpl.java:43) ~[?:1.8.0_51]
	at java.lang.reflect.Method.invoke(Method.java:497) ~[?:1.8.0_51]
	at gg.essential.loader.stage2.relaunch.Relaunch.relaunch(Relaunch.java:124) [stage2.forge_1.8.9.jar:?]
	at gg.essential.loader.stage2.EssentialLoader.preloadEssential(EssentialLoader.java:220) [stage2.forge_1.8.9.jar:?]
	at gg.essential.loader.stage2.EssentialLoader.loadPlatform(EssentialLoader.java:116) [stage2.forge_1.8.9.jar:?]
	at gg.essential.loader.stage2.EssentialLoaderBase.load(EssentialLoaderBase.java:148) [stage2.forge_1.8.9.jar:?]
	at sun.reflect.NativeMethodAccessorImpl.invoke0(Native Method) ~[?:1.8.0_51]
	at sun.reflect.NativeMethodAccessorImpl.invoke(NativeMethodAccessorImpl.java:62) ~[?:1.8.0_51]
	at sun.reflect.DelegatingMethodAccessorImpl.invoke(DelegatingMethodAccessorImpl.java:43) ~[?:1.8.0_51]
	at java.lang.reflect.Method.invoke(Method.java:497) ~[?:1.8.0_51]
	at gg.essential.loader.stage1.EssentialLoaderBase.load(EssentialLoaderBase.java:293) [stage1.jar:9]
	at gg.essential.loader.stage1.EssentialSetupTweaker.<init>(EssentialSetupTweaker.java:44) [stage1.jar:9]
	at sun.reflect.NativeConstructorAccessorImpl.newInstance0(Native Method) [?:1.8.0_51]
	at sun.reflect.NativeConstructorAccessorImpl.newInstance(NativeConstructorAccessorImpl.java:62) [?:1.8.0_51]
	at sun.reflect.DelegatingConstructorAccessorImpl.newInstance(DelegatingConstructorAccessorImpl.java:45) [?:1.8.0_51]
	at java.lang.reflect.Constructor.newInstance(Constructor.java:422) [?:1.8.0_51]
	at gg.essential.loader.stage0.EssentialSetupTweaker.loadStage1(EssentialSetupTweaker.java:53) [ctjs-2.2.1-1.8.9.jar:?]
	at gg.essential.loader.stage0.EssentialSetupTweaker.<init>(EssentialSetupTweaker.java:26) [ctjs-2.2.1-1.8.9.jar:?]
	at sun.reflect.NativeConstructorAccessorImpl.newInstance0(Native Method) [?:1.8.0_51]
	at sun.reflect.NativeConstructorAccessorImpl.newInstance(NativeConstructorAccessorImpl.java:62) [?:1.8.0_51]
	at sun.reflect.DelegatingConstructorAccessorImpl.newInstance(DelegatingConstructorAccessorImpl.java:45) [?:1.8.0_51]
	at java.lang.reflect.Constructor.newInstance(Constructor.java:422) [?:1.8.0_51]
	at java.lang.Class.newInstance(Class.java:442) [?:1.8.0_51]
	at net.minecraft.launchwrapper.Launch.launch(Launch.java:98) [launchwrapper-1.12.jar:?]
	at net.minecraft.launchwrapper.Launch.main(Launch.java:28) [launchwrapper-1.12.jar:?]
[15:58:15] [Client thread/ERROR]: There was a problem reading the entry META-INF/versions/11/org/bouncycastle/jcajce/provider/asymmetric/edec/BC11XDHPrivateKey.class in the jar C:\Users\alexs\curseforge\minecraft\Instances\Skyblock\.\libraries\org\bouncycastle\bcprov-jdk18on\1.78.1\bcprov-jdk18on-1.78.1.jar - probably a corrupt zip
net.minecraftforge.fml.common.LoaderException: java.lang.IllegalArgumentException

	at net.minecraftforge.fml.common.discovery.asm.ASMModParser.<init>(ASMModParser.java:58) ~[ASMModParser.class:?]
	at net.minecraftforge.fml.common.discovery.JarDiscoverer.discover(JarDiscoverer.java:69) [JarDiscoverer.class:?]
	at net.minecraftforge.fml.common.discovery.ContainerType.findMods(ContainerType.java:42) [ContainerType.class:?]
	at net.minecraftforge.fml.common.discovery.ModCandidate.explore(ModCandidate.java:71) [ModCandidate.class:?]
	at net.minecraftforge.fml.common.discovery.ModDiscoverer.identifyMods(ModDiscoverer.java:134) [ModDiscoverer.class:?]
	at net.minecraftforge.fml.common.Loader.identifyMods(Loader.java:363) [Loader.class:?]
	at net.minecraftforge.fml.common.Loader.loadMods(Loader.java:488) [Loader.class:?]
	at net.minecraftforge.fml.client.FMLClientHandler.beginMinecraftLoading(FMLClientHandler.java:208) [FMLClientHandler.class:?]
	at net.minecraft.client.Minecraft.func_71384_a(Minecraft.java:417) [ave.class:?]
	at net.minecraft.client.Minecraft.func_99999_d(Minecraft.java:329) [ave.class:?]
	at net.minecraft.client.main.Main.main(SourceFile:124) [Main.class:?]
	at sun.reflect.NativeMethodAccessorImpl.invoke0(Native Method) ~[?:1.8.0_51]
	at sun.reflect.NativeMethodAccessorImpl.invoke(NativeMethodAccessorImpl.java:62) ~[?:1.8.0_51]
	at sun.reflect.DelegatingMethodAccessorImpl.invoke(DelegatingMethodAccessorImpl.java:43) ~[?:1.8.0_51]
	at java.lang.reflect.Method.invoke(Method.java:497) ~[?:1.8.0_51]
	at net.minecraft.launchwrapper.Launch.launch(Launch.java:135) [launchwrapper-1.12.jar:?]
	at net.minecraft.launchwrapper.Launch.main(Launch.java:28) [launchwrapper-1.12.jar:?]
	at sun.reflect.NativeMethodAccessorImpl.invoke0(Native Method) ~[?:1.8.0_51]
	at sun.reflect.NativeMethodAccessorImpl.invoke(NativeMethodAccessorImpl.java:62) ~[?:1.8.0_51]
	at sun.reflect.DelegatingMethodAccessorImpl.invoke(DelegatingMethodAccessorImpl.java:43) ~[?:1.8.0_51]
	at java.lang.reflect.Method.invoke(Method.java:497) ~[?:1.8.0_51]
	at gg.essential.loader.stage2.relaunch.Relaunch.relaunch(Relaunch.java:124) [stage2.forge_1.8.9.jar:?]
	at gg.essential.loader.stage2.EssentialLoader.preloadEssential(EssentialLoader.java:220) [stage2.forge_1.8.9.jar:?]
	at gg.essential.loader.stage2.EssentialLoader.loadPlatform(EssentialLoader.java:116) [stage2.forge_1.8.9.jar:?]
	at gg.essential.loader.stage2.EssentialLoaderBase.load(EssentialLoaderBase.java:148) [stage2.forge_1.8.9.jar:?]
	at sun.reflect.NativeMethodAccessorImpl.invoke0(Native Method) ~[?:1.8.0_51]
	at sun.reflect.NativeMethodAccessorImpl.invoke(NativeMethodAccessorImpl.java:62) ~[?:1.8.0_51]
	at sun.reflect.DelegatingMethodAccessorImpl.invoke(DelegatingMethodAccessorImpl.java:43) ~[?:1.8.0_51]
	at java.lang.reflect.Method.invoke(Method.java:497) ~[?:1.8.0_51]
	at gg.essential.loader.stage1.EssentialLoaderBase.load(EssentialLoaderBase.java:293) [stage1.jar:9]
	at gg.essential.loader.stage1.EssentialSetupTweaker.<init>(EssentialSetupTweaker.java:44) [stage1.jar:9]
	at sun.reflect.NativeConstructorAccessorImpl.newInstance0(Native Method) [?:1.8.0_51]
	at sun.reflect.NativeConstructorAccessorImpl.newInstance(NativeConstructorAccessorImpl.java:62) [?:1.8.0_51]
	at sun.reflect.DelegatingConstructorAccessorImpl.newInstance(DelegatingConstructorAccessorImpl.java:45) [?:1.8.0_51]
	at java.lang.reflect.Constructor.newInstance(Constructor.java:422) [?:1.8.0_51]
	at gg.essential.loader.stage0.EssentialSetupTweaker.loadStage1(EssentialSetupTweaker.java:53) [ctjs-2.2.1-1.8.9.jar:?]
	at gg.essential.loader.stage0.EssentialSetupTweaker.<init>(EssentialSetupTweaker.java:26) [ctjs-2.2.1-1.8.9.jar:?]
	at sun.reflect.NativeConstructorAccessorImpl.newInstance0(Native Method) [?:1.8.0_51]
	at sun.reflect.NativeConstructorAccessorImpl.newInstance(NativeConstructorAccessorImpl.java:62) [?:1.8.0_51]
	at sun.reflect.DelegatingConstructorAccessorImpl.newInstance(DelegatingConstructorAccessorImpl.java:45) [?:1.8.0_51]
	at java.lang.reflect.Constructor.newInstance(Constructor.java:422) [?:1.8.0_51]
	at java.lang.Class.newInstance(Class.java:442) [?:1.8.0_51]
	at net.minecraft.launchwrapper.Launch.launch(Launch.java:98) [launchwrapper-1.12.jar:?]
	at net.minecraft.launchwrapper.Launch.main(Launch.java:28) [launchwrapper-1.12.jar:?]
Caused by: java.lang.IllegalArgumentException
	at org.objectweb.asm.ClassReader.<init>(ClassReader.java:185) ~[Essential%20(forge_1.8.9).processed.jar:?]
	at org.objectweb.asm.ClassReader.<init>(ClassReader.java:168) ~[Essential%20(forge_1.8.9).processed.jar:?]
	at org.objectweb.asm.ClassReader.<init>(ClassReader.java:439) ~[Essential%20(forge_1.8.9).processed.jar:?]
	at net.minecraftforge.fml.common.discovery.asm.ASMModParser.<init>(ASMModParser.java:52) ~[ASMModParser.class:?]
	... 43 more
[15:58:15] [Client thread/WARN]: Zip file bcprov-jdk18on-1.78.1.jar failed to read properly, it will be ignored
net.minecraftforge.fml.common.LoaderException: java.lang.IllegalArgumentException

	at net.minecraftforge.fml.common.discovery.asm.ASMModParser.<init>(ASMModParser.java:58) ~[ASMModParser.class:?]
	at net.minecraftforge.fml.common.discovery.JarDiscoverer.discover(JarDiscoverer.java:69) [JarDiscoverer.class:?]
	at net.minecraftforge.fml.common.discovery.ContainerType.findMods(ContainerType.java:42) [ContainerType.class:?]
	at net.minecraftforge.fml.common.discovery.ModCandidate.explore(ModCandidate.java:71) [ModCandidate.class:?]
	at net.minecraftforge.fml.common.discovery.ModDiscoverer.identifyMods(ModDiscoverer.java:134) [ModDiscoverer.class:?]
	at net.minecraftforge.fml.common.Loader.identifyMods(Loader.java:363) [Loader.class:?]
	at net.minecraftforge.fml.common.Loader.loadMods(Loader.java:488) [Loader.class:?]
	at net.minecraftforge.fml.client.FMLClientHandler.beginMinecraftLoading(FMLClientHandler.java:208) [FMLClientHandler.class:?]
	at net.minecraft.client.Minecraft.func_71384_a(Minecraft.java:417) [ave.class:?]
	at net.minecraft.client.Minecraft.func_99999_d(Minecraft.java:329) [ave.class:?]
	at net.minecraft.client.main.Main.main(SourceFile:124) [Main.class:?]
	at sun.reflect.NativeMethodAccessorImpl.invoke0(Native Method) ~[?:1.8.0_51]
	at sun.reflect.NativeMethodAccessorImpl.invoke(NativeMethodAccessorImpl.java:62) ~[?:1.8.0_51]
	at sun.reflect.DelegatingMethodAccessorImpl.invoke(DelegatingMethodAccessorImpl.java:43) ~[?:1.8.0_51]
	at java.lang.reflect.Method.invoke(Method.java:497) ~[?:1.8.0_51]
	at net.minecraft.launchwrapper.Launch.launch(Launch.java:135) [launchwrapper-1.12.jar:?]
	at net.minecraft.launchwrapper.Launch.main(Launch.java:28) [launchwrapper-1.12.jar:?]
	at sun.reflect.NativeMethodAccessorImpl.invoke0(Native Method) ~[?:1.8.0_51]
	at sun.reflect.NativeMethodAccessorImpl.invoke(NativeMethodAccessorImpl.java:62) ~[?:1.8.0_51]
	at sun.reflect.DelegatingMethodAccessorImpl.invoke(DelegatingMethodAccessorImpl.java:43) ~[?:1.8.0_51]
	at java.lang.reflect.Method.invoke(Method.java:497) ~[?:1.8.0_51]
	at gg.essential.loader.stage2.relaunch.Relaunch.relaunch(Relaunch.java:124) [stage2.forge_1.8.9.jar:?]
	at gg.essential.loader.stage2.EssentialLoader.preloadEssential(EssentialLoader.java:220) [stage2.forge_1.8.9.jar:?]
	at gg.essential.loader.stage2.EssentialLoader.loadPlatform(EssentialLoader.java:116) [stage2.forge_1.8.9.jar:?]
	at gg.essential.loader.stage2.EssentialLoaderBase.load(EssentialLoaderBase.java:148) [stage2.forge_1.8.9.jar:?]
	at sun.reflect.NativeMethodAccessorImpl.invoke0(Native Method) ~[?:1.8.0_51]
	at sun.reflect.NativeMethodAccessorImpl.invoke(NativeMethodAccessorImpl.java:62) ~[?:1.8.0_51]
	at sun.reflect.DelegatingMethodAccessorImpl.invoke(DelegatingMethodAccessorImpl.java:43) ~[?:1.8.0_51]
	at java.lang.reflect.Method.invoke(Method.java:497) ~[?:1.8.0_51]
	at gg.essential.loader.stage1.EssentialLoaderBase.load(EssentialLoaderBase.java:293) [stage1.jar:9]
	at gg.essential.loader.stage1.EssentialSetupTweaker.<init>(EssentialSetupTweaker.java:44) [stage1.jar:9]
	at sun.reflect.NativeConstructorAccessorImpl.newInstance0(Native Method) [?:1.8.0_51]
	at sun.reflect.NativeConstructorAccessorImpl.newInstance(NativeConstructorAccessorImpl.java:62) [?:1.8.0_51]
	at sun.reflect.DelegatingConstructorAccessorImpl.newInstance(DelegatingConstructorAccessorImpl.java:45) [?:1.8.0_51]
	at java.lang.reflect.Constructor.newInstance(Constructor.java:422) [?:1.8.0_51]
	at gg.essential.loader.stage0.EssentialSetupTweaker.loadStage1(EssentialSetupTweaker.java:53) [ctjs-2.2.1-1.8.9.jar:?]
	at gg.essential.loader.stage0.EssentialSetupTweaker.<init>(EssentialSetupTweaker.java:26) [ctjs-2.2.1-1.8.9.jar:?]
	at sun.reflect.NativeConstructorAccessorImpl.newInstance0(Native Method) [?:1.8.0_51]
	at sun.reflect.NativeConstructorAccessorImpl.newInstance(NativeConstructorAccessorImpl.java:62) [?:1.8.0_51]
	at sun.reflect.DelegatingConstructorAccessorImpl.newInstance(DelegatingConstructorAccessorImpl.java:45) [?:1.8.0_51]
	at java.lang.reflect.Constructor.newInstance(Constructor.java:422) [?:1.8.0_51]
	at java.lang.Class.newInstance(Class.java:442) [?:1.8.0_51]
	at net.minecraft.launchwrapper.Launch.launch(Launch.java:98) [launchwrapper-1.12.jar:?]
	at net.minecraft.launchwrapper.Launch.main(Launch.java:28) [launchwrapper-1.12.jar:?]
Caused by: java.lang.IllegalArgumentException
	at org.objectweb.asm.ClassReader.<init>(ClassReader.java:185) ~[Essential%20(forge_1.8.9).processed.jar:?]
	at org.objectweb.asm.ClassReader.<init>(ClassReader.java:168) ~[Essential%20(forge_1.8.9).processed.jar:?]
	at org.objectweb.asm.ClassReader.<init>(ClassReader.java:439) ~[Essential%20(forge_1.8.9).processed.jar:?]
	at net.minecraftforge.fml.common.discovery.asm.ASMModParser.<init>(ASMModParser.java:52) ~[ASMModParser.class:?]
	... 43 more
