10:41:08 §f                                  §6§lBESTIARY
10:41:08 §f                                 §b§lFly §7§8X §8➡§b §bXI
10:41:08 
10:41:08 §f                                  §r§6§lREWARDS
10:41:08 §f                          §r§6+0.4☘ Farming Fortune
10:41:08 §f                                §r§8+§r§62% §r§aFly §r§7coins
10:41:08 §f                    §r§8+§r§a50% §r§7chance for extra XP orbs
10:41:08 §f                               §r§8+§r§b1 SkyBlock XP
10:41:08 
10:41:08 §3§l▬▬▬▬▬▬▬▬▬▬▬▬▬▬▬▬▬▬▬▬▬▬▬▬▬▬▬▬▬▬▬▬▬▬▬▬▬▬▬▬▬▬▬▬▬▬▬▬▬▬▬▬▬▬▬▬▬▬▬▬▬▬▬▬
10:45:42 §f                                  §6§lBESTIARY
10:45:42 §f                          §b§lHowling Spirit §7§8X §8➡§b §bXI
10:45:42 
10:45:42 §f                                  §r§6§lREWARDS
10:45:42 §f                      §r§8+§r§a4 §r§bHowling Spirit §r§b✯ Magic Find
10:45:42 §f                       §r§8+§r§a4 §r§bHowling Spirit §r§c❁ Strength
10:45:42 §f                          §r§8+§r§62% §r§a§r§bHowling Spirit §r§7coins
10:45:42 §f                    §r§8+§r§a50% §r§7chance for extra XP orbs
10:45:42 §f                               §r§8+§r§b1 SkyBlock XP
10:45:42 
10:45:42 §3§l▬▬▬▬▬▬▬▬▬▬▬▬▬▬▬▬▬▬▬▬▬▬▬▬▬▬▬▬▬▬▬▬▬▬▬▬▬▬▬▬▬▬▬▬▬▬▬▬▬▬▬▬▬▬▬▬▬▬▬▬▬▬▬▬
11:08:37 §f                                  §6§lBESTIARY
11:08:37 §f                            §b§lPack Spirit §7§8X §8➡§b §bXI
11:08:37 
11:08:37 §f                                  §r§6§lREWARDS
11:08:37 §f                       §r§8+§r§a4 §r§bPack Spirit §r§b✯ Magic Find
11:08:37 §f                        §r§8+§r§a4 §r§bPack Spirit §r§c❁ Strength
11:08:37 §f                           §r§8+§r§62% §r§a§r§bPack Spirit §r§7coins
11:08:37 §f                    §r§8+§r§a50% §r§7chance for extra XP orbs
11:08:37 §f                               §r§8+§r§b1 SkyBlock XP
11:08:37 
11:08:37 §3§l▬▬▬▬▬▬▬▬▬▬▬▬▬▬▬▬▬▬▬▬▬▬▬▬▬▬▬▬▬▬▬▬▬▬▬▬▬▬▬▬▬▬▬▬▬▬▬▬▬▬▬▬▬▬▬▬▬▬▬▬▬▬▬▬
11:08:51 §f                                  §6§lBESTIARY
11:08:51 §f                     §b§lSoul of the Alpha §7§8XII §8➡§b §bXIII
11:08:51 
11:08:51 §f                                  §r§6§lREWARDS
11:08:51 §f                   §r§8+§r§a4 §r§3Soul of the Alpha §r§b✯ Magic Find
11:08:51 §f                    §r§8+§r§a4 §r§3Soul of the Alpha §r§c❁ Strength
11:08:51 §f                       §r§8+§r§62% §r§a§r§3Soul of the Alpha §r§7coins
11:08:51 §f                    §r§8+§r§a50% §r§7chance for extra XP orbs
11:08:51 §f                               §r§8+§r§b1 SkyBlock XP
11:08:51 
11:08:51 §3§l▬▬▬▬▬▬▬▬▬▬▬▬▬▬▬▬▬▬▬▬▬▬▬▬▬▬▬▬▬▬▬▬▬▬▬▬▬▬▬▬▬▬▬▬▬▬▬▬▬▬▬▬▬▬▬▬▬▬▬▬▬▬▬▬
