18:58:16 `Zombie`10492 missed {
 is already Found: false).
 Position: LorenzVec{x=-71.28125, y=123.0, z=0.96875}
 DistanceC: 4.428273551725127
Relative Position: LorenzVec{x=-4.428273551725127, y=1.5, z=1.4646212039515376}
 }
19:00:32 `Bat`110298 missed {
 is already Found: false).
 Position: LorenzVec{x=-169.5, y=63.96875, z=-153.5}
 DistanceC: 17.680347161718288
Relative Position: LorenzVec{x=-17.680347161718288, y=-3.5858755304958976, z=11.610090091695866}
 }
19:00:32 `Bat`110304 missed {
 is already Found: false).
 Position: LorenzVec{x=-169.5, y=64.96875, z=-153.5}
 DistanceC: 17.680347161718288
Relative Position: LorenzVec{x=-17.680347161718288, y=-2.5858755304958976, z=11.610090091695866}
 }
19:00:32 `Bat`110310 missed {
 is already Found: false).
 Position: LorenzVec{x=-169.5, y=65.96875, z=-153.5}
 DistanceC: 17.680347161718288
Relative Position: LorenzVec{x=-17.680347161718288, y=-1.5858755304958976, z=11.610090091695866}
 }
19:00:32 `Bat`110316 missed {
 is already Found: false).
 Position: LorenzVec{x=-169.5, y=66.96875, z=-153.5}
 DistanceC: 17.680347161718288
Relative Position: LorenzVec{x=-17.680347161718288, y=-0.5858755304958976, z=11.610090091695866}
 }
19:00:32 `Bat`110322 missed {
 is already Found: false).
 Position: LorenzVec{x=-168.5, y=63.96875, z=-153.5}
 DistanceC: 16.680347161718288
Relative Position: LorenzVec{x=-16.680347161718288, y=-3.5858755304958976, z=11.610090091695866}
 }
19:00:32 `Bat`110328 missed {
 is already Found: false).
 Position: LorenzVec{x=-168.5, y=64.96875, z=-153.5}
 DistanceC: 16.680347161718288
Relative Position: LorenzVec{x=-16.680347161718288, y=-2.5858755304958976, z=11.610090091695866}
 }
19:00:32 `Bat`110334 missed {
 is already Found: false).
 Position: LorenzVec{x=-168.5, y=65.96875, z=-153.5}
 DistanceC: 16.680347161718288
Relative Position: LorenzVec{x=-16.680347161718288, y=-1.5858755304958976, z=11.610090091695866}
 }
19:00:32 `Bat`110340 missed {
 is already Found: false).
 Position: LorenzVec{x=-168.5, y=66.96875, z=-153.5}
 DistanceC: 16.680347161718288
Relative Position: LorenzVec{x=-16.680347161718288, y=-0.5858755304958976, z=11.610090091695866}
 }
19:00:32 `Bat`110346 missed {
 is already Found: false).
 Position: LorenzVec{x=-167.5, y=63.96875, z=-153.5}
 DistanceC: 15.680347161718288
Relative Position: LorenzVec{x=-15.680347161718288, y=-3.5858755304958976, z=11.610090091695866}
 }
19:00:32 `Bat`110352 missed {
 is already Found: false).
 Position: LorenzVec{x=-167.5, y=64.96875, z=-153.5}
 DistanceC: 15.680347161718288
Relative Position: LorenzVec{x=-15.680347161718288, y=-2.5858755304958976, z=11.610090091695866}
 }
19:00:32 `Bat`110358 missed {
 is already Found: false).
 Position: LorenzVec{x=-167.5, y=65.96875, z=-153.5}
 DistanceC: 15.680347161718288
Relative Position: LorenzVec{x=-15.680347161718288, y=-1.5858755304958976, z=11.610090091695866}
 }
19:00:32 `Bat`110364 missed {
 is already Found: false).
 Position: LorenzVec{x=-167.5, y=66.96875, z=-153.5}
 DistanceC: 15.680347161718288
Relative Position: LorenzVec{x=-15.680347161718288, y=-0.5858755304958976, z=11.610090091695866}
 }
19:00:32 `Bat`110300 missed {
 is already Found: false).
 Position: LorenzVec{x=-169.5, y=63.96875, z=-152.5}
 DistanceC: 19.384865330252524
Relative Position: LorenzVec{x=-19.384865330252524, y=-3.03125, z=11.924849397875875}
 }
19:00:32 `Bat`110306 missed {
 is already Found: false).
 Position: LorenzVec{x=-169.5, y=64.96875, z=-152.5}
 DistanceC: 19.384865330252524
Relative Position: LorenzVec{x=-19.384865330252524, y=-2.03125, z=11.924849397875875}
 }
19:00:32 `Bat`110312 missed {
 is already Found: false).
 Position: LorenzVec{x=-169.5, y=65.96875, z=-152.5}
 DistanceC: 19.384865330252524
Relative Position: LorenzVec{x=-19.384865330252524, y=-1.03125, z=11.924849397875875}
 }
19:00:32 `Bat`110318 missed {
 is already Found: false).
 Position: LorenzVec{x=-169.5, y=66.96875, z=-152.5}
 DistanceC: 19.384865330252524
Relative Position: LorenzVec{x=-19.384865330252524, y=-0.03125, z=11.924849397875875}
 }
19:00:32 `Bat`110324 missed {
 is already Found: false).
 Position: LorenzVec{x=-168.5, y=63.96875, z=-152.5}
 DistanceC: 18.384865330252524
Relative Position: LorenzVec{x=-18.384865330252524, y=-3.03125, z=11.924849397875875}
 }
19:00:32 `Bat`110330 missed {
 is already Found: false).
 Position: LorenzVec{x=-168.5, y=64.96875, z=-152.5}
 DistanceC: 18.384865330252524
Relative Position: LorenzVec{x=-18.384865330252524, y=-2.03125, z=11.924849397875875}
 }
19:00:32 `Bat`110336 missed {
 is already Found: false).
 Position: LorenzVec{x=-168.5, y=65.96875, z=-152.5}
 DistanceC: 18.384865330252524
Relative Position: LorenzVec{x=-18.384865330252524, y=-1.03125, z=11.924849397875875}
 }
19:00:32 `Bat`110342 missed {
 is already Found: false).
 Position: LorenzVec{x=-168.5, y=66.96875, z=-152.5}
 DistanceC: 18.384865330252524
Relative Position: LorenzVec{x=-18.384865330252524, y=-0.03125, z=11.924849397875875}
 }
19:00:32 `Bat`110348 missed {
 is already Found: false).
 Position: LorenzVec{x=-167.5, y=63.96875, z=-152.5}
 DistanceC: 17.384865330252524
Relative Position: LorenzVec{x=-17.384865330252524, y=-3.03125, z=11.924849397875875}
 }
19:00:32 `Bat`110354 missed {
 is already Found: false).
 Position: LorenzVec{x=-167.5, y=64.96875, z=-152.5}
 DistanceC: 17.384865330252524
Relative Position: LorenzVec{x=-17.384865330252524, y=-2.03125, z=11.924849397875875}
 }
19:00:32 `Bat`110360 missed {
 is already Found: false).
 Position: LorenzVec{x=-167.5, y=65.96875, z=-152.5}
 DistanceC: 17.384865330252524
Relative Position: LorenzVec{x=-17.384865330252524, y=-1.03125, z=11.924849397875875}
 }
19:00:32 `Bat`110366 missed {
 is already Found: false).
 Position: LorenzVec{x=-167.5, y=66.96875, z=-152.5}
 DistanceC: 17.384865330252524
Relative Position: LorenzVec{x=-17.384865330252524, y=-0.03125, z=11.924849397875875}
 }
19:00:33 `Bat`110302 missed {
 is already Found: false).
 Position: LorenzVec{x=-169.5, y=63.96875, z=-151.5}
 DistanceC: 21.220207147432347
Relative Position: LorenzVec{x=-21.220207147432347, y=-4.197359260938214, z=11.860706748504612}
 }
19:00:33 `Bat`110308 missed {
 is already Found: false).
 Position: LorenzVec{x=-169.5, y=64.96875, z=-151.5}
 DistanceC: 21.220207147432347
Relative Position: LorenzVec{x=-21.220207147432347, y=-3.1973592609382138, z=11.860706748504612}
 }
19:00:33 `Bat`110314 missed {
 is already Found: false).
 Position: LorenzVec{x=-169.5, y=65.96875, z=-151.5}
 DistanceC: 21.220207147432347
Relative Position: LorenzVec{x=-21.220207147432347, y=-2.1973592609382138, z=11.860706748504612}
 }
19:00:33 `Bat`110320 missed {
 is already Found: false).
 Position: LorenzVec{x=-169.5, y=66.96875, z=-151.5}
 DistanceC: 21.220207147432347
Relative Position: LorenzVec{x=-21.220207147432347, y=-1.1973592609382138, z=11.860706748504612}
 }
19:00:33 `Bat`110326 missed {
 is already Found: false).
 Position: LorenzVec{x=-168.5, y=63.96875, z=-151.5}
 DistanceC: 20.220207147432347
Relative Position: LorenzVec{x=-20.220207147432347, y=-4.197359260938214, z=11.860706748504612}
 }
19:00:33 `Bat`110332 missed {
 is already Found: false).
 Position: LorenzVec{x=-168.5, y=64.96875, z=-151.5}
 DistanceC: 20.220207147432347
Relative Position: LorenzVec{x=-20.220207147432347, y=-3.1973592609382138, z=11.860706748504612}
 }
19:00:33 `Bat`110338 missed {
 is already Found: false).
 Position: LorenzVec{x=-168.5, y=65.96875, z=-151.5}
 DistanceC: 20.220207147432347
Relative Position: LorenzVec{x=-20.220207147432347, y=-2.1973592609382138, z=11.860706748504612}
 }
19:00:33 `Bat`110344 missed {
 is already Found: false).
 Position: LorenzVec{x=-168.5, y=66.96875, z=-151.5}
 DistanceC: 20.220207147432347
Relative Position: LorenzVec{x=-20.220207147432347, y=-1.1973592609382138, z=11.860706748504612}
 }
19:00:33 `Bat`110350 missed {
 is already Found: false).
 Position: LorenzVec{x=-167.5, y=63.96875, z=-151.5}
 DistanceC: 19.220207147432347
Relative Position: LorenzVec{x=-19.220207147432347, y=-4.197359260938214, z=11.860706748504612}
 }
19:00:33 `Bat`110356 missed {
 is already Found: false).
 Position: LorenzVec{x=-167.5, y=64.96875, z=-151.5}
 DistanceC: 19.220207147432347
Relative Position: LorenzVec{x=-19.220207147432347, y=-3.1973592609382138, z=11.860706748504612}
 }
19:00:33 `Bat`110362 missed {
 is already Found: false).
 Position: LorenzVec{x=-167.5, y=65.96875, z=-151.5}
 DistanceC: 19.220207147432347
Relative Position: LorenzVec{x=-19.220207147432347, y=-2.1973592609382138, z=11.860706748504612}
 }
19:00:33 `Bat`110368 missed {
 is already Found: false).
 Position: LorenzVec{x=-167.5, y=66.96875, z=-151.5}
 DistanceC: 19.220207147432347
Relative Position: LorenzVec{x=-19.220207147432347, y=-1.1973592609382138, z=11.860706748504612}
 }
19:00:41 `Skeleton`110142 missed {
 is already Found: false).
 Position: LorenzVec{x=-148.5, y=68.0, z=-99.5}
 DistanceC: 20.321752747003615
Relative Position: LorenzVec{x=2.856297912395064, y=-1.0, z=-20.321752747003615}
 }
19:01:15 `Shadow Assassin`112293 missed {
 is already Found: false).
 Position: LorenzVec{x=-177.07780349794237, y=69.0, z=-30.38130144032922}
 DistanceC: 6.276338309317968
Relative Position: LorenzVec{x=-2.5875402267554932, y=16.0, z=6.276338309317968}
 }
19:04:38 `Shadow Assassin`119468 missed {
 is already Found: false).
 Position: LorenzVec{x=-45.375, y=66.0, z=-40.375}
 DistanceC: 21.16107297014723
Relative Position: LorenzVec{x=0.8132869484225509, y=-3.0, z=-21.16107297014723}
 }
19:07:30 `Skeleton`129103 missed {
 is already Found: false).
 Position: LorenzVec{x=81.90625, y=223.0, z=48.9375}
 DistanceC: 10.468101680622098
Relative Position: LorenzVec{x=-3.4725209250126454, y=-21.39987196315417, z=10.468101680622098}
 }
19:07:30 `Skeleton`129111 missed {
 is already Found: false).
 Position: LorenzVec{x=83.5, y=222.0, z=47.59375}
 DistanceC: 9.124351680622098
Relative Position: LorenzVec{x=-1.8787709250126454, y=-22.39987196315417, z=9.124351680622098}
 }
19:07:30 `Skeleton`129115 missed {
 is already Found: false).
 Position: LorenzVec{x=81.53125, y=222.0, z=50.375}
 DistanceC: 11.905601680622098
Relative Position: LorenzVec{x=-3.8475209250126454, y=-22.39987196315417, z=11.905601680622098}
 }
19:07:31 `Skeleton`129296 missed {
 is already Found: false).
 Position: LorenzVec{x=84.71875, y=222.0, z=31.5}
 DistanceC: 14.930390918377526
Relative Position: LorenzVec{x=0.6905647480424904, y=-19.780640359048675, z=-14.930390918377526}
 }
19:07:31 `Skeleton`129300 missed {
 is already Found: false).
 Position: LorenzVec{x=84.625, y=222.0, z=32.65625}
 DistanceC: 13.774140918377526
Relative Position: LorenzVec{x=0.5968147480424904, y=-19.780640359048675, z=-13.774140918377526}
 }
19:07:31 `Skeleton`129304 missed {
 is already Found: false).
 Position: LorenzVec{x=83.07433127572017, y=221.14506172839506, z=32.094393004115226}
 DistanceC: 14.3359979142623
Relative Position: LorenzVec{x=-0.9538539762373404, y=-20.63557863065361, z=-14.3359979142623}
 }
19:07:31 `Skeleton`129308 missed {
 is already Found: false).
 Position: LorenzVec{x=83.15625, y=221.0, z=33.25}
 DistanceC: 13.180390918377526
Relative Position: LorenzVec{x=-0.8719352519575096, y=-20.780640359048675, z=-13.180390918377526}
 }
19:07:31 `Skeleton`129312 missed {
 is already Found: false).
 Position: LorenzVec{x=82.2326388888889, y=221.0, z=31.375}
 DistanceC: 15.055390918377526
Relative Position: LorenzVec{x=-1.7955463630686097, y=-20.780640359048675, z=-15.055390918377526}
 }
19:07:31 `Skeleton`129316 missed {
 is already Found: false).
 Position: LorenzVec{x=84.3125, y=222.0, z=34.125}
 DistanceC: 12.305390918377526
Relative Position: LorenzVec{x=0.28431474804249035, y=-19.780640359048675, z=-12.305390918377526}
 }
19:07:31 `Skeleton`129320 missed {
 is already Found: false).
 Position: LorenzVec{x=85.33729614388051, y=221.0, z=43.89185623380582}
 DistanceC: 2.538534684571708
Relative Position: LorenzVec{x=1.3091108919229981, y=-20.780640359048675, z=-2.538534684571708}
 }
19:07:31 `Skeleton`129107 missed {
 is already Found: false).
 Position: LorenzVec{x=81.625, y=223.0, z=51.5625}
 DistanceC: 4.559158680522586
Relative Position: LorenzVec{x=-2.2926424625701145, y=-18.12893152488607, z=4.559158680522586}
 }
19:07:31 `Skeleton`129123 missed {
 is already Found: false).
 Position: LorenzVec{x=80.625, y=221.0, z=51.625}
 DistanceC: 4.621658680522586
Relative Position: LorenzVec{x=-3.2926424625701145, y=-20.12893152488607, z=4.621658680522586}
 }
19:07:31 `Skeleton`129375 missed {
 is already Found: false).
 Position: LorenzVec{x=85.35201895372008, y=221.00000167260126, z=43.06555313106775}
 DistanceC: 3.9377881884096624
Relative Position: LorenzVec{x=1.434376491149962, y=-20.128929852284813, z=-3.9377881884096624}
 }
19:07:31 `Skeleton`129379 missed {
 is already Found: false).
 Position: LorenzVec{x=83.625, y=221.0, z=32.3125}
 DistanceC: 14.690841319477414
Relative Position: LorenzVec{x=-0.2926424625701145, y=-20.12893152488607, z=-14.690841319477414}
 }
19:07:31 `Skeleton`129383 missed {
 is already Found: false).
 Position: LorenzVec{x=85.76658950617285, y=222.0, z=35.88695987654321}
 DistanceC: 11.116381442934205
Relative Position: LorenzVec{x=1.8489470436027347, y=-19.12893152488607, z=-11.116381442934205}
 }
19:07:31 `Skeleton`129387 missed {
 is already Found: false).
 Position: LorenzVec{x=83.34375, y=221.09375, z=35.125}
 DistanceC: 11.878341319477414
Relative Position: LorenzVec{x=-0.5738924625701145, y=-20.03518152488607, z=-11.878341319477414}
 }
19:07:31 `Skeleton`129417 missed {
 is already Found: false).
 Position: LorenzVec{x=98.65625, y=221.0, z=48.9375}
 DistanceC: 15.167024717543995
Relative Position: LorenzVec{x=15.167024717543995, y=-16.8813807619928, z=0.23750001192092896}
 }
19:07:35 `Skeleton`129449 missed {
 is already Found: false).
 Position: LorenzVec{x=75.89276437788956, y=221.0, z=48.01775643956714}
 DistanceC: 17.78313338255088
Relative Position: LorenzVec{x=-12.54923415244744, y=-25.136654993836743, z=17.78313338255088}
 }
19:07:36 `Skeleton`129443 missed {
 is already Found: false).
 Position: LorenzVec{x=75.87345679012346, y=221.0, z=46.633487654320994}
 DistanceC: 17.333487642400065
Relative Position: LorenzVec{x=-10.826543197955615, y=-22.0, z=17.333487642400065}
 }
19:07:37 `Skeleton`129457 missed {
 is already Found: false).
 Position: LorenzVec{x=72.2310464614134, y=221.0, z=54.148233882030176}
 DistanceC: 12.077479492532504
Relative Position: LorenzVec{x=-12.077479492532504, y=-22.780515163429044, z=10.737701649932738}
 }
19:07:40 `Skeleton`129273 missed {
 is already Found: false).
 Position: LorenzVec{x=77.97453703703704, y=221.0, z=54.5570987654321}
 DistanceC: 17.561155540794275
Relative Position: LorenzVec{x=-17.561155540794275, y=-3.0, z=13.65069817565265}
 }
19:07:56 `Skeleton`129261 missed {
 is already Found: false).
 Position: LorenzVec{x=78.375, y=221.0, z=65.65625}
 DistanceC: 15.809562127652882
Relative Position: LorenzVec{x=-6.890498827211559, y=-1.0, z=15.809562127652882}
 }
19:07:57 `Skeleton`129257 missed {
 is already Found: false).
 Position: LorenzVec{x=69.97569444444444, y=221.0, z=69.625}
 DistanceC: 19.77831212765288
Relative Position: LorenzVec{x=-15.289804382767116, y=-1.0, z=19.77831212765288}
 }
19:07:57 `Skeleton`129249 missed {
 is already Found: false).
 Position: LorenzVec{x=79.75, y=221.0, z=67.4375}
 DistanceC: 17.59081212765288
Relative Position: LorenzVec{x=-5.515498827211559, y=-1.0, z=17.59081212765288}
 }
19:07:58 `Skeleton`129285 missed {
 is already Found: false).
 Position: LorenzVec{x=74.4375, y=221.0, z=69.21875}
 DistanceC: 20.325531128824807
Relative Position: LorenzVec{x=-13.789923116304934, y=-2.0, z=20.325531128824807}
 }
19:07:58 `Skeleton`129281 missed {
 is already Found: false).
 Position: LorenzVec{x=68.15277777777777, y=221.0, z=66.4375}
 DistanceC: 20.154811764355628
Relative Position: LorenzVec{x=-20.154811764355628, y=-1.766367993957516, z=19.768252673041346}
 }
19:08:21 `Skeleton`129156 missed {
 is already Found: false).
 Position: LorenzVec{x=53.375, y=222.0, z=63.65625}
 DistanceC: 21.47584241236187
Relative Position: LorenzVec{x=-21.47584241236187, y=1.0, z=20.764089367581285}
 }
19:08:27 `Skeleton`129140 missed {
 is already Found: false).
 Position: LorenzVec{x=52.71875, y=221.0, z=66.53125}
 DistanceC: 20.616716294379444
Relative Position: LorenzVec{x=-20.616716294379444, y=0.0, z=17.522284581405607}
 }
19:08:33 `Skeleton`129164 missed {
 is already Found: false).
 Position: LorenzVec{x=51.84375, y=222.0, z=65.375}
 DistanceC: 21.38436421254346
Relative Position: LorenzVec{x=-21.38436421254346, y=1.0, z=12.554997980264886}
 }
19:08:33 `Skeleton`129152 missed {
 is already Found: false).
 Position: LorenzVec{x=51.625, y=222.0, z=61.71875}
 DistanceC: 21.6071371074363
Relative Position: LorenzVec{x=-21.6071371074363, y=1.0, z=8.331442776872642}
 }
19:09:14 `Skeleton`136553 missed {
 is already Found: false).
 Position: LorenzVec{x=64.71875, y=165.0, z=68.59375}
 DistanceC: 18.32894392870967
Relative Position: LorenzVec{x=18.32894392870967, y=-4.0, z=3.3381442606483915}
 }
19:09:14 `Skeleton`136573 missed {
 is already Found: false).
 Position: LorenzVec{x=60.28240740740741, y=166.70833333333334, z=53.29976851851852}
 DistanceC: 13.892601336117082
Relative Position: LorenzVec{x=13.892601336117082, y=-2.291666666666657, z=-11.95583722083309}
 }
19:09:15 `Skeleton`136557 missed {
 is already Found: false).
 Position: LorenzVec{x=65.46875, y=165.0, z=60.96875}
 DistanceC: 19.07894392870967
Relative Position: LorenzVec{x=19.07894392870967, y=-4.0, z=-4.2868557393516085}
 }
19:09:16 `Skeleton`136541 missed {
 is already Found: false).
 Position: LorenzVec{x=62.125, y=165.0, z=52.625}
 DistanceC: 15.73519392870967
Relative Position: LorenzVec{x=15.73519392870967, y=-4.0, z=-12.630605739351608}
 }
19:09:16 `Skeleton`136569 missed {
 is already Found: false).
 Position: LorenzVec{x=62.53125, y=165.0, z=53.90625}
 DistanceC: 16.14144392870967
Relative Position: LorenzVec{x=16.14144392870967, y=-4.0, z=-11.349355739351608}
 }
19:09:16 `Skeleton`136545 missed {
 is already Found: false).
 Position: LorenzVec{x=67.03125, y=165.0, z=63.46875}
 DistanceC: 20.64144392870967
Relative Position: LorenzVec{x=20.64144392870967, y=-4.0, z=-1.7868557393516085}
 }
19:09:17 `Skeleton`136211 missed {
 is already Found: false).
 Position: LorenzVec{x=66.125, y=165.0, z=44.28125}
 DistanceC: 21.303446662422516
Relative Position: LorenzVec{x=19.859932256868525, y=-4.0, z=-21.303446662422516}
 }
19:09:53 `Skeleton`136557 missed {
 is already Found: false).
 Position: LorenzVec{x=59.57291666666667, y=167.01041666666669, z=55.57291666666667}
 DistanceC: 4.339756682306373
Relative Position: LorenzVec{x=4.339756682306373, y=-1.9895833333333144, z=3.20760204754923}
 }
19:09:53 `Skeleton`136553 missed {
 is already Found: false).
 Position: LorenzVec{x=61.03125, y=165.0, z=59.625}
 DistanceC: 8.350315745357513
Relative Position: LorenzVec{x=4.006949572268475, y=-4.0, z=8.350315745357513}
 }
19:09:54 `Skeleton`136549 missed {
 is already Found: false).
 Position: LorenzVec{x=84.28125, y=165.0, z=52.520833333333336}
 DistanceC: 14.351941694183779
Relative Position: LorenzVec{x=14.351941694183779, y=0.0, z=6.520477004082203}
 }
19:09:55 `Skeleton`136199 missed {
 is already Found: false).
 Position: LorenzVec{x=80.81861092059137, y=165.0, z=49.64822911903673}
 DistanceC: 6.144922302083955
Relative Position: LorenzVec{x=-6.144922302083955, y=-1.5, z=-1.9842649166893622}
 }
19:09:55 `Skeleton`136415 missed {
 is already Found: false).
 Position: LorenzVec{x=80.14601909007774, y=165.0, z=54.87888660265203}
 DistanceC: 8.553980898001328
Relative Position: LorenzVec{x=-8.553980898001328, y=-3.0, z=2.8246860970666035}
 }
19:09:56 `Skeleton`136573 missed {
 is already Found: false).
 Position: LorenzVec{x=93.80208333333334, y=169.0, z=49.28819444444444}
 DistanceC: 4.6584724596161635
Relative Position: LorenzVec{x=-4.655678011834723, y=0.4641593749554431, z=4.6584724596161635}
 }
19:09:57 `Skeleton`136211 missed {
 is already Found: false).
 Position: LorenzVec{x=95.63463513089457, y=168.9999998998403, z=42.50799311192858}
 DistanceC: 3.872284773023793
Relative Position: LorenzVec{x=-3.872284773023793, y=2.6945614480890754, z=-0.6070851153765418}
 }
19:09:57 `Skeleton`136561 missed {
 is already Found: false).
 Position: LorenzVec{x=97.36805555555556, y=166.42348251028807, z=43.533693415637856}
 DistanceC: 2.1388643483628016
Relative Position: LorenzVec{x=-2.1388643483628016, y=0.11804405853683875, z=0.4186151883327369}
 }
19:11:25 `Wither`144298 missed {
 is already Found: false).
 Position: LorenzVec{x=56.97916666666667, y=118.53125, z=131.75}
 DistanceC: 10.735857844377833
Relative Position: LorenzVec{x=10.735857844377833, y=9.53125, z=8.205516064748963}
 }
19:11:27 `Giant`147674 missed {
 is already Found: false).
 Position: LorenzVec{x=61.53125, y=110.5, z=126.51041666666667}
 DistanceC: 15.287941177711161
Relative Position: LorenzVec{x=15.287941177711161, y=1.5, z=2.9659327314156343}
 }
19:11:28 `Giant`147898 missed {
 is already Found: false).
 Position: LorenzVec{x=56.625, y=110.5, z=126.25}
 DistanceC: 12.144000905498004
Relative Position: LorenzVec{x=12.144000905498004, y=1.5, z=3.949999988079071}
 }
19:11:38 `Giant`148129 missed {
 is already Found: false).
 Position: LorenzVec{x=56.82291666666667, y=110.47916666666666, z=131.20833333333331}
 DistanceC: 6.173515562333478
Relative Position: LorenzVec{x=-5.676144185671191, y=0.3083795894478527, z=-6.173515562333478}
 }
19:11:40 `Creeper`148279 missed {
 is already Found: true).
 Position: LorenzVec{x=71.92708333333334, y=125.28125, z=136.94791666666669}
 DistanceC: 1.4681933225087391
Relative Position: LorenzVec{x=0.5432205965474992, y=0.3465295544502993, z=-1.4681933225087391}
 }
19:11:40 `Creeper`148280 missed {
 is already Found: false).
 Position: LorenzVec{x=72.82291666666666, y=125.28125, z=138.17708333333331}
 DistanceC: 1.4390539298808136
Relative Position: LorenzVec{x=1.4390539298808136, y=0.3465295544502993, z=-0.23902665584211036}
 }
19:11:40 `Creeper`148281 missed {
 is already Found: false).
 Position: LorenzVec{x=72.28125, y=125.28125, z=139.46875}
 DistanceC: 1.0526400108245753
Relative Position: LorenzVec{x=0.8973872632141564, y=0.3465295544502993, z=1.0526400108245753}
 }
19:11:40 `Creeper`148282 missed {
 is already Found: false).
 Position: LorenzVec{x=70.78125, y=125.28125, z=139.69791666666669}
 DistanceC: 1.2818066774912609
Relative Position: LorenzVec{x=-0.6026127367858436, y=0.3465295544502993, z=1.2818066774912609}
 }
19:11:40 `Creeper`148283 missed {
 is already Found: false).
 Position: LorenzVec{x=69.85416666666666, y=125.28125, z=138.53125}
 DistanceC: 1.5296960701191864
Relative Position: LorenzVec{x=-1.5296960701191864, y=0.3465295544502993, z=0.11514001082457526}
 }
19:11:40 `Creeper`148284 missed {
 is already Found: false).
 Position: LorenzVec{x=70.375, y=125.28125, z=137.14583333333331}
 DistanceC: 1.2702766558421104
Relative Position: LorenzVec{x=-1.0088627367858436, y=0.3465295544502993, z=-1.2702766558421104}
 }
19:11:44 `Giant`148329 missed {
 is already Found: false).
 Position: LorenzVec{x=52.8125, y=110.46875, z=126.25}
 DistanceC: 15.449999988079071
Relative Position: LorenzVec{x=-13.753564664496125, y=-23.2531624104667, z=-15.449999988079071}
 }
19:12:05 `42fl882029`148907 missed {
 is already Found: false).
 Position: LorenzVec{x=6.5, y=109.0, z=112.1875}
 DistanceC: 18.699236698025317
Relative Position: LorenzVec{x=6.278970802441471, y=-10.0, z=18.699236698025317}
 }
19:12:11 `Giant`148464 missed {
 is already Found: false).
 Position: LorenzVec{x=14.177083333333334, y=110.0, z=115.67708333333333}
 DistanceC: 21.937675537421157
Relative Position: LorenzVec{x=13.289969989689904, y=-9.0, z=21.937675537421157}
 }
19:12:17 `xot9835a88`149423 missed {
 is already Found: false).
 Position: LorenzVec{x=3.15625, y=107.0, z=77.75}
 DistanceC: 17.77862991139522
Relative Position: LorenzVec{x=-8.618049272150472, y=-7.539102116526706, z=17.77862991139522}
 }
19:12:44 `Giant`149736 missed {
 is already Found: false).
 Position: LorenzVec{x=8.572916666666668, y=110.0, z=83.90625}
 DistanceC: 12.97314911001341
Relative Position: LorenzVec{x=5.474305087323039, y=1.0, z=12.97314911001341}
 }
19:12:44 `Wither`144298 missed {
 is already Found: false).
 Position: LorenzVec{x=8.46875, y=118.0, z=88.84375}
 DistanceC: 17.91064911001341
Relative Position: LorenzVec{x=5.370138420656371, y=9.0, z=17.91064911001341}
 }
19:12:50 `Giant`150170 missed {
 is already Found: false).
 Position: LorenzVec{x=8.489583333333332, y=110.0, z=76.91666666666666}
 DistanceC: 18.72079602676898
Relative Position: LorenzVec{x=-2.5098617788006905, y=-10.29944685265501, z=-18.72079602676898}
 }
19:13:35 `Giant`152874 missed {
 is already Found: false).
 Position: LorenzVec{x=42.96875, y=110.3125, z=38.40625}
 DistanceC: 13.031250014901161
Relative Position: LorenzVec{x=-13.031250014901161, y=-2.6875, z=-11.893750011920929}
 }
19:13:37 `Wither`144298 missed {
 is already Found: false).
 Position: LorenzVec{x=40.04166666666667, y=118.34375, z=40.625}
 DistanceC: 16.258333345254258
Relative Position: LorenzVec{x=-16.258333345254258, y=0.11422217624073028, z=-9.665661080740392}
 }
19:13:41 `Giant`153147 missed {
 is already Found: false).
 Position: LorenzVec{x=43.104166666666664, y=110.375, z=35.635416666666664}
 DistanceC: 12.003813080727468
Relative Position: LorenzVec{x=-12.003813080727468, y=-4.625, z=-10.462012023451784}
 }
19:13:42 `5766g2h734`153191 missed {
 is already Found: false).
 Position: LorenzVec{x=44.59375, y=121.0, z=31.84375}
 DistanceC: 7.830822474838222
Relative Position: LorenzVec{x=-4.9378935425303325, y=6.464159374955443, z=-7.830822474838222}
 }
19:13:44 `Giant`153298 missed {
 is already Found: false).
 Position: LorenzVec{x=44.4375, y=110.375, z=34.90625}
 DistanceC: 1.9951783618322025
Relative Position: LorenzVec{x=-0.023176757739477694, y=-9.92444685265501, z=-1.9951783618322025}
 }
19:13:47 `Creeper`153744 missed {
 is already Found: false).
 Position: LorenzVec{x=43.0, y=122.35416666666667, z=30.989583333333332}
 DistanceC: 1.4048418295469425
Relative Position: LorenzVec{x=0.5461774676452222, y=3.791148971097897, z=-1.4048418295469425}
 }
19:13:47 `Creeper`153745 missed {
 is already Found: false).
 Position: LorenzVec{x=43.947916666666664, y=122.35416666666667, z=32.15625}
 DistanceC: 1.4940941343118865
Relative Position: LorenzVec{x=1.4940941343118865, y=3.791148971097897, z=-0.23817516288027463}
 }
19:13:47 `Creeper`153746 missed {
 is already Found: false).
 Position: LorenzVec{x=43.447916666666664, y=122.35416666666667, z=33.510416666666664}
 DistanceC: 1.1159915037863897
Relative Position: LorenzVec{x=0.9940941343118865, y=3.791148971097897, z=1.1159915037863897}
 }
19:13:47 `Creeper`153747 missed {
 is already Found: false).
 Position: LorenzVec{x=41.989583333333336, y=122.35416666666667, z=33.8125}
 DistanceC: 1.4180748371197254
Relative Position: LorenzVec{x=-0.46423919902144206, y=3.791148971097897, z=1.4180748371197254}
 }
19:13:47 `Creeper`153748 missed {
 is already Found: false).
 Position: LorenzVec{x=40.989583333333336, y=122.35416666666667, z=32.697916666666664}
 DistanceC: 1.464239199021442
Relative Position: LorenzVec{x=-1.464239199021442, y=3.791148971097897, z=0.30349150378638967}
 }
19:13:47 `Creeper`153749 missed {
 is already Found: false).
 Position: LorenzVec{x=41.458333333333336, y=122.35416666666667, z=31.28125}
 DistanceC: 1.1131751628802746
Relative Position: LorenzVec{x=-0.9954891990214421, y=3.791148971097897, z=-1.1131751628802746}
 }
19:13:53 `tqn4nwn1n0`153952 missed {
 is already Found: false).
 Position: LorenzVec{x=44.59375, y=121.0, z=31.84375}
 DistanceC: 1.4850086268519433
Relative Position: LorenzVec{x=1.4850086268519433, y=0.0, z=1.0439141736798518}
 }
19:14:02 `30i25b7c7j`154740 missed {
 is already Found: false).
 Position: LorenzVec{x=43.09375, y=121.0, z=29.78125}
 DistanceC: 6.2441356937519
Relative Position: LorenzVec{x=2.6776962933566537, y=0.0, z=-6.2441356937519}
 }
19:14:02 `Bat`154648 missed {
 is already Found: false).
 Position: LorenzVec{x=52.5, y=103.34375, z=54.5}
 DistanceC: 18.4746143062481
Relative Position: LorenzVec{x=12.083946293356654, y=-17.65625, z=18.4746143062481}
 }
19:14:02 `Bat`154650 missed {
 is already Found: false).
 Position: LorenzVec{x=52.5, y=104.34375, z=54.5}
 DistanceC: 18.4746143062481
Relative Position: LorenzVec{x=12.083946293356654, y=-16.65625, z=18.4746143062481}
 }
19:14:02 `Bat`154652 missed {
 is already Found: false).
 Position: LorenzVec{x=52.5, y=105.34375, z=54.5}
 DistanceC: 18.4746143062481
Relative Position: LorenzVec{x=12.083946293356654, y=-15.65625, z=18.4746143062481}
 }
19:14:02 `Bat`154654 missed {
 is already Found: false).
 Position: LorenzVec{x=52.5, y=106.34375, z=54.5}
 DistanceC: 18.4746143062481
Relative Position: LorenzVec{x=12.083946293356654, y=-14.65625, z=18.4746143062481}
 }
19:14:02 `Bat`154656 missed {
 is already Found: false).
 Position: LorenzVec{x=52.5, y=107.34375, z=54.5}
 DistanceC: 18.4746143062481
Relative Position: LorenzVec{x=12.083946293356654, y=-13.65625, z=18.4746143062481}
 }
19:14:02 `Bat`154658 missed {
 is already Found: false).
 Position: LorenzVec{x=52.5, y=108.34375, z=54.5}
 DistanceC: 18.4746143062481
Relative Position: LorenzVec{x=12.083946293356654, y=-12.65625, z=18.4746143062481}
 }
19:14:02 `Bat`154660 missed {
 is already Found: false).
 Position: LorenzVec{x=52.5, y=109.34375, z=54.5}
 DistanceC: 18.4746143062481
Relative Position: LorenzVec{x=12.083946293356654, y=-11.65625, z=18.4746143062481}
 }
19:14:02 `Bat`154662 missed {
 is already Found: false).
 Position: LorenzVec{x=53.5, y=103.34375, z=54.5}
 DistanceC: 18.4746143062481
Relative Position: LorenzVec{x=13.083946293356654, y=-17.65625, z=18.4746143062481}
 }
19:14:02 `Bat`154664 missed {
 is already Found: false).
 Position: LorenzVec{x=53.5, y=104.34375, z=54.5}
 DistanceC: 18.4746143062481
Relative Position: LorenzVec{x=13.083946293356654, y=-16.65625, z=18.4746143062481}
 }
19:14:02 `Bat`154666 missed {
 is already Found: false).
 Position: LorenzVec{x=53.5, y=105.34375, z=54.5}
 DistanceC: 18.4746143062481
Relative Position: LorenzVec{x=13.083946293356654, y=-15.65625, z=18.4746143062481}
 }
19:14:02 `Bat`154668 missed {
 is already Found: false).
 Position: LorenzVec{x=53.5, y=106.34375, z=54.5}
 DistanceC: 18.4746143062481
Relative Position: LorenzVec{x=13.083946293356654, y=-14.65625, z=18.4746143062481}
 }
19:14:02 `Bat`154670 missed {
 is already Found: false).
 Position: LorenzVec{x=53.5, y=107.34375, z=54.5}
 DistanceC: 18.4746143062481
Relative Position: LorenzVec{x=13.083946293356654, y=-13.65625, z=18.4746143062481}
 }
19:14:02 `Bat`154672 missed {
 is already Found: false).
 Position: LorenzVec{x=53.5, y=108.34375, z=54.5}
 DistanceC: 18.4746143062481
Relative Position: LorenzVec{x=13.083946293356654, y=-12.65625, z=18.4746143062481}
 }
19:14:02 `Bat`154674 missed {
 is already Found: false).
 Position: LorenzVec{x=53.5, y=109.34375, z=54.5}
 DistanceC: 18.4746143062481
Relative Position: LorenzVec{x=13.083946293356654, y=-11.65625, z=18.4746143062481}
 }
19:14:02 `Bat`154676 missed {
 is already Found: false).
 Position: LorenzVec{x=54.5, y=103.34375, z=54.5}
 DistanceC: 18.4746143062481
Relative Position: LorenzVec{x=14.083946293356654, y=-17.65625, z=18.4746143062481}
 }
19:14:02 `Bat`154678 missed {
 is already Found: false).
 Position: LorenzVec{x=54.5, y=104.34375, z=54.5}
 DistanceC: 18.4746143062481
Relative Position: LorenzVec{x=14.083946293356654, y=-16.65625, z=18.4746143062481}
 }
19:14:02 `Bat`154680 missed {
 is already Found: false).
 Position: LorenzVec{x=54.5, y=105.34375, z=54.5}
 DistanceC: 18.4746143062481
Relative Position: LorenzVec{x=14.083946293356654, y=-15.65625, z=18.4746143062481}
 }
19:14:02 `Bat`154682 missed {
 is already Found: false).
 Position: LorenzVec{x=54.5, y=106.34375, z=54.5}
 DistanceC: 18.4746143062481
Relative Position: LorenzVec{x=14.083946293356654, y=-14.65625, z=18.4746143062481}
 }
19:14:02 `Bat`154684 missed {
 is already Found: false).
 Position: LorenzVec{x=54.5, y=107.34375, z=54.5}
 DistanceC: 18.4746143062481
Relative Position: LorenzVec{x=14.083946293356654, y=-13.65625, z=18.4746143062481}
 }
19:14:02 `Bat`154686 missed {
 is already Found: false).
 Position: LorenzVec{x=54.5, y=108.34375, z=54.5}
 DistanceC: 18.4746143062481
Relative Position: LorenzVec{x=14.083946293356654, y=-12.65625, z=18.4746143062481}
 }
19:14:02 `Bat`154688 missed {
 is already Found: false).
 Position: LorenzVec{x=54.5, y=109.34375, z=54.5}
 DistanceC: 18.4746143062481
Relative Position: LorenzVec{x=14.083946293356654, y=-11.65625, z=18.4746143062481}
 }
19:14:02 `Bat`154690 missed {
 is already Found: false).
 Position: LorenzVec{x=55.5, y=103.34375, z=54.5}
 DistanceC: 18.4746143062481
Relative Position: LorenzVec{x=15.083946293356654, y=-17.65625, z=18.4746143062481}
 }
19:14:02 `Bat`154692 missed {
 is already Found: false).
 Position: LorenzVec{x=55.5, y=104.34375, z=54.5}
 DistanceC: 18.4746143062481
Relative Position: LorenzVec{x=15.083946293356654, y=-16.65625, z=18.4746143062481}
 }
19:14:02 `Bat`154694 missed {
 is already Found: false).
 Position: LorenzVec{x=55.5, y=105.34375, z=54.5}
 DistanceC: 18.4746143062481
Relative Position: LorenzVec{x=15.083946293356654, y=-15.65625, z=18.4746143062481}
 }
19:14:02 `Bat`154696 missed {
 is already Found: false).
 Position: LorenzVec{x=55.5, y=106.34375, z=54.5}
 DistanceC: 18.4746143062481
Relative Position: LorenzVec{x=15.083946293356654, y=-14.65625, z=18.4746143062481}
 }
19:14:02 `Bat`154698 missed {
 is already Found: false).
 Position: LorenzVec{x=55.5, y=107.34375, z=54.5}
 DistanceC: 18.4746143062481
Relative Position: LorenzVec{x=15.083946293356654, y=-13.65625, z=18.4746143062481}
 }
19:14:02 `Bat`154700 missed {
 is already Found: false).
 Position: LorenzVec{x=55.5, y=108.34375, z=54.5}
 DistanceC: 18.4746143062481
Relative Position: LorenzVec{x=15.083946293356654, y=-12.65625, z=18.4746143062481}
 }
19:14:02 `Bat`154702 missed {
 is already Found: false).
 Position: LorenzVec{x=55.5, y=109.34375, z=54.5}
 DistanceC: 18.4746143062481
Relative Position: LorenzVec{x=15.083946293356654, y=-11.65625, z=18.4746143062481}
 }
19:14:02 `Bat`154704 missed {
 is already Found: false).
 Position: LorenzVec{x=56.5, y=103.34375, z=54.5}
 DistanceC: 18.4746143062481
Relative Position: LorenzVec{x=16.083946293356654, y=-17.65625, z=18.4746143062481}
 }
19:14:02 `Bat`154706 missed {
 is already Found: false).
 Position: LorenzVec{x=56.5, y=104.34375, z=54.5}
 DistanceC: 18.4746143062481
Relative Position: LorenzVec{x=16.083946293356654, y=-16.65625, z=18.4746143062481}
 }
19:14:02 `Bat`154708 missed {
 is already Found: false).
 Position: LorenzVec{x=56.5, y=105.34375, z=54.5}
 DistanceC: 18.4746143062481
Relative Position: LorenzVec{x=16.083946293356654, y=-15.65625, z=18.4746143062481}
 }
19:14:02 `Bat`154710 missed {
 is already Found: false).
 Position: LorenzVec{x=56.5, y=106.34375, z=54.5}
 DistanceC: 18.4746143062481
Relative Position: LorenzVec{x=16.083946293356654, y=-14.65625, z=18.4746143062481}
 }
19:14:02 `Bat`154712 missed {
 is already Found: false).
 Position: LorenzVec{x=56.5, y=107.34375, z=54.5}
 DistanceC: 18.4746143062481
Relative Position: LorenzVec{x=16.083946293356654, y=-13.65625, z=18.4746143062481}
 }
19:14:02 `Bat`154714 missed {
 is already Found: false).
 Position: LorenzVec{x=56.5, y=108.34375, z=54.5}
 DistanceC: 18.4746143062481
Relative Position: LorenzVec{x=16.083946293356654, y=-12.65625, z=18.4746143062481}
 }
19:14:02 `Bat`154716 missed {
 is already Found: false).
 Position: LorenzVec{x=56.5, y=109.34375, z=54.5}
 DistanceC: 18.4746143062481
Relative Position: LorenzVec{x=16.083946293356654, y=-11.65625, z=18.4746143062481}
 }
19:14:05 `Giant`154832 missed {
 is already Found: false).
 Position: LorenzVec{x=53.80208333333333, y=108.84375, z=51.42708333333333}
 DistanceC: 15.401697639581428
Relative Position: LorenzVec{x=13.386029626689982, y=-12.15625, z=15.401697639581428}
 }
19:14:26 `Giant`155201 missed {
 is already Found: false).
 Position: LorenzVec{x=55.4375, y=108.40625, z=79.0}
 DistanceC: 11.917711178409618
Relative Position: LorenzVec{x=4.2192177010040055, y=-5.59375, z=-11.917711178409618}
 }
19:14:27 `Giant`155248 missed {
 is already Found: false).
 Position: LorenzVec{x=55.166666666666664, y=108.375, z=80.5}
 DistanceC: 10.417711178409618
Relative Position: LorenzVec{x=3.94838436767067, y=-5.625, z=-10.417711178409618}
 }
19:14:58 `j4i684xyx6`157137 missed {
 is already Found: false).
 Position: LorenzVec{x=45.15625, y=57.0, z=114.125}
 DistanceC: 5.9375
Relative Position: LorenzVec{x=-5.59375, y=2.0, z=-5.9375}
 }
19:15:12 `anh4cbe9ym`157462 missed {
 is already Found: false).
 Position: LorenzVec{x=40.6875, y=57.0, z=87.40625}
 DistanceC: 18.70625001192093
Relative Position: LorenzVec{x=-12.844180316840003, y=-8.120019685905703, z=18.70625001192093}
 }
19:19:03 `Bat`2077 missed {
 is already Found: false).
 Position: LorenzVec{x=-18.0, y=123.3125, z=-2.28125}
 DistanceC: 16.61878513259277
Relative Position: LorenzVec{x=16.61878513259277, y=3.8125, z=-1.8957502682613327}
 }
19:22:02 `68jcw68777`4 missed {
 is already Found: false).
 Position: LorenzVec{x=-92.5, y=78.0, z=25.5}
 DistanceC: 22.0
Relative Position: LorenzVec{x=-22.0, y=2.0, z=-21.0}
 }
19:23:35 `Bat`532168 missed {
 is already Found: false).
 Position: LorenzVec{x=-90.8125, y=66.33333333333334, z=35.66666666666667}
 DistanceC: 21.11250001192093
Relative Position: LorenzVec{x=-21.11250001192093, y=-9.666666666666657, z=4.3666666547457424}
 }
19:23:36 `Bat`532274 missed {
 is already Found: false).
 Position: LorenzVec{x=-90.79166666666666, y=66.27083333333334, z=35.70833333333333}
 DistanceC: 21.091666678587586
Relative Position: LorenzVec{x=-21.091666678587586, y=-9.729166666666657, z=4.4083333214124}
 }
19:25:46 `Bat`532268 missed {
 is already Found: false).
 Position: LorenzVec{x=-91.79166666666666, y=66.27083333333334, z=34.70833333333333}
 DistanceC: 21.994522372165278
Relative Position: LorenzVec{x=-21.994522372165278, y=-11.729166666666657, z=3.963806946171715}
 }
19:25:46 `Bat`532270 missed {
 is already Found: false).
 Position: LorenzVec{x=-91.79166666666666, y=66.27083333333334, z=35.70833333333333}
 DistanceC: 21.994522372165278
Relative Position: LorenzVec{x=-21.994522372165278, y=-11.729166666666657, z=4.963806946171715}
 }
19:25:46 `Bat`532272 missed {
 is already Found: false).
 Position: LorenzVec{x=-91.79166666666666, y=66.27083333333334, z=36.70833333333333}
 DistanceC: 21.994522372165278
Relative Position: LorenzVec{x=-21.994522372165278, y=-11.729166666666657, z=5.963806946171715}
 }
19:27:55 `Bat`534884 missed {
 is already Found: false).
 Position: LorenzVec{x=-91.40625, y=65.21875, z=37.3125}
 DistanceC: 21.70625001192093
Relative Position: LorenzVec{x=-21.70625001192093, y=-10.78125, z=6.012499988079078}
 }
19:27:55 `Bat`534886 missed {
 is already Found: false).
 Position: LorenzVec{x=-91.40625, y=65.21875, z=38.3125}
 DistanceC: 21.70625001192093
Relative Position: LorenzVec{x=-21.70625001192093, y=-10.78125, z=7.012499988079078}
 }
19:27:55 `Bat`534888 missed {
 is already Found: false).
 Position: LorenzVec{x=-91.40625, y=65.21875, z=39.3125}
 DistanceC: 21.70625001192093
Relative Position: LorenzVec{x=-21.70625001192093, y=-10.78125, z=8.012499988079078}
 }
19:27:55 `Bat`534890 missed {
 is already Found: false).
 Position: LorenzVec{x=-91.40625, y=65.21875, z=40.3125}
 DistanceC: 21.70625001192093
Relative Position: LorenzVec{x=-21.70625001192093, y=-10.78125, z=9.012499988079078}
 }
19:27:55 `Bat`534892 missed {
 is already Found: false).
 Position: LorenzVec{x=-91.40625, y=65.21875, z=41.3125}
 DistanceC: 21.70625001192093
Relative Position: LorenzVec{x=-21.70625001192093, y=-10.78125, z=10.012499988079078}
 }
19:27:55 `Bat`534894 missed {
 is already Found: false).
 Position: LorenzVec{x=-90.40625, y=65.21875, z=38.3125}
 DistanceC: 20.70625001192093
Relative Position: LorenzVec{x=-20.70625001192093, y=-10.78125, z=7.012499988079078}
 }
19:27:55 `Bat`534896 missed {
 is already Found: false).
 Position: LorenzVec{x=-90.40625, y=65.21875, z=39.3125}
 DistanceC: 20.70625001192093
Relative Position: LorenzVec{x=-20.70625001192093, y=-10.78125, z=8.012499988079078}
 }
19:27:55 `Bat`534898 missed {
 is already Found: false).
 Position: LorenzVec{x=-90.40625, y=65.21875, z=40.3125}
 DistanceC: 20.70625001192093
Relative Position: LorenzVec{x=-20.70625001192093, y=-10.78125, z=9.012499988079078}
 }
19:27:55 `Bat`534900 missed {
 is already Found: false).
 Position: LorenzVec{x=-89.40625, y=65.21875, z=39.3125}
 DistanceC: 19.70625001192093
Relative Position: LorenzVec{x=-19.70625001192093, y=-10.78125, z=8.012499988079078}
 }
19:27:55 `Bat`534904 missed {
 is already Found: false).
 Position: LorenzVec{x=-91.40625, y=64.21875, z=38.3125}
 DistanceC: 21.70625001192093
Relative Position: LorenzVec{x=-21.70625001192093, y=-11.78125, z=7.012499988079078}
 }
19:27:55 `Bat`534906 missed {
 is already Found: false).
 Position: LorenzVec{x=-91.40625, y=64.21875, z=39.3125}
 DistanceC: 21.70625001192093
Relative Position: LorenzVec{x=-21.70625001192093, y=-11.78125, z=8.012499988079078}
 }
19:27:55 `Bat`534908 missed {
 is already Found: false).
 Position: LorenzVec{x=-91.40625, y=64.21875, z=40.3125}
 DistanceC: 21.70625001192093
Relative Position: LorenzVec{x=-21.70625001192093, y=-11.78125, z=9.012499988079078}
 }
19:27:55 `Bat`534910 missed {
 is already Found: false).
 Position: LorenzVec{x=-90.40625, y=64.21875, z=39.3125}
 DistanceC: 20.70625001192093
Relative Position: LorenzVec{x=-20.70625001192093, y=-11.78125, z=8.012499988079078}
 }
19:28:02 `Bat`532080 missed {
 is already Found: false).
 Position: LorenzVec{x=-93.67708333333334, y=65.89583333333334, z=34.85416666666667}
 DistanceC: 20.967002789843306
Relative Position: LorenzVec{x=-20.967002789843306, y=-10.104166666666657, z=2.38632255105923}
 }
19:31:51 `Bat`532178 missed {
 is already Found: false).
 Position: LorenzVec{x=-91.8125, y=65.33333333333334, z=35.66666666666667}
 DistanceC: 19.900402886305045
Relative Position: LorenzVec{x=-19.900402886305045, y=-10.666666666666657, z=2.837479122173164}
 }
19:32:41 `Bat`534878 missed {
 is already Found: false).
 Position: LorenzVec{x=-92.40625, y=65.21875, z=38.3125}
 DistanceC: 21.951460091186107
Relative Position: LorenzVec{x=-21.951460091186107, y=-10.78125, z=5.294657819575804}
 }
19:32:41 `Bat`534880 missed {
 is already Found: false).
 Position: LorenzVec{x=-92.40625, y=65.21875, z=39.3125}
 DistanceC: 21.951460091186107
Relative Position: LorenzVec{x=-21.951460091186107, y=-10.78125, z=6.294657819575804}
 }
19:32:41 `Bat`534882 missed {
 is already Found: false).
 Position: LorenzVec{x=-92.40625, y=65.21875, z=40.3125}
 DistanceC: 21.951460091186107
Relative Position: LorenzVec{x=-21.951460091186107, y=-10.78125, z=7.294657819575804}
 }
19:32:41 `Bat`534902 missed {
 is already Found: false).
 Position: LorenzVec{x=-92.40625, y=64.21875, z=39.3125}
 DistanceC: 21.951460091186107
Relative Position: LorenzVec{x=-21.951460091186107, y=-11.78125, z=6.294657819575804}
 }
19:33:04 `Bat`532172 missed {
 is already Found: false).
 Position: LorenzVec{x=-92.8125, y=65.33333333333334, z=34.66666666666667}
 DistanceC: 21.79952710092276
Relative Position: LorenzVec{x=-21.79952710092276, y=-18.168200551071976, z=5.609222781820144}
 }
19:33:04 `Bat`532174 missed {
 is already Found: false).
 Position: LorenzVec{x=-92.8125, y=65.33333333333334, z=35.66666666666667}
 DistanceC: 21.79952710092276
Relative Position: LorenzVec{x=-21.79952710092276, y=-18.168200551071976, z=6.609222781820144}
 }
19:33:04 `Bat`532176 missed {
 is already Found: false).
 Position: LorenzVec{x=-92.8125, y=65.33333333333334, z=36.66666666666667}
 DistanceC: 21.79952710092276
Relative Position: LorenzVec{x=-21.79952710092276, y=-18.168200551071976, z=7.609222781820144}
 }
19:33:05 `Bat`532260 missed {
 is already Found: false).
 Position: LorenzVec{x=-92.79166666666666, y=66.27083333333334, z=34.70833333333333}
 DistanceC: 21.51414202888178
Relative Position: LorenzVec{x=-21.51414202888178, y=-16.470741254471804, z=6.150663786033956}
 }
19:33:05 `Bat`532262 missed {
 is already Found: false).
 Position: LorenzVec{x=-92.79166666666666, y=66.27083333333334, z=35.70833333333333}
 DistanceC: 21.51414202888178
Relative Position: LorenzVec{x=-21.51414202888178, y=-16.470741254471804, z=7.150663786033956}
 }
19:33:05 `Bat`532264 missed {
 is already Found: false).
 Position: LorenzVec{x=-92.79166666666666, y=66.27083333333334, z=36.70833333333333}
 DistanceC: 21.51414202888178
Relative Position: LorenzVec{x=-21.51414202888178, y=-16.470741254471804, z=8.150663786033956}
 }
19:33:05 `Bat`532266 missed {
 is already Found: false).
 Position: LorenzVec{x=-92.79166666666666, y=66.27083333333334, z=37.70833333333333}
 DistanceC: 21.51414202888178
Relative Position: LorenzVec{x=-21.51414202888178, y=-16.470741254471804, z=9.150663786033956}
 }
19:33:05 `Bat`532278 missed {
 is already Found: false).
 Position: LorenzVec{x=-92.79166666666666, y=65.27083333333334, z=34.70833333333333}
 DistanceC: 21.51414202888178
Relative Position: LorenzVec{x=-21.51414202888178, y=-17.470741254471804, z=6.150663786033956}
 }
19:33:05 `Bat`532280 missed {
 is already Found: false).
 Position: LorenzVec{x=-92.79166666666666, y=65.27083333333334, z=35.70833333333333}
 DistanceC: 21.51414202888178
Relative Position: LorenzVec{x=-21.51414202888178, y=-17.470741254471804, z=7.150663786033956}
 }
19:34:21 `Bat`534876 missed {
 is already Found: false).
 Position: LorenzVec{x=-93.40625, y=65.21875, z=39.3125}
 DistanceC: 20.11610073463207
Relative Position: LorenzVec{x=-20.11610073463207, y=-12.78125, z=9.589835727604143}
 }
19:34:21 `Bat`534820 missed {
 is already Found: false).
 Position: LorenzVec{x=-93.66666666666666, y=65.89583333333334, z=34.85416666666667}
 DistanceC: 20.376517401298727
Relative Position: LorenzVec{x=-20.376517401298727, y=-12.104166666666657, z=5.1315023942708144}
 }
19:34:21 `Bat`532170 missed {
 is already Found: false).
 Position: LorenzVec{x=-93.8125, y=65.33333333333334, z=35.66666666666667}
 DistanceC: 20.52235073463207
Relative Position: LorenzVec{x=-20.52235073463207, y=-12.666666666666657, z=5.9440023942708144}
 }
19:34:21 `Bat`534304 missed {
 is already Found: false).
 Position: LorenzVec{x=-93.75, y=66.6875, z=37.395833333333336}
 DistanceC: 20.45985073463207
Relative Position: LorenzVec{x=-20.45985073463207, y=-11.3125, z=7.673169060937479}
 }
19:34:21 `Bat`532276 missed {
 is already Found: false).
 Position: LorenzVec{x=-93.79166666666666, y=65.27083333333334, z=35.70833333333333}
 DistanceC: 20.501517401298727
Relative Position: LorenzVec{x=-20.501517401298727, y=-12.729166666666657, z=5.985669060937472}
 }
19:34:23 `Bat`534814 missed {
 is already Found: false).
 Position: LorenzVec{x=-94.66666666666666, y=65.89583333333334, z=33.85416666666667}
 DistanceC: 21.376517401298727
Relative Position: LorenzVec{x=-21.376517401298727, y=-12.104166666666657, z=4.1315023942708144}
 }
19:34:23 `Bat`534816 missed {
 is already Found: false).
 Position: LorenzVec{x=-94.66666666666666, y=65.89583333333334, z=34.85416666666667}
 DistanceC: 21.376517401298727
Relative Position: LorenzVec{x=-21.376517401298727, y=-12.104166666666657, z=5.1315023942708144}
 }
19:34:23 `Bat`534818 missed {
 is already Found: false).
 Position: LorenzVec{x=-94.66666666666666, y=65.89583333333334, z=35.85416666666667}
 DistanceC: 21.376517401298727
Relative Position: LorenzVec{x=-21.376517401298727, y=-12.104166666666657, z=6.1315023942708144}
 }
19:34:23 `Bat`534830 missed {
 is already Found: false).
 Position: LorenzVec{x=-94.66666666666666, y=64.89583333333334, z=34.85416666666667}
 DistanceC: 21.376517401298727
Relative Position: LorenzVec{x=-21.376517401298727, y=-13.104166666666657, z=5.1315023942708144}
 }
19:34:23 `Bat`532074 missed {
 is already Found: false).
 Position: LorenzVec{x=-94.67708333333334, y=65.89583333333334, z=33.85416666666667}
 DistanceC: 21.386934067965413
Relative Position: LorenzVec{x=-21.386934067965413, y=-12.104166666666657, z=4.1315023942708144}
 }
19:34:23 `Bat`532076 missed {
 is already Found: false).
 Position: LorenzVec{x=-94.67708333333334, y=65.89583333333334, z=34.85416666666667}
 DistanceC: 21.386934067965413
Relative Position: LorenzVec{x=-21.386934067965413, y=-12.104166666666657, z=5.1315023942708144}
 }
19:34:23 `Bat`532078 missed {
 is already Found: false).
 Position: LorenzVec{x=-94.67708333333334, y=65.89583333333334, z=35.85416666666667}
 DistanceC: 21.386934067965413
Relative Position: LorenzVec{x=-21.386934067965413, y=-12.104166666666657, z=6.1315023942708144}
 }
19:34:23 `Bat`532090 missed {
 is already Found: false).
 Position: LorenzVec{x=-94.67708333333334, y=64.89583333333334, z=34.85416666666667}
 DistanceC: 21.386934067965413
Relative Position: LorenzVec{x=-21.386934067965413, y=-13.104166666666657, z=5.1315023942708144}
 }
19:34:23 `Bat`534298 missed {
 is already Found: false).
 Position: LorenzVec{x=-94.75, y=66.6875, z=36.395833333333336}
 DistanceC: 21.45985073463207
Relative Position: LorenzVec{x=-21.45985073463207, y=-11.3125, z=6.673169060937479}
 }
19:34:23 `Bat`534300 missed {
 is already Found: false).
 Position: LorenzVec{x=-94.75, y=66.6875, z=37.395833333333336}
 DistanceC: 21.45985073463207
Relative Position: LorenzVec{x=-21.45985073463207, y=-11.3125, z=7.673169060937479}
 }
19:34:23 `Bat`534302 missed {
 is already Found: false).
 Position: LorenzVec{x=-94.75, y=66.6875, z=38.395833333333336}
 DistanceC: 21.45985073463207
Relative Position: LorenzVec{x=-21.45985073463207, y=-11.3125, z=8.673169060937479}
 }
19:34:23 `Bat`534314 missed {
 is already Found: false).
 Position: LorenzVec{x=-94.75, y=65.6875, z=37.395833333333336}
 DistanceC: 21.45985073463207
Relative Position: LorenzVec{x=-21.45985073463207, y=-12.3125, z=7.673169060937479}
 }
19:49:24 `68jcw68777`4 missed {
 is already Found: false).
 Position: LorenzVec{x=-92.5, y=78.0, z=25.5}
 DistanceC: 20.825863551866306
Relative Position: LorenzVec{x=-20.825863551866306, y=2.0, z=15.270531903841286}
 }
19:55:14 `im5x399dnd`326 missed {
 is already Found: false).
 Position: LorenzVec{x=15.5, y=72.0, z=-21.5}
 DistanceC: 23.800000011920922
Relative Position: LorenzVec{x=19.843221470462545, y=-3.0, z=23.800000011920922}
 }
19:55:36 `1009z34np1`412 missed {
 is already Found: false).
 Position: LorenzVec{x=-46.5, y=73.0, z=-90.5}
 DistanceC: 19.19999998807907
Relative Position: LorenzVec{x=-16.80000001192093, y=3.0, z=-19.19999998807907}
 }
20:07:27 `Bat`8542149 missed {
 is already Found: false).
 Position: LorenzVec{x=10.125, y=131.0, z=25.25}
 DistanceC: 15.949999988079075
Relative Position: LorenzVec{x=-0.5749999880790728, y=1.0, z=15.949999988079075}
 }
20:11:43 `1kcze4vpuk`31 missed {
 is already Found: false).
 Position: LorenzVec{x=-379.5, y=60.0, z=36.5}
 DistanceC: 18.434843022759708
Relative Position: LorenzVec{x=-3.6593251260985653, y=-2.0, z=18.434843022759708}
 }
21:16:59 `87028s3u5b`33 missed {
 is already Found: false).
 Position: LorenzVec{x=-312.0, y=83.0, z=-70.5}
 DistanceC: 23.1883200019618
Relative Position: LorenzVec{x=-16.26229002821384, y=-16.0, z=-23.1883200019618}
 }
21:28:22 `Bat`90997 missed {
 is already Found: false).
 Position: LorenzVec{x=-389.75, y=60.10000002384186, z=22.875}
 DistanceC: 16.375
Relative Position: LorenzVec{x=13.75, y=-75.89999997615814, z=16.375}
 }
21:28:22 `Bat`91011 missed {
 is already Found: false).
 Position: LorenzVec{x=-395.0625, y=58.10000002384186, z=26.9375}
 DistanceC: 20.4375
Relative Position: LorenzVec{x=8.4375, y=-77.89999997615814, z=20.4375}
 }
21:28:22 `Bat`89654 missed {
 is already Found: false).
 Position: LorenzVec{x=-386.03125, y=50.875, z=0.0}
 DistanceC: 17.46875
Relative Position: LorenzVec{x=17.46875, y=-85.125, z=-6.5}
 }
21:28:22 `Bat`90746 missed {
 is already Found: false).
 Position: LorenzVec{x=-386.46875, y=50.10000002384186, z=-2.0}
 DistanceC: 17.03125
Relative Position: LorenzVec{x=17.03125, y=-85.89999997615814, z=-8.5}
 }
21:28:23 `Bat`89636 missed {
 is already Found: false).
 Position: LorenzVec{x=-384.6875, y=51.10000002384186, z=-3.21875}
 DistanceC: 18.8125
Relative Position: LorenzVec{x=18.8125, y=-84.89999997615814, z=-9.71875}
 }
21:28:23 `Bat`90766 missed {
 is already Found: false).
 Position: LorenzVec{x=-385.9375, y=50.875, z=-3.75}
 DistanceC: 17.5625
Relative Position: LorenzVec{x=17.5625, y=-85.125, z=-10.25}
 }
21:28:27 `Bat`91619 missed {
 is already Found: false).
 Position: LorenzVec{x=-394.375, y=58.875, z=25.25}
 DistanceC: 18.75
Relative Position: LorenzVec{x=9.125, y=-77.125, z=18.75}
 }
21:29:09 `Bat`91862 missed {
 is already Found: false).
 Position: LorenzVec{x=-378.34375, y=62.875, z=-57.875}
 DistanceC: 0.717474871870877
Relative Position: LorenzVec{x=-0.717474871870877, y=-90.10801735129175, z=-0.1837391164735962}
 }
21:29:10 `Bat`91811 missed {
 is already Found: false).
 Position: LorenzVec{x=-367.53125, y=69.90625, z=-62.0}
 DistanceC: 7.96875
Relative Position: LorenzVec{x=7.96875, y=-51.2602411776508, z=-7.5}
 }
21:29:30 `Bat`92072 missed {
 is already Found: false).
 Position: LorenzVec{x=-382.59375, y=62.875, z=-26.5}
 DistanceC: 18.0
Relative Position: LorenzVec{x=-0.09375, y=-62.125, z=18.0}
 }
21:29:31 `Bat`88073 missed {
 is already Found: false).
 Position: LorenzVec{x=-371.15625, y=59.875, z=-24.40625}
 DistanceC: 19.51382113413954
Relative Position: LorenzVec{x=8.546690279261782, y=-68.82583236926058, z=19.51382113413954}
 }
21:29:32 `Bat`91989 missed {
 is already Found: false).
 Position: LorenzVec{x=-370.0625, y=60.8125, z=-23.34375}
 DistanceC: 20.727695109521527
Relative Position: LorenzVec{x=9.703732003812718, y=-66.57833949463004, z=20.727695109521527}
 }
21:30:33 `Bat`23474249 missed {
 is already Found: false).
 Position: LorenzVec{x=10.125, y=131.0, z=25.25}
 DistanceC: 4.625
Relative Position: LorenzVec{x=4.625, y=0.1875, z=-0.25}
 }
21:30:33 `Slime`23474343 missed {
 is already Found: false).
 Position: LorenzVec{x=11.875, y=135.0, z=46.9375}
 DistanceC: 21.4375
Relative Position: LorenzVec{x=6.375, y=4.1875, z=21.4375}
 }
21:30:34 `Slime`23474253 missed {
 is already Found: false).
 Position: LorenzVec{x=4.90625, y=130.0, z=46.96875}
 DistanceC: 21.46875
Relative Position: LorenzVec{x=-0.59375, y=-0.8125, z=21.46875}
 }
21:30:36 `Slime`23474344 missed {
 is already Found: false).
 Position: LorenzVec{x=14.375, y=135.0, z=45.572916666666664}
 DistanceC: 20.072916666666664
Relative Position: LorenzVec{x=8.875, y=4.1875, z=20.072916666666664}
 }
21:30:37 `Slime`23474306 missed {
 is already Found: false).
 Position: LorenzVec{x=10.3125, y=139.65625, z=45.21875}
 DistanceC: 19.71875
Relative Position: LorenzVec{x=4.8125, y=8.84375, z=19.71875}
 }
21:30:38 `Slime`23478122 missed {
 is already Found: false).
 Position: LorenzVec{x=5.5, y=130.0, z=47.15625}
 DistanceC: 21.65625
Relative Position: LorenzVec{x=0.0, y=-0.8125, z=21.65625}
 }
21:30:38 `Slime`23474009 missed {
 is already Found: false).
 Position: LorenzVec{x=4.90625, y=134.0, z=45.125}
 DistanceC: 19.625
Relative Position: LorenzVec{x=-0.59375, y=3.1875, z=19.625}
 }
21:30:39 `Slime`23474295 missed {
 is already Found: false).
 Position: LorenzVec{x=2.09375, y=139.0, z=44.9375}
 DistanceC: 19.4375
Relative Position: LorenzVec{x=-3.40625, y=8.1875, z=19.4375}
 }
21:30:40 `Slime`23474346 missed {
 is already Found: false).
 Position: LorenzVec{x=14.09375, y=135.75, z=47.25}
 DistanceC: 21.75
Relative Position: LorenzVec{x=8.59375, y=4.9375, z=21.75}
 }
21:30:41 `Slime`23474307 missed {
 is already Found: false).
 Position: LorenzVec{x=14.09375, y=139.0, z=47.28125}
 DistanceC: 21.78125
Relative Position: LorenzVec{x=8.59375, y=8.1875, z=21.78125}
 }
21:30:41 `Slime`23474011 missed {
 is already Found: false).
 Position: LorenzVec{x=4.90625, y=134.0, z=44.90625}
 DistanceC: 19.40625
Relative Position: LorenzVec{x=-0.59375, y=3.1875, z=19.40625}
 }
21:30:42 `Slime`23478121 missed {
 is already Found: false).
 Position: LorenzVec{x=10.90625, y=139.875, z=46.53125}
 DistanceC: 21.03125
Relative Position: LorenzVec{x=5.40625, y=9.0625, z=21.03125}
 }
21:30:43 `Slime`23474296 missed {
 is already Found: false).
 Position: LorenzVec{x=2.0625, y=139.0, z=44.90625}
 DistanceC: 19.40625
Relative Position: LorenzVec{x=-3.4375, y=8.1875, z=19.40625}
 }
21:30:43 `Slime`23474257 missed {
 is already Found: false).
 Position: LorenzVec{x=7.78125, y=140.07291666666669, z=46.13541666666667}
 DistanceC: 20.63541666666667
Relative Position: LorenzVec{x=2.28125, y=9.260416666666686, z=20.63541666666667}
 }
21:30:44 `Slime`23474254 missed {
 is already Found: false).
 Position: LorenzVec{x=5.5, y=130.0, z=46.34375}
 DistanceC: 20.84375
Relative Position: LorenzVec{x=0.0, y=-0.8125, z=20.84375}
 }
21:30:44 `Slime`23474010 missed {
 is already Found: false).
 Position: LorenzVec{x=5.21875, y=134.75, z=46.6875}
 DistanceC: 21.1875
Relative Position: LorenzVec{x=-0.28125, y=3.9375, z=21.1875}
 }
21:30:45 `Slime`23474008 missed {
 is already Found: false).
 Position: LorenzVec{x=4.90625, y=134.0, z=45.28125}
 DistanceC: 19.78125
Relative Position: LorenzVec{x=-0.59375, y=3.1875, z=19.78125}
 }
21:30:47 `Slime`23474347 missed {
 is already Found: false).
 Position: LorenzVec{x=10.625, y=135.0, z=45.15625}
 DistanceC: 19.65625
Relative Position: LorenzVec{x=5.125, y=4.1875, z=19.65625}
 }
21:30:47 `Slime`23474259 missed {
 is already Found: false).
 Position: LorenzVec{x=4.625, y=139.875, z=47.15625}
 DistanceC: 21.65625
Relative Position: LorenzVec{x=-0.875, y=9.0625, z=21.65625}
 }
21:30:51 `Slime`23487025 missed {
 is already Found: false).
 Position: LorenzVec{x=11.21875, y=135.0, z=46.84375}
 DistanceC: 21.34375
Relative Position: LorenzVec{x=5.71875, y=4.1875, z=21.34375}
 }
21:30:51 `Slime`23478120 missed {
 is already Found: false).
 Position: LorenzVec{x=8.09375, y=139.52083333333334, z=47.375}
 DistanceC: 21.875
Relative Position: LorenzVec{x=2.59375, y=8.708333333333343, z=21.875}
 }
21:30:53 `Slime`23474345 missed {
 is already Found: false).
 Position: LorenzVec{x=14.09375, y=135.40625, z=47.21875}
 DistanceC: 21.71875
Relative Position: LorenzVec{x=8.59375, y=4.59375, z=21.71875}
 }
21:30:56 `Slime`23490570 missed {
 is already Found: false).
 Position: LorenzVec{x=7.40625, y=140.21875, z=47.5}
 DistanceC: 22.0
Relative Position: LorenzVec{x=1.90625, y=9.40625, z=22.0}
 }
21:30:57 `Slime`23487089 missed {
 is already Found: false).
 Position: LorenzVec{x=5.21875, y=134.0, z=46.96875}
 DistanceC: 21.46875
Relative Position: LorenzVec{x=-0.28125, y=3.1875, z=21.46875}
 }
21:31:03 `Slime`23487047 missed {
 is already Found: false).
 Position: LorenzVec{x=1.78125, y=139.0, z=45.90625}
 DistanceC: 20.40625
Relative Position: LorenzVec{x=-3.71875, y=8.1875, z=20.40625}
 }
21:31:03 `Slime`23474258 missed {
 is already Found: false).
 Position: LorenzVec{x=8.09375, y=139.34027777777777, z=46.64236111111111}
 DistanceC: 21.142361111111107
Relative Position: LorenzVec{x=2.59375, y=8.527777777777771, z=21.142361111111107}
 }
21:33:57 `Slime`23613187 missed {
 is already Found: false).
 Position: LorenzVec{x=7.78125, y=130.0, z=46.0625}
 DistanceC: 21.302959795422854
Relative Position: LorenzVec{x=2.1177651074226844, y=-8.676932213130101, z=21.302959795422854}
 }
21:34:06 `Slime`23613186 missed {
 is already Found: false).
 Position: LorenzVec{x=4.4375, y=139.0, z=44.3125}
 DistanceC: 18.808560189791024
Relative Position: LorenzVec{x=-1.9703123651102343, y=0.24445683024958953, z=18.808560189791024}
 }
21:34:08 `Slime`23614649 missed {
 is already Found: false).
 Position: LorenzVec{x=7.420138888888888, y=135.33449074074073, z=47.78125}
 DistanceC: 21.835564775664093
Relative Position: LorenzVec{x=3.9714558030956004, y=0.3144907300118973, z=21.835564775664093}
 }
21:34:11 `Slime`23614624 missed {
 is already Found: false).
 Position: LorenzVec{x=-2.375, y=140.21875, z=45.9375}
 DistanceC: 20.4375
Relative Position: LorenzVec{x=-7.875, y=4.198749989271164, z=20.4375}
 }
21:34:12 `Slime`23613188 missed {
 is already Found: false).
 Position: LorenzVec{x=10.635416666666666, y=139.13541666666666, z=45.09375}
 DistanceC: 19.59375
Relative Position: LorenzVec{x=5.135416666666666, y=-0.9975769929798162, z=19.59375}
 }
21:34:29 `Slime`23637952 missed {
 is already Found: false).
 Position: LorenzVec{x=13.3125, y=139.0, z=48.375}
 DistanceC: 18.354977338711546
Relative Position: LorenzVec{x=2.090730283429018, y=9.0, z=18.354977338711546}
 }
21:34:29 `Slime`23637953 missed {
 is already Found: false).
 Position: LorenzVec{x=7.6875, y=140.0, z=48.09375}
 DistanceC: 18.073727338711546
Relative Position: LorenzVec{x=-3.534269716570982, y=10.0, z=18.073727338711546}
 }
21:34:29 `Slime`23637954 missed {
 is already Found: false).
 Position: LorenzVec{x=4.90625, y=130.13541666666666, z=48.09375}
 DistanceC: 18.073727338711546
Relative Position: LorenzVec{x=-6.315519716570982, y=0.1354166666666572, z=18.073727338711546}
 }
21:34:32 `Slime`23640414 missed {
 is already Found: false).
 Position: LorenzVec{x=13.260416666666668, y=135.92708333333331, z=48.6875}
 DistanceC: 18.667477338711546
Relative Position: LorenzVec{x=2.0386469500956856, y=5.927083333333314, z=18.667477338711546}
 }
21:34:32 `Slime`23640460 missed {
 is already Found: false).
 Position: LorenzVec{x=2.3125, y=139.39583333333331, z=48.375}
 DistanceC: 18.354977338711546
Relative Position: LorenzVec{x=-8.909269716570982, y=9.395833333333314, z=18.354977338711546}
 }
21:34:32 `Slime`23640483 missed {
 is already Found: false).
 Position: LorenzVec{x=4.90625, y=134.0, z=48.03125}
 DistanceC: 18.011227338711546
Relative Position: LorenzVec{x=-6.315519716570982, y=4.0, z=18.011227338711546}
 }
21:34:41 `Slime`23646808 missed {
 is already Found: false).
 Position: LorenzVec{x=5.28125, y=134.09375, z=48.6875}
 DistanceC: 18.667477338711546
Relative Position: LorenzVec{x=-5.940519716570982, y=4.09375, z=18.667477338711546}
 }
21:34:44 `Slime`23640464 missed {
 is already Found: false).
 Position: LorenzVec{x=14.09375, y=135.03125, z=50.90625}
 DistanceC: 20.886227338711546
Relative Position: LorenzVec{x=2.871980283429018, y=5.03125, z=20.886227338711546}
 }
21:34:47 `Slime`23650469 missed {
 is already Found: false).
 Position: LorenzVec{x=7.541666666666666, y=140.80208333333331, z=47.78125}
 DistanceC: 17.761227338711546
Relative Position: LorenzVec{x=-3.680103049904316, y=10.802083333333314, z=17.761227338711546}
 }
21:34:47 `Slime`23650470 missed {
 is already Found: false).
 Position: LorenzVec{x=11.260416666666668, y=140.14583333333331, z=47.78125}
 DistanceC: 17.761227338711546
Relative Position: LorenzVec{x=0.03864695009568564, y=10.145833333333314, z=17.761227338711546}
 }
21:34:47 `Slime`23650471 missed {
 is already Found: false).
 Position: LorenzVec{x=6.4375, y=130.0, z=48.375}
 DistanceC: 18.354977338711546
Relative Position: LorenzVec{x=-4.784269716570982, y=0.0, z=18.354977338711546}
 }
21:34:51 `Slime`23653216 missed {
 is already Found: false).
 Position: LorenzVec{x=11.15625, y=135.0, z=48.6875}
 DistanceC: 18.667477338711546
Relative Position: LorenzVec{x=-0.06551971657098221, y=5.0, z=18.667477338711546}
 }
21:34:51 `Slime`23653256 missed {
 is already Found: false).
 Position: LorenzVec{x=-1.6666666666666665, y=139.69791666666669, z=47.78125}
 DistanceC: 17.761227338711546
Relative Position: LorenzVec{x=-12.888436383237648, y=9.697916666666686, z=17.761227338711546}
 }
21:34:57 `Slime`23640482 missed {
 is already Found: false).
 Position: LorenzVec{x=2.6875, y=139.0, z=50.3125}
 DistanceC: 20.292477338711546
Relative Position: LorenzVec{x=-8.534269716570982, y=9.0, z=20.292477338711546}
 }
21:35:00 `Slime`23640462 missed {
 is already Found: false).
 Position: LorenzVec{x=13.15625, y=139.09375, z=51.21875}
 DistanceC: 21.198727338711546
Relative Position: LorenzVec{x=1.9344802834290178, y=9.09375, z=21.198727338711546}
 }
21:35:01 `Slime`23660159 missed {
 is already Found: false).
 Position: LorenzVec{x=7.375, y=134.0, z=48.09375}
 DistanceC: 18.073727338711546
Relative Position: LorenzVec{x=-3.846769716570982, y=4.0, z=18.073727338711546}
 }
21:35:02 `Slime`23653257 missed {
 is already Found: false).
 Position: LorenzVec{x=14.6875, y=139.09375, z=50.3125}
 DistanceC: 20.292477338711546
Relative Position: LorenzVec{x=3.465730283429018, y=9.09375, z=20.292477338711546}
 }
21:35:02 `Slime`23640459 missed {
 is already Found: false).
 Position: LorenzVec{x=5.666666666666666, y=135.15625, z=50.625}
 DistanceC: 20.604977338711546
Relative Position: LorenzVec{x=-5.555103049904316, y=5.15625, z=20.604977338711546}
 }
21:35:04 `Slime`23662359 missed {
 is already Found: false).
 Position: LorenzVec{x=13.284722222222221, y=139.54513888888889, z=48.6875}
 DistanceC: 18.667477338711546
Relative Position: LorenzVec{x=2.062952505651239, y=9.545138888888886, z=18.667477338711546}
 }
21:35:04 `Slime`23662360 missed {
 is already Found: false).
 Position: LorenzVec{x=4.90625, y=139.0, z=48.375}
 DistanceC: 18.354977338711546
Relative Position: LorenzVec{x=-6.315519716570982, y=9.0, z=18.354977338711546}
 }
21:35:04 `Slime`23662361 missed {
 is already Found: false).
 Position: LorenzVec{x=6.0, y=130.0, z=46.84375}
 DistanceC: 16.823727338711546
Relative Position: LorenzVec{x=-5.221769716570982, y=0.0, z=16.823727338711546}
 }
21:35:04 `Slime`23653255 missed {
 is already Found: false).
 Position: LorenzVec{x=4.90625, y=135.0, z=50.90625}
 DistanceC: 20.886227338711546
Relative Position: LorenzVec{x=-6.315519716570982, y=5.0, z=20.886227338711546}
 }
21:35:05 `Slime`23653259 missed {
 is already Found: false).
 Position: LorenzVec{x=10.625, y=135.69791666666669, z=50.625}
 DistanceC: 20.604977338711546
Relative Position: LorenzVec{x=-0.5967697165709822, y=5.697916666666686, z=20.604977338711546}
 }
21:35:08 `Slime`23653276 missed {
 is already Found: false).
 Position: LorenzVec{x=-2.6875, y=140.15625, z=50.3125}
 DistanceC: 20.292477338711546
Relative Position: LorenzVec{x=-13.909269716570982, y=10.15625, z=20.292477338711546}
 }
21:35:09 `Slime`23665634 missed {
 is already Found: false).
 Position: LorenzVec{x=12.125, y=135.0, z=48.09375}
 DistanceC: 18.073727338711546
Relative Position: LorenzVec{x=0.9032302834290178, y=5.0, z=18.073727338711546}
 }
21:35:09 `Slime`23665656 missed {
 is already Found: false).
 Position: LorenzVec{x=1.125, y=139.0, z=48.09375}
 DistanceC: 18.073727338711546
Relative Position: LorenzVec{x=-10.096769716570982, y=9.0, z=18.073727338711546}
 }
21:35:12 `Slime`23653260 missed {
 is already Found: false).
 Position: LorenzVec{x=8.09375, y=139.0, z=50.9375}
 DistanceC: 20.917477338711546
Relative Position: LorenzVec{x=-3.128019716570982, y=9.0, z=20.917477338711546}
 }
21:35:19 `Slime`23672840 missed {
 is already Found: false).
 Position: LorenzVec{x=5.21875, y=134.44097222222223, z=47.78125}
 DistanceC: 17.761227338711546
Relative Position: LorenzVec{x=-6.003019716570982, y=4.4409722222222285, z=17.761227338711546}
 }
21:35:22 `Slime`23665712 missed {
 is already Found: false).
 Position: LorenzVec{x=-2.03125, y=139.0, z=50.3125}
 DistanceC: 20.292477338711546
Relative Position: LorenzVec{x=-13.253019716570982, y=9.0, z=20.292477338711546}
 }
21:35:22 `Slime`23665653 missed {
 is already Found: false).
 Position: LorenzVec{x=6.6875, y=135.0, z=50.625}
 DistanceC: 20.604977338711546
Relative Position: LorenzVec{x=-4.534269716570982, y=5.0, z=20.604977338711546}
 }
21:35:22 `Slime`23674745 missed {
 is already Found: false).
 Position: LorenzVec{x=13.90625, y=139.0, z=48.375}
 DistanceC: 18.354977338711546
Relative Position: LorenzVec{x=2.684480283429018, y=9.0, z=18.354977338711546}
 }
21:35:22 `Slime`23674746 missed {
 is already Found: false).
 Position: LorenzVec{x=6.3125, y=130.0, z=48.375}
 DistanceC: 18.354977338711546
Relative Position: LorenzVec{x=-4.909269716570982, y=0.0, z=18.354977338711546}
 }
21:35:22 `Slime`23674747 missed {
 is already Found: false).
 Position: LorenzVec{x=6.46875, y=139.0, z=48.6875}
 DistanceC: 18.667477338711546
Relative Position: LorenzVec{x=-4.753019716570982, y=9.0, z=18.667477338711546}
 }
21:35:27 `Slime`23640461 missed {
 is already Found: false).
 Position: LorenzVec{x=7.78125, y=139.0, z=51.21875}
 DistanceC: 21.198727338711546
Relative Position: LorenzVec{x=-3.440519716570982, y=9.0, z=21.198727338711546}
 }
21:35:28 `Slime`23678644 missed {
 is already Found: false).
 Position: LorenzVec{x=14.09375, y=135.0, z=47.875}
 DistanceC: 17.854977338711546
Relative Position: LorenzVec{x=2.871980283429018, y=5.0, z=17.854977338711546}
 }
21:35:28 `Slime`23678678 missed {
 is already Found: false).
 Position: LorenzVec{x=-2.6875, y=139.0, z=48.625}
 DistanceC: 18.604977338711546
Relative Position: LorenzVec{x=-13.909269716570982, y=9.0, z=18.604977338711546}
 }
21:35:33 `Slime`23678700 missed {
 is already Found: false).
 Position: LorenzVec{x=2.09375, y=139.0, z=51.65625}
 DistanceC: 21.636227338711546
Relative Position: LorenzVec{x=-9.128019716570982, y=9.0, z=21.636227338711546}
 }
21:35:36 `Slime`23672106 missed {
 is already Found: false).
 Position: LorenzVec{x=11.28125, y=135.0, z=50.625}
 DistanceC: 20.604977338711546
Relative Position: LorenzVec{x=0.05948028342901779, y=5.0, z=20.604977338711546}
 }
21:35:36 `Slime`23665652 missed {
 is already Found: false).
 Position: LorenzVec{x=11.21875, y=139.875, z=51.21875}
 DistanceC: 21.198727338711546
Relative Position: LorenzVec{x=-0.0030197165709822116, y=9.875, z=21.198727338711546}
 }
21:35:38 `Slime`23685628 missed {
 is already Found: false).
 Position: LorenzVec{x=7.5, y=134.875, z=46.78125}
 DistanceC: 16.761227338711546
Relative Position: LorenzVec{x=-3.721769716570982, y=4.875, z=16.761227338711546}
 }
21:35:40 `Slime`23687004 missed {
 is already Found: false).
 Position: LorenzVec{x=11.21875, y=139.96875, z=47.78125}
 DistanceC: 17.761227338711546
Relative Position: LorenzVec{x=-0.0030197165709822116, y=9.96875, z=17.761227338711546}
 }
21:35:40 `Slime`23687005 missed {
 is already Found: false).
 Position: LorenzVec{x=4.3125, y=140.0625, z=48.6875}
 DistanceC: 18.667477338711546
Relative Position: LorenzVec{x=-6.909269716570982, y=10.0625, z=18.667477338711546}
 }
21:35:40 `Slime`23687006 missed {
 is already Found: false).
 Position: LorenzVec{x=7.53125, y=130.0, z=48.375}
 DistanceC: 18.354977338711546
Relative Position: LorenzVec{x=-3.690519716570982, y=0.0, z=18.354977338711546}
 }
21:35:41 `Slime`23678680 missed {
 is already Found: false).
 Position: LorenzVec{x=14.6875, y=139.51388888888889, z=50.94444444444445}
 DistanceC: 20.924421783155996
Relative Position: LorenzVec{x=3.465730283429018, y=9.513888888888886, z=20.924421783155996}
 }
21:35:46 `Slime`23691274 missed {
 is already Found: false).
 Position: LorenzVec{x=13.524305555555557, y=135.76041666666669, z=48.09375}
 DistanceC: 18.073727338711546
Relative Position: LorenzVec{x=2.302535838984575, y=5.760416666666686, z=18.073727338711546}
 }
21:35:46 `Slime`23691307 missed {
 is already Found: false).
 Position: LorenzVec{x=1.5, y=139.0, z=47.78125}
 DistanceC: 17.761227338711546
Relative Position: LorenzVec{x=-9.721769716570982, y=9.0, z=17.761227338711546}
 }
21:36:03 `Slime`23698262 missed {
 is already Found: false).
 Position: LorenzVec{x=8.09375, y=134.97916666666666, z=47.333333333333336}
 DistanceC: 21.85881945230079
Relative Position: LorenzVec{x=-15.602310460807029, y=-10.5566739583779, z=21.85881945230079}
 }
21:36:04 `Slime`23665657 missed {
 is already Found: false).
 Position: LorenzVec{x=12.96875, y=135.0, z=54.375}
 DistanceC: 15.853050211444497
Relative Position: LorenzVec{x=-0.518310253508389, y=-10.0, z=15.853050211444497}
 }
21:36:15 `Slime`23711579 missed {
 is already Found: false).
 Position: LorenzVec{x=4.90625, y=134.0, z=48.375}
 DistanceC: 20.902616607304704
Relative Position: LorenzVec{x=-13.513325822793554, y=-25.0, z=20.902616607304704}
 }
21:36:15 `Slime`23712110 missed {
 is already Found: false).
 Position: LorenzVec{x=11.5625, y=139.13541666666666, z=48.09375}
 DistanceC: 20.621366607304704
Relative Position: LorenzVec{x=-6.857075822793554, y=-19.864583333333343, z=20.621366607304704}
 }
21:36:15 `Slime`23712112 missed {
 is already Found: false).
 Position: LorenzVec{x=6.0625, y=139.0, z=48.6875}
 DistanceC: 21.215116607304704
Relative Position: LorenzVec{x=-12.357075822793554, y=-20.0, z=21.215116607304704}
 }
21:36:16 `Slime`23712111 missed {
 is already Found: false).
 Position: LorenzVec{x=5.65625, y=130.69791666666666, z=48.6875}
 DistanceC: 21.215116607304704
Relative Position: LorenzVec{x=-12.763325822793554, y=-28.302083333333343, z=21.215116607304704}
 }
21:36:23 `Slime`23717028 missed {
 is already Found: false).
 Position: LorenzVec{x=11.71875, y=135.27083333333331, z=47.78125}
 DistanceC: 20.308866607304704
Relative Position: LorenzVec{x=-6.700825822793554, y=-23.729166666666686, z=20.308866607304704}
 }
21:36:23 `Slime`23717099 missed {
 is already Found: false).
 Position: LorenzVec{x=2.6875, y=139.0, z=48.3125}
 DistanceC: 20.840116607304704
Relative Position: LorenzVec{x=-15.732075822793554, y=-20.0, z=20.840116607304704}
 }
21:36:33 `Slime`23724014 missed {
 is already Found: false).
 Position: LorenzVec{x=14.375, y=139.0, z=48.375}
 DistanceC: 20.902616607304704
Relative Position: LorenzVec{x=-4.044575822793554, y=-20.0, z=20.902616607304704}
 }
21:36:33 `Slime`23724015 missed {
 is already Found: false).
 Position: LorenzVec{x=5.0, y=139.0, z=48.09375}
 DistanceC: 20.621366607304704
Relative Position: LorenzVec{x=-13.419575822793554, y=-20.0, z=20.621366607304704}
 }
21:36:33 `Slime`23724017 missed {
 is already Found: false).
 Position: LorenzVec{x=8.625, y=130.0, z=48.6875}
 DistanceC: 21.215116607304704
Relative Position: LorenzVec{x=-9.794575822793554, y=-29.0, z=21.215116607304704}
 }
21:36:33 `Slime`23724047 missed {
 is already Found: false).
 Position: LorenzVec{x=5.78125, y=134.0, z=47.78125}
 DistanceC: 20.308866607304704
Relative Position: LorenzVec{x=-12.638325822793554, y=-25.0, z=20.308866607304704}
 }
21:36:41 `Slime`23729913 missed {
 is already Found: false).
 Position: LorenzVec{x=14.375, y=135.0, z=48.375}
 DistanceC: 21.593614362331575
Relative Position: LorenzVec{x=0.9240095398416379, y=-23.0, z=21.593614362331575}
 }
21:36:41 `Slime`23729975 missed {
 is already Found: false).
 Position: LorenzVec{x=1.4375, y=139.0, z=47.78125}
 DistanceC: 20.999864362331575
Relative Position: LorenzVec{x=-12.013490460158362, y=-19.0, z=20.999864362331575}
 }
21:36:51 `Slime`23736374 missed {
 is already Found: false).
 Position: LorenzVec{x=8.6875, y=139.0, z=48.6875}
 DistanceC: 21.906114362331575
Relative Position: LorenzVec{x=-4.763490460158362, y=-19.0, z=21.906114362331575}
 }
21:36:51 `Slime`23736375 missed {
 is already Found: false).
 Position: LorenzVec{x=13.21875, y=139.09375, z=47.78125}
 DistanceC: 20.999864362331575
Relative Position: LorenzVec{x=-0.23224046015836208, y=-18.90625, z=20.999864362331575}
 }
21:36:51 `Slime`23736376 missed {
 is already Found: false).
 Position: LorenzVec{x=4.625, y=130.0, z=48.375}
 DistanceC: 21.593614362331575
Relative Position: LorenzVec{x=-8.825990460158362, y=-28.0, z=21.593614362331575}
 }
21:36:51 `Slime`23737012 missed {
 is already Found: false).
 Position: LorenzVec{x=6.75, y=134.875, z=46.6875}
 DistanceC: 19.906114362331575
Relative Position: LorenzVec{x=-6.700990460158362, y=-23.125, z=19.906114362331575}
 }
21:37:00 `Slime`23742904 missed {
 is already Found: false).
 Position: LorenzVec{x=14.375, y=135.0, z=48.375}
 DistanceC: 21.593614362331575
Relative Position: LorenzVec{x=0.9240095398416379, y=-23.0, z=21.593614362331575}
 }
21:37:00 `Slime`23742938 missed {
 is already Found: false).
 Position: LorenzVec{x=-0.33333333333333337, y=139.0, z=48.6875}
 DistanceC: 21.906114362331575
Relative Position: LorenzVec{x=-13.784323793491696, y=-19.0, z=21.906114362331575}
 }
21:37:05 `Slime`23729974 missed {
 is already Found: false).
 Position: LorenzVec{x=7.354166666666666, y=135.07291666666669, z=48.6875}
 DistanceC: 21.906114362331575
Relative Position: LorenzVec{x=-6.096823793491696, y=-22.927083333333314, z=21.906114362331575}
 }
21:37:08 `Slime`23749173 missed {
 is already Found: false).
 Position: LorenzVec{x=7.59375, y=130.0, z=48.09375}
 DistanceC: 21.312364362331575
Relative Position: LorenzVec{x=-5.857240460158362, y=-28.0, z=21.312364362331575}
 }
21:37:08 `Slime`23749174 missed {
 is already Found: false).
 Position: LorenzVec{x=12.78125, y=139.0, z=48.6875}
 DistanceC: 21.906114362331575
Relative Position: LorenzVec{x=-0.6697404601583621, y=-19.0, z=21.906114362331575}
 }
21:37:08 `Slime`23749175 missed {
 is already Found: false).
 Position: LorenzVec{x=8.09375, y=139.0, z=48.09375}
 DistanceC: 21.312364362331575
Relative Position: LorenzVec{x=-5.357240460158362, y=-19.0, z=21.312364362331575}
 }
21:37:10 `Slime`23750201 missed {
 is already Found: false).
 Position: LorenzVec{x=5.40625, y=135.07291666666666, z=48.375}
 DistanceC: 21.593614362331575
Relative Position: LorenzVec{x=-8.044740460158362, y=-22.927083333333343, z=21.593614362331575}
 }
21:37:17 `Slime`23755451 missed {
 is already Found: false).
 Position: LorenzVec{x=7.59375, y=130.23958333333331, z=48.09375}
 DistanceC: 21.312364362331575
Relative Position: LorenzVec{x=-5.857240460158362, y=-27.760416666666686, z=21.312364362331575}
 }
21:37:18 `Slime`23756122 missed {
 is already Found: false).
 Position: LorenzVec{x=11.59375, y=135.0, z=48.28125}
 DistanceC: 21.499864362331575
Relative Position: LorenzVec{x=-1.857240460158362, y=-23.0, z=21.499864362331575}
 }
21:37:18 `Slime`23756136 missed {
 is already Found: false).
 Position: LorenzVec{x=-2.375, y=139.0, z=48.375}
 DistanceC: 21.593614362331575
Relative Position: LorenzVec{x=-15.825990460158362, y=-19.0, z=21.593614362331575}
 }
21:37:26 `Slime`23761491 missed {
 is already Found: false).
 Position: LorenzVec{x=12.440972222222221, y=140.42013888888889, z=47.78125}
 DistanceC: 20.999864362331575
Relative Position: LorenzVec{x=-1.0100182379361407, y=-17.579861111111114, z=20.999864362331575}
 }
21:37:26 `Slime`23761492 missed {
 is already Found: false).
 Position: LorenzVec{x=6.90625, y=139.875, z=47.78125}
 DistanceC: 20.999864362331575
Relative Position: LorenzVec{x=-6.544740460158362, y=-18.125, z=20.999864362331575}
 }
21:37:28 `Slime`23763010 missed {
 is already Found: false).
 Position: LorenzVec{x=5.6875, y=134.0, z=47.75}
 DistanceC: 20.968614362331575
Relative Position: LorenzVec{x=-7.763490460158362, y=-24.0, z=20.968614362331575}
 }
21:37:36 `Slime`23767883 missed {
 is already Found: false).
 Position: LorenzVec{x=7.90625, y=130.0, z=47.40625}
 DistanceC: 20.624864362331575
Relative Position: LorenzVec{x=-5.544740460158362, y=-28.0, z=20.624864362331575}
 }
21:37:37 `Slime`23768340 missed {
 is already Found: false).
 Position: LorenzVec{x=11.28125, y=135.03125, z=48.09375}
 DistanceC: 21.312364362331575
Relative Position: LorenzVec{x=-2.169740460158362, y=-22.96875, z=21.312364362331575}
 }
21:37:37 `Slime`23768380 missed {
 is already Found: false).
 Position: LorenzVec{x=1.21875, y=139.0, z=48.6875}
 DistanceC: 21.906114362331575
Relative Position: LorenzVec{x=-12.232240460158362, y=-19.0, z=21.906114362331575}
 }
21:37:44 `Slime`23773750 missed {
 is already Found: false).
 Position: LorenzVec{x=14.375, y=139.0, z=48.375}
 DistanceC: 21.593614362331575
Relative Position: LorenzVec{x=0.9240095398416379, y=-19.0, z=21.593614362331575}
 }
21:37:44 `Slime`23773751 missed {
 is already Found: false).
 Position: LorenzVec{x=8.6875, y=139.0, z=47.5625}
 DistanceC: 20.781114362331575
Relative Position: LorenzVec{x=-4.763490460158362, y=-19.0, z=20.781114362331575}
 }
21:37:47 `Slime`23775815 missed {
 is already Found: false).
 Position: LorenzVec{x=6.28125, y=134.875, z=47.78125}
 DistanceC: 20.999864362331575
Relative Position: LorenzVec{x=-7.169740460158362, y=-23.125, z=20.999864362331575}
 }
21:37:54 `Slime`23780627 missed {
 is already Found: false).
 Position: LorenzVec{x=8.375, y=130.27083333333331, z=48.35416666666667}
 DistanceC: 21.572781028998246
Relative Position: LorenzVec{x=-5.075990460158362, y=-27.729166666666686, z=21.572781028998246}
 }
21:37:55 `Slime`23781381 missed {
 is already Found: false).
 Position: LorenzVec{x=14.375, y=136.15625, z=48.375}
 DistanceC: 21.593614362331575
Relative Position: LorenzVec{x=0.9240095398416379, y=-21.84375, z=21.593614362331575}
 }
21:37:55 `Slime`23781412 missed {
 is already Found: false).
 Position: LorenzVec{x=-1.34375, y=139.0, z=48.09375}
 DistanceC: 21.312364362331575
Relative Position: LorenzVec{x=-14.794740460158362, y=-19.0, z=21.312364362331575}
 }
21:38:02 `Slime`23785701 missed {
 is already Found: false).
 Position: LorenzVec{x=4.90625, y=139.0, z=48.09375}
 DistanceC: 21.312364362331575
Relative Position: LorenzVec{x=-8.544740460158362, y=-19.0, z=21.312364362331575}
 }
21:38:02 `Slime`23785702 missed {
 is already Found: false).
 Position: LorenzVec{x=10.90625, y=139.0, z=48.09375}
 DistanceC: 21.312364362331575
Relative Position: LorenzVec{x=-2.544740460158362, y=-19.0, z=21.312364362331575}
 }
21:38:05 `Slime`23788291 missed {
 is already Found: false).
 Position: LorenzVec{x=4.53125, y=134.0, z=48.6875}
 DistanceC: 21.906114362331575
Relative Position: LorenzVec{x=-8.919740460158362, y=-24.0, z=21.906114362331575}
 }
21:38:11 `Slime`23792975 missed {
 is already Found: false).
 Position: LorenzVec{x=7.322916666666666, y=130.0, z=48.09375}
 DistanceC: 21.312364362331575
Relative Position: LorenzVec{x=-6.128073793491696, y=-28.0, z=21.312364362331575}
 }
21:38:14 `Slime`23794275 missed {
 is already Found: false).
 Position: LorenzVec{x=11.4375, y=135.0, z=48.375}
 DistanceC: 21.593614362331575
Relative Position: LorenzVec{x=-2.013490460158362, y=-23.0, z=21.593614362331575}
 }
21:38:14 `Slime`23794329 missed {
 is already Found: false).
 Position: LorenzVec{x=0.9375, y=139.09375, z=47.78125}
 DistanceC: 20.999864362331575
Relative Position: LorenzVec{x=-12.513490460158362, y=-18.90625, z=20.999864362331575}
 }
21:38:19 `Slime`23798516 missed {
 is already Found: false).
 Position: LorenzVec{x=6.59375, y=140.28125, z=47.78125}
 DistanceC: 20.999864362331575
Relative Position: LorenzVec{x=-6.857240460158362, y=-17.71875, z=20.999864362331575}
 }
21:38:19 `Slime`23798517 missed {
 is already Found: false).
 Position: LorenzVec{x=14.6875, y=139.0, z=47.34375}
 DistanceC: 20.562364362331575
Relative Position: LorenzVec{x=1.236509539841638, y=-19.0, z=20.562364362331575}
 }
21:38:24 `Slime`23801413 missed {
 is already Found: false).
 Position: LorenzVec{x=6.0625, y=134.0, z=48.09375}
 DistanceC: 21.312364362331575
Relative Position: LorenzVec{x=-7.388490460158362, y=-24.0, z=21.312364362331575}
 }
21:38:50 `Slime`23819754 missed {
 is already Found: false).
 Position: LorenzVec{x=18.375, y=139.0, z=59.78125}
 DistanceC: 18.57770518005752
Relative Position: LorenzVec{x=18.57770518005752, y=-8.488766868937347, z=-2.9123939148462554}
 }
21:39:09 `Slime`23831979 missed {
 is already Found: false).
 Position: LorenzVec{x=16.40625, y=139.0, z=59.78125}
 DistanceC: 16.60895518005752
Relative Position: LorenzVec{x=16.60895518005752, y=-8.488766868937347, z=-2.9123939148462554}
 }
21:39:11 `Slime`23833269 missed {
 is already Found: false).
 Position: LorenzVec{x=7.4375, y=134.875, z=46.4375}
 DistanceC: 16.256143914846255
Relative Position: LorenzVec{x=7.640205180057521, y=-12.613766868937347, z=-16.256143914846255}
 }
21:39:27 `Slime`23844757 missed {
 is already Found: false).
 Position: LorenzVec{x=17.9375, y=139.0, z=60.6875}
 DistanceC: 18.14020518005752
Relative Position: LorenzVec{x=18.14020518005752, y=-8.488766868937347, z=-2.0061439148462554}
 }
21:39:29 `Slime`23845850 missed {
 is already Found: false).
 Position: LorenzVec{x=6.90625, y=134.875, z=46.78125}
 DistanceC: 15.912393914846255
Relative Position: LorenzVec{x=7.108955180057521, y=-12.613766868937347, z=-15.912393914846255}
 }
21:40:40 `f064l2neu4`332 missed {
 is already Found: false).
 Position: LorenzVec{x=-41.5, y=70.0, z=-64.5}
 DistanceC: 20.65086091972799
Relative Position: LorenzVec{x=-5.628028424868525, y=-16.0, z=20.65086091972799}
 }
21:40:40 `Villager`348 missed {
 is already Found: false).
 Position: LorenzVec{x=-25.6875, y=68.0, z=-103.09375}
 DistanceC: 17.94288908027201
Relative Position: LorenzVec{x=10.184471575131475, y=-18.0, z=-17.94288908027201}
 }
21:40:40 `5t8a0x111p`331 missed {
 is already Found: false).
 Position: LorenzVec{x=-49.5, y=70.0, z=-67.5}
 DistanceC: 17.65086091972799
Relative Position: LorenzVec{x=-13.628028424868525, y=-16.0, z=17.65086091972799}
 }
21:45:46 `ipmg8n8hho`112 missed {
 is already Found: false).
 Position: LorenzVec{x=-6.5, y=145.0, z=-18.5}
 DistanceC: 20.158963226952025
Relative Position: LorenzVec{x=19.19999998807907, y=-4.231523797587016, z=-20.158963226952025}
 }
21:55:13 `ipmg8n8hho`112 missed {
 is already Found: false).
 Position: LorenzVec{x=-6.5, y=145.0, z=-18.5}
 DistanceC: 20.894978188431807
Relative Position: LorenzVec{x=20.894978188431807, y=3.0, z=-9.682420083808216}
 }
21:55:21 `71x9ynl6gp`173 missed {
 is already Found: false).
 Position: LorenzVec{x=0.5, y=145.0, z=23.5}
 DistanceC: 23.256855477800258
Relative Position: LorenzVec{x=-0.9670202931824656, y=17.0, z=-23.256855477800258}
 }
22:18:02 `Creeper`12712 missed {
 is already Found: false).
 Position: LorenzVec{x=-0.96875, y=76.0, z=87.28125}
 DistanceC: 10.41764488022919
Relative Position: LorenzVec{x=4.610842697784132, y=-56.74157458780513, z=-10.41764488022919}
 }
22:21:42 `17olngz468`119 missed {
 is already Found: false).
 Position: LorenzVec{x=88.0, y=199.0, z=-108.0}
 DistanceC: 23.805020702252122
Relative Position: LorenzVec{x=1.3450675584680027, y=-3.2555431697504105, z=-23.805020702252122}
 }
22:21:42 `i147xy6327`114 missed {
 is already Found: false).
 Position: LorenzVec{x=88.5, y=198.0, z=-98.5}
 DistanceC: 14.438582098187183
Relative Position: LorenzVec{x=1.806261671843103, y=-3.7008323692605813, z=-14.438582098187183}
 }
22:21:42 `nn6s76gkrx`131 missed {
 is already Found: false).
 Position: LorenzVec{x=89.5, y=198.0, z=-92.5}
 DistanceC: 8.560122971990879
Relative Position: LorenzVec{x=2.770948313996726, y=-3.078815772674403, z=-8.560122971990879}
 }
22:22:05 `5e0dy70nw6`110 missed {
 is already Found: false).
 Position: LorenzVec{x=87.5, y=199.0, z=-115.5}
 DistanceC: 21.98241450586704
Relative Position: LorenzVec{x=20.332205119687046, y=1.0, z=-21.98241450586704}
 }
22:22:05 `i147xy6327`114 missed {
 is already Found: false).
 Position: LorenzVec{x=88.5, y=198.0, z=-98.5}
 DistanceC: 21.332205119687046
Relative Position: LorenzVec{x=21.332205119687046, y=0.0, z=-4.982414505867041}
 }
22:22:05 `17olngz468`119 missed {
 is already Found: false).
 Position: LorenzVec{x=88.0, y=199.0, z=-108.0}
 DistanceC: 20.832205119687046
Relative Position: LorenzVec{x=20.832205119687046, y=1.0, z=-14.482414505867041}
 }
22:22:05 `nn6s76gkrx`131 missed {
 is already Found: false).
 Position: LorenzVec{x=89.5, y=198.0, z=-92.5}
 DistanceC: 22.332205119687046
Relative Position: LorenzVec{x=22.332205119687046, y=0.0, z=1.017585494132959}
 }
22:23:30 `5e0dy70nw6`110 missed {
 is already Found: false).
 Position: LorenzVec{x=87.5, y=199.0, z=-115.5}
 DistanceC: 14.917203575648486
Relative Position: LorenzVec{x=14.917203575648486, y=-18.0, z=4.5213033820765105}
 }
22:23:30 `17olngz468`119 missed {
 is already Found: false).
 Position: LorenzVec{x=88.0, y=199.0, z=-108.0}
 DistanceC: 15.417203575648486
Relative Position: LorenzVec{x=15.417203575648486, y=-18.0, z=12.02130338207651}
 }
22:23:30 `i147xy6327`114 missed {
 is already Found: false).
 Position: LorenzVec{x=88.5, y=198.0, z=-98.5}
 DistanceC: 21.52130338207651
Relative Position: LorenzVec{x=15.917203575648486, y=-19.0, z=21.52130338207651}
 }
22:23:31 `vtm6iq0vn9`113 missed {
 is already Found: false).
 Position: LorenzVec{x=84.0, y=224.0, z=-118.0}
 DistanceC: 11.417203575648486
Relative Position: LorenzVec{x=11.417203575648486, y=7.0, z=2.0213033820765105}
 }
22:23:50 `Bat`11514526 missed {
 is already Found: false).
 Position: LorenzVec{x=10.125, y=131.0, z=25.25}
 DistanceC: 6.226153616093276
Relative Position: LorenzVec{x=6.226153616093276, y=0.1875, z=4.721689971938851}
 }
22:25:26 `Slime`11534990 missed {
 is already Found: false).
 Position: LorenzVec{x=8.40625, y=129.0, z=38.458333333333336}
 DistanceC: 17.947082951819027
Relative Position: LorenzVec{x=3.0604802344439177, y=-1.0, z=17.947082951819027}
 }
22:26:31 `Slime`11515743 missed {
 is already Found: false).
 Position: LorenzVec{x=9.625, y=130.0, z=39.875}
 DistanceC: 19.36374961848569
Relative Position: LorenzVec{x=4.279230234443918, y=0.0, z=19.36374961848569}
 }
22:27:48 `Slime`11538698 missed {
 is already Found: false).
 Position: LorenzVec{x=3.09375, y=130.0, z=40.09375}
 DistanceC: 19.58249961848569
Relative Position: LorenzVec{x=-2.2520197655560823, y=0.0, z=19.58249961848569}
 }
22:29:44 `Slime`11590840 missed {
 is already Found: false).
 Position: LorenzVec{x=6.53125, y=130.0, z=37.75}
 DistanceC: 17.23874961848569
Relative Position: LorenzVec{x=1.1854802344439177, y=0.0, z=17.23874961848569}
 }
22:30:15 `Slime`11624928 missed {
 is already Found: false).
 Position: LorenzVec{x=5.395833333333334, y=131.14583333333331, z=37.94791666666667}
 DistanceC: 17.436666285152363
Relative Position: LorenzVec{x=0.05006356777725163, y=1.1458333333333144, z=17.436666285152363}
 }
22:33:09 `Slime`11568826 missed {
 is already Found: false).
 Position: LorenzVec{x=6.8125, y=130.46875, z=38.21875}
 DistanceC: 17.70749961848569
Relative Position: LorenzVec{x=1.4667302344439177, y=0.46875, z=17.70749961848569}
 }
22:33:57 `Slime`11603690 missed {
 is already Found: false).
 Position: LorenzVec{x=9.322916666666666, y=130.0, z=40.0}
 DistanceC: 19.48874961848569
Relative Position: LorenzVec{x=3.9771469011105838, y=0.0, z=19.48874961848569}
 }
22:37:21 `bSam `11514799 missed {
 is already Found: false).
 Position: LorenzVec{x=8.5, y=130.0, z=41.5}
 DistanceC: 23.828231119779566
Relative Position: LorenzVec{x=-23.828231119779566, y=-24.594872583884296, z=0.846785573479707}
 }
22:37:41 `Bat`11737438 missed {
 is already Found: true).
 Position: LorenzVec{x=10.03125, y=130.90625, z=24.9375}
 DistanceC: 14.3715400324181
Relative Position: LorenzVec{x=-14.3715400324181, y=25.40471611559468, z=6.875543747749354}
 }
22:37:55 `Slime`11596585 missed {
 is already Found: false).
 Position: LorenzVec{x=10.916666666666668, y=135.15625, z=54.6875}
 DistanceC: 21.102407312575124
Relative Position: LorenzVec{x=-18.074616430706147, y=33.21504996082783, z=21.102407312575124}
 }
22:37:56 `Slime`11721320 missed {
 is already Found: false).
 Position: LorenzVec{x=8.6875, y=135.90625, z=53.375}
 DistanceC: 20.929278874831752
Relative Position: LorenzVec{x=-17.301384220753093, y=29.92323264870825, z=20.929278874831752}
 }
22:37:56 `Slime`11543625 missed {
 is already Found: false).
 Position: LorenzVec{x=8.65625, y=135.92708333333334, z=53.84375}
 DistanceC: 21.43884562250785
Relative Position: LorenzVec{x=-17.005959208941707, y=29.827726219480382, z=21.43884562250785}
 }
22:37:56 `Slime`11646105 missed {
 is already Found: false).
 Position: LorenzVec{x=8.6875, y=135.27083333333331, z=53.16666666666667}
 DistanceC: 20.76176228917452
Relative Position: LorenzVec{x=-16.974709208941707, y=29.171476219480354, z=20.76176228917452}
 }
22:37:56 `Slime`11731683 missed {
 is already Found: false).
 Position: LorenzVec{x=7.5, y=135.4375, z=53.78125}
 DistanceC: 21.185918162422624
Relative Position: LorenzVec{x=-16.507378559363964, y=30.279974995260943, z=21.185918162422624}
 }
22:37:56 `Slime`11731684 missed {
 is already Found: false).
 Position: LorenzVec{x=4.6875, y=139.0, z=50.625}
 DistanceC: 18.495435407838492
Relative Position: LorenzVec{x=-18.495435407838492, y=36.60916050536996, z=17.716433850680502}
 }
22:37:56 `Slime`11739979 missed {
 is already Found: false).
 Position: LorenzVec{x=5.96875, y=139.0, z=54.6875}
 DistanceC: 21.60838436794893
Relative Position: LorenzVec{x=-16.765293483284534, y=32.8684366007884, z=21.60838436794893}
 }
22:37:57 `Slime`11735602 missed {
 is already Found: false).
 Position: LorenzVec{x=5.21875, y=135.0, z=51.96875}
 DistanceC: 18.873691448844653
Relative Position: LorenzVec{x=-17.473331188675935, y=28.32306778686987, z=18.873691448844653}
 }
22:37:57 `Slime`11524267 missed {
 is already Found: false).
 Position: LorenzVec{x=4.3125, y=135.0, z=50.3125}
 DistanceC: 18.939112419993325
Relative Position: LorenzVec{x=-18.939112419993325, y=27.498035802568737, z=17.093294302957396}
 }
22:37:57 `Slime`11738238 missed {
 is already Found: false).
 Position: LorenzVec{x=4.3125, y=130.0, z=47.96875}
 DistanceC: 18.939112419993325
Relative Position: LorenzVec{x=-18.939112419993325, y=22.498035802568737, z=14.749544302957396}
 }
22:37:57 `Slime`11739978 missed {
 is already Found: false).
 Position: LorenzVec{x=5.322916666666667, y=135.3125, z=54.6875}
 DistanceC: 21.468294302957396
Relative Position: LorenzVec{x=-17.928695753326657, y=27.810535802568737, z=21.468294302957396}
 }
22:37:57 `Slime`11525594 missed {
 is already Found: false).
 Position: LorenzVec{x=6.0625, y=135.0, z=54.6875}
 DistanceC: 21.395889698065794
Relative Position: LorenzVec{x=-18.36263009966438, y=32.17774172017114, z=21.395889698065794}
 }
22:38:00 `Slime`11725546 missed {
 is already Found: false).
 Position: LorenzVec{x=12.125, y=140.21875, z=56.53125}
 DistanceC: 19.51189546865853
Relative Position: LorenzVec{x=-6.1862680574910875, y=28.127279210347496, z=19.51189546865853}
 }
22:38:01 `Slime`11725547 missed {
 is already Found: false).
 Position: LorenzVec{x=15.625, y=139.0, z=56.625}
 DistanceC: 19.02032802482374
Relative Position: LorenzVec{x=-0.12104072207808692, y=29.921184227325597, z=19.02032802482374}
 }
22:38:01 `Slime`11733486 missed {
 is already Found: false).
 Position: LorenzVec{x=18.78125, y=139.0, z=57.6875}
 DistanceC: 19.643290046764882
Relative Position: LorenzVec{x=4.958497779056978, y=34.50493537967019, z=19.643290046764882}
 }
22:38:02 `Slime`11733488 missed {
 is already Found: false).
 Position: LorenzVec{x=10.21875, y=139.0, z=57.21875}
 DistanceC: 18.984737639731712
Relative Position: LorenzVec{x=-2.733521303702789, y=32.02955851906255, z=18.984737639731712}
 }
22:38:03 `Slime`11733485 missed {
 is already Found: false).
 Position: LorenzVec{x=0.53125, y=139.0, z=54.09375}
 DistanceC: 19.016380396450558
Relative Position: LorenzVec{x=-11.594854566486845, y=29.32306778686987, z=19.016380396450558}
 }
22:38:03 `Slime`11742073 missed {
 is already Found: false).
 Position: LorenzVec{x=2.375, y=139.69791666666669, z=53.51041666666667}
 DistanceC: 21.506877957042754
Relative Position: LorenzVec{x=-6.782984355901563, y=33.87565838683783, z=21.506877957042754}
 }
22:38:05 `Slime`11733487 missed {
 is already Found: false).
 Position: LorenzVec{x=7.375, y=139.0625, z=59.364583333333336}
 DistanceC: 19.361112529970377
Relative Position: LorenzVec{x=0.8516933243824001, y=39.0625, z=19.361112529970377}
 }
22:38:07 `Slime`11729577 missed {
 is already Found: false).
 Position: LorenzVec{x=12.78125, y=140.07291666666669, z=58.38541666666667}
 DistanceC: 21.059276768028198
Relative Position: LorenzVec{x=6.304846412542472, y=40.072916666666686, z=21.059276768028198}
 }
22:38:08 `Slime`11737620 missed {
 is already Found: false).
 Position: LorenzVec{x=1.375, y=139.13541666666666, z=56.625}
 DistanceC: 19.298860101361527
Relative Position: LorenzVec{x=-5.101403587457528, y=39.13541666666666, z=19.298860101361527}
 }
22:38:08 `Slime`11742071 missed {
 is already Found: false).
 Position: LorenzVec{x=-1.78125, y=139.3125, z=57.21875}
 DistanceC: 19.892610101361527
Relative Position: LorenzVec{x=-8.25765358745753, y=39.3125, z=19.892610101361527}
 }
22:38:09 `Slime`11737617 missed {
 is already Found: false).
 Position: LorenzVec{x=6.375, y=139.0, z=60.6875}
 DistanceC: 18.41728948311183
Relative Position: LorenzVec{x=-1.0130143035374717, y=39.0, z=18.41728948311183}
 }
22:38:09 `Slime`11729574 missed {
 is already Found: false).
 Position: LorenzVec{x=19.09375, y=139.0, z=60.09375}
 DistanceC: 17.796677555465692
Relative Position: LorenzVec{x=11.819295619866956, y=39.0, z=17.796677555465692}
 }
22:38:10 `Slime`11742072 missed {
 is already Found: false).
 Position: LorenzVec{x=15.90625, y=139.0, z=60.09375}
 DistanceC: 20.622268146277243
Relative Position: LorenzVec{x=8.20625001192093, y=39.0, z=20.622268146277243}
 }
22:38:10 `Slime`11729570 missed {
 is already Found: false).
 Position: LorenzVec{x=-2.3958333333333335, y=139.69791666666666, z=56.4375}
 DistanceC: 17.17558541125198
Relative Position: LorenzVec{x=-10.095833321412403, y=39.69791666666666, z=17.17558541125198}
 }
22:38:10 `Slime`11742075 missed {
 is already Found: false).
 Position: LorenzVec{x=6.03125, y=139.0, z=60.09375}
 DistanceC: 20.90635794142996
Relative Position: LorenzVec{x=-1.6687499880790693, y=39.0, z=20.90635794142996}
 }
22:38:11 `Slime`11742070 missed {
 is already Found: false).
 Position: LorenzVec{x=13.6875, y=139.0, z=60.6875}
 DistanceC: 21.50668569204506
Relative Position: LorenzVec{x=5.987500011920931, y=39.0, z=21.50668569204506}
 }
22:38:11 `Slime`11729578 missed {
 is already Found: false).
 Position: LorenzVec{x=3.625, y=139.0625, z=58.260416666666664}
 DistanceC: 19.079602358711725
Relative Position: LorenzVec{x=-4.074999988079069, y=39.0625, z=19.079602358711725}
 }
22:38:11 `Slime`11737618 missed {
 is already Found: false).
 Position: LorenzVec{x=18.9375, y=139.0, z=60.375}
 DistanceC: 21.19418569204506
Relative Position: LorenzVec{x=11.23750001192093, y=39.0, z=21.19418569204506}
 }
22:38:11 `Slime`11737621 missed {
 is already Found: false).
 Position: LorenzVec{x=9.625, y=139.0, z=58.71875}
 DistanceC: 19.53793569204506
Relative Position: LorenzVec{x=1.9250000119209307, y=39.0, z=19.53793569204506}
 }
22:38:12 `Slime`11733490 missed {
 is already Found: false).
 Position: LorenzVec{x=1.6875, y=139.13541666666666, z=59.041666666666664}
 DistanceC: 19.860852358711725
Relative Position: LorenzVec{x=-6.012499988079069, y=39.13541666666666, z=19.860852358711725}
 }
22:38:32 `Villager`356 missed {
 is already Found: false).
 Position: LorenzVec{x=17.5, y=70.0, z=-99.0}
 DistanceC: 21.93637827843638
Relative Position: LorenzVec{x=-12.138370554782231, y=1.0, z=-21.93637827843638}
 }
22:38:33 `65c70kq859`321 missed {
 is already Found: false).
 Position: LorenzVec{x=39.5, y=71.0, z=-100.5}
 DistanceC: 23.43637827843638
Relative Position: LorenzVec{x=9.861629445217769, y=2.0, z=-23.43637827843638}
 }
22:39:19 `Zombie`89900 missed {
 is already Found: false).
 Position: LorenzVec{x=-13.34375, y=70.0, z=-92.9375}
 DistanceC: 14.74276033185065
Relative Position: LorenzVec{x=14.74276033185065, y=-2.0625, z=-2.4592727519955417}
 }
22:39:22 `yyyt75pa0c`341 missed {
 is already Found: false).
 Position: LorenzVec{x=-10.0, y=70.0, z=-67.0}
 DistanceC: 23.47822724800446
Relative Position: LorenzVec{x=18.06219081495924, y=-2.0625, z=23.47822724800446}
 }
22:39:30 `de06h02fqu`2394 missed {
 is already Found: false).
 Position: LorenzVec{x=2.5, y=70.0, z=-75.5}
 DistanceC: 23.628766256687896
Relative Position: LorenzVec{x=23.628766256687896, y=-1.5, z=16.577143717717348}
 }
22:41:31 `0zdl399807`5 missed {
 is already Found: false).
 Position: LorenzVec{x=-36.5, y=119.0, z=10.5}
 DistanceC: 22.543794410902873
Relative Position: LorenzVec{x=-22.543794410902873, y=-5.0, z=12.093167533858821}
 }
22:43:33 `x477ll7a87`6 missed {
 is already Found: false).
 Position: LorenzVec{x=-20.625, y=120.0, z=-13.5}
 DistanceC: 23.026550435731878
Relative Position: LorenzVec{x=-23.026550435731878, y=-5.0, z=-16.014502460486256}
 }
