13:32:14 OptiFine ConnectedTextures
13:32:14 OptiFine ConnectedTextures
13:32:14 OptiFine ConnectedTextures
13:32:14 OptiFine ConnectedTextures
13:32:14 OptiFine ConnectedTextures
13:32:14 OptiFine ConnectedTextures
13:32:14 OptiFine ConnectedTextures
13:32:14 OptiFine ConnectedTextures
13:32:14 OptiFine ConnectedTextures
13:32:14 OptiFine ConnectedTextures
13:32:14 OptiFine ConnectedTextures
13:32:14 OptiFine ConnectedTextures
13:32:14 OptiFine ConnectedTextures
13:32:14 OptiFine ConnectedTextures
13:32:14 OptiFine ConnectedTextures
13:32:14 OptiFine ConnectedTextures
13:32:14 OptiFine ConnectedTextures
13:32:14 OptiFine ConnectedTextures
13:32:14 OptiFine ConnectedTextures
13:32:14 OptiFine ConnectedTextures
13:32:14 OptiFine ConnectedTextures
13:32:14 OptiFine ConnectedTextures
13:32:14 OptiFine ConnectedTextures
13:32:14 OptiFine ConnectedTextures
13:32:14 OptiFine ConnectedTextures
13:32:14 OptiFine ConnectedTextures
13:32:14 OptiFine ConnectedTextures
13:32:14 OptiFine ConnectedTextures
13:32:14 OptiFine ConnectedTextures
13:32:14 OptiFine ConnectedTextures
13:32:14 OptiFine ConnectedTextures
13:32:14 OptiFine ConnectedTextures
13:32:14 OptiFine ConnectedTextures
13:32:14 OptiFine ConnectedTextures
13:32:14 OptiFine ConnectedTextures
13:32:14 OptiFine ConnectedTextures
13:32:14 OptiFine ConnectedTextures
13:32:14 OptiFine ConnectedTextures
13:32:14 OptiFine ConnectedTextures
13:32:14 OptiFine ConnectedTextures
13:32:14 OptiFine ConnectedTextures
13:32:14 OptiFine ConnectedTextures
13:32:14 OptiFine ConnectedTextures
13:32:14 OptiFine ConnectedTextures
13:32:14 OptiFine ConnectedTextures
13:32:14 OptiFine ConnectedTextures
13:32:14 OptiFine ConnectedTextures
13:32:14 OptiFine ConnectedTextures
13:32:14 OptiFine ConnectedTextures
13:32:14 OptiFine ConnectedTextures
13:32:14 OptiFine ConnectedTextures
13:32:14 OptiFine ConnectedTextures
13:32:14 OptiFine ConnectedTextures
13:32:14 OptiFine ConnectedTextures
13:32:14 OptiFine ConnectedTextures
13:32:14 OptiFine ConnectedTextures
13:32:14 OptiFine ConnectedTextures
13:32:14 OptiFine ConnectedTextures
13:32:14 OptiFine ConnectedTextures
13:32:14 OptiFine ConnectedTextures
13:32:14 OptiFine ConnectedTextures
13:32:14 OptiFine ConnectedTextures
13:32:14 OptiFine ConnectedTextures
13:32:14 OptiFine ConnectedTextures
13:32:14 OptiFine ConnectedTextures
13:32:14 OptiFine ConnectedTextures
13:32:15 OptiFine ConnectedTextures
13:32:18 AsmHelper Transforming
13:32:42 AsmHelper Transforming
13:32:42 AsmHelper Applying AsmWriter
13:32:58 Grow BufferBuilder buffer
13:32:58 Grow BufferBuilder buffer
13:32:58 Grow BufferBuilder buffer
13:32:58 Grow BufferBuilder buffer
13:32:58 Grow BufferBuilder buffer
13:33:00 Grow BufferBuilder buffer
13:33:00 Grow BufferBuilder buffer
13:33:00 Grow BufferBuilder buffer
13:33:00 Grow BufferBuilder buffer
13:33:01 Grow BufferBuilder buffer
13:33:01 Grow BufferBuilder buffer
13:33:01 Grow BufferBuilder buffer
13:33:01 Grow BufferBuilder buffer
13:33:01 Grow BufferBuilder buffer
13:33:01 Grow BufferBuilder buffer
13:33:01 Grow BufferBuilder buffer
13:33:01 Grow BufferBuilder buffer
13:33:01 Grow BufferBuilder buffer
13:33:01 Grow BufferBuilder buffer
13:33:01 Grow BufferBuilder buffer
13:33:01 Grow BufferBuilder buffer
13:33:01 Grow BufferBuilder buffer
13:33:01 Grow BufferBuilder buffer
13:33:01 Grow BufferBuilder buffer
13:33:01 Grow BufferBuilder buffer
13:33:01 Grow BufferBuilder buffer
13:33:01 Grow BufferBuilder buffer
13:33:02 Grow BufferBuilder buffer
13:33:02 Grow BufferBuilder buffer
13:33:02 Grow BufferBuilder buffer
13:33:02 Grow BufferBuilder buffer
13:33:02 Grow BufferBuilder buffer
13:38:01 Biome ID bounds
13:38:01 Biome ID bounds
13:38:01 Biome ID bounds
13:38:01 Biome ID bounds
13:38:01 Biome ID bounds
13:38:01 Biome ID bounds
13:38:01 Biome ID bounds
13:38:01 Biome ID bounds
13:38:01 Biome ID bounds
13:38:01 Biome ID bounds
13:38:01 Biome ID bounds
13:38:01 Biome ID bounds
13:38:01 Biome ID bounds
13:38:01 Biome ID bounds
13:38:01 Biome ID bounds
13:38:01 Biome ID bounds
13:38:01 Biome ID bounds
13:38:01 Biome ID bounds
13:38:01 Biome ID bounds
13:38:01 Biome ID bounds
13:38:01 Biome ID bounds
13:38:01 Biome ID bounds
13:38:01 Biome ID bounds
13:38:01 Biome ID bounds
13:38:01 Biome ID bounds
13:38:01 Biome ID bounds
13:38:01 Biome ID bounds
13:38:01 Biome ID bounds
13:38:01 Biome ID bounds
13:38:01 Biome ID bounds
14:02:31 Grow BufferBuilder buffer
14:02:31 Grow BufferBuilder buffer
14:02:31 Grow BufferBuilder buffer
14:07:06 Grow BufferBuilder buffer
14:22:04 Biome ID bounds
14:22:04 Biome ID bounds
14:22:04 Biome ID bounds
14:22:04 Biome ID bounds
14:22:04 Biome ID bounds
14:45:17 Grow BufferBuilder buffer
14:45:17 Grow BufferBuilder buffer
14:45:17 Grow BufferBuilder buffer
14:45:17 Grow BufferBuilder buffer
14:45:17 Grow BufferBuilder buffer
14:45:17 Grow BufferBuilder buffer
14:45:25 Grow BufferBuilder buffer
14:45:25 Grow BufferBuilder buffer
14:45:25 Grow BufferBuilder buffer
14:45:27 Grow BufferBuilder buffer
14:45:27 Grow BufferBuilder buffer
14:45:27 Grow BufferBuilder buffer
14:45:27 Grow BufferBuilder buffer
14:45:27 Grow BufferBuilder buffer
14:45:27 Grow BufferBuilder buffer
14:45:27 Grow BufferBuilder buffer
14:45:27 Grow BufferBuilder buffer
14:45:27 Grow BufferBuilder buffer
14:45:30 Grow BufferBuilder buffer
14:45:30 Grow BufferBuilder buffer
14:45:37 Grow BufferBuilder buffer
14:45:37 Grow BufferBuilder buffer
14:45:37 Grow BufferBuilder buffer
14:45:37 Grow BufferBuilder buffer
14:45:37 Grow BufferBuilder buffer
14:45:37 Grow BufferBuilder buffer
14:45:37 Grow BufferBuilder buffer
14:45:37 Grow BufferBuilder buffer
14:45:37 Grow BufferBuilder buffer
14:45:37 Grow BufferBuilder buffer
14:45:37 Grow BufferBuilder buffer
14:46:07 Grow BufferBuilder buffer
14:46:07 Grow BufferBuilder buffer
14:46:08 Grow BufferBuilder buffer
14:46:08 Grow BufferBuilder buffer
14:46:08 Grow BufferBuilder buffer
14:46:10 Grow BufferBuilder buffer
14:46:11 Grow BufferBuilder buffer
14:46:11 Grow BufferBuilder buffer
14:46:11 Grow BufferBuilder buffer
14:46:11 Grow BufferBuilder buffer
14:46:11 Grow BufferBuilder buffer
14:46:11 Grow BufferBuilder buffer
14:46:11 Grow BufferBuilder buffer
14:46:11 Grow BufferBuilder buffer
14:46:11 Grow BufferBuilder buffer
14:46:11 Grow BufferBuilder buffer
14:46:11 Grow BufferBuilder buffer
14:46:11 Grow BufferBuilder buffer
14:46:11 Grow BufferBuilder buffer
14:46:11 Grow BufferBuilder buffer
14:46:11 Grow BufferBuilder buffer
14:46:11 Grow BufferBuilder buffer
14:46:11 Grow BufferBuilder buffer
14:46:11 Grow BufferBuilder buffer
14:46:11 Grow BufferBuilder buffer
14:46:12 Grow BufferBuilder buffer
14:46:12 Grow BufferBuilder buffer
14:46:14 Grow BufferBuilder buffer
14:46:14 Grow BufferBuilder buffer
14:46:15 Grow BufferBuilder buffer
14:46:57 Grow BufferBuilder buffer
14:46:57 Grow BufferBuilder buffer
14:46:57 Grow BufferBuilder buffer
14:46:57 Grow BufferBuilder buffer
14:46:57 Grow BufferBuilder buffer
14:46:57 Grow BufferBuilder buffer
14:46:57 Grow BufferBuilder buffer
14:46:57 Grow BufferBuilder buffer
14:46:57 Grow BufferBuilder buffer
14:46:57 Grow BufferBuilder buffer
14:46:58 Grow BufferBuilder buffer
14:46:58 Grow BufferBuilder buffer
14:46:58 Grow BufferBuilder buffer
14:46:58 Grow BufferBuilder buffer
14:46:58 Grow BufferBuilder buffer
14:46:59 Grow BufferBuilder buffer
14:46:59 Grow BufferBuilder buffer
14:47:00 Grow BufferBuilder buffer
14:47:00 Grow BufferBuilder buffer
14:47:00 Grow BufferBuilder buffer
14:47:00 Grow BufferBuilder buffer
14:47:00 Grow BufferBuilder buffer
14:47:00 Grow BufferBuilder buffer
14:47:00 Grow BufferBuilder buffer
14:47:00 Grow BufferBuilder buffer
14:47:00 Grow BufferBuilder buffer
14:47:01 Grow BufferBuilder buffer
14:47:01 Grow BufferBuilder buffer
14:47:01 Grow BufferBuilder buffer
14:47:01 Grow BufferBuilder buffer
14:47:03 Grow BufferBuilder buffer
14:47:03 Grow BufferBuilder buffer
14:47:04 Grow BufferBuilder buffer
14:47:04 Grow BufferBuilder buffer
14:47:04 Grow BufferBuilder buffer
14:47:04 Grow BufferBuilder buffer
14:47:04 Grow BufferBuilder buffer
14:47:14 Grow BufferBuilder buffer
14:47:17 Grow BufferBuilder buffer
14:47:17 Grow BufferBuilder buffer
14:47:18 Grow BufferBuilder buffer
14:47:18 Grow BufferBuilder buffer
14:47:39 Grow BufferBuilder buffer
14:47:39 Grow BufferBuilder buffer
14:47:39 Grow BufferBuilder buffer
14:47:39 Grow BufferBuilder buffer
14:47:40 Grow BufferBuilder buffer
14:47:40 Grow BufferBuilder buffer
14:47:40 Grow BufferBuilder buffer
14:47:40 Grow BufferBuilder buffer
14:47:40 Grow BufferBuilder buffer
14:47:42 Grow BufferBuilder buffer
14:47:42 Grow BufferBuilder buffer
14:47:42 Grow BufferBuilder buffer
14:47:42 Grow BufferBuilder buffer
14:47:44 Grow BufferBuilder buffer
14:47:47 Grow BufferBuilder buffer
14:47:47 Grow BufferBuilder buffer
14:47:48 Grow BufferBuilder buffer
14:47:53 Grow BufferBuilder buffer
14:48:03 Grow BufferBuilder buffer
14:48:04 Grow BufferBuilder buffer
14:48:04 Grow BufferBuilder buffer
14:48:04 Grow BufferBuilder buffer
14:48:05 Grow BufferBuilder buffer
14:48:05 Grow BufferBuilder buffer
14:48:05 Grow BufferBuilder buffer
14:48:07 Grow BufferBuilder buffer
14:48:10 Grow BufferBuilder buffer
15:23:03 Biome ID bounds
15:23:03 Biome ID bounds
15:23:03 Biome ID bounds
15:23:03 Biome ID bounds
15:23:03 Biome ID bounds
15:23:03 Biome ID bounds
15:23:03 Biome ID bounds
15:23:03 Biome ID bounds
15:23:03 Biome ID bounds
15:23:03 Biome ID bounds
15:23:03 Biome ID bounds
16:03:30 Grow BufferBuilder buffer
16:03:30 Grow BufferBuilder buffer
16:03:31 Grow BufferBuilder buffer
16:03:38 Grow BufferBuilder buffer
16:03:38 Grow BufferBuilder buffer
16:03:45 Grow BufferBuilder buffer
16:03:52 Grow BufferBuilder buffer
16:03:55 Grow BufferBuilder buffer
16:04:00 Biome ID bounds
16:04:00 Biome ID bounds
16:04:00 Biome ID bounds
16:04:00 Biome ID bounds
16:04:00 Biome ID bounds
16:04:00 Biome ID bounds
16:04:00 Biome ID bounds
16:04:00 Biome ID bounds
16:04:00 Biome ID bounds
16:04:00 Biome ID bounds
16:04:00 Biome ID bounds
16:04:00 Biome ID bounds
16:04:00 Biome ID bounds
16:04:00 Biome ID bounds
16:04:00 Biome ID bounds
16:04:00 Biome ID bounds
16:04:00 Biome ID bounds
16:04:00 Biome ID bounds
16:04:00 Biome ID bounds
16:04:00 Biome ID bounds
16:04:00 Biome ID bounds
16:04:00 Biome ID bounds
16:04:00 Biome ID bounds
16:04:00 Biome ID bounds
16:04:00 Biome ID bounds
16:04:00 Biome ID bounds
16:04:00 Biome ID bounds
16:04:00 Biome ID bounds
16:04:00 Biome ID bounds
16:04:00 Biome ID bounds
16:04:00 Biome ID bounds
16:04:00 Biome ID bounds
16:04:00 Biome ID bounds
16:04:00 Biome ID bounds
16:04:00 Biome ID bounds
16:04:00 Biome ID bounds
16:04:00 Biome ID bounds
16:04:00 Biome ID bounds
16:04:00 Biome ID bounds
16:04:00 Biome ID bounds
16:04:00 Biome ID bounds
16:04:00 Biome ID bounds
16:04:00 Biome ID bounds
16:04:00 Biome ID bounds
16:04:00 Biome ID bounds
16:04:00 Biome ID bounds
16:04:00 Biome ID bounds
16:04:00 Biome ID bounds
16:04:00 Biome ID bounds
16:04:00 Biome ID bounds
16:04:00 Biome ID bounds
16:04:00 Biome ID bounds
16:04:00 Biome ID bounds
16:04:00 Biome ID bounds
16:04:00 Biome ID bounds
16:04:00 Biome ID bounds
16:04:00 Biome ID bounds
16:04:00 Biome ID bounds
16:04:00 Biome ID bounds
16:04:00 Biome ID bounds
16:04:00 Biome ID bounds
16:04:00 Biome ID bounds
16:04:00 Biome ID bounds
16:04:00 Biome ID bounds
16:04:00 Biome ID bounds
16:04:00 Biome ID bounds
16:04:00 Biome ID bounds
16:04:00 Biome ID bounds
16:04:00 Biome ID bounds
16:04:00 Biome ID bounds
16:04:00 Biome ID bounds
16:04:00 Biome ID bounds
19:21:16 OptiFine ConnectedTextures
19:21:16 OptiFine ConnectedTextures
19:21:16 OptiFine ConnectedTextures
19:21:16 OptiFine ConnectedTextures
19:21:16 OptiFine ConnectedTextures
19:21:16 OptiFine ConnectedTextures
19:21:16 OptiFine ConnectedTextures
19:21:16 OptiFine ConnectedTextures
19:21:16 OptiFine ConnectedTextures
19:21:16 OptiFine ConnectedTextures
19:21:16 OptiFine ConnectedTextures
19:21:16 OptiFine ConnectedTextures
19:21:16 OptiFine ConnectedTextures
19:21:16 OptiFine ConnectedTextures
19:21:16 OptiFine ConnectedTextures
19:21:16 OptiFine ConnectedTextures
19:21:16 OptiFine ConnectedTextures
19:21:16 OptiFine ConnectedTextures
19:21:16 OptiFine ConnectedTextures
19:21:16 OptiFine ConnectedTextures
19:21:16 OptiFine ConnectedTextures
19:21:16 OptiFine ConnectedTextures
19:21:16 OptiFine ConnectedTextures
19:21:16 OptiFine ConnectedTextures
19:21:16 OptiFine ConnectedTextures
19:21:16 OptiFine ConnectedTextures
19:21:16 OptiFine ConnectedTextures
19:21:16 OptiFine ConnectedTextures
19:21:16 OptiFine ConnectedTextures
19:21:16 OptiFine ConnectedTextures
19:21:16 OptiFine ConnectedTextures
19:21:16 OptiFine ConnectedTextures
19:21:16 OptiFine ConnectedTextures
19:21:16 OptiFine ConnectedTextures
19:21:16 OptiFine ConnectedTextures
19:21:16 OptiFine ConnectedTextures
19:21:16 OptiFine ConnectedTextures
19:21:16 OptiFine ConnectedTextures
19:21:16 OptiFine ConnectedTextures
19:21:16 OptiFine ConnectedTextures
19:21:16 OptiFine ConnectedTextures
19:21:16 OptiFine ConnectedTextures
19:21:16 OptiFine ConnectedTextures
19:21:16 OptiFine ConnectedTextures
19:21:16 OptiFine ConnectedTextures
19:21:16 OptiFine ConnectedTextures
19:21:16 OptiFine ConnectedTextures
19:21:16 OptiFine ConnectedTextures
19:21:16 OptiFine ConnectedTextures
19:21:16 OptiFine ConnectedTextures
19:21:16 OptiFine ConnectedTextures
19:21:16 OptiFine ConnectedTextures
19:21:16 OptiFine ConnectedTextures
19:21:16 OptiFine ConnectedTextures
19:21:16 OptiFine ConnectedTextures
19:21:16 OptiFine ConnectedTextures
19:21:16 OptiFine ConnectedTextures
19:21:16 OptiFine ConnectedTextures
19:21:16 OptiFine ConnectedTextures
19:21:16 OptiFine ConnectedTextures
19:21:16 OptiFine ConnectedTextures
19:21:34 OptiFine ConnectedTextures
19:21:34 OptiFine ConnectedTextures
19:21:34 OptiFine ConnectedTextures
19:21:34 OptiFine ConnectedTextures
19:21:34 OptiFine ConnectedTextures
19:21:34 OptiFine ConnectedTextures
19:21:34 OptiFine ConnectedTextures
19:21:34 OptiFine ConnectedTextures
19:21:34 OptiFine ConnectedTextures
19:21:34 OptiFine ConnectedTextures
19:21:34 OptiFine ConnectedTextures
19:21:34 OptiFine ConnectedTextures
19:21:34 OptiFine ConnectedTextures
19:21:34 OptiFine ConnectedTextures
19:21:34 OptiFine ConnectedTextures
19:21:34 OptiFine ConnectedTextures
19:21:34 OptiFine ConnectedTextures
19:21:34 OptiFine ConnectedTextures
19:21:34 OptiFine ConnectedTextures
19:21:34 OptiFine ConnectedTextures
19:21:34 OptiFine ConnectedTextures
19:21:34 OptiFine ConnectedTextures
19:21:34 OptiFine ConnectedTextures
19:21:34 OptiFine ConnectedTextures
19:21:34 OptiFine ConnectedTextures
19:21:34 OptiFine ConnectedTextures
19:21:34 OptiFine ConnectedTextures
19:21:34 OptiFine ConnectedTextures
19:21:34 OptiFine ConnectedTextures
19:21:34 OptiFine ConnectedTextures
19:21:34 OptiFine ConnectedTextures
19:21:34 OptiFine ConnectedTextures
19:21:34 OptiFine ConnectedTextures
19:21:34 OptiFine ConnectedTextures
19:21:34 OptiFine ConnectedTextures
19:21:34 OptiFine ConnectedTextures
19:21:34 OptiFine ConnectedTextures
19:21:34 OptiFine ConnectedTextures
19:21:34 OptiFine ConnectedTextures
19:21:34 OptiFine ConnectedTextures
19:21:34 OptiFine ConnectedTextures
19:21:34 OptiFine ConnectedTextures
19:21:34 OptiFine ConnectedTextures
19:21:34 OptiFine ConnectedTextures
19:21:34 OptiFine ConnectedTextures
19:21:34 OptiFine ConnectedTextures
19:21:34 OptiFine ConnectedTextures
19:21:34 OptiFine ConnectedTextures
19:21:34 OptiFine ConnectedTextures
19:21:34 OptiFine ConnectedTextures
19:21:34 OptiFine ConnectedTextures
19:21:34 OptiFine ConnectedTextures
19:21:34 OptiFine ConnectedTextures
19:21:34 OptiFine ConnectedTextures
19:21:34 OptiFine ConnectedTextures
19:21:34 OptiFine ConnectedTextures
19:21:34 OptiFine ConnectedTextures
19:21:34 OptiFine ConnectedTextures
19:21:34 OptiFine ConnectedTextures
19:21:34 OptiFine ConnectedTextures
19:21:34 OptiFine ConnectedTextures
