23:09:36 Trying to load config from config\skyhanni\config.json
23:09:36 load-config-now
23:09:36 Loaded config from file
23:09:36 Trying to load sacks from config\skyhanni\sacks.json
23:09:36 load-sacks-now
23:09:36 Loaded sacks from file
23:09:36 Trying to load friends from config\skyhanni\friends.json
23:09:36 load-friends-now
23:09:36 Loaded friends from file
23:09:36 Trying to load known_features from config\skyhanni\known_features.json
23:09:36 load-known_features-now
23:09:36 Loaded known_features from file
23:09:36 Trying to load jacob_contests from config\skyhanni\jacob_contests.json
23:09:36 load-jacob_contests-now
23:09:36 Loaded jacob_contests from file
23:09:36 Trying to load visual_words from config\skyhanni\visual_words.json
23:09:36 Setting visual_words to be blank as it did not exist. It will be saved once something is written to it
23:09:56 saveConfig: Updated known feature flags
23:09:56 Saving known_features file
23:10:36 saveConfig: auto-save-60s
23:10:36 Saving config file
23:11:36 saveConfig: auto-save-60s
23:11:36 Saving config file
23:12:36 saveConfig: auto-save-60s
23:12:36 Saving config file
23:13:36 saveConfig: auto-save-60s
23:13:36 Saving config file
23:14:36 saveConfig: auto-save-60s
23:14:36 Saving config file
23:15:36 saveConfig: auto-save-60s
23:15:36 Saving config file
23:16:14 saveConfig: saving-data
23:16:14 Saving sacks file
23:16:24 saveConfig: saving-data
23:16:24 Saving sacks file
23:16:36 saveConfig: auto-save-60s
23:16:36 Saving config file
23:17:13 saveConfig: saving-data
23:17:13 Saving sacks file
23:17:36 saveConfig: auto-save-60s
23:17:36 Saving config file
23:17:44 saveConfig: saving-data
23:17:44 Saving sacks file
23:18:15 saveConfig: saving-data
23:18:15 Saving sacks file
23:18:36 saveConfig: auto-save-60s
23:18:36 Saving config file
23:18:46 saveConfig: saving-data
23:18:46 Saving sacks file
23:19:15 saveConfig: saving-data
23:19:15 Saving sacks file
23:19:36 saveConfig: auto-save-60s
23:19:36 Saving config file
23:19:47 saveConfig: saving-data
23:19:47 Saving sacks file
23:20:18 saveConfig: saving-data
23:20:18 Saving sacks file
23:20:36 saveConfig: auto-save-60s
23:20:36 Saving config file
23:20:49 saveConfig: saving-data
23:20:49 Saving sacks file
23:21:20 saveConfig: saving-data
23:21:20 Saving sacks file
23:21:36 saveConfig: auto-save-60s
23:21:36 Saving config file
23:21:52 saveConfig: saving-data
23:21:52 Saving sacks file
23:22:23 saveConfig: saving-data
23:22:23 Saving sacks file
23:22:36 saveConfig: auto-save-60s
23:22:36 Saving config file
23:22:54 saveConfig: saving-data
23:22:54 Saving sacks file
23:23:25 saveConfig: saving-data
23:23:25 Saving sacks file
23:23:36 saveConfig: auto-save-60s
23:23:36 Saving config file
23:23:56 saveConfig: saving-data
23:23:56 Saving sacks file
23:24:27 saveConfig: saving-data
23:24:27 Saving sacks file
23:24:36 saveConfig: auto-save-60s
23:24:36 Saving config file
23:24:59 saveConfig: saving-data
23:24:59 Saving sacks file
23:25:30 saveConfig: saving-data
23:25:30 Saving sacks file
23:25:36 saveConfig: auto-save-60s
23:25:36 Saving config file
23:26:01 saveConfig: saving-data
23:26:01 Saving sacks file
23:26:28 saveConfig: saving-data
23:26:28 Saving sacks file
23:26:36 saveConfig: auto-save-60s
23:26:36 Saving config file
23:27:05 saveConfig: saving-data
23:27:05 Saving sacks file
23:27:36 saveConfig: saving-data
23:27:36 Saving sacks file
23:27:36 saveConfig: auto-save-60s
23:27:36 Saving config file
23:28:07 saveConfig: saving-data
23:28:07 Saving sacks file
23:28:36 saveConfig: auto-save-60s
23:28:36 Saving config file
23:28:38 saveConfig: saving-data
23:28:38 Saving sacks file
23:29:09 saveConfig: saving-data
23:29:09 Saving sacks file
23:29:36 saveConfig: auto-save-60s
23:29:36 Saving config file
23:29:40 saveConfig: saving-data
23:29:40 Saving sacks file
23:30:11 saveConfig: saving-data
23:30:11 Saving sacks file
23:30:23 saveConfig: saving-data
23:30:23 Saving sacks file
23:30:36 saveConfig: auto-save-60s
23:30:36 Saving config file
23:30:56 saveConfig: saving-data
23:30:56 Saving sacks file
23:31:28 saveConfig: saving-data
23:31:28 Saving sacks file
23:31:36 saveConfig: auto-save-60s
23:31:36 Saving config file
23:31:59 saveConfig: saving-data
23:31:59 Saving sacks file
23:32:30 saveConfig: saving-data
23:32:30 Saving sacks file
23:32:36 saveConfig: auto-save-60s
23:32:36 Saving config file
23:32:57 saveConfig: saving-data
23:32:57 Saving sacks file
23:33:28 saveConfig: saving-data
23:33:28 Saving sacks file
23:33:36 saveConfig: auto-save-60s
23:33:36 Saving config file
23:33:59 saveConfig: saving-data
23:33:59 Saving sacks file
23:34:30 saveConfig: saving-data
23:34:30 Saving sacks file
23:34:36 saveConfig: auto-save-60s
23:34:36 Saving config file
23:35:01 saveConfig: saving-data
23:35:01 Saving sacks file
23:35:36 saveConfig: auto-save-60s
23:35:36 Saving config file
23:36:36 saveConfig: auto-save-60s
23:36:36 Saving config file
23:37:36 saveConfig: auto-save-60s
23:37:36 Saving config file
23:38:36 saveConfig: auto-save-60s
23:38:36 Saving config file
23:39:36 saveConfig: auto-save-60s
23:39:36 Saving config file
23:40:36 saveConfig: auto-save-60s
23:40:36 Saving config file
23:41:11 saveConfig: shutdown-hook
23:41:11 Saving config file
