20:13:31 Trying to load config from config\skyhanni\config.json
20:13:31 load-config-now
20:13:31 Loaded config from file
20:13:31 Trying to load sacks from config\skyhanni\sacks.json
20:13:31 load-sacks-now
20:13:31 Loaded sacks from file
20:13:31 Trying to load friends from config\skyhanni\friends.json
20:13:31 load-friends-now
20:13:31 Loaded friends from file
20:13:31 Trying to load known_features from config\skyhanni\known_features.json
20:13:31 load-known_features-now
20:13:31 Loaded known_features from file
20:13:31 Trying to load jacob_contests from config\skyhanni\jacob_contests.json
20:13:31 load-jacob_contests-now
20:13:31 Loaded jacob_contests from file
20:13:31 Trying to load visual_words from config\skyhanni\visual_words.json
20:13:31 Setting visual_words to be blank as it did not exist. It will be saved once something is written to it
20:14:31 saveConfig: auto-save-60s
20:14:31 Saving config file
20:15:31 saveConfig: auto-save-60s
20:15:31 Saving config file
20:16:31 saveConfig: auto-save-60s
20:16:31 Saving config file
20:17:31 saveConfig: auto-save-60s
20:17:31 Saving config file
20:18:31 saveConfig: auto-save-60s
20:18:31 Saving config file
20:19:31 saveConfig: auto-save-60s
20:19:31 Saving config file
20:20:31 saveConfig: auto-save-60s
20:20:31 Saving config file
20:21:31 saveConfig: auto-save-60s
20:21:31 Saving config file
20:22:31 saveConfig: auto-save-60s
20:22:31 Saving config file
20:23:31 saveConfig: auto-save-60s
20:23:31 Saving config file
20:24:31 saveConfig: auto-save-60s
20:24:31 Saving config file
20:25:31 saveConfig: auto-save-60s
20:25:31 Saving config file
20:26:31 saveConfig: auto-save-60s
20:26:31 Saving config file
20:27:31 saveConfig: auto-save-60s
20:27:31 Saving config file
20:28:31 saveConfig: auto-save-60s
20:28:31 Saving config file
20:29:31 saveConfig: auto-save-60s
20:29:31 Saving config file
20:30:31 saveConfig: auto-save-60s
20:30:31 Saving config file
20:31:31 saveConfig: auto-save-60s
20:31:31 Saving config file
20:32:31 saveConfig: auto-save-60s
20:32:31 Saving config file
20:33:31 saveConfig: auto-save-60s
20:33:31 Saving config file
20:34:31 saveConfig: auto-save-60s
20:34:31 Saving config file
20:35:31 saveConfig: auto-save-60s
20:35:31 Saving config file
20:36:31 saveConfig: auto-save-60s
20:36:31 Saving config file
20:37:31 saveConfig: auto-save-60s
20:37:31 Saving config file
20:38:31 saveConfig: auto-save-60s
20:38:31 Saving config file
20:39:31 saveConfig: auto-save-60s
20:39:31 Saving config file
20:40:31 saveConfig: auto-save-60s
20:40:31 Saving config file
20:41:31 saveConfig: auto-save-60s
20:41:31 Saving config file
20:42:31 saveConfig: auto-save-60s
20:42:31 Saving config file
20:43:31 saveConfig: auto-save-60s
20:43:31 Saving config file
20:44:31 saveConfig: auto-save-60s
20:44:31 Saving config file
20:45:31 saveConfig: auto-save-60s
20:45:31 Saving config file
20:46:31 saveConfig: auto-save-60s
20:46:31 Saving config file
20:47:31 saveConfig: auto-save-60s
20:47:31 Saving config file
20:48:31 saveConfig: auto-save-60s
20:48:31 Saving config file
20:49:31 saveConfig: auto-save-60s
20:49:31 Saving config file
20:50:31 saveConfig: auto-save-60s
20:50:31 Saving config file
20:51:31 saveConfig: auto-save-60s
20:51:31 Saving config file
20:52:16 saveConfig: Updated known feature flags
20:52:16 Saving known_features file
20:52:31 saveConfig: auto-save-60s
20:52:31 Saving config file
20:53:31 saveConfig: auto-save-60s
20:53:31 Saving config file
20:54:31 saveConfig: auto-save-60s
20:54:31 Saving config file
20:54:46 saveConfig: saving-data
20:54:46 Saving sacks file
20:55:31 saveConfig: auto-save-60s
20:55:31 Saving config file
20:56:31 saveConfig: auto-save-60s
20:56:31 Saving config file
20:57:13 saveConfig: saving-data
20:57:13 Saving sacks file
20:57:31 saveConfig: auto-save-60s
20:57:31 Saving config file
20:58:31 saveConfig: auto-save-60s
20:58:31 Saving config file
20:59:31 saveConfig: auto-save-60s
20:59:31 Saving config file
21:00:31 saveConfig: auto-save-60s
21:00:31 Saving config file
21:01:27 saveConfig: saving-data
21:01:27 Saving sacks file
21:01:31 saveConfig: auto-save-60s
21:01:31 Saving config file
21:02:31 saveConfig: auto-save-60s
21:02:31 Saving config file
21:03:31 saveConfig: auto-save-60s
21:03:31 Saving config file
21:04:31 saveConfig: auto-save-60s
21:04:31 Saving config file
21:05:31 saveConfig: auto-save-60s
21:05:31 Saving config file
21:06:31 saveConfig: auto-save-60s
21:06:31 Saving config file
21:07:31 saveConfig: auto-save-60s
21:07:31 Saving config file
21:08:31 saveConfig: auto-save-60s
21:08:31 Saving config file
21:09:31 saveConfig: auto-save-60s
21:09:31 Saving config file
21:10:31 saveConfig: auto-save-60s
21:10:31 Saving config file
21:11:31 saveConfig: auto-save-60s
21:11:31 Saving config file
21:12:31 saveConfig: auto-save-60s
21:12:31 Saving config file
21:13:31 saveConfig: auto-save-60s
21:13:31 Saving config file
21:14:31 saveConfig: auto-save-60s
21:14:31 Saving config file
21:15:31 saveConfig: auto-save-60s
21:15:31 Saving config file
21:16:31 saveConfig: auto-save-60s
21:16:31 Saving config file
21:17:31 saveConfig: auto-save-60s
21:17:31 Saving config file
21:18:31 saveConfig: auto-save-60s
21:18:31 Saving config file
21:19:31 saveConfig: auto-save-60s
21:19:31 Saving config file
21:20:31 saveConfig: auto-save-60s
21:20:31 Saving config file
21:21:31 saveConfig: auto-save-60s
21:21:31 Saving config file
21:22:31 saveConfig: auto-save-60s
21:22:31 Saving config file
21:23:31 saveConfig: auto-save-60s
21:23:31 Saving config file
21:24:31 saveConfig: auto-save-60s
21:24:31 Saving config file
21:25:31 saveConfig: auto-save-60s
21:25:31 Saving config file
21:26:31 saveConfig: auto-save-60s
21:26:31 Saving config file
21:27:31 saveConfig: auto-save-60s
21:27:31 Saving config file
21:28:31 saveConfig: auto-save-60s
21:28:31 Saving config file
21:29:31 saveConfig: auto-save-60s
21:29:31 Saving config file
21:30:31 saveConfig: auto-save-60s
21:30:31 Saving config file
21:31:31 saveConfig: auto-save-60s
21:31:31 Saving config file
21:32:31 saveConfig: auto-save-60s
21:32:31 Saving config file
21:33:31 saveConfig: auto-save-60s
21:33:31 Saving config file
21:34:31 saveConfig: auto-save-60s
21:34:31 Saving config file
21:35:31 saveConfig: auto-save-60s
21:35:31 Saving config file
21:36:31 saveConfig: auto-save-60s
21:36:31 Saving config file
21:37:31 saveConfig: auto-save-60s
21:37:31 Saving config file
21:38:31 saveConfig: auto-save-60s
21:38:31 Saving config file
21:39:31 saveConfig: auto-save-60s
21:39:31 Saving config file
21:40:31 saveConfig: auto-save-60s
21:40:31 Saving config file
21:41:31 saveConfig: auto-save-60s
21:41:31 Saving config file
21:42:31 saveConfig: auto-save-60s
21:42:31 Saving config file
21:43:31 saveConfig: auto-save-60s
21:43:31 Saving config file
21:44:31 saveConfig: auto-save-60s
21:44:31 Saving config file
21:45:31 saveConfig: auto-save-60s
21:45:31 Saving config file
21:46:31 saveConfig: auto-save-60s
21:46:31 Saving config file
21:47:31 saveConfig: auto-save-60s
21:47:31 Saving config file
21:48:31 saveConfig: auto-save-60s
21:48:31 Saving config file
21:49:31 saveConfig: auto-save-60s
21:49:31 Saving config file
21:50:31 saveConfig: auto-save-60s
21:50:31 Saving config file
21:51:31 saveConfig: auto-save-60s
21:51:31 Saving config file
21:52:31 saveConfig: auto-save-60s
21:52:31 Saving config file
21:53:31 saveConfig: auto-save-60s
21:53:31 Saving config file
21:54:31 saveConfig: auto-save-60s
21:54:31 Saving config file
21:55:31 saveConfig: auto-save-60s
21:55:31 Saving config file
21:56:31 saveConfig: auto-save-60s
21:56:31 Saving config file
21:57:31 saveConfig: auto-save-60s
21:57:31 Saving config file
21:58:31 saveConfig: auto-save-60s
21:58:31 Saving config file
21:59:31 saveConfig: auto-save-60s
21:59:31 Saving config file
22:00:31 saveConfig: auto-save-60s
22:00:31 Saving config file
22:01:31 saveConfig: auto-save-60s
22:01:31 Saving config file
22:02:31 saveConfig: auto-save-60s
22:02:31 Saving config file
22:03:31 saveConfig: auto-save-60s
22:03:31 Saving config file
22:04:31 saveConfig: auto-save-60s
22:04:31 Saving config file
22:05:31 saveConfig: auto-save-60s
22:05:31 Saving config file
22:06:31 saveConfig: auto-save-60s
22:06:31 Saving config file
22:07:31 saveConfig: auto-save-60s
22:07:31 Saving config file
22:08:31 saveConfig: auto-save-60s
22:08:31 Saving config file
22:09:31 saveConfig: auto-save-60s
22:09:31 Saving config file
22:10:31 saveConfig: auto-save-60s
22:10:31 Saving config file
22:11:31 saveConfig: auto-save-60s
22:11:31 Saving config file
22:12:31 saveConfig: auto-save-60s
22:12:31 Saving config file
22:13:31 saveConfig: auto-save-60s
22:13:31 Saving config file
22:14:31 saveConfig: auto-save-60s
22:14:31 Saving config file
22:15:31 saveConfig: auto-save-60s
22:15:31 Saving config file
22:16:31 saveConfig: auto-save-60s
22:16:31 Saving config file
22:17:31 saveConfig: auto-save-60s
22:17:31 Saving config file
22:18:31 saveConfig: auto-save-60s
22:18:31 Saving config file
22:19:31 saveConfig: auto-save-60s
22:19:31 Saving config file
22:20:31 saveConfig: auto-save-60s
22:20:31 Saving config file
22:21:31 saveConfig: auto-save-60s
22:21:31 Saving config file
22:22:31 saveConfig: auto-save-60s
22:22:31 Saving config file
22:23:31 saveConfig: auto-save-60s
22:23:31 Saving config file
22:24:31 saveConfig: auto-save-60s
22:24:31 Saving config file
22:25:31 saveConfig: auto-save-60s
22:25:31 Saving config file
22:26:31 saveConfig: auto-save-60s
22:26:31 Saving config file
22:27:31 saveConfig: auto-save-60s
22:27:31 Saving config file
22:28:31 saveConfig: auto-save-60s
22:28:31 Saving config file
22:29:31 saveConfig: auto-save-60s
22:29:31 Saving config file
22:30:31 saveConfig: auto-save-60s
22:30:31 Saving config file
22:31:28 saveConfig: shutdown-hook
22:31:28 Saving config file
