10:25:47 OptiFine ConnectedTextures
10:25:47 OptiFine ConnectedTextures
10:25:47 OptiFine ConnectedTextures
10:25:47 OptiFine ConnectedTextures
10:25:47 OptiFine ConnectedTextures
10:25:47 OptiFine ConnectedTextures
10:25:47 OptiFine ConnectedTextures
10:25:47 OptiFine ConnectedTextures
10:25:47 OptiFine ConnectedTextures
10:25:47 OptiFine ConnectedTextures
10:25:47 OptiFine ConnectedTextures
10:25:47 OptiFine ConnectedTextures
10:25:47 OptiFine ConnectedTextures
10:25:47 OptiFine ConnectedTextures
10:25:47 OptiFine ConnectedTextures
10:25:47 OptiFine ConnectedTextures
10:25:47 OptiFine ConnectedTextures
10:25:47 OptiFine ConnectedTextures
10:25:47 OptiFine ConnectedTextures
10:25:47 OptiFine ConnectedTextures
10:25:47 OptiFine ConnectedTextures
10:25:47 OptiFine ConnectedTextures
10:25:47 OptiFine ConnectedTextures
10:25:47 OptiFine ConnectedTextures
10:25:47 OptiFine ConnectedTextures
10:25:47 OptiFine ConnectedTextures
10:25:47 OptiFine ConnectedTextures
10:25:47 OptiFine ConnectedTextures
10:25:47 OptiFine ConnectedTextures
10:25:47 OptiFine ConnectedTextures
10:25:47 OptiFine ConnectedTextures
10:25:47 OptiFine ConnectedTextures
10:25:47 OptiFine ConnectedTextures
10:25:47 OptiFine ConnectedTextures
10:25:47 OptiFine ConnectedTextures
10:25:47 OptiFine ConnectedTextures
10:25:47 OptiFine ConnectedTextures
10:25:47 OptiFine ConnectedTextures
10:25:47 OptiFine ConnectedTextures
10:25:47 OptiFine ConnectedTextures
10:25:47 OptiFine ConnectedTextures
10:25:47 OptiFine ConnectedTextures
10:25:47 OptiFine ConnectedTextures
10:25:47 OptiFine ConnectedTextures
10:25:47 OptiFine ConnectedTextures
10:25:47 OptiFine ConnectedTextures
10:25:47 OptiFine ConnectedTextures
10:25:47 OptiFine ConnectedTextures
10:25:47 OptiFine ConnectedTextures
10:25:47 OptiFine ConnectedTextures
10:25:47 OptiFine ConnectedTextures
10:25:47 OptiFine ConnectedTextures
10:25:47 OptiFine ConnectedTextures
10:25:47 OptiFine ConnectedTextures
10:25:47 OptiFine ConnectedTextures
10:25:47 OptiFine ConnectedTextures
10:25:47 OptiFine ConnectedTextures
10:25:47 OptiFine ConnectedTextures
10:25:47 OptiFine ConnectedTextures
10:25:47 OptiFine ConnectedTextures
10:25:47 OptiFine ConnectedTextures
10:25:47 OptiFine ConnectedTextures
10:25:47 OptiFine ConnectedTextures
10:25:47 OptiFine ConnectedTextures
10:25:47 OptiFine ConnectedTextures
10:25:47 OptiFine ConnectedTextures
10:25:47 OptiFine ConnectedTextures
10:25:50 AsmHelper Transforming
10:26:00 AsmHelper Transforming
10:26:00 AsmHelper Applying AsmWriter
10:28:39 Biome ID bounds
10:28:39 Biome ID bounds
11:09:06 Biome ID bounds
11:09:06 Biome ID bounds
11:09:06 Biome ID bounds
11:09:06 Biome ID bounds
11:09:06 Biome ID bounds
11:09:06 Biome ID bounds
11:09:06 Biome ID bounds
11:30:32 Grow BufferBuilder buffer
11:30:32 Grow BufferBuilder buffer
11:30:32 Grow BufferBuilder buffer
11:30:34 Grow BufferBuilder buffer
11:30:34 Grow BufferBuilder buffer
11:30:34 Grow BufferBuilder buffer
11:30:34 Grow BufferBuilder buffer
11:30:34 Grow BufferBuilder buffer
11:30:34 Grow BufferBuilder buffer
11:30:34 Grow BufferBuilder buffer
11:30:34 Grow BufferBuilder buffer
11:30:35 Grow BufferBuilder buffer
11:30:35 Grow BufferBuilder buffer
11:30:35 Grow BufferBuilder buffer
11:30:35 Grow BufferBuilder buffer
11:30:35 Grow BufferBuilder buffer
11:30:35 Grow BufferBuilder buffer
11:30:35 Grow BufferBuilder buffer
11:30:35 Grow BufferBuilder buffer
11:30:35 Grow BufferBuilder buffer
11:30:35 Grow BufferBuilder buffer
11:30:35 Grow BufferBuilder buffer
11:30:35 Grow BufferBuilder buffer
11:30:35 Grow BufferBuilder buffer
11:30:35 Grow BufferBuilder buffer
11:30:35 Grow BufferBuilder buffer
11:30:35 Grow BufferBuilder buffer
11:30:35 Grow BufferBuilder buffer
11:30:35 Grow BufferBuilder buffer
11:30:35 Grow BufferBuilder buffer
11:30:35 Grow BufferBuilder buffer
11:30:35 Grow BufferBuilder buffer
11:30:35 Grow BufferBuilder buffer
11:30:35 Grow BufferBuilder buffer
11:30:35 Grow BufferBuilder buffer
11:30:35 Grow BufferBuilder buffer
11:30:36 Grow BufferBuilder buffer
11:30:36 Grow BufferBuilder buffer
11:30:36 Grow BufferBuilder buffer
11:30:36 Grow BufferBuilder buffer
11:30:36 Grow BufferBuilder buffer
11:30:36 Grow BufferBuilder buffer
11:30:36 Grow BufferBuilder buffer
11:30:36 Grow BufferBuilder buffer
11:30:39 Grow BufferBuilder buffer
11:30:39 Grow BufferBuilder buffer
11:30:40 Grow BufferBuilder buffer
11:30:40 Grow BufferBuilder buffer
11:30:40 Grow BufferBuilder buffer
11:30:40 Grow BufferBuilder buffer
11:30:40 Grow BufferBuilder buffer
11:30:40 Grow BufferBuilder buffer
11:30:40 Grow BufferBuilder buffer
11:30:40 Grow BufferBuilder buffer
11:30:40 Grow BufferBuilder buffer
11:30:40 Grow BufferBuilder buffer
11:30:40 Grow BufferBuilder buffer
11:30:40 Grow BufferBuilder buffer
11:30:40 Grow BufferBuilder buffer
11:30:40 Grow BufferBuilder buffer
11:30:40 Grow BufferBuilder buffer
11:30:40 Grow BufferBuilder buffer
11:30:40 Grow BufferBuilder buffer
11:30:40 Grow BufferBuilder buffer
11:30:40 Grow BufferBuilder buffer
11:30:40 Grow BufferBuilder buffer
11:30:41 Grow BufferBuilder buffer
11:30:41 Grow BufferBuilder buffer
11:30:41 Grow BufferBuilder buffer
11:30:41 Grow BufferBuilder buffer
11:30:41 Grow BufferBuilder buffer
11:30:41 Grow BufferBuilder buffer
11:30:41 Grow BufferBuilder buffer
11:30:41 Grow BufferBuilder buffer
11:30:41 Grow BufferBuilder buffer
11:30:41 Grow BufferBuilder buffer
11:30:41 Grow BufferBuilder buffer
11:30:41 Grow BufferBuilder buffer
11:30:41 Grow BufferBuilder buffer
11:30:41 Grow BufferBuilder buffer
11:30:41 Grow BufferBuilder buffer
11:30:41 Grow BufferBuilder buffer
11:30:41 Grow BufferBuilder buffer
11:30:41 Grow BufferBuilder buffer
11:30:41 Grow BufferBuilder buffer
11:30:41 Grow BufferBuilder buffer
11:30:41 Grow BufferBuilder buffer
11:30:41 Grow BufferBuilder buffer
11:30:41 Grow BufferBuilder buffer
11:30:41 Grow BufferBuilder buffer
11:30:41 Grow BufferBuilder buffer
11:30:41 Grow BufferBuilder buffer
11:30:41 Grow BufferBuilder buffer
11:30:41 Grow BufferBuilder buffer
11:30:41 Grow BufferBuilder buffer
11:30:41 Grow BufferBuilder buffer
11:30:41 Grow BufferBuilder buffer
11:30:41 Grow BufferBuilder buffer
11:30:41 Grow BufferBuilder buffer
11:30:41 Grow BufferBuilder buffer
11:30:41 Grow BufferBuilder buffer
11:30:48 Grow BufferBuilder buffer
11:30:48 Grow BufferBuilder buffer
11:30:48 Grow BufferBuilder buffer
11:30:48 Grow BufferBuilder buffer
11:31:02 Grow BufferBuilder buffer
11:31:02 Grow BufferBuilder buffer
11:31:06 Grow BufferBuilder buffer
11:31:08 Grow BufferBuilder buffer
11:31:08 Grow BufferBuilder buffer
11:31:08 Grow BufferBuilder buffer
11:31:08 Grow BufferBuilder buffer
11:31:08 Grow BufferBuilder buffer
11:31:08 Grow BufferBuilder buffer
11:31:08 Grow BufferBuilder buffer
11:31:08 Grow BufferBuilder buffer
11:31:08 Grow BufferBuilder buffer
11:31:08 Grow BufferBuilder buffer
11:31:08 Grow BufferBuilder buffer
11:31:08 Grow BufferBuilder buffer
11:31:08 Grow BufferBuilder buffer
11:31:08 Grow BufferBuilder buffer
11:31:08 Grow BufferBuilder buffer
