16:28:38 
16:28:38 blocked link because:
16:28:38 isNotInSignAndOnSlot
16:28:38 
16:28:38 allowed click
16:28:38 allowed click
16:28:38 allowed click
16:28:38 allowed click
16:28:38 allowed click
16:28:38 allowed click
16:28:38 allowed click
16:28:38 allowed click
16:28:38 allowed click
16:28:38 allowed click
16:28:38 allowed click
16:28:38 allowed click
16:28:38 allowed click
16:28:38 allowed click
16:28:38 allowed click
16:28:38 allowed click
16:28:38 allowed click
16:28:38 allowed click
16:28:38 allowed click
16:28:38 allowed click
16:28:38 allowed click
16:28:38 allowed click
16:28:38 allowed click
16:28:38 allowed click
16:28:38 allowed click
16:28:38 allowed click
16:28:38 allowed click
16:28:38 allowed click
16:28:38 allowed click
16:28:38 allowed click
16:28:38 allowed click
16:28:38 allowed click
16:28:38 allowed click
16:28:38 allowed click
16:28:38 allowed click
16:28:38 allowed click
16:28:38 allowed click
16:28:38 allowed click
16:28:38 allowed click
16:28:38 allowed click
16:28:38 allowed click
16:28:38 allowed click
16:28:38 allowed click
16:28:38 allowed click
16:28:38 allowed click
16:28:38 allowed click
16:28:38 allowed click
16:28:38 allowed click
16:28:38 allowed click
16:28:38 allowed click
16:28:38 allowed click
16:28:38 allowed click
16:28:38 allowed click
16:28:38 allowed click
16:28:38 allowed click
16:28:38 allowed click
16:28:38 allowed click
16:28:38 allowed click
16:28:38 allowed click
16:28:38 allowed click
16:28:38 allowed click
16:28:38 allowed click
16:28:38 allowed click
16:28:38 allowed click
16:28:38 allowed click
16:28:38 allowed click
16:28:38 allowed click
16:28:38 allowed click
16:28:38 allowed click
16:28:38 allowed click
16:28:38 allowed click
16:28:38 allowed click
16:28:38 allowed click
16:28:38 allowed click
16:28:38 allowed click
16:28:38 allowed click
16:28:38 allowed click
16:28:38 allowed click
16:28:38 allowed click
16:28:38 allowed click
16:28:38 allowed click
16:28:38 allowed click
16:28:38 allowed click
16:28:38 allowed click
16:28:38 allowed click
16:28:38 allowed click
16:28:38 allowed click
16:28:38 allowed click
16:28:38 allowed click
16:28:38 allowed click
16:28:38 allowed click
16:28:38 allowed click
16:28:38 allowed click
16:28:38 allowed click
16:28:38 allowed click
16:28:38 allowed click
16:28:38 allowed click
16:28:38 allowed click
16:28:38 allowed click
16:28:38 allowed click
16:28:38 allowed click
16:28:38 allowed click
16:28:38 allowed click
16:28:38 allowed click
16:28:38 allowed click
16:28:38 allowed click
16:28:38 allowed click
16:28:38 allowed click
16:28:38 allowed click
16:28:38 allowed click
16:28:38 allowed click
16:28:38 allowed click
16:28:38 allowed click
16:28:38 allowed click
16:28:38 allowed click
16:28:38 allowed click
16:28:38 allowed click
16:28:38 allowed click
16:28:38 allowed click
16:28:38 allowed click
16:28:38 allowed click
16:28:38 allowed click
16:28:38 allowed click
16:28:38 allowed click
16:28:38 allowed click
16:28:38 allowed click
16:28:38 allowed click
16:28:38 allowed click
16:28:38 allowed click
16:28:39 allowed click
16:28:39 allowed click
16:28:39 allowed click
16:28:39 allowed click
16:28:39 allowed click
16:28:39 allowed click
16:28:39 allowed click
16:28:39 allowed click
18:52:57 
18:52:57 blocked link because:
18:52:57 isGuiScreen
18:52:57 isNotInSignAndOnSlot
18:52:57 
18:52:57 
18:52:57 blocked link because:
18:52:57 isGuiScreen
18:52:57 isNotInSignAndOnSlot
18:52:57 
