12:13:08 OptiFine ConnectedTextures
12:13:08 OptiFine ConnectedTextures
12:13:08 OptiFine ConnectedTextures
12:13:08 OptiFine ConnectedTextures
12:13:08 OptiFine ConnectedTextures
12:13:08 OptiFine ConnectedTextures
12:13:08 OptiFine ConnectedTextures
12:13:08 OptiFine ConnectedTextures
12:13:08 OptiFine ConnectedTextures
12:13:08 OptiFine ConnectedTextures
12:13:08 OptiFine ConnectedTextures
12:13:08 OptiFine ConnectedTextures
12:13:08 OptiFine ConnectedTextures
12:13:08 OptiFine ConnectedTextures
12:13:08 OptiFine ConnectedTextures
12:13:08 OptiFine ConnectedTextures
12:13:08 OptiFine ConnectedTextures
12:13:08 OptiFine ConnectedTextures
12:13:08 OptiFine ConnectedTextures
12:13:08 OptiFine ConnectedTextures
12:13:08 OptiFine ConnectedTextures
12:13:08 OptiFine ConnectedTextures
12:13:08 OptiFine ConnectedTextures
12:13:08 OptiFine ConnectedTextures
12:13:08 OptiFine ConnectedTextures
12:13:08 OptiFine ConnectedTextures
12:13:08 OptiFine ConnectedTextures
12:13:08 OptiFine ConnectedTextures
12:13:08 OptiFine ConnectedTextures
12:13:08 OptiFine ConnectedTextures
12:13:08 OptiFine ConnectedTextures
12:13:08 OptiFine ConnectedTextures
12:13:08 OptiFine ConnectedTextures
12:13:08 OptiFine ConnectedTextures
12:13:08 OptiFine ConnectedTextures
12:13:08 OptiFine ConnectedTextures
12:13:08 OptiFine ConnectedTextures
12:13:08 OptiFine ConnectedTextures
12:13:08 OptiFine ConnectedTextures
12:13:08 OptiFine ConnectedTextures
12:13:08 OptiFine ConnectedTextures
12:13:08 OptiFine ConnectedTextures
12:13:08 OptiFine ConnectedTextures
12:13:08 OptiFine ConnectedTextures
12:13:08 OptiFine ConnectedTextures
12:13:08 OptiFine ConnectedTextures
12:13:08 OptiFine ConnectedTextures
12:13:08 OptiFine ConnectedTextures
12:13:08 OptiFine ConnectedTextures
12:13:08 OptiFine ConnectedTextures
12:13:08 OptiFine ConnectedTextures
12:13:08 OptiFine ConnectedTextures
12:13:08 OptiFine ConnectedTextures
12:13:08 OptiFine ConnectedTextures
12:13:08 OptiFine ConnectedTextures
12:13:08 OptiFine ConnectedTextures
12:13:08 OptiFine ConnectedTextures
12:13:08 OptiFine ConnectedTextures
12:13:08 OptiFine ConnectedTextures
12:13:08 OptiFine ConnectedTextures
12:13:08 OptiFine ConnectedTextures
12:13:13 AsmHelper Transforming
12:14:48 AsmHelper Transforming
12:14:48 AsmHelper Applying AsmWriter
12:17:48 Grow BufferBuilder buffer
12:17:48 Grow BufferBuilder buffer
12:17:48 Grow BufferBuilder buffer
12:17:49 Grow BufferBuilder buffer
12:17:49 Grow BufferBuilder buffer
12:17:49 Grow BufferBuilder buffer
12:23:10 Grow BufferBuilder buffer
12:25:46 Grow BufferBuilder buffer
12:25:46 Grow BufferBuilder buffer
12:25:46 Grow BufferBuilder buffer
12:25:46 Grow BufferBuilder buffer
12:25:46 Grow BufferBuilder buffer
12:25:46 Grow BufferBuilder buffer
12:25:46 Grow BufferBuilder buffer
12:26:00 Grow BufferBuilder buffer
12:30:58 Grow BufferBuilder buffer
12:30:58 Grow BufferBuilder buffer
12:30:58 Grow BufferBuilder buffer
12:30:58 Grow BufferBuilder buffer
12:30:58 Grow BufferBuilder buffer
12:33:00 Grow BufferBuilder buffer
12:35:01 Grow BufferBuilder buffer
12:35:01 Grow BufferBuilder buffer
12:35:01 Grow BufferBuilder buffer
12:35:01 Grow BufferBuilder buffer
12:35:02 Grow BufferBuilder buffer
12:35:08 Grow BufferBuilder buffer
12:36:55 Biome ID bounds
12:36:55 Biome ID bounds
12:36:55 Biome ID bounds
12:36:55 Biome ID bounds
12:36:55 Biome ID bounds
12:36:55 Biome ID bounds
12:36:55 Biome ID bounds
12:36:55 Biome ID bounds
12:36:55 Biome ID bounds
12:36:55 Biome ID bounds
12:36:55 Biome ID bounds
12:36:55 Biome ID bounds
12:36:55 Biome ID bounds
12:36:55 Biome ID bounds
12:36:55 Biome ID bounds
12:36:55 Biome ID bounds
12:36:55 Biome ID bounds
12:36:55 Biome ID bounds
12:36:55 Biome ID bounds
12:36:55 Biome ID bounds
12:36:55 Biome ID bounds
12:36:55 Biome ID bounds
12:36:55 Biome ID bounds
12:36:55 Biome ID bounds
12:36:56 Biome ID bounds
12:36:56 Biome ID bounds
12:36:56 Biome ID bounds
12:36:56 Biome ID bounds
12:36:56 Biome ID bounds
12:36:56 Biome ID bounds
12:36:56 Biome ID bounds
12:36:56 Biome ID bounds
12:41:22 Biome ID bounds
12:41:22 Biome ID bounds
12:41:22 Biome ID bounds
12:41:22 Biome ID bounds
12:41:22 Biome ID bounds
12:41:22 Biome ID bounds
12:41:22 Biome ID bounds
12:41:22 Biome ID bounds
12:41:22 Biome ID bounds
12:41:22 Biome ID bounds
12:41:22 Biome ID bounds
12:41:22 Biome ID bounds
12:41:22 Biome ID bounds
12:41:22 Biome ID bounds
12:41:22 Biome ID bounds
12:41:22 Biome ID bounds
12:41:22 Biome ID bounds
12:41:22 Biome ID bounds
12:41:22 Biome ID bounds
12:41:22 Biome ID bounds
12:41:22 Biome ID bounds
12:41:22 Biome ID bounds
12:41:22 Biome ID bounds
12:41:22 Biome ID bounds
12:41:22 Biome ID bounds
12:41:22 Biome ID bounds
12:41:22 Biome ID bounds
12:41:22 Biome ID bounds
12:41:22 Biome ID bounds
12:41:22 Biome ID bounds
12:41:22 Biome ID bounds
12:41:22 Biome ID bounds
12:41:22 Biome ID bounds
12:41:22 Biome ID bounds
12:41:22 Biome ID bounds
12:41:22 Biome ID bounds
12:41:22 Biome ID bounds
12:41:22 Biome ID bounds
12:41:22 Biome ID bounds
12:41:22 Biome ID bounds
12:41:22 Biome ID bounds
12:41:22 Biome ID bounds
