10:26:17 [SKYMALL] §bNew day! §r§eYour §r§2Sky Mall §r§ebuff changed!
10:26:17 [SKYMALL] §eNew buff§r§r§r: §r§fGain §r§6+100⸕ Mining Speed§r§f.
10:26:17 [SKYMALL] §8§oYou can disable this messaging by toggling Sky Mall in your /hotm!
10:30:53 [BESTIARY] §f                                  §6§lBESTIARY
10:30:53 [BESTIARY] §f                         §b§lZombie Lord §7§8XII §8➡§b §bXIII
10:30:53 [BESTIARY] 
10:30:53 [BESTIARY] §f                                  §r§6§lREWARDS
10:30:53 [BESTIARY] §f                      §r§8+§r§a4 Zombie Lord §r§b✯ Magic Find
10:30:53 [BESTIARY] §f                       §r§8+§r§a4 Zombie Lord §r§c❁ Strength
10:30:53 [BESTIARY] §f                          §r§8+§r§62% §r§aZombie Lord §r§7coins
10:30:53 [BESTIARY] §f                    §r§8+§r§a50% §r§7chance for extra XP orbs
10:30:53 [BESTIARY] §f                               §r§8+§r§b1 SkyBlock XP
10:30:53 [BESTIARY] 
10:30:53 [BESTIARY] §3§l▬▬▬▬▬▬▬▬▬▬▬▬▬▬▬▬▬▬▬▬▬▬▬▬▬▬▬▬▬▬▬▬▬▬▬▬▬▬▬▬▬▬▬▬▬▬▬▬▬▬▬▬▬▬▬▬▬▬▬▬▬▬▬▬
10:35:01 [SKYMALL] §bNew day! §r§eYour §r§2Sky Mall §r§ebuff changed!
10:35:01 [SKYMALL] §eNew buff§r§r§r: §r§f§r§a-20%§r§f Pickaxe Ability cooldowns.
10:35:01 [SKYMALL] §8§oYou can disable this messaging by toggling Sky Mall in your /hotm!
10:55:01 [SKYMALL] §bNew day! §r§eYour §r§2Sky Mall §r§ebuff changed!
10:55:01 [SKYMALL] §eNew buff§r§r§r: §r§fGain §r§a+15% §r§fmore Powder while mining.
10:55:01 [SKYMALL] §8§oYou can disable this messaging by toggling Sky Mall in your /hotm!
11:15:01 [SKYMALL] §bNew day! §r§eYour §r§2Sky Mall §r§ebuff changed!
11:15:01 [SKYMALL] §eNew buff§r§r§r: §r§fGain §r§6+100⸕ Mining Speed§r§f.
11:15:01 [SKYMALL] §8§oYou can disable this messaging by toggling Sky Mall in your /hotm!
11:30:40 [GARDEN_VISITOR_MESSAGE] §e[NPC] §aLynn§f: §r§fIf you ever get lost, you should check on the Desk on what to do next.
11:30:44 [GARDEN_VISITOR_MESSAGE] §e[NPC] §aLynn§f: §r§fMaybe next time.
11:30:45 [GARDEN_VISITOR_MESSAGE] §e[NPC] §aStella§f: §r§fThe amount of plots you can unlock here is perfect for a Co-op. So much space!
11:30:47 [GARDEN_VISITOR_MESSAGE] §e[NPC] §aStella§f: §r§fDon't worry, I'll come back later.
11:30:48 [GARDEN_VISITOR_MESSAGE] §e[NPC] §aShaggy§f: §r§fHey kid, I haven't seen you in a while. Arachne's powers are growing day by day. Soon she'll take over the §cSpider's Den§f.
11:30:52 [GARDEN_VISITOR_MESSAGE] §e[NPC] §aShaggy§f: §r§fI wish peace upon you.
11:30:52 [GARDEN_VISITOR_MESSAGE] §e[NPC] §aWizard§f: §rWhere am I? Oh, it's you §bFiremage_X§f.
11:30:57 [GARDEN_VISITOR_MESSAGE] §e[NPC] §aWizard§f: §r§fI suppose that was expected. Not many people have enough potatoes to power a magical portal.
11:30:58 [GARDEN_VISITOR_MESSAGE] §e[NPC] §9Puzzler§f: §r§f§d▲§2▼§ftriangle§2▼§d▶§5▲§ffood§3◀§5▲
11:31:02 [GARDEN_VISITOR_MESSAGE] §e[NPC] §9Puzzler§f: §r§f§c╳ §f(ノಠ益ಠ)ノ彡┻━┻
