10:43:47 
10:43:47 blocked link because:
10:43:47 isGuiScreen
10:43:47 isNotInSignAndOnSlot
10:43:47 
10:43:47 
10:43:47 blocked link because:
10:43:47 isGuiScreen
10:43:47 isNotInSignAndOnSlot
10:43:47 
10:43:47 
10:43:47 blocked link because:
10:43:47 isGuiScreen
10:43:47 isNotInSignAndOnSlot
10:43:47 
10:43:47 
10:43:47 blocked link because:
10:43:47 isGuiScreen
10:43:47 isNotInSignAndOnSlot
10:43:47 
10:43:47 
10:43:47 blocked link because:
10:43:47 isGuiScreen
10:43:47 isNotInSignAndOnSlot
10:43:47 
10:43:47 
10:43:47 blocked link because:
10:43:47 isGuiScreen
10:43:47 isNotInSignAndOnSlot
10:43:47 
10:43:47 
10:43:47 blocked link because:
10:43:47 isGuiScreen
10:43:47 isNotInSignAndOnSlot
10:43:47 
10:43:47 
10:43:47 blocked link because:
10:43:47 isGuiScreen
10:43:47 isNotInSignAndOnSlot
10:43:47 
10:43:47 
10:43:47 blocked link because:
10:43:47 isGuiScreen
10:43:47 isNotInSignAndOnSlot
10:43:47 
10:43:47 
10:43:47 blocked link because:
10:43:47 isGuiScreen
10:43:47 isNotInSignAndOnSlot
10:43:47 
10:43:47 
10:43:47 blocked link because:
10:43:47 isGuiScreen
10:43:47 isNotInSignAndOnSlot
10:43:47 
10:43:47 
10:43:47 blocked link because:
10:43:47 isGuiScreen
10:43:47 isNotInSignAndOnSlot
10:43:47 
10:43:47 
10:43:47 blocked link because:
10:43:47 isGuiScreen
10:43:47 isNotInSignAndOnSlot
10:43:47 
10:43:47 
10:43:47 blocked link because:
10:43:47 isGuiScreen
10:43:47 isNotInSignAndOnSlot
10:43:47 
10:43:47 
10:43:47 blocked link because:
10:43:47 isGuiScreen
10:43:47 isNotInSignAndOnSlot
10:43:47 
10:43:47 
10:43:47 blocked link because:
10:43:47 isGuiScreen
10:43:47 isNotInSignAndOnSlot
10:43:47 
10:43:47 
10:43:47 blocked link because:
10:43:47 isGuiScreen
10:43:47 isNotInSignAndOnSlot
10:43:47 
10:43:47 
10:43:47 blocked link because:
10:43:47 isGuiScreen
10:43:47 isNotInSignAndOnSlot
10:43:47 
10:43:47 
10:43:47 blocked link because:
10:43:47 isGuiScreen
10:43:47 isNotInSignAndOnSlot
10:43:47 
10:43:47 
10:43:47 blocked link because:
10:43:47 isGuiScreen
10:43:47 isNotInSignAndOnSlot
10:43:47 
10:43:47 
10:43:47 blocked link because:
10:43:47 isGuiScreen
10:43:47 isNotInSignAndOnSlot
10:43:47 
10:43:47 
10:43:47 blocked link because:
10:43:47 isGuiScreen
10:43:47 isNotInSignAndOnSlot
10:43:47 
10:43:47 
10:43:47 blocked link because:
10:43:47 isGuiScreen
10:43:47 isNotInSignAndOnSlot
10:43:47 
10:43:47 
10:43:47 blocked link because:
10:43:47 isGuiScreen
10:43:47 isNotInSignAndOnSlot
10:43:47 
10:43:47 
10:43:47 blocked link because:
10:43:47 isGuiScreen
10:43:47 isNotInSignAndOnSlot
10:43:47 
10:43:47 
10:43:47 blocked link because:
10:43:47 isGuiScreen
10:43:47 isNotInSignAndOnSlot
10:43:47 
10:43:47 
10:43:47 blocked link because:
10:43:47 isGuiScreen
10:43:47 isNotInSignAndOnSlot
10:43:47 
10:43:47 
10:43:47 blocked link because:
10:43:47 isGuiScreen
10:43:47 isNotInSignAndOnSlot
10:43:47 
10:43:47 
10:43:47 blocked link because:
10:43:47 isGuiScreen
10:43:47 isNotInSignAndOnSlot
10:43:47 
10:43:47 
10:43:47 blocked link because:
10:43:47 isGuiScreen
10:43:47 isNotInSignAndOnSlot
10:43:47 
10:43:47 
10:43:47 blocked link because:
10:43:47 isGuiScreen
10:43:47 isNotInSignAndOnSlot
10:43:47 
10:43:47 
10:43:47 blocked link because:
10:43:47 isGuiScreen
10:43:47 isNotInSignAndOnSlot
10:43:47 
10:43:47 
10:43:47 blocked link because:
10:43:47 isGuiScreen
10:43:47 isNotInSignAndOnSlot
10:43:47 
10:43:47 
10:43:47 blocked link because:
10:43:47 isGuiScreen
10:43:47 isNotInSignAndOnSlot
10:43:47 
10:43:47 
10:43:47 blocked link because:
10:43:47 isGuiScreen
10:43:47 isNotInSignAndOnSlot
10:43:47 
10:43:47 
10:43:47 blocked link because:
10:43:47 isGuiScreen
10:43:47 isNotInSignAndOnSlot
10:43:47 
10:43:47 
10:43:47 blocked link because:
10:43:47 isGuiScreen
10:43:47 isNotInSignAndOnSlot
10:43:47 
10:43:47 
10:43:47 blocked link because:
10:43:47 isGuiScreen
10:43:47 isNotInSignAndOnSlot
10:43:47 
10:43:47 
10:43:47 blocked link because:
10:43:47 isGuiScreen
10:43:47 isNotInSignAndOnSlot
10:43:47 
10:43:47 
10:43:47 blocked link because:
10:43:47 isGuiScreen
10:43:47 isNotInSignAndOnSlot
10:43:47 
10:43:47 
10:43:47 blocked link because:
10:43:47 isGuiScreen
10:43:47 isNotInSignAndOnSlot
10:43:47 
10:43:47 
10:43:47 blocked link because:
10:43:47 isGuiScreen
10:43:47 isNotInSignAndOnSlot
10:43:47 
10:45:10 
10:45:10 blocked link because:
10:45:10 isNotInSignAndOnSlot
10:45:10 
10:45:11 allowed click
10:45:11 allowed click
10:45:11 allowed click
10:45:11 allowed click
10:45:11 allowed click
10:45:11 allowed click
10:45:11 allowed click
10:45:11 allowed click
10:45:11 allowed click
10:45:11 allowed click
10:45:11 allowed click
10:45:11 allowed click
10:45:11 allowed click
10:45:11 allowed click
10:45:11 allowed click
10:45:11 allowed click
10:45:11 allowed click
10:45:11 allowed click
10:45:11 allowed click
10:45:11 allowed click
10:45:11 allowed click
10:45:11 allowed click
10:45:11 allowed click
10:45:11 allowed click
10:45:11 allowed click
10:45:11 allowed click
10:45:11 allowed click
10:45:11 allowed click
10:45:11 allowed click
10:45:11 allowed click
10:45:11 allowed click
10:45:11 allowed click
10:45:11 allowed click
10:45:11 allowed click
10:45:11 allowed click
10:45:11 allowed click
10:45:11 allowed click
10:45:11 allowed click
10:45:11 allowed click
10:45:11 allowed click
10:45:11 allowed click
10:45:11 allowed click
10:45:11 allowed click
10:45:11 allowed click
10:45:11 allowed click
10:45:11 allowed click
10:45:11 allowed click
10:45:11 allowed click
10:45:11 allowed click
10:45:11 allowed click
10:45:11 allowed click
10:45:11 allowed click
10:45:11 allowed click
10:45:11 allowed click
10:45:11 allowed click
10:45:11 allowed click
10:45:11 allowed click
10:45:11 allowed click
10:45:11 allowed click
10:45:11 allowed click
10:45:11 allowed click
10:45:11 allowed click
10:45:11 allowed click
10:45:11 allowed click
10:45:11 allowed click
10:45:11 allowed click
10:45:11 allowed click
10:45:11 allowed click
10:45:11 allowed click
10:45:11 allowed click
10:45:11 allowed click
10:45:11 allowed click
10:45:11 allowed click
10:45:11 allowed click
10:45:11 allowed click
10:45:11 allowed click
10:45:11 allowed click
10:45:11 allowed click
10:45:11 allowed click
10:45:11 allowed click
10:45:11 allowed click
10:45:11 allowed click
10:45:11 allowed click
10:45:11 allowed click
10:45:11 allowed click
10:45:11 allowed click
10:45:11 allowed click
10:45:11 allowed click
10:45:11 allowed click
10:45:11 allowed click
10:45:11 allowed click
10:45:11 allowed click
10:45:11 allowed click
10:45:11 allowed click
10:45:11 allowed click
10:45:11 allowed click
10:45:11 allowed click
10:45:11 allowed click
10:45:11 allowed click
10:45:11 allowed click
10:45:11 allowed click
10:45:11 allowed click
10:45:11 allowed click
10:45:11 allowed click
10:45:11 allowed click
10:45:11 allowed click
10:45:11 allowed click
10:45:11 allowed click
10:45:11 allowed click
10:45:11 allowed click
10:45:11 allowed click
10:45:11 allowed click
10:45:11 allowed click
10:45:11 allowed click
10:45:11 allowed click
10:45:11 allowed click
10:45:11 allowed click
10:45:11 allowed click
10:45:11 allowed click
10:45:11 allowed click
10:45:11 allowed click
10:45:11 allowed click
10:45:11 allowed click
10:45:11 allowed click
10:45:11 allowed click
10:45:11 allowed click
10:45:11 allowed click
10:45:11 allowed click
10:45:11 allowed click
10:45:11 allowed click
10:45:11 allowed click
10:45:11 allowed click
10:45:11 allowed click
10:45:11 allowed click
10:45:11 allowed click
10:45:11 allowed click
10:45:11 allowed click
10:45:11 allowed click
10:45:11 allowed click
10:45:11 allowed click
10:45:11 allowed click
10:45:11 allowed click
10:45:11 allowed click
10:45:11 allowed click
10:45:11 allowed click
10:45:11 allowed click
10:45:11 allowed click
10:45:11 allowed click
10:45:11 allowed click
10:45:11 allowed click
10:45:11 allowed click
10:45:11 allowed click
10:45:11 allowed click
10:45:11 allowed click
10:45:11 allowed click
10:45:11 allowed click
10:45:11 allowed click
10:45:11 allowed click
10:45:11 allowed click
10:45:11 allowed click
10:45:11 allowed click
10:45:11 allowed click
10:45:11 allowed click
10:45:11 allowed click
10:45:11 allowed click
10:45:11 allowed click
10:45:11 allowed click
10:45:11 allowed click
10:45:11 allowed click
10:45:11 allowed click
10:45:11 allowed click
10:45:11 allowed click
10:45:11 allowed click
10:45:11 allowed click
10:45:11 allowed click
10:45:11 allowed click
10:45:11 allowed click
10:45:11 allowed click
10:45:11 allowed click
10:45:11 allowed click
10:45:11 allowed click
10:45:11 allowed click
10:45:11 allowed click
10:45:11 allowed click
10:45:11 allowed click
10:45:11 allowed click
10:45:11 allowed click
10:45:11 allowed click
10:45:11 allowed click
10:45:11 allowed click
10:45:11 allowed click
10:45:11 allowed click
10:45:11 allowed click
10:45:11 allowed click
10:45:11 allowed click
10:45:11 allowed click
10:45:11 allowed click
10:45:11 allowed click
10:45:11 allowed click
10:45:11 allowed click
10:45:11 allowed click
10:45:11 allowed click
10:45:11 allowed click
10:45:11 allowed click
10:45:11 allowed click
10:45:11 allowed click
10:45:11 allowed click
10:45:11 allowed click
10:45:11 allowed click
10:45:11 allowed click
10:45:11 allowed click
10:45:11 allowed click
10:45:11 allowed click
10:45:11 allowed click
10:45:11 allowed click
10:45:11 allowed click
10:45:11 allowed click
10:45:11 allowed click
10:45:11 allowed click
10:45:11 allowed click
10:45:11 allowed click
10:45:11 allowed click
10:45:11 allowed click
10:45:11 allowed click
10:45:11 allowed click
10:45:11 allowed click
10:45:11 allowed click
10:45:11 allowed click
10:45:11 allowed click
10:45:11 allowed click
10:45:11 allowed click
10:45:11 allowed click
10:45:11 allowed click
10:45:11 allowed click
10:45:11 allowed click
10:45:11 allowed click
10:45:11 allowed click
10:45:11 allowed click
10:45:11 allowed click
10:45:11 allowed click
10:45:11 allowed click
10:45:11 allowed click
10:45:11 allowed click
10:45:11 allowed click
10:45:11 allowed click
10:45:12 allowed click
10:45:12 allowed click
10:45:12 allowed click
10:45:12 allowed click
10:45:12 allowed click
10:45:12 allowed click
10:45:12 allowed click
10:45:12 allowed click
10:45:12 allowed click
10:45:12 allowed click
10:45:12 allowed click
10:45:12 allowed click
10:45:12 allowed click
10:45:12 allowed click
10:45:12 allowed click
10:45:12 allowed click
10:45:12 allowed click
10:45:12 allowed click
10:45:12 allowed click
10:45:12 allowed click
10:45:12 allowed click
10:45:12 allowed click
10:45:12 allowed click
10:45:12 allowed click
10:45:12 allowed click
10:45:12 allowed click
10:45:12 allowed click
10:45:12 allowed click
10:45:12 allowed click
10:45:12 allowed click
10:45:12 allowed click
10:45:12 allowed click
10:45:12 allowed click
10:45:12 allowed click
10:45:12 allowed click
10:45:12 allowed click
10:45:12 allowed click
10:45:12 allowed click
10:45:12 allowed click
10:45:12 allowed click
10:45:12 allowed click
10:45:12 allowed click
10:45:12 allowed click
10:45:12 allowed click
10:45:12 allowed click
10:45:12 allowed click
10:45:12 allowed click
10:45:12 allowed click
10:45:12 allowed click
10:45:12 allowed click
10:45:12 allowed click
10:45:12 allowed click
10:45:12 allowed click
10:45:12 allowed click
10:45:12 allowed click
10:45:12 allowed click
10:45:12 allowed click
10:45:12 allowed click
10:45:12 allowed click
10:45:12 allowed click
10:45:12 allowed click
10:45:12 allowed click
10:45:12 allowed click
10:45:12 allowed click
10:45:12 allowed click
10:45:12 allowed click
10:45:12 allowed click
10:45:12 allowed click
10:45:12 allowed click
10:45:12 allowed click
10:45:12 allowed click
10:45:12 allowed click
10:45:12 allowed click
10:45:12 allowed click
10:45:12 allowed click
10:45:12 allowed click
10:45:12 allowed click
10:45:12 allowed click
10:45:12 allowed click
10:45:12 allowed click
10:45:12 allowed click
10:45:12 allowed click
10:45:12 allowed click
10:45:12 allowed click
10:45:12 allowed click
10:45:12 allowed click
10:45:12 allowed click
10:45:12 allowed click
10:45:12 allowed click
10:45:12 allowed click
10:45:12 allowed click
10:45:12 allowed click
10:45:12 allowed click
10:45:12 allowed click
10:45:12 allowed click
10:45:12 allowed click
10:45:12 allowed click
10:45:12 allowed click
10:45:12 allowed click
10:45:12 allowed click
10:45:12 allowed click
10:45:12 allowed click
10:45:12 allowed click
10:45:12 allowed click
10:45:12 allowed click
10:45:12 allowed click
10:45:12 allowed click
10:45:12 allowed click
10:45:12 allowed click
10:45:12 allowed click
10:45:12 allowed click
10:45:12 allowed click
10:45:12 allowed click
10:45:12 allowed click
10:45:12 allowed click
10:45:12 allowed click
10:45:12 allowed click
10:45:12 allowed click
10:45:12 allowed click
10:45:12 allowed click
10:45:12 allowed click
10:45:12 allowed click
10:45:12 allowed click
10:45:12 allowed click
10:45:12 allowed click
10:45:12 allowed click
10:45:12 allowed click
10:45:12 allowed click
10:45:12 allowed click
10:45:12 allowed click
10:45:12 allowed click
10:45:12 allowed click
10:45:12 allowed click
10:45:12 allowed click
10:45:12 allowed click
10:45:12 allowed click
10:45:12 allowed click
10:45:12 allowed click
10:45:12 allowed click
10:45:12 allowed click
10:45:12 allowed click
10:45:12 allowed click
10:45:12 allowed click
10:45:12 allowed click
10:45:12 allowed click
10:45:12 allowed click
10:45:12 allowed click
10:45:12 allowed click
10:45:12 allowed click
10:45:12 allowed click
10:45:12 allowed click
10:45:12 allowed click
10:45:12 allowed click
10:45:12 allowed click
10:45:12 allowed click
10:45:12 allowed click
10:45:12 allowed click
10:45:12 allowed click
10:45:12 allowed click
10:45:12 allowed click
10:45:12 allowed click
10:45:12 allowed click
10:45:12 allowed click
10:45:12 allowed click
10:45:12 allowed click
10:45:12 allowed click
10:45:12 allowed click
10:45:12 allowed click
10:45:12 allowed click
10:45:12 allowed click
10:45:12 allowed click
10:45:12 allowed click
10:45:12 allowed click
10:45:12 allowed click
10:45:12 allowed click
10:45:12 allowed click
10:45:12 allowed click
10:45:12 allowed click
10:45:12 allowed click
10:45:12 allowed click
10:45:12 allowed click
10:45:12 allowed click
10:45:12 allowed click
10:45:12 allowed click
10:45:12 allowed click
10:45:12 allowed click
10:45:12 allowed click
10:45:12 allowed click
10:45:12 allowed click
10:45:12 allowed click
10:45:12 allowed click
10:45:12 allowed click
10:45:12 allowed click
10:45:12 allowed click
10:45:12 allowed click
10:45:12 allowed click
10:45:12 allowed click
10:45:12 allowed click
10:45:12 allowed click
10:45:12 allowed click
10:45:12 allowed click
10:45:12 allowed click
10:45:12 allowed click
10:45:12 allowed click
10:45:12 allowed click
10:45:12 allowed click
10:45:12 allowed click
10:45:12 allowed click
10:45:12 allowed click
10:45:12 allowed click
10:45:12 allowed click
10:45:12 allowed click
10:45:12 allowed click
10:45:12 allowed click
10:45:12 allowed click
10:45:12 allowed click
10:45:12 allowed click
10:45:12 allowed click
10:45:12 allowed click
10:45:12 allowed click
10:45:12 allowed click
10:45:12 allowed click
10:45:12 allowed click
10:45:12 allowed click
10:45:12 allowed click
10:45:12 allowed click
10:45:12 allowed click
10:45:12 allowed click
10:45:12 allowed click
10:45:12 allowed click
10:45:12 allowed click
10:45:12 allowed click
10:45:12 allowed click
10:45:12 allowed click
10:45:12 allowed click
10:45:12 allowed click
10:45:12 allowed click
10:45:12 allowed click
10:45:12 allowed click
10:45:12 allowed click
10:45:12 allowed click
10:45:12 allowed click
10:45:12 allowed click
10:45:12 allowed click
10:45:12 allowed click
10:45:12 allowed click
10:45:12 allowed click
10:45:12 allowed click
10:45:12 allowed click
10:45:12 allowed click
10:45:12 allowed click
10:45:12 allowed click
10:45:12 allowed click
10:45:12 allowed click
10:45:12 allowed click
10:45:12 allowed click
10:45:12 allowed click
10:45:12 allowed click
10:45:12 allowed click
10:45:12 allowed click
10:45:12 allowed click
10:45:12 allowed click
10:45:12 allowed click
10:45:12 allowed click
10:45:12 allowed click
10:45:12 allowed click
10:45:12 allowed click
10:45:12 allowed click
10:45:12 allowed click
10:45:12 allowed click
10:45:12 allowed click
10:45:12 allowed click
10:45:12 allowed click
10:45:12 allowed click
10:45:12 allowed click
10:45:12 allowed click
10:45:12 allowed click
10:45:12 allowed click
10:45:12 allowed click
10:45:12 allowed click
10:45:12 allowed click
10:45:12 allowed click
10:45:12 allowed click
10:45:12 allowed click
10:45:12 allowed click
10:45:13 allowed click
10:45:13 allowed click
10:45:13 allowed click
10:45:13 allowed click
10:45:13 allowed click
10:45:13 allowed click
10:45:13 allowed click
10:45:13 allowed click
10:45:13 allowed click
10:45:13 allowed click
10:45:13 allowed click
10:45:13 allowed click
10:45:13 allowed click
10:45:13 allowed click
10:45:13 allowed click
10:45:13 allowed click
10:45:13 allowed click
10:45:13 allowed click
10:45:13 allowed click
10:45:13 allowed click
10:45:13 allowed click
10:45:13 allowed click
10:45:13 allowed click
10:45:13 allowed click
10:45:13 allowed click
10:45:13 allowed click
10:45:13 allowed click
10:45:13 allowed click
10:45:13 allowed click
10:45:13 allowed click
10:45:13 allowed click
10:45:13 allowed click
10:45:13 allowed click
10:45:13 allowed click
10:45:13 allowed click
10:45:13 allowed click
10:45:13 allowed click
10:45:13 allowed click
10:45:13 allowed click
10:45:13 allowed click
10:45:13 allowed click
10:45:13 allowed click
10:45:13 allowed click
10:45:13 allowed click
10:45:13 allowed click
10:45:13 allowed click
10:45:13 allowed click
10:45:13 allowed click
10:45:13 allowed click
10:45:13 allowed click
10:45:13 allowed click
10:45:13 allowed click
10:45:13 allowed click
10:45:13 allowed click
10:45:13 allowed click
10:45:13 allowed click
10:45:13 allowed click
10:45:13 allowed click
10:45:13 allowed click
10:45:13 allowed click
10:45:13 allowed click
10:45:13 allowed click
10:45:13 allowed click
10:45:13 allowed click
10:45:13 allowed click
10:45:13 allowed click
10:45:13 allowed click
10:45:13 allowed click
10:45:13 allowed click
10:45:13 allowed click
10:45:13 allowed click
10:45:13 allowed click
10:45:13 allowed click
10:45:13 allowed click
10:45:13 allowed click
10:45:13 allowed click
10:45:13 allowed click
10:45:13 allowed click
10:45:13 allowed click
10:45:13 allowed click
10:45:13 allowed click
10:45:13 allowed click
10:45:13 allowed click
10:45:13 allowed click
10:45:13 allowed click
10:45:13 allowed click
10:45:13 allowed click
10:45:13 allowed click
10:45:13 allowed click
10:45:13 allowed click
10:45:13 allowed click
10:45:13 allowed click
10:45:13 allowed click
10:45:13 allowed click
10:45:13 allowed click
10:45:13 allowed click
10:45:13 allowed click
10:45:13 allowed click
10:45:13 allowed click
10:45:13 allowed click
10:45:13 allowed click
10:45:13 allowed click
10:45:13 allowed click
10:45:13 allowed click
10:45:13 allowed click
10:45:13 allowed click
10:45:13 allowed click
10:45:13 allowed click
10:45:13 allowed click
10:45:13 allowed click
10:45:13 allowed click
10:45:13 allowed click
10:45:13 allowed click
10:45:13 allowed click
10:45:13 allowed click
10:45:13 allowed click
10:45:13 allowed click
10:45:13 allowed click
10:45:13 allowed click
10:45:13 allowed click
10:45:13 allowed click
10:45:13 allowed click
10:45:13 allowed click
10:45:13 allowed click
10:45:13 allowed click
10:45:13 allowed click
10:45:13 allowed click
10:45:13 allowed click
10:45:13 allowed click
10:45:13 allowed click
10:45:13 allowed click
10:45:13 allowed click
10:45:13 allowed click
10:45:13 allowed click
10:45:13 allowed click
10:45:13 allowed click
10:45:13 allowed click
10:45:13 allowed click
10:45:13 allowed click
10:45:13 allowed click
10:45:13 allowed click
10:45:13 allowed click
10:45:13 allowed click
10:45:13 allowed click
10:45:13 allowed click
10:45:13 allowed click
10:45:13 allowed click
10:45:13 allowed click
10:45:13 allowed click
10:45:13 allowed click
10:45:13 allowed click
10:45:13 allowed click
10:45:13 allowed click
10:45:13 allowed click
10:45:13 allowed click
10:45:13 allowed click
10:45:13 allowed click
10:45:13 allowed click
10:45:13 allowed click
10:45:13 allowed click
10:45:13 allowed click
10:45:13 allowed click
10:45:13 allowed click
10:45:13 allowed click
10:45:13 allowed click
10:45:13 allowed click
10:45:13 allowed click
10:45:13 allowed click
10:45:13 allowed click
10:45:13 allowed click
10:45:13 allowed click
10:45:13 allowed click
10:45:13 allowed click
10:45:13 allowed click
10:45:13 allowed click
10:45:13 allowed click
10:45:13 allowed click
10:45:13 allowed click
10:45:13 allowed click
10:45:13 allowed click
10:45:13 allowed click
10:45:13 allowed click
10:45:13 allowed click
10:45:13 allowed click
10:45:13 allowed click
10:45:13 allowed click
10:45:13 allowed click
10:45:13 allowed click
10:45:13 allowed click
10:45:13 allowed click
10:45:13 allowed click
10:45:13 allowed click
10:45:13 allowed click
10:45:13 allowed click
10:45:13 allowed click
10:45:13 allowed click
10:45:13 allowed click
10:45:13 allowed click
10:45:13 allowed click
10:45:13 allowed click
10:45:13 allowed click
10:45:13 allowed click
10:45:13 allowed click
10:45:13 allowed click
10:45:13 allowed click
10:45:13 allowed click
10:45:13 allowed click
10:45:13 allowed click
10:45:13 allowed click
10:45:13 allowed click
10:45:13 allowed click
10:45:13 allowed click
10:45:13 allowed click
10:45:13 allowed click
10:45:13 allowed click
10:45:13 allowed click
10:45:13 allowed click
10:45:13 allowed click
10:45:13 allowed click
10:45:23 
10:45:23 blocked link because:
10:45:23 isGuiScreen
10:45:23 isNotInSignAndOnSlot
10:45:23 
10:45:23 
10:45:23 blocked link because:
10:45:23 isGuiScreen
10:45:23 isNotInSignAndOnSlot
10:45:23 
10:45:23 
10:45:23 blocked link because:
10:45:23 isGuiScreen
10:45:23 isNotInSignAndOnSlot
10:45:23 
10:45:24 
10:45:24 blocked link because:
10:45:24 isGuiScreen
10:45:24 isNotInSignAndOnSlot
10:45:24 
10:45:24 
10:45:24 blocked link because:
10:45:24 isGuiScreen
10:45:24 isNotInSignAndOnSlot
10:45:24 
10:45:24 
10:45:24 blocked link because:
10:45:24 isGuiScreen
10:45:24 isNotInSignAndOnSlot
10:45:24 
10:45:24 
10:45:24 blocked link because:
10:45:24 isGuiScreen
10:45:24 isNotInSignAndOnSlot
10:45:24 
10:45:24 
10:45:24 blocked link because:
10:45:24 isGuiScreen
10:45:24 isNotInSignAndOnSlot
10:45:24 
10:45:24 
10:45:24 blocked link because:
10:45:24 isGuiScreen
10:45:24 isNotInSignAndOnSlot
10:45:24 
10:45:24 
10:45:24 blocked link because:
10:45:24 isGuiScreen
10:45:24 isNotInSignAndOnSlot
10:45:24 
10:45:24 
10:45:24 blocked link because:
10:45:24 isGuiScreen
10:45:24 isNotInSignAndOnSlot
10:45:24 
10:45:24 
10:45:24 blocked link because:
10:45:24 isGuiScreen
10:45:24 isNotInSignAndOnSlot
10:45:24 
10:45:24 
10:45:24 blocked link because:
10:45:24 isGuiScreen
10:45:24 isNotInSignAndOnSlot
10:45:24 
10:45:24 
10:45:24 blocked link because:
10:45:24 isGuiScreen
10:45:24 isNotInSignAndOnSlot
10:45:24 
10:45:24 
10:45:24 blocked link because:
10:45:24 isGuiScreen
10:45:24 isNotInSignAndOnSlot
10:45:24 
10:45:24 
10:45:24 blocked link because:
10:45:24 isGuiScreen
10:45:24 isNotInSignAndOnSlot
10:45:24 
10:45:24 
10:45:24 blocked link because:
10:45:24 isGuiScreen
10:45:24 isNotInSignAndOnSlot
10:45:24 
10:45:24 
10:45:24 blocked link because:
10:45:24 isGuiScreen
10:45:24 isNotInSignAndOnSlot
10:45:24 
10:45:24 
10:45:24 blocked link because:
10:45:24 isGuiScreen
10:45:24 isNotInSignAndOnSlot
10:45:24 
10:45:24 
10:45:24 blocked link because:
10:45:24 isGuiScreen
10:45:24 isNotInSignAndOnSlot
10:45:24 
10:45:24 
10:45:24 blocked link because:
10:45:24 isGuiScreen
10:45:24 isNotInSignAndOnSlot
10:45:24 
10:45:24 
10:45:24 blocked link because:
10:45:24 isGuiScreen
10:45:24 isNotInSignAndOnSlot
10:45:24 
10:45:24 
10:45:24 blocked link because:
10:45:24 isGuiScreen
10:45:24 isNotInSignAndOnSlot
10:45:24 
10:45:24 
10:45:24 blocked link because:
10:45:24 isGuiScreen
10:45:24 isNotInSignAndOnSlot
10:45:24 
10:45:24 
10:45:24 blocked link because:
10:45:24 isGuiScreen
10:45:24 isNotInSignAndOnSlot
10:45:24 
10:45:24 
10:45:24 blocked link because:
10:45:24 isGuiScreen
10:45:24 isNotInSignAndOnSlot
10:45:24 
10:45:24 
10:45:24 blocked link because:
10:45:24 isGuiScreen
10:45:24 isNotInSignAndOnSlot
10:45:24 
10:45:24 
10:45:24 blocked link because:
10:45:24 isGuiScreen
10:45:24 isNotInSignAndOnSlot
10:45:24 
10:45:24 
10:45:24 blocked link because:
10:45:24 isGuiScreen
10:45:24 isNotInSignAndOnSlot
10:45:24 
10:45:24 
10:45:24 blocked link because:
10:45:24 isGuiScreen
10:45:24 isNotInSignAndOnSlot
10:45:24 
10:45:24 
10:45:24 blocked link because:
10:45:24 isGuiScreen
10:45:24 isNotInSignAndOnSlot
10:45:24 
10:45:24 
10:45:24 blocked link because:
10:45:24 isGuiScreen
10:45:24 isNotInSignAndOnSlot
10:45:24 
10:45:24 
10:45:24 blocked link because:
10:45:24 isGuiScreen
10:45:24 isNotInSignAndOnSlot
10:45:24 
10:45:24 
10:45:24 blocked link because:
10:45:24 isGuiScreen
10:45:24 isNotInSignAndOnSlot
10:45:24 
10:45:24 
10:45:24 blocked link because:
10:45:24 isGuiScreen
10:45:24 isNotInSignAndOnSlot
10:45:24 
10:45:24 
10:45:24 blocked link because:
10:45:24 isGuiScreen
10:45:24 isNotInSignAndOnSlot
10:45:24 
10:45:24 
10:45:24 blocked link because:
10:45:24 isGuiScreen
10:45:24 isNotInSignAndOnSlot
10:45:24 
10:45:24 
10:45:24 blocked link because:
10:45:24 isGuiScreen
10:45:24 isNotInSignAndOnSlot
10:45:24 
10:45:24 
10:45:24 blocked link because:
10:45:24 isGuiScreen
10:45:24 isNotInSignAndOnSlot
10:45:24 
10:45:24 
10:45:24 blocked link because:
10:45:24 isGuiScreen
10:45:24 isNotInSignAndOnSlot
10:45:24 
10:45:24 
10:45:24 blocked link because:
10:45:24 isGuiScreen
10:45:24 isNotInSignAndOnSlot
10:45:24 
10:45:24 
10:45:24 blocked link because:
10:45:24 isGuiScreen
10:45:24 isNotInSignAndOnSlot
10:45:24 
10:45:24 
10:45:24 blocked link because:
10:45:24 isGuiScreen
10:45:24 isNotInSignAndOnSlot
10:45:24 
10:45:24 
10:45:24 blocked link because:
10:45:24 isGuiScreen
10:45:24 isNotInSignAndOnSlot
10:45:24 
10:45:24 
10:45:24 blocked link because:
10:45:24 isGuiScreen
10:45:24 isNotInSignAndOnSlot
10:45:24 
10:45:24 
10:45:24 blocked link because:
10:45:24 isGuiScreen
10:45:24 isNotInSignAndOnSlot
10:45:24 
10:45:24 
10:45:24 blocked link because:
10:45:24 isGuiScreen
10:45:24 isNotInSignAndOnSlot
10:45:24 
10:45:24 
10:45:24 blocked link because:
10:45:24 isGuiScreen
10:45:24 isNotInSignAndOnSlot
10:45:24 
10:45:24 
10:45:24 blocked link because:
10:45:24 isGuiScreen
10:45:24 isNotInSignAndOnSlot
10:45:24 
10:45:24 
10:45:24 blocked link because:
10:45:24 isGuiScreen
10:45:24 isNotInSignAndOnSlot
10:45:24 
10:45:24 
10:45:24 blocked link because:
10:45:24 isGuiScreen
10:45:24 isNotInSignAndOnSlot
10:45:24 
10:45:24 
10:45:24 blocked link because:
10:45:24 isGuiScreen
10:45:24 isNotInSignAndOnSlot
10:45:24 
10:45:24 
10:45:24 blocked link because:
10:45:24 isGuiScreen
10:45:24 isNotInSignAndOnSlot
10:45:24 
10:45:24 
10:45:24 blocked link because:
10:45:24 isGuiScreen
10:45:24 isNotInSignAndOnSlot
10:45:24 
10:45:24 
10:45:24 blocked link because:
10:45:24 isGuiScreen
10:45:24 isNotInSignAndOnSlot
10:45:24 
10:45:24 
10:45:24 blocked link because:
10:45:24 isGuiScreen
10:45:24 isNotInSignAndOnSlot
10:45:24 
10:45:25 
10:45:25 blocked link because:
10:45:25 isGuiScreen
10:45:25 isNotInSignAndOnSlot
10:45:25 
10:45:25 
10:45:25 blocked link because:
10:45:25 isGuiScreen
10:45:25 isNotInSignAndOnSlot
10:45:25 
10:45:25 
10:45:25 blocked link because:
10:45:25 isGuiScreen
10:45:25 isNotInSignAndOnSlot
10:45:25 
10:45:25 
10:45:25 blocked link because:
10:45:25 isGuiScreen
10:45:25 isNotInSignAndOnSlot
10:45:25 
10:45:25 
10:45:25 blocked link because:
10:45:25 isGuiScreen
10:45:25 isNotInSignAndOnSlot
10:45:25 
10:45:25 
10:45:25 blocked link because:
10:45:25 isGuiScreen
10:45:25 isNotInSignAndOnSlot
10:45:25 
10:45:25 
10:45:25 blocked link because:
10:45:25 isGuiScreen
10:45:25 isNotInSignAndOnSlot
10:45:25 
10:45:25 
10:45:25 blocked link because:
10:45:25 isGuiScreen
10:45:25 isNotInSignAndOnSlot
10:45:25 
10:45:25 
10:45:25 blocked link because:
10:45:25 isGuiScreen
10:45:25 isNotInSignAndOnSlot
10:45:25 
10:45:25 
10:45:25 blocked link because:
10:45:25 isGuiScreen
10:45:25 isNotInSignAndOnSlot
10:45:25 
10:45:31 
10:45:31 blocked link because:
10:45:31 isGuiScreen
10:45:31 isNotInSignAndOnSlot
10:45:31 
10:45:31 
10:45:31 blocked link because:
10:45:31 isGuiScreen
10:45:31 isNotInSignAndOnSlot
10:45:31 
10:46:27 
10:46:27 blocked link because:
10:46:27 isGuiScreen
10:46:27 
10:46:27 
10:46:27 blocked link because:
10:46:27 isGuiScreen
10:46:27 
10:46:27 
10:46:27 blocked link because:
10:46:27 isGuiScreen
10:46:27 
10:46:27 
10:46:27 blocked link because:
10:46:27 isGuiScreen
10:46:27 
10:46:27 
10:46:27 blocked link because:
10:46:27 isGuiScreen
10:46:27 
10:46:27 
10:46:27 blocked link because:
10:46:27 isGuiScreen
10:46:27 
10:46:27 
10:46:27 blocked link because:
10:46:27 isGuiScreen
10:46:27 
10:46:27 
10:46:27 blocked link because:
10:46:27 isGuiScreen
10:46:27 
10:46:27 
10:46:27 blocked link because:
10:46:27 isGuiScreen
10:46:27 
10:46:27 
10:46:27 blocked link because:
10:46:27 isGuiScreen
10:46:27 
10:46:27 
10:46:27 blocked link because:
10:46:27 isGuiScreen
10:46:27 
10:46:27 
10:46:27 blocked link because:
10:46:27 isGuiScreen
10:46:27 
10:46:27 
10:46:27 blocked link because:
10:46:27 isGuiScreen
10:46:27 
10:46:27 
10:46:27 blocked link because:
10:46:27 isGuiScreen
10:46:27 
10:46:27 
10:46:27 blocked link because:
10:46:27 isGuiScreen
10:46:27 
10:46:27 
10:46:27 blocked link because:
10:46:27 isGuiScreen
10:46:27 
10:46:27 
10:46:27 blocked link because:
10:46:27 isGuiScreen
10:46:27 
10:46:27 
10:46:27 blocked link because:
10:46:27 isGuiScreen
10:46:27 
10:46:27 
10:46:27 blocked link because:
10:46:27 isGuiScreen
10:46:27 
10:46:27 
10:46:27 blocked link because:
10:46:27 isGuiScreen
10:46:27 
10:46:27 
10:46:27 blocked link because:
10:46:27 isGuiScreen
10:46:27 
10:46:27 
10:46:27 blocked link because:
10:46:27 isGuiScreen
10:46:27 
10:46:27 
10:46:27 blocked link because:
10:46:27 isGuiScreen
10:46:27 
10:46:27 
10:46:27 blocked link because:
10:46:27 isGuiScreen
10:46:27 
10:46:27 
10:46:27 blocked link because:
10:46:27 isGuiScreen
10:46:27 
10:46:27 
10:46:27 blocked link because:
10:46:27 isGuiScreen
10:46:27 
10:46:27 
10:46:27 blocked link because:
10:46:27 isGuiScreen
10:46:27 
10:46:27 
10:46:27 blocked link because:
10:46:27 isGuiScreen
10:46:27 
10:46:27 
10:46:27 blocked link because:
10:46:27 isGuiScreen
10:46:27 
10:46:27 
10:46:27 blocked link because:
10:46:27 isGuiScreen
10:46:27 
10:46:27 
10:46:27 blocked link because:
10:46:27 isGuiScreen
10:46:27 
10:46:27 
10:46:27 blocked link because:
10:46:27 isGuiScreen
10:46:27 
10:46:27 
10:46:27 blocked link because:
10:46:27 isGuiScreen
10:46:27 
10:46:27 
10:46:27 blocked link because:
10:46:27 isGuiScreen
10:46:27 
10:46:27 
10:46:27 blocked link because:
10:46:27 isGuiScreen
10:46:27 
10:46:27 
10:46:27 blocked link because:
10:46:27 isGuiScreen
10:46:27 
10:46:27 
10:46:27 blocked link because:
10:46:27 isGuiScreen
10:46:27 
10:46:27 
10:46:27 blocked link because:
10:46:27 isGuiScreen
10:46:27 
10:46:27 
10:46:27 blocked link because:
10:46:27 isGuiScreen
10:46:27 
10:46:27 
10:46:27 blocked link because:
10:46:27 isGuiScreen
10:46:27 
10:46:27 
10:46:27 blocked link because:
10:46:27 isGuiScreen
10:46:27 
10:46:27 
10:46:27 blocked link because:
10:46:27 isGuiScreen
10:46:27 
10:46:27 
10:46:27 blocked link because:
10:46:27 isGuiScreen
10:46:27 
10:46:27 
10:46:27 blocked link because:
10:46:27 isGuiScreen
10:46:27 
10:46:27 
10:46:27 blocked link because:
10:46:27 isGuiScreen
10:46:27 
10:46:27 
10:46:27 blocked link because:
10:46:27 isGuiScreen
10:46:27 
10:46:27 
10:46:27 blocked link because:
10:46:27 isGuiScreen
10:46:27 
10:46:27 
10:46:27 blocked link because:
10:46:27 isGuiScreen
10:46:27 
10:46:27 
10:46:27 blocked link because:
10:46:27 isGuiScreen
10:46:27 
10:46:27 
10:46:27 blocked link because:
10:46:27 isGuiScreen
10:46:27 
10:46:27 
10:46:27 blocked link because:
10:46:27 isGuiScreen
10:46:27 
10:46:27 
10:46:27 blocked link because:
10:46:27 isGuiScreen
10:46:27 
10:46:27 
10:46:27 blocked link because:
10:46:27 isGuiScreen
10:46:27 
10:46:27 
10:46:27 blocked link because:
10:46:27 isGuiScreen
10:46:27 
10:46:27 
10:46:27 blocked link because:
10:46:27 isGuiScreen
10:46:27 
10:46:27 
10:46:27 blocked link because:
10:46:27 isGuiScreen
10:46:27 
10:46:27 
10:46:27 blocked link because:
10:46:27 isGuiScreen
10:46:27 
10:46:27 
10:46:27 blocked link because:
10:46:27 isGuiScreen
10:46:27 
10:46:27 
10:46:27 blocked link because:
10:46:27 isGuiScreen
10:46:27 
10:46:27 
10:46:27 blocked link because:
10:46:27 isGuiScreen
10:46:27 
10:46:27 
10:46:27 blocked link because:
10:46:27 isGuiScreen
10:46:27 
10:46:27 
10:46:27 blocked link because:
10:46:27 isGuiScreen
10:46:27 
10:46:27 
10:46:27 blocked link because:
10:46:27 isGuiScreen
10:46:27 
10:46:27 
10:46:27 blocked link because:
10:46:27 isGuiScreen
10:46:27 
10:46:27 
10:46:27 blocked link because:
10:46:27 isGuiScreen
10:46:27 
10:46:27 
10:46:27 blocked link because:
10:46:27 isGuiScreen
10:46:27 
10:46:27 
10:46:27 blocked link because:
10:46:27 isGuiScreen
10:46:27 
10:46:27 
10:46:27 blocked link because:
10:46:27 isGuiScreen
10:46:27 
10:46:27 
10:46:27 blocked link because:
10:46:27 isGuiScreen
10:46:27 
10:46:27 
10:46:27 blocked link because:
10:46:27 isGuiScreen
10:46:27 
10:46:27 
10:46:27 blocked link because:
10:46:27 isGuiScreen
10:46:27 
10:46:27 
10:46:27 blocked link because:
10:46:27 isGuiScreen
10:46:27 
10:46:27 
10:46:27 blocked link because:
10:46:27 isGuiScreen
10:46:27 
10:46:27 
10:46:27 blocked link because:
10:46:27 isGuiScreen
10:46:27 
10:46:27 
10:46:27 blocked link because:
10:46:27 isGuiScreen
10:46:27 
10:46:28 
10:46:28 blocked link because:
10:46:28 isGuiScreen
10:46:28 
10:46:28 
10:46:28 blocked link because:
10:46:28 isGuiScreen
10:46:28 
10:46:33 
10:46:33 blocked link because:
10:46:33 isGuiScreen
10:46:33 
10:46:33 
10:46:33 blocked link because:
10:46:33 isGuiScreen
10:46:33 
10:46:33 
10:46:33 blocked link because:
10:46:33 isGuiScreen
10:46:33 
10:46:33 
10:46:33 blocked link because:
10:46:33 isGuiScreen
10:46:33 
10:46:33 
10:46:33 blocked link because:
10:46:33 isGuiScreen
10:46:33 
10:46:33 
10:46:33 blocked link because:
10:46:33 isGuiScreen
10:46:33 
10:46:33 
10:46:33 blocked link because:
10:46:33 isGuiScreen
10:46:33 
10:46:33 
10:46:33 blocked link because:
10:46:33 isGuiScreen
10:46:33 
10:46:33 
10:46:33 blocked link because:
10:46:33 isGuiScreen
10:46:33 
10:46:33 
10:46:33 blocked link because:
10:46:33 isGuiScreen
10:46:33 
10:46:33 
10:46:33 blocked link because:
10:46:33 isGuiScreen
10:46:33 
10:46:33 
10:46:33 blocked link because:
10:46:33 isGuiScreen
10:46:33 
10:46:33 
10:46:33 blocked link because:
10:46:33 isGuiScreen
10:46:33 
10:46:33 
10:46:33 blocked link because:
10:46:33 isGuiScreen
10:46:33 
10:46:36 allowed click
10:46:36 allowed click
10:46:36 allowed click
10:46:36 allowed click
10:46:36 allowed click
10:46:36 allowed click
10:46:36 allowed click
10:46:36 allowed click
10:46:36 allowed click
10:46:36 allowed click
10:46:36 allowed click
10:46:37 
10:46:37 blocked link because:
10:46:37 isGuiScreen
10:46:37 
10:46:37 
10:46:37 blocked link because:
10:46:37 isGuiScreen
10:46:37 
10:46:37 
10:46:37 blocked link because:
10:46:37 isGuiScreen
10:46:37 
10:46:46 
10:46:46 blocked link because:
10:46:46 isGuiScreen
10:46:46 
10:46:46 
10:46:46 blocked link because:
10:46:46 isGuiScreen
10:46:46 
10:46:46 
10:46:46 blocked link because:
10:46:46 isGuiScreen
10:46:46 
10:46:46 
10:46:46 blocked link because:
10:46:46 isGuiScreen
10:46:46 
10:46:46 
10:46:46 blocked link because:
10:46:46 isGuiScreen
10:46:46 
10:46:46 
10:46:46 blocked link because:
10:46:46 isGuiScreen
10:46:46 
10:46:46 
10:46:46 blocked link because:
10:46:46 isGuiScreen
10:46:46 
10:46:46 
10:46:46 blocked link because:
10:46:46 isGuiScreen
10:46:46 
10:46:46 
10:46:46 blocked link because:
10:46:46 isGuiScreen
10:46:46 
10:46:56 
10:46:56 blocked link because:
10:46:56 isGuiScreen
10:46:56 
10:46:56 
10:46:56 blocked link because:
10:46:56 isGuiScreen
10:46:56 
10:46:56 
10:46:56 blocked link because:
10:46:56 isGuiScreen
10:46:56 
10:46:57 
10:46:57 blocked link because:
10:46:57 isGuiScreen
10:46:57 
10:46:57 
10:46:57 blocked link because:
10:46:57 isGuiScreen
10:46:57 
10:46:57 
10:46:57 blocked link because:
10:46:57 isGuiScreen
10:46:57 
10:46:57 
10:46:57 blocked link because:
10:46:57 isGuiScreen
10:46:57 
10:46:57 
10:46:57 blocked link because:
10:46:57 isGuiScreen
10:46:57 
10:46:57 
10:46:57 blocked link because:
10:46:57 isGuiScreen
10:46:57 
10:46:57 
10:46:57 blocked link because:
10:46:57 isGuiScreen
10:46:57 
10:46:57 
10:46:57 blocked link because:
10:46:57 isGuiScreen
10:46:57 
10:46:57 
10:46:57 blocked link because:
10:46:57 isGuiScreen
10:46:57 
10:46:57 
10:46:57 blocked link because:
10:46:57 isGuiScreen
10:46:57 
10:46:57 
10:46:57 blocked link because:
10:46:57 isGuiScreen
10:46:57 
10:46:57 
10:46:57 blocked link because:
10:46:57 isGuiScreen
10:46:57 
10:46:57 
10:46:57 blocked link because:
10:46:57 isGuiScreen
10:46:57 
10:46:57 
10:46:57 blocked link because:
10:46:57 isGuiScreen
10:46:57 
10:46:57 
10:46:57 blocked link because:
10:46:57 isGuiScreen
10:46:57 
10:46:57 
10:46:57 blocked link because:
10:46:57 isGuiScreen
10:46:57 
10:46:57 
10:46:57 blocked link because:
10:46:57 isGuiScreen
10:46:57 
10:46:57 
10:46:57 blocked link because:
10:46:57 isGuiScreen
10:46:57 
10:46:57 
10:46:57 blocked link because:
10:46:57 isGuiScreen
10:46:57 
10:46:57 
10:46:57 blocked link because:
10:46:57 isGuiScreen
10:46:57 
10:46:57 
10:46:57 blocked link because:
10:46:57 isGuiScreen
10:46:57 
10:46:57 
10:46:57 blocked link because:
10:46:57 isGuiScreen
10:46:57 
10:46:57 
10:46:57 blocked link because:
10:46:57 isGuiScreen
10:46:57 
10:46:57 
10:46:57 blocked link because:
10:46:57 isGuiScreen
10:46:57 
10:46:57 
10:46:57 blocked link because:
10:46:57 isGuiScreen
10:46:57 
10:46:58 
10:46:58 blocked link because:
10:46:58 isGuiScreen
10:46:58 
10:46:58 
10:46:58 blocked link because:
10:46:58 isGuiScreen
10:46:58 
10:46:58 
10:46:58 blocked link because:
10:46:58 isGuiScreen
10:46:58 
10:46:58 
10:46:58 blocked link because:
10:46:58 isGuiScreen
10:46:58 
10:46:58 
10:46:58 blocked link because:
10:46:58 isGuiScreen
10:46:58 
10:46:58 
10:46:58 blocked link because:
10:46:58 isGuiScreen
10:46:58 
10:46:58 
10:46:58 blocked link because:
10:46:58 isGuiScreen
10:46:58 
10:46:58 
10:46:58 blocked link because:
10:46:58 isGuiScreen
10:46:58 
10:46:58 
10:46:58 blocked link because:
10:46:58 isGuiScreen
10:46:58 
10:46:58 
10:46:58 blocked link because:
10:46:58 isGuiScreen
10:46:58 
10:46:58 
10:46:58 blocked link because:
10:46:58 isGuiScreen
10:46:58 
10:46:58 
10:46:58 blocked link because:
10:46:58 isGuiScreen
10:46:58 
10:46:58 
10:46:58 blocked link because:
10:46:58 isGuiScreen
10:46:58 
10:46:58 
10:46:58 blocked link because:
10:46:58 isGuiScreen
10:46:58 
10:46:58 
10:46:58 blocked link because:
10:46:58 isGuiScreen
10:46:58 
10:46:58 
10:46:58 blocked link because:
10:46:58 isGuiScreen
10:46:58 
10:46:58 
10:46:58 blocked link because:
10:46:58 isGuiScreen
10:46:58 
10:46:58 
10:46:58 blocked link because:
10:46:58 isGuiScreen
10:46:58 
10:46:58 
10:46:58 blocked link because:
10:46:58 isGuiScreen
10:46:58 
10:46:58 
10:46:58 blocked link because:
10:46:58 isGuiScreen
10:46:58 
10:46:58 
10:46:58 blocked link because:
10:46:58 isGuiScreen
10:46:58 
10:46:58 
10:46:58 blocked link because:
10:46:58 isGuiScreen
10:46:58 
10:46:58 
10:46:58 blocked link because:
10:46:58 isGuiScreen
10:46:58 
10:46:58 
10:46:58 blocked link because:
10:46:58 isGuiScreen
10:46:58 
10:46:58 
10:46:58 blocked link because:
10:46:58 isGuiScreen
10:46:58 
10:46:58 
10:46:58 blocked link because:
10:46:58 isGuiScreen
10:46:58 
10:46:58 
10:46:58 blocked link because:
10:46:58 isGuiScreen
10:46:58 
10:46:58 
10:46:58 blocked link because:
10:46:58 isGuiScreen
10:46:58 
10:46:58 
10:46:58 blocked link because:
10:46:58 isGuiScreen
10:46:58 
10:46:58 
10:46:58 blocked link because:
10:46:58 isGuiScreen
10:46:58 
10:46:58 
10:46:58 blocked link because:
10:46:58 isGuiScreen
10:46:58 
10:46:58 
10:46:58 blocked link because:
10:46:58 isGuiScreen
10:46:58 
10:46:58 
10:46:58 blocked link because:
10:46:58 isGuiScreen
10:46:58 
10:46:58 
10:46:58 blocked link because:
10:46:58 isGuiScreen
10:46:58 
10:46:58 
10:46:58 blocked link because:
10:46:58 isGuiScreen
10:46:58 
10:46:58 
10:46:58 blocked link because:
10:46:58 isGuiScreen
10:46:58 
10:46:58 
10:46:58 blocked link because:
10:46:58 isGuiScreen
10:46:58 
10:46:58 
10:46:58 blocked link because:
10:46:58 isGuiScreen
10:46:58 
10:46:58 
10:46:58 blocked link because:
10:46:58 isGuiScreen
10:46:58 
10:46:59 
10:46:59 blocked link because:
10:46:59 isGuiScreen
10:46:59 
10:46:59 
10:46:59 blocked link because:
10:46:59 isGuiScreen
10:46:59 
10:46:59 
10:46:59 blocked link because:
10:46:59 isGuiScreen
10:46:59 
10:46:59 
10:46:59 blocked link because:
10:46:59 isGuiScreen
10:46:59 
10:46:59 
10:46:59 blocked link because:
10:46:59 isGuiScreen
10:46:59 
10:46:59 
10:46:59 blocked link because:
10:46:59 isGuiScreen
10:46:59 
10:46:59 
10:46:59 blocked link because:
10:46:59 isGuiScreen
10:46:59 
10:46:59 
10:46:59 blocked link because:
10:46:59 isGuiScreen
10:46:59 
10:46:59 
10:46:59 blocked link because:
10:46:59 isGuiScreen
10:46:59 
10:46:59 
10:46:59 blocked link because:
10:46:59 isGuiScreen
10:46:59 
10:46:59 
10:46:59 blocked link because:
10:46:59 isGuiScreen
10:46:59 
10:46:59 
10:46:59 blocked link because:
10:46:59 isGuiScreen
10:46:59 
10:46:59 
10:46:59 blocked link because:
10:46:59 isGuiScreen
10:46:59 
10:46:59 
10:46:59 blocked link because:
10:46:59 isGuiScreen
10:46:59 
10:46:59 
10:46:59 blocked link because:
10:46:59 isGuiScreen
10:46:59 
10:46:59 
10:46:59 blocked link because:
10:46:59 isGuiScreen
10:46:59 
10:46:59 
10:46:59 blocked link because:
10:46:59 isGuiScreen
10:46:59 
10:46:59 
10:46:59 blocked link because:
10:46:59 isGuiScreen
10:46:59 
10:46:59 
10:46:59 blocked link because:
10:46:59 isGuiScreen
10:46:59 
10:46:59 
10:46:59 blocked link because:
10:46:59 isGuiScreen
10:46:59 
10:46:59 
10:46:59 blocked link because:
10:46:59 isGuiScreen
10:46:59 
10:46:59 
10:46:59 blocked link because:
10:46:59 isGuiScreen
10:46:59 
10:46:59 
10:46:59 blocked link because:
10:46:59 isGuiScreen
10:46:59 
10:46:59 
10:46:59 blocked link because:
10:46:59 isGuiScreen
10:46:59 
10:46:59 
10:46:59 blocked link because:
10:46:59 isGuiScreen
10:46:59 
10:46:59 
10:46:59 blocked link because:
10:46:59 isGuiScreen
10:46:59 
10:46:59 
10:46:59 blocked link because:
10:46:59 isGuiScreen
10:46:59 
10:46:59 
10:46:59 blocked link because:
10:46:59 isGuiScreen
10:46:59 
10:46:59 
10:46:59 blocked link because:
10:46:59 isGuiScreen
10:46:59 
10:46:59 
10:46:59 blocked link because:
10:46:59 isGuiScreen
10:46:59 
10:46:59 
10:46:59 blocked link because:
10:46:59 isGuiScreen
10:46:59 
10:46:59 
10:46:59 blocked link because:
10:46:59 isGuiScreen
10:46:59 
10:46:59 
10:46:59 blocked link because:
10:46:59 isGuiScreen
10:46:59 
10:46:59 
10:46:59 blocked link because:
10:46:59 isGuiScreen
10:46:59 
10:46:59 
10:46:59 blocked link because:
10:46:59 isGuiScreen
10:46:59 
10:46:59 
10:46:59 blocked link because:
10:46:59 isGuiScreen
10:46:59 
10:46:59 
10:46:59 blocked link because:
10:46:59 isGuiScreen
10:46:59 
10:46:59 
10:46:59 blocked link because:
10:46:59 isGuiScreen
10:46:59 
10:46:59 
10:46:59 blocked link because:
10:46:59 isGuiScreen
10:46:59 
10:46:59 
10:46:59 blocked link because:
10:46:59 isGuiScreen
10:46:59 
10:46:59 
10:46:59 blocked link because:
10:46:59 isGuiScreen
10:46:59 
10:46:59 
10:46:59 blocked link because:
10:46:59 isGuiScreen
10:46:59 
10:47:00 
10:47:00 blocked link because:
10:47:00 isGuiScreen
10:47:00 
10:47:00 
10:47:00 blocked link because:
10:47:00 isGuiScreen
10:47:00 
10:47:00 
10:47:00 blocked link because:
10:47:00 isGuiScreen
10:47:00 
10:47:00 
10:47:00 blocked link because:
10:47:00 isGuiScreen
10:47:00 
10:47:02 
10:47:02 blocked link because:
10:47:02 isGuiScreen
10:47:02 
10:47:02 
10:47:02 blocked link because:
10:47:02 isGuiScreen
10:47:02 
10:47:02 
10:47:02 blocked link because:
10:47:02 isGuiScreen
10:47:02 
10:47:02 
10:47:02 blocked link because:
10:47:02 isGuiScreen
10:47:02 
10:47:02 
10:47:02 blocked link because:
10:47:02 isGuiScreen
10:47:02 
10:47:02 
10:47:02 blocked link because:
10:47:02 isGuiScreen
10:47:02 
10:47:02 
10:47:02 blocked link because:
10:47:02 isGuiScreen
10:47:02 
10:47:02 
10:47:02 blocked link because:
10:47:02 isGuiScreen
10:47:02 
10:47:02 
10:47:02 blocked link because:
10:47:02 isGuiScreen
10:47:02 
10:47:02 
10:47:02 blocked link because:
10:47:02 isGuiScreen
10:47:02 
10:47:02 
10:47:02 blocked link because:
10:47:02 isGuiScreen
10:47:02 
10:47:02 
10:47:02 blocked link because:
10:47:02 isGuiScreen
10:47:02 
10:47:02 
10:47:02 blocked link because:
10:47:02 isGuiScreen
10:47:02 
10:47:02 
10:47:02 blocked link because:
10:47:02 isGuiScreen
10:47:02 
10:47:02 
10:47:02 blocked link because:
10:47:02 isGuiScreen
10:47:02 
10:47:02 
10:47:02 blocked link because:
10:47:02 isGuiScreen
10:47:02 
10:47:02 
10:47:02 blocked link because:
10:47:02 isGuiScreen
10:47:02 
10:47:02 
10:47:02 blocked link because:
10:47:02 isGuiScreen
10:47:02 
10:47:02 
10:47:02 blocked link because:
10:47:02 isGuiScreen
10:47:02 
10:47:02 
10:47:02 blocked link because:
10:47:02 isGuiScreen
10:47:02 
10:47:02 
10:47:02 blocked link because:
10:47:02 isGuiScreen
10:47:02 
10:47:02 
10:47:02 blocked link because:
10:47:02 isGuiScreen
10:47:02 
10:47:02 
10:47:02 blocked link because:
10:47:02 isGuiScreen
10:47:02 
10:47:02 
10:47:02 blocked link because:
10:47:02 isGuiScreen
10:47:02 
10:47:02 
10:47:02 blocked link because:
10:47:02 isGuiScreen
10:47:02 
10:47:02 
10:47:02 blocked link because:
10:47:02 isGuiScreen
10:47:02 
10:47:02 
10:47:02 blocked link because:
10:47:02 isGuiScreen
10:47:02 
10:47:02 
10:47:02 blocked link because:
10:47:02 isGuiScreen
10:47:02 
10:47:02 
10:47:02 blocked link because:
10:47:02 isGuiScreen
10:47:02 
10:47:02 
10:47:02 blocked link because:
10:47:02 isGuiScreen
10:47:02 
10:47:02 
10:47:02 blocked link because:
10:47:02 isGuiScreen
10:47:02 
10:47:02 
10:47:02 blocked link because:
10:47:02 isGuiScreen
10:47:02 
10:47:02 
10:47:02 blocked link because:
10:47:02 isGuiScreen
10:47:02 
10:47:02 
10:47:02 blocked link because:
10:47:02 isGuiScreen
10:47:02 
10:47:02 
10:47:02 blocked link because:
10:47:02 isGuiScreen
10:47:02 
10:47:02 
10:47:02 blocked link because:
10:47:02 isGuiScreen
10:47:02 
10:47:02 
10:47:02 blocked link because:
10:47:02 isGuiScreen
10:47:02 
10:47:02 
10:47:02 blocked link because:
10:47:02 isGuiScreen
10:47:02 
10:47:02 
10:47:02 blocked link because:
10:47:02 isGuiScreen
10:47:02 
10:47:02 
10:47:02 blocked link because:
10:47:02 isGuiScreen
10:47:02 
10:47:02 
10:47:02 blocked link because:
10:47:02 isGuiScreen
10:47:02 
10:47:03 
10:47:03 blocked link because:
10:47:03 isGuiScreen
10:47:03 
10:47:03 
10:47:03 blocked link because:
10:47:03 isGuiScreen
10:47:03 
10:47:03 
10:47:03 blocked link because:
10:47:03 isGuiScreen
10:47:03 
10:47:03 
10:47:03 blocked link because:
10:47:03 isGuiScreen
10:47:03 
10:47:03 
10:47:03 blocked link because:
10:47:03 isGuiScreen
10:47:03 
10:47:03 
10:47:03 blocked link because:
10:47:03 isGuiScreen
10:47:03 
10:47:03 
10:47:03 blocked link because:
10:47:03 isGuiScreen
10:47:03 
10:47:03 
10:47:03 blocked link because:
10:47:03 isGuiScreen
10:47:03 
10:47:03 
10:47:03 blocked link because:
10:47:03 isGuiScreen
10:47:03 
10:47:03 
10:47:03 blocked link because:
10:47:03 isGuiScreen
10:47:03 
10:47:03 
10:47:03 blocked link because:
10:47:03 isGuiScreen
10:47:03 
10:47:03 
10:47:03 blocked link because:
10:47:03 isGuiScreen
10:47:03 
10:47:03 
10:47:03 blocked link because:
10:47:03 isGuiScreen
10:47:03 
10:47:03 
10:47:03 blocked link because:
10:47:03 isGuiScreen
10:47:03 
10:47:03 
10:47:03 blocked link because:
10:47:03 isGuiScreen
10:47:03 
10:47:03 
10:47:03 blocked link because:
10:47:03 isGuiScreen
10:47:03 
10:47:03 
10:47:03 blocked link because:
10:47:03 isGuiScreen
10:47:03 
10:47:03 
10:47:03 blocked link because:
10:47:03 isGuiScreen
10:47:03 
10:47:03 
10:47:03 blocked link because:
10:47:03 isGuiScreen
10:47:03 
10:47:03 
10:47:03 blocked link because:
10:47:03 isGuiScreen
10:47:03 
10:47:03 
10:47:03 blocked link because:
10:47:03 isGuiScreen
10:47:03 
10:47:03 
10:47:03 blocked link because:
10:47:03 isGuiScreen
10:47:03 
10:47:03 
10:47:03 blocked link because:
10:47:03 isGuiScreen
10:47:03 
10:47:03 
10:47:03 blocked link because:
10:47:03 isGuiScreen
10:47:03 
10:47:03 
10:47:03 blocked link because:
10:47:03 isGuiScreen
10:47:03 
10:47:03 
10:47:03 blocked link because:
10:47:03 isGuiScreen
10:47:03 
10:47:03 
10:47:03 blocked link because:
10:47:03 isGuiScreen
10:47:03 
10:47:03 
10:47:03 blocked link because:
10:47:03 isGuiScreen
10:47:03 
10:47:03 
10:47:03 blocked link because:
10:47:03 isGuiScreen
10:47:03 
10:47:03 
10:47:03 blocked link because:
10:47:03 isGuiScreen
10:47:03 
10:47:03 
10:47:03 blocked link because:
10:47:03 isGuiScreen
10:47:03 
10:47:03 
10:47:03 blocked link because:
10:47:03 isGuiScreen
10:47:03 
10:47:03 
10:47:03 blocked link because:
10:47:03 isGuiScreen
10:47:03 
10:47:03 
10:47:03 blocked link because:
10:47:03 isGuiScreen
10:47:03 
10:47:03 
10:47:03 blocked link because:
10:47:03 isGuiScreen
10:47:03 
10:47:03 
10:47:03 blocked link because:
10:47:03 isGuiScreen
10:47:03 
10:47:03 
10:47:03 blocked link because:
10:47:03 isGuiScreen
10:47:03 
10:47:03 
10:47:03 blocked link because:
10:47:03 isGuiScreen
10:47:03 
10:47:03 
10:47:03 blocked link because:
10:47:03 isGuiScreen
10:47:03 
10:47:03 
10:47:03 blocked link because:
10:47:03 isGuiScreen
10:47:03 
10:47:03 
10:47:03 blocked link because:
10:47:03 isGuiScreen
10:47:03 
10:47:08 
10:47:08 blocked link because:
10:47:08 isGuiScreen
10:47:08 
10:47:08 
10:47:08 blocked link because:
10:47:08 isGuiScreen
10:47:08 
10:47:09 
10:47:09 blocked link because:
10:47:09 isGuiScreen
10:47:09 
10:47:09 
10:47:09 blocked link because:
10:47:09 isGuiScreen
10:47:09 
10:47:09 
10:47:09 blocked link because:
10:47:09 isGuiScreen
10:47:09 
10:47:09 
10:47:09 blocked link because:
10:47:09 isGuiScreen
10:47:09 
10:47:09 
10:47:09 blocked link because:
10:47:09 isGuiScreen
10:47:09 
10:47:09 
10:47:09 blocked link because:
10:47:09 isGuiScreen
10:47:09 
10:47:09 
10:47:09 blocked link because:
10:47:09 isGuiScreen
10:47:09 
10:47:09 
10:47:09 blocked link because:
10:47:09 isGuiScreen
10:47:09 
10:47:09 
10:47:09 blocked link because:
10:47:09 isGuiScreen
10:47:09 
10:47:09 
10:47:09 blocked link because:
10:47:09 isGuiScreen
10:47:09 
10:47:10 
10:47:10 blocked link because:
10:47:10 isGuiScreen
10:47:10 
10:47:10 
10:47:10 blocked link because:
10:47:10 isGuiScreen
10:47:10 
10:47:10 
10:47:10 blocked link because:
10:47:10 isGuiScreen
10:47:10 
10:47:10 
10:47:10 blocked link because:
10:47:10 isGuiScreen
10:47:10 
10:47:10 
10:47:10 blocked link because:
10:47:10 isGuiScreen
10:47:10 
10:47:10 
10:47:10 blocked link because:
10:47:10 isGuiScreen
10:47:10 
10:47:10 
10:47:10 blocked link because:
10:47:10 isGuiScreen
10:47:10 
10:47:10 
10:47:10 blocked link because:
10:47:10 isGuiScreen
10:47:10 
10:47:10 
10:47:10 blocked link because:
10:47:10 isGuiScreen
10:47:10 
10:47:10 
10:47:10 blocked link because:
10:47:10 isGuiScreen
10:47:10 
10:47:11 
10:47:11 blocked link because:
10:47:11 isGuiScreen
10:47:11 
10:47:11 
10:47:11 blocked link because:
10:47:11 isGuiScreen
10:47:11 
10:47:11 
10:47:11 blocked link because:
10:47:11 isGuiScreen
10:47:11 
10:47:14 
10:47:14 blocked link because:
10:47:14 isGuiScreen
10:47:14 
10:47:14 
10:47:14 blocked link because:
10:47:14 isGuiScreen
10:47:14 
10:47:14 
10:47:14 blocked link because:
10:47:14 isGuiScreen
10:47:14 
10:47:14 
10:47:14 blocked link because:
10:47:14 isGuiScreen
10:47:14 
10:47:14 
10:47:14 blocked link because:
10:47:14 isGuiScreen
10:47:14 
10:47:14 
10:47:14 blocked link because:
10:47:14 isGuiScreen
10:47:14 
10:47:14 
10:47:14 blocked link because:
10:47:14 isGuiScreen
10:47:14 
10:47:14 
10:47:14 blocked link because:
10:47:14 isGuiScreen
10:47:14 
10:47:14 
10:47:14 blocked link because:
10:47:14 isGuiScreen
10:47:14 
10:47:14 
10:47:14 blocked link because:
10:47:14 isGuiScreen
10:47:14 
10:47:14 
10:47:14 blocked link because:
10:47:14 isGuiScreen
10:47:14 
10:47:14 
10:47:14 blocked link because:
10:47:14 isGuiScreen
10:47:14 
10:47:14 
10:47:14 blocked link because:
10:47:14 isGuiScreen
10:47:14 
10:47:14 
10:47:14 blocked link because:
10:47:14 isGuiScreen
10:47:14 
10:47:14 
10:47:14 blocked link because:
10:47:14 isGuiScreen
10:47:14 
10:47:14 
10:47:14 blocked link because:
10:47:14 isGuiScreen
10:47:14 
10:47:14 
10:47:14 blocked link because:
10:47:14 isGuiScreen
10:47:14 
10:47:14 
10:47:14 blocked link because:
10:47:14 isGuiScreen
10:47:14 
10:47:14 
10:47:14 blocked link because:
10:47:14 isGuiScreen
10:47:14 
10:47:14 
10:47:14 blocked link because:
10:47:14 isGuiScreen
10:47:14 
10:47:14 
10:47:14 blocked link because:
10:47:14 isGuiScreen
10:47:14 
10:47:14 
10:47:14 blocked link because:
10:47:14 isGuiScreen
10:47:14 
10:47:14 
10:47:14 blocked link because:
10:47:14 isGuiScreen
10:47:14 
10:47:14 
10:47:14 blocked link because:
10:47:14 isGuiScreen
10:47:14 
10:47:14 
10:47:14 blocked link because:
10:47:14 isGuiScreen
10:47:14 
10:47:14 
10:47:14 blocked link because:
10:47:14 isGuiScreen
10:47:14 
10:47:14 
10:47:14 blocked link because:
10:47:14 isGuiScreen
10:47:14 
10:47:15 
10:47:15 blocked link because:
10:47:15 isGuiScreen
10:47:15 
10:47:15 
10:47:15 blocked link because:
10:47:15 isGuiScreen
10:47:15 
10:47:15 
10:47:15 blocked link because:
10:47:15 isGuiScreen
10:47:15 
10:47:15 
10:47:15 blocked link because:
10:47:15 isGuiScreen
10:47:15 
10:47:15 
10:47:15 blocked link because:
10:47:15 isGuiScreen
10:47:15 
10:47:16 
10:47:16 blocked link because:
10:47:16 isGuiScreen
10:47:16 
10:47:16 
10:47:16 blocked link because:
10:47:16 isGuiScreen
10:47:16 
10:47:16 
10:47:16 blocked link because:
10:47:16 isGuiScreen
10:47:16 
10:47:16 
10:47:16 blocked link because:
10:47:16 isGuiScreen
10:47:16 
10:47:16 
10:47:16 blocked link because:
10:47:16 isGuiScreen
10:47:16 
10:47:16 
10:47:16 blocked link because:
10:47:16 isGuiScreen
10:47:16 
10:47:16 
10:47:16 blocked link because:
10:47:16 isGuiScreen
10:47:16 
10:47:16 
10:47:16 blocked link because:
10:47:16 isGuiScreen
10:47:16 
10:47:16 
10:47:16 blocked link because:
10:47:16 isGuiScreen
10:47:16 
10:47:16 
10:47:16 blocked link because:
10:47:16 isGuiScreen
10:47:16 
10:47:16 
10:47:16 blocked link because:
10:47:16 isGuiScreen
10:47:16 
10:47:16 
10:47:16 blocked link because:
10:47:16 isGuiScreen
10:47:16 
10:47:16 
10:47:16 blocked link because:
10:47:16 isGuiScreen
10:47:16 
10:47:16 
10:47:16 blocked link because:
10:47:16 isGuiScreen
10:47:16 
10:47:16 
10:47:16 blocked link because:
10:47:16 isGuiScreen
10:47:16 
10:47:16 
10:47:16 blocked link because:
10:47:16 isGuiScreen
10:47:16 
10:47:16 
10:47:16 blocked link because:
10:47:16 isGuiScreen
10:47:16 
10:47:16 
10:47:16 blocked link because:
10:47:16 isGuiScreen
10:47:16 
10:47:37 
10:47:37 blocked link because:
10:47:37 isGuiScreen
10:47:37 
10:47:37 
10:47:37 blocked link because:
10:47:37 isGuiScreen
10:47:37 
10:47:37 
10:47:37 blocked link because:
10:47:37 isGuiScreen
10:47:37 
10:47:37 
10:47:37 blocked link because:
10:47:37 isGuiScreen
10:47:37 
10:47:37 
10:47:37 blocked link because:
10:47:37 isGuiScreen
10:47:37 
10:47:37 
10:47:37 blocked link because:
10:47:37 isGuiScreen
10:47:37 
10:47:37 
10:47:37 blocked link because:
10:47:37 isGuiScreen
10:47:37 
10:47:37 
10:47:37 blocked link because:
10:47:37 isGuiScreen
10:47:37 
10:47:37 
10:47:37 blocked link because:
10:47:37 isGuiScreen
10:47:37 
10:47:37 
10:47:37 blocked link because:
10:47:37 isGuiScreen
10:47:37 
10:47:37 
10:47:37 blocked link because:
10:47:37 isGuiScreen
10:47:37 
10:47:37 
10:47:37 blocked link because:
10:47:37 isGuiScreen
10:47:37 
10:47:37 
10:47:37 blocked link because:
10:47:37 isGuiScreen
10:47:37 
10:47:37 
10:47:37 blocked link because:
10:47:37 isGuiScreen
10:47:37 
10:47:37 
10:47:37 blocked link because:
10:47:37 isGuiScreen
10:47:37 
10:47:37 
10:47:37 blocked link because:
10:47:37 isGuiScreen
10:47:37 
10:47:37 
10:47:37 blocked link because:
10:47:37 isGuiScreen
10:47:37 
10:47:37 
10:47:37 blocked link because:
10:47:37 isGuiScreen
10:47:37 
10:47:37 
10:47:37 blocked link because:
10:47:37 isGuiScreen
10:47:37 
10:47:37 
10:47:37 blocked link because:
10:47:37 isGuiScreen
10:47:37 
10:47:37 
10:47:37 blocked link because:
10:47:37 isGuiScreen
10:47:37 
10:47:37 
10:47:37 blocked link because:
10:47:37 isGuiScreen
10:47:37 
10:47:37 
10:47:37 blocked link because:
10:47:37 isGuiScreen
10:47:37 
10:47:37 
10:47:37 blocked link because:
10:47:37 isGuiScreen
10:47:37 
10:47:37 
10:47:37 blocked link because:
10:47:37 isGuiScreen
10:47:37 
10:47:37 
10:47:37 blocked link because:
10:47:37 isGuiScreen
10:47:37 
10:47:37 
10:47:37 blocked link because:
10:47:37 isGuiScreen
10:47:37 
10:47:50 
10:47:50 blocked link because:
10:47:50 isNotInSignAndOnSlot
10:47:50 
10:47:50 allowed click
10:47:50 allowed click
10:47:50 allowed click
10:47:50 allowed click
10:47:50 allowed click
10:47:50 allowed click
10:47:50 allowed click
10:47:50 allowed click
10:47:50 allowed click
10:47:50 allowed click
10:47:50 allowed click
10:47:50 allowed click
10:47:50 allowed click
10:47:50 allowed click
10:47:50 allowed click
10:47:50 allowed click
10:47:50 allowed click
10:47:50 allowed click
10:47:50 allowed click
10:47:50 allowed click
10:47:50 allowed click
10:47:50 allowed click
10:47:50 allowed click
10:47:50 allowed click
10:47:50 allowed click
10:47:50 allowed click
10:47:50 allowed click
10:47:50 allowed click
10:47:50 allowed click
10:47:50 allowed click
10:47:50 allowed click
10:47:50 allowed click
10:47:50 allowed click
10:47:50 allowed click
10:47:50 allowed click
10:47:50 allowed click
10:47:50 allowed click
10:47:50 allowed click
10:47:50 allowed click
10:47:50 allowed click
10:47:50 allowed click
10:47:50 allowed click
10:47:50 allowed click
10:47:50 allowed click
10:47:50 allowed click
10:47:50 allowed click
10:47:50 allowed click
10:47:50 allowed click
10:47:50 allowed click
10:47:50 allowed click
10:47:50 allowed click
10:47:50 allowed click
10:47:50 allowed click
10:47:50 allowed click
10:47:50 allowed click
10:47:50 allowed click
10:47:50 allowed click
10:47:50 allowed click
10:47:50 allowed click
10:47:50 allowed click
10:47:50 allowed click
10:47:50 allowed click
10:47:50 allowed click
10:47:50 allowed click
10:47:50 allowed click
10:47:50 allowed click
10:47:50 allowed click
10:47:50 allowed click
10:47:50 allowed click
10:47:50 allowed click
10:47:50 allowed click
10:47:50 allowed click
10:47:50 allowed click
10:47:50 allowed click
10:47:50 allowed click
10:47:50 allowed click
10:47:50 allowed click
10:47:50 allowed click
10:47:50 allowed click
10:47:50 allowed click
10:47:50 allowed click
10:47:50 allowed click
10:47:50 allowed click
10:47:50 allowed click
10:47:51 allowed click
10:47:51 allowed click
10:47:51 allowed click
10:47:51 allowed click
10:47:51 allowed click
10:47:51 allowed click
10:47:51 allowed click
10:47:51 allowed click
10:47:51 allowed click
10:47:51 allowed click
10:47:51 allowed click
10:47:51 allowed click
10:47:51 allowed click
10:47:51 allowed click
10:47:51 allowed click
10:47:51 allowed click
10:47:51 allowed click
10:47:51 allowed click
10:47:51 allowed click
10:47:51 allowed click
10:47:51 allowed click
10:47:51 allowed click
10:47:51 allowed click
10:47:51 allowed click
10:47:51 allowed click
10:47:51 allowed click
10:47:51 allowed click
10:47:51 allowed click
10:47:51 allowed click
10:47:51 allowed click
10:47:51 allowed click
10:47:51 allowed click
10:47:51 allowed click
10:47:51 allowed click
10:47:51 allowed click
10:47:51 allowed click
10:47:51 allowed click
10:47:51 allowed click
10:47:51 allowed click
10:47:51 allowed click
10:47:51 allowed click
10:47:51 allowed click
10:47:51 allowed click
10:47:51 allowed click
10:47:51 allowed click
10:47:51 allowed click
10:47:51 allowed click
10:47:51 allowed click
10:47:51 allowed click
10:47:51 allowed click
10:47:51 allowed click
10:47:51 allowed click
10:47:51 allowed click
10:47:51 allowed click
10:47:51 allowed click
10:47:51 allowed click
10:47:51 allowed click
10:47:51 allowed click
10:47:51 allowed click
10:47:51 allowed click
10:47:51 allowed click
10:47:51 allowed click
10:47:51 allowed click
10:47:51 allowed click
10:47:51 allowed click
10:47:51 allowed click
10:47:51 allowed click
10:47:51 allowed click
10:47:51 allowed click
10:47:51 allowed click
10:47:51 allowed click
10:47:51 allowed click
10:47:51 allowed click
10:47:51 allowed click
10:47:51 allowed click
10:47:51 allowed click
10:47:51 allowed click
10:47:51 allowed click
10:47:51 allowed click
10:47:51 allowed click
10:47:51 allowed click
10:47:51 allowed click
10:47:51 allowed click
10:47:51 allowed click
10:47:51 allowed click
10:47:51 allowed click
10:47:51 allowed click
10:47:51 allowed click
10:47:51 allowed click
10:47:51 allowed click
10:47:51 allowed click
10:47:51 allowed click
10:47:51 allowed click
10:47:51 allowed click
10:47:51 allowed click
10:47:51 allowed click
10:47:51 allowed click
10:47:51 allowed click
10:47:51 allowed click
10:47:51 allowed click
10:47:51 allowed click
10:47:51 allowed click
10:47:51 allowed click
10:47:51 allowed click
10:47:51 allowed click
10:47:51 allowed click
10:47:51 allowed click
10:47:51 allowed click
10:47:51 allowed click
10:47:51 allowed click
10:47:51 allowed click
10:47:51 allowed click
10:47:51 allowed click
10:47:51 allowed click
10:47:51 allowed click
10:47:51 allowed click
10:47:51 allowed click
10:47:51 allowed click
10:47:51 allowed click
10:47:51 allowed click
10:47:51 allowed click
10:47:51 allowed click
10:47:51 allowed click
10:47:51 allowed click
10:47:51 allowed click
10:47:51 allowed click
10:47:51 allowed click
10:47:51 allowed click
10:47:51 allowed click
10:47:51 allowed click
10:47:51 allowed click
10:47:51 allowed click
10:47:51 allowed click
10:47:51 allowed click
10:47:51 allowed click
10:47:51 allowed click
10:47:51 allowed click
10:47:51 allowed click
10:47:51 allowed click
10:47:51 allowed click
10:47:51 allowed click
10:47:51 allowed click
10:47:51 allowed click
10:47:51 allowed click
10:47:51 allowed click
10:47:51 allowed click
10:47:51 allowed click
10:47:51 allowed click
10:47:51 allowed click
10:47:51 allowed click
10:47:51 allowed click
10:47:51 allowed click
10:47:51 allowed click
10:47:51 allowed click
10:47:51 allowed click
10:47:51 allowed click
10:47:51 allowed click
10:47:51 allowed click
10:47:51 allowed click
11:49:09 
11:49:09 blocked link because:
11:49:09 isNotInSignAndOnSlot
11:49:09 
11:49:09 
11:49:09 blocked link because:
11:49:09 isNotInSignAndOnSlot
11:49:09 
11:49:09 allowed click
11:49:09 allowed click
11:49:09 allowed click
11:49:09 allowed click
11:49:09 allowed click
11:49:09 allowed click
11:49:09 allowed click
11:49:09 allowed click
11:49:09 allowed click
11:49:09 allowed click
11:49:09 allowed click
11:49:09 allowed click
11:49:09 allowed click
11:49:09 allowed click
11:49:09 allowed click
11:49:09 allowed click
11:49:09 allowed click
11:49:09 allowed click
11:49:09 allowed click
11:49:09 allowed click
11:49:09 allowed click
11:49:09 allowed click
11:49:09 allowed click
11:49:09 allowed click
11:49:09 allowed click
11:49:09 allowed click
11:49:09 allowed click
11:49:09 allowed click
11:49:09 allowed click
11:49:09 allowed click
11:49:09 allowed click
11:49:09 allowed click
11:49:09 allowed click
11:49:09 allowed click
11:49:09 allowed click
11:49:09 allowed click
11:49:09 allowed click
11:49:09 allowed click
11:49:09 allowed click
11:49:09 allowed click
11:49:09 allowed click
11:49:09 allowed click
11:49:09 allowed click
11:49:09 allowed click
11:49:09 allowed click
11:49:09 allowed click
11:49:09 allowed click
11:49:09 allowed click
11:49:09 allowed click
11:49:09 allowed click
11:49:09 allowed click
11:49:09 allowed click
11:49:09 allowed click
11:49:09 allowed click
11:49:09 allowed click
11:49:09 allowed click
11:49:09 allowed click
11:49:09 allowed click
11:49:09 allowed click
11:49:09 allowed click
11:49:09 allowed click
11:49:09 allowed click
11:49:09 allowed click
11:49:09 allowed click
11:49:09 allowed click
11:49:09 allowed click
11:49:09 allowed click
11:49:09 allowed click
11:49:09 allowed click
11:49:09 allowed click
11:49:09 allowed click
11:49:09 allowed click
11:49:09 allowed click
11:49:09 allowed click
11:49:09 allowed click
11:49:09 allowed click
11:49:09 allowed click
11:49:09 allowed click
11:49:09 allowed click
11:49:09 allowed click
11:49:09 allowed click
11:49:09 allowed click
11:49:09 allowed click
11:49:09 allowed click
11:49:09 allowed click
11:49:09 allowed click
11:49:09 allowed click
11:49:09 allowed click
11:49:09 allowed click
11:49:09 allowed click
11:49:09 allowed click
11:49:09 allowed click
11:49:09 allowed click
11:49:09 allowed click
11:49:09 allowed click
11:49:09 allowed click
11:49:09 allowed click
11:49:09 allowed click
11:49:09 allowed click
11:49:09 allowed click
11:49:09 allowed click
11:49:09 allowed click
11:49:09 allowed click
11:49:09 allowed click
11:49:09 allowed click
11:49:09 allowed click
11:49:09 allowed click
11:49:09 allowed click
11:49:09 allowed click
11:49:09 allowed click
11:49:09 allowed click
11:49:09 allowed click
11:49:09 allowed click
11:49:09 allowed click
11:49:09 allowed click
11:49:09 allowed click
11:49:09 allowed click
11:49:10 allowed click
11:49:10 allowed click
11:49:10 allowed click
11:49:10 allowed click
11:49:10 allowed click
11:49:10 allowed click
11:49:10 allowed click
11:49:10 allowed click
11:49:10 allowed click
11:49:10 allowed click
11:49:10 allowed click
11:49:10 allowed click
11:49:10 allowed click
11:49:10 allowed click
11:49:10 allowed click
11:49:10 allowed click
11:49:10 allowed click
11:49:10 allowed click
11:49:10 allowed click
11:49:10 allowed click
11:49:10 allowed click
11:49:10 allowed click
11:49:10 allowed click
11:49:10 allowed click
11:49:10 allowed click
11:49:10 allowed click
11:49:10 allowed click
11:49:10 allowed click
11:49:10 allowed click
11:49:10 allowed click
11:49:10 allowed click
11:49:10 allowed click
11:49:10 allowed click
11:49:10 allowed click
11:49:10 allowed click
11:49:10 allowed click
11:49:10 allowed click
11:49:10 allowed click
11:49:10 allowed click
11:49:10 allowed click
11:49:10 allowed click
11:49:10 allowed click
11:49:10 allowed click
11:49:10 allowed click
11:49:10 allowed click
11:49:10 allowed click
11:49:10 allowed click
11:49:10 allowed click
11:49:10 allowed click
11:49:10 allowed click
11:49:10 allowed click
11:49:10 allowed click
11:49:10 allowed click
11:49:10 allowed click
11:49:10 allowed click
11:49:10 allowed click
11:49:10 allowed click
11:49:10 allowed click
11:49:10 allowed click
11:49:10 allowed click
11:49:10 allowed click
11:49:10 allowed click
11:49:10 allowed click
11:49:10 allowed click
11:49:10 allowed click
11:49:10 allowed click
11:49:10 allowed click
11:49:10 allowed click
11:49:10 allowed click
11:49:10 allowed click
11:49:10 allowed click
11:49:10 allowed click
11:49:10 allowed click
11:49:10 allowed click
11:49:10 allowed click
11:49:10 allowed click
11:49:10 allowed click
11:49:10 allowed click
11:49:10 allowed click
11:49:10 allowed click
11:49:10 allowed click
11:49:10 allowed click
11:49:10 allowed click
11:49:10 allowed click
11:49:10 allowed click
11:49:10 allowed click
11:49:10 allowed click
11:49:10 allowed click
11:49:10 allowed click
11:49:10 allowed click
11:49:10 allowed click
11:49:10 allowed click
11:49:10 allowed click
11:49:10 allowed click
11:49:10 allowed click
11:49:10 allowed click
11:49:10 allowed click
11:49:10 allowed click
11:49:10 allowed click
11:49:10 allowed click
11:49:10 allowed click
11:49:10 allowed click
11:49:10 allowed click
11:49:10 allowed click
11:49:10 allowed click
11:49:10 allowed click
11:49:10 allowed click
11:49:10 allowed click
11:49:10 allowed click
11:49:10 allowed click
11:49:10 allowed click
11:49:10 allowed click
11:49:10 allowed click
11:49:10 allowed click
11:49:10 allowed click
11:49:10 allowed click
11:49:10 allowed click
11:49:10 allowed click
11:49:10 allowed click
11:49:10 allowed click
11:49:10 allowed click
11:49:10 allowed click
11:49:10 allowed click
11:49:10 allowed click
11:49:10 allowed click
11:49:10 allowed click
11:49:10 allowed click
11:49:10 allowed click
11:49:10 allowed click
11:49:10 allowed click
11:49:10 allowed click
11:49:10 allowed click
11:49:10 allowed click
11:49:10 allowed click
11:49:10 allowed click
11:49:10 allowed click
11:49:10 allowed click
11:49:10 allowed click
11:49:10 allowed click
11:49:10 allowed click
11:49:10 allowed click
11:49:10 allowed click
11:49:10 allowed click
11:49:10 allowed click
11:49:10 allowed click
11:49:10 allowed click
11:49:10 allowed click
11:49:10 allowed click
11:49:10 allowed click
11:49:10 allowed click
11:49:10 allowed click
11:49:10 allowed click
11:49:10 allowed click
11:49:10 allowed click
11:49:10 allowed click
11:49:10 allowed click
11:49:10 allowed click
11:49:10 allowed click
11:49:10 allowed click
11:49:10 allowed click
11:49:10 allowed click
11:49:10 allowed click
11:49:10 allowed click
11:49:10 allowed click
11:49:10 allowed click
11:49:10 allowed click
11:49:10 allowed click
11:49:10 allowed click
11:49:10 allowed click
11:49:10 allowed click
11:49:10 allowed click
11:49:10 allowed click
11:49:10 allowed click
11:49:10 allowed click
11:49:10 allowed click
11:49:10 allowed click
11:49:10 allowed click
11:49:10 allowed click
11:49:10 allowed click
11:49:10 allowed click
11:49:10 allowed click
11:49:10 allowed click
11:49:10 allowed click
11:49:10 allowed click
11:49:10 allowed click
11:49:10 allowed click
11:49:10 allowed click
11:49:10 allowed click
11:49:10 allowed click
11:49:10 allowed click
11:49:10 allowed click
11:49:10 allowed click
11:49:10 allowed click
11:49:10 allowed click
11:49:10 allowed click
11:49:10 allowed click
11:49:10 allowed click
11:49:10 allowed click
11:49:10 allowed click
11:49:10 allowed click
11:49:10 allowed click
11:49:10 allowed click
11:49:10 allowed click
11:49:10 allowed click
11:49:10 allowed click
11:49:10 allowed click
11:49:10 allowed click
11:49:10 allowed click
11:49:10 allowed click
11:49:10 allowed click
11:49:10 allowed click
11:49:10 allowed click
11:49:10 allowed click
11:49:10 allowed click
11:49:10 allowed click
11:49:10 allowed click
11:49:10 allowed click
11:49:10 allowed click
11:49:10 allowed click
11:49:10 allowed click
11:49:10 allowed click
11:49:10 allowed click
11:49:10 allowed click
11:49:10 allowed click
11:49:10 allowed click
11:49:10 allowed click
11:49:10 allowed click
11:49:10 allowed click
11:49:10 allowed click
11:49:10 allowed click
11:49:10 allowed click
11:49:10 allowed click
11:49:10 allowed click
11:49:10 allowed click
11:49:10 allowed click
11:49:10 allowed click
11:49:10 allowed click
11:49:10 allowed click
11:49:10 allowed click
11:49:10 allowed click
11:49:10 allowed click
11:49:10 allowed click
11:49:10 allowed click
11:49:10 allowed click
11:49:10 allowed click
11:49:10 allowed click
11:49:10 allowed click
11:49:10 allowed click
11:49:10 allowed click
11:49:10 allowed click
11:49:10 allowed click
11:49:10 allowed click
11:49:10 allowed click
11:49:10 allowed click
11:49:10 allowed click
11:49:10 allowed click
11:49:10 allowed click
11:49:10 allowed click
11:49:10 allowed click
11:49:10 allowed click
11:49:10 allowed click
11:49:10 allowed click
11:49:10 allowed click
11:49:10 allowed click
11:49:10 allowed click
11:49:10 allowed click
11:49:10 allowed click
11:49:10 allowed click
11:49:10 allowed click
11:49:10 allowed click
11:49:10 allowed click
11:49:10 allowed click
11:49:10 allowed click
11:49:10 allowed click
11:49:10 allowed click
11:49:10 allowed click
11:49:10 allowed click
11:49:10 allowed click
11:49:10 allowed click
11:49:10 allowed click
11:49:10 allowed click
11:49:10 allowed click
11:49:10 allowed click
11:49:10 allowed click
11:49:10 allowed click
11:49:10 allowed click
11:49:10 allowed click
11:49:10 allowed click
11:49:10 allowed click
11:49:10 allowed click
11:49:10 allowed click
11:49:11 allowed click
11:49:11 allowed click
11:49:11 allowed click
11:49:11 allowed click
11:49:11 allowed click
11:49:11 allowed click
11:49:11 allowed click
11:49:11 allowed click
11:49:11 allowed click
11:49:11 allowed click
11:49:11 allowed click
11:49:11 allowed click
11:49:11 allowed click
11:49:11 allowed click
11:49:11 allowed click
11:49:11 allowed click
11:49:11 allowed click
11:49:11 allowed click
11:49:11 allowed click
11:49:11 allowed click
11:49:11 allowed click
11:57:30 
11:57:30 blocked link because:
11:57:30 isNotInSignAndOnSlot
11:57:30 
11:57:30 allowed click
11:57:30 allowed click
11:57:30 allowed click
11:57:30 allowed click
11:57:30 allowed click
11:57:30 allowed click
11:57:30 allowed click
11:57:30 allowed click
11:57:30 allowed click
11:57:30 allowed click
11:57:30 allowed click
11:57:30 allowed click
11:57:30 allowed click
11:57:30 allowed click
11:57:30 allowed click
11:57:30 allowed click
11:57:30 allowed click
11:57:30 allowed click
11:57:30 allowed click
11:57:30 allowed click
11:57:30 allowed click
11:57:30 allowed click
11:57:30 allowed click
11:57:30 allowed click
11:57:30 allowed click
11:57:30 allowed click
11:57:30 allowed click
11:57:30 allowed click
11:57:30 allowed click
11:57:30 allowed click
11:57:30 allowed click
11:57:30 allowed click
11:57:30 allowed click
11:57:30 allowed click
11:57:30 allowed click
11:57:30 allowed click
11:57:30 allowed click
11:57:30 allowed click
11:57:30 allowed click
11:57:30 allowed click
11:57:30 allowed click
11:57:30 allowed click
11:57:30 allowed click
11:57:30 allowed click
11:57:30 allowed click
11:57:30 allowed click
11:57:30 allowed click
11:57:30 allowed click
11:57:30 allowed click
11:57:30 allowed click
11:57:30 allowed click
11:57:30 allowed click
11:57:30 allowed click
11:57:30 allowed click
11:57:30 allowed click
11:57:30 allowed click
11:57:30 allowed click
11:57:30 allowed click
11:57:30 allowed click
11:57:30 allowed click
11:57:30 allowed click
11:57:30 allowed click
11:57:30 allowed click
11:57:30 allowed click
11:57:30 allowed click
11:57:30 allowed click
11:57:30 allowed click
11:57:30 allowed click
11:57:30 allowed click
11:57:30 allowed click
11:57:30 allowed click
11:57:30 allowed click
11:57:30 allowed click
11:57:30 allowed click
11:57:30 allowed click
11:57:30 allowed click
11:57:30 allowed click
11:57:30 allowed click
11:57:30 allowed click
11:57:30 allowed click
11:57:30 allowed click
11:57:30 allowed click
11:57:30 allowed click
11:57:30 allowed click
11:57:30 allowed click
11:57:30 allowed click
11:57:30 allowed click
11:57:30 allowed click
11:57:30 allowed click
11:57:30 allowed click
11:57:31 allowed click
11:57:31 allowed click
11:57:31 allowed click
11:57:31 allowed click
11:57:31 allowed click
11:57:31 allowed click
11:57:31 allowed click
11:57:31 allowed click
11:57:31 allowed click
11:57:31 allowed click
11:57:31 allowed click
11:57:31 allowed click
11:57:31 allowed click
11:57:31 allowed click
11:57:31 allowed click
11:57:31 allowed click
11:57:31 allowed click
11:57:31 allowed click
11:57:31 allowed click
11:57:31 allowed click
11:57:31 allowed click
11:57:31 allowed click
11:57:31 allowed click
11:57:31 allowed click
11:57:31 allowed click
11:57:31 allowed click
11:57:31 allowed click
11:57:31 allowed click
11:57:31 allowed click
11:57:31 allowed click
11:57:31 allowed click
11:57:31 allowed click
11:57:31 allowed click
11:57:31 allowed click
11:57:31 allowed click
11:57:31 allowed click
11:57:31 allowed click
11:57:31 allowed click
11:57:31 allowed click
11:57:31 allowed click
11:57:31 allowed click
11:57:31 allowed click
11:57:31 allowed click
11:57:31 allowed click
11:57:31 allowed click
11:57:31 allowed click
11:57:31 allowed click
11:57:31 allowed click
11:57:31 allowed click
11:57:31 allowed click
11:57:31 allowed click
11:57:31 allowed click
11:57:31 allowed click
11:57:31 allowed click
11:57:31 allowed click
11:57:31 allowed click
11:57:31 allowed click
11:57:31 allowed click
11:57:31 allowed click
11:57:31 allowed click
11:57:31 allowed click
11:57:31 allowed click
11:57:31 allowed click
11:57:31 allowed click
11:57:31 allowed click
11:57:31 allowed click
11:57:31 allowed click
11:57:31 allowed click
11:57:31 allowed click
11:57:31 allowed click
11:57:31 allowed click
11:57:31 allowed click
11:57:31 allowed click
11:57:31 allowed click
11:57:31 allowed click
11:57:31 allowed click
11:57:31 allowed click
11:57:31 allowed click
11:57:31 allowed click
11:57:31 allowed click
11:57:31 allowed click
11:57:31 allowed click
11:57:31 allowed click
11:57:31 allowed click
11:57:31 allowed click
11:57:31 allowed click
11:57:31 allowed click
11:57:31 allowed click
11:57:31 allowed click
11:57:31 allowed click
11:57:31 allowed click
11:57:31 allowed click
11:57:31 allowed click
11:57:31 allowed click
11:57:31 allowed click
11:57:31 allowed click
11:57:31 allowed click
11:57:31 allowed click
11:57:31 allowed click
11:57:31 allowed click
11:57:31 allowed click
11:57:31 allowed click
11:57:31 allowed click
11:57:31 allowed click
11:57:31 allowed click
11:57:31 allowed click
11:57:31 allowed click
11:57:31 allowed click
11:57:31 allowed click
11:57:31 allowed click
11:57:31 allowed click
11:57:31 allowed click
11:57:31 allowed click
11:57:31 allowed click
11:57:31 allowed click
11:57:31 allowed click
11:57:31 allowed click
11:57:31 allowed click
11:57:31 allowed click
11:57:31 allowed click
11:57:31 allowed click
11:57:31 allowed click
11:57:31 allowed click
11:57:31 allowed click
11:57:31 allowed click
11:57:31 allowed click
11:57:31 allowed click
11:57:31 allowed click
11:57:31 allowed click
11:57:31 allowed click
11:57:31 allowed click
11:57:31 allowed click
11:57:31 allowed click
11:57:31 allowed click
11:57:31 allowed click
11:57:31 allowed click
11:57:31 allowed click
11:57:31 allowed click
