21:47:35 Trying to load config from config\skyhanni\config.json
21:47:35 load-config-now
21:47:35 Loaded config from file
21:47:35 Trying to load sacks from config\skyhanni\sacks.json
21:47:35 load-sacks-now
21:47:35 Loaded sacks from file
21:47:35 Trying to load friends from config\skyhanni\friends.json
21:47:35 load-friends-now
21:47:35 Loaded friends from file
21:47:35 Trying to load known_features from config\skyhanni\known_features.json
21:47:35 load-known_features-now
21:47:35 Loaded known_features from file
21:47:35 Trying to load jacob_contests from config\skyhanni\jacob_contests.json
21:47:35 load-jacob_contests-now
21:47:35 Loaded jacob_contests from file
21:47:35 Trying to load visual_words from config\skyhanni\visual_words.json
21:47:35 Setting visual_words to be blank as it did not exist. It will be saved once something is written to it
21:47:53 saveConfig: Updated known feature flags
21:47:53 Saving known_features file
21:47:59 saveConfig: Save file
21:47:59 Saving friends file
21:48:35 saveConfig: auto-save-60s
21:48:35 Saving config file
21:49:35 saveConfig: auto-save-60s
21:49:35 Saving config file
21:50:28 saveConfig: saving-data
21:50:28 Saving sacks file
21:50:35 saveConfig: auto-save-60s
21:50:35 Saving config file
21:51:35 saveConfig: auto-save-60s
21:51:35 Saving config file
21:52:35 saveConfig: auto-save-60s
21:52:35 Saving config file
21:53:35 saveConfig: auto-save-60s
21:53:35 Saving config file
21:54:35 saveConfig: auto-save-60s
21:54:35 Saving config file
21:55:35 saveConfig: auto-save-60s
21:55:35 Saving config file
21:56:35 saveConfig: auto-save-60s
21:56:35 Saving config file
21:57:35 saveConfig: auto-save-60s
21:57:35 Saving config file
21:58:35 saveConfig: auto-save-60s
21:58:35 Saving config file
21:59:35 saveConfig: auto-save-60s
21:59:35 Saving config file
22:00:35 saveConfig: auto-save-60s
22:00:35 Saving config file
22:01:35 saveConfig: auto-save-60s
22:01:35 Saving config file
22:02:35 saveConfig: auto-save-60s
22:02:35 Saving config file
22:03:35 saveConfig: auto-save-60s
22:03:35 Saving config file
22:04:35 saveConfig: auto-save-60s
22:04:35 Saving config file
22:05:35 saveConfig: auto-save-60s
22:05:35 Saving config file
22:06:35 saveConfig: auto-save-60s
22:06:35 Saving config file
22:07:35 saveConfig: auto-save-60s
22:07:35 Saving config file
22:08:35 saveConfig: auto-save-60s
22:08:35 Saving config file
22:09:35 saveConfig: auto-save-60s
22:09:35 Saving config file
22:10:35 saveConfig: auto-save-60s
22:10:35 Saving config file
22:11:35 saveConfig: auto-save-60s
22:11:35 Saving config file
22:12:35 saveConfig: auto-save-60s
22:12:35 Saving config file
22:13:35 saveConfig: auto-save-60s
22:13:35 Saving config file
22:14:35 saveConfig: auto-save-60s
22:14:35 Saving config file
22:15:35 saveConfig: auto-save-60s
22:15:35 Saving config file
22:16:35 saveConfig: auto-save-60s
22:16:35 Saving config file
22:17:35 saveConfig: auto-save-60s
22:17:35 Saving config file
22:18:35 saveConfig: auto-save-60s
22:18:35 Saving config file
22:19:35 saveConfig: auto-save-60s
22:19:35 Saving config file
22:20:35 saveConfig: auto-save-60s
22:20:35 Saving config file
22:21:35 saveConfig: auto-save-60s
22:21:35 Saving config file
22:22:35 saveConfig: auto-save-60s
22:22:35 Saving config file
22:23:35 saveConfig: auto-save-60s
22:23:35 Saving config file
22:24:35 saveConfig: auto-save-60s
22:24:35 Saving config file
