10:44:02 OptiFine ConnectedTextures
10:44:02 OptiFine ConnectedTextures
10:44:02 OptiFine ConnectedTextures
10:44:02 OptiFine ConnectedTextures
10:44:02 OptiFine ConnectedTextures
10:44:02 OptiFine ConnectedTextures
10:44:02 OptiFine ConnectedTextures
10:44:02 OptiFine ConnectedTextures
10:44:02 OptiFine ConnectedTextures
10:44:02 OptiFine ConnectedTextures
10:44:02 OptiFine ConnectedTextures
10:44:02 OptiFine ConnectedTextures
10:44:02 OptiFine ConnectedTextures
10:44:02 OptiFine ConnectedTextures
10:44:02 OptiFine ConnectedTextures
10:44:02 OptiFine ConnectedTextures
10:44:02 OptiFine ConnectedTextures
10:44:02 OptiFine ConnectedTextures
10:44:02 OptiFine ConnectedTextures
10:44:02 OptiFine ConnectedTextures
10:44:02 OptiFine ConnectedTextures
10:44:02 OptiFine ConnectedTextures
10:44:02 OptiFine ConnectedTextures
10:44:02 OptiFine ConnectedTextures
10:44:02 OptiFine ConnectedTextures
10:44:02 OptiFine ConnectedTextures
10:44:02 OptiFine ConnectedTextures
10:44:02 OptiFine ConnectedTextures
10:44:02 OptiFine ConnectedTextures
10:44:02 OptiFine ConnectedTextures
10:44:02 OptiFine ConnectedTextures
10:44:02 OptiFine ConnectedTextures
10:44:02 OptiFine ConnectedTextures
10:44:02 OptiFine ConnectedTextures
10:44:02 OptiFine ConnectedTextures
10:44:02 OptiFine ConnectedTextures
10:44:02 OptiFine ConnectedTextures
10:44:02 OptiFine ConnectedTextures
10:44:02 OptiFine ConnectedTextures
10:44:02 OptiFine ConnectedTextures
10:44:02 OptiFine ConnectedTextures
10:44:02 OptiFine ConnectedTextures
10:44:02 OptiFine ConnectedTextures
10:44:02 OptiFine ConnectedTextures
10:44:02 OptiFine ConnectedTextures
10:44:02 OptiFine ConnectedTextures
10:44:02 OptiFine ConnectedTextures
10:44:02 OptiFine ConnectedTextures
10:44:02 OptiFine ConnectedTextures
10:44:02 OptiFine ConnectedTextures
10:44:02 OptiFine ConnectedTextures
10:44:02 OptiFine ConnectedTextures
10:44:02 OptiFine ConnectedTextures
10:44:02 OptiFine ConnectedTextures
10:44:02 OptiFine ConnectedTextures
10:44:02 OptiFine ConnectedTextures
10:44:02 OptiFine ConnectedTextures
10:44:02 OptiFine ConnectedTextures
10:44:02 OptiFine ConnectedTextures
10:44:02 OptiFine ConnectedTextures
10:44:02 OptiFine ConnectedTextures
10:44:02 OptiFine ConnectedTextures
10:44:02 OptiFine ConnectedTextures
10:44:02 OptiFine ConnectedTextures
10:44:02 OptiFine ConnectedTextures
10:44:02 OptiFine ConnectedTextures
10:44:02 OptiFine ConnectedTextures
10:44:06 AsmHelper Transforming
10:44:24 AsmHelper Transforming
10:44:24 AsmHelper Applying AsmWriter
10:48:24 Biome ID bounds
11:22:07 Grow BufferBuilder buffer
11:22:07 Grow BufferBuilder buffer
11:22:07 Grow BufferBuilder buffer
11:22:08 Grow BufferBuilder buffer
11:22:08 Grow BufferBuilder buffer
