21:51:02 `t2o8n107dy`562 missed {
 is already Found: false).
 Position: LorenzVec{x=-29.5, y=57.0, z=-90.5}
 DistanceC: 21.759471264305176
Relative Position: LorenzVec{x=-19.08881959606373, y=-13.0, z=-21.759471264305176}
 }
21:51:32 `lq7u8787a0`574 missed {
 is already Found: false).
 Position: LorenzVec{x=114.5, y=73.0, z=175.0}
 DistanceC: 16.658558955267296
Relative Position: LorenzVec{x=16.658558955267296, y=-4.735840672728273, z=2.711130023844902}
 }
21:55:27 `9w1z03oywz`1 missed {
 is already Found: false).
 Position: LorenzVec{x=86.0, y=55.0, z=153.0}
 DistanceC: 4.171075821507458
Relative Position: LorenzVec{x=-4.171075821507458, y=-3.7734327545624, z=-2.4571891634992937}
 }
21:55:27 `n276b33u50`2 missed {
 is already Found: false).
 Position: LorenzVec{x=90.0, y=55.0, z=150.5}
 DistanceC: 4.108619949349389
Relative Position: LorenzVec{x=-0.7960447968031872, y=-1.0788157726744387, z=-4.108619949349389}
 }
21:55:27 `237zdds7q8`3 missed {
 is already Found: false).
 Position: LorenzVec{x=82.0, y=55.0, z=150.5}
 DistanceC: 8.796044796803187
Relative Position: LorenzVec{x=-8.796044796803187, y=-1.0788157726744387, z=-4.108619949349389}
 }
22:03:28 `Villager`5588079 missed {
 is already Found: false).
 Position: LorenzVec{x=8.5, y=130.0, z=39.5}
 DistanceC: 19.083683663979173
Relative Position: LorenzVec{x=-19.083683663979173, y=123.09661142141765, z=-10.405644427068474}
 }
22:03:28 `Slime`5588147 missed {
 is already Found: false).
 Position: LorenzVec{x=12.25, y=139.0, z=48.09375}
 DistanceC: 15.33972748357337
Relative Position: LorenzVec{x=-15.33972748357337, y=132.4392423168205, z=1.9045835715408899}
 }
22:03:29 `Slime`5588273 missed {
 is already Found: false).
 Position: LorenzVec{x=10.625, y=135.0, z=48.375}
 DistanceC: 16.968353775329888
Relative Position: LorenzVec{x=-16.968353775329888, y=129.54471106135318, z=3.9759936393992703}
 }
22:03:29 `Slime`5588276 missed {
 is already Found: false).
 Position: LorenzVec{x=10.3125, y=135.0, z=48.6875}
 DistanceC: 17.280853775329888
Relative Position: LorenzVec{x=-17.280853775329888, y=129.54471106135318, z=4.28849363939927}
 }
22:03:29 `Slime`5588277 missed {
 is already Found: false).
 Position: LorenzVec{x=12.46875, y=135.09375, z=48.375}
 DistanceC: 15.124603775329888
Relative Position: LorenzVec{x=-15.124603775329888, y=129.63846106135318, z=3.9759936393992703}
 }
22:03:29 `Slime`5588471 missed {
 is already Found: false).
 Position: LorenzVec{x=12.4375, y=139.0, z=54.6875}
 DistanceC: 15.157062539248727
Relative Position: LorenzVec{x=-15.157062539248727, y=134.05430447424965, z=10.830480487004543}
 }
22:03:29 `Slime`5588473 missed {
 is already Found: false).
 Position: LorenzVec{x=11.927083333333334, y=139.92708333333334, z=54.6875}
 DistanceC: 15.667479205915393
Relative Position: LorenzVec{x=-15.667479205915393, y=134.981387807583, z=10.830480487004543}
 }
22:03:29 `Slime`5588474 missed {
 is already Found: false).
 Position: LorenzVec{x=11.21875, y=139.875, z=53.4375}
 DistanceC: 16.375812539248727
Relative Position: LorenzVec{x=-16.375812539248727, y=134.92930447424965, z=9.580480487004543}
 }
22:03:29 `§bSam `5588615 missed {
 is already Found: false).
 Position: LorenzVec{x=8.5, y=130.0, z=41.5}
 DistanceC: 19.094562539248727
Relative Position: LorenzVec{x=-19.094562539248727, y=125.05430447424965, z=-2.357019512995457}
 }
22:03:29 `Slime`5588241 missed {
 is already Found: false).
 Position: LorenzVec{x=8.09375, y=139.3125, z=47.604166666666664}
 DistanceC: 19.504438831005245
Relative Position: LorenzVec{x=-19.504438831005245, y=136.29940420783507, z=5.241351696589284}
 }
22:03:29 `Slime`5588238 missed {
 is already Found: false).
 Position: LorenzVec{x=8.09375, y=139.0, z=48.09375}
 DistanceC: 19.539310815627687
Relative Position: LorenzVec{x=-19.539310815627687, y=134.97999998927116, z=7.319357746672338}
 }
22:03:29 `Slime`5588281 missed {
 is already Found: false).
 Position: LorenzVec{x=7.78125, y=139.52083333333334, z=53.78125}
 DistanceC: 19.87139970018559
Relative Position: LorenzVec{x=-19.87139970018559, y=134.57963329416117, z=13.648135865307879}
 }
22:03:29 `Slime`5588239 missed {
 is already Found: false).
 Position: LorenzVec{x=7.78125, y=139.09375, z=47.78125}
 DistanceC: 19.961963266664036
Relative Position: LorenzVec{x=-19.961963266664036, y=130.9607563403535, z=10.424864541912598}
 }
22:03:29 `Slime`5588240 missed {
 is already Found: false).
 Position: LorenzVec{x=7.78125, y=139.0, z=47.78125}
 DistanceC: 20.008313141194574
Relative Position: LorenzVec{x=-20.008313141194574, y=130.01698264870822, z=11.75658186514115}
 }
22:03:29 `Slime`5588486 missed {
 is already Found: false).
 Position: LorenzVec{x=7.40625, y=134.875, z=47.78125}
 DistanceC: 20.383313141194574
Relative Position: LorenzVec{x=-20.383313141194574, y=125.89198264870824, z=11.75658186514115}
 }
22:03:29 `Slime`5588282 missed {
 is already Found: false).
 Position: LorenzVec{x=7.78125, y=139.0, z=53.78125}
 DistanceC: 20.021069404068932
Relative Position: LorenzVec{x=-20.021069404068932, y=129.900642886147, z=18.12309280873062}
 }
22:03:29 `Slime`5588341 missed {
 is already Found: false).
 Position: LorenzVec{x=8.28125, y=130.0, z=48.375}
 DistanceC: 19.521069404068932
Relative Position: LorenzVec{x=-19.521069404068932, y=120.90064288614703, z=12.716842808730618}
 }
22:03:30 `Slime`5588483 missed {
 is already Found: false).
 Position: LorenzVec{x=7.78125, y=135.51041666666666, z=47.78125}
 DistanceC: 20.052853816115885
Relative Position: LorenzVec{x=-20.052853816115885, y=126.53997518572919, z=13.036317549040753}
 }
22:03:30 `Slime`5588339 missed {
 is already Found: false).
 Position: LorenzVec{x=6.625, y=130.0, z=48.6875}
 DistanceC: 21.251105022774126
Relative Position: LorenzVec{x=-21.251105022774126, y=128.99317781072435, z=15.915677835346415}
 }
22:03:37 `Villager`356 missed {
 is already Found: false).
 Position: LorenzVec{x=17.5, y=70.0, z=-99.0}
 DistanceC: 23.765232462762498
Relative Position: LorenzVec{x=23.765232462762498, y=0.0, z=-10.613103814042475}
 }
22:03:37 `j07i3hfijd`409 missed {
 is already Found: false).
 Position: LorenzVec{x=14.0, y=72.0, z=-106.0}
 DistanceC: 20.265232462762498
Relative Position: LorenzVec{x=20.265232462762498, y=2.0, z=-17.613103814042475}
 }
22:03:37 `2r9jd2h9mu`538 missed {
 is already Found: false).
 Position: LorenzVec{x=15.5, y=70.0, z=-71.8125}
 DistanceC: 21.765232462762498
Relative Position: LorenzVec{x=21.765232462762498, y=0.0, z=16.574396185957525}
 }
22:03:37 `qt261181o9`562 missed {
 is already Found: false).
 Position: LorenzVec{x=-29.5, y=57.0, z=-90.5}
 DistanceC: 23.234767537237502
Relative Position: LorenzVec{x=-23.234767537237502, y=-13.0, z=-2.113103814042475}
 }
22:03:46 `Villager`364 missed {
 is already Found: false).
 Position: LorenzVec{x=-36.0, y=68.0, z=-39.0}
 DistanceC: 21.574257774432198
Relative Position: LorenzVec{x=-13.324411766894173, y=-3.0, z=21.574257774432198}
 }
22:04:19 `821hxo3ab4`238 missed {
 is already Found: false).
 Position: LorenzVec{x=-51.0, y=72.0, z=-60.5}
 DistanceC: 20.30000001192093
Relative Position: LorenzVec{x=-20.30000001192093, y=2.0, z=14.752781629553311}
 }
22:04:29 `5618zrrt4b`324 missed {
 is already Found: false).
 Position: LorenzVec{x=31.5, y=70.0, z=-94.5}
 DistanceC: 20.687487375941203
Relative Position: LorenzVec{x=13.800000011920929, y=-11.132993659646488, z=-20.687487375941203}
 }
22:04:29 `w90s61nb2p`325 missed {
 is already Found: false).
 Position: LorenzVec{x=38.5, y=70.0, z=-88.5}
 DistanceC: 20.806442364584655
Relative Position: LorenzVec{x=20.806442364584655, y=-11.501964197431263, z=-14.631226905487154}
 }
22:04:31 `Witch`335 missed {
 is already Found: false).
 Position: LorenzVec{x=41.5, y=70.0, z=-63.5}
 DistanceC: 18.226629435874145
Relative Position: LorenzVec{x=18.226629435874145, y=-17.773432754562364, z=12.733261965289387}
 }
22:04:31 `a6bh73lp5l`322 missed {
 is already Found: false).
 Position: LorenzVec{x=34.5, y=71.0, z=-96.5}
 DistanceC: 20.093310962081176
Relative Position: LorenzVec{x=10.289822641442047, y=-13.390839494630043, z=-20.093310962081176}
 }
22:04:38 `Villager`366 missed {
 is already Found: false).
 Position: LorenzVec{x=38.5, y=68.0, z=-46.5}
 DistanceC: 20.525133624692273
Relative Position: LorenzVec{x=17.894368253445553, y=-14.0, z=20.525133624692273}
 }
22:07:08 `g1t64gigx1`331 missed {
 is already Found: false).
 Position: LorenzVec{x=-49.5, y=70.0, z=-67.5}
 DistanceC: 22.84185186700236
Relative Position: LorenzVec{x=-21.274581006142636, y=-2.0625, z=22.84185186700236}
 }
22:12:41 `Bat`12989446 missed {
 is already Found: false).
 Position: LorenzVec{x=10.125, y=131.0, z=25.25}
 DistanceC: 19.6460787743692
Relative Position: LorenzVec{x=-10.13551148719274, y=5.884171010929904, z=19.6460787743692}
 }
22:13:17 `Slime`12993540 missed {
 is already Found: false).
 Position: LorenzVec{x=-2.6875, y=139.0, z=48.6875}
 DistanceC: 21.22029097338984
Relative Position: LorenzVec{x=-10.715243555968698, y=2.0049353796702007, z=21.22029097338984}
 }
