16:36:05 OptiFine ConnectedTextures
16:36:05 OptiFine ConnectedTextures
16:36:05 OptiFine ConnectedTextures
16:36:05 OptiFine ConnectedTextures
16:36:05 OptiFine ConnectedTextures
16:36:05 OptiFine ConnectedTextures
16:36:05 OptiFine ConnectedTextures
16:36:05 OptiFine ConnectedTextures
16:36:05 OptiFine ConnectedTextures
16:36:05 OptiFine ConnectedTextures
16:36:05 OptiFine ConnectedTextures
16:36:05 OptiFine ConnectedTextures
16:36:05 OptiFine ConnectedTextures
16:36:05 OptiFine ConnectedTextures
16:36:05 OptiFine ConnectedTextures
16:36:05 OptiFine ConnectedTextures
16:36:05 OptiFine ConnectedTextures
16:36:05 OptiFine ConnectedTextures
16:36:05 OptiFine ConnectedTextures
16:36:05 OptiFine ConnectedTextures
16:36:05 OptiFine ConnectedTextures
16:36:05 OptiFine ConnectedTextures
16:36:05 OptiFine ConnectedTextures
16:36:05 OptiFine ConnectedTextures
16:36:05 OptiFine ConnectedTextures
16:36:05 OptiFine ConnectedTextures
16:36:05 OptiFine ConnectedTextures
16:36:05 OptiFine ConnectedTextures
16:36:05 OptiFine ConnectedTextures
16:36:05 OptiFine ConnectedTextures
16:36:05 OptiFine ConnectedTextures
16:36:05 OptiFine ConnectedTextures
16:36:05 OptiFine ConnectedTextures
16:36:05 OptiFine ConnectedTextures
16:36:05 OptiFine ConnectedTextures
16:36:05 OptiFine ConnectedTextures
16:36:05 OptiFine ConnectedTextures
16:36:05 OptiFine ConnectedTextures
16:36:05 OptiFine ConnectedTextures
16:36:05 OptiFine ConnectedTextures
16:36:05 OptiFine ConnectedTextures
16:36:05 OptiFine ConnectedTextures
16:36:05 OptiFine ConnectedTextures
16:36:05 OptiFine ConnectedTextures
16:36:05 OptiFine ConnectedTextures
16:36:05 OptiFine ConnectedTextures
16:36:05 OptiFine ConnectedTextures
16:36:05 OptiFine ConnectedTextures
16:36:05 OptiFine ConnectedTextures
16:36:05 OptiFine ConnectedTextures
16:36:05 OptiFine ConnectedTextures
16:36:05 OptiFine ConnectedTextures
16:36:05 OptiFine ConnectedTextures
16:36:05 OptiFine ConnectedTextures
16:36:05 OptiFine ConnectedTextures
16:36:05 OptiFine ConnectedTextures
16:36:05 OptiFine ConnectedTextures
16:36:05 OptiFine ConnectedTextures
16:36:05 OptiFine ConnectedTextures
16:36:05 OptiFine ConnectedTextures
16:36:05 OptiFine ConnectedTextures
16:36:05 OptiFine ConnectedTextures
16:36:05 OptiFine ConnectedTextures
16:36:05 OptiFine ConnectedTextures
16:36:05 OptiFine ConnectedTextures
16:36:05 OptiFine ConnectedTextures
16:36:05 OptiFine ConnectedTextures
16:36:09 AsmHelper Transforming
16:37:42 AsmHelper Transforming
16:37:42 AsmHelper Applying AsmWriter
16:37:51 Grow BufferBuilder buffer
16:37:51 Grow BufferBuilder buffer
16:37:51 Grow BufferBuilder buffer
16:37:51 Grow BufferBuilder buffer
16:37:51 Grow BufferBuilder buffer
16:37:51 Grow BufferBuilder buffer
16:38:07 Grow BufferBuilder buffer
16:41:04 Grow BufferBuilder buffer
16:41:04 Grow BufferBuilder buffer
16:43:09 Grow BufferBuilder buffer
16:43:13 Grow BufferBuilder buffer
16:43:21 Grow BufferBuilder buffer
16:43:22 Grow BufferBuilder buffer
16:43:26 Grow BufferBuilder buffer
16:43:27 Grow BufferBuilder buffer
16:43:27 Grow BufferBuilder buffer
16:43:37 Grow BufferBuilder buffer
16:44:55 Grow BufferBuilder buffer
16:44:55 Grow BufferBuilder buffer
16:44:55 Grow BufferBuilder buffer
16:44:55 Grow BufferBuilder buffer
16:44:55 Grow BufferBuilder buffer
16:44:55 Grow BufferBuilder buffer
16:44:56 Grow BufferBuilder buffer
16:44:56 Grow BufferBuilder buffer
16:44:56 Grow BufferBuilder buffer
16:45:12 Grow BufferBuilder buffer
16:45:12 Grow BufferBuilder buffer
16:45:12 Grow BufferBuilder buffer
16:45:12 Grow BufferBuilder buffer
16:45:12 Grow BufferBuilder buffer
16:45:12 Grow BufferBuilder buffer
16:45:12 Grow BufferBuilder buffer
16:45:12 Grow BufferBuilder buffer
16:45:13 Grow BufferBuilder buffer
16:45:31 Grow BufferBuilder buffer
16:45:31 Grow BufferBuilder buffer
16:45:31 Grow BufferBuilder buffer
16:45:31 Grow BufferBuilder buffer
16:45:32 Grow BufferBuilder buffer
16:45:32 Grow BufferBuilder buffer
16:45:36 Grow BufferBuilder buffer
16:45:36 Grow BufferBuilder buffer
16:45:36 Grow BufferBuilder buffer
16:45:36 Grow BufferBuilder buffer
16:45:36 Grow BufferBuilder buffer
16:45:36 Grow BufferBuilder buffer
16:45:36 Grow BufferBuilder buffer
16:45:36 Grow BufferBuilder buffer
16:45:44 Grow BufferBuilder buffer
16:45:44 Grow BufferBuilder buffer
16:45:44 Grow BufferBuilder buffer
16:45:44 Grow BufferBuilder buffer
16:45:44 Grow BufferBuilder buffer
16:45:44 Grow BufferBuilder buffer
16:45:44 Grow BufferBuilder buffer
16:45:46 Grow BufferBuilder buffer
16:45:46 Grow BufferBuilder buffer
16:45:46 Grow BufferBuilder buffer
16:45:46 Grow BufferBuilder buffer
16:45:52 Grow BufferBuilder buffer
16:45:52 Grow BufferBuilder buffer
16:45:52 Grow BufferBuilder buffer
16:45:52 Grow BufferBuilder buffer
16:45:53 Grow BufferBuilder buffer
16:45:53 Grow BufferBuilder buffer
16:45:53 Grow BufferBuilder buffer
16:46:11 Grow BufferBuilder buffer
16:46:12 Grow BufferBuilder buffer
16:46:12 Grow BufferBuilder buffer
16:46:12 Grow BufferBuilder buffer
16:46:12 Grow BufferBuilder buffer
16:46:13 Grow BufferBuilder buffer
16:46:30 Grow BufferBuilder buffer
16:46:30 Grow BufferBuilder buffer
16:46:43 Grow BufferBuilder buffer
16:46:43 Grow BufferBuilder buffer
16:46:43 Grow BufferBuilder buffer
16:46:43 Grow BufferBuilder buffer
16:46:53 Grow BufferBuilder buffer
16:46:53 Grow BufferBuilder buffer
16:46:54 Grow BufferBuilder buffer
16:46:54 Grow BufferBuilder buffer
16:46:54 Grow BufferBuilder buffer
16:46:56 Grow BufferBuilder buffer
16:46:56 Grow BufferBuilder buffer
16:46:56 Grow BufferBuilder buffer
16:46:56 Grow BufferBuilder buffer
16:46:56 Grow BufferBuilder buffer
18:14:41 Biome ID bounds
18:14:41 Biome ID bounds
18:14:41 Biome ID bounds
18:14:41 Biome ID bounds
18:14:41 Biome ID bounds
18:14:41 Biome ID bounds
18:14:41 Biome ID bounds
18:42:51 Biome ID bounds
18:42:51 Biome ID bounds
18:42:51 Biome ID bounds
18:42:51 Biome ID bounds
18:42:51 Biome ID bounds
19:10:30 Grow BufferBuilder buffer
19:10:32 Grow BufferBuilder buffer
19:10:32 Grow BufferBuilder buffer
19:10:32 Grow BufferBuilder buffer
19:10:32 Grow BufferBuilder buffer
19:10:33 Grow BufferBuilder buffer
19:10:34 Grow BufferBuilder buffer
19:10:34 Grow BufferBuilder buffer
19:10:34 Grow BufferBuilder buffer
19:10:34 Grow BufferBuilder buffer
19:10:34 Grow BufferBuilder buffer
19:10:34 Grow BufferBuilder buffer
19:10:34 Grow BufferBuilder buffer
19:10:35 Grow BufferBuilder buffer
19:10:35 Grow BufferBuilder buffer
19:10:36 Grow BufferBuilder buffer
19:10:36 Grow BufferBuilder buffer
19:10:36 Grow BufferBuilder buffer
19:10:36 Grow BufferBuilder buffer
19:10:36 Grow BufferBuilder buffer
19:10:36 Grow BufferBuilder buffer
19:10:36 Grow BufferBuilder buffer
19:10:36 Grow BufferBuilder buffer
19:10:36 Grow BufferBuilder buffer
19:10:36 Grow BufferBuilder buffer
19:10:36 Grow BufferBuilder buffer
19:10:36 Grow BufferBuilder buffer
19:10:37 Grow BufferBuilder buffer
19:10:37 Grow BufferBuilder buffer
19:10:37 Grow BufferBuilder buffer
19:10:37 Grow BufferBuilder buffer
19:10:37 Grow BufferBuilder buffer
19:10:37 Grow BufferBuilder buffer
19:10:37 Grow BufferBuilder buffer
19:10:37 Grow BufferBuilder buffer
19:10:37 Grow BufferBuilder buffer
19:10:37 Grow BufferBuilder buffer
19:10:37 Grow BufferBuilder buffer
19:10:38 Grow BufferBuilder buffer
19:10:38 Grow BufferBuilder buffer
19:10:38 Grow BufferBuilder buffer
19:10:38 Grow BufferBuilder buffer
19:10:38 Grow BufferBuilder buffer
19:10:40 Grow BufferBuilder buffer
19:10:41 Grow BufferBuilder buffer
19:10:41 Grow BufferBuilder buffer
19:10:44 Grow BufferBuilder buffer
19:10:49 Grow BufferBuilder buffer
19:10:49 Grow BufferBuilder buffer
19:10:49 Grow BufferBuilder buffer
19:10:58 Grow BufferBuilder buffer
19:10:59 Grow BufferBuilder buffer
19:11:07 Grow BufferBuilder buffer
19:12:21 Grow BufferBuilder buffer
19:12:23 Grow BufferBuilder buffer
19:12:23 Grow BufferBuilder buffer
19:12:25 Grow BufferBuilder buffer
19:12:25 Grow BufferBuilder buffer
19:12:25 Grow BufferBuilder buffer
19:12:25 Grow BufferBuilder buffer
19:12:25 Grow BufferBuilder buffer
19:12:25 Grow BufferBuilder buffer
19:12:25 Grow BufferBuilder buffer
19:12:26 Grow BufferBuilder buffer
19:12:26 Grow BufferBuilder buffer
19:12:30 Grow BufferBuilder buffer
19:12:30 Grow BufferBuilder buffer
