13:13:27 Trying to load config from config\skyhanni\config.json
13:13:27 load-config-now
13:13:27 Loaded config from file
13:13:27 Trying to load sacks from config\skyhanni\sacks.json
13:13:27 load-sacks-now
13:13:27 Loaded sacks from file
13:13:27 Trying to load friends from config\skyhanni\friends.json
13:13:27 load-friends-now
13:13:27 Loaded friends from file
13:13:27 Trying to load known_features from config\skyhanni\known_features.json
13:13:27 load-known_features-now
13:13:27 Loaded known_features from file
13:13:27 Trying to load jacob_contests from config\skyhanni\jacob_contests.json
13:13:27 load-jacob_contests-now
13:13:27 Loaded jacob_contests from file
13:13:27 Trying to load visual_words from config\skyhanni\visual_words.json
13:13:27 Setting visual_words to be blank as it did not exist. It will be saved once something is written to it
13:13:47 saveConfig: Updated known feature flags
13:13:47 Saving known_features file
13:13:56 saveConfig: Save file
13:13:56 Saving friends file
13:14:27 saveConfig: auto-save-60s
13:14:27 Saving config file
13:15:27 saveConfig: auto-save-60s
13:15:27 Saving config file
13:16:27 saveConfig: auto-save-60s
13:16:27 Saving config file
13:17:27 saveConfig: auto-save-60s
13:17:27 Saving config file
13:18:27 saveConfig: auto-save-60s
13:18:27 Saving config file
13:19:27 saveConfig: auto-save-60s
13:19:27 Saving config file
13:20:27 saveConfig: auto-save-60s
13:20:27 Saving config file
13:21:27 saveConfig: auto-save-60s
13:21:27 Saving config file
13:22:27 saveConfig: auto-save-60s
13:22:27 Saving config file
13:23:27 saveConfig: auto-save-60s
13:23:27 Saving config file
13:24:27 saveConfig: auto-save-60s
13:24:27 Saving config file
13:25:27 saveConfig: auto-save-60s
13:25:27 Saving config file
13:25:48 saveConfig: saving-data
13:25:48 Saving sacks file
13:26:19 saveConfig: saving-data
13:26:19 Saving sacks file
13:26:27 saveConfig: auto-save-60s
13:26:27 Saving config file
13:26:37 saveConfig: saving-data
13:26:37 Saving sacks file
13:27:27 saveConfig: auto-save-60s
13:27:27 Saving config file
13:28:27 saveConfig: auto-save-60s
13:28:27 Saving config file
13:29:27 saveConfig: auto-save-60s
13:29:27 Saving config file
13:30:27 saveConfig: auto-save-60s
13:30:27 Saving config file
13:31:27 saveConfig: auto-save-60s
13:31:27 Saving config file
13:32:27 saveConfig: auto-save-60s
13:32:27 Saving config file
13:33:27 saveConfig: auto-save-60s
13:33:27 Saving config file
13:34:27 saveConfig: auto-save-60s
13:34:27 Saving config file
13:35:27 saveConfig: auto-save-60s
13:35:27 Saving config file
13:36:27 saveConfig: auto-save-60s
13:36:27 Saving config file
13:37:27 saveConfig: auto-save-60s
13:37:27 Saving config file
13:38:27 saveConfig: auto-save-60s
13:38:27 Saving config file
13:39:27 saveConfig: auto-save-60s
13:39:27 Saving config file
13:40:27 saveConfig: auto-save-60s
13:40:27 Saving config file
13:41:27 saveConfig: auto-save-60s
13:41:27 Saving config file
13:42:27 saveConfig: auto-save-60s
13:42:27 Saving config file
13:43:27 saveConfig: auto-save-60s
13:43:27 Saving config file
13:44:27 saveConfig: auto-save-60s
13:44:27 Saving config file
13:45:27 saveConfig: auto-save-60s
13:45:27 Saving config file
13:46:27 saveConfig: auto-save-60s
13:46:27 Saving config file
13:47:19 saveConfig: shutdown-hook
13:47:19 Saving config file
