21:01:06 [SKYMALL] §bNew day! §r§eYour §r§2Sky Mall §r§ebuff changed!
21:01:06 [SKYMALL] §eNew buff§r§r§r: §r§fGain §r§6+50☘ Mining Fortune§r§f.
21:01:06 [SKYMALL] §8§oYou can disable this messaging by toggling Sky Mall in your /hotm!
21:15:00 [SKYMALL] §bNew day! §r§eYour §r§2Sky Mall §r§ebuff changed!
21:15:00 [SKYMALL] §eNew buff§r§r§r: §r§fGain §r§6+50☘ Mining Fortune§r§f.
21:15:00 [SKYMALL] §8§oYou can disable this messaging by toggling Sky Mall in your /hotm!
21:28:05 [HOPPITY_EGG] §cYou have already collected this Chocolate Dinner Egg§r§c! Try again when it respawns!
21:28:47 [HOPPITY_EGG] §cYou have already collected this Chocolate Dinner Egg§r§c! Try again when it respawns!
21:34:02 [BESTIARY] §f                                  §6§lBESTIARY
21:34:02 [BESTIARY] §f                         §b§lGaia Construct §7§8I §8➡§b §bII
21:34:02 [BESTIARY] 
21:34:02 [BESTIARY] §f                                  §r§6§lREWARDS
21:34:02 [BESTIARY] §f                     §r§8+§r§a2 Gaia Construct §r§b✯ Magic Find
21:34:02 [BESTIARY] §f                     §r§8+§r§a2 Gaia Construct §r§c❁ Strength
21:34:02 [BESTIARY] §f                         §r§8+§r§62% §r§aGaia Construct §r§7coins
21:34:02 [BESTIARY] §f                    §r§8+§r§a50% §r§7chance for extra XP orbs
21:34:02 [BESTIARY] §f                               §r§8+§r§b1 SkyBlock XP
21:34:02 [BESTIARY] 
21:34:02 [BESTIARY] §3§l▬▬▬▬▬▬▬▬▬▬▬▬▬▬▬▬▬▬▬▬▬▬▬▬▬▬▬▬▬▬▬▬▬▬▬▬▬▬▬▬▬▬▬▬▬▬▬▬▬▬▬▬▬▬▬▬▬▬▬▬▬▬▬▬
21:35:01 [SKYMALL] §bNew day! §r§eYour §r§2Sky Mall §r§ebuff changed!
21:35:01 [SKYMALL] §eNew buff§r§r§r: §r§f§r§a-20%§r§f Pickaxe Ability cooldowns.
21:35:01 [SKYMALL] §8§oYou can disable this messaging by toggling Sky Mall in your /hotm!
21:39:10 [BESTIARY] §f                                  §6§lBESTIARY
21:39:10 [BESTIARY] §f                         §b§lMinos Champion §7§8I §8➡§b §bII
21:39:10 [BESTIARY] 
21:39:10 [BESTIARY] §f                                  §r§6§lREWARDS
21:39:10 [BESTIARY] §f                     §r§8+§r§a2 Minos Champion §r§b✯ Magic Find
21:39:10 [BESTIARY] §f                     §r§8+§r§a2 Minos Champion §r§c❁ Strength
21:39:10 [BESTIARY] §f                         §r§8+§r§62% §r§aMinos Champion §r§7coins
21:39:10 [BESTIARY] §f                    §r§8+§r§a50% §r§7chance for extra XP orbs
21:39:10 [BESTIARY] §f                               §r§8+§r§b1 SkyBlock XP
21:39:10 [BESTIARY] 
21:39:10 [BESTIARY] §3§l▬▬▬▬▬▬▬▬▬▬▬▬▬▬▬▬▬▬▬▬▬▬▬▬▬▬▬▬▬▬▬▬▬▬▬▬▬▬▬▬▬▬▬▬▬▬▬▬▬▬▬▬▬▬▬▬▬▬▬▬▬▬▬▬
21:41:57 [BESTIARY] §f                                  §6§lBESTIARY
21:41:57 [BESTIARY] §f                        §b§lGaia Construct §7§8II §8➡§b §bIII
21:41:57 [BESTIARY] 
21:41:57 [BESTIARY] §f                                  §r§6§lREWARDS
21:41:57 [BESTIARY] §f                     §r§8+§r§a2 Gaia Construct §r§b✯ Magic Find
21:41:57 [BESTIARY] §f                     §r§8+§r§a2 Gaia Construct §r§c❁ Strength
21:41:57 [BESTIARY] §f                         §r§8+§r§62% §r§aGaia Construct §r§7coins
21:41:57 [BESTIARY] §f                    §r§8+§r§a50% §r§7chance for extra XP orbs
21:41:57 [BESTIARY] §f                               §r§8+§r§b1 SkyBlock XP
21:41:57 [BESTIARY] 
21:41:57 [BESTIARY] §3§l▬▬▬▬▬▬▬▬▬▬▬▬▬▬▬▬▬▬▬▬▬▬▬▬▬▬▬▬▬▬▬▬▬▬▬▬▬▬▬▬▬▬▬▬▬▬▬▬▬▬▬▬▬▬▬▬▬▬▬▬▬▬▬▬
21:44:21 [BESTIARY] §f                                  §6§lBESTIARY
21:44:21 [BESTIARY] §f                          §b§lSiamese Lynx §7§8IV §8➡§b §bV
21:44:21 [BESTIARY] 
21:44:21 [BESTIARY] §f                                  §r§6§lREWARDS
21:44:21 [BESTIARY] §f                      §r§8+§r§a2 §r§2Siamese Lynx §r§b✯ Magic Find
21:44:21 [BESTIARY] §f                      §r§8+§r§a2 §r§2Siamese Lynx §r§c❁ Strength
21:44:21 [BESTIARY] §f                          §r§8+§r§62% §r§a§r§2Siamese Lynx §r§7coins
21:44:21 [BESTIARY] §f                    §r§8+§r§a50% §r§7chance for extra XP orbs
21:44:21 [BESTIARY] §f                               §r§8+§r§b1 SkyBlock XP
21:44:21 [BESTIARY] 
21:44:21 [BESTIARY] §3§l▬▬▬▬▬▬▬▬▬▬▬▬▬▬▬▬▬▬▬▬▬▬▬▬▬▬▬▬▬▬▬▬▬▬▬▬▬▬▬▬▬▬▬▬▬▬▬▬▬▬▬▬▬▬▬▬▬▬▬▬▬▬▬▬
21:46:45 [BESTIARY] §f                                  §6§lBESTIARY
21:46:45 [BESTIARY] §f                        §b§lMinos Champion §7§8II §8➡§b §bIII
21:46:45 [BESTIARY] 
21:46:45 [BESTIARY] §f                                  §r§6§lREWARDS
21:46:45 [BESTIARY] §f                     §r§8+§r§a2 Minos Champion §r§b✯ Magic Find
21:46:45 [BESTIARY] §f                     §r§8+§r§a2 Minos Champion §r§c❁ Strength
21:46:45 [BESTIARY] §f                         §r§8+§r§62% §r§aMinos Champion §r§7coins
21:46:45 [BESTIARY] §f                    §r§8+§r§a50% §r§7chance for extra XP orbs
21:46:45 [BESTIARY] §f                               §r§8+§r§b1 SkyBlock XP
21:46:45 [BESTIARY] 
21:46:45 [BESTIARY] §3§l▬▬▬▬▬▬▬▬▬▬▬▬▬▬▬▬▬▬▬▬▬▬▬▬▬▬▬▬▬▬▬▬▬▬▬▬▬▬▬▬▬▬▬▬▬▬▬▬▬▬▬▬▬▬▬▬▬▬▬▬▬▬▬▬
21:48:29 [BESTIARY] §f                                  §6§lBESTIARY
21:48:29 [BESTIARY] §f                             §b§lMinotaur §7§8III §8➡§b §bIV
21:48:29 [BESTIARY] 
21:48:29 [BESTIARY] §f                                  §r§6§lREWARDS
21:48:29 [BESTIARY] §f                         §r§8+§r§a2 Minotaur §r§b✯ Magic Find
21:48:29 [BESTIARY] §f                         §r§8+§r§a2 Minotaur §r§c❁ Strength
21:48:29 [BESTIARY] §f                             §r§8+§r§62% §r§aMinotaur §r§7coins
21:48:29 [BESTIARY] §f                    §r§8+§r§a50% §r§7chance for extra XP orbs
21:48:29 [BESTIARY] §f                               §r§8+§r§b1 SkyBlock XP
21:48:29 [BESTIARY] 
21:48:29 [BESTIARY] §3§l▬▬▬▬▬▬▬▬▬▬▬▬▬▬▬▬▬▬▬▬▬▬▬▬▬▬▬▬▬▬▬▬▬▬▬▬▬▬▬▬▬▬▬▬▬▬▬▬▬▬▬▬▬▬▬▬▬▬▬▬▬▬▬▬
21:55:00 [SKYMALL] §bNew day! §r§eYour §r§2Sky Mall §r§ebuff changed!
21:55:00 [SKYMALL] §eNew buff§r§r§r: §r§fGain §r§a+15% §r§fmore Powder while mining.
21:55:00 [SKYMALL] §8§oYou can disable this messaging by toggling Sky Mall in your /hotm!
21:55:12 [BESTIARY] §f                                  §6§lBESTIARY
21:55:12 [BESTIARY] §f                        §b§lMinos Champion §7§8III §8➡§b §bIV
21:55:12 [BESTIARY] 
21:55:12 [BESTIARY] §f                                  §r§6§lREWARDS
21:55:12 [BESTIARY] §f                     §r§8+§r§a2 Minos Champion §r§b✯ Magic Find
21:55:12 [BESTIARY] §f                     §r§8+§r§a2 Minos Champion §r§c❁ Strength
21:55:12 [BESTIARY] §f                         §r§8+§r§62% §r§aMinos Champion §r§7coins
21:55:12 [BESTIARY] §f                    §r§8+§r§a50% §r§7chance for extra XP orbs
21:55:12 [BESTIARY] §f                               §r§8+§r§b1 SkyBlock XP
21:55:12 [BESTIARY] 
21:55:12 [BESTIARY]   §r§f                         §6§lBESTIARY MILESTONE
21:55:12 [BESTIARY]   §r§f                                  §8CLII➡§eCLIII
21:55:12 [BESTIARY] 
21:55:12 [BESTIARY] §3§l▬▬▬▬▬▬▬▬▬▬▬▬▬▬▬▬▬▬▬▬▬▬▬▬▬▬▬▬▬▬▬▬▬▬▬▬▬▬▬▬▬▬▬▬▬▬▬▬▬▬▬▬▬▬▬▬▬▬▬▬▬▬▬▬
22:03:19 [BESTIARY] §f                                  §6§lBESTIARY
22:03:19 [BESTIARY] §f                          §b§lSiamese Lynx §7§8V §8➡§b §bVI
22:03:19 [BESTIARY] 
22:03:19 [BESTIARY] §f                                  §r§6§lREWARDS
22:03:19 [BESTIARY] §f                      §r§8+§r§a3 §r§2Siamese Lynx §r§b✯ Magic Find
22:03:19 [BESTIARY] §f                      §r§8+§r§a3 §r§2Siamese Lynx §r§c❁ Strength
22:03:19 [BESTIARY] §f                          §r§8+§r§62% §r§a§r§2Siamese Lynx §r§7coins
22:03:19 [BESTIARY] §f                    §r§8+§r§a50% §r§7chance for extra XP orbs
22:03:19 [BESTIARY] §f                               §r§8+§r§b1 SkyBlock XP
22:03:19 [BESTIARY] 
22:03:19 [BESTIARY] §3§l▬▬▬▬▬▬▬▬▬▬▬▬▬▬▬▬▬▬▬▬▬▬▬▬▬▬▬▬▬▬▬▬▬▬▬▬▬▬▬▬▬▬▬▬▬▬▬▬▬▬▬▬▬▬▬▬▬▬▬▬▬▬▬▬
22:09:41 [BESTIARY] §f                                  §6§lBESTIARY
22:09:41 [BESTIARY] §f                             §b§lMinotaur §7§8IV §8➡§b §bV
22:09:41 [BESTIARY] 
22:09:41 [BESTIARY] §f                                  §r§6§lREWARDS
22:09:41 [BESTIARY] §f                         §r§8+§r§a2 Minotaur §r§b✯ Magic Find
22:09:41 [BESTIARY] §f                         §r§8+§r§a2 Minotaur §r§c❁ Strength
22:09:41 [BESTIARY] §f                             §r§8+§r§62% §r§aMinotaur §r§7coins
22:09:41 [BESTIARY] §f                    §r§8+§r§a50% §r§7chance for extra XP orbs
22:09:41 [BESTIARY] §f                               §r§8+§r§b1 SkyBlock XP
22:09:41 [BESTIARY] 
22:09:41 [BESTIARY] §3§l▬▬▬▬▬▬▬▬▬▬▬▬▬▬▬▬▬▬▬▬▬▬▬▬▬▬▬▬▬▬▬▬▬▬▬▬▬▬▬▬▬▬▬▬▬▬▬▬▬▬▬▬▬▬▬▬▬▬▬▬▬▬▬▬
22:15:01 [SKYMALL] §bNew day! §r§eYour §r§2Sky Mall §r§ebuff changed!
22:15:01 [SKYMALL] §eNew buff§r§r§r: §r§f§r§a-20%§r§f Pickaxe Ability cooldowns.
22:15:01 [SKYMALL] §8§oYou can disable this messaging by toggling Sky Mall in your /hotm!
22:17:40 [BESTIARY] §f                                  §6§lBESTIARY
22:17:40 [BESTIARY] §f                         §b§lMinos Champion §7§8IV §8➡§b §bV
22:17:40 [BESTIARY] 
22:17:40 [BESTIARY] §f                                  §r§6§lREWARDS
22:17:40 [BESTIARY] §f                     §r§8+§r§a2 Minos Champion §r§b✯ Magic Find
22:17:40 [BESTIARY] §f                     §r§8+§r§a2 Minos Champion §r§c❁ Strength
22:17:40 [BESTIARY] §f                         §r§8+§r§62% §r§aMinos Champion §r§7coins
22:17:40 [BESTIARY] §f                    §r§8+§r§a50% §r§7chance for extra XP orbs
22:17:40 [BESTIARY] §f                               §r§8+§r§b1 SkyBlock XP
22:17:40 [BESTIARY] 
22:17:40 [BESTIARY] §3§l▬▬▬▬▬▬▬▬▬▬▬▬▬▬▬▬▬▬▬▬▬▬▬▬▬▬▬▬▬▬▬▬▬▬▬▬▬▬▬▬▬▬▬▬▬▬▬▬▬▬▬▬▬▬▬▬▬▬▬▬▬▬▬▬
22:22:44 [BESTIARY] §f                                  §6§lBESTIARY
22:22:44 [BESTIARY] §f                         §b§lSiamese Lynx §7§8VI §8➡§b §bVII
22:22:44 [BESTIARY] 
22:22:44 [BESTIARY] §f                                  §r§6§lREWARDS
22:22:44 [BESTIARY] §f                      §r§8+§r§a3 §r§2Siamese Lynx §r§b✯ Magic Find
22:22:44 [BESTIARY] §f                      §r§8+§r§a3 §r§2Siamese Lynx §r§c❁ Strength
22:22:44 [BESTIARY] §f                          §r§8+§r§62% §r§a§r§2Siamese Lynx §r§7coins
22:22:44 [BESTIARY] §f                    §r§8+§r§a50% §r§7chance for extra XP orbs
22:22:44 [BESTIARY] §f                               §r§8+§r§b1 SkyBlock XP
22:22:44 [BESTIARY] 
22:22:44 [BESTIARY] §3§l▬▬▬▬▬▬▬▬▬▬▬▬▬▬▬▬▬▬▬▬▬▬▬▬▬▬▬▬▬▬▬▬▬▬▬▬▬▬▬▬▬▬▬▬▬▬▬▬▬▬▬▬▬▬▬▬▬▬▬▬▬▬▬▬
22:30:43 [BESTIARY] §f                                  §6§lBESTIARY
22:30:43 [BESTIARY] §f                        §b§lGaia Construct §7§8III §8➡§b §bIV
22:30:43 [BESTIARY] 
22:30:43 [BESTIARY] §f                                  §r§6§lREWARDS
22:30:43 [BESTIARY] §f                     §r§8+§r§a2 Gaia Construct §r§b✯ Magic Find
22:30:43 [BESTIARY] §f                     §r§8+§r§a2 Gaia Construct §r§c❁ Strength
22:30:43 [BESTIARY] §f                         §r§8+§r§62% §r§aGaia Construct §r§7coins
22:30:43 [BESTIARY] §f                    §r§8+§r§a50% §r§7chance for extra XP orbs
22:30:43 [BESTIARY] §f                               §r§8+§r§b1 SkyBlock XP
22:30:43 [BESTIARY] 
22:30:43 [BESTIARY] §3§l▬▬▬▬▬▬▬▬▬▬▬▬▬▬▬▬▬▬▬▬▬▬▬▬▬▬▬▬▬▬▬▬▬▬▬▬▬▬▬▬▬▬▬▬▬▬▬▬▬▬▬▬▬▬▬▬▬▬▬▬▬▬▬▬
22:34:49 [BESTIARY] §f                                  §6§lBESTIARY
22:34:49 [BESTIARY] §f                            §b§lMinos Inquisitor §7§bI
22:34:49 [BESTIARY] 
22:34:49 [BESTIARY] §f                                  §r§6§lREWARDS
22:34:49 [BESTIARY] §f                    §r§8+§r§a2 Minos Inquisitor §r§b✯ Magic Find
22:34:49 [BESTIARY] §f                     §r§8+§r§a2 Minos Inquisitor §r§c❁ Strength
22:34:49 [BESTIARY] §f                        §r§8+§r§62% §r§aMinos Inquisitor §r§7coins
22:34:49 [BESTIARY] §f                    §r§8+§r§a50% §r§7chance for extra XP orbs
22:34:49 [BESTIARY] §f                               §r§8+§r§b1 SkyBlock XP
22:34:49 [BESTIARY] 
22:34:49 [BESTIARY] §3§l▬▬▬▬▬▬▬▬▬▬▬▬▬▬▬▬▬▬▬▬▬▬▬▬▬▬▬▬▬▬▬▬▬▬▬▬▬▬▬▬▬▬▬▬▬▬▬▬▬▬▬▬▬▬▬▬▬▬▬▬▬▬▬▬
22:35:01 [SKYMALL] §bNew day! §r§eYour §r§2Sky Mall §r§ebuff changed!
22:35:01 [SKYMALL] §eNew buff§r§r§r: §r§fGain §r§a5x §r§9Titanium §r§fdrops
22:35:01 [SKYMALL] §8§oYou can disable this messaging by toggling Sky Mall in your /hotm!
22:35:56 [BESTIARY] §f                                  §6§lBESTIARY
22:35:56 [BESTIARY] §f                             §b§lMinotaur §7§8V §8➡§b §bVI
22:35:56 [BESTIARY] 
22:35:56 [BESTIARY] §f                                  §r§6§lREWARDS
22:35:56 [BESTIARY] §f                         §r§8+§r§a3 Minotaur §r§b✯ Magic Find
22:35:56 [BESTIARY] §f                         §r§8+§r§a3 Minotaur §r§c❁ Strength
22:35:56 [BESTIARY] §f                             §r§8+§r§62% §r§aMinotaur §r§7coins
22:35:56 [BESTIARY] §f                    §r§8+§r§a50% §r§7chance for extra XP orbs
22:35:56 [BESTIARY] §f                               §r§8+§r§b1 SkyBlock XP
22:35:56 [BESTIARY] 
22:35:56 [BESTIARY] §3§l▬▬▬▬▬▬▬▬▬▬▬▬▬▬▬▬▬▬▬▬▬▬▬▬▬▬▬▬▬▬▬▬▬▬▬▬▬▬▬▬▬▬▬▬▬▬▬▬▬▬▬▬▬▬▬▬▬▬▬▬▬▬▬▬
22:38:00 [BESTIARY] §f                                  §6§lBESTIARY
22:38:00 [BESTIARY] §f                        §b§lSiamese Lynx §7§8VII §8➡§b §bVIII
22:38:00 [BESTIARY] 
22:38:00 [BESTIARY] §f                                  §r§6§lREWARDS
22:38:00 [BESTIARY] §f                      §r§8+§r§a3 §r§2Siamese Lynx §r§b✯ Magic Find
22:38:00 [BESTIARY] §f                      §r§8+§r§a3 §r§2Siamese Lynx §r§c❁ Strength
22:38:00 [BESTIARY] §f                          §r§8+§r§62% §r§a§r§2Siamese Lynx §r§7coins
22:38:00 [BESTIARY] §f                    §r§8+§r§a50% §r§7chance for extra XP orbs
22:38:00 [BESTIARY] §f                               §r§8+§r§b1 SkyBlock XP
22:38:00 [BESTIARY] 
22:38:00 [BESTIARY] §3§l▬▬▬▬▬▬▬▬▬▬▬▬▬▬▬▬▬▬▬▬▬▬▬▬▬▬▬▬▬▬▬▬▬▬▬▬▬▬▬▬▬▬▬▬▬▬▬▬▬▬▬▬▬▬▬▬▬▬▬▬▬▬▬▬
22:47:05 [BESTIARY] §f                                  §6§lBESTIARY
22:47:05 [BESTIARY] §f                            §b§lMinotaur §7§8VI §8➡§b §bVII
22:47:05 [BESTIARY] 
22:47:05 [BESTIARY] §f                                  §r§6§lREWARDS
22:47:05 [BESTIARY] §f                         §r§8+§r§a3 Minotaur §r§b✯ Magic Find
22:47:05 [BESTIARY] §f                         §r§8+§r§a3 Minotaur §r§c❁ Strength
22:47:05 [BESTIARY] §f                             §r§8+§r§62% §r§aMinotaur §r§7coins
22:47:05 [BESTIARY] §f                    §r§8+§r§a50% §r§7chance for extra XP orbs
22:47:05 [BESTIARY] §f                               §r§8+§r§b1 SkyBlock XP
22:47:05 [BESTIARY] 
22:47:05 [BESTIARY] §3§l▬▬▬▬▬▬▬▬▬▬▬▬▬▬▬▬▬▬▬▬▬▬▬▬▬▬▬▬▬▬▬▬▬▬▬▬▬▬▬▬▬▬▬▬▬▬▬▬▬▬▬▬▬▬▬▬▬▬▬▬▬▬▬▬
22:54:21 [BESTIARY] §f                                  §6§lBESTIARY
22:54:21 [BESTIARY] §f                         §b§lMinos Champion §7§8V §8➡§b §bVI
22:54:21 [BESTIARY] 
22:54:21 [BESTIARY] §f                                  §r§6§lREWARDS
22:54:21 [BESTIARY] §f                     §r§8+§r§a3 Minos Champion §r§b✯ Magic Find
22:54:21 [BESTIARY] §f                     §r§8+§r§a3 Minos Champion §r§c❁ Strength
22:54:21 [BESTIARY] §f                         §r§8+§r§62% §r§aMinos Champion §r§7coins
22:54:21 [BESTIARY] §f                    §r§8+§r§a50% §r§7chance for extra XP orbs
22:54:21 [BESTIARY] §f                               §r§8+§r§b1 SkyBlock XP
22:54:21 [BESTIARY] 
22:54:21 [BESTIARY]   §r§f                         §6§lBESTIARY MILESTONE
22:54:21 [BESTIARY]   §r§f                                 §8CLIII➡§eCLIV
22:54:21 [BESTIARY] 
22:54:21 [BESTIARY] §3§l▬▬▬▬▬▬▬▬▬▬▬▬▬▬▬▬▬▬▬▬▬▬▬▬▬▬▬▬▬▬▬▬▬▬▬▬▬▬▬▬▬▬▬▬▬▬▬▬▬▬▬▬▬▬▬▬▬▬▬▬▬▬▬▬
22:55:00 [SKYMALL] §bNew day! §r§eYour §r§2Sky Mall §r§ebuff changed!
22:55:00 [SKYMALL] §eNew buff§r§r§r: §r§f§r§a-20%§r§f Pickaxe Ability cooldowns.
22:55:00 [SKYMALL] §8§oYou can disable this messaging by toggling Sky Mall in your /hotm!
22:56:10 [BESTIARY] §f                                  §6§lBESTIARY
22:56:10 [BESTIARY] §f                         §b§lGaia Construct §7§8IV §8➡§b §bV
22:56:10 [BESTIARY] 
22:56:10 [BESTIARY] §f                                  §r§6§lREWARDS
22:56:10 [BESTIARY] §f                     §r§8+§r§a2 Gaia Construct §r§b✯ Magic Find
22:56:10 [BESTIARY] §f                     §r§8+§r§a2 Gaia Construct §r§c❁ Strength
22:56:10 [BESTIARY] §f                         §r§8+§r§62% §r§aGaia Construct §r§7coins
22:56:10 [BESTIARY] §f                    §r§8+§r§a50% §r§7chance for extra XP orbs
22:56:10 [BESTIARY] §f                               §r§8+§r§b1 SkyBlock XP
22:56:10 [BESTIARY] 
22:56:10 [BESTIARY] §3§l▬▬▬▬▬▬▬▬▬▬▬▬▬▬▬▬▬▬▬▬▬▬▬▬▬▬▬▬▬▬▬▬▬▬▬▬▬▬▬▬▬▬▬▬▬▬▬▬▬▬▬▬▬▬▬▬▬▬▬▬▬▬▬▬
23:05:25 [BESTIARY] §f                                  §6§lBESTIARY
23:05:25 [BESTIARY] §f                        §b§lSiamese Lynx §7§8VIII §8➡§b §bIX
23:05:25 [BESTIARY] 
23:05:25 [BESTIARY] §f                                  §r§6§lREWARDS
23:05:25 [BESTIARY] §f                      §r§8+§r§a3 §r§2Siamese Lynx §r§b✯ Magic Find
23:05:25 [BESTIARY] §f                      §r§8+§r§a3 §r§2Siamese Lynx §r§c❁ Strength
23:05:25 [BESTIARY] §f                          §r§8+§r§62% §r§a§r§2Siamese Lynx §r§7coins
23:05:25 [BESTIARY] §f                    §r§8+§r§a50% §r§7chance for extra XP orbs
23:05:25 [BESTIARY] §f                               §r§8+§r§b1 SkyBlock XP
23:05:25 [BESTIARY] 
23:05:25 [BESTIARY] §3§l▬▬▬▬▬▬▬▬▬▬▬▬▬▬▬▬▬▬▬▬▬▬▬▬▬▬▬▬▬▬▬▬▬▬▬▬▬▬▬▬▬▬▬▬▬▬▬▬▬▬▬▬▬▬▬▬▬▬▬▬▬▬▬▬
23:07:05 [BESTIARY] §f                                  §6§lBESTIARY
23:07:05 [BESTIARY] §f                        §b§lMinos Inquisitor §7§8I §8➡§b §bII
23:07:05 [BESTIARY] 
23:07:05 [BESTIARY] §f                                  §r§6§lREWARDS
23:07:05 [BESTIARY] §f                    §r§8+§r§a2 Minos Inquisitor §r§b✯ Magic Find
23:07:05 [BESTIARY] §f                     §r§8+§r§a2 Minos Inquisitor §r§c❁ Strength
23:07:05 [BESTIARY] §f                        §r§8+§r§62% §r§aMinos Inquisitor §r§7coins
23:07:05 [BESTIARY] §f                    §r§8+§r§a50% §r§7chance for extra XP orbs
23:07:05 [BESTIARY] §f                               §r§8+§r§b1 SkyBlock XP
23:07:05 [BESTIARY] 
23:07:05 [BESTIARY] §3§l▬▬▬▬▬▬▬▬▬▬▬▬▬▬▬▬▬▬▬▬▬▬▬▬▬▬▬▬▬▬▬▬▬▬▬▬▬▬▬▬▬▬▬▬▬▬▬▬▬▬▬▬▬▬▬▬▬▬▬▬▬▬▬▬
23:11:36 [BESTIARY] §f                                  §6§lBESTIARY
23:11:36 [BESTIARY] §f                         §b§lGaia Construct §7§8V §8➡§b §bVI
23:11:36 [BESTIARY] 
23:11:36 [BESTIARY] §f                                  §r§6§lREWARDS
23:11:36 [BESTIARY] §f                     §r§8+§r§a3 Gaia Construct §r§b✯ Magic Find
23:11:36 [BESTIARY] §f                     §r§8+§r§a3 Gaia Construct §r§c❁ Strength
23:11:36 [BESTIARY] §f                         §r§8+§r§62% §r§aGaia Construct §r§7coins
23:11:36 [BESTIARY] §f                    §r§8+§r§a50% §r§7chance for extra XP orbs
23:11:36 [BESTIARY] §f                               §r§8+§r§b1 SkyBlock XP
23:11:36 [BESTIARY] 
23:11:36 [BESTIARY] §3§l▬▬▬▬▬▬▬▬▬▬▬▬▬▬▬▬▬▬▬▬▬▬▬▬▬▬▬▬▬▬▬▬▬▬▬▬▬▬▬▬▬▬▬▬▬▬▬▬▬▬▬▬▬▬▬▬▬▬▬▬▬▬▬▬
23:15:01 [SKYMALL] §bNew day! §r§eYour §r§2Sky Mall §r§ebuff changed!
23:15:01 [SKYMALL] §eNew buff§r§r§r: §r§fGain §r§6+50☘ Mining Fortune§r§f.
23:15:01 [SKYMALL] §8§oYou can disable this messaging by toggling Sky Mall in your /hotm!
