21:06:40 §c[SkyHanni-0.27]: Caught a IllegalStateException in HoppityEggsManager at LorenzChatEvent: Unknown meal: Déjeuner§c. Click here to copy the error into the clipboard.§r
21:10:04 §e[SkyHanni] Click here to share the location of this chocolate egg with the server!§r
21:18:36 §e[SkyHanni] You are close to the Croesus Limit. Please open your chests!§r
21:27:41 §e[SkyHanni] You are close to the Croesus Limit. Please open your chests!§r
21:28:05 §e[SkyHanni] §eNext egg available in §b4m 24s§e.§r
21:28:47 §e[SkyHanni] §eNext egg available in §b3m 42s§e.§r
21:34:02 §6§lBESTIARY §r§b§lGaia Construct §7§8I §8➡§b §bII§r
21:35:57 §e[SkyHanni] §a[VIP§6+§a] HoldMyGoonie §l§efound an inquisitor at §l§c100 74 -144!§r
21:39:10 §6§lBESTIARY §r§b§lMinos Champion §7§8I §8➡§b §bII§r
21:40:51 §c[SkyHanni-0.27]: Caught a IllegalStateException in HoppityEggsManager at LorenzChatEvent: Unknown meal: Brunch§c. Click here to copy the error into the clipboard.§r
21:41:57 §6§lBESTIARY §r§b§lGaia Construct §7§8II §8➡§b §bIII§r
21:41:57 §e[SkyHanni] §b+2 SkyBlock XP §7(Mythological Kills§7)§b (35/100)§r
21:44:21 §6§lBESTIARY §r§b§lSiamese Lynx §7§8IV §8➡§b §bV§r
21:46:45 §6§lBESTIARY §r§b§lMinos Champion §7§8II §8➡§b §bIII§r
21:48:29 §6§lBESTIARY §r§b§lMinotaur §7§8III §8➡§b §bIV§r
21:52:31 §c[SkyHanni-0.27]: Caught a IllegalStateException in HoppityEggsManager at LorenzChatEvent: Unknown meal: Supper§c. Click here to copy the error into the clipboard.§r
21:55:12 §6§lBESTIARY §r§b§lMinos Champion §7§8III §8➡§b §bIV§r
22:03:19 §6§lBESTIARY §r§b§lSiamese Lynx §7§8V §8➡§b §bVI§r
22:05:50 §e[SkyHanni] §b[MVP§c+§b] Astrail §l§efound an inquisitor at §l§c129 73 -15!§r
22:09:41 §6§lBESTIARY §r§b§lMinotaur §7§8IV §8➡§b §bV§r
22:17:40 §6§lBESTIARY §r§b§lMinos Champion §7§8IV §8➡§b §bV§r
22:19:04 §e[SkyHanni] §b[MVP§c+§b] Astrail §l§efound an inquisitor at §l§c-19 70 -77!§r
22:20:50 §c[SkyHanni-0.27]: Caught a IllegalStateException in HoppityEggsManager at LorenzChatEvent: Unknown meal: Brunch§c. Click here to copy the error into the clipboard.§r
22:22:44 §6§lBESTIARY §r§b§lSiamese Lynx §7§8VI §8➡§b §bVII§r
22:30:43 §6§lBESTIARY §r§b§lGaia Construct §7§8III §8➡§b §bIV§r
22:32:30 §c[SkyHanni-0.27]: Caught a IllegalStateException in HoppityEggsManager at LorenzChatEvent: Unknown meal: Supper§c. Click here to copy the error into the clipboard.§r
22:34:15 §e[SkyHanni] §b[MVP§f+§b] Firemage_X §l§efound an inquisitor at §l§c88 72 -65!§r
22:34:49 §6§lBESTIARY §r§b§lMinos Inquisitor §7§bI§r
22:34:52 §e[SkyHanni] Inquisitor from §b[MVP§f+§b] Firemage_X §enot found, deleting.§r
22:35:56 §6§lBESTIARY §r§b§lMinotaur §7§8V §8➡§b §bVI§r
22:38:00 §6§lBESTIARY §r§b§lSiamese Lynx §7§8VII §8➡§b §bVIII§r
22:46:03 §e[SkyHanni] §b[MVP§c+§b] Astrail §l§efound an inquisitor at §l§c-108 73 64!§r
22:46:35 §e[SkyHanni] Inquisitor from §b[MVP§c+§b] Astrail §enot found, deleting.§r
22:47:05 §6§lBESTIARY §r§b§lMinotaur §7§8VI §8➡§b §bVII§r
22:54:09 §e[SkyHanni] Click here to share the location of this chocolate egg with the server!§r
22:54:21 §6§lBESTIARY §r§b§lMinos Champion §7§8V §8➡§b §bVI§r
22:55:00 §d§l▬▬▬▬▬▬▬▬▬▬▬▬▬▬▬▬▬▬▬▬▬▬▬▬▬▬▬▬▬▬▬▬▬▬▬▬▬▬▬▬▬▬▬▬▬▬▬▬▬▬▬▬▬▬▬▬▬▬▬▬▬▬▬▬
                          §d§lHoppity's Hunt #41 Stats

    §7You found §b19§7/§a279 §6Chocolate Meal Eggs§7.

    §7Unique Rabbits: §f17
     §f8 §7- §a5 §7- §92 §7- §50 §7- §61 §7- §d1 §7- §b0

    §7Duplicate Rabbits: §f2
     §f1 §7- §a1 §7- §90 §7- §50 §7- §60 §7- §d0 §7- §b0
     §6+5,333,710 Chocolate
§d§l▬▬▬▬▬▬▬▬▬▬▬▬▬▬▬▬▬▬▬▬▬▬▬▬▬▬▬▬▬▬▬▬▬▬▬▬▬▬▬▬▬▬▬▬▬▬▬▬▬▬▬▬▬▬▬▬▬▬▬▬▬▬▬▬§r
22:56:10 §6§lBESTIARY §r§b§lGaia Construct §7§8IV §8➡§b §bV§r
23:05:25 §6§lBESTIARY §r§b§lSiamese Lynx §7§8VIII §8➡§b §bIX§r
23:06:32 §e[SkyHanni] §a[VIP§6+§a] HoldMyGoonie §l§efound an inquisitor at §l§c-93 86 56!§r
23:07:05 §6§lBESTIARY §r§b§lMinos Inquisitor §7§8I §8➡§b §bII§r
23:07:09 §e[SkyHanni] Inquisitor from §a[VIP§6+§a] HoldMyGoonie §enot found, deleting.§r
23:11:36 §6§lBESTIARY §r§b§lGaia Construct §7§8V §8➡§b §bVI§r
23:12:22 §e[SkyHanni] §b+6 SkyBlock XP §7(Mythological Kills§7)§b (55/100)§r
