21:25:28 §f                                  §6§lBESTIARY
21:25:28 §f                     §b§lLost Adventurer §7§8XXI §8➡§b §bXXII
21:25:28 
21:25:28 §f                                  §r§6§lREWARDS
21:25:28 §f                 §r§8+§r§a6 §r§d§lLost Adventurer §r§b✯ Magic Find
21:25:28 §f                  §r§8+§r§a6 §r§d§lLost Adventurer §r§c❁ Strength
21:25:28 §f                     §r§8+§r§62% §r§a§r§d§lLost Adventurer §r§7coins
21:25:28 §f                    §r§8+§r§a50% §r§7chance for extra XP orbs
21:25:28 §f                               §r§8+§r§b1 SkyBlock XP
21:25:28 
21:25:28 §3§l▬▬▬▬▬▬▬▬▬▬▬▬▬▬▬▬▬▬▬▬▬▬▬▬▬▬▬▬▬▬▬▬▬▬▬▬▬▬▬▬▬▬▬▬▬▬▬▬▬▬▬▬▬▬▬▬▬▬▬▬▬▬▬▬
21:32:20 §f                                  §6§lBESTIARY
21:32:20 §f                       §b§lWither Guard §7§8XXIV §8➡§b §bXXV
21:32:20 
21:32:20 §f                                  §r§6§lREWARDS
21:32:20 §f                      §r§8+§r§a6 Wither Guard §r§b✯ Magic Find
21:32:20 §f                       §r§8+§r§a6 Wither Guard §r§c❁ Strength
21:32:20 §f                          §r§8+§r§62% §r§aWither Guard §r§7coins
21:32:20 §f                    §r§8+§r§a50% §r§7chance for extra XP orbs
21:32:20 §f                               §r§8+§r§b1 SkyBlock XP
21:32:20 
21:32:20 §3§l▬▬▬▬▬▬▬▬▬▬▬▬▬▬▬▬▬▬▬▬▬▬▬▬▬▬▬▬▬▬▬▬▬▬▬▬▬▬▬▬▬▬▬▬▬▬▬▬▬▬▬▬▬▬▬▬▬▬▬▬▬▬▬▬
21:41:00 §f                                  §6§lBESTIARY
21:41:00 §f                      §b§lCrypt Dreadlord §7§8XX §8➡§b §bXXI
21:41:00 
21:41:00 §f                                  §r§6§lREWARDS
21:41:00 §f                    §r§8+§r§a6 Crypt Dreadlord §r§b✯ Magic Find
21:41:00 §f                    §r§8+§r§a6 Crypt Dreadlord §r§c❁ Strength
21:41:00 §f                        §r§8+§r§62% §r§aCrypt Dreadlord §r§7coins
21:41:00 §f                    §r§8+§r§a50% §r§7chance for extra XP orbs
21:41:00 §f                               §r§8+§r§b1 SkyBlock XP
21:41:00 
21:41:00   §r§f                         §6§lBESTIARY MILESTONE
21:41:00   §r§f                                 §8CXLI➡§eCXLII
21:41:00 
21:41:00 §3§l▬▬▬▬▬▬▬▬▬▬▬▬▬▬▬▬▬▬▬▬▬▬▬▬▬▬▬▬▬▬▬▬▬▬▬▬▬▬▬▬▬▬▬▬▬▬▬▬▬▬▬▬▬▬▬▬▬▬▬▬▬▬▬▬
