11:02:47 Visitor status change for '§aShaggy': NEW -> WAITING (tooltipMissingItems)
11:02:50 Visitor status change for '§aShaggy': WAITING -> REFUSED (refused)
11:02:51 Visitor status change for '§aJack': NEW -> WAITING (tooltipMissingItems)
11:02:54 Visitor status change for '§aJack': WAITING -> REFUSED (refused)
11:02:55 Visitor status change for '§aFriendly Hiker': NEW -> WAITING (tooltipMissingItems)
11:02:57 Visitor status change for '§aFriendly Hiker': WAITING -> REFUSED (refused)
11:02:59 Visitor status change for '§aJacob': NEW -> WAITING (tooltipMissingItems)
11:03:03 Visitor status change for '§aAndrew': NEW -> WAITING (tooltipMissingItems)
11:03:06 Visitor status change for '§aAndrew': WAITING -> REFUSED (refused)
11:03:14 Visitor status change for '§aJacob': WAITING -> READY (hasItems)
11:03:15 Visitor status change for '§aJacob': READY -> ACCEPTED (accepted)
11:12:31 Visitor status change for '§aEmissary Wilson': NEW -> WAITING (tooltipMissingItems)
11:12:40 Visitor status change for '§aEmissary Wilson': WAITING -> READY (hasItems)
11:12:42 Visitor status change for '§aEmissary Wilson': READY -> ACCEPTED (accepted)
11:38:34 Visitor status change for '§aAlchemist': NEW -> WAITING (tooltipMissingItems)
11:38:36 Visitor status change for '§aAlchemist': WAITING -> REFUSED (refused)
11:38:37 Visitor status change for '§aFisherman': NEW -> WAITING (tooltipMissingItems)
11:38:39 Visitor status change for '§aFisherman': WAITING -> REFUSED (refused)
11:38:40 Visitor status change for '§aTarwen': NEW -> WAITING (tooltipMissingItems)
11:38:42 Visitor status change for '§aTarwen': WAITING -> REFUSED (refused)
11:38:43 Visitor status change for '§aFarmhand': NEW -> WAITING (tooltipMissingItems)
11:38:44 Visitor status change for '§aFarmhand': WAITING -> REFUSED (refused)
11:38:48 Visitor status change for '§aFelix': NEW -> WAITING (tooltipMissingItems)
11:38:50 Visitor status change for '§aFelix': WAITING -> REFUSED (refused)
14:14:12 Visitor status change for '§aEmissary Ceanna': NEW -> WAITING (tooltipMissingItems)
14:14:15 Visitor status change for '§aTerry': NEW -> WAITING (tooltipMissingItems)
14:14:19 Visitor status change for '§aTerry': WAITING -> REFUSED (refused)
14:14:20 Visitor status change for '§aLynn': NEW -> WAITING (tooltipMissingItems)
14:14:22 Visitor status change for '§aLynn': WAITING -> REFUSED (refused)
14:14:23 Visitor status change for '§aJotraeline Greatforge': NEW -> WAITING (tooltipMissingItems)
14:14:26 Visitor status change for '§aFelix': NEW -> WAITING (tooltipMissingItems)
14:14:29 Visitor status change for '§aFelix': WAITING -> REFUSED (refused)
14:14:37 Visitor status change for '§aEmissary Ceanna': WAITING -> READY (hasItems)
14:14:42 Visitor status change for '§aJotraeline Greatforge': WAITING -> READY (hasItems)
14:14:43 Visitor status change for '§aJotraeline Greatforge': READY -> ACCEPTED (accepted)
14:14:45 Visitor status change for '§aEmissary Ceanna': READY -> ACCEPTED (accepted)
14:35:18 Visitor status change for '§9Seymour': NEW -> WAITING (tooltipMissingItems)
14:35:30 Visitor status change for '§9Seymour': WAITING -> READY (hasItems)
14:35:31 Visitor status change for '§9Seymour': READY -> ACCEPTED (accepted)
14:35:45 Visitor status change for '§9Lazy Miner': NEW -> WAITING (tooltipMissingItems)
14:35:48 Visitor status change for '§aOdawa': NEW -> WAITING (tooltipMissingItems)
14:35:51 Visitor status change for '§aXalx': NEW -> WAITING (tooltipMissingItems)
14:35:55 Visitor status change for '§aAlchemist': NEW -> WAITING (tooltipMissingItems)
14:35:56 Visitor status change for '§aAlchemist': WAITING -> REFUSED (refused)
14:38:20 Visitor status change for '§9Lazy Miner': WAITING -> READY (hasItems)
14:38:26 Visitor status change for '§aOdawa': WAITING -> READY (hasItems)
14:38:32 Visitor status change for '§aXalx': WAITING -> READY (hasItems)
14:38:33 Visitor status change for '§9Lazy Miner': READY -> ACCEPTED (accepted)
14:38:35 Visitor status change for '§aOdawa': READY -> ACCEPTED (accepted)
14:38:36 Visitor status change for '§aXalx': READY -> ACCEPTED (accepted)
15:36:29 Visitor status change for '§9Lazy Miner': NEW -> WAITING (tooltipMissingItems)
15:36:33 Visitor status change for '§9Seymour': NEW -> WAITING (tooltipMissingItems)
15:36:48 Visitor status change for '§9Zog': NEW -> WAITING (tooltipMissingItems)
15:36:52 Visitor status change for '§aArthur': NEW -> WAITING (tooltipMissingItems)
15:36:56 Visitor status change for '§aPlumber Joe': NEW -> WAITING (tooltipMissingItems)
15:37:12 Visitor status change for '§9Lazy Miner': WAITING -> READY (hasItems)
15:37:30 Visitor status change for '§9Seymour': WAITING -> READY (hasItems)
15:37:37 Visitor status change for '§9Zog': WAITING -> READY (hasItems)
15:37:37 Visitor status change for '§aPlumber Joe': WAITING -> READY (hasItems)
15:37:44 Visitor status change for '§aArthur': WAITING -> READY (hasItems)
15:37:46 Visitor status change for '§9Lazy Miner': READY -> ACCEPTED (accepted)
15:37:47 Visitor status change for '§9Seymour': READY -> ACCEPTED (accepted)
15:37:50 Visitor status change for '§9Zog': READY -> ACCEPTED (accepted)
15:37:51 Visitor status change for '§aArthur': READY -> ACCEPTED (accepted)
15:37:53 Visitor status change for '§aPlumber Joe': READY -> ACCEPTED (accepted)
15:37:54 Visitor status change for '§aAlchemist': NEW -> WAITING (tooltipMissingItems)
15:37:56 Visitor status change for '§aAlchemist': WAITING -> REFUSED (refused)
