11:02:55 Removed old visitor: '§aShaggy'
11:02:58 Removed old visitor: '§aJack'
11:03:01 Removed old visitor: '§aFriendly Hiker'
11:03:10 Removed old visitor: '§aAndrew'
11:03:19 Removed old visitor: '§aJacob'
11:12:45 Removed old visitor: '§aEmissary Wilson'
11:38:41 Removed old visitor: '§aAlchemist'
11:38:44 Removed old visitor: '§aFisherman'
11:38:47 Removed old visitor: '§aTarwen'
11:38:50 Removed old visitor: '§aFarmhand'
11:38:56 Removed old visitor: '§aFelix'
14:14:22 Removed old visitor: '§aTerry'
14:14:25 Removed old visitor: '§aLynn'
14:14:38 Removed old visitor: '§aFelix'
14:14:47 Removed old visitor: '§aJotraeline Greatforge'
14:14:50 Removed old visitor: '§aEmissary Ceanna'
14:35:36 Removed old visitor: '§9Seymour'
14:36:00 Removed old visitor: '§aAlchemist'
14:38:39 Removed old visitor: '§9Lazy Miner'
14:38:39 Removed old visitor: '§aOdawa'
14:38:39 Removed old visitor: '§aXalx'
15:37:49 Removed old visitor: '§9Lazy Miner'
15:37:52 Removed old visitor: '§9Seymour'
15:37:55 Removed old visitor: '§9Zog'
15:37:55 Removed old visitor: '§aArthur'
15:37:58 Removed old visitor: '§aPlumber Joe'
15:38:01 Removed old visitor: '§aAlchemist'
