13:43:24 §f                                  §6§lBESTIARY
13:43:24 §f                        §b§lFlaming Spider §7§8VI §8➡§b §bVII
13:43:24 
13:43:24 §f                                  §r§6§lREWARDS
13:43:24 §f                     §r§8+§r§a3 Flaming Spider §r§b✯ Magic Find
13:43:24 §f                      §r§8+§r§a3 Flaming Spider §r§c❁ Strength
13:43:24 §f                         §r§8+§r§62% §r§aFlaming Spider §r§7coins
13:43:24 §f                    §r§8+§r§a50% §r§7chance for extra XP orbs
13:43:24 §f                               §r§8+§r§b1 SkyBlock XP
13:43:24 
13:43:24 §3§l▬▬▬▬▬▬▬▬▬▬▬▬▬▬▬▬▬▬▬▬▬▬▬▬▬▬▬▬▬▬▬▬▬▬▬▬▬▬▬▬▬▬▬▬▬▬▬▬▬▬▬▬▬▬▬▬▬▬▬▬▬▬▬▬
13:44:29 §f                                  §6§lBESTIARY
13:44:29 §f                           §b§lVanquisher §7§8III §8➡§b §bIV
13:44:29 
13:44:29 §f                                  §r§6§lREWARDS
13:44:29 §f                       §r§8+§r§a2 §r§5Vanquisher §r§b✯ Magic Find
13:44:29 §f                        §r§8+§r§a2 §r§5Vanquisher §r§c❁ Strength
13:44:29 §f                           §r§8+§r§62% §r§a§r§5Vanquisher §r§7coins
13:44:29 §f                    §r§8+§r§a50% §r§7chance for extra XP orbs
13:44:29 §f                               §r§8+§r§b1 SkyBlock XP
13:44:29 
13:44:29 §3§l▬▬▬▬▬▬▬▬▬▬▬▬▬▬▬▬▬▬▬▬▬▬▬▬▬▬▬▬▬▬▬▬▬▬▬▬▬▬▬▬▬▬▬▬▬▬▬▬▬▬▬▬▬▬▬▬▬▬▬▬▬▬▬▬
15:53:56 §f                                  §6§lBESTIARY
15:53:56 §f                           §b§lVanquisher §7§8IV §8➡§b §bV
15:53:56 
15:53:56 §f                                  §r§6§lREWARDS
15:53:56 §f                       §r§8+§r§a2 §r§5Vanquisher §r§b✯ Magic Find
15:53:56 §f                        §r§8+§r§a2 §r§5Vanquisher §r§c❁ Strength
15:53:56 §f                           §r§8+§r§62% §r§a§r§5Vanquisher §r§7coins
15:53:56 §f                    §r§8+§r§a50% §r§7chance for extra XP orbs
15:53:56 §f                               §r§8+§r§b1 SkyBlock XP
15:53:56 
15:53:56 §3§l▬▬▬▬▬▬▬▬▬▬▬▬▬▬▬▬▬▬▬▬▬▬▬▬▬▬▬▬▬▬▬▬▬▬▬▬▬▬▬▬▬▬▬▬▬▬▬▬▬▬▬▬▬▬▬▬▬▬▬▬▬▬▬▬
16:15:36 §f                                  §6§lBESTIARY
16:15:36 §f                   §b§lEndstone Protector §7§8VIII §8➡§b §bIX
16:15:36 
16:15:36 §f                                  §r§6§lREWARDS
16:15:36 §f                 §r§8+§r§a3 Endstone Protector §r§b✯ Magic Find
16:15:36 §f                  §r§8+§r§a3 Endstone Protector §r§c❁ Strength
16:15:36 §f                     §r§8+§r§62% §r§aEndstone Protector §r§7coins
16:15:36 §f                    §r§8+§r§a50% §r§7chance for extra XP orbs
16:15:36 §f                               §r§8+§r§b1 SkyBlock XP
16:15:36 
16:15:36 §3§l▬▬▬▬▬▬▬▬▬▬▬▬▬▬▬▬▬▬▬▬▬▬▬▬▬▬▬▬▬▬▬▬▬▬▬▬▬▬▬▬▬▬▬▬▬▬▬▬▬▬▬▬▬▬▬▬▬▬▬▬▬▬▬▬
17:45:10 §f                                  §6§lBESTIARY
17:45:10 §f                     §b§lShadow Assassin §7§8XXI §8➡§b §bXXII
17:45:10 
17:45:10 §f                                  §r§6§lREWARDS
17:45:10 §f                 §r§8+§r§a6 §r§d§lShadow Assassin §r§b✯ Magic Find
17:45:10 §f                  §r§8+§r§a6 §r§d§lShadow Assassin §r§c❁ Strength
17:45:10 §f                     §r§8+§r§62% §r§a§r§d§lShadow Assassin §r§7coins
17:45:10 §f                    §r§8+§r§a50% §r§7chance for extra XP orbs
17:45:10 §f                               §r§8+§r§b1 SkyBlock XP
17:45:10 
17:45:10 §3§l▬▬▬▬▬▬▬▬▬▬▬▬▬▬▬▬▬▬▬▬▬▬▬▬▬▬▬▬▬▬▬▬▬▬▬▬▬▬▬▬▬▬▬▬▬▬▬▬▬▬▬▬▬▬▬▬▬▬▬▬▬▬▬▬
20:08:30 §f                                  §6§lBESTIARY
20:08:30 §f                                 §b§lRat §7§8X §8➡§b §bXI
20:08:30 
20:08:30 §f                                  §r§6§lREWARDS
20:08:30 §f                          §r§6+0.4☘ Farming Fortune
20:08:30 §f                                §r§8+§r§62% §r§aRat §r§7coins
20:08:30 §f                    §r§8+§r§a50% §r§7chance for extra XP orbs
20:08:30 §f                               §r§8+§r§b1 SkyBlock XP
20:08:30 
20:08:30 §3§l▬▬▬▬▬▬▬▬▬▬▬▬▬▬▬▬▬▬▬▬▬▬▬▬▬▬▬▬▬▬▬▬▬▬▬▬▬▬▬▬▬▬▬▬▬▬▬▬▬▬▬▬▬▬▬▬▬▬▬▬▬▬▬▬
