13:34:02 §e[NPC] §9Shifty§f: §r§fIt seems like my brew selection is rather small...I've recently heard that melon juice is really sought after so maybe it can enhance my drinks' flavors!
13:34:06 §e[NPC] §9Shifty§f: §r§fWhat a pity! Enjoy the Bartender's terrible and unrefreshing mixins.
13:34:07 §e[NPC] §aJacob§f: §r§fHowdy! Fine barn ye got there eh? Good lad, you think ye could get me some wheat, eh?
13:34:09 §e[NPC] §aJacob§f: §r§fGosh darn it matey, can't believe ya do me like that, eh?
13:34:10 §e[NPC] §aDuke§f: §rYou seem new here. You should probably try to get some §aEnchanted Baked Potato §ffor me.
13:34:13 §e[NPC] §aDuke§f: §r§fMaybe next time.
13:34:14 §e[NPC] §9Gold Forger§f: §r§fDo Golden Carrots taste different than normal ones? I've actually never tried one before so I am pretty curious how they taste.
13:34:18 §e[NPC] §aXalx§f: §r§fHello gardener, I've been looking for some sugar to grow my new crop. Wanna try it?
13:34:23 §e[NPC] §aXalx§f: §r§fSmart choice.
13:34:52 §e[NPC] §9Gold Forger§f: §r§fDo Golden Carrots taste different than normal ones? I've actually never tried one before so I am pretty curious how they taste.
13:34:53 §e[NPC] §9Gold Forger§f: §r§fLet's taste...THIS IS DISGUSTING!!! Why would anyone waste such precious gold on this? Just like any other fancy food, expensive and gross...
16:53:14 §e[NPC] §aFelix§f: §r§fYou won't be able to store any items in the Garden, you should keep them on your Private Island!
16:53:17 §e[NPC] §aFelix§f: §r§fMaybe next time.
16:53:18 §e[NPC] §aFriendly Hiker§f: §r§fI'm planning to head back into the gorge to fetch my hiker friend, but I'll need some meat to cook before I head in there.
16:53:21 §e[NPC] §aFriendly Hiker§f: §r§fThat's alright. I can always head into the Oasis to hunt down some sheep.
16:53:22 §e[NPC] §aEmissary Carlton§f: §r§fThe King has sent me to go shopping for I am his favorite emissary!
16:53:26 §e[NPC] §6Madame Eleanor Q. Goldsworth III§f: §r§fI'm here to put a value on your farm. Bring me your fanciest crop.
16:53:29 §e[NPC] §9Emissary Sisko§f: §r§fI've heard I can find the best mushrooms here, and as the King's favorite emissary I will bring them to him!
16:53:55 §e[NPC] §9Emissary Sisko§f: §r§fMy standing as the King's favorite emissary is secured as soon as I bring these back home!
16:53:57 §e[NPC] §6Madame Eleanor Q. Goldsworth III§f: §rTruly Magnificent! I value your farm at a minimum of §6110,000,100 §fcoins!
16:53:58 §e[NPC] §aEmissary Carlton§f: §r§fThis will make me gain even more favor with the King!
20:21:18 §e[NPC] §aAlchemist§f: §r§fBeen running low on my brewing supplies, Nether Warts are quite hard to come by these days.
20:21:22 §e[NPC] §aAlchemist§f: §r§fUnfortunate, I'll see if I can find some Nether Warts from someone else.
20:21:23 §e[NPC] §9Emissary Sisko§f: §r§fI've heard I can find the best mushrooms here, and as the King's favorite emissary I will bring them to him!
20:21:26 §e[NPC] §aAndrew§f: §rDid you know that SkyBlock has been running for §b4642 §fin-game months already? Time flies.
20:21:30 §e[NPC] §aAndrew§f: §r§fI guess I'll come back in a bit.
20:21:31 §e[NPC] §aAdventurer§f: §r§fExploring the whole wide world makes me hungry, I could take some fresh potatoes.
20:21:36 §e[NPC] §aAdventurer§f: §r§fDarn it, I'll have to find another farmer then.
20:21:37 §e[NPC] §aEmissary Ceanna§f: §r§fThe King's favorite emissary is here to request potatoes for the King's great feast! 
20:22:23 §e[NPC] §9Emissary Sisko§f: §r§fI've heard I can find the best mushrooms here, and as the King's favorite emissary I will bring them to him!
20:22:25 §e[NPC] §9Emissary Sisko§f: §r§fMy standing as the King's favorite emissary is secured as soon as I bring these back home!
20:22:26 §e[NPC] §aEmissary Ceanna§f: §r§fThe King's favorite emissary is here to request potatoes for the King's great feast! 
20:22:27 §e[NPC] §aEmissary Ceanna§f: §r§fMaybe the King will even announce me as his favorite at the feast!
20:22:28 §e[NPC] §aFisherman§f: §r§fA Carrot King has been scaring off all the good fish, I need to deal with it before I lose more fish.
20:22:30 §e[NPC] §aFisherman§f: §r§fS'alright, we are all busy some days.
