13:33:04 §bNew day! §r§eYour §r§2Sky Mall §r§ebuff changed!
13:33:04 §eNew buff§r§r§r: §r§fGain §r§a+15% §r§fmore Powder while mining.
13:33:04 §8§oYou can disable this messaging by toggling Sky Mall in your /hotm!
13:35:00 §bNew day! §r§eYour §r§2Sky Mall §r§ebuff changed!
13:35:00 §eNew buff§r§r§r: §r§fGain §r§6+100⸕ Mining Speed§r§f.
13:35:00 §8§oYou can disable this messaging by toggling Sky Mall in your /hotm!
13:55:00 §bNew day! §r§eYour §r§2Sky Mall §r§ebuff changed!
13:55:00 §eNew buff§r§r§r: §r§f§r§a10x §r§fchance to find Golden and Diamond Goblins.
13:55:00 §8§oYou can disable this messaging by toggling Sky Mall in your /hotm!
14:15:00 §bNew day! §r§eYour §r§2Sky Mall §r§ebuff changed!
14:15:00 §eNew buff§r§r§r: §r§fGain §r§a5x §r§9Titanium §r§fdrops
14:15:00 §8§oYou can disable this messaging by toggling Sky Mall in your /hotm!
14:35:00 §bNew day! §r§eYour §r§2Sky Mall §r§ebuff changed!
14:35:00 §eNew buff§r§r§r: §r§f§r§a10x §r§fchance to find Golden and Diamond Goblins.
14:35:00 §8§oYou can disable this messaging by toggling Sky Mall in your /hotm!
14:55:00 §bNew day! §r§eYour §r§2Sky Mall §r§ebuff changed!
14:55:00 §eNew buff§r§r§r: §r§fGain §r§6+100⸕ Mining Speed§r§f.
14:55:00 §8§oYou can disable this messaging by toggling Sky Mall in your /hotm!
15:35:00 §bNew day! §r§eYour §r§2Sky Mall §r§ebuff changed!
15:35:00 §eNew buff§r§r§r: §r§f§r§a-20%§r§f Pickaxe Ability cooldowns.
15:35:00 §8§oYou can disable this messaging by toggling Sky Mall in your /hotm!
15:55:17 §bNew day! §r§eYour §r§2Sky Mall §r§ebuff changed!
15:55:17 §eNew buff§r§r§r: §r§f§r§a-20%§r§f Pickaxe Ability cooldowns.
15:55:17 §8§oYou can disable this messaging by toggling Sky Mall in your /hotm!
16:15:01 §bNew day! §r§eYour §r§2Sky Mall §r§ebuff changed!
16:15:01 §eNew buff§r§r§r: §r§fGain §r§6+50☘ Mining Fortune§r§f.
16:15:01 §8§oYou can disable this messaging by toggling Sky Mall in your /hotm!
16:35:00 §bNew day! §r§eYour §r§2Sky Mall §r§ebuff changed!
16:35:00 §eNew buff§r§r§r: §r§fGain §r§6+50☘ Mining Fortune§r§f.
16:35:00 §8§oYou can disable this messaging by toggling Sky Mall in your /hotm!
16:55:01 §bNew day! §r§eYour §r§2Sky Mall §r§ebuff changed!
16:55:01 §eNew buff§r§r§r: §r§f§r§a-20%§r§f Pickaxe Ability cooldowns.
16:55:01 §8§oYou can disable this messaging by toggling Sky Mall in your /hotm!
17:15:01 §bNew day! §r§eYour §r§2Sky Mall §r§ebuff changed!
17:15:01 §eNew buff§r§r§r: §r§fGain §r§6+50☘ Mining Fortune§r§f.
17:15:01 §8§oYou can disable this messaging by toggling Sky Mall in your /hotm!
17:35:00 §bNew day! §r§eYour §r§2Sky Mall §r§ebuff changed!
17:35:00 §eNew buff§r§r§r: §r§fGain §r§6+50☘ Mining Fortune§r§f.
17:35:00 §8§oYou can disable this messaging by toggling Sky Mall in your /hotm!
17:55:01 §bNew day! §r§eYour §r§2Sky Mall §r§ebuff changed!
17:55:01 §eNew buff§r§r§r: §r§f§r§a-20%§r§f Pickaxe Ability cooldowns.
17:55:01 §8§oYou can disable this messaging by toggling Sky Mall in your /hotm!
18:15:00 §bNew day! §r§eYour §r§2Sky Mall §r§ebuff changed!
18:15:00 §eNew buff§r§r§r: §r§fGain §r§a+15% §r§fmore Powder while mining.
18:15:00 §8§oYou can disable this messaging by toggling Sky Mall in your /hotm!
18:35:01 §bNew day! §r§eYour §r§2Sky Mall §r§ebuff changed!
18:35:01 §eNew buff§r§r§r: §r§fGain §r§a+15% §r§fmore Powder while mining.
18:35:01 §8§oYou can disable this messaging by toggling Sky Mall in your /hotm!
18:55:01 §bNew day! §r§eYour §r§2Sky Mall §r§ebuff changed!
18:55:01 §eNew buff§r§r§r: §r§fGain §r§a+15% §r§fmore Powder while mining.
18:55:01 §8§oYou can disable this messaging by toggling Sky Mall in your /hotm!
19:15:01 §bNew day! §r§eYour §r§2Sky Mall §r§ebuff changed!
19:15:01 §eNew buff§r§r§r: §r§fGain §r§6+100⸕ Mining Speed§r§f.
19:15:01 §8§oYou can disable this messaging by toggling Sky Mall in your /hotm!
19:35:01 §bNew day! §r§eYour §r§2Sky Mall §r§ebuff changed!
19:35:01 §eNew buff§r§r§r: §r§f§r§a10x §r§fchance to find Golden and Diamond Goblins.
19:35:01 §8§oYou can disable this messaging by toggling Sky Mall in your /hotm!
19:55:02 §bNew day! §r§eYour §r§2Sky Mall §r§ebuff changed!
19:55:02 §eNew buff§r§r§r: §r§fGain §r§a+15% §r§fmore Powder while mining.
19:55:02 §8§oYou can disable this messaging by toggling Sky Mall in your /hotm!
20:15:01 §bNew day! §r§eYour §r§2Sky Mall §r§ebuff changed!
20:15:01 §eNew buff§r§r§r: §r§f§r§a-20%§r§f Pickaxe Ability cooldowns.
20:15:01 §8§oYou can disable this messaging by toggling Sky Mall in your /hotm!
20:55:01 §bNew day! §r§eYour §r§2Sky Mall §r§ebuff changed!
20:55:01 §eNew buff§r§r§r: §r§fGain §r§a+15% §r§fmore Powder while mining.
20:55:01 §8§oYou can disable this messaging by toggling Sky Mall in your /hotm!
21:15:00 §bNew day! §r§eYour §r§2Sky Mall §r§ebuff changed!
21:15:00 §eNew buff§r§r§r: §r§fGain §r§6+100⸕ Mining Speed§r§f.
21:15:00 §8§oYou can disable this messaging by toggling Sky Mall in your /hotm!
21:35:00 §bNew day! §r§eYour §r§2Sky Mall §r§ebuff changed!
21:35:00 §eNew buff§r§r§r: §r§fGain §r§a+15% §r§fmore Powder while mining.
21:35:00 §8§oYou can disable this messaging by toggling Sky Mall in your /hotm!
