12:12:43 [SKYMALL] §bNew day! §r§eYour §r§2Sky Mall §r§ebuff changed!
12:12:43 [SKYMALL] §eNew buff§r§r§r: §r§fGain §r§a+15% §r§fmore Powder while mining.
12:12:43 [SKYMALL] §8§oYou can disable this messaging by toggling Sky Mall in your /hotm!
12:15:01 [SKYMALL] §bNew day! §r§eYour §r§2Sky Mall §r§ebuff changed!
12:15:01 [SKYMALL] §eNew buff§r§r§r: §r§f§r§a-20%§r§f Pickaxe Ability cooldowns.
12:15:01 [SKYMALL] §8§oYou can disable this messaging by toggling Sky Mall in your /hotm!
12:28:27 [GARDEN_VISITOR_MESSAGE] §e[NPC] §aWeaponsmith§f: §r§fHey! I am looking to make some Hot Potato Books to enhance some of my weapons, do you have any potatoes to spare?
12:28:31 [GARDEN_VISITOR_MESSAGE] §e[NPC] §aWeaponsmith§f: §r§fToo bad, I guess I'll have to look for actual metal next time...
12:28:32 [GARDEN_VISITOR_MESSAGE] §e[NPC] §aPlumber Joe§f: §r§fI once dumped a magical water bucket into the toilet. It won't stop overflowing. Anyway, you got something for me?
12:28:35 [GARDEN_VISITOR_MESSAGE] §e[NPC] §aPlumber Joe§f: §r§fI guess I'll just try to fix it myself.
12:28:36 [GARDEN_VISITOR_MESSAGE] §e[NPC] §aEmissary Fraiser§f: §r§fI know what all the others say, but I am the King's true favorite emissary.
12:28:38 [GARDEN_VISITOR_MESSAGE] §e[NPC] §aEmissary Fraiser§f: §r§fThe King will surely punish you for this disrespect!
12:28:40 [GARDEN_VISITOR_MESSAGE] §e[NPC] §9Gwendolyn§f: §r§fI don't really have a sweet tooth, but chocolate is probably my favorite thing in this world. But the supply is really poor mostly because of the mines' lack of accessibility.
12:29:12 [PEST_DROP] §eYou received §a2x Enchanted Nether Wart §efor killing a §6Beetle§e!
12:29:23 [PEST_DROP] §eYou received §a2x Enchanted Melon §efor killing an §6Earthworm§e!
12:29:29 [PEST_DROP] §eYou received §a3x Enchanted Nether Wart §efor killing a §6Beetle§e!
12:29:34 [PEST_DROP] §eYou received §a3x Enchanted Sugar §efor killing a §6Mosquito§e!
12:29:40 [PEST_DROP] §eYou received §a4x Enchanted Potato §efor killing a §6Locust§e!
12:29:49 [PEST_DROP] §eYou received §a3x Enchanted Nether Wart §efor killing a §6Beetle§e!
12:30:00 [PEST_DROP] §eYou received §a4x Enchanted Hay Bale §efor killing a §6Fly§e!
12:30:20 [PEST_DROP] §eYou received §a3x Enchanted Nether Wart §efor killing a §6Beetle§e!
12:35:01 [SKYMALL] §bNew day! §r§eYour §r§2Sky Mall §r§ebuff changed!
12:35:01 [SKYMALL] §eNew buff§r§r§r: §r§fGain §r§6+100⸕ Mining Speed§r§f.
12:35:01 [SKYMALL] §8§oYou can disable this messaging by toggling Sky Mall in your /hotm!
12:55:07 [SKYMALL] §bNew day! §r§eYour §r§2Sky Mall §r§ebuff changed!
12:55:07 [SKYMALL] §eNew buff§r§r§r: §r§fGain §r§6+50☘ Mining Fortune§r§f.
12:55:07 [SKYMALL] §8§oYou can disable this messaging by toggling Sky Mall in your /hotm!
13:01:36 [BESTIARY] §f                                  §6§lBESTIARY
13:01:36 [BESTIARY] §f                       §b§lWither Guard §7§8XXII §8➡§b §bXXIII
13:01:36 [BESTIARY] 
13:01:36 [BESTIARY] §f                                  §r§6§lREWARDS
13:01:36 [BESTIARY] §f                      §r§8+§r§a6 Wither Guard §r§b✯ Magic Find
13:01:36 [BESTIARY] §f                       §r§8+§r§a6 Wither Guard §r§c❁ Strength
13:01:36 [BESTIARY] §f                          §r§8+§r§62% §r§aWither Guard §r§7coins
13:01:36 [BESTIARY] §f                    §r§8+§r§a50% §r§7chance for extra XP orbs
13:01:36 [BESTIARY] §f                               §r§8+§r§b1 SkyBlock XP
13:01:36 [BESTIARY] 
13:01:36 [BESTIARY] §3§l▬▬▬▬▬▬▬▬▬▬▬▬▬▬▬▬▬▬▬▬▬▬▬▬▬▬▬▬▬▬▬▬▬▬▬▬▬▬▬▬▬▬▬▬▬▬▬▬▬▬▬▬▬▬▬▬▬▬▬▬▬▬▬▬
13:08:56 [GARDEN_VISITOR_MESSAGE] §e[NPC] §9Gwendolyn§f: §r§fI don't really have a sweet tooth, but chocolate is probably my favorite thing in this world. But the supply is really poor mostly because of the mines' lack of accessibility.
13:08:58 [GARDEN_VISITOR_MESSAGE] §e[NPC] §9Gwendolyn§f: §r§fAmazing! I haven't eaten such chocolatey goodness in a long time...Maybe they should invest in that rusty old lift.
13:10:54 [BESTIARY] §f                                  §6§lBESTIARY
13:10:54 [BESTIARY] §f                        §b§lSkeleton Lord §7§8XI §8➡§b §bXII
13:10:54 [BESTIARY] 
13:10:54 [BESTIARY] §f                                  §r§6§lREWARDS
13:10:54 [BESTIARY] §f                     §r§8+§r§a4 Skeleton Lord §r§b✯ Magic Find
13:10:54 [BESTIARY] §f                      §r§8+§r§a4 Skeleton Lord §r§c❁ Strength
13:10:54 [BESTIARY] §f                         §r§8+§r§62% §r§aSkeleton Lord §r§7coins
13:10:54 [BESTIARY] §f                    §r§8+§r§a50% §r§7chance for extra XP orbs
13:10:54 [BESTIARY] §f                               §r§8+§r§b1 SkyBlock XP
13:10:54 [BESTIARY] 
13:10:54 [BESTIARY] §3§l▬▬▬▬▬▬▬▬▬▬▬▬▬▬▬▬▬▬▬▬▬▬▬▬▬▬▬▬▬▬▬▬▬▬▬▬▬▬▬▬▬▬▬▬▬▬▬▬▬▬▬▬▬▬▬▬▬▬▬▬▬▬▬▬
