10:41:46 [SKYMALL] §bNew day! §r§eYour §r§2Sky Mall §r§ebuff changed!
10:41:46 [SKYMALL] §eNew buff§r§r§r: §r§f§r§a-20%§r§f Pickaxe Ability cooldowns.
10:41:46 [SKYMALL] §8§oYou can disable this messaging by toggling Sky Mall in your /hotm!
10:42:32 [GARDEN_VISITOR_MESSAGE] §e[NPC] §9Rusty§f: §rEver wondered how I find all the things that other players lost? I outsource it. Right now, someone is looking for their §aEnchanted Pumpkin§f. Can you find that for me?
10:42:37 [GARDEN_VISITOR_MESSAGE] §e[NPC] §aAdventurer§f: §r§fExploring the whole wide world makes me hungry, I could take some fresh potatoes.
10:42:39 [GARDEN_VISITOR_MESSAGE] §e[NPC] §aAdventurer§f: §r§fDarn it, I'll have to find another farmer then.
10:42:40 [GARDEN_VISITOR_MESSAGE] §e[NPC] §aGeonathan Greatforge§f: §r§fI usually only work with Oil Barrels, but I'd like to try making some Biofuel from compost.
10:42:43 [GARDEN_VISITOR_MESSAGE] §e[NPC] §9Old Man Garry§f: §r§fPeople have no manners these days. They come up to me, and disappear instantly! They don't even greet me! Back in my day, we were raised better than that.
10:42:47 [GARDEN_VISITOR_MESSAGE] §e[NPC] §aJack§f: §r§fDid you know that you gain additional §6☘ Farming Fortune §fwhile on the §aThe Garden§f? You can check it in your SkyBlock Profile!
10:42:50 [GARDEN_VISITOR_MESSAGE] §e[NPC] §aJack§f: §r§fI'll come by later.
10:43:23 [GARDEN_VISITOR_MESSAGE] §e[NPC] §9Rusty§f: §r§fThere we go, a job well done. I'll make sure to leave a good review for you!
10:43:24 [GARDEN_VISITOR_MESSAGE] §e[NPC] §aGeonathan Greatforge§f: §r§fOil Barrels are far superior, but at least this is 100% renewable. Pretty neat!
10:43:26 [GARDEN_VISITOR_MESSAGE] §e[NPC] §9Old Man Garry§f: §r§fIt turns out, manners haven't all been lost yet.
10:46:26 [PEST_DROP] §eYou received §a21x Enchanted Cactus Green §efor killing a §2Mite§e!
10:46:34 [PEST_DROP] §eYou received §a29x Enchanted Cactus Green §efor killing a §2Mite§e!
10:46:39 [PEST_DROP] §eYou received §a36x Enchanted Sugar §efor killing a §2Mosquito§e!
10:46:46 [BESTIARY] §f                                  §6§lBESTIARY
10:46:46 [BESTIARY] §f                                §b§lSlug §7§8IX §8➡§b §bX
10:46:46 [BESTIARY] 
10:46:46 [BESTIARY] §f                                  §r§6§lREWARDS
10:46:46 [BESTIARY] §f                          §r§6+0.4☘ Farming Fortune
10:46:46 [BESTIARY] §f                               §r§8+§r§62% §r§aSlug §r§7coins
10:46:46 [BESTIARY] §f                    §r§8+§r§a50% §r§7chance for extra XP orbs
10:46:46 [BESTIARY] §f                               §r§8+§r§b1 SkyBlock XP
10:46:46 [BESTIARY] 
10:46:46 [BESTIARY] §3§l▬▬▬▬▬▬▬▬▬▬▬▬▬▬▬▬▬▬▬▬▬▬▬▬▬▬▬▬▬▬▬▬▬▬▬▬▬▬▬▬▬▬▬▬▬▬▬▬▬▬▬▬▬▬▬▬▬▬▬▬▬▬▬▬
10:46:46 [PEST_DROP] §eYou received §a19x Enchanted Brown Mushroom §efor killing a §2Slug§e!
10:46:48 [PEST_DROP] §eYou received §a58x Enchanted Cocoa Beans §efor killing a §2Moth§e!
10:47:00 [PEST_DROP] §eYou received §a68x Enchanted Potato §efor killing a §2Locust§e!
10:47:03 [PEST_DROP] §eYou received §a20x Enchanted Red Mushroom §efor killing a §2Slug§e!
10:47:15 [PEST_DROP] §eYou received §a102x Enchanted Melon §efor killing an §2Earthworm§e!
10:55:02 [SKYMALL] §bNew day! §r§eYour §r§2Sky Mall §r§ebuff changed!
10:55:02 [SKYMALL] §eNew buff§r§r§r: §r§f§r§a-20%§r§f Pickaxe Ability cooldowns.
10:55:02 [SKYMALL] §8§oYou can disable this messaging by toggling Sky Mall in your /hotm!
11:15:01 [SKYMALL] §bNew day! §r§eYour §r§2Sky Mall §r§ebuff changed!
11:15:01 [SKYMALL] §eNew buff§r§r§r: §r§fGain §r§6+100⸕ Mining Speed§r§f.
11:15:01 [SKYMALL] §8§oYou can disable this messaging by toggling Sky Mall in your /hotm!
11:35:03 [SKYMALL] §bNew day! §r§eYour §r§2Sky Mall §r§ebuff changed!
11:35:03 [SKYMALL] §eNew buff§r§r§r: §r§fGain §r§a+15% §r§fmore Powder while mining.
11:35:03 [SKYMALL] §8§oYou can disable this messaging by toggling Sky Mall in your /hotm!
12:03:25 [BESTIARY] §f                                  §6§lBESTIARY
12:03:25 [BESTIARY] §f                           §b§lMage Outlaw §7§8V §8➡§b §bVI
12:03:25 [BESTIARY] 
12:03:25 [BESTIARY] §f                                  §r§6§lREWARDS
12:03:25 [BESTIARY] §f                     §r§8+§r§a3 §r§5§lMage Outlaw §r§b✯ Magic Find
12:03:25 [BESTIARY] §f                      §r§8+§r§a3 §r§5§lMage Outlaw §r§c❁ Strength
12:03:25 [BESTIARY] §f                         §r§8+§r§62% §r§a§r§5§lMage Outlaw §r§7coins
12:03:25 [BESTIARY] §f                    §r§8+§r§a50% §r§7chance for extra XP orbs
12:03:25 [BESTIARY] §f                               §r§8+§r§b1 SkyBlock XP
12:03:25 [BESTIARY] 
12:03:25 [BESTIARY] §3§l▬▬▬▬▬▬▬▬▬▬▬▬▬▬▬▬▬▬▬▬▬▬▬▬▬▬▬▬▬▬▬▬▬▬▬▬▬▬▬▬▬▬▬▬▬▬▬▬▬▬▬▬▬▬▬▬▬▬▬▬▬▬▬▬
