10:42:26 §e[SkyHanni] §9Rusty §eis visiting your garden!§r
10:42:26 §e[SkyHanni] §aAdventurer §eis visiting your garden!§r
10:42:26 §e[SkyHanni] §aGeonathan Greatforge §eis visiting your garden!§r
10:42:26 §e[SkyHanni] §9Old Man Garry §eis visiting your garden!§r
10:42:26 §e[SkyHanni] §aJack §eis visiting your garden!§r
10:42:27 §e[SkyHanni] Successfully loaded this year's contests from elitebot.dev automatically!§r
10:42:28 §c[SkyHanni-0.27]: Error loading user farming weight
§eLoading the farming weight data from elitebot.dev failed!
§eYou can re-enter the garden to try to fix the problem.
§cIf this message repeats, please report it on Discord§c. Click here to copy the error into the clipboard.§r
10:46:34 §e[SkyHanni] Loaded Cactus milestone data from level up chat message!§r
10:46:35 §e[SkyHanni] §b+2 SkyBlock XP §7(Crop Milestones§7)§b (0/100)§r
10:46:46 §6§lBESTIARY §r§b§lSlug §7§8IX §8➡§b §bX§r
10:58:12 §e[SkyHanni] You are close to the Croesus Limit. Please open your chests!§r
10:58:42 §c[SkyHanni-0.27]: Caught a IllegalStateException in HoppityAPI at LorenzChatEvent: Unknown meal: Supper§c. Click here to copy the error into the clipboard.§r
11:08:39 §e[SkyHanni] Click here to load 61 more collected egg locations from NEU PV!§r
11:08:39 §e[SkyHanni] Click here to load Trophy Fishing data from NEU PV!§r
11:08:55 §e[SkyHanni] You are close to the Croesus Limit. Please open your chests!§r
11:16:20 §e[SkyHanni] You are close to the Croesus Limit. Please open your chests!§r
11:17:20 §e[SkyHanni] Click here to share the location of this chocolate egg with the server!§r
11:25:52 §e[SkyHanni] You are close to the Croesus Limit. Please open your chests!§r
11:36:49 §e[SkyHanni] You are close to the Croesus Limit. Please open your chests!§r
11:37:21 §c[SkyHanni-0.27]: Caught a IllegalStateException in HoppityAPI at LorenzChatEvent: Unknown meal: Supper§c. Click here to copy the error into the clipboard.§r
11:37:29 §e[SkyHanni] Click here to share the location of this chocolate egg with the server!§r
11:43:24 §e[SkyHanni] §b+1 SkyBlock XP §7(HOTM Progression§7)§b (2/100)§r
11:52:31 §c[SkyHanni-0.27]: Caught a IllegalStateException in HoppityEggsManager at LorenzChatEvent: Unknown meal: Supper§c. Click here to copy the error into the clipboard.§r
11:56:42 §e[SkyHanni] §b+35 SkyBlock XP §7(Personal Bank Upgrade§7)§b (41/100)§r
12:03:25 §6§lBESTIARY §r§b§lMage Outlaw §7§8V §8➡§b §bVI§r
12:04:27 §c[SkyHanni-0.27]: Caught a IllegalStateException in HoppityAPI at LorenzChatEvent: Unknown meal: Brunch§c. Click here to copy the error into the clipboard.§r
