13:48:38 [SKYMALL] §bNew day! §r§eYour §r§2Sky Mall §r§ebuff changed!
13:48:38 [SKYMALL] §eNew buff§r§r§r: §r§fGain §r§6+100⸕ Mining Speed§r§f.
13:48:38 [SKYMALL] §8§oYou can disable this messaging by toggling Sky Mall in your /hotm!
13:55:02 [SKYMALL] §bNew day! §r§eYour §r§2Sky Mall §r§ebuff changed!
13:55:02 [SKYMALL] §eNew buff§r§r§r: §r§fGain §r§a5x §r§9Titanium §r§fdrops
13:55:02 [SKYMALL] §8§oYou can disable this messaging by toggling Sky Mall in your /hotm!
14:15:01 [SKYMALL] §bNew day! §r§eYour §r§2Sky Mall §r§ebuff changed!
14:15:01 [SKYMALL] §eNew buff§r§r§r: §r§fGain §r§6+100⸕ Mining Speed§r§f.
14:15:01 [SKYMALL] §8§oYou can disable this messaging by toggling Sky Mall in your /hotm!
16:06:14 [SKYMALL] §bNew day! §r§eYour §r§2Sky Mall §r§ebuff changed!
16:06:14 [SKYMALL] §eNew buff§r§r§r: §r§fGain §r§a+15% §r§fmore Powder while mining.
16:06:14 [SKYMALL] §8§oYou can disable this messaging by toggling Sky Mall in your /hotm!
16:15:04 [SKYMALL] §bNew day! §r§eYour §r§2Sky Mall §r§ebuff changed!
16:15:04 [SKYMALL] §eNew buff§r§r§r: §r§fGain §r§6+50☘ Mining Fortune§r§f.
16:15:04 [SKYMALL] §8§oYou can disable this messaging by toggling Sky Mall in your /hotm!
16:35:05 [SKYMALL] §bNew day! §r§eYour §r§2Sky Mall §r§ebuff changed!
16:35:05 [SKYMALL] §eNew buff§r§r§r: §r§f§r§a-20%§r§f Pickaxe Ability cooldowns.
16:35:05 [SKYMALL] §8§oYou can disable this messaging by toggling Sky Mall in your /hotm!
16:55:01 [SKYMALL] §bNew day! §r§eYour §r§2Sky Mall §r§ebuff changed!
16:55:01 [SKYMALL] §eNew buff§r§r§r: §r§fGain §r§6+50☘ Mining Fortune§r§f.
16:55:01 [SKYMALL] §8§oYou can disable this messaging by toggling Sky Mall in your /hotm!
17:15:03 [SKYMALL] §bNew day! §r§eYour §r§2Sky Mall §r§ebuff changed!
17:15:03 [SKYMALL] §eNew buff§r§r§r: §r§fGain §r§a+15% §r§fmore Powder while mining.
17:15:03 [SKYMALL] §8§oYou can disable this messaging by toggling Sky Mall in your /hotm!
17:17:53 [BESTIARY] §f                                  §6§lBESTIARY
17:17:53 [BESTIARY] §f                        §b§lZombie Lord §7§8XIII §8➡§b §bXIV
17:17:53 [BESTIARY] 
17:17:53 [BESTIARY] §f                                  §r§6§lREWARDS
17:17:53 [BESTIARY] §f                      §r§8+§r§a4 Zombie Lord §r§b✯ Magic Find
17:17:53 [BESTIARY] §f                       §r§8+§r§a4 Zombie Lord §r§c❁ Strength
17:17:53 [BESTIARY] §f                          §r§8+§r§62% §r§aZombie Lord §r§7coins
17:17:53 [BESTIARY] §f                    §r§8+§r§a50% §r§7chance for extra XP orbs
17:17:53 [BESTIARY] §f                               §r§8+§r§b1 SkyBlock XP
17:17:53 [BESTIARY] 
17:17:53 [BESTIARY] §3§l▬▬▬▬▬▬▬▬▬▬▬▬▬▬▬▬▬▬▬▬▬▬▬▬▬▬▬▬▬▬▬▬▬▬▬▬▬▬▬▬▬▬▬▬▬▬▬▬▬▬▬▬▬▬▬▬▬▬▬▬▬▬▬▬
17:26:29 [BESTIARY] §f                                  §6§lBESTIARY
17:26:29 [BESTIARY] §f                              §b§lFels §7§8XXI §8➡§b §bXXII
17:26:29 [BESTIARY] 
17:26:29 [BESTIARY] §f                                  §r§6§lREWARDS
17:26:29 [BESTIARY] §f                           §r§8+§r§a6 Fels §r§b✯ Magic Find
17:26:29 [BESTIARY] §f                            §r§8+§r§a6 Fels §r§c❁ Strength
17:26:29 [BESTIARY] §f                               §r§8+§r§62% §r§aFels §r§7coins
17:26:29 [BESTIARY] §f                    §r§8+§r§a50% §r§7chance for extra XP orbs
17:26:29 [BESTIARY] §f                               §r§8+§r§b1 SkyBlock XP
17:26:29 [BESTIARY] 
17:26:29 [BESTIARY] §3§l▬▬▬▬▬▬▬▬▬▬▬▬▬▬▬▬▬▬▬▬▬▬▬▬▬▬▬▬▬▬▬▬▬▬▬▬▬▬▬▬▬▬▬▬▬▬▬▬▬▬▬▬▬▬▬▬▬▬▬▬▬▬▬▬
17:27:13 [BESTIARY] §f                                  §6§lBESTIARY
17:27:13 [BESTIARY] §f                         §b§lMinos Hunter §7§8XI §8➡§b §bXII
17:27:13 [BESTIARY] 
17:27:13 [BESTIARY] §f                                  §r§6§lREWARDS
17:27:13 [BESTIARY] §f                      §r§8+§r§a4 Minos Hunter §r§b✯ Magic Find
17:27:13 [BESTIARY] §f                       §r§8+§r§a4 Minos Hunter §r§c❁ Strength
17:27:13 [BESTIARY] §f                          §r§8+§r§62% §r§aMinos Hunter §r§7coins
17:27:13 [BESTIARY] §f                    §r§8+§r§a50% §r§7chance for extra XP orbs
17:27:13 [BESTIARY] §f                               §r§8+§r§b1 SkyBlock XP
17:27:13 [BESTIARY] 
17:27:13 [BESTIARY] §3§l▬▬▬▬▬▬▬▬▬▬▬▬▬▬▬▬▬▬▬▬▬▬▬▬▬▬▬▬▬▬▬▬▬▬▬▬▬▬▬▬▬▬▬▬▬▬▬▬▬▬▬▬▬▬▬▬▬▬▬▬▬▬▬▬
17:27:39 [GARDEN_VISITOR_MESSAGE] §e[NPC] §9Bartender§f: §r§fI want to make some new brews, do you think you can give me some ingredients to work with?
17:27:43 [GARDEN_VISITOR_MESSAGE] §e[NPC] §aFear Mongerer§f: §r§fMortal, the time of reckoning is near. The Past will light the future.
17:27:44 [GARDEN_VISITOR_MESSAGE] §e[NPC] §aFear Mongerer§f: §r§fSoon.
17:27:45 [GARDEN_VISITOR_MESSAGE] §e[NPC] §aAndrew§f: §rDid you know that SkyBlock has been running for §b4637 §fin-game months already? Time flies.
17:27:46 [GARDEN_VISITOR_MESSAGE] §e[NPC] §aAndrew§f: §r§fI guess I'll come back in a bit.
17:27:48 [NEW_VISITOR_ARRIVED] §a§r§aAnita §r§ehas arrived on your §r§aGarden§r§e!
17:27:48 [GARDEN_VISITOR_MESSAGE] §e[NPC] §9Bartender§f: §r§fHard times we are in. Take care!
17:27:51 [GARDEN_VISITOR_MESSAGE] §e[NPC] §9Shifty§f: §r§fIt seems like my brew selection is rather small...I've recently heard that melon juice is really sought after so maybe it can enhance my drinks' flavors!
17:27:54 [GARDEN_VISITOR_MESSAGE] §e[NPC] §9Gold Forger§f: §r§fDo Golden Carrots taste different than normal ones? I've actually never tried one before so I am pretty curious how they taste.
17:27:59 [GARDEN_VISITOR_MESSAGE] §e[NPC] §aAnita§f: §r§fHey hey hey again! I'll trade you some copper for some carrots!
17:28:02 [GARDEN_VISITOR_MESSAGE] §e[NPC] §aAnita§f: §r§fOh, darn it :(
17:28:16 [GARDEN_VISITOR_MESSAGE] §e[NPC] §9Shifty§f: §r§fWell done! I'm sure that even Sirius will enjoy my revolutionary melon refreshments.
17:29:16 [GARDEN_VISITOR_MESSAGE] §e[NPC] §9Gold Forger§f: §r§fDo Golden Carrots taste different than normal ones? I've actually never tried one before so I am pretty curious how they taste.
17:29:18 [GARDEN_VISITOR_MESSAGE] §e[NPC] §9Gold Forger§f: §r§fLet's taste...THIS IS DISGUSTING!!! Why would anyone waste such precious gold on this? Just like any other fancy food, expensive and gross...
17:29:37 [PEST_DROP] §eYou received §a11x Enchanted Sugar §efor killing a §2Mosquito§e!
17:29:39 [PEST_DROP] §eYou received §a19x Enchanted Nether Wart §efor killing a §2Beetle§e!
17:29:50 [PEST_DROP] §eYou received §a17x Enchanted Sugar §efor killing a §2Mosquito§e!
17:29:57 [PEST_DROP] §eYou received §a28x Enchanted Sugar §efor killing a §2Mosquito§e!
17:30:04 [PEST_DROP] §eYou received §a13x Enchanted Pumpkin §efor killing a §2Rat§e!
17:30:12 [PEST_DROP] §eYou received §a14x Enchanted Pumpkin §efor killing a §2Rat§e!
17:30:28 [PEST_DROP] §eYou received §a14x Enchanted Pumpkin §efor killing a §2Rat§e!
17:30:41 [PEST_DROP] §eYou received §a28x Enchanted Sugar §efor killing a §2Mosquito§e!
17:33:17 [NEW_VISITOR_ARRIVED] §a§r§aLynn §r§ehas arrived on your §r§aGarden§r§e!
17:35:01 [SKYMALL] §bNew day! §r§eYour §r§2Sky Mall §r§ebuff changed!
17:35:01 [SKYMALL] §eNew buff§r§r§r: §r§f§r§a-20%§r§f Pickaxe Ability cooldowns.
17:35:01 [SKYMALL] §8§oYou can disable this messaging by toggling Sky Mall in your /hotm!
17:41:54 [NEW_VISITOR_ARRIVED] §a§r§aLibrarian §r§ehas arrived on your §r§aGarden§r§e!
17:53:54 [NEW_VISITOR_ARRIVED] §a§r§aAdventurer §r§ehas arrived on your §r§aGarden§r§e!
17:55:01 [SKYMALL] §bNew day! §r§eYour §r§2Sky Mall §r§ebuff changed!
17:55:01 [SKYMALL] §eNew buff§r§r§r: §r§fGain §r§a+15% §r§fmore Powder while mining.
17:55:01 [SKYMALL] §8§oYou can disable this messaging by toggling Sky Mall in your /hotm!
18:05:36 [NEW_VISITOR_ARRIVED] §a§r§aEmissary Ceanna §r§ehas arrived on your §r§aGarden§r§e!
18:09:23 [PEST_DROP] §eYou received §a89x Enchanted Melon §efor killing an §2Earthworm§e!
18:15:01 [SKYMALL] §bNew day! §r§eYour §r§2Sky Mall §r§ebuff changed!
18:15:01 [SKYMALL] §eNew buff§r§r§r: §r§fGain §r§6+50☘ Mining Fortune§r§f.
18:15:01 [SKYMALL] §8§oYou can disable this messaging by toggling Sky Mall in your /hotm!
18:15:42 [NEW_VISITOR_ARRIVED] §a§r§aEmissary Carlton §r§ehas arrived on your §r§aGarden§r§e!
18:30:36 [PEST_DROP] §eYou received §a54x Enchanted Nether Wart §efor killing a §2Beetle§e!
18:30:45 [PEST_DROP] §eYou received §a19x Enchanted Pumpkin §efor killing a §2Rat§e!
18:30:52 [PEST_DROP] §eYou received §a38x Enchanted Sugar §efor killing a §2Mosquito§e!
18:31:07 [PEST_DROP] §eYou received §a36x Enchanted Cactus Green §efor killing a §2Mite§e!
18:35:01 [SKYMALL] §bNew day! §r§eYour §r§2Sky Mall §r§ebuff changed!
18:35:01 [SKYMALL] §eNew buff§r§r§r: §r§fGain §r§a+15% §r§fmore Powder while mining.
18:35:01 [SKYMALL] §8§oYou can disable this messaging by toggling Sky Mall in your /hotm!
18:55:01 [SKYMALL] §bNew day! §r§eYour §r§2Sky Mall §r§ebuff changed!
18:55:01 [SKYMALL] §eNew buff§r§r§r: §r§fGain §r§6+50☘ Mining Fortune§r§f.
18:55:01 [SKYMALL] §8§oYou can disable this messaging by toggling Sky Mall in your /hotm!
19:06:52 [PEST_DROP] §eYou received §a54x Enchanted Nether Wart §efor killing a §2Beetle§e!
19:08:51 [PEST_DROP] §eYou received §a37x Enchanted Sugar §efor killing a §2Mosquito§e!
19:15:01 [SKYMALL] §bNew day! §r§eYour §r§2Sky Mall §r§ebuff changed!
19:15:01 [SKYMALL] §eNew buff§r§r§r: §r§fGain §r§6+100⸕ Mining Speed§r§f.
19:15:01 [SKYMALL] §8§oYou can disable this messaging by toggling Sky Mall in your /hotm!
19:16:42 [PEST_DROP] §eYou received §a36x Enchanted Cactus Green §efor killing a §2Mite§e!
19:16:48 [PEST_DROP] §eYou received §a36x Enchanted Cactus Green §efor killing a §2Mite§e!
19:16:49 [PEST_DROP] §eYou received §a18x Enchanted Brown Mushroom §efor killing a §2Slug§e!
19:35:01 [SKYMALL] §bNew day! §r§eYour §r§2Sky Mall §r§ebuff changed!
19:35:01 [SKYMALL] §eNew buff§r§r§r: §r§fGain §r§6+100⸕ Mining Speed§r§f.
19:35:01 [SKYMALL] §8§oYou can disable this messaging by toggling Sky Mall in your /hotm!
19:36:33 [PEST_DROP] §eYou received §a18x Enchanted Wheat §efor killing a §2Fly§e!
19:55:00 [SKYMALL] §bNew day! §r§eYour §r§2Sky Mall §r§ebuff changed!
19:55:00 [SKYMALL] §eNew buff§r§r§r: §r§fGain §r§a+15% §r§fmore Powder while mining.
19:55:00 [SKYMALL] §8§oYou can disable this messaging by toggling Sky Mall in your /hotm!
20:15:01 [SKYMALL] §bNew day! §r§eYour §r§2Sky Mall §r§ebuff changed!
20:15:01 [SKYMALL] §eNew buff§r§r§r: §r§fGain §r§a+15% §r§fmore Powder while mining.
20:15:01 [SKYMALL] §8§oYou can disable this messaging by toggling Sky Mall in your /hotm!
20:25:11 [PEST_DROP] §eYou received §a53x Enchanted Cocoa Beans §efor killing a §2Moth§e!
20:25:19 [PEST_DROP] §eYou received §a20x Enchanted Wheat §efor killing a §2Fly§e!
20:25:28 [PEST_DROP] §eYou received §a67x Enchanted Potato §efor killing a §2Locust§e!
20:25:39 [PEST_DROP] §eYou received §a58x Enchanted Nether Wart §efor killing a §2Beetle§e!
20:35:01 [SKYMALL] §bNew day! §r§eYour §r§2Sky Mall §r§ebuff changed!
20:35:01 [SKYMALL] §eNew buff§r§r§r: §r§fGain §r§6+50☘ Mining Fortune§r§f.
20:35:01 [SKYMALL] §8§oYou can disable this messaging by toggling Sky Mall in your /hotm!
20:35:37 [PEST_DROP] §eYou received §a41x Enchanted Sugar §efor killing a §2Mosquito§e!
20:35:47 [PEST_DROP] §eYou received §a67x Enchanted Carrot §efor killing a §2Cricket§e!
20:37:04 [GARDEN_VISITOR_MESSAGE] §e[NPC] §aLynn§f: §r§fIf you ever get lost, you should check on the Desk on what to do next.
20:37:07 [GARDEN_VISITOR_MESSAGE] §e[NPC] §aLynn§f: §r§fMaybe next time.
20:37:07 [GARDEN_VISITOR_MESSAGE] §e[NPC] §aLibrarian§f: §r§fGreetings! I've been running low on paper recently for my Enchanted Books, could you bring me some Sugar Cane?
20:37:10 [NEW_VISITOR_ARRIVED] §a§r§aEmissary Wilson §r§ehas arrived on your §r§aGarden§r§e!
20:37:10 [GARDEN_VISITOR_MESSAGE] §e[NPC] §aLibrarian§f: §r§fVery unfortunate, I really needed that paper...
20:37:11 [GARDEN_VISITOR_MESSAGE] §e[NPC] §aAdventurer§f: §r§fExploring the whole wide world makes me hungry, I could take some fresh potatoes.
20:37:13 [GARDEN_VISITOR_MESSAGE] §e[NPC] §aAdventurer§f: §r§fDarn it, I'll have to find another farmer then.
20:37:13 [GARDEN_VISITOR_MESSAGE] §e[NPC] §aEmissary Ceanna§f: §r§fThe King's favorite emissary is here to request potatoes for the King's great feast! 
20:37:17 [GARDEN_VISITOR_MESSAGE] §e[NPC] §aEmissary Carlton§f: §r§fThe King has sent me to go shopping for I am his favorite emissary!
20:37:20 [GARDEN_VISITOR_MESSAGE] §e[NPC] §aEmissary Wilson§f: §r§fThe King's least favorite vegetable is carrot, so he sent me, his favorite emissary, to make it better!
20:37:44 [GARDEN_VISITOR_MESSAGE] §e[NPC] §aEmissary Ceanna§f: §r§fMaybe the King will even announce me as his favorite at the feast!
20:37:45 [GARDEN_VISITOR_MESSAGE] §e[NPC] §aEmissary Carlton§f: §r§fThis will make me gain even more favor with the King!
20:37:46 [GARDEN_VISITOR_MESSAGE] §e[NPC] §aEmissary Wilson§f: §r§fI'm sure that by giving him his least favorite vegetable, he'll make me his favoritest emissary!
