14:03:07 §e[SkyHanni] You are close to the Croesus Limit. Please open your chests!§r
14:19:17 §e[SkyHanni] You are close to the Croesus Limit. Please open your chests!§r
16:07:26 §e[SkyHanni] Click here to load 49 more collected egg locations from NEU PV!§r
16:07:26 §e[SkyHanni] Click here to load Trophy Fishing data from NEU PV!§r
16:16:30 §e[SkyHanni] You are close to the Croesus Limit. Please open your chests!§r
16:26:55 §e[SkyHanni] You are close to the Croesus Limit. Please open your chests!§r
16:39:59 §e[SkyHanni] You are close to the Croesus Limit. Please open your chests!§r
16:49:34 §e[SkyHanni] You are close to the Croesus Limit. Please open your chests!§r
16:56:15 §e[SkyHanni] You are close to the Croesus Limit. Please open your chests!§r
17:07:58 §e[SkyHanni] You are close to the Croesus Limit. Please open your chests!§r
17:17:53 §6§lBESTIARY §r§b§lZombie Lord §7§8XIII §8➡§b §bXIV§r
17:26:29 §6§lBESTIARY §r§b§lFels §7§8XXI §8➡§b §bXXII§r
17:27:13 §6§lBESTIARY §r§b§lMinos Hunter §7§8XI §8➡§b §bXII§r
17:27:34 §e[SkyHanni] §9Bartender §eis visiting your garden!§r
17:27:34 §e[SkyHanni] §aAndrew §eis visiting your garden!§r
17:27:34 §e[SkyHanni] §aFear Mongerer §eis visiting your garden!§r
17:27:34 §e[SkyHanni] §9Shifty §eis visiting your garden!§r
17:27:34 §e[SkyHanni] §9Gold Forger §eis visiting your garden!§r
17:27:49 §e[SkyHanni] §aAnita §eis visiting your garden!§r
17:29:38 §e[SkyHanni] Started tracking your Jacob Contest Blocks Per Second!§r
17:30:29 §e[SkyHanni] Loaded Pumpkin milestone data from tab list!§r
17:31:53 §e[SkyHanni] Loaded Sugar Cane milestone data from tab list!§r
17:33:20 §e[SkyHanni] §aLynn §eis visiting your garden!§r
17:35:02 §e[SkyHanni] Stats for Sugar Cane Contest:§r
17:35:02 §e[SkyHanni] §7Blocks Broken in total: §e3,611§r
17:35:02 §e[SkyHanni] §7Average Blocks Per Second: §a11.18§r
17:35:02 §e[SkyHanni] §7Participated for §b5m 23s§r
17:41:54 §e[SkyHanni] §aLibrarian §eis visiting your garden!§r
17:53:56 §e[SkyHanni] §aAdventurer §eis visiting your garden!§r
18:05:39 §e[SkyHanni] §aEmissary Ceanna §eis visiting your garden!§r
18:15:43 §e[SkyHanni] §aEmissary Carlton §eis visiting your garden!§r
18:16:05 §e[SkyHanni] Started tracking your Jacob Contest Blocks Per Second!§r
18:16:07 §e[SkyHanni] Loaded Mushroom milestone data from tab list!§r
18:18:29 §e[SkyHanni] Duplicate Custom Keybinds aren't allowed!§r
18:35:01 §e[SkyHanni] Stats for Mushroom Contest:§r
18:35:01 §e[SkyHanni] §7Blocks Broken in total: §e11,323§r
18:35:01 §e[SkyHanni] §7Average Blocks Per Second: §a9.98§r
18:35:01 §e[SkyHanni] §7Participated for §b18m 55s§r
19:16:25 §e[SkyHanni] Started tracking your Jacob Contest Blocks Per Second!§r
19:16:43 §e[SkyHanni] You changed the crop during the contest, resetting the Blocks Per Second calculation..§r
19:18:22 §e[SkyHanni] You changed the crop during the contest, resetting the Blocks Per Second calculation..§r
19:35:01 §e[SkyHanni] Stats for Sugar Cane Contest:§r
19:35:01 §e[SkyHanni] §7Blocks Broken in total: §e18,802§r
19:35:01 §e[SkyHanni] §7Average Blocks Per Second: §a18.82§r
19:35:01 §e[SkyHanni] §7Participated for §b16m 39s§r
19:37:01 §e[SkyHanni] §b+12 SkyBlock XP §7(Pet Score§7)§b (55/100)§r
19:39:31 §e[SkyHanni] Loaded Melon milestone data from tab list!§r
19:55:09 §e[SkyHanni] §cCan not read Crop Fortune from tab list! Open /widget, enable the Stats Widget and show latest Crop Fortune, also give the widget enough priority.§r
19:56:18 §e[SkyHanni] §cCan not read Crop Fortune from tab list! Open /widget, enable the Stats Widget and show latest Crop Fortune, also give the widget enough priority.§r
19:57:18 §e[SkyHanni] §cCan not read Crop Fortune from tab list! Open /widget, enable the Stats Widget and show latest Crop Fortune, also give the widget enough priority.§r
19:58:18 §e[SkyHanni] §cCan not read Crop Fortune from tab list! Open /widget, enable the Stats Widget and show latest Crop Fortune, also give the widget enough priority.§r
20:15:12 §e[SkyHanni] Started tracking your Jacob Contest Blocks Per Second!§r
20:35:04 §e[SkyHanni] Stats for Melon Contest:§r
20:35:04 §e[SkyHanni] §7Blocks Broken in total: §e19,108§r
20:35:04 §e[SkyHanni] §7Average Blocks Per Second: §a16.04§r
20:35:04 §e[SkyHanni] §7Participated for §b19m 51s§r
20:37:12 §e[SkyHanni] §aEmissary Wilson §eis visiting your garden!§r
20:37:46 §e[SkyHanni] §b+1 SkyBlock XP §7(HOTM Progression§7)§b (66/100)§r
