19:22:55 §f                                  §6§lBESTIARY
19:22:55 §f                       §b§lThe Sea Emperor §7§8I §8➡§b §bII
19:22:55 
19:22:55 §f                                  §r§6§lREWARDS
19:22:55 §f                   §r§8+§r§a2 The Sea Emperor §r§b✯ Magic Find
19:22:55 §f                    §r§8+§r§a2 The Sea Emperor §r§c❁ Strength
19:22:55 §f                       §r§8+§r§62% §r§aThe Sea Emperor §r§7coins
19:22:55 §f                    §r§8+§r§a50% §r§7chance for extra XP orbs
19:22:55 §f                               §r§8+§r§b1 SkyBlock XP
19:22:55 
19:22:55 §3§l▬▬▬▬▬▬▬▬▬▬▬▬▬▬▬▬▬▬▬▬▬▬▬▬▬▬▬▬▬▬▬▬▬▬▬▬▬▬▬▬▬▬▬▬▬▬▬▬▬▬▬▬▬▬▬▬▬▬▬▬▬▬▬▬
19:23:53 §f                                  §6§lBESTIARY
19:23:53 §f                             §b§lSea Witch §7§8V §8➡§b §bVI
19:23:53 
19:23:53 §f                                  §r§6§lREWARDS
19:23:53 §f                        §r§8+§r§a3 Sea Witch §r§b✯ Magic Find
19:23:53 §f                         §r§8+§r§a3 Sea Witch §r§c❁ Strength
19:23:53 §f                            §r§8+§r§62% §r§aSea Witch §r§7coins
19:23:53 §f                    §r§8+§r§a50% §r§7chance for extra XP orbs
19:23:53 §f                               §r§8+§r§b1 SkyBlock XP
19:23:53 
19:23:53 §3§l▬▬▬▬▬▬▬▬▬▬▬▬▬▬▬▬▬▬▬▬▬▬▬▬▬▬▬▬▬▬▬▬▬▬▬▬▬▬▬▬▬▬▬▬▬▬▬▬▬▬▬▬▬▬▬▬▬▬▬▬▬▬▬▬
19:25:01 §f                                  §6§lBESTIARY
19:25:01 §f                         §b§lFrozen Steve §7§8II §8➡§b §bIII
19:25:01 
19:25:01 §f                                  §r§6§lREWARDS
19:25:01 §f                     §r§8+§r§a2 Frozen Steve §r§b✯ Magic Find
19:25:01 §f                      §r§8+§r§a2 Frozen Steve §r§c❁ Strength
19:25:01 §f                         §r§8+§r§62% §r§aFrozen Steve §r§7coins
19:25:01 §f                    §r§8+§r§a50% §r§7chance for extra XP orbs
19:25:01 §f                               §r§8+§r§b1 SkyBlock XP
19:25:01 
19:25:01   §r§f                         §6§lBESTIARY MILESTONE
19:25:01   §r§f                                  §8CLV➡§eCLVI
19:25:01 
19:25:01 §3§l▬▬▬▬▬▬▬▬▬▬▬▬▬▬▬▬▬▬▬▬▬▬▬▬▬▬▬▬▬▬▬▬▬▬▬▬▬▬▬▬▬▬▬▬▬▬▬▬▬▬▬▬▬▬▬▬▬▬▬▬▬▬▬▬
19:25:28 §f                                  §6§lBESTIARY
19:25:28 §f                               §b§lFrosty §7§8I §8➡§b §bII
19:25:28 
19:25:28 §f                                  §r§6§lREWARDS
19:25:28 §f                          §r§8+§r§a2 Frosty §r§b✯ Magic Find
19:25:28 §f                          §r§8+§r§a2 Frosty §r§c❁ Strength
19:25:28 §f                              §r§8+§r§62% §r§aFrosty §r§7coins
19:25:28 §f                    §r§8+§r§a50% §r§7chance for extra XP orbs
19:25:28 §f                               §r§8+§r§b1 SkyBlock XP
19:25:28 
19:25:28 §3§l▬▬▬▬▬▬▬▬▬▬▬▬▬▬▬▬▬▬▬▬▬▬▬▬▬▬▬▬▬▬▬▬▬▬▬▬▬▬▬▬▬▬▬▬▬▬▬▬▬▬▬▬▬▬▬▬▬▬▬▬▬▬▬▬
19:30:30 §f                                  §6§lBESTIARY
19:30:30 §f                          §b§lWater Hydra §7§8III §8➡§b §bIV
19:30:30 
19:30:30 §f                                  §r§6§lREWARDS
19:30:30 §f                      §r§8+§r§a2 Water Hydra §r§b✯ Magic Find
19:30:30 §f                       §r§8+§r§a2 Water Hydra §r§c❁ Strength
19:30:30 §f                          §r§8+§r§62% §r§aWater Hydra §r§7coins
19:30:30 §f                    §r§8+§r§a50% §r§7chance for extra XP orbs
19:30:30 §f                               §r§8+§r§b1 SkyBlock XP
19:30:30 
19:30:30 §3§l▬▬▬▬▬▬▬▬▬▬▬▬▬▬▬▬▬▬▬▬▬▬▬▬▬▬▬▬▬▬▬▬▬▬▬▬▬▬▬▬▬▬▬▬▬▬▬▬▬▬▬▬▬▬▬▬▬▬▬▬▬▬▬▬
19:33:43 §f                                  §6§lBESTIARY
19:33:43 §f                               §b§lNutcracker §7§bI
19:33:43 
19:33:43 §f                                  §r§6§lREWARDS
19:33:43 §f                       §r§8+§r§a2 Nutcracker §r§b✯ Magic Find
19:33:43 §f                        §r§8+§r§a2 Nutcracker §r§c❁ Strength
19:33:43 §f                           §r§8+§r§62% §r§aNutcracker §r§7coins
19:33:43 §f                    §r§8+§r§a50% §r§7chance for extra XP orbs
19:33:43 §f                               §r§8+§r§b1 SkyBlock XP
19:33:43 
19:33:43 §3§l▬▬▬▬▬▬▬▬▬▬▬▬▬▬▬▬▬▬▬▬▬▬▬▬▬▬▬▬▬▬▬▬▬▬▬▬▬▬▬▬▬▬▬▬▬▬▬▬▬▬▬▬▬▬▬▬▬▬▬▬▬▬▬▬
19:40:39 §f                                  §6§lBESTIARY
19:40:39 §f                              §b§lFrosty §7§8II §8➡§b §bIII
19:40:39 
19:40:39 §f                                  §r§6§lREWARDS
19:40:39 §f                          §r§8+§r§a2 Frosty §r§b✯ Magic Find
19:40:39 §f                          §r§8+§r§a2 Frosty §r§c❁ Strength
19:40:39 §f                              §r§8+§r§62% §r§aFrosty §r§7coins
19:40:39 §f                    §r§8+§r§a50% §r§7chance for extra XP orbs
19:40:39 §f                               §r§8+§r§b1 SkyBlock XP
19:40:39 
19:40:39 §3§l▬▬▬▬▬▬▬▬▬▬▬▬▬▬▬▬▬▬▬▬▬▬▬▬▬▬▬▬▬▬▬▬▬▬▬▬▬▬▬▬▬▬▬▬▬▬▬▬▬▬▬▬▬▬▬▬▬▬▬▬▬▬▬▬
19:44:31 §f                                  §6§lBESTIARY
19:44:31 §f                              §b§lFrosty §7§8III §8➡§b §bIV
19:44:31 
19:44:31 §f                                  §r§6§lREWARDS
19:44:31 §f                          §r§8+§r§a2 Frosty §r§b✯ Magic Find
19:44:31 §f                          §r§8+§r§a2 Frosty §r§c❁ Strength
19:44:31 §f                              §r§8+§r§62% §r§aFrosty §r§7coins
19:44:31 §f                    §r§8+§r§a50% §r§7chance for extra XP orbs
19:44:31 §f                               §r§8+§r§b1 SkyBlock XP
19:44:31 
19:44:31 §3§l▬▬▬▬▬▬▬▬▬▬▬▬▬▬▬▬▬▬▬▬▬▬▬▬▬▬▬▬▬▬▬▬▬▬▬▬▬▬▬▬▬▬▬▬▬▬▬▬▬▬▬▬▬▬▬▬▬▬▬▬▬▬▬▬
19:46:16 §f                                  §6§lBESTIARY
19:46:16 §f                         §b§lFrozen Steve §7§8III §8➡§b §bIV
19:46:16 
19:46:16 §f                                  §r§6§lREWARDS
19:46:16 §f                     §r§8+§r§a2 Frozen Steve §r§b✯ Magic Find
19:46:16 §f                      §r§8+§r§a2 Frozen Steve §r§c❁ Strength
19:46:16 §f                         §r§8+§r§62% §r§aFrozen Steve §r§7coins
19:46:16 §f                    §r§8+§r§a50% §r§7chance for extra XP orbs
19:46:16 §f                               §r§8+§r§b1 SkyBlock XP
19:46:16 
19:46:16 §3§l▬▬▬▬▬▬▬▬▬▬▬▬▬▬▬▬▬▬▬▬▬▬▬▬▬▬▬▬▬▬▬▬▬▬▬▬▬▬▬▬▬▬▬▬▬▬▬▬▬▬▬▬▬▬▬▬▬▬▬▬▬▬▬▬
19:51:51 §f                                  §6§lBESTIARY
19:51:51 §f                          §b§lFrozen Steve §7§8IV §8➡§b §bV
19:51:51 
19:51:51 §f                                  §r§6§lREWARDS
19:51:51 §f                     §r§8+§r§a2 Frozen Steve §r§b✯ Magic Find
19:51:51 §f                      §r§8+§r§a2 Frozen Steve §r§c❁ Strength
19:51:51 §f                         §r§8+§r§62% §r§aFrozen Steve §r§7coins
19:51:51 §f                    §r§8+§r§a50% §r§7chance for extra XP orbs
19:51:51 §f                               §r§8+§r§b1 SkyBlock XP
19:51:51 
19:51:51 §3§l▬▬▬▬▬▬▬▬▬▬▬▬▬▬▬▬▬▬▬▬▬▬▬▬▬▬▬▬▬▬▬▬▬▬▬▬▬▬▬▬▬▬▬▬▬▬▬▬▬▬▬▬▬▬▬▬▬▬▬▬▬▬▬▬
