18:52:42 §bNew day! §r§eYour §r§2Sky Mall §r§ebuff changed!
18:52:42 §eNew buff§r§r§r: §r§fGain §r§6+100⸕ Mining Speed§r§f.
18:52:42 §8§oYou can disable this messaging by toggling Sky Mall in your /hotm!
18:55:01 §bNew day! §r§eYour §r§2Sky Mall §r§ebuff changed!
18:55:01 §eNew buff§r§r§r: §r§fGain §r§6+50☘ Mining Fortune§r§f.
18:55:01 §8§oYou can disable this messaging by toggling Sky Mall in your /hotm!
19:15:01 §bNew day! §r§eYour §r§2Sky Mall §r§ebuff changed!
19:15:01 §eNew buff§r§r§r: §r§fGain §r§a+15% §r§fmore Powder while mining.
19:15:01 §8§oYou can disable this messaging by toggling Sky Mall in your /hotm!
19:35:01 §bNew day! §r§eYour §r§2Sky Mall §r§ebuff changed!
19:35:01 §eNew buff§r§r§r: §r§fGain §r§6+50☘ Mining Fortune§r§f.
19:35:01 §8§oYou can disable this messaging by toggling Sky Mall in your /hotm!
19:55:01 §bNew day! §r§eYour §r§2Sky Mall §r§ebuff changed!
19:55:01 §eNew buff§r§r§r: §r§f§r§a-20%§r§f Pickaxe Ability cooldowns.
19:55:01 §8§oYou can disable this messaging by toggling Sky Mall in your /hotm!
20:15:01 §bNew day! §r§eYour §r§2Sky Mall §r§ebuff changed!
20:15:01 §eNew buff§r§r§r: §r§fGain §r§6+100⸕ Mining Speed§r§f.
20:15:01 §8§oYou can disable this messaging by toggling Sky Mall in your /hotm!
20:35:01 §bNew day! §r§eYour §r§2Sky Mall §r§ebuff changed!
20:35:01 §eNew buff§r§r§r: §r§f§r§a-20%§r§f Pickaxe Ability cooldowns.
20:35:01 §8§oYou can disable this messaging by toggling Sky Mall in your /hotm!
21:16:49 §bNew day! §r§eYour §r§2Sky Mall §r§ebuff changed!
21:16:49 §eNew buff§r§r§r: §r§fGain §r§6+100⸕ Mining Speed§r§f.
21:16:49 §8§oYou can disable this messaging by toggling Sky Mall in your /hotm!
21:35:01 §bNew day! §r§eYour §r§2Sky Mall §r§ebuff changed!
21:35:01 §eNew buff§r§r§r: §r§fGain §r§6+50☘ Mining Fortune§r§f.
21:35:01 §8§oYou can disable this messaging by toggling Sky Mall in your /hotm!
22:35:01 §bNew day! §r§eYour §r§2Sky Mall §r§ebuff changed!
22:35:01 §eNew buff§r§r§r: §r§fGain §r§6+50☘ Mining Fortune§r§f.
22:35:01 §8§oYou can disable this messaging by toggling Sky Mall in your /hotm!
