14:40:20 §f                                  §6§lBESTIARY
14:40:20 §f                               §b§lLocust §7§8X §8➡§b §bXI
14:40:20 
14:40:20 §f                                  §r§6§lREWARDS
14:40:20 §f                          §r§6+0.4☘ Farming Fortune
14:40:20 §f                              §r§8+§r§62% §r§aLocust §r§7coins
14:40:20 §f                    §r§8+§r§a50% §r§7chance for extra XP orbs
14:40:20 §f                               §r§8+§r§b1 SkyBlock XP
14:40:20 
14:40:20 §3§l▬▬▬▬▬▬▬▬▬▬▬▬▬▬▬▬▬▬▬▬▬▬▬▬▬▬▬▬▬▬▬▬▬▬▬▬▬▬▬▬▬▬▬▬▬▬▬▬▬▬▬▬▬▬▬▬▬▬▬▬▬▬▬▬
15:03:50 §f                                  §6§lBESTIARY
15:03:50 §f                               §b§lSlug §7§8VIII §8➡§b §bIX
15:03:50 
15:03:50 §f                                  §r§6§lREWARDS
15:03:50 §f                          §r§6+0.4☘ Farming Fortune
15:03:50 §f                               §r§8+§r§62% §r§aSlug §r§7coins
15:03:50 §f                    §r§8+§r§a50% §r§7chance for extra XP orbs
15:03:50 §f                               §r§8+§r§b1 SkyBlock XP
15:03:50 
15:03:50   §r§f                         §6§lBESTIARY MILESTONE
15:03:50   §r§f                                  §8CLIV➡§eCLV
15:03:50 
15:03:50 §3§l▬▬▬▬▬▬▬▬▬▬▬▬▬▬▬▬▬▬▬▬▬▬▬▬▬▬▬▬▬▬▬▬▬▬▬▬▬▬▬▬▬▬▬▬▬▬▬▬▬▬▬▬▬▬▬▬▬▬▬▬▬▬▬▬
