11:11:47 §eYou received §a24x Enchanted Cocoa Beans §efor killing a §2Moth§e!
11:11:53 §eYou received §a37x Enchanted Potato §efor killing a §2Locust§e!
11:12:02 §eYou received §a14x Enchanted Wheat §efor killing a §2Fly§e!
11:12:02 §eYou received §a15x Enchanted Brown Mushroom §efor killing a §2Slug§e!
11:12:10 §eYou received §a53x Enchanted Potato §efor killing a §2Locust§e!
11:12:13 §eYou received §a53x Enchanted Potato §efor killing a §2Locust§e!
11:12:21 §eYou received §a53x Enchanted Potato §efor killing a §2Locust§e!
11:12:22 §eYou received §a31x Enchanted Cactus Green §efor killing a §2Mite§e!
14:08:51 §eYou received §a15x Enchanted Cactus Green §efor killing a §2Mite§e!
14:09:01 §eYou received §a17x Enchanted Cactus Green §efor killing a §2Mite§e!
14:09:24 §eYou received §a27x Enchanted Nether Wart §efor killing a §2Beetle§e!
14:09:32 §eYou received §a41x Enchanted Melon §efor killing an §2Earthworm§e!
14:09:44 §eYou received §a24x Enchanted Cocoa Beans §efor killing a §2Moth§e!
14:10:00 §eYou received §a18x Enchanted Red Mushroom §efor killing a §2Slug§e!
14:40:20 §eYou received §a68x Enchanted Potato §efor killing a §2Locust§e!
14:40:30 §eYou received §a68x Enchanted Carrot §efor killing a §2Cricket§e!
14:40:39 §eYou received §a19x Enchanted Wheat §efor killing a §2Fly§e!
14:40:44 §eYou received §a40x Enchanted Cactus Green §efor killing a §2Mite§e!
15:03:50 §eYou received §a20x Enchanted Brown Mushroom §efor killing a §2Slug§e!
15:03:58 §eYou received §a68x Enchanted Potato §efor killing a §2Locust§e!
15:13:03 §eYou received §a19x Enchanted Wheat §efor killing a §2Fly§e!
15:40:31 §eYou received §a10x Enchanted Brown Mushroom §efor killing a §2Slug§e!
15:40:37 §eYou received §a35x Enchanted Potato §efor killing a §2Locust§e!
15:40:49 §eYou received §a10x Enchanted Red Mushroom §efor killing a §2Slug§e!
15:41:00 §eYou received §a29x Enchanted Cocoa Beans §efor killing a §2Moth§e!
