11:01:36 §bNew day! §r§eYour §r§2Sky Mall §r§ebuff changed!
11:01:36 §eNew buff§r§r§r: §r§fGain §r§6+50☘ Mining Fortune§r§f.
11:01:36 §8§oYou can disable this messaging by toggling Sky Mall in your /hotm!
11:15:01 §bNew day! §r§eYour §r§2Sky Mall §r§ebuff changed!
11:15:01 §eNew buff§r§r§r: §r§fGain §r§6+100⸕ Mining Speed§r§f.
11:15:01 §8§oYou can disable this messaging by toggling Sky Mall in your /hotm!
11:35:01 §bNew day! §r§eYour §r§2Sky Mall §r§ebuff changed!
11:35:01 §eNew buff§r§r§r: §r§fGain §r§6+100⸕ Mining Speed§r§f.
11:35:01 §8§oYou can disable this messaging by toggling Sky Mall in your /hotm!
11:55:01 §bNew day! §r§eYour §r§2Sky Mall §r§ebuff changed!
11:55:01 §eNew buff§r§r§r: §r§f§r§a10x §r§fchance to find Golden and Diamond Goblins.
11:55:01 §8§oYou can disable this messaging by toggling Sky Mall in your /hotm!
12:15:01 §bNew day! §r§eYour §r§2Sky Mall §r§ebuff changed!
12:15:01 §eNew buff§r§r§r: §r§fGain §r§6+50☘ Mining Fortune§r§f.
12:15:01 §8§oYou can disable this messaging by toggling Sky Mall in your /hotm!
12:35:01 §bNew day! §r§eYour §r§2Sky Mall §r§ebuff changed!
12:35:01 §eNew buff§r§r§r: §r§fGain §r§6+100⸕ Mining Speed§r§f.
12:35:01 §8§oYou can disable this messaging by toggling Sky Mall in your /hotm!
12:55:01 §bNew day! §r§eYour §r§2Sky Mall §r§ebuff changed!
12:55:01 §eNew buff§r§r§r: §r§fGain §r§a+15% §r§fmore Powder while mining.
12:55:01 §8§oYou can disable this messaging by toggling Sky Mall in your /hotm!
13:15:03 §bNew day! §r§eYour §r§2Sky Mall §r§ebuff changed!
13:15:03 §eNew buff§r§r§r: §r§f§r§a-20%§r§f Pickaxe Ability cooldowns.
13:15:03 §8§oYou can disable this messaging by toggling Sky Mall in your /hotm!
13:35:02 §bNew day! §r§eYour §r§2Sky Mall §r§ebuff changed!
13:35:02 §eNew buff§r§r§r: §r§fGain §r§6+100⸕ Mining Speed§r§f.
13:35:02 §8§oYou can disable this messaging by toggling Sky Mall in your /hotm!
13:55:02 §bNew day! §r§eYour §r§2Sky Mall §r§ebuff changed!
13:55:02 §eNew buff§r§r§r: §r§fGain §r§6+50☘ Mining Fortune§r§f.
13:55:02 §8§oYou can disable this messaging by toggling Sky Mall in your /hotm!
14:15:02 §bNew day! §r§eYour §r§2Sky Mall §r§ebuff changed!
14:15:02 §eNew buff§r§r§r: §r§fGain §r§6+100⸕ Mining Speed§r§f.
14:15:02 §8§oYou can disable this messaging by toggling Sky Mall in your /hotm!
14:35:01 §bNew day! §r§eYour §r§2Sky Mall §r§ebuff changed!
14:35:01 §eNew buff§r§r§r: §r§f§r§a-20%§r§f Pickaxe Ability cooldowns.
14:35:01 §8§oYou can disable this messaging by toggling Sky Mall in your /hotm!
14:55:01 §bNew day! §r§eYour §r§2Sky Mall §r§ebuff changed!
14:55:01 §eNew buff§r§r§r: §r§fGain §r§6+50☘ Mining Fortune§r§f.
14:55:01 §8§oYou can disable this messaging by toggling Sky Mall in your /hotm!
15:15:01 §bNew day! §r§eYour §r§2Sky Mall §r§ebuff changed!
15:15:01 §eNew buff§r§r§r: §r§fGain §r§6+100⸕ Mining Speed§r§f.
15:15:01 §8§oYou can disable this messaging by toggling Sky Mall in your /hotm!
15:35:01 §bNew day! §r§eYour §r§2Sky Mall §r§ebuff changed!
15:35:01 §eNew buff§r§r§r: §r§f§r§a10x §r§fchance to find Golden and Diamond Goblins.
15:35:01 §8§oYou can disable this messaging by toggling Sky Mall in your /hotm!
