21:48:22 
21:48:22 blocked link because:
21:48:22 isGuiScreen
21:48:22 isNotInSignAndOnSlot
21:48:22 
21:48:22 
21:48:22 blocked link because:
21:48:22 isGuiScreen
21:48:22 isNotInSignAndOnSlot
21:48:22 
21:48:22 
21:48:22 blocked link because:
21:48:22 isGuiScreen
21:48:22 isNotInSignAndOnSlot
21:48:22 
21:48:22 
21:48:22 blocked link because:
21:48:22 isGuiScreen
21:48:22 isNotInSignAndOnSlot
21:48:22 
21:48:22 
21:48:22 blocked link because:
21:48:22 isGuiScreen
21:48:22 isNotInSignAndOnSlot
21:48:22 
21:48:22 
21:48:22 blocked link because:
21:48:22 isGuiScreen
21:48:22 isNotInSignAndOnSlot
21:48:22 
21:48:22 
21:48:22 blocked link because:
21:48:22 isGuiScreen
21:48:22 isNotInSignAndOnSlot
21:48:22 
21:48:22 
21:48:22 blocked link because:
21:48:22 isGuiScreen
21:48:22 isNotInSignAndOnSlot
21:48:22 
21:48:22 
21:48:22 blocked link because:
21:48:22 isGuiScreen
21:48:22 isNotInSignAndOnSlot
21:48:22 
21:48:22 
21:48:22 blocked link because:
21:48:22 isGuiScreen
21:48:22 isNotInSignAndOnSlot
21:48:22 
21:48:22 
21:48:22 blocked link because:
21:48:22 isGuiScreen
21:48:22 isNotInSignAndOnSlot
21:48:22 
21:48:22 
21:48:22 blocked link because:
21:48:22 isGuiScreen
21:48:22 isNotInSignAndOnSlot
21:48:22 
21:48:22 
21:48:22 blocked link because:
21:48:22 isGuiScreen
21:48:22 isNotInSignAndOnSlot
21:48:22 
21:48:22 
21:48:22 blocked link because:
21:48:22 isGuiScreen
21:48:22 isNotInSignAndOnSlot
21:48:22 
21:48:22 
21:48:22 blocked link because:
21:48:22 isGuiScreen
21:48:22 isNotInSignAndOnSlot
21:48:22 
21:48:22 
21:48:22 blocked link because:
21:48:22 isGuiScreen
21:48:22 isNotInSignAndOnSlot
21:48:22 
21:48:24 
21:48:24 blocked link because:
21:48:24 isGuiScreen
21:48:24 isNotInSignAndOnSlot
21:48:24 
21:48:24 
21:48:24 blocked link because:
21:48:24 isGuiScreen
21:48:24 isNotInSignAndOnSlot
21:48:24 
21:48:24 
21:48:24 blocked link because:
21:48:24 isGuiScreen
21:48:24 isNotInSignAndOnSlot
21:48:24 
21:48:24 
21:48:24 blocked link because:
21:48:24 isGuiScreen
21:48:24 isNotInSignAndOnSlot
21:48:24 
21:48:24 
21:48:24 blocked link because:
21:48:24 isGuiScreen
21:48:24 isNotInSignAndOnSlot
21:48:24 
21:48:24 
21:48:24 blocked link because:
21:48:24 isGuiScreen
21:48:24 isNotInSignAndOnSlot
21:48:24 
21:48:24 
21:48:24 blocked link because:
21:48:24 isGuiScreen
21:48:24 isNotInSignAndOnSlot
21:48:24 
21:48:24 
21:48:24 blocked link because:
21:48:24 isGuiScreen
21:48:24 isNotInSignAndOnSlot
21:48:24 
21:48:24 
21:48:24 blocked link because:
21:48:24 isGuiScreen
21:48:24 isNotInSignAndOnSlot
21:48:24 
21:48:24 
21:48:24 blocked link because:
21:48:24 isGuiScreen
21:48:24 isNotInSignAndOnSlot
21:48:24 
21:48:24 
21:48:24 blocked link because:
21:48:24 isGuiScreen
21:48:24 isNotInSignAndOnSlot
21:48:24 
21:48:24 
21:48:24 blocked link because:
21:48:24 isGuiScreen
21:48:24 isNotInSignAndOnSlot
21:48:24 
21:48:24 
21:48:24 blocked link because:
21:48:24 isGuiScreen
21:48:24 isNotInSignAndOnSlot
21:48:24 
21:48:24 
21:48:24 blocked link because:
21:48:24 isGuiScreen
21:48:24 isNotInSignAndOnSlot
21:48:24 
21:48:24 
21:48:24 blocked link because:
21:48:24 isGuiScreen
21:48:24 isNotInSignAndOnSlot
21:48:24 
21:48:24 
21:48:24 blocked link because:
21:48:24 isGuiScreen
21:48:24 isNotInSignAndOnSlot
21:48:24 
21:48:24 
21:48:24 blocked link because:
21:48:24 isGuiScreen
21:48:24 isNotInSignAndOnSlot
21:48:24 
21:48:24 
21:48:24 blocked link because:
21:48:24 isGuiScreen
21:48:24 isNotInSignAndOnSlot
21:48:24 
21:48:24 
21:48:24 blocked link because:
21:48:24 isGuiScreen
21:48:24 isNotInSignAndOnSlot
21:48:24 
21:48:24 
21:48:24 blocked link because:
21:48:24 isGuiScreen
21:48:24 isNotInSignAndOnSlot
21:48:24 
21:48:24 
21:48:24 blocked link because:
21:48:24 isGuiScreen
21:48:24 isNotInSignAndOnSlot
21:48:24 
21:48:24 
21:48:24 blocked link because:
21:48:24 isGuiScreen
21:48:24 isNotInSignAndOnSlot
21:48:24 
21:48:24 
21:48:24 blocked link because:
21:48:24 isGuiScreen
21:48:24 isNotInSignAndOnSlot
21:48:24 
21:48:24 
21:48:24 blocked link because:
21:48:24 isGuiScreen
21:48:24 isNotInSignAndOnSlot
21:48:24 
21:48:24 
21:48:24 blocked link because:
21:48:24 isGuiScreen
21:48:24 isNotInSignAndOnSlot
21:48:24 
21:48:24 
21:48:24 blocked link because:
21:48:24 isGuiScreen
21:48:24 isNotInSignAndOnSlot
21:48:24 
21:48:24 
21:48:24 blocked link because:
21:48:24 isGuiScreen
21:48:24 isNotInSignAndOnSlot
21:48:24 
21:48:24 
21:48:24 blocked link because:
21:48:24 isGuiScreen
21:48:24 isNotInSignAndOnSlot
21:48:24 
21:48:24 
21:48:24 blocked link because:
21:48:24 isGuiScreen
21:48:24 isNotInSignAndOnSlot
21:48:24 
21:48:24 
21:48:24 blocked link because:
21:48:24 isGuiScreen
21:48:24 isNotInSignAndOnSlot
21:48:24 
21:48:24 
21:48:24 blocked link because:
21:48:24 isGuiScreen
21:48:24 isNotInSignAndOnSlot
21:48:24 
21:48:24 
21:48:24 blocked link because:
21:48:24 isGuiScreen
21:48:24 isNotInSignAndOnSlot
21:48:24 
21:48:24 
21:48:24 blocked link because:
21:48:24 isGuiScreen
21:48:24 isNotInSignAndOnSlot
21:48:24 
21:48:24 
21:48:24 blocked link because:
21:48:24 isGuiScreen
21:48:24 isNotInSignAndOnSlot
21:48:24 
21:48:24 
21:48:24 blocked link because:
21:48:24 isGuiScreen
21:48:24 isNotInSignAndOnSlot
21:48:24 
21:48:24 
21:48:24 blocked link because:
21:48:24 isGuiScreen
21:48:24 isNotInSignAndOnSlot
21:48:24 
21:48:24 
21:48:24 blocked link because:
21:48:24 isGuiScreen
21:48:24 isNotInSignAndOnSlot
21:48:24 
21:48:24 
21:48:24 blocked link because:
21:48:24 isGuiScreen
21:48:24 isNotInSignAndOnSlot
21:48:24 
21:48:24 
21:48:24 blocked link because:
21:48:24 isGuiScreen
21:48:24 isNotInSignAndOnSlot
21:48:24 
21:48:24 
21:48:24 blocked link because:
21:48:24 isGuiScreen
21:48:24 isNotInSignAndOnSlot
21:48:24 
21:48:24 
21:48:24 blocked link because:
21:48:24 isGuiScreen
21:48:24 isNotInSignAndOnSlot
21:48:24 
21:48:24 
21:48:24 blocked link because:
21:48:24 isGuiScreen
21:48:24 isNotInSignAndOnSlot
21:48:24 
21:48:24 
21:48:24 blocked link because:
21:48:24 isGuiScreen
21:48:24 isNotInSignAndOnSlot
21:48:24 
21:48:24 
21:48:24 blocked link because:
21:48:24 isGuiScreen
21:48:24 isNotInSignAndOnSlot
21:48:24 
21:48:29 
21:48:29 blocked link because:
21:48:29 isNotInSignAndOnSlot
21:48:29 
21:48:29 
21:48:29 blocked link because:
21:48:29 isNotInSignAndOnSlot
21:48:29 
21:48:29 allowed click
21:48:29 allowed click
21:48:29 allowed click
21:48:29 allowed click
21:48:29 allowed click
21:48:29 allowed click
21:48:29 allowed click
21:48:29 allowed click
21:48:29 allowed click
21:48:29 allowed click
21:48:29 allowed click
21:48:29 allowed click
21:48:29 allowed click
21:48:29 allowed click
21:48:29 allowed click
21:48:29 allowed click
21:48:29 allowed click
21:48:29 allowed click
21:48:29 allowed click
21:48:29 allowed click
21:48:29 allowed click
21:48:29 allowed click
21:48:29 allowed click
21:48:29 allowed click
21:48:29 allowed click
21:48:29 allowed click
21:48:29 allowed click
21:48:29 allowed click
21:48:29 allowed click
21:48:29 allowed click
21:48:29 allowed click
21:48:29 allowed click
21:48:29 allowed click
21:48:29 allowed click
21:48:29 allowed click
21:48:29 allowed click
21:48:29 allowed click
21:48:29 allowed click
21:48:29 allowed click
21:48:29 allowed click
21:48:29 allowed click
21:48:29 allowed click
21:48:29 allowed click
21:48:29 allowed click
21:48:29 allowed click
21:48:29 allowed click
21:48:29 allowed click
21:48:29 allowed click
21:48:29 allowed click
21:48:29 allowed click
21:48:29 allowed click
21:48:29 allowed click
21:48:29 allowed click
21:48:29 allowed click
21:48:29 allowed click
21:48:29 allowed click
21:48:29 allowed click
21:48:29 allowed click
21:48:29 allowed click
21:48:29 allowed click
21:48:29 allowed click
21:48:29 allowed click
21:48:29 allowed click
21:48:29 allowed click
21:48:29 allowed click
21:48:29 allowed click
21:48:29 allowed click
21:48:29 allowed click
21:48:29 allowed click
21:48:29 allowed click
21:48:29 allowed click
21:48:29 allowed click
21:48:29 allowed click
21:48:29 allowed click
21:48:29 allowed click
21:48:29 allowed click
21:48:29 allowed click
21:48:29 allowed click
21:48:29 allowed click
21:48:29 allowed click
21:48:29 allowed click
21:48:29 allowed click
21:48:29 allowed click
21:48:29 allowed click
21:48:29 allowed click
21:48:29 allowed click
21:48:29 allowed click
21:48:29 allowed click
21:48:29 allowed click
21:48:29 allowed click
21:48:29 allowed click
21:48:29 allowed click
21:48:29 allowed click
21:48:29 allowed click
21:48:29 allowed click
21:48:29 allowed click
21:48:29 allowed click
21:48:29 allowed click
21:48:29 allowed click
21:48:29 allowed click
21:48:29 allowed click
21:48:29 allowed click
21:48:29 allowed click
21:48:29 allowed click
21:48:29 allowed click
21:48:29 allowed click
21:48:29 allowed click
21:48:29 allowed click
21:48:29 allowed click
21:48:29 allowed click
21:48:29 allowed click
21:48:29 allowed click
21:48:29 allowed click
21:48:29 allowed click
21:48:29 allowed click
21:48:29 allowed click
21:48:29 allowed click
21:48:29 allowed click
21:48:29 allowed click
21:48:29 allowed click
21:48:29 allowed click
21:48:29 allowed click
21:48:29 allowed click
21:48:30 allowed click
21:48:30 allowed click
21:48:30 allowed click
21:48:30 allowed click
21:48:30 allowed click
21:48:30 allowed click
21:48:30 allowed click
21:48:30 allowed click
21:48:30 allowed click
21:48:30 allowed click
21:48:30 allowed click
21:48:30 allowed click
21:48:30 allowed click
21:48:30 allowed click
21:48:30 allowed click
21:48:30 allowed click
21:48:30 allowed click
21:48:30 allowed click
21:48:30 allowed click
21:48:30 allowed click
21:48:30 allowed click
21:48:30 allowed click
21:48:30 allowed click
21:48:30 allowed click
21:48:30 allowed click
21:48:30 allowed click
21:48:30 allowed click
21:48:30 allowed click
21:48:30 allowed click
21:48:30 allowed click
21:48:30 allowed click
21:48:30 allowed click
21:48:30 allowed click
21:48:30 allowed click
21:48:30 allowed click
21:48:30 allowed click
21:48:30 allowed click
21:48:30 allowed click
21:48:30 allowed click
21:48:30 allowed click
21:48:30 allowed click
21:48:30 allowed click
21:48:30 allowed click
21:48:30 allowed click
21:48:30 allowed click
21:48:30 allowed click
21:48:30 allowed click
21:48:30 allowed click
21:48:30 allowed click
21:48:30 allowed click
21:48:30 allowed click
21:48:30 allowed click
21:48:30 allowed click
21:48:30 allowed click
21:48:30 allowed click
21:48:30 allowed click
21:48:30 allowed click
21:48:30 allowed click
21:48:30 allowed click
21:48:30 allowed click
21:48:30 allowed click
21:48:30 allowed click
21:48:30 allowed click
21:48:30 allowed click
21:48:30 allowed click
21:48:30 allowed click
21:48:30 allowed click
21:48:30 allowed click
21:48:30 allowed click
21:48:30 allowed click
21:48:30 allowed click
21:48:30 allowed click
21:48:30 allowed click
21:48:30 allowed click
21:48:30 allowed click
21:48:30 allowed click
21:48:30 allowed click
21:48:30 allowed click
21:48:30 allowed click
21:48:30 allowed click
21:48:30 allowed click
21:48:30 allowed click
21:48:30 allowed click
21:48:30 allowed click
21:48:30 allowed click
21:48:30 allowed click
21:48:30 allowed click
21:48:30 allowed click
21:48:30 allowed click
21:48:30 allowed click
21:48:30 allowed click
21:48:30 allowed click
21:48:30 allowed click
21:48:30 allowed click
21:48:30 allowed click
21:48:30 allowed click
21:48:30 allowed click
21:48:30 allowed click
21:48:30 allowed click
21:48:30 allowed click
21:48:30 allowed click
21:48:30 allowed click
21:48:30 allowed click
21:48:30 allowed click
21:48:30 allowed click
21:48:30 allowed click
21:48:30 allowed click
21:48:30 allowed click
21:48:30 allowed click
21:48:30 allowed click
21:48:30 allowed click
21:48:30 allowed click
21:48:30 allowed click
21:48:30 allowed click
21:48:30 allowed click
21:48:30 allowed click
21:48:30 allowed click
21:48:30 allowed click
21:48:30 allowed click
21:48:30 allowed click
21:48:30 allowed click
21:48:30 allowed click
21:48:30 allowed click
21:48:30 allowed click
21:48:30 allowed click
21:48:30 allowed click
21:48:30 allowed click
21:48:30 allowed click
21:48:30 allowed click
21:48:30 allowed click
21:48:30 allowed click
21:48:30 allowed click
21:48:30 allowed click
21:48:30 allowed click
21:48:30 allowed click
21:48:30 allowed click
21:48:30 allowed click
21:48:30 allowed click
21:48:30 allowed click
21:48:30 allowed click
21:48:30 allowed click
21:48:30 allowed click
21:48:30 allowed click
21:48:30 allowed click
21:48:30 allowed click
21:48:30 allowed click
21:48:30 allowed click
21:48:30 allowed click
21:48:30 allowed click
21:48:30 allowed click
21:48:30 allowed click
21:48:30 allowed click
21:48:30 allowed click
21:48:30 allowed click
21:48:30 allowed click
21:48:30 allowed click
21:48:30 allowed click
21:48:30 allowed click
21:48:30 allowed click
21:48:30 allowed click
21:48:30 allowed click
21:48:30 allowed click
21:48:30 allowed click
21:48:30 allowed click
21:48:30 allowed click
21:48:30 allowed click
21:48:30 allowed click
21:48:30 allowed click
21:48:30 allowed click
21:48:30 allowed click
21:48:30 allowed click
21:48:30 allowed click
21:48:30 allowed click
21:48:30 allowed click
21:48:30 allowed click
21:48:30 allowed click
21:48:30 allowed click
21:48:30 allowed click
21:48:30 allowed click
21:48:30 allowed click
21:48:30 allowed click
21:48:30 allowed click
21:48:30 allowed click
21:48:31 allowed click
21:48:31 allowed click
21:48:31 allowed click
21:48:31 allowed click
21:48:31 allowed click
21:48:31 allowed click
21:48:31 allowed click
21:48:31 allowed click
21:48:31 allowed click
21:48:31 allowed click
21:48:31 allowed click
21:48:31 allowed click
21:48:31 allowed click
21:48:31 allowed click
21:48:31 allowed click
21:48:31 allowed click
21:48:31 allowed click
21:48:31 allowed click
21:48:31 allowed click
21:48:31 allowed click
21:48:31 allowed click
21:48:31 allowed click
21:48:31 allowed click
21:48:31 allowed click
21:48:31 allowed click
21:48:31 allowed click
21:48:31 allowed click
21:48:31 allowed click
21:48:31 allowed click
21:48:31 allowed click
21:48:31 allowed click
21:48:31 allowed click
21:48:31 allowed click
21:48:31 allowed click
21:48:31 allowed click
21:48:31 allowed click
21:48:31 allowed click
21:48:31 allowed click
21:48:31 allowed click
21:48:31 allowed click
21:48:31 allowed click
21:48:31 allowed click
21:48:31 allowed click
21:48:31 allowed click
21:48:31 allowed click
21:48:31 allowed click
21:48:31 allowed click
21:48:31 allowed click
21:48:31 allowed click
21:48:31 allowed click
21:48:31 allowed click
21:48:31 allowed click
21:48:31 allowed click
21:48:31 allowed click
21:48:31 allowed click
21:48:31 allowed click
21:48:31 allowed click
21:48:31 allowed click
21:48:31 allowed click
21:48:31 allowed click
21:48:31 allowed click
21:48:31 allowed click
21:48:31 allowed click
21:48:31 allowed click
21:48:31 allowed click
21:48:31 allowed click
21:48:31 allowed click
21:48:31 allowed click
21:48:31 allowed click
21:48:31 allowed click
21:48:31 allowed click
21:48:31 allowed click
21:48:31 allowed click
21:48:31 allowed click
21:48:31 allowed click
21:48:31 allowed click
21:48:31 allowed click
21:48:31 allowed click
21:48:31 allowed click
21:48:31 allowed click
21:48:31 allowed click
21:48:34 
21:48:34 blocked link because:
21:48:34 isGuiScreen
21:48:34 isNotInSignAndOnSlot
21:48:34 
21:48:34 
21:48:34 blocked link because:
21:48:34 isGuiScreen
21:48:34 isNotInSignAndOnSlot
21:48:34 
21:48:34 
21:48:34 blocked link because:
21:48:34 isGuiScreen
21:48:34 isNotInSignAndOnSlot
21:48:34 
21:48:34 
21:48:34 blocked link because:
21:48:34 isGuiScreen
21:48:34 isNotInSignAndOnSlot
21:48:34 
21:48:34 
21:48:34 blocked link because:
21:48:34 isGuiScreen
21:48:34 isNotInSignAndOnSlot
21:48:34 
21:48:34 
21:48:34 blocked link because:
21:48:34 isGuiScreen
21:48:34 isNotInSignAndOnSlot
21:48:34 
21:48:34 
21:48:34 blocked link because:
21:48:34 isGuiScreen
21:48:34 isNotInSignAndOnSlot
21:48:34 
21:48:34 
21:48:34 blocked link because:
21:48:34 isGuiScreen
21:48:34 isNotInSignAndOnSlot
21:48:34 
21:48:34 
21:48:34 blocked link because:
21:48:34 isGuiScreen
21:48:34 isNotInSignAndOnSlot
21:48:34 
21:48:34 
21:48:34 blocked link because:
21:48:34 isGuiScreen
21:48:34 isNotInSignAndOnSlot
21:48:34 
21:48:34 
21:48:34 blocked link because:
21:48:34 isGuiScreen
21:48:34 isNotInSignAndOnSlot
21:48:34 
21:48:34 
21:48:34 blocked link because:
21:48:34 isGuiScreen
21:48:34 isNotInSignAndOnSlot
21:48:34 
21:48:34 
21:48:34 blocked link because:
21:48:34 isGuiScreen
21:48:34 isNotInSignAndOnSlot
21:48:34 
21:48:34 
21:48:34 blocked link because:
21:48:34 isGuiScreen
21:48:34 isNotInSignAndOnSlot
21:48:34 
21:48:34 
21:48:34 blocked link because:
21:48:34 isGuiScreen
21:48:34 isNotInSignAndOnSlot
21:48:34 
21:48:34 
21:48:34 blocked link because:
21:48:34 isGuiScreen
21:48:34 isNotInSignAndOnSlot
21:48:34 
21:48:34 
21:48:34 blocked link because:
21:48:34 isGuiScreen
21:48:34 isNotInSignAndOnSlot
21:48:34 
21:48:34 
21:48:34 blocked link because:
21:48:34 isGuiScreen
21:48:34 isNotInSignAndOnSlot
21:48:34 
21:48:34 
21:48:34 blocked link because:
21:48:34 isGuiScreen
21:48:34 isNotInSignAndOnSlot
21:48:34 
21:48:34 
21:48:34 blocked link because:
21:48:34 isGuiScreen
21:48:34 isNotInSignAndOnSlot
21:48:34 
21:48:34 
21:48:34 blocked link because:
21:48:34 isGuiScreen
21:48:34 isNotInSignAndOnSlot
21:48:34 
21:48:34 
21:48:34 blocked link because:
21:48:34 isGuiScreen
21:48:34 isNotInSignAndOnSlot
21:48:34 
21:48:35 
21:48:35 blocked link because:
21:48:35 isGuiScreen
21:48:35 isNotInSignAndOnSlot
21:48:35 
21:48:35 
21:48:35 blocked link because:
21:48:35 isGuiScreen
21:48:35 isNotInSignAndOnSlot
21:48:35 
21:48:35 
21:48:35 blocked link because:
21:48:35 isGuiScreen
21:48:35 isNotInSignAndOnSlot
21:48:35 
21:48:35 
21:48:35 blocked link because:
21:48:35 isGuiScreen
21:48:35 isNotInSignAndOnSlot
21:48:35 
21:48:35 
21:48:35 blocked link because:
21:48:35 isGuiScreen
21:48:35 isNotInSignAndOnSlot
21:48:35 
21:48:35 
21:48:35 blocked link because:
21:48:35 isGuiScreen
21:48:35 isNotInSignAndOnSlot
21:48:35 
21:48:35 
21:48:35 blocked link because:
21:48:35 isGuiScreen
21:48:35 isNotInSignAndOnSlot
21:48:35 
21:48:35 
21:48:35 blocked link because:
21:48:35 isGuiScreen
21:48:35 isNotInSignAndOnSlot
21:48:35 
21:48:35 
21:48:35 blocked link because:
21:48:35 isGuiScreen
21:48:35 isNotInSignAndOnSlot
21:48:35 
21:48:35 
21:48:35 blocked link because:
21:48:35 isGuiScreen
21:48:35 isNotInSignAndOnSlot
21:48:35 
21:48:35 
21:48:35 blocked link because:
21:48:35 isGuiScreen
21:48:35 isNotInSignAndOnSlot
21:48:35 
21:48:35 
21:48:35 blocked link because:
21:48:35 isGuiScreen
21:48:35 isNotInSignAndOnSlot
21:48:35 
21:48:35 
21:48:35 blocked link because:
21:48:35 isGuiScreen
21:48:35 isNotInSignAndOnSlot
21:48:35 
21:48:35 
21:48:35 blocked link because:
21:48:35 isGuiScreen
21:48:35 isNotInSignAndOnSlot
21:48:35 
21:49:11 
21:49:11 blocked link because:
21:49:11 isGuiScreen
21:49:11 isNotInSignAndOnSlot
21:49:11 
21:49:14 
21:49:14 blocked link because:
21:49:14 isGuiScreen
21:49:14 isNotInSignAndOnSlot
21:49:14 
21:49:14 
21:49:14 blocked link because:
21:49:14 isGuiScreen
21:49:14 isNotInSignAndOnSlot
21:49:14 
21:49:14 
21:49:14 blocked link because:
21:49:14 isGuiScreen
21:49:14 isNotInSignAndOnSlot
21:49:14 
21:49:14 
21:49:14 blocked link because:
21:49:14 isGuiScreen
21:49:14 isNotInSignAndOnSlot
21:49:14 
21:49:29 
21:49:29 blocked link because:
21:49:29 isGuiScreen
21:49:29 isNotInSignAndOnSlot
21:49:29 
21:49:29 
21:49:29 blocked link because:
21:49:29 isGuiScreen
21:49:29 isNotInSignAndOnSlot
21:49:29 
21:49:29 
21:49:29 blocked link because:
21:49:29 isGuiScreen
21:49:29 isNotInSignAndOnSlot
21:49:29 
21:49:29 
21:49:29 blocked link because:
21:49:29 isGuiScreen
21:49:29 isNotInSignAndOnSlot
21:49:29 
21:49:29 
21:49:29 blocked link because:
21:49:29 isGuiScreen
21:49:29 isNotInSignAndOnSlot
21:49:29 
21:49:29 
21:49:29 blocked link because:
21:49:29 isGuiScreen
21:49:29 isNotInSignAndOnSlot
21:49:29 
21:49:29 
21:49:29 blocked link because:
21:49:29 isGuiScreen
21:49:29 isNotInSignAndOnSlot
21:49:29 
21:49:29 
21:49:29 blocked link because:
21:49:29 isGuiScreen
21:49:29 isNotInSignAndOnSlot
21:49:29 
