17:10:07 [allowed] §f §r§r§r§f §r§r§r§1 §r§r§r§0 §r§r§r§2 §r§r§r§f §r§r§r§f §r§r§r§2 §r§r§r§0 §r§r§r§4 §r§r§r§3 §r§r§r§9 §r§r§r§2 §r§r§r§0 §r§r§r§0 §r§r§r§3 §r§r§r§9 §r§r§r§2 §r§r§r§0 §r§r§r§0 §r§r§r§3 §r§r§r§9 §r§r§r§2 §r§r§r§0 §r§r§r§0 
17:10:07 [allowed] §b✦ §r§7You earned §r§b71 §r§7Mystery Dust!
17:10:07 [allowed] §b[MVP§f+§b] Firemage_X§f §6joined the lobby!
17:10:07 [allowed] §aYou have §b19 §aunclaimed leveling rewards!
17:10:07 [allowed] §eClick here to view them!
17:10:07 [allowed] §aYou have §67 §aunclaimed achievement rewards!
17:10:07 [allowed] §eClick here to view them!
17:10:07 [allowed] §a[VIP§6+§a] oSisaa§f§r§f: 1/2
17:10:10 [allowed] §9§m-----------------------------------------------------§r§9
§r§9                          §r§9 §6Friends (Page 1 of 8) §r§e§l>>§r§9
§r§9§7KingGoji953 §eis in Limbo§r§9
§r§9§b24Arrian §cis currently offline§r§9
§r§9§b_mmc27 §cis currently offline§r§9
§r§9§a_tsn §cis currently offline§r§9
§r§9§aAceCreo_ §cis currently offline§r§9
§r§9§7alemartino §cis currently offline§r§9
§r§9§bAstFaster §cis currently offline§r§9
§r§9§7BMxffin §cis currently offline§r§9
§r§9§m-----------------------------------------------------
17:10:10 [allowed] §b[MVP§c+§b] BadAcrobat§f §6joined the lobby!
17:10:11 [allowed] §b[MVP§a+§b] SirStraight§f §6joined the lobby!
17:10:12 [allowed] §b[MVP§2+§b] Bitcoin100kSoon§f §6joined the lobby!
17:10:12 [allowed] §b[MVP§c+§b] BacerBankerBace§f §6joined the lobby!
17:10:13 [allowed] §7Sending to server mini22BA...
17:10:13 [allowed] §8 §r§8 §r§1 §r§3 §r§3 §r§7 §r§8 
17:10:15 [allowed] 
17:10:15 [allowed] §eWelcome to §r§aHypixel SkyBlock§r§e!
17:10:15 [allowed] 
17:10:15 [allowed] §eLatest update: §bSkyBlock v0.20.7 §e§lCLICK
17:10:16 [allowed] §aYou are playing on profile: §ePineapple§b (Co-op)
17:10:16 [allowed] §8Profile ID: 6accdd30-5c34-4840-99a1-da8b87d5f229
17:10:17 [allowed] §6§lALLOWANCE! §r§eYou earned §r§650,000 coins§r§e!
17:10:18 [SKYMALL] §bNew day! §r§eYour §r§2Sky Mall §r§ebuff changed!
17:10:18 [SKYMALL] §eNew buff§r§r§r: §r§fGain §r§6+100⸕ Mining Speed§r§f.
17:10:18 [SKYMALL] §8§oYou can disable this messaging by toggling Sky Mall in your /hotm!
17:10:23 [allowed] §aTeleported you to §r§aThe Barn§r§a!
17:10:28 [allowed] §e[NPC] §aStella§f: §r§fThe amount of plots you can unlock here is perfect for a Co-op. So much space!
17:10:34 [GARDEN_VISITOR_MESSAGE] §e[NPC] §aStella§f: §r§fDon't worry, I'll come back later.
17:10:36 [allowed] §e[NPC] §aLiam§f: §r§fOne day you'll be able to buy the sun, trust me on that mate.
17:10:41 [GARDEN_VISITOR_MESSAGE] §e[NPC] §aLiam§f: §r§fAlright...
17:10:43 [GARDEN_VISITOR_MESSAGE] §e[NPC] §aFriendly Hiker§f: §r§fI'm planning to head back into the gorge to fetch my hiker friend, but I'll need some meat to cook before I head in there.
17:10:46 [GARDEN_VISITOR_MESSAGE] §e[NPC] §aFriendly Hiker§f: §r§fThat's alright. I can always head into the Oasis to hunt down some sheep.
17:10:48 [GARDEN_VISITOR_MESSAGE] §e[NPC] §aTom§f: §r§fI don't have a recipe for you, however I'd happily take some crops.
17:10:52 [GARDEN_VISITOR_MESSAGE] §e[NPC] §aTom§f: §r§fNo problem, see ya next time!
17:10:52 [GARDEN_VISITOR_MESSAGE] §e[NPC] §aArthur§f: §r§fMy wheat minion has been slacking recently, I am thinking about giving it an upgrade. He hasn't produced any wheat in years! Every time I check on him, he's empty.
17:12:35 [allowed] §cYour connection timed out to the server, so you have been routed to limbo!
17:12:35 [allowed] §cYou were spawned in Limbo.
17:12:35 [allowed] §b/limbo for more information.
17:12:39 [allowed] §f §r§r§r§f §r§r§r§1 §r§r§r§0 §r§r§r§2 §r§r§r§f §r§r§r§f §r§r§r§2 §r§r§r§0 §r§r§r§4 §r§r§r§3 §r§r§r§9 §r§r§r§2 §r§r§r§0 §r§r§r§0 §r§r§r§3 §r§r§r§9 §r§r§r§2 §r§r§r§0 §r§r§r§0 §r§r§r§3 §r§r§r§9 §r§r§r§2 §r§r§r§0 §r§r§r§0 
17:12:39 [allowed] §b[MVP§f+§b] Firemage_X§f §6joined the lobby!
17:12:40 [allowed] §aYou have §b19 §aunclaimed leveling rewards!
17:12:40 [allowed] §eClick here to view them!
17:12:40 [allowed] §aYou have §67 §aunclaimed achievement rewards!
17:12:40 [allowed] §eClick here to view them!
17:12:44 [allowed] §7Sending to server mini1017U...
17:12:44 [allowed] §8 §r§8 §r§1 §r§3 §r§3 §r§7 §r§8 
17:12:45 [allowed] §7[§bSkyblockAddons§7] §cClick/drop this item 1 more time if you really want to do this.
17:12:47 [allowed] 
17:12:47 [allowed] §eWelcome to §r§aHypixel SkyBlock§r§e!
17:12:47 [allowed] 
17:12:47 [allowed] §eLatest update: §bSkyBlock v0.20.7 §e§lCLICK
17:12:47 [allowed] §aYou are playing on profile: §ePineapple§b (Co-op)
17:12:48 [allowed] §8Profile ID: 6accdd30-5c34-4840-99a1-da8b87d5f229
17:12:51 [allowed] §aTeleported you to §r§aThe Barn§r§a!
17:12:54 [allowed] §aFriend > §r§bThreeLetter §r§ejoined.
17:12:55 [GARDEN_VISITOR_MESSAGE] §e[NPC] §aArthur§f: §r§fMy wheat minion has been slacking recently, I am thinking about giving it an upgrade. He hasn't produced any wheat in years! Every time I check on him, he's empty.
17:13:06 [allowed] §8Withdrawing coins...
17:13:06 [allowed] §aWithdrew §r§65M coins§r§a! There's now §r§627.9M coins §r§aleft in the account!
17:13:18 [allowed] §6[Bazaar] §r§7Executing instant buy...
17:13:18 [allowed] §6[Bazaar] §r§7Bought §r§a26§r§7x §r§aEnchanted Hay Bale §r§7for §r§6202,605 coins§r§7!
17:13:20 [allowed] §6§lOFFER ACCEPTED §r§8with §r§aArthur §r§8(§r§a§lUNCOMMON§r§8)
17:13:20 [allowed] 
17:13:20 [allowed]   §r§a§lREWARDS
17:13:20 [allowed]     §r§8+§r§215 §r§7Garden Experience
17:13:20 [allowed]     §r§8+§r§36.8k §r§7Farming XP
17:13:20 [allowed]     §r§8+§r§c22 Copper
17:13:20 [allowed]     §r§8+§r§b6 Bits
17:13:20 [allowed] 
17:13:20 [GARDEN_VISITOR_MESSAGE] §e[NPC] §aArthur§f: §r§fHoly Macaroni! That should boost my minion to at least Tier 5! Thank you a lot!
17:13:34 [allowed] §6[Bazaar] §r§7Claiming orders...
17:13:34 [allowed] §6[Bazaar] §r§7§r§7Claimed §r§61,054,346 coins §r§7from selling §r§a1§r§7x §r§d§lSoul Eater I §r§7at §r§61,066,343 §r§7each!
17:13:34 [allowed] §6[Bazaar] §r§7§r§7Claimed §r§6185,917 coins §r§7from selling §r§a1§r§7x §r§d§lWisdom I §r§7at §r§6188,032 §r§7each!
17:13:34 [allowed] §6[Bazaar] §r§7§r§7Claimed §r§6161,030 coins §r§7from selling §r§a1§r§7x §r§5Superior Dragon Fragment §r§7at §r§6162,863 §r§7each!
17:13:34 [allowed] §6[Bazaar] §r§7§r§7Claimed §r§629,950 coins §r§7from selling §r§a1§r§7x §r§fRejuvenate I §r§7at §r§630,291 §r§7each!
17:13:34 [allowed] §6[Bazaar] §r§7§r§7Claimed §r§6181,121 coins §r§7from selling §r§a1§r§7x §r§d§lWisdom I §r§7at §r§6183,182 §r§7each!
17:13:34 [allowed] §6[Bazaar] §r§7§r§7Claimed §r§61,046,865 coins §r§7from selling §r§a1§r§7x §r§9Wither Catalyst §r§7at §r§61,058,777 §r§7each!
17:13:34 [allowed] §6[Bazaar] §r§7§r§7Claimed §r§663,060 coins §r§7from selling §r§a1§r§7x §r§fRejuvenate II §r§7at §r§663,777 §r§7each!
17:13:34 [allowed] §6[Bazaar] §r§7§r§7Claimed §r§6122,601 coins §r§7from selling §r§a1§r§7x §r§9Livid Fragment §r§7at §r§6123,996 §r§7each!
17:13:41 [allowed] §eYou collected §r§62,475,000 coins §r§efrom selling §r§f§r§d◆ §r§cR§r§6a§r§ei§r§an§r§bb§r§9o§r§dw§r§9 Rune III §r§eto §r§b[MVP§r§2+§r§b] LG_Januz §r§ein an auction!
17:13:41 [allowed] §b-----------------------------------------------------
17:13:41 [allowed] §b[MVP§r§f+§r§b] Firemage_X§r§f §r§ecollected an auction for §r§62,475,000 coins§r§e!
17:13:41 [allowed] §b-----------------------------------------------------
17:13:50 [allowed] §eYou claimed §r§f§r§5Epic Silent Death §r§eback from your expired auction!
17:13:50 [allowed] §b-----------------------------------------------------
17:13:50 [allowed] §b[MVP§r§f+§r§b] Firemage_X§r§f §r§ecollected an expired auction!
17:13:50 [allowed] §b-----------------------------------------------------
17:14:14 [allowed] §7Warping you to your SkyBlock island...
17:14:15 [allowed] §7Sending to server mini269P...
17:14:15 [allowed] §8 §r§8 §r§1 §r§3 §r§3 §r§7 §r§8 
17:14:18 [allowed] §aYou are playing on profile: §ePineapple§b (Co-op)
17:14:18 [allowed] §8Profile ID: 6accdd30-5c34-4840-99a1-da8b87d5f229
17:15:01 [SKYMALL] §bNew day! §r§eYour §r§2Sky Mall §r§ebuff changed!
17:15:01 [SKYMALL] §eNew buff§r§r§r: §r§f§r§a-20%§r§f Pickaxe Ability cooldowns.
17:15:01 [SKYMALL] §8§oYou can disable this messaging by toggling Sky Mall in your /hotm!
17:15:11 [allowed] §d§l§kA§r§r§r §r§e§lEvent§r§r§r: §r§bMayor Elections 385! §r§r§r§d§l§kA
17:15:11 [allowed] §eThe election room is now closed. Clerk Seraphine is doing a final count of the votes...
17:15:11 [allowed] 
17:15:46 [allowed] §d§l§kA§r§r§r §r§e§lEvent§r§r§r: §r§bMayor Elections 385! §r§r§r§d§l§kA
17:15:46 [allowed] §dScorpius §eis elected Mayor for the year, §6gg§e!
17:15:46 [allowed] §eSeraphine counted votes from §r§b81.1k §r§edifferent players.
17:15:46 [allowed] §eEverybody unlocks §r§6exclusive §r§eperks!
17:15:46 [allowed] 
17:16:39 [allowed] §eYou claimed the §r§dChronomatron §r§erewards!
17:16:39 [allowed]  §r§8+§r§372,000 Enchanting Exp
17:16:39 [allowed] §8 +§r§d3 Superpairs clicks
17:16:43 [allowed] §7Warping...
17:16:43 [allowed] §7Sending to server mega13C...
17:16:44 [allowed] §8 §r§8 §r§1 §r§3 §r§3 §r§7 §r§8 
17:16:46 [allowed] §8[§r§e98§r§8] §r§7❤ §r§7IAmTheAngrySon§7§r§7: **** diana
17:16:47 [allowed] §aYou are playing on profile: §ePineapple§b (Co-op)
17:16:47 [allowed] §8Profile ID: 6accdd30-5c34-4840-99a1-da8b87d5f229
17:16:47 [allowed] §8[§r§2165§r§8] §r§6⛂ §r§a[VIP] tekilos§f§r§f: i hate nanc=y
17:16:48 [allowed] §8[§d336§8] §7§l℻ §r§b[MVP§e+§b] SaltyAAPN§f§7 is holding §r§8[§5Spirit Mask§8]
17:16:51 [allowed] §8[§r§d336§r§8] §r§7§l℻ §r§b[MVP§e+§b] SaltyAAPN§f§r§f: selling
17:16:53 [allowed] §8[§r§e88§r§8] §r§a[VIP] DOTDOTDOTDOT500§f§r§f: lowballing 300m visit me /visit dotdotdotdot500
17:16:53 [allowed] §eYou claimed Scorpius' bribe of §r§61,000,000 coins§r§e!
17:16:54 [allowed] §8[§r§5378§r§8] §r§b§lᛝ §r§6[MVP§0++§6] Dhil§f§r§f: selling 25 t11 slime minions infused DM ME OFFERS
17:17:02 [allowed] §8[§r§2190§r§8] §r§a[VIP§6+§a] hmbf§f§r§f: LOWBALLING 750M
17:17:03 [allowed] §8[§r§e105§r§8] §r§6▒ §r§7badbannana66§7§r§7: saltyAApn how much?
17:17:03 [allowed] §7Warping you to your SkyBlock island...
17:17:04 [allowed] §7Sending to server mini74CW...
17:17:04 [allowed] §8 §r§8 §r§1 §r§3 §r§3 §r§7 §r§8 
17:17:07 [allowed] §aYou are playing on profile: §ePineapple§b (Co-op)
17:17:07 [allowed] §8Profile ID: 6accdd30-5c34-4840-99a1-da8b87d5f229
17:19:04 [allowed] §eYou claimed the §r§dUltrasequencer §r§erewards!
17:19:04 [allowed]  §r§8+§r§384,000 Enchanting Exp
17:19:04 [allowed] §8 +§r§d3 Superpairs clicks
17:19:15 [allowed]  
17:19:15 [allowed] §f                  §d§lCHOCOLATE FACTORY PRESTIGE
17:19:15 [allowed] §f                            §6Chocolate Factory V
17:19:15 [allowed]  
17:19:15 [allowed] §f                                  §6§lREWARDS
17:19:15 [allowed] §f               §fChocolate Production Multiplier: §81.5 ➜ §62x
17:19:15 [allowed] §f              §fMax Rabbit Rarity: §8§lLEGENDARY §8➜ §D§LMYTHIC
17:19:15 [allowed] §f                        §fMax Chocolate: §810B ➜ §625B
17:19:15 [allowed] §f                §fMax Employee: §8[180] ➜ §7[200§7] §dExecutive
17:19:15 [allowed] §f                              §b+25 SkyBlock XP
17:19:15 [allowed]  
17:19:17 [allowed] §fRabbit Bro §r§7has been promoted to §r§7[1§r§7] §r§fIntern§r§7!
17:19:17 [allowed] §fRabbit Bro §r§7has been promoted to §r§7[2§r§7] §r§fIntern§r§7!
17:19:17 [allowed] §fRabbit Bro §r§7has been promoted to §r§7[3§r§7] §r§fIntern§r§7!
17:19:18 [allowed] §cYou don't have enough Chocolate!
17:19:20 [allowed] §7You will now produce §r§6+2 Chocolate §r§7per click!
17:19:26 [allowed] §fRabbit Bro §r§7has been promoted to §r§7[4§r§7] §r§fIntern§r§7!
17:19:26 [allowed] §fRabbit Bro §r§7has been promoted to §r§7[5§r§7] §r§fIntern§r§7!
17:19:27 [allowed] §fRabbit Bro §r§7has been promoted to §r§7[6§r§7] §r§fIntern§r§7!
17:19:27 [allowed] §cYou don't have enough Chocolate!
17:19:27 [allowed] §cYou don't have enough Chocolate!
17:19:27 [allowed] §cYou don't have enough Chocolate!
17:19:27 [allowed] §cYou don't have enough Chocolate!
17:19:27 [allowed] §cYou don't have enough Chocolate!
17:19:27 [allowed] §cYou don't have enough Chocolate!
17:19:27 [allowed] §cYou don't have enough Chocolate!
17:19:43 [allowed] §fRabbit Bro §r§7has been promoted to §r§7[7§r§7] §r§fIntern§r§7!
17:19:43 [allowed] §fRabbit Bro §r§7has been promoted to §r§7[8§r§7] §r§fIntern§r§7!
17:19:43 [allowed] §fRabbit Bro §r§7has been promoted to §r§7[9§r§7] §r§fIntern§r§7!
17:19:43 [allowed] §aRabbit Bro §r§7has been promoted to §r§7[10§r§7] §r§aEmployee§r§7!
17:19:43 [allowed] §cYou don't have enough Chocolate!
17:19:44 [allowed] §cYou don't have enough Chocolate!
17:19:44 [allowed] §cYou don't have enough Chocolate!
17:19:45 [allowed] §7You will now produce §r§6+3 Chocolate §r§7per click!
17:19:45 [allowed] §cYou don't have enough Chocolate!
17:19:45 [allowed] §cYou don't have enough Chocolate!
17:19:45 [allowed] §cYou don't have enough Chocolate!
17:19:45 [allowed] §cYou don't have enough Chocolate!
17:19:53 [allowed] §aRabbit Bro §r§7has been promoted to §r§7[11§r§7] §r§aEmployee§r§7!
17:19:54 [allowed] §aRabbit Bro §r§7has been promoted to §r§7[12§r§7] §r§aEmployee§r§7!
17:19:54 [allowed] §aRabbit Bro §r§7has been promoted to §r§7[13§r§7] §r§aEmployee§r§7!
17:19:54 [allowed] §aRabbit Bro §r§7has been promoted to §r§7[14§r§7] §r§aEmployee§r§7!
17:19:54 [allowed] §cYou don't have enough Chocolate!
17:19:54 [allowed] §cYou don't have enough Chocolate!
17:19:54 [allowed] §cYou don't have enough Chocolate!
17:19:54 [allowed] §cYou don't have enough Chocolate!
17:19:55 [allowed] §7You will now produce §r§6+4 Chocolate §r§7per click!
17:19:56 [allowed] §cYou don't have enough Chocolate!
17:19:56 [allowed] §cYou don't have enough Chocolate!
17:19:56 [allowed] §cYou don't have enough Chocolate!
17:19:56 [allowed] §cYou don't have enough Chocolate!
17:19:56 [allowed] §cYou don't have enough Chocolate!
17:19:56 [allowed] §cYou don't have enough Chocolate!
17:19:57 [allowed] §cYou don't have enough Chocolate!
17:20:01 [allowed] §aRabbit Bro §r§7has been promoted to §r§7[15§r§7] §r§aEmployee§r§7!
17:20:01 [allowed] §cYou don't have enough Chocolate!
17:20:01 [allowed] §cYou don't have enough Chocolate!
17:20:01 [allowed] §cYou don't have enough Chocolate!
17:21:30 [allowed] §eYou claimed the §r§cSuperpairs §r§erewards!
17:21:30 [allowed] §8 +§r§3500k Enchanting Exp
17:21:30 [allowed]  §r§8+§r§9Titanic Experience Bottle
17:21:30 [allowed]  §r§8+§r§371k Enchanting Exp
17:21:30 [allowed]  §r§8+§r§375k Enchanting Exp
17:21:30 [allowed]  §r§8+§r§379k Enchanting Exp
17:22:06 [allowed] §aYou earned §r§270 GEXP §r§afrom playing SkyBlock!
17:22:54 [allowed] §6[Sacks] §r§a+59§r§e items§r§e.§r§8 (Last 5s.)
17:23:05 [allowed] §6[Bazaar] §r§7Cancelling order...
17:23:05 [allowed] §6[Bazaar] §r§7§r§cCancelled! §r§7Refunded §r§a1§r§7x §r§9Wither Catalyst §r§7from cancelling Sell Offer!
17:23:08 [allowed] §6[Bazaar] §r§7Cancelling order...
17:23:08 [allowed] §6[Bazaar] §r§7§r§cCancelled! §r§7Refunded §r§a1§r§7x §r§5Diamante's Handle §r§7from cancelling Sell Offer!
17:23:13 [allowed] §6[Bazaar] §r§7Putting goods in escrow...
17:23:13 [allowed] §6[Bazaar] §r§7Submitting sell offer...
17:23:13 [allowed] §6[Bazaar] §r§7§r§eSell Offer Setup! §r§a1§r§7x §r§5Diamante's Handle §r§7for §r§6988,744 coins§r§7.
17:23:20 [allowed] §6[Bazaar] §r§7Putting goods in escrow...
17:23:20 [allowed] §6[Bazaar] §r§7Submitting sell offer...
17:23:20 [allowed] §6[Bazaar] §r§7§r§eSell Offer Setup! §r§a1§r§7x §r§9Wither Catalyst §r§7for §r§61,038,732 coins§r§7.
17:26:44 [allowed] §6[Bazaar] §eYour §6Sell Offer §efor §a1§7x §9Wither Catalyst §ewas filled!
17:26:51 [allowed] §7Warping...
17:26:51 [allowed] §7Sending to server mini228Q...
17:26:51 [allowed] §8 §r§8 §r§1 §r§3 §r§3 §r§7 §r§8 
17:26:55 [allowed] §aYou are playing on profile: §ePineapple§b (Co-op)
17:26:55 [allowed] §8Profile ID: 6accdd30-5c34-4840-99a1-da8b87d5f229
17:27:13 [allowed] §aRabbit Bro §r§7has been promoted to §r§7[16§r§7] §r§aEmployee§r§7!
17:27:13 [allowed] §aRabbit Bro §r§7has been promoted to §r§7[17§r§7] §r§aEmployee§r§7!
17:27:13 [allowed] §aRabbit Bro §r§7has been promoted to §r§7[18§r§7] §r§aEmployee§r§7!
17:27:14 [allowed] §aRabbit Bro §r§7has been promoted to §r§7[19§r§7] §r§aEmployee§r§7!
17:27:14 [allowed] §aRabbit Bro §r§7has been promoted to §r§7[20§r§7] §r§aEmployee§r§7!
17:27:14 [allowed] §aRabbit Bro §r§7has been promoted to §r§7[21§r§7] §r§aEmployee§r§7!
17:27:14 [allowed] §aRabbit Bro §r§7has been promoted to §r§7[22§r§7] §r§aEmployee§r§7!
17:27:14 [allowed] §aRabbit Bro §r§7has been promoted to §r§7[23§r§7] §r§aEmployee§r§7!
17:27:14 [allowed] §aRabbit Bro §r§7has been promoted to §r§7[24§r§7] §r§aEmployee§r§7!
17:27:15 [allowed] §fRabbit Cousin §r§7has been promoted to §r§7[1§r§7] §r§fIntern§r§7!
17:27:16 [allowed] §fRabbit Cousin §r§7has been promoted to §r§7[2§r§7] §r§fIntern§r§7!
17:27:16 [allowed] §fRabbit Cousin §r§7has been promoted to §r§7[3§r§7] §r§fIntern§r§7!
17:27:16 [allowed] §fRabbit Cousin §r§7has been promoted to §r§7[4§r§7] §r§fIntern§r§7!
17:27:16 [allowed] §fRabbit Cousin §r§7has been promoted to §r§7[5§r§7] §r§fIntern§r§7!
17:27:16 [allowed] §fRabbit Cousin §r§7has been promoted to §r§7[6§r§7] §r§fIntern§r§7!
17:27:16 [allowed] §fRabbit Cousin §r§7has been promoted to §r§7[7§r§7] §r§fIntern§r§7!
17:27:16 [allowed] §fRabbit Cousin §r§7has been promoted to §r§7[8§r§7] §r§fIntern§r§7!
17:27:16 [allowed] §fRabbit Cousin §r§7has been promoted to §r§7[9§r§7] §r§fIntern§r§7!
17:27:16 [allowed] §aRabbit Cousin §r§7has been promoted to §r§7[10§r§7] §r§aEmployee§r§7!
17:27:17 [allowed] §aRabbit Cousin §r§7has been promoted to §r§7[11§r§7] §r§aEmployee§r§7!
17:27:17 [allowed] §aRabbit Cousin §r§7has been promoted to §r§7[12§r§7] §r§aEmployee§r§7!
17:27:17 [allowed] §aRabbit Cousin §r§7has been promoted to §r§7[13§r§7] §r§aEmployee§r§7!
17:27:17 [allowed] §aRabbit Cousin §r§7has been promoted to §r§7[14§r§7] §r§aEmployee§r§7!
17:27:17 [allowed] §aRabbit Cousin §r§7has been promoted to §r§7[15§r§7] §r§aEmployee§r§7!
17:27:18 [allowed] §aRabbit Cousin §r§7has been promoted to §r§7[16§r§7] §r§aEmployee§r§7!
17:27:18 [allowed] §aRabbit Cousin §r§7has been promoted to §r§7[17§r§7] §r§aEmployee§r§7!
17:27:18 [allowed] §aRabbit Cousin §r§7has been promoted to §r§7[18§r§7] §r§aEmployee§r§7!
17:27:18 [allowed] §aRabbit Cousin §r§7has been promoted to §r§7[19§r§7] §r§aEmployee§r§7!
17:27:18 [allowed] §aRabbit Cousin §r§7has been promoted to §r§7[20§r§7] §r§aEmployee§r§7!
17:27:19 [allowed] §fRabbit Sis §r§7has been promoted to §r§7[1§r§7] §r§fIntern§r§7!
17:27:19 [allowed] §fRabbit Sis §r§7has been promoted to §r§7[2§r§7] §r§fIntern§r§7!
17:27:20 [allowed] §fRabbit Sis §r§7has been promoted to §r§7[3§r§7] §r§fIntern§r§7!
17:27:20 [allowed] §cYou don't have enough Chocolate!
17:27:20 [allowed] §cYou don't have enough Chocolate!
17:27:20 [allowed] §cYou don't have enough Chocolate!
17:27:20 [allowed] §cYou don't have enough Chocolate!
17:27:20 [allowed] §cYou don't have enough Chocolate!
17:27:20 [allowed] §cYou don't have enough Chocolate!
17:27:21 [allowed] §7You will now produce §r§6+5 Chocolate §r§7per click!
17:27:21 [allowed] §cYou don't have enough Chocolate!
17:27:21 [allowed] §cYou don't have enough Chocolate!
17:27:21 [allowed] §cYou don't have enough Chocolate!
17:27:21 [allowed] §cYou don't have enough Chocolate!
17:27:21 [allowed] §cYou don't have enough Chocolate!
17:27:22 [allowed] §cYou don't have enough Chocolate!
17:27:33 [allowed] §7You will now produce §r§6+6 Chocolate §r§7per click!
17:27:33 [allowed] §7You will now produce §r§6+7 Chocolate §r§7per click!
17:27:33 [allowed] §cYou don't have enough Chocolate!
17:27:34 [allowed] §cYou don't have enough Chocolate!
17:27:34 [allowed] §cYou don't have enough Chocolate!
17:27:34 [allowed] §cYou don't have enough Chocolate!
17:27:41 [allowed] §aRabbit Bro §r§7has been promoted to §r§7[25§r§7] §r§aEmployee§r§7!
17:27:42 [allowed] §aRabbit Bro §r§7has been promoted to §r§7[26§r§7] §r§aEmployee§r§7!
17:27:42 [allowed] §cYou don't have enough Chocolate!
17:27:42 [allowed] §cYou don't have enough Chocolate!
17:27:42 [allowed] §cYou don't have enough Chocolate!
17:27:42 [allowed] §cYou don't have enough Chocolate!
17:27:43 [allowed] §cYou don't have enough Chocolate!
17:27:59 [allowed] §7[§bSkyblockAddons§7] §cClick/drop this item 2 more times if you really want to do this.
17:27:59 [allowed] §7[§bSkyblockAddons§7] §cClick/drop this item 1 more time if you really want to do this.
17:28:00 [allowed] §7[§bSkyblockAddons§7] §cClick/drop this item 2 more times if you really want to do this.
17:28:00 [allowed] §7[§bSkyblockAddons§7] §cClick/drop this item 1 more time if you really want to do this.
17:29:24 [allowed] §aYou earned §r§2168 GEXP §r§afrom playing SkyBlock!
17:32:31 [allowed] §d§lHOPPITY'S HUNT §r§dA §r§aChocolate Dinner Egg §r§dhas appeared!
17:33:07 [allowed] §e[NPC] Jacobus§f: §rWealth consists not in having great possessions, but in having few wants.
17:33:08 [allowed] §e[NPC] Jacobus§f: §rYou must gain control over your coins or the lack of it will forever control you.
17:33:14 [allowed] §e[NPC] Ozanne§f: §rDid you know that for the longest time...
17:33:16 [allowed] §e[NPC] Ozanne§f: §rThe Blacksmith would reforge your §aaccessories§r?
17:33:18 [allowed] §e[NPC] Ozanne§f: §r§cCrazy §rstuff!
17:33:19 [allowed] §e[NPC] Ozanne§f: §rIf you find §areforged accessories§r, I'll buy their reforges from you for §6coins§r!
17:34:26 [allowed] §aYou earned §r§2251 GEXP §r§afrom playing SkyBlock!
17:34:31 [allowed] §aSuccessfully added §r§6Flying Fish §r§ato your pet menu!
17:34:33 [allowed] §aSuccessfully added §r§6Spirit §r§ato your pet menu!
17:34:35 [allowed] §aSuccessfully added §r§6Tiger §r§ato your pet menu!
17:34:38 [allowed] §aSuccessfully added §r§6Blue Whale §r§ato your pet menu!
17:35:01 [SKYMALL] §bNew day! §r§eYour §r§2Sky Mall §r§ebuff changed!
17:35:01 [SKYMALL] §eNew buff§r§r§r: §r§f§r§a-20%§r§f Pickaxe Ability cooldowns.
17:35:01 [SKYMALL] §8§oYou can disable this messaging by toggling Sky Mall in your /hotm!
17:37:26 [allowed] §8[§r§f52§r§8] §r§7✧ §r§7ilikewaterr_§7§r§7: trading 2 snow minions t1
17:37:48 [allowed] Unknown command. Type "/help" for help. ('coo')
17:37:49 [allowed] §cMissing arguments! Usage: /coopadd <username>
17:39:32 [allowed] §aYou earned §r§2461 GEXP §r§afrom playing SkyBlock!
17:40:39 [allowed] §6[Bazaar] §r§7Putting goods in escrow...
17:40:39 [allowed] §6[Bazaar] §r§7Submitting buy order...
17:40:39 [allowed] §6[Bazaar] §r§7§r§eBuy Order Setup! §r§a4§r§7x §r§aQuantum V §r§7for §r§61,673,690 coins§r§7.
17:40:53 [allowed] §d§lHOPPITY'S HUNT §r§dA §r§6Chocolate Breakfast Egg §r§dhas appeared!
17:41:56 [allowed] §aYou reforged your §r§6§r§dRift Necklace §r§ainto a §r§6Hefty §r§dRift Necklace§r§a!
17:41:59 [allowed] §aYou reforged your §r§6Hefty §r§dRift Necklace §r§ainto a §r§6Stained §r§dRift Necklace§r§a!
17:42:01 [allowed] §aYou reforged your §r§6Stained §r§dRift Necklace §r§ainto a §r§6Blended §r§dRift Necklace§r§a!
17:44:36 [allowed] §aYou earned §r§2309 GEXP §r§afrom playing SkyBlock!
17:45:03 [allowed] §8[§r§b205§r§8] §r§b§lᛝ §r§b[MVP§d+§b] MineZilla987§f§r§f: r
17:46:07 [allowed] §8[§r§b208§r§8] §r§6§lᛝ §r§a[VIP] MAGA__2024§f§r§f: lowballing 1b purse /visit MAGA__2024 (normal rules)
17:46:41 [allowed] §d§lHOPPITY'S HUNT §r§dA §r§9Chocolate Lunch Egg §r§dhas appeared!
17:49:18 [allowed] §aYou donated your §r§9Silent Death §r§ato the Museum! §r§b+4 SkyBlock XP
17:49:41 [allowed] §aYou earned §r§2361 GEXP §r§afrom playing SkyBlock!
17:49:52 [allowed] §aYou donated your §r§9Blade of the Volcano §r§ato the Museum! §r§b+4 SkyBlock XP
17:50:18 [allowed] §aYou donated your §r§9Magma Rod §r§ato the Museum! §r§b+6 SkyBlock XP
17:50:35 [allowed] §cYou cannot donate that item to your Museum!
17:50:50 [allowed] §cYou cannot donate that item to your Museum!
17:50:54 [allowed] §2Guild > §r§bcreeperXP §r§ejoined.
17:51:04 [allowed] §cYou have already donated that armor set. If you want to replace an armor set in your Museum, remove the existing one first!
17:51:11 [allowed] §aYou retrieved your §r§5Ender Armor §r§afrom the §r§3Museum§r§a!
17:51:11 [allowed] §7It still counts towards your §r§3Museum§r§7 progress, but not towards your §r§6total item value§r§7.
17:51:27 [allowed] §cThat item cannot be sold!
17:51:32 [allowed] §cThat item cannot be sold!
17:51:32 [allowed] §cThat item cannot be sold!
17:51:32 [allowed] §cThat item cannot be sold!
17:51:32 [allowed] §cThat item cannot be sold!
17:51:41 [allowed] §8[§r§b217§r§8] §r§b[MVP§c+§b] RepBroke_§f§r§f: wath the]
17:51:50 [allowed] §8[§r§b217§r§8] §r§b[MVP§c+§b] RepBroke_§f§r§f: can you put pets in you head?
17:52:00 [allowed] §7[§bSkyblockAddons§7] §cClick/drop this item 2 more times if you really want to do this.
17:52:00 [allowed] §7[§bSkyblockAddons§7] §cClick/drop this item 1 more time if you really want to do this.
17:52:01 [allowed] §7[§bSkyblockAddons§7] §cClick/drop this item 2 more times if you really want to do this.
17:52:01 [allowed] §7[§bSkyblockAddons§7] §cClick/drop this item 1 more time if you really want to do this.
17:52:03 [allowed] §7[§bSkyblockAddons§7] §cClick/drop this item 2 more times if you really want to do this.
17:52:04 [allowed] §7[§bSkyblockAddons§7] §cClick/drop this item 1 more time if you really want to do this.
17:52:05 [allowed] §7[§bSkyblockAddons§7] §cClick/drop this item 2 more times if you really want to do this.
17:52:05 [allowed] §7[§bSkyblockAddons§7] §cClick/drop this item 1 more time if you really want to do this.
17:52:08 [allowed] §7[§bSkyblockAddons§7] §cClick/drop this item 2 more times if you really want to do this.
17:52:08 [allowed] §7[§bSkyblockAddons§7] §cClick/drop this item 1 more time if you really want to do this.
17:52:32 [allowed] §d§lHOPPITY'S HUNT §r§dA §r§aChocolate Dinner Egg §r§dhas appeared!
17:52:36 [allowed] §e[NPC] §bCurator§f: §rWelcome! The museum is just starting to take shape. Your first few contributions are the seeds of something magnificent!
17:53:05 [allowed] §cYou have not unlocked that milestone yet!
