17:10:14 §e[SkyHanni] §aStella §eis visiting your garden!§r
17:10:14 §e[SkyHanni] §aLiam §eis visiting your garden!§r
17:10:14 §e[SkyHanni] §aFriendly Hiker §eis visiting your garden!§r
17:10:14 §e[SkyHanni] §aTom §eis visiting your garden!§r
17:10:14 §e[SkyHanni] §aArthur §eis visiting your garden!§r
17:10:14 §e[SkyHanni] New rabbits are available at §aHoppity's Shop§e!
§e[CLICK to warp to hub or disable this feature]§r
17:10:19 §e[SkyHanni] You have gained §b281 §eBits.§r
17:10:29 §e[SkyHanni] §aStella §eis visiting your garden!§r
17:10:36 §e[SkyHanni] §aLiam §eis visiting your garden!§r
17:10:38 §e[SkyHanni] §aFriendly Hiker §eis visiting your garden!§r
17:10:38 §e[SkyHanni] §aTom §eis visiting your garden!§r
17:10:38 §e[SkyHanni] §aArthur §eis visiting your garden!§r
17:12:15 §e[SkyHanni] New rabbits are available at §aHoppity's Shop§e!
§e[CLICK to warp to hub or disable this feature]§r
17:12:39 §e[SkyHanni] §fYou were in Limbo for §e3s§f.§r
17:13:20 §e[SkyHanni] You have gained §b6 §eBits.§r
17:14:16 §e[SkyHanni] New rabbits are available at §aHoppity's Shop§e!
§e[CLICK to warp to hub or disable this feature]§r
17:16:16 §e[SkyHanni] New rabbits are available at §aHoppity's Shop§e!
§e[CLICK to warp to hub or disable this feature]§r
17:18:17 §e[SkyHanni] New rabbits are available at §aHoppity's Shop§e!
§e[CLICK to warp to hub or disable this feature]§r
17:19:15 §e[SkyHanni] §b+25 SkyBlock XP §7(Chocolate Factory Prestige§7)§b (35/100)§r
17:20:17 §e[SkyHanni] New rabbits are available at §aHoppity's Shop§e!
§e[CLICK to warp to hub or disable this feature]§r
17:22:17 §e[SkyHanni] New rabbits are available at §aHoppity's Shop§e!
§e[CLICK to warp to hub or disable this feature]§r
17:24:17 §e[SkyHanni] New rabbits are available at §aHoppity's Shop§e!
§e[CLICK to warp to hub or disable this feature]§r
17:26:14 §e[SkyHanni] Click here to load 14 more collected egg locations from NEU PV!§r
17:26:14 §e[SkyHanni] Click here to load Trophy Fishing data from NEU PV!§r
17:26:18 §e[SkyHanni] New rabbits are available at §aHoppity's Shop§e!
§e[CLICK to warp to hub or disable this feature]§r
17:28:18 §e[SkyHanni] New rabbits are available at §aHoppity's Shop§e!
§e[CLICK to warp to hub or disable this feature]§r
17:30:18 §e[SkyHanni] New rabbits are available at §aHoppity's Shop§e!
§e[CLICK to warp to hub or disable this feature]§r
17:32:19 §e[SkyHanni] New rabbits are available at §aHoppity's Shop§e!
§e[CLICK to warp to hub or disable this feature]§r
17:34:20 §e[SkyHanni] New rabbits are available at §aHoppity's Shop§e!
§e[CLICK to warp to hub or disable this feature]§r
17:36:20 §e[SkyHanni] New rabbits are available at §aHoppity's Shop§e!
§e[CLICK to warp to hub or disable this feature]§r
17:38:21 §e[SkyHanni] New rabbits are available at §aHoppity's Shop§e!
§e[CLICK to warp to hub or disable this feature]§r
17:40:22 §e[SkyHanni] New rabbits are available at §aHoppity's Shop§e!
§e[CLICK to warp to hub or disable this feature]§r
17:40:37 §e[SkyHanni] You have gained §b281 §eBits.§r
17:42:23 §e[SkyHanni] New rabbits are available at §aHoppity's Shop§e!
§e[CLICK to warp to hub or disable this feature]§r
17:44:24 §e[SkyHanni] New rabbits are available at §aHoppity's Shop§e!
§e[CLICK to warp to hub or disable this feature]§r
17:46:25 §e[SkyHanni] New rabbits are available at §aHoppity's Shop§e!
§e[CLICK to warp to hub or disable this feature]§r
17:48:25 §e[SkyHanni] New rabbits are available at §aHoppity's Shop§e!
§e[CLICK to warp to hub or disable this feature]§r
17:49:18 §e[SkyHanni] §b+4 SkyBlock XP §7(Museum Donations§7)§b (39/100)§r
17:49:52 §e[SkyHanni] §b+4 SkyBlock XP §7(Museum Donations§7)§b (43/100)§r
17:50:18 §e[SkyHanni] §b+6 SkyBlock XP §7(Museum Donations§7)§b (49/100)§r
17:50:25 §e[SkyHanni] New rabbits are available at §aHoppity's Shop§e!
§e[CLICK to warp to hub or disable this feature]§r
17:52:25 §e[SkyHanni] New rabbits are available at §aHoppity's Shop§e!
§e[CLICK to warp to hub or disable this feature]§r
