23:57:46 [allowed] §f §r§r§r§f §r§r§r§1 §r§r§r§0 §r§r§r§2 §r§r§r§f §r§r§r§f §r§r§r§2 §r§r§r§0 §r§r§r§4 §r§r§r§3 §r§r§r§9 §r§r§r§2 §r§r§r§0 §r§r§r§0 §r§r§r§3 §r§r§r§9 §r§r§r§2 §r§r§r§0 §r§r§r§0 §r§r§r§3 §r§r§r§9 §r§r§r§2 §r§r§r§0 §r§r§r§0 
23:57:46 [allowed] §b[MVP§f+§b] Firemage_X§f §6joined the lobby!
23:57:47 [allowed] §aYou have §b21 §aunclaimed leveling rewards!
23:57:47 [allowed] §eClick here to view them!
23:57:47 [allowed] §aYou have §67 §aunclaimed achievement rewards!
23:57:47 [allowed] §eClick here to view them!
23:57:52 [allowed] §7Sending to server mini196CR...
23:57:52 [allowed] §8 §r§8 §r§1 §r§3 §r§3 §r§7 §r§8 
23:57:54 [allowed] §6§lGROSS! §7While you were offline, §2Pests §7spawned in §aPlots §r§b1§r§7, §r§b7§r§7 and §r§b2§r§r§7!
23:57:54 [allowed] §7Your §r§6☘ Farming Fortune §r§7has been reduced by §r§45%§r§7!
23:57:54 [allowed] §7Click on a plots name in chat to teleport to it!
23:57:54 [allowed] 
23:57:54 [allowed] §eWelcome to §r§aHypixel SkyBlock§r§e!
23:57:54 [allowed] 
23:57:54 [allowed] §eLatest update: §bSkyBlock v0.20.8 §e§lCLICK
23:57:55 [allowed] §aYou are playing on profile: §ePineapple§b (Co-op)
23:57:55 [allowed] §8Profile ID: 6accdd30-5c34-4840-99a1-da8b87d5f229
23:57:57 [allowed] §6§lALLOWANCE! §r§eYou earned §r§650,000 coins§r§e!
23:59:53 [allowed] §6[Bazaar] §r§7Claiming orders...
23:59:53 [allowed] §6[Bazaar] §r§7§r§7Claimed §r§654,324 coins §r§7from selling §r§a2§r§7x §r§fRejuvenate I §r§7at §r§627,471 §r§7each!
23:59:53 [allowed] §6[Bazaar] §r§7§r§7Claimed §r§627,164 coins §r§7from selling §r§a1§r§7x §r§fRejuvenate I §r§7at §r§627,473 §r§7each!
23:59:53 [allowed] §6[Bazaar] §r§7§r§7Claimed §r§627,160 coins §r§7from selling §r§a1§r§7x §r§fRejuvenate I §r§7at §r§627,470 §r§7each!
00:00:02 [allowed] §aTeleported you to §r§aThe Barn§r§a!
00:00:07 [allowed] §e[NPC] §aJamie§f: §r§fYou might have noticed that you can purchase additional plots within your Desk in the Barn!
00:00:16 [allowed] §e[NPC] §aJack§f: §r§fDid you know that you gain additional §6☘ Farming Fortune §fwhile on the §aThe Garden§f? You can check it in your SkyBlock Profile!
00:00:43 [allowed] §6[Bazaar] §r§7Executing instant buy...
00:00:44 [allowed] §6[Bazaar] §r§7Bought §r§a434§r§7x §r§aEnchanted Cocoa Beans §r§7for §r§6250,939 coins§r§7!
00:00:47 [allowed] §6§lOFFER ACCEPTED §r§8with §r§9Old Man Garry §r§8(§r§9§lRARE§r§8)
00:00:47 [allowed] 
00:00:47 [allowed]   §r§a§lREWARDS
00:00:47 [allowed]     §r§8+§r§230 §r§7Garden Experience
00:00:47 [allowed]     §r§8+§r§316.7k §r§7Farming XP
00:00:47 [allowed]     §r§8+§r§c45 Copper
00:00:47 [allowed] 
00:01:07 [allowed] §aYour Garden is no longer infested and your §r§6☘ Farming Fortune §r§ahas returned to normal!
00:01:25 [allowed] §f
00:01:25 [allowed] §4[WATCHDOG ANNOUNCEMENT]
00:01:25 [allowed] §fWatchdog has banned §r§c§l9,238§r§f players in the last 7 days.
00:01:25 [allowed] §fStaff have banned an additional §r§c§l9,732§r§f in the last 7 days.
00:01:25 [allowed] §cBlacklisted modifications are a bannable offense!
00:01:25 [allowed] §c
00:01:31 [allowed] §6§lRARE DROP! §aWings of Harmony Vinyl §6(§6+640☘)
00:02:52 [allowed] §aYou earned §r§2315 GEXP §r§afrom playing SkyBlock!
00:03:14 [allowed] §cYou have already added that Vinyl to your collection!
00:03:17 [allowed] Unknown command. Type "/help" for help. ('b')
00:03:22 [allowed] §6[Bazaar] §r§7Executing instant sell...
00:03:22 [allowed] §6[Bazaar] §r§7Sold §r§a1§r§7x §r§9Enchanted Melon Block §r§7for §r§650,077 coins§r§7!
00:03:22 [allowed] §6[Bazaar] §r§7Sold §r§a72§r§7x §r§aEnchanted Melon §r§7for §r§622,370 coins§r§7!
00:03:22 [allowed] §6[Bazaar] §r§7Sold §r§a20§r§7x §r§aEnchanted Pumpkin §r§7for §r§630,978 coins§r§7!
00:03:22 [allowed] §6[Bazaar] §r§7Sold §r§a39§r§7x §r§fMelon §r§7for §r§619.5 coins§r§7!
00:03:22 [allowed] §6[Bazaar] §r§7Sold §r§a40§r§7x §r§aEnchanted Cactus Green §r§7for §r§623,940 coins§r§7!
00:03:22 [allowed] §6[Bazaar] §r§7Sold §r§a56§r§7x §r§aEnchanted Cocoa Beans §r§7for §r§629,658 coins§r§7!
00:03:22 [allowed] §6[Bazaar] §r§7Sold §r§a67§r§7x §r§aEnchanted Potato §r§7for §r§630,646 coins§r§7!
00:03:42 [allowed] §7Warping...
00:04:03 [allowed] §6[Sacks] §r§a+194§r§e items§r§e.§r§8 (Last 17s.)
00:04:10 [allowed] §a§lUNCOMMON DROP! §r§eDicer dropped §r§a4x §r§aEnchanted Melon§r§e!
00:04:40 [allowed] §6[Sacks] §r§a+578§r§e items§r§e.§r§8 (Last 30s.)
00:05:07 [allowed] §9§lRARE DROP! §r§eDicer dropped §r§a16x §r§aEnchanted Melon§r§e!
00:05:11 [allowed] §6[Sacks] §r§a+588§r§e items§r§e.§r§8 (Last 30s.)
00:05:18 [allowed] §6[Sacks] §r§a+26§r§e items§r§e.§r§8 (Last 6s.)
00:05:22 [allowed] §a§lUNCOMMON DROP! §r§eDicer dropped §r§a4x §r§aEnchanted Melon§r§e!
00:05:36 [allowed] §9§lRARE DROP! §r§eDicer dropped §r§a16x §r§aEnchanted Melon§r§e!
00:05:49 [allowed] §6[Sacks] §r§a+610§r§e items§r§e.§r§8 (Last 30s.)
00:05:58 [allowed] §6§lGROSS! §7A §2Pest §7has appeared in §aPlot §7- §b2§7!
00:05:58 [allowed]   §r§e§lCLICK HERE §eto teleport to the plot!
00:06:20 [allowed] §6[Sacks] §r§a+621§r§e items§r§e.§r§8 (Last 30s.)
00:06:20 [allowed] §a§lUNCOMMON DROP! §r§eDicer dropped §r§a4x §r§aEnchanted Melon§r§e!
00:06:22 [allowed] §a§lUNCOMMON DROP! §r§eDicer dropped §r§a4x §r§aEnchanted Melon§r§e!
00:06:51 [allowed] §6[Sacks] §r§a+590§r§e items§r§e.§r§8 (Last 30s.)
00:06:55 [allowed] §9§lRARE DROP! §r§eDicer dropped §r§a16x §r§aEnchanted Melon§r§e!
00:07:22 [allowed] §6[Sacks] §r§a+621§r§e items§r§e.§r§8 (Last 30s.)
00:07:29 [allowed] §9Cultivating VI §r§eon your §r§6Bountiful Melon Dicer 3.0 §r§ewas upgraded to §r§9Cultivating VII§r§e!
00:07:37 [allowed] §a§lUNCOMMON DROP! §r§eDicer dropped §r§a4x §r§aEnchanted Melon§r§e!
00:07:42 [allowed] §9§lRARE DROP! §r§eDicer dropped §r§a16x §r§aEnchanted Melon§r§e!
00:07:53 [allowed] §aYou earned §r§2660 GEXP §r§afrom playing SkyBlock!
00:07:53 [allowed] §6[Sacks] §r§a+579§r§e items§r§e.§r§8 (Last 30s.)
00:07:54 [allowed] §9§lRARE DROP! §r§eDicer dropped §r§a16x §r§aEnchanted Melon§r§e!
00:08:00 [allowed] §6[Sacks] §r§a+23§r§e items§r§e.§r§8 (Last 6s.)
00:08:13 [allowed] §a§lUNCOMMON DROP! §r§eDicer dropped §r§a4x §r§aEnchanted Melon§r§e!
00:08:37 [allowed] §6[Sacks] §r§a+618§r§e items§r§e.§r§8 (Last 30s.)
00:08:40 [allowed] §9§lRARE DROP! §r§eDicer dropped §r§a16x §r§aEnchanted Melon§r§e!
00:09:08 [allowed] §6[Sacks] §r§a+591§r§e items§r§e.§r§8 (Last 30s.)
00:09:15 [allowed] §3§l▬▬▬▬▬▬▬▬▬▬▬▬▬▬▬▬▬▬▬▬▬▬▬▬▬▬▬▬▬▬▬▬▬▬▬▬▬▬▬▬▬▬▬▬▬▬▬▬▬▬▬▬▬▬▬▬▬▬▬▬▬▬▬▬
00:09:15 [allowed]   §r§b§lGARDEN MILESTONE §3Melon §8XVIII➜§3XIX
00:09:15 [allowed]   §r§6Milestone XX in §r§a1.2M Melons
00:09:15 [allowed] 
00:09:15 [allowed]   §r§a§lREWARDS
00:09:15 [allowed]     §r§8+§r§2190 §r§7Garden Experience
00:09:15 [allowed]     §r§8+§r§350,000 §r§7Farming Experience
00:09:15 [allowed]     §r§8+§r§b1 SkyBlock XP
00:09:15 [allowed] §3§l▬▬▬▬▬▬▬▬▬▬▬▬▬▬▬▬▬▬▬▬▬▬▬▬▬▬▬▬▬▬▬▬▬▬▬▬▬▬▬▬▬▬▬▬▬▬▬▬▬▬▬▬▬▬▬▬▬▬▬▬▬▬▬▬
00:09:39 [allowed] §6[Sacks] §r§a+620§r§e items§r§e.§r§8 (Last 30s.)
00:09:51 [allowed] §a§lUNCOMMON DROP! §r§eDicer dropped §r§a4x §r§aEnchanted Melon§r§e!
00:10:07 [allowed] §a§lUNCOMMON DROP! §r§eDicer dropped §r§a4x §r§aEnchanted Melon§r§e!
00:10:10 [allowed] §6[Sacks] §r§a+621§r§e items§r§e.§r§8 (Last 30s.)
00:10:29 [allowed] §aYour §r§6Blue Whale §r§aleveled up to level §r§976§r§a!
00:10:31 [allowed] §a§lUNCOMMON DROP! §r§eDicer dropped §r§a4x §r§aEnchanted Melon§r§e!
00:10:41 [allowed] §6[Sacks] §r§a+591§r§e items§r§e.§r§8 (Last 30s.)
00:10:48 [allowed] §a§lUNCOMMON DROP! §r§eDicer dropped §r§a4x §r§aEnchanted Melon§r§e!
00:10:58 [allowed] §6§lGROSS! §7A §2Pest §7has appeared in §aPlot §7- §b7§7!
00:10:58 [allowed]   §r§e§lCLICK HERE §eto teleport to the plot!
00:11:04 [allowed] §a§lUNCOMMON DROP! §r§eDicer dropped §r§a4x §r§aEnchanted Melon§r§e!
00:11:10 [allowed] §a§lUNCOMMON DROP! §r§eDicer dropped §r§a4x §r§aEnchanted Melon§r§e!
00:11:12 [allowed] §6[Sacks] §r§a+620§r§e items§r§e.§r§8 (Last 30s.)
00:11:38 [allowed] §a§lUNCOMMON DROP! §r§eDicer dropped §r§a4x §r§aEnchanted Melon§r§e!
00:11:43 [allowed] §6[Sacks] §r§a+590§r§e items§r§e.§r§8 (Last 30s.)
00:11:44 [allowed] §a§lUNCOMMON DROP! §r§eDicer dropped §r§a4x §r§aEnchanted Melon§r§e!
00:11:45 [allowed] §a§lUNCOMMON DROP! §r§eDicer dropped §r§a4x §r§aEnchanted Melon§r§e!
00:12:09 [allowed] §a§lUNCOMMON DROP! §r§eDicer dropped §r§a4x §r§aEnchanted Melon§r§e!
00:12:12 [allowed] §a§lUNCOMMON DROP! §r§eDicer dropped §r§a4x §r§aEnchanted Melon§r§e!
00:12:14 [allowed] §6[Sacks] §r§a+620§r§e items§r§e.§r§8 (Last 30s.)
00:12:19 [allowed] §9§lRARE DROP! §r§eDicer dropped §r§a16x §r§aEnchanted Melon§r§e!
00:12:32 [allowed] §a§lUNCOMMON DROP! §r§eDicer dropped §r§a4x §r§aEnchanted Melon§r§e!
00:12:38 [allowed] §a§lUNCOMMON DROP! §r§eDicer dropped §r§a4x §r§aEnchanted Melon§r§e!
00:12:45 [allowed] §6[Sacks] §r§a+615§r§e items§r§e.§r§8 (Last 30s.)
00:12:53 [allowed] §aYou earned §r§2750 GEXP §r§afrom playing SkyBlock!
00:12:53 [allowed] §9§lRARE DROP! §r§eDicer dropped §r§a16x §r§aEnchanted Melon§r§e!
00:13:17 [allowed] §6[Sacks] §r§a+431§r§e items§r§e.§r§8 (Last 30s.)
00:13:21 [allowed] §9§lRARE DROP! §r§eDicer dropped §r§a16x §r§aEnchanted Melon§r§e!
00:13:48 [allowed] §6[Sacks] §r§a+595§r§e items§r§e.§r§8 (Last 30s.)
00:13:55 [allowed] §a§lUNCOMMON DROP! §r§eDicer dropped §r§a4x §r§aEnchanted Melon§r§e!
00:14:04 [allowed] §6[Sacks] §r§a+203§r§e items§r§e.§r§8 (Last 15s.)
00:14:05 [allowed] §7Warping...
00:14:38 [allowed] §6[Sacks] §r§a+594§r§e items§r§e.§r§8 (Last 30s.)
00:14:53 [allowed] §a§lUNCOMMON DROP! §r§eDicer dropped §r§a4x §r§aEnchanted Melon§r§e!
00:15:05 [allowed] §e[NPC] Jacob§f: §rMy contest has started!
00:15:08 [allowed] §e[NPC] Jacob§f: §r§eFinnegan §fis forcing me to be more lenient with rankings...
00:15:08 [allowed] §a§lUNCOMMON DROP! §r§eDicer dropped §r§a4x §r§aEnchanted Melon§r§e!
00:15:09 [allowed] §6[Sacks] §r§a+617§r§e items§r§e.§r§8 (Last 30s.)
00:15:11 [allowed] §5§lPRAY TO RNGESUS DROP! §r§eDicer dropped §r§98x §r§9Enchanted Melon Block§r§e!
00:15:11 [allowed] §e[NPC] Jacob§f: §rYour §9Anita's Artifact §fis giving you §6+25☘ Pumpkin Fortune §fduring the contest!
00:15:20 [allowed] §6[Sacks] §r§a+101§r§e items§r§e.§r§8 (Last 10s.)
00:15:21 [allowed] §7Warping...
00:15:44 [allowed] §6[Sacks] §r§a+412§r§e items§r§e.§r§8 (Last 8s.)
00:16:09 [allowed] §6§lGROSS! §7A §2Pest §7has appeared in §aPlot §7- §b7§7!
00:16:09 [allowed]   §r§e§lCLICK HERE §eto teleport to the plot!
00:16:20 [allowed] §6[Sacks] §r§a+5,824§r§e items§r§e.§r§8 (Last 30s.)
00:16:51 [allowed] §6[Sacks] §r§a+5,833§r§e items§r§e.§r§8 (Last 30s.)
00:17:40 [allowed] §6[Sacks] §r§a+5,831§r§e items§r§e.§r§8 (Last 30s.)
00:17:42 [allowed] §a§lUNCOMMON DROP! §r§eDicer dropped §r§a3x §r§aEnchanted Pumpkin§r§e!
00:17:53 [allowed] §aYou earned §r§2750 GEXP §r§afrom playing SkyBlock!
00:18:01 [allowed] §9§lRARE DROP! §r§eDicer dropped §r§a5x §r§aEnchanted Pumpkin§r§e!
00:18:03 [allowed] §a§lUNCOMMON DROP! §r§eDicer dropped §r§a3x §r§aEnchanted Pumpkin§r§e!
00:18:11 [allowed] §6[Sacks] §r§a+4,651§r§e items§r§e.§r§8 (Last 30s.)
00:18:42 [allowed] §6[Sacks] §r§a+592§r§e items§r§e.§r§8 (Last 30s.)
00:19:13 [allowed] §6[Sacks] §r§a+534§r§e items§r§e.§r§8 (Last 30s.)
00:19:33 [allowed] §6[Sacks] §r§a+149§r§e items§r§e.§r§8 (Last 19s.)
00:19:37 [allowed] §6§lRARE CROP! §r§f§r§5Squash §r§b(Armor Set Bonus)
00:19:43 [allowed] §6[Sacks] §r§a+1§r§e item§r§e.§r§8 (Last 5s.)
00:20:06 [allowed] §a§lUNCOMMON DROP! §r§eDicer dropped §r§a3x §r§aEnchanted Pumpkin§r§e!
00:20:28 [allowed] §a§lUNCOMMON DROP! §r§eDicer dropped §r§a3x §r§aEnchanted Pumpkin§r§e!
00:20:41 [allowed] §a§lUNCOMMON DROP! §r§eDicer dropped §r§a3x §r§aEnchanted Pumpkin§r§e!
00:22:07 [allowed] §6§lRARE CROP! §r§f§r§5Squash §r§b(Armor Set Bonus)
00:22:13 [allowed] §6[Sacks] §r§a+1§r§e item§r§e.§r§8 (Last 5s.)
00:22:27 [allowed] §6§lGROSS! §7A §2Pest §7has appeared in §aPlot §7- §b13§7!
00:22:27 [allowed]   §r§4§lൠ §6☘ Farming Fortune §7has been reduced by §45%§7!
00:22:27 [allowed]   §r§e§lCLICK HERE §eto teleport to the plot!
00:22:33 [allowed] §a§lUNCOMMON DROP! §r§eDicer dropped §r§a3x §r§aEnchanted Pumpkin§r§e!
00:22:53 [allowed] §9§lRARE DROP! §r§eDicer dropped §r§a5x §r§aEnchanted Pumpkin§r§e!
00:22:54 [allowed] §aYou earned §r§2750 GEXP §r§afrom playing SkyBlock!
00:23:50 [allowed] §a§lUNCOMMON DROP! §r§eDicer dropped §r§a3x §r§aEnchanted Pumpkin§r§e!
00:23:50 [allowed] §a§lUNCOMMON DROP! §r§eDicer dropped §r§a3x §r§aEnchanted Pumpkin§r§e!
00:24:20 [allowed] §a§lUNCOMMON DROP! §r§eDicer dropped §r§a3x §r§aEnchanted Pumpkin§r§e!
00:24:22 [allowed] §a§lUNCOMMON DROP! §r§eDicer dropped §r§a3x §r§aEnchanted Pumpkin§r§e!
00:24:38 [allowed] §9§lRARE DROP! §r§eDicer dropped §r§a5x §r§aEnchanted Pumpkin§r§e!
00:26:00 [allowed] §a§lUNCOMMON DROP! §r§eDicer dropped §r§a3x §r§aEnchanted Pumpkin§r§e!
00:26:42 [allowed] §c ☠ §r§7You fell into the void§r§7.
00:26:42 [allowed] §cYour spawn location was obstructed so you were spawned at the highest non-obstructed point!
00:27:07 [allowed] §a§lUNCOMMON DROP! §r§eDicer dropped §r§a3x §r§aEnchanted Pumpkin§r§e!
00:27:14 [allowed] §a§lUNCOMMON DROP! §r§eDicer dropped §r§a3x §r§aEnchanted Pumpkin§r§e!
00:27:31 [allowed] §a§lUNCOMMON DROP! §r§eDicer dropped §r§a3x §r§aEnchanted Pumpkin§r§e!
00:27:35 [allowed] §6§lGROSS! §7A §2Pest §7has appeared in §aPlot §7- §b2§7!
00:27:35 [allowed]   §r§4§lൠ §6☘ Farming Fortune §7has been reduced by §415%§7!
00:27:35 [allowed]   §r§e§lCLICK HERE §eto teleport to the plot!
00:27:54 [allowed] §aYou earned §r§2750 GEXP §r§afrom playing SkyBlock!
00:27:59 [allowed] §9§lRARE DROP! §r§eDicer dropped §r§a5x §r§aEnchanted Pumpkin§r§e!
00:28:35 [allowed] §d§lCRAZY RARE DROP! §r§eDicer dropped §r§a45x §r§aEnchanted Pumpkin§r§e!
00:29:01 [allowed] §a§lUNCOMMON DROP! §r§eDicer dropped §r§a3x §r§aEnchanted Pumpkin§r§e!
00:29:29 [allowed] §9§lRARE DROP! §r§eDicer dropped §r§a5x §r§aEnchanted Pumpkin§r§e!
00:30:11 [allowed] §6§lRARE CROP! §r§f§r§5Squash §r§b(Armor Set Bonus)
00:30:16 [allowed] §6[Sacks] §r§a+1§r§e item§r§e.§r§8 (Last 5s.)
00:30:17 [allowed] §a§lUNCOMMON DROP! §r§eDicer dropped §r§a3x §r§aEnchanted Pumpkin§r§e!
00:31:19 [allowed] §a§lUNCOMMON DROP! §r§eDicer dropped §r§a3x §r§aEnchanted Pumpkin§r§e!
00:31:25 [allowed] §a§lUNCOMMON DROP! §r§eDicer dropped §r§a3x §r§aEnchanted Pumpkin§r§e!
00:31:47 [allowed] §a§lUNCOMMON DROP! §r§eDicer dropped §r§a3x §r§aEnchanted Pumpkin§r§e!
00:31:58 [allowed] §e[NPC] Jacob§f: §r§d§lPERSONAL BEST§f! You've surpassed your previous record of §e165,618 §fitems collected in the §aPumpkin Contest§f!
00:32:04 [allowed] §e[NPC] Jacob§f: §rKeep it up!
00:32:19 [allowed] §aFriend > §r§aHoldMyGoonie §r§ejoined.
00:32:36 [allowed] §6§lGROSS! §7A §2Pest §7has appeared in §aPlot §7- §b5§7!
00:32:36 [allowed]   §r§4§lൠ §6☘ Farming Fortune §7has been reduced by §430%§7!
00:32:36 [allowed]   §r§e§lCLICK HERE §eto teleport to the plot!
00:32:51 [allowed] §a§lUNCOMMON DROP! §r§eDicer dropped §r§a3x §r§aEnchanted Pumpkin§r§e!
00:32:54 [allowed] §aYou earned §r§2750 GEXP §r§afrom playing SkyBlock!
00:35:01 [allowed] §e[NPC] Jacob§r§f: The Farming Contest is over!
00:35:01 [allowed] §e[NPC] Jacob§r§f: Let me count the final results eh?
00:35:06 [allowed] §e[NPC] Jacob§f: §rYou placed in the §6§lGOLD §fbracket in the §aPumpkin Contest§f!
00:35:10 [allowed] §e[NPC] Jacob§f: §rYou collected §e174,768 §fitems! §d§lPERSONAL BEST§f!
00:35:13 [allowed] §e[NPC] Jacob§f: §rYour previous Personal Best was §e165,618§f.
00:35:51 [allowed] §aYour Garden is no longer infested and your §r§6☘ Farming Fortune §r§ahas returned to normal!
00:37:16 [allowed] §3§l▬▬▬▬▬▬▬▬▬▬▬▬▬▬▬▬▬▬▬▬▬▬▬▬▬▬▬▬▬▬▬▬▬▬▬▬▬▬▬▬▬▬▬▬▬▬▬▬▬▬▬▬▬▬▬▬▬▬▬▬▬▬▬▬
00:37:16 [allowed]  
00:37:30 [allowed] §aTeleported you to §r§aThe Barn§r§a!
00:37:43 [allowed]   §r§6§lFARMING CONTEST REWARDS CLAIMED
00:37:43 [allowed]    §r§e§l» §r§aPumpkin §r§fContest on §r§eLate Summer 15th, Year 386
00:37:43 [allowed]   §r§a§lREWARDS
00:37:43 [allowed]     §r§7§aJacob's Ticket §8x25
00:37:43 [allowed]     §r§7§81x §9Turbo-Pumpkin I Book
00:37:43 [allowed]     §r§7§8+§e1 §7gold medal
00:37:43 [allowed]     §r§7§aCarnival Ticket §8x2
00:37:48 [allowed] §6[Bazaar] §r§7Executing instant sell...
00:37:48 [allowed] §6[Bazaar] §r§7Sold §r§a1§r§7x §r§9Enchanted Red Mushroom Block §r§7for §r§649,486 coins§r§7!
00:37:48 [allowed] §6[Bazaar] §r§7Sold §r§a1§r§7x §r§fTurbo-Pumpkin I §r§7for §r§650,001 coins§r§7!
00:37:48 [allowed] §6[Bazaar] §r§7Sold §r§a47§r§7x §r§aEnchanted Brown Mushroom §r§7for §r§671,351 coins§r§7!
00:37:48 [allowed] §6[Bazaar] §r§7Sold §r§a25§r§7x §r§aJacob's Ticket §r§7for §r§6425,473 coins§r§7!
00:37:48 [allowed] §6[Bazaar] §r§7Sold §r§a124§r§7x §r§fRed Mushroom §r§7for §r§6892.8 coins§r§7!
00:37:48 [allowed] §6[Bazaar] §r§7Sold §r§a30§r§7x §r§9Enchanted Melon Block §r§7for §r§61,502,346 coins§r§7!
00:37:48 [allowed] §6[Bazaar] §r§7Sold §r§a40§r§7x §r§aEnchanted Cactus Green §r§7for §r§623,943 coins§r§7!
00:37:48 [allowed] §6[Bazaar] §r§7Sold §r§a6§r§7x §r§aEnchanted Pumpkin §r§7for §r§69,294.6 coins§r§7!
00:37:48 [allowed] §6[Bazaar] §r§7Sold §r§a13§r§7x §r§aEnchanted Red Mushroom §r§7for §r§618,854 coins§r§7!
00:37:48 [allowed] §6[Bazaar] §r§7Sold §r§a2§r§7x §r§fBrown Mushroom §r§7for §r§614.4 coins§r§7!
00:37:48 [allowed] §6[Bazaar] §r§7Sold §r§a218§r§7x §r§aEnchanted Cocoa Beans §r§7for §r§6115,453 coins§r§7!
00:37:48 [allowed] §6[Bazaar] §r§7Sold §r§a6§r§7x §r§9Polished Pumpkin §r§7for §r§61,491,394 coins§r§7!
00:37:48 [allowed] §6[Bazaar] §r§7Sold §r§a49§r§7x §r§fPumpkin §r§7for §r§6254.8 coins§r§7!
00:37:48 [allowed] §6[Bazaar] §r§7Sold §r§a18§r§7x §r§aEnchanted Wheat §r§7for §r§616,699 coins§r§7!
00:37:48 [allowed] §6[Bazaar] §r§7Sold §r§a49§r§7x §r§fMelon §r§7for §r§634.3 coins§r§7!
00:37:48 [allowed] §6[Bazaar] §r§7Sold §r§a2§r§7x §r§aEnchanted Melon §r§7for §r§6621.6 coins§r§7!
00:37:54 [allowed] §aYou earned §r§2463 GEXP §r§afrom playing SkyBlock!
00:42:38 [allowed] §6[Bazaar] §r§7Executing instant buy...
00:42:38 [allowed] §6[Bazaar] §r§7Bought §r§a5§r§7x §r§9Enchanted Melon Block §r§7for §r§6254,242 coins§r§7!
00:42:48 [allowed] §6[Bazaar] §r§7Executing instant buy...
00:42:48 [allowed] §6[Bazaar] §r§7Bought §r§a3§r§7x §r§aCompost §r§7for §r§641,093 coins§r§7!
00:42:55 [allowed] §aYou earned §r§2413 GEXP §r§afrom playing SkyBlock!
00:42:58 [allowed] §6[Bazaar] §r§7Executing instant buy...
00:42:58 [allowed] §6[Bazaar] §r§7Bought §r§a198§r§7x §r§aEnchanted Wheat §r§7for §r§6207,880 coins§r§7!
00:43:08 [allowed] §6[Bazaar] §r§7Executing instant buy...
00:43:09 [allowed] §6[Bazaar] §r§7Bought §r§a429§r§7x §r§aEnchanted Cactus Green §r§7for §r§6306,713 coins§r§7!
00:43:38 [allowed] §6§lOFFER ACCEPTED §r§8with §r§9Zog §r§8(§r§9§lRARE§r§8)
00:43:38 [allowed] 
00:43:38 [allowed]   §r§a§lREWARDS
00:43:38 [allowed]     §r§8+§r§230 §r§7Garden Experience
00:43:38 [allowed]     §r§8+§r§38.2k §r§7Farming XP
00:43:38 [allowed]     §r§8+§r§c59 Copper
00:43:38 [allowed] 
00:43:40 [allowed] §6§lOFFER ACCEPTED §r§8with §r§aJack §r§8(§r§a§lUNCOMMON§r§8)
00:43:40 [allowed] 
00:43:40 [allowed]   §r§a§lREWARDS
00:43:40 [allowed]     §r§8+§r§215 §r§7Garden Experience
00:43:40 [allowed]     §r§8+§r§36.3k §r§7Farming XP
00:43:40 [allowed]     §r§8+§r§c21 Copper
00:43:40 [allowed] 
00:43:43 [allowed] §6§lOFFER ACCEPTED §r§8with §r§aJotraeline Greatforge §r§8(§r§a§lUNCOMMON§r§8)
00:43:43 [allowed] 
00:43:43 [allowed]   §r§a§lREWARDS
00:43:43 [allowed]     §r§8+§r§215 §r§7Garden Experience
00:43:43 [allowed]     §r§8+§r§315k §r§7Farming XP
00:43:43 [allowed]     §r§8+§r§c30 Copper
00:43:43 [allowed]     §r§7§9Biofuel
00:43:43 [allowed] 
00:43:45 [allowed] §6§lOFFER ACCEPTED §r§8with §r§aOdawa §r§8(§r§a§lUNCOMMON§r§8)
00:43:45 [allowed] 
00:43:45 [allowed]   §r§a§lREWARDS
00:43:45 [allowed]     §r§8+§r§215 §r§7Garden Experience
00:43:45 [allowed]     §r§8+§r§33k §r§7Farming XP
00:43:45 [allowed]     §r§8+§r§c22 Copper
00:43:45 [allowed]     §r§7§5Jungle Key
00:43:45 [allowed] 
00:43:53 [allowed] §6[Bazaar] §r§7Putting goods in escrow...
00:43:53 [allowed] §6[Bazaar] §r§7Submitting sell offer...
00:43:53 [allowed] §6[Bazaar] §r§7§r§eSell Offer Setup! §r§a1§r§7x §r§5Jungle Key §r§7for §r§6176,980 coins§r§7.
00:43:54 [allowed] §6[Bazaar] §eYour §6Sell Offer §efor §a1§7x §5Jungle Key §ewas filled!
00:44:04 [allowed] §7You upgraded to §r§dCoach Jackrabbit XI§r§7!
00:44:05 [allowed] §5Rabbit Dog §r§7has been promoted to §r§7[132§r§7] §r§5Manager§r§7!
00:44:06 [allowed] §cThe Time Tower is charging!
00:44:08 [allowed] §5Rabbit Cousin §r§7has been promoted to §r§7[158§r§7] §r§5Manager§r§7!
00:44:10 [allowed] §5Rabbit Granny §r§7has been promoted to §r§7[148§r§7] §r§5Manager§r§7!
00:44:11 [allowed] §5Rabbit Granny §r§7has been promoted to §r§7[149§r§7] §r§5Manager§r§7!
00:44:11 [allowed] §5Rabbit Granny §r§7has been promoted to §r§7[150§r§7] §r§5Manager§r§7!
00:44:12 [allowed] §5Rabbit Uncle §r§7has been promoted to §r§7[136§r§7] §r§5Manager§r§7!
00:44:13 [allowed] §cYou don't have enough Chocolate!
00:44:13 [allowed] §cYou don't have enough Chocolate!
00:44:13 [allowed] §cYou don't have enough Chocolate!
00:44:13 [allowed] §cYou don't have enough Chocolate!
00:44:42 [allowed] §6[Bazaar] §r§7Claiming orders...
00:44:42 [allowed] §6[Bazaar] §r§7§r§7Claimed §r§6176,980 coins §r§7from selling §r§a1§r§7x §r§5Jungle Key §r§7at §r§6178,994 §r§7each!
00:46:12 [allowed] §7Warping you to your SkyBlock island...
00:46:12 [allowed] §7Sending to server mini62AN...
00:46:14 [allowed] §8 §r§8 §r§1 §r§3 §r§3 §r§7 §r§8 
00:46:17 [allowed] §aYou are playing on profile: §ePineapple§b (Co-op)
00:46:17 [allowed] §8Profile ID: 6accdd30-5c34-4840-99a1-da8b87d5f229
00:47:12 [allowed] §cYour Minecraft level is too low to start this experiment!
00:47:16 [allowed] §7You removed an §r§eExperimentation Table§r§7. (0/1)
00:47:19 [allowed] §7You placed an §r§eExperimentation Table§r§7. §r§7(1/1)
00:47:21 [allowed] §7You removed a §r§eChicken Coop§r§7. (14/15)
00:47:24 [allowed] §7You placed a §r§eChicken Coop§r§7. §r§7(15/15)
00:48:00 [allowed] §7You removed an §r§eExperimentation Table§r§7. (0/1)
00:48:01 [allowed] §7You placed an §r§eExperimentation Table§r§7. §r§7(1/1)
00:48:12 [allowed] §7You removed an §r§eExperimentation Table§r§7. (0/1)
00:48:15 [allowed] §7You placed an §r§eExperimentation Table§r§7. §r§7(1/1)
00:51:14 [allowed] §aYou earned §r§2146 GEXP §r§afrom playing SkyBlock!
00:51:23 [allowed] §eYou claimed the §r§dChronomatron §r§erewards!
00:51:23 [allowed]  §r§8+§r§372,000 Enchanting Exp
00:51:23 [allowed] §8 +§r§d3 Superpairs clicks
00:53:59 [allowed] §eYou claimed the §r§dUltrasequencer §r§erewards!
00:53:59 [allowed]  §r§8+§r§391,000 Enchanting Exp
00:53:59 [allowed] §8 +§r§d3 Superpairs clicks
00:56:26 [allowed] §eYou claimed the §r§cSuperpairs §r§erewards!
00:56:26 [allowed] §8 +§r§3500k Enchanting Exp
00:56:26 [allowed]  §r§8+§r§aSharpness V
00:56:26 [allowed]  §r§8+§r§373k Enchanting Exp
00:56:26 [allowed] §aYour §r§6Mooshroom Cow §r§aleveled up to level §r§9100§r§a!
00:56:26 [allowed]  §r§8+§r§3118k Enchanting Exp
00:56:29 [allowed] §7[§bSkyblockAddons§7] §cDrop this item again to confirm!
00:57:16 [allowed] §6[Sacks] §r§a+3§r§e items§r§e.§r§8 (Last 5s.)
00:59:33 [allowed] §7Warping...
00:59:34 [allowed] §7Sending to server mini33AT...
00:59:34 [allowed] §8 §r§8 §r§1 §r§3 §r§3 §r§7 §r§8 
00:59:37 [allowed] §aYou are playing on profile: §ePineapple§b (Co-op)
00:59:37 [allowed] §8Profile ID: 6accdd30-5c34-4840-99a1-da8b87d5f229
00:59:40 [allowed] §e[NPC] Croesus§f: §rThe Wither King now lives in the deepest floor of §cThe Catacombs§r, but where is the Wither Prince?
01:02:37 [allowed] §7Sending to server mini3AG...
01:02:38 [allowed] §8 §r§8 §r§1 §r§3 §r§3 §r§7 §r§8 
01:02:41 [allowed] §aYou are playing on profile: §ePineapple§b (Co-op)
01:02:41 [allowed] §8Profile ID: 6accdd30-5c34-4840-99a1-da8b87d5f229
01:02:51 [allowed] §8[§r§70§r§8] §r§a[VIP] MetroPancake627§f§r§f: how did i do that
01:04:05 [allowed] §c ☠ §r§7§r§7Morya4§r§7 was killed by §r§2Stalwart Gaia Construct§r§7§r§7.
01:07:15 [allowed] §aYou earned §r§2264 GEXP §r§afrom playing SkyBlock!
01:07:21 [allowed] §8[§r§78§r§8] §r§a[VIP] CASHxGK§f§r§f: can someone slide 400k?
01:07:41 [allowed] §8[§r§72§r§8] §r§7Big_porker§7§r§7: shoot bro all i got is 144k
01:07:47 [allowed] §8[§r§78§r§8] §r§a[VIP] CASHxGK§f§r§f: lmao
01:08:11 [allowed] §8[§r§70§r§8] §r§a[VIP] MetroPancake627§f§r§f: how do i play
01:09:27 [allowed] §aFriend > §r§bChipodle §r§ejoined.
01:09:46 [allowed] §8[§r§78§r§8] §r§a[VIP] CASHxGK§f§r§f: How do i get that axe
01:09:54 [allowed] §7Putting coins in escrow...
01:09:54 [allowed] §7Processing purchase...
01:09:54 [allowed] §eYou purchased §r§f§r§f§r§dAncient Skeleton Master Chestplate §r§6✪✪✪✪✪§r§c➊ §r§efor §r§658,000,000 coins§r§e!
01:09:54 [allowed] §7Claiming BIN auction...
01:09:54 [allowed] §eYou claimed §r§f§r§dAncient Skeleton Master Chestplate §r§6✪✪✪✪✪§r§c➊ §r§efrom §r§a[VIP] GCheese§r§e's auction!
01:10:03 [allowed] §8[§r§717§r§8] §r§7IBADBG§7§r§7: for 23m
01:12:18 [allowed] §aYou earned §r§2186 GEXP §r§afrom playing SkyBlock!
01:12:18 [allowed] §7Putting item in escrow...
01:12:18 [allowed] §7Setting up the auction...
01:12:18 [allowed] §b-----------------------------------------------------
01:12:18 [allowed] §b[MVP§r§f+§r§b] Firemage_X§r§f §r§ecreated a BIN auction for §r§dAncient Necron's Helmet §r§6✪✪✪✪✪ §r§eat §r§640,000,000 coins!
01:12:18 [allowed] §b-----------------------------------------------------
01:12:18 [allowed] §eBIN Auction started for §r§f§r§dAncient Necron's Helmet §r§6✪✪✪✪✪§r§e!
01:12:29 [allowed] §c ☠ §r§7§r§bredstone_cmd§r§7 fell into the void§r§7.
01:15:06 [allowed] §e[NPC] Jacob§f: §rMy contest has started!
01:16:42 [allowed] §8[§r§713§r§8] §r§a[VIP] mayou1§f§r§f: .is
01:17:23 [allowed] §aYou earned §r§2113 GEXP §r§afrom playing SkyBlock!
01:18:36 [allowed] §8[§r§f68§r§8] §r§a[VIP] YoutubeBadger§f§r§f: best juju armor/equipment?
01:18:42 [allowed] §8[§r§2188§r§8] §r§7⚚ §r§b[MVP§3+§b] DonutzDonut§f§r§f: floor?
01:18:45 [allowed] §8[§r§f68§r§8] §r§a[VIP] YoutubeBadger§f§r§f: 6
01:18:54 [allowed] §8[§r§2188§r§8] §r§7⚚ §r§b[MVP§3+§b] DonutzDonut§f§r§f: just use sa
01:18:57 [allowed] §8[§r§f68§r§8] §r§a[VIP] YoutubeBadger§f§r§f: alr
01:18:59 [allowed] §8[§r§2188§r§8] §r§7⚚ §r§b[MVP§3+§b] DonutzDonut§f§r§f: if f7 comp necron
01:19:01 [allowed] §8[§r§f68§r§8] §r§a[VIP] YoutubeBadger§f§r§f: what about eq
01:19:04 [allowed] §8[§r§f68§r§8] §r§a[VIP] YoutubeBadger§f§r§f: k ty
01:19:07 [allowed] §8[§r§2188§r§8] §r§7⚚ §r§b[MVP§3+§b] DonutzDonut§f§r§f: dungeon eq
