23:57:53 §e[SkyHanni] §aJamie §eis visiting your garden!§r
23:57:53 §e[SkyHanni] §aJack §eis visiting your garden!§r
23:57:53 §e[SkyHanni] §9Old Man Garry §eis visiting your garden!§r
23:57:53 §e[SkyHanni] §aFriendly Hiker §eis visiting your garden!§r
23:57:53 §e[SkyHanni] §aFisherman §eis visiting your garden!§r
00:00:08 §e[SkyHanni] §aJamie §eis visiting your garden!§r
00:00:16 §e[SkyHanni] §aJack §eis visiting your garden!§r
00:00:17 §e[SkyHanni] §9Old Man Garry §eis visiting your garden!§r
00:00:17 §e[SkyHanni] §aFriendly Hiker §eis visiting your garden!§r
00:00:17 §e[SkyHanni] §aFisherman §eis visiting your garden!§r
00:04:11 §e[SkyHanni] Loaded Melon milestone data from tab list!§r
00:05:26 §e[SkyHanni] §aOdawa §eis visiting your garden!§r
00:09:38 §e[SkyHanni] §aJotraeline Greatforge §eis visiting your garden!§r
00:13:47 §e[SkyHanni] §aFisherman §eis visiting your garden!§r
00:15:38 §e[SkyHanni] Started tracking your Jacob Contest Blocks Per Second!§r
00:18:03 §e[SkyHanni] Loaded Pumpkin milestone data from tab list!§r
00:18:33 §e[SkyHanni] §aJack §eis visiting your garden!§r
00:23:00 §e[SkyHanni] §9Zog §eis visiting your garden!§r
00:35:02 §e[SkyHanni] Stats for Pumpkin Contest:§r
00:35:02 §e[SkyHanni] §7Blocks Broken in total: §e18,476§r
00:35:02 §e[SkyHanni] §7Average Blocks Per Second: §a15.87§r
00:35:02 §e[SkyHanni] §7Participated for §b19m 24s§r
00:37:16 §6§lBESTIARY §r§b§lMoth §7§8IX §8➡§b §bX§r
00:39:55 §e[SkyHanni] §aPlumber Joe §eis visiting your garden!§r
