16:59:47 §f                                  §6§lBESTIARY
16:59:47 §f                     §b§lCrypt Souleater §7§8XVIII §8➡§b §bXIX
16:59:47 
16:59:47 §f                                  §r§6§lREWARDS
16:59:47 §f                    §r§8+§r§a5 Crypt Souleater §r§b✯ Magic Find
16:59:47 §f                     §r§8+§r§a5 Crypt Souleater §r§c❁ Strength
16:59:47 §f                        §r§8+§r§62% §r§aCrypt Souleater §r§7coins
16:59:47 §f                    §r§8+§r§a50% §r§7chance for extra XP orbs
16:59:47 §f                               §r§8+§r§b1 SkyBlock XP
16:59:47 
16:59:47 §3§l▬▬▬▬▬▬▬▬▬▬▬▬▬▬▬▬▬▬▬▬▬▬▬▬▬▬▬▬▬▬▬▬▬▬▬▬▬▬▬▬▬▬▬▬▬▬▬▬▬▬▬▬▬▬▬▬▬▬▬▬▬▬▬▬
18:18:54 §f                                  §6§lBESTIARY
18:18:54 §f                       §b§lWithermancer §7§8XVIII §8➡§b §bXIX
18:18:54 
18:18:54 §f                                  §r§6§lREWARDS
18:18:54 §f                      §r§8+§r§a5 Withermancer §r§b✯ Magic Find
18:18:54 §f                      §r§8+§r§a5 Withermancer §r§c❁ Strength
18:18:54 §f                          §r§8+§r§62% §r§aWithermancer §r§7coins
18:18:54 §f                    §r§8+§r§a50% §r§7chance for extra XP orbs
18:18:54 §f                               §r§8+§r§b1 SkyBlock XP
18:18:54 
18:18:54   §r§f                         §6§lBESTIARY MILESTONE
18:18:54   §r§f                              §8CXXXVIII➡§eCXXXIX
18:18:54 
18:18:54 §3§l▬▬▬▬▬▬▬▬▬▬▬▬▬▬▬▬▬▬▬▬▬▬▬▬▬▬▬▬▬▬▬▬▬▬▬▬▬▬▬▬▬▬▬▬▬▬▬▬▬▬▬▬▬▬▬▬▬▬▬▬▬▬▬▬
19:17:54 §f                                  §6§lBESTIARY
19:17:54 §f                       §b§lLonely Spider §7§8XVI §8➡§b §bXVII
19:17:54 
19:17:54 §f                                  §r§6§lREWARDS
19:17:54 §f                     §r§8+§r§a5 Lonely Spider §r§b✯ Magic Find
19:17:54 §f                      §r§8+§r§a5 Lonely Spider §r§c❁ Strength
19:17:54 §f                         §r§8+§r§62% §r§aLonely Spider §r§7coins
19:17:54 §f                    §r§8+§r§a50% §r§7chance for extra XP orbs
19:17:54 §f                               §r§8+§r§b1 SkyBlock XP
19:17:54 
19:17:54 §3§l▬▬▬▬▬▬▬▬▬▬▬▬▬▬▬▬▬▬▬▬▬▬▬▬▬▬▬▬▬▬▬▬▬▬▬▬▬▬▬▬▬▬▬▬▬▬▬▬▬▬▬▬▬▬▬▬▬▬▬▬▬▬▬▬
