16:26:24 §bNew day! §r§eYour §r§2Sky Mall §r§ebuff changed!
16:26:24 §eNew buff§r§r§r: §r§fGain §r§6+50☘ Mining Fortune§r§f.
16:26:24 §8§oYou can disable this messaging by toggling Sky Mall in your /hotm!
16:35:02 §bNew day! §r§eYour §r§2Sky Mall §r§ebuff changed!
16:35:02 §eNew buff§r§r§r: §r§fGain §r§a+15% §r§fmore Powder while mining.
16:35:02 §8§oYou can disable this messaging by toggling Sky Mall in your /hotm!
16:55:01 §bNew day! §r§eYour §r§2Sky Mall §r§ebuff changed!
16:55:01 §eNew buff§r§r§r: §r§fGain §r§a+15% §r§fmore Powder while mining.
16:55:01 §8§oYou can disable this messaging by toggling Sky Mall in your /hotm!
17:15:01 §bNew day! §r§eYour §r§2Sky Mall §r§ebuff changed!
17:15:01 §eNew buff§r§r§r: §r§fGain §r§6+50☘ Mining Fortune§r§f.
17:15:01 §8§oYou can disable this messaging by toggling Sky Mall in your /hotm!
17:35:01 §bNew day! §r§eYour §r§2Sky Mall §r§ebuff changed!
17:35:01 §eNew buff§r§r§r: §r§fGain §r§a+15% §r§fmore Powder while mining.
17:35:01 §8§oYou can disable this messaging by toggling Sky Mall in your /hotm!
17:55:01 §bNew day! §r§eYour §r§2Sky Mall §r§ebuff changed!
17:55:01 §eNew buff§r§r§r: §r§fGain §r§6+50☘ Mining Fortune§r§f.
17:55:01 §8§oYou can disable this messaging by toggling Sky Mall in your /hotm!
18:15:01 §bNew day! §r§eYour §r§2Sky Mall §r§ebuff changed!
18:15:01 §eNew buff§r§r§r: §r§fGain §r§a+15% §r§fmore Powder while mining.
18:15:01 §8§oYou can disable this messaging by toggling Sky Mall in your /hotm!
18:35:01 §bNew day! §r§eYour §r§2Sky Mall §r§ebuff changed!
18:35:01 §eNew buff§r§r§r: §r§f§r§a-20%§r§f Pickaxe Ability cooldowns.
18:35:01 §8§oYou can disable this messaging by toggling Sky Mall in your /hotm!
18:55:02 §bNew day! §r§eYour §r§2Sky Mall §r§ebuff changed!
18:55:02 §eNew buff§r§r§r: §r§f§r§a-20%§r§f Pickaxe Ability cooldowns.
18:55:02 §8§oYou can disable this messaging by toggling Sky Mall in your /hotm!
19:15:06 §bNew day! §r§eYour §r§2Sky Mall §r§ebuff changed!
19:15:06 §eNew buff§r§r§r: §r§fGain §r§6+100⸕ Mining Speed§r§f.
19:15:06 §8§oYou can disable this messaging by toggling Sky Mall in your /hotm!
19:35:01 §bNew day! §r§eYour §r§2Sky Mall §r§ebuff changed!
19:35:01 §eNew buff§r§r§r: §r§fGain §r§6+100⸕ Mining Speed§r§f.
19:35:01 §8§oYou can disable this messaging by toggling Sky Mall in your /hotm!
