10:33:44 §e[SkyHanni] You are close to the Croesus Limit. Please open your chests!§r
10:33:49 §e[SkyHanni] You have gained §b29 §eBits.§r
10:43:40 §e[SkyHanni] You are close to the Croesus Limit. Please open your chests!§r
10:43:55 §e[SkyHanni] You have gained §b28 §eBits.§r
10:53:54 §e[SkyHanni] You are close to the Croesus Limit. Please open your chests!§r
10:54:13 §e[SkyHanni] You have gained §b28 §eBits.§r
10:55:14 §e[SkyHanni] A Reindrake was detected. Click to warp to the Winter Island spawn!
§e[CLICK to warp to winter island spawn or disable this feature]§r
10:55:39 §e[SkyHanni] §bNo Bits Available! §eClick to buy booster cookies on the bazaar.§r
10:55:39 §e[SkyHanni] You have gained §b39 §eBits.§r
10:56:58 §a§lPotion Effect! §r§aMining XP Boost I§r
10:57:14 §e[SkyHanni] §cYour Time Tower just expired and has 2 charges remaining. Click here to use one.§r
10:59:56 §e[SkyHanni] The Broodmother has spawned!
§e[CLICK to warp to the Top of the Nest or disable this feature]§r
11:00:19 §e[SkyHanni] The Broodmother was killed!§r
11:01:56 §e[SkyHanni] §b+1 SkyBlock XP §7(HOTM Progression§7)§b (31/100)§r
11:05:09 §e[SkyHanni] §aTerry §eis visiting your garden!§r
11:05:09 §e[SkyHanni] §aRhys §eis visiting your garden!§r
11:05:09 §e[SkyHanni] §aShaggy §eis visiting your garden!§r
11:05:09 §e[SkyHanni] §9Rusty §eis visiting your garden!§r
11:05:09 §e[SkyHanni] §aDuke §eis visiting your garden!§r
