22:10:23 [allowed] §f §r§r§r§f §r§r§r§1 §r§r§r§0 §r§r§r§2 §r§r§r§f §r§r§r§f §r§r§r§2 §r§r§r§0 §r§r§r§4 §r§r§r§3 §r§r§r§9 §r§r§r§2 §r§r§r§0 §r§r§r§0 §r§r§r§3 §r§r§r§9 §r§r§r§2 §r§r§r§0 §r§r§r§0 §r§r§r§3 §r§r§r§9 §r§r§r§2 §r§r§r§0 §r§r§r§0 
22:10:23 [allowed] §b[MVP§f+§b] Firemage_X§f §6joined the lobby!
22:10:23 [allowed] §aYou have §b21 §aunclaimed leveling rewards!
22:10:23 [allowed] §eClick here to view them!
22:10:23 [allowed] §aYou have §68 §aunclaimed achievement rewards!
22:10:23 [allowed] §eClick here to view them!
22:10:24 [allowed] §cYou are sending commands too fast! Please slow down.
22:10:25 [allowed]   §r§f§l➤ §r§6You have reached your Hype limit! Add Hype to Prototype Lobby minigames by right-clicking with the Hype Diamond!
22:10:26 [allowed] §9§m-----------------------------------------------------§r§9
§r§9                          §r§9 §6Friends (Page 1 of 8) §r§e§l>>§r§9
§r§9§bChipodle §eis in Limbo§r§9
§r§9§bcreeperXP §eis currently §eAway§r§9
§r§9§bHoldMyGoonie §eis in SkyBlock - Private Island§r§9
§r§9§7KingGoji953 §eis in Limbo§r§9
§r§9§b24Arrian §cis currently offline§r§9
§r§9§b_mmc27 §cis currently offline§r§9
§r§9§a_tsn §cis currently offline§r§9
§r§9§aAceCreo_ §cis currently offline§r§9
§r§9§m-----------------------------------------------------
22:10:27 [allowed] 
§r§f§l➔ §r§6§lWelcome to the Prototype Lobby§r
§r§aAll games in this lobby are currently in development.§r
§r§eClick here to leave feedback!§r§f ➤ §r§b§nhttps://hypixel.net/PTL

22:10:28 [allowed] §b[MVP§a+§b] Brixyyy§f §6joined the lobby!
22:10:30 [allowed] 
§r§f§l➔ §r§6§lWelcome to the Prototype Lobby§r
§r§aAll games in this lobby are currently in development.§r
§r§eClick here to leave feedback!§r§f ➤ §r§b§nhttps://hypixel.net/PTL

22:10:31 [allowed] §b[MVP§c+§b] LunarD3n§f §6joined the lobby!
22:10:33 [allowed] §7Sending to server mini157BK...
22:10:33 [allowed] §8 §r§8 §r§1 §r§3 §r§3 §r§7 §r§8 
22:10:35 [allowed] 
22:10:36 [allowed] §eWelcome to §r§aHypixel SkyBlock§r§e!
22:10:36 [allowed] 
22:10:36 [allowed] §eLatest update: §bSkyBlock v0.20.8 §e§lCLICK
22:10:36 [allowed] §aYou are playing on profile: §ePineapple§b (Co-op)
22:10:36 [allowed] §8Profile ID: 6accdd30-5c34-4840-99a1-da8b87d5f229
22:10:38 [SKYMALL] §bNew day! §r§eYour §r§2Sky Mall §r§ebuff changed!
22:10:38 [SKYMALL] §eNew buff§r§r§r: §r§fGain §r§6+100⸕ Mining Speed§r§f.
22:10:38 [SKYMALL] §8§oYou can disable this messaging by toggling Sky Mall in your /hotm!
22:10:38 [allowed] §7Warping...
22:10:38 [allowed] §7Sending to server mini4CM...
22:10:39 [allowed] §8 §r§8 §r§1 §r§3 §r§3 §r§7 §r§8 
22:10:42 [allowed] §aYou are playing on profile: §ePineapple§b (Co-op)
22:10:42 [allowed] §8Profile ID: 6accdd30-5c34-4840-99a1-da8b87d5f229
22:10:48 [allowed] §d§lHOPPITY'S HUNT §r§dYou found a §r§aChocolate Supper Egg §r§dnear lava in §r§bThe Forge§r§d!
22:10:48 [allowed] §D§LHOPPITY'S HUNT §7You found §fHumphrey §7(§F§LCOMMON§7)!
22:10:48 [allowed] §d§lNEW RABBIT! §6+1 Chocolate §7and §6+0.002x Chocolate §7per second!
22:10:53 [allowed] §d§lHOPPITY'S HUNT §r§dYou found a §r§cHitman Egg§r§d!
22:10:53 [allowed] §D§LHOPPITY'S HUNT §7You found §aBandit §7(§A§LUNCOMMON§7)!
22:10:53 [allowed] §d§lNEW RABBIT! §6+2 Chocolate §7and §6+0.003x Chocolate §7per second!
22:10:53 [allowed] §d§lHOPPITY'S HUNT §r§dYou found a §r§cHitman Egg§r§d!
22:10:53 [allowed] §D§LHOPPITY'S HUNT §7You found §fBinky §7(§F§LCOMMON§7)!
22:10:53 [allowed] §d§lNEW RABBIT! §6+1 Chocolate §7and §6+0.002x Chocolate §7per second!
22:10:53 [allowed] §d§lHOPPITY'S HUNT §r§dYou found a §r§cHitman Egg§r§d!
22:10:53 [allowed] §D§LHOPPITY'S HUNT §7You found §6Magic §7(§6§LLEGENDARY§7)!
22:10:53 [allowed] §d§lNEW RABBIT! §6+0.02x Chocolate §7per second!
22:10:53 [allowed] §d§lHOPPITY'S HUNT §r§dYou found a §r§cHitman Egg§r§d!
22:10:53 [allowed] §D§LHOPPITY'S HUNT §7You found §5Simba §7(§5§LEPIC§7)!
22:10:53 [allowed] §d§lNEW RABBIT! §6+10 Chocolate §7and §6+0.005x Chocolate §7per second!
22:10:53 [allowed] §d§lHOPPITY'S HUNT §r§dYou found a §r§cHitman Egg§r§d!
22:10:53 [allowed] §D§LHOPPITY'S HUNT §7You found §9Aladdin §7(§9§LRARE§7)!
22:10:53 [allowed] §d§lNEW RABBIT! §6+4 Chocolate §7and §6+0.004x Chocolate §7per second!
22:10:53 [allowed] §d§lHOPPITY'S HUNT §r§dYou found a §r§cHitman Egg§r§d!
22:10:53 [allowed] §D§LHOPPITY'S HUNT §7You found §aSylvester §7(§A§LUNCOMMON§7)!
22:10:53 [allowed] §7§lDUPLICATE RABBIT! §6+4,677,621 Chocolate
22:10:53 [allowed] §d§lHOPPITY'S HUNT §r§dYou found a §r§cHitman Egg§r§d!
22:10:53 [allowed] §D§LHOPPITY'S HUNT §7You found §fAaron §7(§F§LCOMMON§7)!
22:10:53 [allowed] §d§lNEW RABBIT! §6+1 Chocolate §7and §6+0.002x Chocolate §7per second!
22:10:58 [allowed] §7You upgraded to §r§dCoach Jackrabbit XIV§r§7!
22:11:00 [allowed] §5Rabbit Granny §r§7has been promoted to §r§7[161§r§7] §r§5Manager§r§7!
22:11:01 [allowed] §5Rabbit Uncle §r§7has been promoted to §r§7[151§r§7] §r§5Manager§r§7!
22:11:01 [allowed] §5Rabbit Granny §r§7has been promoted to §r§7[162§r§7] §r§5Manager§r§7!
22:11:01 [allowed] §5Rabbit Granny §r§7has been promoted to §r§7[163§r§7] §r§5Manager§r§7!
22:11:01 [allowed] §5Rabbit Granny §r§7has been promoted to §r§7[164§r§7] §r§5Manager§r§7!
22:11:02 [allowed] §5Rabbit Granny §r§7has been promoted to §r§7[165§r§7] §r§5Manager§r§7!
22:11:02 [allowed] §cYou don't have enough Chocolate!
22:11:02 [allowed] §cYou don't have enough Chocolate!
22:11:02 [allowed] §cYou don't have enough Chocolate!
22:11:56 [allowed] §f §r§r§r§f §r§r§r§1 §r§r§r§0 §r§r§r§2 §r§r§r§f §r§r§r§f §r§r§r§2 §r§r§r§0 §r§r§r§4 §r§r§r§3 §r§r§r§9 §r§r§r§2 §r§r§r§0 §r§r§r§0 §r§r§r§3 §r§r§r§9 §r§r§r§2 §r§r§r§0 §r§r§r§0 §r§r§r§3 §r§r§r§9 §r§r§r§2 §r§r§r§0 §r§r§r§0 
22:11:56 [allowed] §b[MVP§f+§b] Firemage_X§f §6joined the lobby!
22:11:56 [allowed] §aYou have §b21 §aunclaimed leveling rewards!
22:11:56 [allowed] §eClick here to view them!
22:11:56 [allowed] §aYou have §68 §aunclaimed achievement rewards!
22:11:56 [allowed] §eClick here to view them!
22:11:59 [allowed] §7Sending to server mini61CA...
22:11:59 [allowed]   §r§f§l➤ §r§6You have reached your Hype limit! Add Hype to Prototype Lobby minigames by right-clicking with the Hype Diamond!
22:11:59 [allowed] §8 §r§8 §r§1 §r§3 §r§3 §r§7 §r§8 
22:12:01 [allowed] 
22:12:01 [allowed] §eWelcome to §r§aHypixel SkyBlock§r§e!
22:12:01 [allowed] 
22:12:01 [allowed] §eLatest update: §bSkyBlock v0.20.8 §e§lCLICK
22:12:02 [allowed] §aYou are playing on profile: §ePineapple§b (Co-op)
22:12:02 [allowed] §8Profile ID: 6accdd30-5c34-4840-99a1-da8b87d5f229
22:12:03 [allowed] §d§lTIME TOWER! §r§7Your §r§6Chocolate Factory §r§7production has increased by §r§6+1.4x §r§7for §r§a1h§r§7!
22:12:05 [allowed] §6Rabbit Bro §r§7has been promoted to §r§7[193§r§7] §r§6Director§r§7!
22:12:09 [allowed] §7Warping you to your SkyBlock island...
22:12:09 [allowed] §7Sending to server mini154BH...
22:12:09 [allowed] §8 §r§8 §r§1 §r§3 §r§3 §r§7 §r§8 
22:12:10 [allowed] §aWarped from the §r§eTop Floor Teleport Pad§r§a to the §r§dminions Teleport Pad§r§a!
22:12:13 [allowed] §aYou are playing on profile: §ePineapple§b (Co-op)
22:12:13 [allowed] §8Profile ID: 6accdd30-5c34-4840-99a1-da8b87d5f229
22:12:14 [allowed] §c ☠ §r§7You fell into the void§r§7.
22:14:28 [allowed] §eYou claimed the §r§dChronomatron §r§erewards!
22:14:28 [allowed]  §r§8+§r§372,000 Enchanting Exp
22:14:28 [allowed] §8 +§r§d3 Superpairs clicks
22:14:30 [allowed] §aYou summoned your §r§dGuardian§r§a!
22:15:01 [SKYMALL] §bNew day! §r§eYour §r§2Sky Mall §r§ebuff changed!
22:15:01 [SKYMALL] §eNew buff§r§r§r: §r§f§r§a-20%§r§f Pickaxe Ability cooldowns.
22:15:01 [SKYMALL] §8§oYou can disable this messaging by toggling Sky Mall in your /hotm!
22:16:17 [allowed] §eYou claimed the §r§dUltrasequencer §r§erewards!
22:16:17 [allowed]  §r§8+§r§391,000 Enchanting Exp
22:16:17 [allowed] §8 +§r§d3 Superpairs clicks
22:16:28 [allowed] §6[Bazaar] §r§7Claiming orders...
22:16:28 [allowed] §6[Bazaar] §r§7§r§7Claimed §r§660,362 coins §r§7from selling §r§a1§r§7x §r§fRejuvenate II §r§7at §r§661,049 §r§7each!
22:16:28 [allowed] §6[Bazaar] §r§7§r§7Claimed §r§6525,102 coins §r§7from selling §r§a8§r§7x §r§9Hamster Wheel §r§7at §r§666,385 §r§7each!
22:16:32 [allowed] §6[Bazaar] §r§7Executing instant buy...
22:16:32 [allowed] §6[Bazaar] §r§7Bought §r§a64§r§7x §r§aGrand Experience Bottle §r§7for §r§6352,448 coins§r§7!
22:17:10 [allowed] §aYou earned §r§283 GEXP §r§afrom playing SkyBlock!
22:17:16 [allowed] §eYou claimed the §r§cSuperpairs §r§erewards!
22:17:16 [allowed] §8 +§r§3500k Enchanting Exp
22:17:16 [allowed]  §r§8+§r§377k Enchanting Exp
22:17:16 [allowed]  §r§8+§r§375k Enchanting Exp
22:17:16 [allowed]  §r§8+§r§3122k Enchanting Exp
22:17:16 [allowed]  §r§8+§r§3122k Enchanting Exp
22:17:41 [allowed] §d☕ §r§eYou renewed the experiment table! §r§b(1/3)
22:17:43 [allowed] §ePlay the add-on experiments before playing §r§dSuperpairs§r§e!
22:21:21 [allowed] §eYou claimed the §r§dUltrasequencer §r§erewards!
22:21:21 [allowed]  §r§8+§r§391,000 Enchanting Exp
22:21:21 [allowed] §8 +§r§d3 Superpairs clicks
22:22:11 [allowed] §aYou earned §r§2120 GEXP §r§afrom playing SkyBlock!
22:23:37 [allowed] §eYou claimed the §r§dChronomatron §r§erewards!
22:23:37 [allowed]  §r§8+§r§372,000 Enchanting Exp
22:23:37 [allowed] §3§l▬▬▬▬▬▬▬▬▬▬▬▬▬▬▬▬▬▬▬▬▬▬▬▬▬▬▬▬▬▬▬▬▬▬▬▬▬▬▬▬▬▬▬▬▬▬▬▬▬▬▬▬▬▬▬▬▬▬▬▬▬▬▬▬
22:23:37 [allowed]   §r§b§lSKILL LEVEL UP §3Enchanting §8XLIX➜§3L
22:23:37 [allowed] 
22:23:37 [allowed]   §r§a§lREWARDS
22:23:37 [allowed]    §r§eConjurer L
22:23:37 [allowed]    §r  §7§fGain §8245➜§a250%§f more experience orbs from any source.
22:23:37 [allowed]    §r§7§8+§a0.5% §c๑ Ability Damage
22:23:37 [allowed]    §r§7§8+§a2 §b✎ Intelligence
22:23:37 [allowed]    §r§7§8+§61,000,000 §7Coins
22:23:37 [allowed]    §r§7§8+§b20 SkyBlock XP
22:23:37 [allowed] §3§l▬▬▬▬▬▬▬▬▬▬▬▬▬▬▬▬▬▬▬▬▬▬▬▬▬▬▬▬▬▬▬▬▬▬▬▬▬▬▬▬▬▬▬▬▬▬▬▬▬▬▬▬▬▬▬▬▬▬▬▬▬▬▬▬
22:23:37 [allowed] §8 +§r§d3 Superpairs clicks
22:24:48 [allowed] §eYou claimed the §r§dSuperpairs §r§erewards!
22:24:48 [allowed] §8 +§r§3600k Enchanting Exp
22:24:48 [allowed]  §r§8+§r§9Titanic Experience Bottle
22:24:48 [allowed]  §r§8+§r§388k Enchanting Exp
22:24:48 [allowed]  §r§8+§r§388k Enchanting Exp
22:24:48 [allowed]  §r§8+§r§3131k Enchanting Exp
22:25:50 [allowed] §7Warping...
22:25:50 [allowed] §7Sending to server mini181BM...
22:25:51 [allowed] §8 §r§8 §r§1 §r§3 §r§3 §r§7 §r§8 
22:25:53 [allowed] §6§lGROSS! §7While you were offline, §2Pests §7spawned in §aPlots §r§b19§r§7, §r§b2§r§7, §r§b5§r§7, §r§b4§r§7 and §r§b7§r§r§7!
22:25:53 [allowed] §7Your §r§6☘ Farming Fortune §r§7has been reduced by §r§475%§r§7!
22:25:53 [allowed] §7Click on a plots name in chat to teleport to it!
22:25:54 [allowed] §aYou are playing on profile: §ePineapple§b (Co-op)
22:25:54 [allowed] §8Profile ID: 6accdd30-5c34-4840-99a1-da8b87d5f229
22:25:57 [allowed] §aTeleported you to §r§aThe Barn§r§a!
22:26:00 [allowed] §e[NPC] §6Beth§f: §rYou found what? A secret lab hidden inside the cave??? We need to check this out together. §bFiremage_X§f, I'll meet you there!
22:26:15 [allowed] §6[Bazaar] §r§7Executing instant buy...
22:26:15 [allowed] §6[Bazaar] §r§7Bought §r§a11§r§7x §r§9Enchanted Cookie §r§7for §r§6793,480 coins§r§7!
22:26:16 [allowed] §6§lOFFER ACCEPTED §r§8with §r§6Beth §r§8(§r§6§lLEGENDARY§r§8)
22:26:16 [allowed] 
22:26:16 [allowed]   §r§a§lREWARDS
22:26:16 [allowed]     §r§8+§r§275 §r§7Garden Experience
22:26:16 [allowed]     §r§8+§r§367.2k §r§7Farming XP
22:26:16 [allowed]     §r§8+§r§c364 Copper
22:26:16 [allowed] 
22:26:16 [allowed] §e[NPC] §6Beth§f: §rThank you! Don't forget to come and meet me at Jake's §rlab! We need to get to the bottom of this...
22:26:23 [allowed] §7Warping...
22:26:23 [allowed] §7Sending to server mini192BM...
22:26:24 [allowed] §8 §r§8 §r§1 §r§3 §r§3 §r§7 §r§8 
22:26:27 [allowed] §aYou are playing on profile: §ePineapple§b (Co-op)
22:26:27 [allowed] §8Profile ID: 6accdd30-5c34-4840-99a1-da8b87d5f229
22:26:41 [allowed] §d§lHOPPITY'S HUNT §r§dA §r§9Chocolate Déjeuner Egg §r§dhas appeared!
22:27:06 [allowed] §cThere are blocks in the way!
22:27:08 [allowed] §e[NPC] Beth§f: §rThis is so strange... 
22:27:10 [allowed] §e[NPC] Beth§f: §rI can't believe this has been down here for all this time... I am speechless.
22:27:10 [allowed] 
22:27:18 [allowed] §e[NPC] Beth§f: §rWHAT? There are §banimals §finside of here?!?! §cJake §fis doing §chorrible experiments §fwith these §banimals §fthat he catches...
22:27:25 [allowed] §e[NPC] Beth§f: §rHe has gone completely mad! He's a psychopath!
22:27:28 [allowed] §e[NPC] Beth§f: §rAnd look at all of these tools he has laying around here... a SAW?... a HAMMER? 
22:27:33 [allowed] §e[NPC] Beth§f: §rWhat is this psycho doing with these §banimals§f???
22:27:37 [allowed] §e[NPC] Beth§f: §r§cJake §fhas a lot of explaining to do!
22:27:37 [allowed] 
22:27:48 [allowed] §e[NPC] Jake§f: §r... BETH?? AND §BFIREMAGE_X§f, WHAT ARE YOU GUYS DOING IN HERE???
22:27:52 [allowed] §e[NPC] Jake§f: §rIT'S NOT WHAT IT LOOKS LIKE!
22:27:52 [allowed] 
22:27:55 [allowed] §e[NPC] Beth§f: §rWE KNOW WHAT YOU ARE DOING IN HERE, YOU PSYCHO! YOU WILL PAY FOR WHAT YOU ARE DOING TO THESE §bANIMALS§f!
22:27:55 [allowed] 
22:27:58 [allowed] §e[NPC] Jake§f: §r§bANIMALS§f? I CAN EXPLAIN, I SWEAR!
22:27:58 [allowed] 
22:28:01 [allowed] §e[NPC] Beth§f: §rWELL GO ON THEN, EXPLAIN YOURSELF!
22:28:01 [allowed] 
22:28:04 [allowed] §e[NPC] Jake§f: §rI don't know what you guys think I am doing here, but this is just my §2workshop§f!
22:28:09 [allowed] §e[NPC] Jake§f: §rI am just making §btoys §ffor §banimals§f...
22:28:09 [allowed] 
22:28:12 [allowed] §e[NPC] Beth§f: §rOh really? Do you really think we are that naive?
22:28:15 [allowed] §e[NPC] Beth§f: §rWe know that you are experimenting with §banimals §fdown here, how do you explain this tank?
22:28:15 [allowed] 
22:28:18 [allowed] §e[NPC] Jake§f: §rThose are my §bplushies§f! I preserve them in Jelly so they stay fresh!
22:28:22 [allowed] §e[NPC] Jake§f: §rThey look super realistic, but no §banimal §fwas harmed when making them!
22:28:25 [allowed] §aYou earned §r§2148 GEXP §r§afrom playing SkyBlock!
22:28:27 [allowed] §e[NPC] Jake§f: §rI can prove it! Here, take this. This is one of the §bplushies §fI made, you can have it!
22:28:27 [allowed] §eYou have received §r§aJake's Plushie§r§e!
22:28:27 [allowed] 
22:28:30 [allowed] §e[NPC] Jake§f: §rSo really, I am not harming them at all!
22:28:30 [allowed] 
22:28:33 [allowed] §e[NPC] Beth§f: §rEverything makes sense now...I'm sorry I yelled at you Jake. I'm so sorry.
22:28:33 [allowed] 
22:28:36 [allowed] §e[NPC] Jake§f: §rIt's alright now. I was wrong to lie about it and I should have told you sooner.
22:28:36 [allowed] 
22:28:39 [allowed] §e[NPC] Beth§f: §r§bFiremage_X§f, thank you so much for telling me what you saw here. I'll be forever grateful.
22:28:44 [allowed] §aYour §r§eTuning Points §r§awere auto-assigned as convenience!
22:28:44 [allowed] §e[NPC] Beth§f: §rI have to go now, I hope to see you guys soon.
22:28:51 [allowed] §e[NPC] Jake§f: §rThat was a close one, thank you §bFiremage_X §ffor having my back. Anyway, I need to go back to my business.
22:28:51 [allowed] §e§ka§a>>   §aAchievement Unlocked: §6§r§6Jake's Mystery§r§a   <<§e§ka
22:29:01 [allowed] §7Warping you to your SkyBlock island...
22:29:02 [allowed] §7Sending to server mini144BD...
22:29:02 [allowed] §8 §r§8 §r§1 §r§3 §r§3 §r§7 §r§8 
22:29:04 [allowed] §7Warping...
22:29:04 [allowed] §cCouldn't warp you! Try again later. §r§7(PLAYER_TRANSFER_COOLDOWN)
22:29:05 [allowed] §aYou are playing on profile: §ePineapple§b (Co-op)
22:29:05 [allowed] §8Profile ID: 6accdd30-5c34-4840-99a1-da8b87d5f229
22:29:08 [allowed] §7Warping...
22:29:08 [allowed] §7Sending to server mini15DJ...
22:29:08 [allowed] §8 §r§8 §r§1 §r§3 §r§3 §r§7 §r§8 
22:29:11 [allowed] §aYou are playing on profile: §ePineapple§b (Co-op)
22:29:11 [allowed] §8Profile ID: 6accdd30-5c34-4840-99a1-da8b87d5f229
22:29:11 [allowed] §aTeleported you to §r§aThe Barn§r§a!
22:29:15 [GARDEN_VISITOR_MESSAGE] §e[NPC] §aLumber Jack§f: §r§fMy assistant is feeling off, and I think we could do with a hearty meal. Do you think you can help us out?
22:29:18 [GARDEN_VISITOR_MESSAGE] §e[NPC] §aLumber Jack§f: §r§fI thought you'd be more thankful for the sweet axe my assistant gave you.
22:29:19 [GARDEN_VISITOR_MESSAGE] §e[NPC] §aRyu§f: §r§fDid you know that there is a Garden Level? Increase it by hitting milestones or selling to customers like me!
22:29:22 [GARDEN_VISITOR_MESSAGE] §e[NPC] §aRyu§f: §r§fThat's alright.
22:29:23 [GARDEN_VISITOR_MESSAGE] §e[NPC] §aAnita§f: §r§fHey hey hey again! I'll trade you some copper for some carrots!
22:29:25 [GARDEN_VISITOR_MESSAGE] §e[NPC] §aAnita§f: §r§fOh, darn it :(
22:29:26 [GARDEN_VISITOR_MESSAGE] §e[NPC] §aJacob§f: §r§fHowdy! Fine barn ye got there eh? Good lad, you think ye could get me some wheat, eh?
22:29:29 [GARDEN_VISITOR_MESSAGE] §e[NPC] §aJacob§f: §r§fGosh darn it matey, can't believe ya do me like that, eh?
22:29:39 [allowed] §aYou summoned your §r§6Mooshroom Cow§r§a!
22:29:55 [PEST_DROP] §eYou received §a55x Enchanted Melon §efor killing an §2Earthworm§e!
22:30:02 [PEST_DROP] §eYou received §a40x Enchanted Cocoa Beans §efor killing a §2Moth§e!
22:30:11 [PEST_DROP] §eYou received §a89x Enchanted Melon §efor killing an §2Earthworm§e!
22:30:12 [allowed] §3§l▬▬▬▬▬▬▬▬▬▬▬▬▬▬▬▬▬▬▬▬▬▬▬▬▬▬▬▬▬▬▬▬▬▬▬▬▬▬▬▬▬▬▬▬▬▬▬▬▬▬▬▬▬▬▬▬▬▬▬▬▬▬▬▬
22:30:12 [allowed]  
22:30:12 [BESTIARY] §f                                  §6§lBESTIARY
22:30:12 [BESTIARY] §f                             §b§lMosquito §7§8X §8➡§b §bXI
22:30:12 [BESTIARY] 
22:30:12 [BESTIARY] §f                                  §r§6§lREWARDS
22:30:12 [BESTIARY] §f                          §r§6+0.4☘ Farming Fortune
22:30:12 [BESTIARY] §f                             §r§8+§r§62% §r§aMosquito §r§7coins
22:30:12 [BESTIARY] §f                    §r§8+§r§a50% §r§7chance for extra XP orbs
22:30:12 [BESTIARY] §f                               §r§8+§r§b1 SkyBlock XP
22:30:12 [BESTIARY] 
22:30:12 [BESTIARY]   §r§f                         §6§lBESTIARY MILESTONE
22:30:12 [BESTIARY]   §r§f                                 §8CLVI➡§eCLVII
22:30:12 [BESTIARY] 
22:30:12 [BESTIARY] §3§l▬▬▬▬▬▬▬▬▬▬▬▬▬▬▬▬▬▬▬▬▬▬▬▬▬▬▬▬▬▬▬▬▬▬▬▬▬▬▬▬▬▬▬▬▬▬▬▬▬▬▬▬▬▬▬▬▬▬▬▬▬▬▬▬
22:30:12 [PEST_DROP] §eYou received §a40x Enchanted Sugar §efor killing a §2Mosquito§e!
22:30:12 [allowed] §3§l▬▬▬▬▬▬▬▬▬▬▬▬▬▬▬▬▬▬▬▬▬▬▬▬▬▬▬▬▬▬▬▬▬▬▬▬▬▬▬▬▬▬▬▬▬▬▬▬▬▬▬▬▬▬▬▬▬▬▬▬▬▬▬▬
22:30:12 [allowed]   §r§b§lGARDEN MILESTONE §3Sugar Cane §8XX➜§3XXI
22:30:12 [allowed]   §r§6Milestone XXII in §r§a1M Sugar Cane
22:30:12 [allowed] 
22:30:12 [allowed]   §r§a§lREWARDS
22:30:12 [allowed]     §r§8+§r§2210 §r§7Garden Experience
22:30:12 [allowed]     §r§8+§r§350,000 §r§7Farming Experience
22:30:12 [allowed]     §r§8+§r§b1 SkyBlock XP
22:30:12 [allowed] §3§l▬▬▬▬▬▬▬▬▬▬▬▬▬▬▬▬▬▬▬▬▬▬▬▬▬▬▬▬▬▬▬▬▬▬▬▬▬▬▬▬▬▬▬▬▬▬▬▬▬▬▬▬▬▬▬▬▬▬▬▬▬▬▬▬
22:30:12 [allowed] §6§lRARE DROP! §9Enchanted Sugar Cane §6(§6+634☘)
22:30:22 [allowed] §aYour Garden is no longer infested and your §r§6☘ Farming Fortune §r§ahas returned to normal!
22:30:22 [PEST_DROP] §eYou received §a68x Enchanted Potato §efor killing a §2Locust§e!
22:30:30 [allowed] §6[Bazaar] §r§7Executing instant sell...
22:30:30 [allowed] §6[Bazaar] §r§7Sold §r§a6§r§7x §r§9Enchanted Sugar Cane §r§7for §r§6629,531 coins§r§7!
22:30:30 [allowed] §6[Bazaar] §r§7Sold §r§a68§r§7x §r§aEnchanted Potato §r§7for §r§631,640 coins§r§7!
22:30:30 [allowed] §6[Bazaar] §r§7Sold §r§a144§r§7x §r§aEnchanted Melon §r§7for §r§644,597 coins§r§7!
22:30:30 [allowed] §6[Bazaar] §r§7Sold §r§a40§r§7x §r§aEnchanted Sugar §r§7for §r§624,764 coins§r§7!
22:30:30 [allowed] §6[Bazaar] §r§7Sold §r§a40§r§7x §r§aEnchanted Cocoa Beans §r§7for §r§620,300 coins§r§7!
22:30:37 [PEST_DROP] §eYou received §a42x Enchanted Sugar §efor killing a §2Mosquito§e!
22:30:46 [allowed] §e✆ RING... 
22:30:46 [allowed] §e✆ RING... RING... 
22:30:46 [allowed] §e✆ RING... RING... RING... 
22:30:48 [allowed] §eYou selected the §r§aForceful §r§epower for your §r§aAccessory Bag§r§e!
22:30:59 [PEST_DROP] §eYou received §a105x Enchanted Melon §efor killing an §2Earthworm§e!
22:30:59 [allowed] §6§lRARE DROP! §9Bookworm's Favorite Book §6(§6+706☘)
22:31:17 [PEST_DROP] §eYou received §a21x Enchanted Brown Mushroom §efor killing a §2Slug§e!
22:31:23 [allowed] §6[Sacks] §r§a+1§r§e item§r§e.§r§8 (Last 5s.)
22:31:27 [allowed] §6[Bazaar] §r§7Putting goods in escrow...
22:31:27 [allowed] §6[Bazaar] §r§7Submitting sell offer...
22:31:27 [allowed] §6[Bazaar] §r§7§r§eSell Offer Setup! §r§a1§r§7x §r§9Bookworm's Favorite Book §r§7for §r§610,924 coins§r§7.
22:31:30 [allowed] §6[Bazaar] §r§7Executing instant sell...
22:31:31 [allowed] §6[Bazaar] §r§7Sold §r§a21§r§7x §r§aEnchanted Brown Mushroom §r§7for §r§632,101 coins§r§7!
22:31:31 [allowed] §6[Bazaar] §r§7Sold §r§a105§r§7x §r§aEnchanted Melon §r§7for §r§632,498 coins§r§7!
22:31:31 [allowed] §6[Bazaar] §r§7Sold §r§a42§r§7x §r§aEnchanted Sugar §r§7for §r§626,002 coins§r§7!
22:31:46 [allowed] §e✆ RING... 
22:31:46 [allowed] §e✆ RING... RING... 
22:31:46 [allowed] §e✆ RING... RING... RING... 
22:31:48 [allowed] §eYou selected the §r§aItchy §r§epower for your §r§aAccessory Bag§r§e!
