22:10:38 [SKYMALL] §bNew day! §r§eYour §r§2Sky Mall §r§ebuff changed!
22:10:38 [SKYMALL] §eNew buff§r§r§r: §r§fGain §r§6+100⸕ Mining Speed§r§f.
22:10:38 [SKYMALL] §8§oYou can disable this messaging by toggling Sky Mall in your /hotm!
22:15:01 [SKYMALL] §bNew day! §r§eYour §r§2Sky Mall §r§ebuff changed!
22:15:01 [SKYMALL] §eNew buff§r§r§r: §r§f§r§a-20%§r§f Pickaxe Ability cooldowns.
22:15:01 [SKYMALL] §8§oYou can disable this messaging by toggling Sky Mall in your /hotm!
22:29:15 [GARDEN_VISITOR_MESSAGE] §e[NPC] §aLumber Jack§f: §r§fMy assistant is feeling off, and I think we could do with a hearty meal. Do you think you can help us out?
22:29:18 [GARDEN_VISITOR_MESSAGE] §e[NPC] §aLumber Jack§f: §r§fI thought you'd be more thankful for the sweet axe my assistant gave you.
22:29:19 [GARDEN_VISITOR_MESSAGE] §e[NPC] §aRyu§f: §r§fDid you know that there is a Garden Level? Increase it by hitting milestones or selling to customers like me!
22:29:22 [GARDEN_VISITOR_MESSAGE] §e[NPC] §aRyu§f: §r§fThat's alright.
22:29:23 [GARDEN_VISITOR_MESSAGE] §e[NPC] §aAnita§f: §r§fHey hey hey again! I'll trade you some copper for some carrots!
22:29:25 [GARDEN_VISITOR_MESSAGE] §e[NPC] §aAnita§f: §r§fOh, darn it :(
22:29:26 [GARDEN_VISITOR_MESSAGE] §e[NPC] §aJacob§f: §r§fHowdy! Fine barn ye got there eh? Good lad, you think ye could get me some wheat, eh?
22:29:29 [GARDEN_VISITOR_MESSAGE] §e[NPC] §aJacob§f: §r§fGosh darn it matey, can't believe ya do me like that, eh?
22:29:55 [PEST_DROP] §eYou received §a55x Enchanted Melon §efor killing an §2Earthworm§e!
22:30:02 [PEST_DROP] §eYou received §a40x Enchanted Cocoa Beans §efor killing a §2Moth§e!
22:30:11 [PEST_DROP] §eYou received §a89x Enchanted Melon §efor killing an §2Earthworm§e!
22:30:12 [BESTIARY] §f                                  §6§lBESTIARY
22:30:12 [BESTIARY] §f                             §b§lMosquito §7§8X §8➡§b §bXI
22:30:12 [BESTIARY] 
22:30:12 [BESTIARY] §f                                  §r§6§lREWARDS
22:30:12 [BESTIARY] §f                          §r§6+0.4☘ Farming Fortune
22:30:12 [BESTIARY] §f                             §r§8+§r§62% §r§aMosquito §r§7coins
22:30:12 [BESTIARY] §f                    §r§8+§r§a50% §r§7chance for extra XP orbs
22:30:12 [BESTIARY] §f                               §r§8+§r§b1 SkyBlock XP
22:30:12 [BESTIARY] 
22:30:12 [BESTIARY]   §r§f                         §6§lBESTIARY MILESTONE
22:30:12 [BESTIARY]   §r§f                                 §8CLVI➡§eCLVII
22:30:12 [BESTIARY] 
22:30:12 [BESTIARY] §3§l▬▬▬▬▬▬▬▬▬▬▬▬▬▬▬▬▬▬▬▬▬▬▬▬▬▬▬▬▬▬▬▬▬▬▬▬▬▬▬▬▬▬▬▬▬▬▬▬▬▬▬▬▬▬▬▬▬▬▬▬▬▬▬▬
22:30:12 [PEST_DROP] §eYou received §a40x Enchanted Sugar §efor killing a §2Mosquito§e!
22:30:22 [PEST_DROP] §eYou received §a68x Enchanted Potato §efor killing a §2Locust§e!
22:30:37 [PEST_DROP] §eYou received §a42x Enchanted Sugar §efor killing a §2Mosquito§e!
22:30:59 [PEST_DROP] §eYou received §a105x Enchanted Melon §efor killing an §2Earthworm§e!
22:31:17 [PEST_DROP] §eYou received §a21x Enchanted Brown Mushroom §efor killing a §2Slug§e!
