11:02:40 New visitor detected: '§aShaggy'
11:02:40 New visitor detected: '§aJack'
11:02:40 New visitor detected: '§aFriendly Hiker'
11:02:40 New visitor detected: '§aJacob'
11:02:40 New visitor detected: '§aAndrew'
11:12:12 New visitor detected: '§aEmissary Wilson'
11:18:26 New visitor detected: '§aAlchemist'
11:22:48 New visitor detected: '§aFisherman'
11:27:31 New visitor detected: '§aTarwen'
11:31:48 New visitor detected: '§aFarmhand'
11:36:04 New visitor detected: '§aFelix'
14:08:37 New visitor detected: '§aEmissary Ceanna'
14:08:37 New visitor detected: '§aTerry'
14:08:37 New visitor detected: '§aLynn'
14:08:37 New visitor detected: '§aJotraeline Greatforge'
14:08:37 New visitor detected: '§aFelix'
14:16:05 New visitor detected: '§9Lazy Miner'
14:20:09 New visitor detected: '§aOdawa'
14:24:25 New visitor detected: '§9Seymour'
14:28:34 New visitor detected: '§aXalx'
14:32:38 New visitor detected: '§aAlchemist'
14:40:21 New visitor detected: '§9Lazy Miner'
14:52:21 New visitor detected: '§9Seymour'
15:00:11 New visitor detected: '§9Zog'
15:04:33 New visitor detected: '§aArthur'
15:08:56 New visitor detected: '§aPlumber Joe'
15:37:52 New visitor detected: '§aAlchemist'
