13:10:07 [BESTIARY] §f                                  §6§lBESTIARY
13:10:07 [BESTIARY] §f                        §b§lZombie Knight §7§8XX §8➡§b §bXXI
13:10:07 [BESTIARY] 
13:10:07 [BESTIARY] §f                                  §r§6§lREWARDS
13:10:07 [BESTIARY] §f                      §r§8+§r§a6 Zombie Knight §r§b✯ Magic Find
13:10:07 [BESTIARY] §f                      §r§8+§r§a6 Zombie Knight §r§c❁ Strength
13:10:07 [BESTIARY] §f                          §r§8+§r§62% §r§aZombie Knight §r§7coins
13:10:07 [BESTIARY] §f                    §r§8+§r§a50% §r§7chance for extra XP orbs
13:10:07 [BESTIARY] §f                               §r§8+§r§b1 SkyBlock XP
13:10:07 [BESTIARY] 
13:10:07 [BESTIARY] §3§l▬▬▬▬▬▬▬▬▬▬▬▬▬▬▬▬▬▬▬▬▬▬▬▬▬▬▬▬▬▬▬▬▬▬▬▬▬▬▬▬▬▬▬▬▬▬▬▬▬▬▬▬▬▬▬▬▬▬▬▬▬▬▬▬
13:15:01 [SKYMALL] §bNew day! §r§eYour §r§2Sky Mall §r§ebuff changed!
13:15:01 [SKYMALL] §eNew buff§r§r§r: §r§fGain §r§6+100⸕ Mining Speed§r§f.
13:15:01 [SKYMALL] §8§oYou can disable this messaging by toggling Sky Mall in your /hotm!
13:31:56 [BESTIARY] §f                                  §6§lBESTIARY
13:31:56 [BESTIARY] §f                            §b§lUndead §7§8XII §8➡§b §bXIII
13:31:56 [BESTIARY] 
13:31:56 [BESTIARY] §f                                  §r§6§lREWARDS
13:31:56 [BESTIARY] §f                         §r§8+§r§a4 §r§4§lUndead §r§b✯ Magic Find
13:31:56 [BESTIARY] §f                         §r§8+§r§a4 §r§4§lUndead §r§c❁ Strength
13:31:56 [BESTIARY] §f                             §r§8+§r§62% §r§a§r§4§lUndead §r§7coins
13:31:56 [BESTIARY] §f                    §r§8+§r§a50% §r§7chance for extra XP orbs
13:31:56 [BESTIARY] §f                               §r§8+§r§b1 SkyBlock XP
13:31:56 [BESTIARY] 
13:31:56 [BESTIARY] §3§l▬▬▬▬▬▬▬▬▬▬▬▬▬▬▬▬▬▬▬▬▬▬▬▬▬▬▬▬▬▬▬▬▬▬▬▬▬▬▬▬▬▬▬▬▬▬▬▬▬▬▬▬▬▬▬▬▬▬▬▬▬▬▬▬
13:35:02 [SKYMALL] §bNew day! §r§eYour §r§2Sky Mall §r§ebuff changed!
13:35:02 [SKYMALL] §eNew buff§r§r§r: §r§fGain §r§6+100⸕ Mining Speed§r§f.
13:35:02 [SKYMALL] §8§oYou can disable this messaging by toggling Sky Mall in your /hotm!
13:55:02 [SKYMALL] §bNew day! §r§eYour §r§2Sky Mall §r§ebuff changed!
13:55:02 [SKYMALL] §eNew buff§r§r§r: §r§fGain §r§6+100⸕ Mining Speed§r§f.
13:55:02 [SKYMALL] §8§oYou can disable this messaging by toggling Sky Mall in your /hotm!
14:15:01 [SKYMALL] §bNew day! §r§eYour §r§2Sky Mall §r§ebuff changed!
14:15:01 [SKYMALL] §eNew buff§r§r§r: §r§f§r§a-20%§r§f Pickaxe Ability cooldowns.
14:15:01 [SKYMALL] §8§oYou can disable this messaging by toggling Sky Mall in your /hotm!
14:35:10 [SKYMALL] §bNew day! §r§eYour §r§2Sky Mall §r§ebuff changed!
14:35:10 [SKYMALL] §eNew buff§r§r§r: §r§fGain §r§6+100⸕ Mining Speed§r§f.
14:35:10 [SKYMALL] §8§oYou can disable this messaging by toggling Sky Mall in your /hotm!
14:51:20 [BESTIARY] §f                                  §6§lBESTIARY
14:51:20 [BESTIARY] §f                    §b§lSuper Tank Zombie §7§8XIX §8➡§b §bXX
14:51:20 [BESTIARY] 
14:51:20 [BESTIARY] §f                                  §r§6§lREWARDS
14:51:20 [BESTIARY] §f                  §r§8+§r§a5 Super Tank Zombie §r§b✯ Magic Find
14:51:20 [BESTIARY] §f                   §r§8+§r§a5 Super Tank Zombie §r§c❁ Strength
14:51:20 [BESTIARY] §f                      §r§8+§r§62% §r§aSuper Tank Zombie §r§7coins
14:51:20 [BESTIARY] §f                    §r§8+§r§a50% §r§7chance for extra XP orbs
14:51:20 [BESTIARY] §f                               §r§8+§r§b1 SkyBlock XP
14:51:20 [BESTIARY] 
14:51:20 [BESTIARY] §3§l▬▬▬▬▬▬▬▬▬▬▬▬▬▬▬▬▬▬▬▬▬▬▬▬▬▬▬▬▬▬▬▬▬▬▬▬▬▬▬▬▬▬▬▬▬▬▬▬▬▬▬▬▬▬▬▬▬▬▬▬▬▬▬▬
14:55:01 [SKYMALL] §bNew day! §r§eYour §r§2Sky Mall §r§ebuff changed!
14:55:01 [SKYMALL] §eNew buff§r§r§r: §r§fGain §r§6+50☘ Mining Fortune§r§f.
14:55:01 [SKYMALL] §8§oYou can disable this messaging by toggling Sky Mall in your /hotm!
15:15:02 [SKYMALL] §bNew day! §r§eYour §r§2Sky Mall §r§ebuff changed!
15:15:02 [SKYMALL] §eNew buff§r§r§r: §r§fGain §r§6+100⸕ Mining Speed§r§f.
15:15:02 [SKYMALL] §8§oYou can disable this messaging by toggling Sky Mall in your /hotm!
15:25:35 [BESTIARY] §f                                  §6§lBESTIARY
15:25:35 [BESTIARY] §f                    §b§lZombie Commander §7§8XIII §8➡§b §bXIV
15:25:35 [BESTIARY] 
15:25:35 [BESTIARY] §f                                  §r§6§lREWARDS
15:25:35 [BESTIARY] §f                   §r§8+§r§a4 Zombie Commander §r§b✯ Magic Find
15:25:35 [BESTIARY] §f                   §r§8+§r§a4 Zombie Commander §r§c❁ Strength
15:25:35 [BESTIARY] §f                       §r§8+§r§62% §r§aZombie Commander §r§7coins
15:25:35 [BESTIARY] §f                    §r§8+§r§a50% §r§7chance for extra XP orbs
15:25:35 [BESTIARY] §f                               §r§8+§r§b1 SkyBlock XP
15:25:35 [BESTIARY] 
15:25:35 [BESTIARY] §3§l▬▬▬▬▬▬▬▬▬▬▬▬▬▬▬▬▬▬▬▬▬▬▬▬▬▬▬▬▬▬▬▬▬▬▬▬▬▬▬▬▬▬▬▬▬▬▬▬▬▬▬▬▬▬▬▬▬▬▬▬▬▬▬▬
15:35:02 [SKYMALL] §bNew day! §r§eYour §r§2Sky Mall §r§ebuff changed!
15:35:02 [SKYMALL] §eNew buff§r§r§r: §r§fGain §r§a+15% §r§fmore Powder while mining.
15:35:02 [SKYMALL] §8§oYou can disable this messaging by toggling Sky Mall in your /hotm!
15:55:01 [SKYMALL] §bNew day! §r§eYour §r§2Sky Mall §r§ebuff changed!
15:55:01 [SKYMALL] §eNew buff§r§r§r: §r§fGain §r§6+50☘ Mining Fortune§r§f.
15:55:01 [SKYMALL] §8§oYou can disable this messaging by toggling Sky Mall in your /hotm!
16:15:01 [SKYMALL] §bNew day! §r§eYour §r§2Sky Mall §r§ebuff changed!
16:15:01 [SKYMALL] §eNew buff§r§r§r: §r§f§r§a-20%§r§f Pickaxe Ability cooldowns.
16:15:01 [SKYMALL] §8§oYou can disable this messaging by toggling Sky Mall in your /hotm!
16:21:57 [BESTIARY] §f                                  §6§lBESTIARY
16:21:57 [BESTIARY] §f                 §b§lAngry Archaeologist §7§8XVIII §8➡§b §bXIX
16:21:57 [BESTIARY] 
16:21:57 [BESTIARY] §f                                  §r§6§lREWARDS
16:21:57 [BESTIARY] §f               §r§8+§r§a5 §r§d§lAngry Archaeologist §r§b✯ Magic Find
16:21:57 [BESTIARY] §f               §r§8+§r§a5 §r§d§lAngry Archaeologist §r§c❁ Strength
16:21:57 [BESTIARY] §f                   §r§8+§r§62% §r§a§r§d§lAngry Archaeologist §r§7coins
16:21:57 [BESTIARY] §f                    §r§8+§r§a50% §r§7chance for extra XP orbs
16:21:57 [BESTIARY] §f                               §r§8+§r§b1 SkyBlock XP
16:21:57 [BESTIARY] 
16:21:57 [BESTIARY] §3§l▬▬▬▬▬▬▬▬▬▬▬▬▬▬▬▬▬▬▬▬▬▬▬▬▬▬▬▬▬▬▬▬▬▬▬▬▬▬▬▬▬▬▬▬▬▬▬▬▬▬▬▬▬▬▬▬▬▬▬▬▬▬▬▬
16:35:01 [SKYMALL] §bNew day! §r§eYour §r§2Sky Mall §r§ebuff changed!
16:35:01 [SKYMALL] §eNew buff§r§r§r: §r§fGain §r§a+15% §r§fmore Powder while mining.
16:35:01 [SKYMALL] §8§oYou can disable this messaging by toggling Sky Mall in your /hotm!
16:55:03 [SKYMALL] §bNew day! §r§eYour §r§2Sky Mall §r§ebuff changed!
16:55:03 [SKYMALL] §eNew buff§r§r§r: §r§fGain §r§6+50☘ Mining Fortune§r§f.
16:55:03 [SKYMALL] §8§oYou can disable this messaging by toggling Sky Mall in your /hotm!
17:02:41 [GARDEN_VISITOR_MESSAGE] §e[NPC] §aDuke§f: §rYou seem new here. You should probably try to get some §aEnchanted Golden Carrot §ffor me.
17:02:43 [GARDEN_VISITOR_MESSAGE] §e[NPC] §aDuke§f: §r§fMaybe next time.
17:02:44 [GARDEN_VISITOR_MESSAGE] §e[NPC] §aFriendly Hiker§f: §r§fI'm planning to head back into the gorge to fetch my hiker friend, but I'll need some meat to cook before I head in there.
17:02:49 [GARDEN_VISITOR_MESSAGE] §e[NPC] §aFriendly Hiker§f: §r§fThat's alright. I can always head into the Oasis to hunt down some sheep.
17:02:49 [GARDEN_VISITOR_MESSAGE] §e[NPC] §9Gwendolyn§f: §r§fI don't really have a sweet tooth, but chocolate is probably my favorite thing in this world. But the supply is really poor mostly because of the mines' lack of accessibility.
17:03:46 [GARDEN_VISITOR_MESSAGE] §e[NPC] §aPlumber Joe§f: §r§fI once dumped a magical water bucket into the toilet. It won't stop overflowing. Anyway, you got something for me?
17:03:58 [GARDEN_VISITOR_MESSAGE] §e[NPC] §aFelix§f: §r§fYou won't be able to store any items in the Garden, you should keep them on your Private Island!
17:04:01 [GARDEN_VISITOR_MESSAGE] §e[NPC] §aFelix§f: §r§fMaybe next time.
17:04:15 [GARDEN_VISITOR_MESSAGE] §e[NPC] §9Gwendolyn§f: §r§fAmazing! I haven't eaten such chocolatey goodness in a long time...Maybe they should invest in that rusty old lift.
17:04:17 [GARDEN_VISITOR_MESSAGE] §e[NPC] §aPlumber Joe§f: §r§fThanks. That should help me fix my water troubles.
17:05:46 [PEST_DROP] §eYou received §a11x Enchanted Sugar §efor killing a §2Mosquito§e!
17:05:53 [PEST_DROP] §eYou received §a6x Enchanted Pumpkin §efor killing a §2Rat§e!
17:06:02 [PEST_DROP] §eYou received §a8x Enchanted Wheat §efor killing a §2Fly§e!
17:06:04 [PEST_DROP] §eYou received §a17x Enchanted Sugar §efor killing a §2Mosquito§e!
17:06:10 [PEST_DROP] §eYou received §a16x Enchanted Cactus Green §efor killing a §2Mite§e!
17:06:15 [PEST_DROP] §eYou received §a17x Enchanted Cactus Green §efor killing a §2Mite§e!
17:06:18 [PEST_DROP] §eYou received §a18x Enchanted Sugar §efor killing a §2Mosquito§e!
17:06:21 [PEST_DROP] §eYou received §a28x Enchanted Carrot §efor killing a §2Cricket§e!
17:15:01 [SKYMALL] §bNew day! §r§eYour §r§2Sky Mall §r§ebuff changed!
17:15:01 [SKYMALL] §eNew buff§r§r§r: §r§f§r§a-20%§r§f Pickaxe Ability cooldowns.
17:15:01 [SKYMALL] §8§oYou can disable this messaging by toggling Sky Mall in your /hotm!
17:35:01 [SKYMALL] §bNew day! §r§eYour §r§2Sky Mall §r§ebuff changed!
17:35:01 [SKYMALL] §eNew buff§r§r§r: §r§f§r§a-20%§r§f Pickaxe Ability cooldowns.
17:35:01 [SKYMALL] §8§oYou can disable this messaging by toggling Sky Mall in your /hotm!
17:46:00 [GARDEN_VISITOR_MESSAGE] §e[NPC] §9Old Man Garry§f: §r§fPeople have no manners these days. They come up to me, and disappear instantly! They don't even greet me! Back in my day, we were raised better than that.
17:46:05 [GARDEN_VISITOR_MESSAGE] §e[NPC] §aJamie§f: §r§fYou might have noticed that you can purchase additional plots within your Desk in the Barn!
17:46:07 [GARDEN_VISITOR_MESSAGE] §e[NPC] §aFear Mongerer§f: §r§fMortal, the time of reckoning is near. The Past will light the future.
