13:06:01 §e[SkyHanni] You have gained §b283 §eBits.§r
13:10:07 §6§lBESTIARY §r§b§lZombie Knight §7§8XX §8➡§b §bXXI§r
13:17:45 §e[SkyHanni] You are close to the Croesus Limit. Please open your chests!§r
13:17:55 §e[SkyHanni] You have gained §b28 §eBits.§r
13:28:08 §e[SkyHanni] You are close to the Croesus Limit. Please open your chests!§r
13:28:31 §e[SkyHanni] You have gained §b28 §eBits.§r
13:31:56 §6§lBESTIARY §r§b§lUndead §7§8XII §8➡§b §bXIII§r
13:38:27 §e[SkyHanni] You are close to the Croesus Limit. Please open your chests!§r
13:54:29 §e[SkyHanni] You are close to the Croesus Limit. Please open your chests!§r
14:05:13 §e[SkyHanni] You are close to the Croesus Limit. Please open your chests!§r
14:05:38 §e[SkyHanni] You have gained §b28 §eBits.§r
14:06:50 §e[SkyHanni] You have gained §b283 §eBits.§r
14:17:04 §e[SkyHanni] You are close to the Croesus Limit. Please open your chests!§r
14:17:16 §e[SkyHanni] You have gained §b28 §eBits.§r
14:33:09 §e[SkyHanni] You are close to the Croesus Limit. Please open your chests!§r
14:33:22 §e[SkyHanni] You have gained §b28 §eBits.§r
14:49:18 §e[SkyHanni] You are close to the Croesus Limit. Please open your chests!§r
14:51:20 §6§lBESTIARY §r§b§lSuper Tank Zombie §7§8XIX §8➡§b §bXX§r
15:06:33 §e[SkyHanni] §cYour Time Tower just expired and has 1 charge remaining. Click here to use one.§r
15:22:43 §e[SkyHanni] You are close to the Croesus Limit. Please open your chests!§r
15:25:35 §6§lBESTIARY §r§b§lZombie Commander §7§8XIII §8➡§b §bXIV§r
15:34:23 §e[SkyHanni] You are close to the Croesus Limit. Please open your chests!§r
15:44:06 §e[SkyHanni] You are close to the Croesus Limit. Please open your chests!§r
16:06:22 §e[SkyHanni] You are close to the Croesus Limit. Please open your chests!§r
16:07:48 §e[SkyHanni] You have gained §b283 §eBits.§r
16:17:59 §e[SkyHanni] You are close to the Croesus Limit. Please open your chests!§r
16:18:16 §e[SkyHanni] You have gained §b28 §eBits.§r
16:21:57 §6§lBESTIARY §r§b§lAngry Archaeologist §7§8XVIII §8➡§b §bXIX§r
16:27:45 §e[SkyHanni] You are close to the Croesus Limit. Please open your chests!§r
16:27:56 §e[SkyHanni] You have gained §b28 §eBits.§r
16:37:02 §e[SkyHanni] You are close to the Croesus Limit. Please open your chests!§r
16:37:16 §e[SkyHanni] You have gained §b28 §eBits.§r
16:38:14 §e[SkyHanni] You have gained §b283 §eBits.§r
16:47:14 §e[SkyHanni] You are close to the Croesus Limit. Please open your chests!§r
16:47:27 §e[SkyHanni] You have gained §b28 §eBits.§r
17:01:17 §e[SkyHanni] You are close to the Croesus Limit. Please open your chests!§r
17:01:37 §e[SkyHanni] You have gained §b28 §eBits.§r
17:02:34 §e[SkyHanni] §aDuke §eis visiting your garden!§r
17:02:34 §e[SkyHanni] §aFriendly Hiker §eis visiting your garden!§r
17:02:34 §e[SkyHanni] §9Gwendolyn §eis visiting your garden!§r
17:02:34 §e[SkyHanni] §aPlumber Joe §eis visiting your garden!§r
17:02:34 §e[SkyHanni] §aFelix §eis visiting your garden!§r
17:04:16 §e[SkyHanni] You have gained §b6 §eBits.§r
17:04:18 §e[SkyHanni] You have gained §b6 §eBits.§r
17:05:47 §e[SkyHanni] You have gained §b6 §eBits.§r
17:05:54 §e[SkyHanni] You have gained §b6 §eBits.§r
17:06:03 §e[SkyHanni] You have gained §b6 §eBits.§r
17:06:05 §e[SkyHanni] You have gained §b6 §eBits.§r
17:06:10 §e[SkyHanni] You have gained §b6 §eBits.§r
17:06:16 §e[SkyHanni] §b+1 SkyBlock XP §7(Crop Milestones§7)§b (92/100)§r
17:06:16 §e[SkyHanni] You have gained §b6 §eBits.§r
17:06:17 §e[SkyHanni] Loaded Cactus milestone data from tab list!§r
17:06:18 §e[SkyHanni] You have gained §b6 §eBits.§r
17:06:22 §e[SkyHanni] §b+4 SkyBlock XP §7(Collections§7)§b (96/100)§r
17:06:24 §e[SkyHanni] You have gained §b6 §eBits.§r
17:08:14 §e[SkyHanni] You have gained §b283 §eBits.§r
17:18:06 §e[SkyHanni] You are close to the Croesus Limit. Please open your chests!§r
17:18:10 §e[SkyHanni] You have gained §b28 §eBits.§r
17:27:29 §e[SkyHanni] You are close to the Croesus Limit. Please open your chests!§r
17:27:42 §e[SkyHanni] You have gained §b28 §eBits.§r
17:35:24 §e[SkyHanni] You are close to the Croesus Limit. Please open your chests!§r
17:35:37 §e[SkyHanni] You have gained §b28 §eBits.§r
17:44:36 §e[SkyHanni] You are close to the Croesus Limit. Please open your chests!§r
17:45:53 §e[SkyHanni] §9Old Man Garry §eis visiting your garden!§r
17:45:53 §e[SkyHanni] §aJamie §eis visiting your garden!§r
17:45:53 §e[SkyHanni] §aFear Mongerer §eis visiting your garden!§r
