13:04:12 OptiFine ConnectedTextures
13:04:12 OptiFine ConnectedTextures
13:04:12 OptiFine ConnectedTextures
13:04:12 OptiFine ConnectedTextures
13:04:12 OptiFine ConnectedTextures
13:04:12 OptiFine ConnectedTextures
13:04:12 OptiFine ConnectedTextures
13:04:12 OptiFine ConnectedTextures
13:04:12 OptiFine ConnectedTextures
13:04:12 OptiFine ConnectedTextures
13:04:12 OptiFine ConnectedTextures
13:04:12 OptiFine ConnectedTextures
13:04:12 OptiFine ConnectedTextures
13:04:12 OptiFine ConnectedTextures
13:04:12 OptiFine ConnectedTextures
13:04:12 OptiFine ConnectedTextures
13:04:12 OptiFine ConnectedTextures
13:04:12 OptiFine ConnectedTextures
13:04:12 OptiFine ConnectedTextures
13:04:12 OptiFine ConnectedTextures
13:04:12 OptiFine ConnectedTextures
13:04:12 OptiFine ConnectedTextures
13:04:12 OptiFine ConnectedTextures
13:04:12 OptiFine ConnectedTextures
13:04:12 OptiFine ConnectedTextures
13:04:12 OptiFine ConnectedTextures
13:04:12 OptiFine ConnectedTextures
13:04:12 OptiFine ConnectedTextures
13:04:12 OptiFine ConnectedTextures
13:04:12 OptiFine ConnectedTextures
13:04:12 OptiFine ConnectedTextures
13:04:12 OptiFine ConnectedTextures
13:04:12 OptiFine ConnectedTextures
13:04:12 OptiFine ConnectedTextures
13:04:12 OptiFine ConnectedTextures
13:04:12 OptiFine ConnectedTextures
13:04:12 OptiFine ConnectedTextures
13:04:12 OptiFine ConnectedTextures
13:04:12 OptiFine ConnectedTextures
13:04:12 OptiFine ConnectedTextures
13:04:12 OptiFine ConnectedTextures
13:04:12 OptiFine ConnectedTextures
13:04:12 OptiFine ConnectedTextures
13:04:12 OptiFine ConnectedTextures
13:04:12 OptiFine ConnectedTextures
13:04:12 OptiFine ConnectedTextures
13:04:12 OptiFine ConnectedTextures
13:04:12 OptiFine ConnectedTextures
13:04:12 OptiFine ConnectedTextures
13:04:12 OptiFine ConnectedTextures
13:04:12 OptiFine ConnectedTextures
13:04:12 OptiFine ConnectedTextures
13:04:12 OptiFine ConnectedTextures
13:04:12 OptiFine ConnectedTextures
13:04:12 OptiFine ConnectedTextures
13:04:12 OptiFine ConnectedTextures
13:04:12 OptiFine ConnectedTextures
13:04:12 OptiFine ConnectedTextures
13:04:12 OptiFine ConnectedTextures
13:04:12 OptiFine ConnectedTextures
13:04:12 OptiFine ConnectedTextures
13:04:12 OptiFine ConnectedTextures
13:04:12 OptiFine ConnectedTextures
13:04:12 OptiFine ConnectedTextures
13:04:12 OptiFine ConnectedTextures
13:04:12 OptiFine ConnectedTextures
13:04:12 OptiFine ConnectedTextures
13:04:16 AsmHelper Transforming
13:05:41 AsmHelper Transforming
13:05:41 AsmHelper Applying AsmWriter
13:08:04 Biome ID bounds
13:08:04 Biome ID bounds
13:08:04 Biome ID bounds
13:08:04 Biome ID bounds
13:08:04 Biome ID bounds
13:08:04 Biome ID bounds
13:08:04 Biome ID bounds
13:08:04 Biome ID bounds
13:08:04 Biome ID bounds
13:08:04 Biome ID bounds
13:08:04 Biome ID bounds
13:08:04 Biome ID bounds
13:08:04 Biome ID bounds
13:08:04 Biome ID bounds
13:08:04 Biome ID bounds
13:08:04 Biome ID bounds
13:08:04 Biome ID bounds
13:08:04 Biome ID bounds
13:08:04 Biome ID bounds
13:08:04 Biome ID bounds
13:08:04 Biome ID bounds
13:08:04 Biome ID bounds
13:08:04 Biome ID bounds
13:55:46 Biome ID bounds
13:55:46 Biome ID bounds
13:55:46 Biome ID bounds
13:55:46 Biome ID bounds
13:55:46 Biome ID bounds
13:55:46 Biome ID bounds
13:55:46 Biome ID bounds
13:55:46 Biome ID bounds
13:55:46 Biome ID bounds
13:55:46 Biome ID bounds
13:55:46 Biome ID bounds
13:55:46 Biome ID bounds
13:55:46 Biome ID bounds
13:55:46 Biome ID bounds
13:55:46 Biome ID bounds
13:55:46 Biome ID bounds
13:55:46 Biome ID bounds
13:55:46 Biome ID bounds
13:55:46 Biome ID bounds
13:55:46 Biome ID bounds
13:55:46 Biome ID bounds
13:55:46 Biome ID bounds
13:55:46 Biome ID bounds
13:55:46 Biome ID bounds
13:55:46 Biome ID bounds
13:55:46 Biome ID bounds
13:55:46 Biome ID bounds
13:55:46 Biome ID bounds
13:55:46 Biome ID bounds
13:55:46 Biome ID bounds
13:55:46 Biome ID bounds
13:55:46 Biome ID bounds
13:55:46 Biome ID bounds
13:55:46 Biome ID bounds
13:55:46 Biome ID bounds
13:55:46 Biome ID bounds
13:55:46 Biome ID bounds
13:55:46 Biome ID bounds
13:55:46 Biome ID bounds
13:55:46 Biome ID bounds
13:55:46 Biome ID bounds
13:55:46 Biome ID bounds
13:55:46 Biome ID bounds
13:55:46 Biome ID bounds
13:55:46 Biome ID bounds
13:55:46 Biome ID bounds
13:55:46 Biome ID bounds
13:55:46 Biome ID bounds
13:55:46 Biome ID bounds
13:55:46 Biome ID bounds
13:55:46 Biome ID bounds
13:55:46 Biome ID bounds
13:55:46 Biome ID bounds
13:55:46 Biome ID bounds
13:55:46 Biome ID bounds
13:55:46 Biome ID bounds
13:55:46 Biome ID bounds
13:55:46 Biome ID bounds
13:55:46 Biome ID bounds
14:22:40 Biome ID bounds
14:22:40 Biome ID bounds
14:22:40 Biome ID bounds
14:22:40 Biome ID bounds
14:22:40 Biome ID bounds
14:22:40 Biome ID bounds
15:25:19 Biome ID bounds
15:25:19 Biome ID bounds
15:25:19 Biome ID bounds
15:25:19 Biome ID bounds
15:25:19 Biome ID bounds
15:35:47 Biome ID bounds
15:35:47 Biome ID bounds
15:35:47 Biome ID bounds
15:35:47 Biome ID bounds
15:35:47 Biome ID bounds
15:35:47 Biome ID bounds
15:35:47 Biome ID bounds
15:35:47 Biome ID bounds
15:48:48 Grow BufferBuilder buffer
15:48:48 Grow BufferBuilder buffer
15:48:48 Grow BufferBuilder buffer
15:50:49 Grow BufferBuilder buffer
15:50:49 Grow BufferBuilder buffer
15:50:49 Grow BufferBuilder buffer
15:50:49 Grow BufferBuilder buffer
15:50:49 Grow BufferBuilder buffer
15:50:49 Grow BufferBuilder buffer
15:50:49 Grow BufferBuilder buffer
15:50:49 Grow BufferBuilder buffer
15:50:49 Grow BufferBuilder buffer
15:50:49 Grow BufferBuilder buffer
15:50:49 Grow BufferBuilder buffer
15:50:49 Grow BufferBuilder buffer
15:50:49 Grow BufferBuilder buffer
15:50:49 Grow BufferBuilder buffer
15:50:49 Grow BufferBuilder buffer
15:50:49 Grow BufferBuilder buffer
15:50:49 Grow BufferBuilder buffer
15:50:50 Grow BufferBuilder buffer
15:50:50 Grow BufferBuilder buffer
15:50:50 Grow BufferBuilder buffer
15:50:50 Grow BufferBuilder buffer
15:50:50 Grow BufferBuilder buffer
15:50:50 Grow BufferBuilder buffer
15:50:50 Grow BufferBuilder buffer
15:50:50 Grow BufferBuilder buffer
15:50:50 Grow BufferBuilder buffer
15:50:50 Grow BufferBuilder buffer
15:50:50 Grow BufferBuilder buffer
15:50:50 Grow BufferBuilder buffer
15:50:50 Grow BufferBuilder buffer
15:50:50 Grow BufferBuilder buffer
15:50:50 Grow BufferBuilder buffer
15:50:50 Grow BufferBuilder buffer
15:50:50 Grow BufferBuilder buffer
15:50:50 Grow BufferBuilder buffer
15:50:50 Grow BufferBuilder buffer
15:50:50 Grow BufferBuilder buffer
15:50:50 Grow BufferBuilder buffer
15:50:50 Grow BufferBuilder buffer
15:50:50 Grow BufferBuilder buffer
15:50:50 Grow BufferBuilder buffer
15:50:50 Grow BufferBuilder buffer
15:50:50 Grow BufferBuilder buffer
15:50:51 Grow BufferBuilder buffer
15:50:51 Grow BufferBuilder buffer
15:50:51 Grow BufferBuilder buffer
15:50:51 Grow BufferBuilder buffer
15:50:51 Grow BufferBuilder buffer
15:50:51 Grow BufferBuilder buffer
15:50:51 Grow BufferBuilder buffer
15:50:51 Grow BufferBuilder buffer
15:50:51 Grow BufferBuilder buffer
15:50:51 Grow BufferBuilder buffer
15:50:51 Grow BufferBuilder buffer
15:50:51 Grow BufferBuilder buffer
15:50:51 Grow BufferBuilder buffer
15:50:51 Grow BufferBuilder buffer
15:50:51 Grow BufferBuilder buffer
15:50:51 Grow BufferBuilder buffer
15:50:51 Grow BufferBuilder buffer
15:50:51 Grow BufferBuilder buffer
15:50:51 Grow BufferBuilder buffer
15:50:51 Grow BufferBuilder buffer
15:50:51 Grow BufferBuilder buffer
15:50:51 Grow BufferBuilder buffer
15:50:51 Grow BufferBuilder buffer
15:50:51 Grow BufferBuilder buffer
15:50:51 Grow BufferBuilder buffer
15:50:51 Grow BufferBuilder buffer
15:50:51 Grow BufferBuilder buffer
15:50:51 Grow BufferBuilder buffer
15:50:51 Grow BufferBuilder buffer
15:50:51 Grow BufferBuilder buffer
15:50:51 Grow BufferBuilder buffer
15:50:51 Grow BufferBuilder buffer
15:50:51 Grow BufferBuilder buffer
15:50:52 Grow BufferBuilder buffer
15:50:52 Grow BufferBuilder buffer
15:50:52 Grow BufferBuilder buffer
15:50:52 Grow BufferBuilder buffer
15:51:32 Grow BufferBuilder buffer
15:51:42 Grow BufferBuilder buffer
15:51:57 Grow BufferBuilder buffer
15:51:57 Grow BufferBuilder buffer
15:53:07 Grow BufferBuilder buffer
15:56:10 Grow BufferBuilder buffer
17:02:34 Grow BufferBuilder buffer
17:02:34 Grow BufferBuilder buffer
17:02:34 Grow BufferBuilder buffer
17:02:34 Grow BufferBuilder buffer
17:02:37 Grow BufferBuilder buffer
17:02:37 Grow BufferBuilder buffer
17:02:37 Grow BufferBuilder buffer
17:02:40 Grow BufferBuilder buffer
17:02:40 Grow BufferBuilder buffer
17:02:40 Grow BufferBuilder buffer
17:02:40 Grow BufferBuilder buffer
17:02:40 Grow BufferBuilder buffer
17:02:41 Grow BufferBuilder buffer
17:02:41 Grow BufferBuilder buffer
17:02:41 Grow BufferBuilder buffer
17:02:41 Grow BufferBuilder buffer
17:02:41 Grow BufferBuilder buffer
17:02:41 Grow BufferBuilder buffer
17:02:41 Grow BufferBuilder buffer
17:03:51 Grow BufferBuilder buffer
17:03:51 Grow BufferBuilder buffer
17:03:51 Grow BufferBuilder buffer
17:03:51 Grow BufferBuilder buffer
17:03:51 Grow BufferBuilder buffer
17:03:51 Grow BufferBuilder buffer
17:03:51 Grow BufferBuilder buffer
17:03:51 Grow BufferBuilder buffer
17:03:59 Grow BufferBuilder buffer
17:04:14 Grow BufferBuilder buffer
17:04:18 Grow BufferBuilder buffer
17:04:19 Grow BufferBuilder buffer
17:04:21 Grow BufferBuilder buffer
17:04:21 Grow BufferBuilder buffer
17:04:21 Grow BufferBuilder buffer
17:04:21 Grow BufferBuilder buffer
17:04:21 Grow BufferBuilder buffer
17:04:21 Grow BufferBuilder buffer
17:04:21 Grow BufferBuilder buffer
17:05:35 Grow BufferBuilder buffer
17:05:36 Grow BufferBuilder buffer
17:05:36 Grow BufferBuilder buffer
17:05:36 Grow BufferBuilder buffer
17:05:36 Grow BufferBuilder buffer
17:05:36 Grow BufferBuilder buffer
17:05:36 Grow BufferBuilder buffer
17:05:37 Grow BufferBuilder buffer
17:05:38 Grow BufferBuilder buffer
17:05:39 Grow BufferBuilder buffer
17:05:39 Grow BufferBuilder buffer
17:05:41 Grow BufferBuilder buffer
17:05:43 Grow BufferBuilder buffer
17:05:45 Grow BufferBuilder buffer
17:05:45 Grow BufferBuilder buffer
17:05:46 Grow BufferBuilder buffer
17:05:47 Grow BufferBuilder buffer
17:05:47 Grow BufferBuilder buffer
17:05:47 Grow BufferBuilder buffer
17:05:47 Grow BufferBuilder buffer
17:05:47 Grow BufferBuilder buffer
17:05:47 Grow BufferBuilder buffer
17:05:47 Grow BufferBuilder buffer
17:05:48 Grow BufferBuilder buffer
17:05:48 Grow BufferBuilder buffer
17:05:48 Grow BufferBuilder buffer
17:05:52 Grow BufferBuilder buffer
17:05:55 Grow BufferBuilder buffer
17:05:56 Grow BufferBuilder buffer
17:05:56 Grow BufferBuilder buffer
17:05:56 Grow BufferBuilder buffer
17:05:57 Grow BufferBuilder buffer
17:05:57 Grow BufferBuilder buffer
17:05:57 Grow BufferBuilder buffer
17:05:59 Grow BufferBuilder buffer
17:05:59 Grow BufferBuilder buffer
17:05:59 Grow BufferBuilder buffer
17:05:59 Grow BufferBuilder buffer
17:06:03 Grow BufferBuilder buffer
17:06:10 Grow BufferBuilder buffer
17:06:17 Grow BufferBuilder buffer
17:06:17 Grow BufferBuilder buffer
17:06:18 Grow BufferBuilder buffer
17:06:35 Grow BufferBuilder buffer
17:09:56 Biome ID bounds
17:09:56 Biome ID bounds
17:09:56 Biome ID bounds
17:09:56 Biome ID bounds
17:09:56 Biome ID bounds
17:09:56 Biome ID bounds
17:09:56 Biome ID bounds
17:09:56 Biome ID bounds
17:09:56 Biome ID bounds
17:45:56 Grow BufferBuilder buffer
17:46:09 Grow BufferBuilder buffer
17:46:43 Grow BufferBuilder buffer
