13:10:07 §f                                  §6§lBESTIARY
13:10:07 §f                        §b§lZombie Knight §7§8XX §8➡§b §bXXI
13:10:07 
13:10:07 §f                                  §r§6§lREWARDS
13:10:07 §f                      §r§8+§r§a6 Zombie Knight §r§b✯ Magic Find
13:10:07 §f                      §r§8+§r§a6 Zombie Knight §r§c❁ Strength
13:10:07 §f                          §r§8+§r§62% §r§aZombie Knight §r§7coins
13:10:07 §f                    §r§8+§r§a50% §r§7chance for extra XP orbs
13:10:07 §f                               §r§8+§r§b1 SkyBlock XP
13:10:07 
13:10:07 §3§l▬▬▬▬▬▬▬▬▬▬▬▬▬▬▬▬▬▬▬▬▬▬▬▬▬▬▬▬▬▬▬▬▬▬▬▬▬▬▬▬▬▬▬▬▬▬▬▬▬▬▬▬▬▬▬▬▬▬▬▬▬▬▬▬
13:31:56 §f                                  §6§lBESTIARY
13:31:56 §f                            §b§lUndead §7§8XII §8➡§b §bXIII
13:31:56 
13:31:56 §f                                  §r§6§lREWARDS
13:31:56 §f                         §r§8+§r§a4 §r§4§lUndead §r§b✯ Magic Find
13:31:56 §f                         §r§8+§r§a4 §r§4§lUndead §r§c❁ Strength
13:31:56 §f                             §r§8+§r§62% §r§a§r§4§lUndead §r§7coins
13:31:56 §f                    §r§8+§r§a50% §r§7chance for extra XP orbs
13:31:56 §f                               §r§8+§r§b1 SkyBlock XP
13:31:56 
13:31:56 §3§l▬▬▬▬▬▬▬▬▬▬▬▬▬▬▬▬▬▬▬▬▬▬▬▬▬▬▬▬▬▬▬▬▬▬▬▬▬▬▬▬▬▬▬▬▬▬▬▬▬▬▬▬▬▬▬▬▬▬▬▬▬▬▬▬
14:51:20 §f                                  §6§lBESTIARY
14:51:20 §f                    §b§lSuper Tank Zombie §7§8XIX §8➡§b §bXX
14:51:20 
14:51:20 §f                                  §r§6§lREWARDS
14:51:20 §f                  §r§8+§r§a5 Super Tank Zombie §r§b✯ Magic Find
14:51:20 §f                   §r§8+§r§a5 Super Tank Zombie §r§c❁ Strength
14:51:20 §f                      §r§8+§r§62% §r§aSuper Tank Zombie §r§7coins
14:51:20 §f                    §r§8+§r§a50% §r§7chance for extra XP orbs
14:51:20 §f                               §r§8+§r§b1 SkyBlock XP
14:51:20 
14:51:20 §3§l▬▬▬▬▬▬▬▬▬▬▬▬▬▬▬▬▬▬▬▬▬▬▬▬▬▬▬▬▬▬▬▬▬▬▬▬▬▬▬▬▬▬▬▬▬▬▬▬▬▬▬▬▬▬▬▬▬▬▬▬▬▬▬▬
15:25:35 §f                                  §6§lBESTIARY
15:25:35 §f                    §b§lZombie Commander §7§8XIII §8➡§b §bXIV
15:25:35 
15:25:35 §f                                  §r§6§lREWARDS
15:25:35 §f                   §r§8+§r§a4 Zombie Commander §r§b✯ Magic Find
15:25:35 §f                   §r§8+§r§a4 Zombie Commander §r§c❁ Strength
15:25:35 §f                       §r§8+§r§62% §r§aZombie Commander §r§7coins
15:25:35 §f                    §r§8+§r§a50% §r§7chance for extra XP orbs
15:25:35 §f                               §r§8+§r§b1 SkyBlock XP
15:25:35 
15:25:35 §3§l▬▬▬▬▬▬▬▬▬▬▬▬▬▬▬▬▬▬▬▬▬▬▬▬▬▬▬▬▬▬▬▬▬▬▬▬▬▬▬▬▬▬▬▬▬▬▬▬▬▬▬▬▬▬▬▬▬▬▬▬▬▬▬▬
16:21:57 §f                                  §6§lBESTIARY
16:21:57 §f                 §b§lAngry Archaeologist §7§8XVIII §8➡§b §bXIX
16:21:57 
16:21:57 §f                                  §r§6§lREWARDS
16:21:57 §f               §r§8+§r§a5 §r§d§lAngry Archaeologist §r§b✯ Magic Find
16:21:57 §f               §r§8+§r§a5 §r§d§lAngry Archaeologist §r§c❁ Strength
16:21:57 §f                   §r§8+§r§62% §r§a§r§d§lAngry Archaeologist §r§7coins
16:21:57 §f                    §r§8+§r§a50% §r§7chance for extra XP orbs
16:21:57 §f                               §r§8+§r§b1 SkyBlock XP
16:21:57 
16:21:57 §3§l▬▬▬▬▬▬▬▬▬▬▬▬▬▬▬▬▬▬▬▬▬▬▬▬▬▬▬▬▬▬▬▬▬▬▬▬▬▬▬▬▬▬▬▬▬▬▬▬▬▬▬▬▬▬▬▬▬▬▬▬▬▬▬▬
