13:15:01 §bNew day! §r§eYour §r§2Sky Mall §r§ebuff changed!
13:15:01 §eNew buff§r§r§r: §r§fGain §r§6+100⸕ Mining Speed§r§f.
13:15:01 §8§oYou can disable this messaging by toggling Sky Mall in your /hotm!
13:35:02 §bNew day! §r§eYour §r§2Sky Mall §r§ebuff changed!
13:35:02 §eNew buff§r§r§r: §r§fGain §r§6+100⸕ Mining Speed§r§f.
13:35:02 §8§oYou can disable this messaging by toggling Sky Mall in your /hotm!
13:55:02 §bNew day! §r§eYour §r§2Sky Mall §r§ebuff changed!
13:55:02 §eNew buff§r§r§r: §r§fGain §r§6+100⸕ Mining Speed§r§f.
13:55:02 §8§oYou can disable this messaging by toggling Sky Mall in your /hotm!
14:15:01 §bNew day! §r§eYour §r§2Sky Mall §r§ebuff changed!
14:15:01 §eNew buff§r§r§r: §r§f§r§a-20%§r§f Pickaxe Ability cooldowns.
14:15:01 §8§oYou can disable this messaging by toggling Sky Mall in your /hotm!
14:35:10 §bNew day! §r§eYour §r§2Sky Mall §r§ebuff changed!
14:35:10 §eNew buff§r§r§r: §r§fGain §r§6+100⸕ Mining Speed§r§f.
14:35:10 §8§oYou can disable this messaging by toggling Sky Mall in your /hotm!
14:55:01 §bNew day! §r§eYour §r§2Sky Mall §r§ebuff changed!
14:55:01 §eNew buff§r§r§r: §r§fGain §r§6+50☘ Mining Fortune§r§f.
14:55:01 §8§oYou can disable this messaging by toggling Sky Mall in your /hotm!
15:15:02 §bNew day! §r§eYour §r§2Sky Mall §r§ebuff changed!
15:15:02 §eNew buff§r§r§r: §r§fGain §r§6+100⸕ Mining Speed§r§f.
15:15:02 §8§oYou can disable this messaging by toggling Sky Mall in your /hotm!
15:35:02 §bNew day! §r§eYour §r§2Sky Mall §r§ebuff changed!
15:35:02 §eNew buff§r§r§r: §r§fGain §r§a+15% §r§fmore Powder while mining.
15:35:02 §8§oYou can disable this messaging by toggling Sky Mall in your /hotm!
15:55:01 §bNew day! §r§eYour §r§2Sky Mall §r§ebuff changed!
15:55:01 §eNew buff§r§r§r: §r§fGain §r§6+50☘ Mining Fortune§r§f.
15:55:01 §8§oYou can disable this messaging by toggling Sky Mall in your /hotm!
16:15:01 §bNew day! §r§eYour §r§2Sky Mall §r§ebuff changed!
16:15:01 §eNew buff§r§r§r: §r§f§r§a-20%§r§f Pickaxe Ability cooldowns.
16:15:01 §8§oYou can disable this messaging by toggling Sky Mall in your /hotm!
16:35:01 §bNew day! §r§eYour §r§2Sky Mall §r§ebuff changed!
16:35:01 §eNew buff§r§r§r: §r§fGain §r§a+15% §r§fmore Powder while mining.
16:35:01 §8§oYou can disable this messaging by toggling Sky Mall in your /hotm!
16:55:03 §bNew day! §r§eYour §r§2Sky Mall §r§ebuff changed!
16:55:03 §eNew buff§r§r§r: §r§fGain §r§6+50☘ Mining Fortune§r§f.
16:55:03 §8§oYou can disable this messaging by toggling Sky Mall in your /hotm!
17:15:01 §bNew day! §r§eYour §r§2Sky Mall §r§ebuff changed!
17:15:01 §eNew buff§r§r§r: §r§f§r§a-20%§r§f Pickaxe Ability cooldowns.
17:15:01 §8§oYou can disable this messaging by toggling Sky Mall in your /hotm!
17:35:01 §bNew day! §r§eYour §r§2Sky Mall §r§ebuff changed!
17:35:01 §eNew buff§r§r§r: §r§f§r§a-20%§r§f Pickaxe Ability cooldowns.
17:35:01 §8§oYou can disable this messaging by toggling Sky Mall in your /hotm!
