13:35:01 [SKYMALL] §bNew day! §r§eYour §r§2Sky Mall §r§ebuff changed!
13:35:01 [SKYMALL] §eNew buff§r§r§r: §r§fGain §r§6+100⸕ Mining Speed§r§f.
13:35:01 [SKYMALL] §8§oYou can disable this messaging by toggling Sky Mall in your /hotm!
13:55:01 [SKYMALL] §bNew day! §r§eYour §r§2Sky Mall §r§ebuff changed!
13:55:01 [SKYMALL] §eNew buff§r§r§r: §r§fGain §r§a+15% §r§fmore Powder while mining.
13:55:01 [SKYMALL] §8§oYou can disable this messaging by toggling Sky Mall in your /hotm!
13:57:53 [BESTIARY] §f                                  §6§lBESTIARY
13:57:54 [BESTIARY] §f                      §b§lCrypt Souleater §7§8XIX §8➡§b §bXX
13:57:54 [BESTIARY] 
13:57:54 [BESTIARY] §f                                  §r§6§lREWARDS
13:57:54 [BESTIARY] §f                    §r§8+§r§a5 Crypt Souleater §r§b✯ Magic Find
13:57:54 [BESTIARY] §f                     §r§8+§r§a5 Crypt Souleater §r§c❁ Strength
13:57:54 [BESTIARY] §f                        §r§8+§r§62% §r§aCrypt Souleater §r§7coins
13:57:54 [BESTIARY] §f                    §r§8+§r§a50% §r§7chance for extra XP orbs
13:57:54 [BESTIARY] §f                               §r§8+§r§b1 SkyBlock XP
13:57:54 [BESTIARY] 
13:57:54 [BESTIARY] §3§l▬▬▬▬▬▬▬▬▬▬▬▬▬▬▬▬▬▬▬▬▬▬▬▬▬▬▬▬▬▬▬▬▬▬▬▬▬▬▬▬▬▬▬▬▬▬▬▬▬▬▬▬▬▬▬▬▬▬▬▬▬▬▬▬
14:04:45 [COMPACT_POTION_EFFECT] §a§lBUFF! §fYou have gained §r§4Regeneration IV§r§f! Press TAB or type /effects to view your active effects!
14:04:45 [COMPACT_POTION_EFFECT] §a§lBUFF! §fYou have gained §r§4Strength V§r§f! Press TAB or type /effects to view your active effects!
14:04:45 [COMPACT_POTION_EFFECT] §a§lBUFF! §fYou have gained §r§4Critical III§r§f! Press TAB or type /effects to view your active effects!
14:04:45 [COMPACT_POTION_EFFECT] §a§lBUFF! §fYou have gained §r§9Speed IV§r§f! Press TAB or type /effects to view your active effects!
14:04:45 [COMPACT_POTION_EFFECT] §a§lBUFF! §fYou have gained §r§aResistance V§r§f! Press TAB or type /effects to view your active effects!
14:04:45 [COMPACT_POTION_EFFECT] §a§lBUFF! §fYou have gained §r§bArchery III§r§f! Press TAB or type /effects to view your active effects!
14:10:39 [GARDEN_VISITOR_MESSAGE] §e[NPC] §aAndrew§f: §rDid you know that SkyBlock has been running for §b4632 §fin-game months already? Time flies.
14:10:43 [GARDEN_VISITOR_MESSAGE] §e[NPC] §aAndrew§f: §r§fI guess I'll come back in a bit.
14:10:44 [GARDEN_VISITOR_MESSAGE] §e[NPC] §aTarwen§f: §r§fBuurrrp? ... Burrp bURp!
14:10:47 [GARDEN_VISITOR_MESSAGE] §e[NPC] §aTarwen§f: §r§fBuUuUrRrPpP!
14:10:48 [GARDEN_VISITOR_MESSAGE] §e[NPC] §aEmissary Ceanna§f: §r§fThe King's favorite emissary is here to request potatoes for the King's great feast! 
14:11:00 [GARDEN_VISITOR_MESSAGE] §e[NPC] §aEmissary Ceanna§f: §r§fMaybe the King will even announce me as his favorite at the feast!
14:11:01 [GARDEN_VISITOR_MESSAGE] §e[NPC] §aRhys§f: §r§fI found an unexplored cave while mining for titanium. But it's too dark to see in there, even for me! Can you spare any glowing pumpkins?
14:11:04 [GARDEN_VISITOR_MESSAGE] §e[NPC] §aLeo§f: §r§fSadly you can't gather logs in the §aThe Garden§f, however there are plenty of crops here!
14:11:07 [GARDEN_VISITOR_MESSAGE] §e[NPC] §aLeo§f: §r§fHmm, too bad.
14:11:28 [GARDEN_VISITOR_MESSAGE] §e[NPC] §aRhys§f: §r§fI found an unexplored cave while mining for titanium. But it's too dark to see in there, even for me! Can you spare any glowing pumpkins?
14:11:29 [GARDEN_VISITOR_MESSAGE] §e[NPC] §aRhys§f: §r§fThank you! Discovery awaits.
14:15:00 [SKYMALL] §bNew day! §r§eYour §r§2Sky Mall §r§ebuff changed!
14:15:00 [SKYMALL] §eNew buff§r§r§r: §r§fGain §r§6+50☘ Mining Fortune§r§f.
14:15:00 [SKYMALL] §8§oYou can disable this messaging by toggling Sky Mall in your /hotm!
14:16:13 [COMPACT_POTION_EFFECT] §a§lBUFF! §fYou have gained §r§4Regeneration IV§r§f! Press TAB or type /effects to view your active effects!
14:16:13 [COMPACT_POTION_EFFECT] §a§lBUFF! §fYou have gained §r§4Strength V§r§f! Press TAB or type /effects to view your active effects!
14:16:13 [COMPACT_POTION_EFFECT] §a§lBUFF! §fYou have gained §r§4Critical III§r§f! Press TAB or type /effects to view your active effects!
14:16:13 [COMPACT_POTION_EFFECT] §a§lBUFF! §fYou have gained §r§9Speed IV§r§f! Press TAB or type /effects to view your active effects!
14:16:13 [COMPACT_POTION_EFFECT] §a§lBUFF! §fYou have gained §r§aResistance V§r§f! Press TAB or type /effects to view your active effects!
14:16:13 [COMPACT_POTION_EFFECT] §a§lBUFF! §fYou have gained §r§bArchery III§r§f! Press TAB or type /effects to view your active effects!
14:23:18 [COMPACT_POTION_EFFECT] §a§lBUFF! §fYou have gained §r§4Regeneration IV§r§f! Press TAB or type /effects to view your active effects!
14:23:18 [COMPACT_POTION_EFFECT] §a§lBUFF! §fYou have gained §r§4Strength V§r§f! Press TAB or type /effects to view your active effects!
14:23:18 [COMPACT_POTION_EFFECT] §a§lBUFF! §fYou have gained §r§4Critical III§r§f! Press TAB or type /effects to view your active effects!
14:23:18 [COMPACT_POTION_EFFECT] §a§lBUFF! §fYou have gained §r§9Speed IV§r§f! Press TAB or type /effects to view your active effects!
14:23:18 [COMPACT_POTION_EFFECT] §a§lBUFF! §fYou have gained §r§aResistance V§r§f! Press TAB or type /effects to view your active effects!
14:23:18 [COMPACT_POTION_EFFECT] §a§lBUFF! §fYou have gained §r§bArchery III§r§f! Press TAB or type /effects to view your active effects!
14:35:00 [SKYMALL] §bNew day! §r§eYour §r§2Sky Mall §r§ebuff changed!
14:35:00 [SKYMALL] §eNew buff§r§r§r: §r§fGain §r§a+15% §r§fmore Powder while mining.
14:35:00 [SKYMALL] §8§oYou can disable this messaging by toggling Sky Mall in your /hotm!
14:37:06 [COMPACT_POTION_EFFECT] §a§lBUFF! §fYou have gained §r§4Regeneration IV§r§f! Press TAB or type /effects to view your active effects!
14:37:06 [COMPACT_POTION_EFFECT] §a§lBUFF! §fYou have gained §r§4Strength V§r§f! Press TAB or type /effects to view your active effects!
14:37:06 [COMPACT_POTION_EFFECT] §a§lBUFF! §fYou have gained §r§4Critical III§r§f! Press TAB or type /effects to view your active effects!
14:37:06 [COMPACT_POTION_EFFECT] §a§lBUFF! §fYou have gained §r§9Speed IV§r§f! Press TAB or type /effects to view your active effects!
14:37:06 [COMPACT_POTION_EFFECT] §a§lBUFF! §fYou have gained §r§aResistance V§r§f! Press TAB or type /effects to view your active effects!
14:37:06 [COMPACT_POTION_EFFECT] §a§lBUFF! §fYou have gained §r§bArchery III§r§f! Press TAB or type /effects to view your active effects!
16:43:49 [SKYMALL] §bNew day! §r§eYour §r§2Sky Mall §r§ebuff changed!
16:43:49 [SKYMALL] §eNew buff§r§r§r: §r§fGain §r§a+15% §r§fmore Powder while mining.
16:43:49 [SKYMALL] §8§oYou can disable this messaging by toggling Sky Mall in your /hotm!
16:55:01 [SKYMALL] §bNew day! §r§eYour §r§2Sky Mall §r§ebuff changed!
16:55:01 [SKYMALL] §eNew buff§r§r§r: §r§f§r§a-20%§r§f Pickaxe Ability cooldowns.
16:55:01 [SKYMALL] §8§oYou can disable this messaging by toggling Sky Mall in your /hotm!
17:15:01 [SKYMALL] §bNew day! §r§eYour §r§2Sky Mall §r§ebuff changed!
17:15:01 [SKYMALL] §eNew buff§r§r§r: §r§fGain §r§6+100⸕ Mining Speed§r§f.
17:15:01 [SKYMALL] §8§oYou can disable this messaging by toggling Sky Mall in your /hotm!
17:35:00 [SKYMALL] §bNew day! §r§eYour §r§2Sky Mall §r§ebuff changed!
17:35:00 [SKYMALL] §eNew buff§r§r§r: §r§fGain §r§6+100⸕ Mining Speed§r§f.
17:35:00 [SKYMALL] §8§oYou can disable this messaging by toggling Sky Mall in your /hotm!
17:46:34 [GARDEN_VISITOR_MESSAGE] §e[NPC] §6Jerry§f: §rHello §bFiremage_X§f. Glad to meet you here. I need some §aEnchanted Wheat§f.
17:46:52 [GARDEN_VISITOR_MESSAGE] §e[NPC] §6Jerry§f: §r§fThis is not my realm. I must return. Thank you.
17:46:53 [GARDEN_VISITOR_MESSAGE] §e[NPC] §aFear Mongerer§f: §r§fMortal, the time of reckoning is near. The Past will light the future.
17:46:58 [GARDEN_VISITOR_MESSAGE] §e[NPC] §aFear Mongerer§f: §r§fSoon.
17:46:58 [GARDEN_VISITOR_MESSAGE] §e[NPC] §aAnita§f: §r§fHey hey hey again! I'll trade you some copper for some carrots!
17:47:00 [GARDEN_VISITOR_MESSAGE] §e[NPC] §aAnita§f: §r§fOh, darn it :(
17:47:02 [GARDEN_VISITOR_MESSAGE] §e[NPC] §9Old Man Garry§f: §r§fPeople have no manners these days. They come up to me, and disappear instantly! They don't even greet me! Back in my day, we were raised better than that.
17:47:04 [GARDEN_VISITOR_MESSAGE] §e[NPC] §9Old Man Garry§f: §r§fOf course. What else did I expect from this generation.
17:47:05 [GARDEN_VISITOR_MESSAGE] §e[NPC] §aGeonathan Greatforge§f: §r§fI usually only work with Oil Barrels, but I'd like to try making some Biofuel from compost.
17:47:26 [GARDEN_VISITOR_MESSAGE] §e[NPC] §aGeonathan Greatforge§f: §r§fOil Barrels are far superior, but at least this is 100% renewable. Pretty neat!
17:55:02 [SKYMALL] §bNew day! §r§eYour §r§2Sky Mall §r§ebuff changed!
17:55:02 [SKYMALL] §eNew buff§r§r§r: §r§f§r§a-20%§r§f Pickaxe Ability cooldowns.
17:55:02 [SKYMALL] §8§oYou can disable this messaging by toggling Sky Mall in your /hotm!
18:14:02 [BESTIARY] §f                                  §6§lBESTIARY
18:14:02 [BESTIARY] §f                       §b§lSkeleton Lord §7§8XII §8➡§b §bXIII
18:14:02 [BESTIARY] 
18:14:02 [BESTIARY] §f                                  §r§6§lREWARDS
18:14:02 [BESTIARY] §f                     §r§8+§r§a4 Skeleton Lord §r§b✯ Magic Find
18:14:02 [BESTIARY] §f                      §r§8+§r§a4 Skeleton Lord §r§c❁ Strength
18:14:02 [BESTIARY] §f                         §r§8+§r§62% §r§aSkeleton Lord §r§7coins
18:14:02 [BESTIARY] §f                    §r§8+§r§a50% §r§7chance for extra XP orbs
18:14:02 [BESTIARY] §f                               §r§8+§r§b1 SkyBlock XP
18:14:02 [BESTIARY] 
18:14:02 [BESTIARY] §3§l▬▬▬▬▬▬▬▬▬▬▬▬▬▬▬▬▬▬▬▬▬▬▬▬▬▬▬▬▬▬▬▬▬▬▬▬▬▬▬▬▬▬▬▬▬▬▬▬▬▬▬▬▬▬▬▬▬▬▬▬▬▬▬▬
18:15:00 [SKYMALL] §bNew day! §r§eYour §r§2Sky Mall §r§ebuff changed!
18:15:00 [SKYMALL] §eNew buff§r§r§r: §r§fGain §r§6+50☘ Mining Fortune§r§f.
18:15:00 [SKYMALL] §8§oYou can disable this messaging by toggling Sky Mall in your /hotm!
18:35:00 [SKYMALL] §bNew day! §r§eYour §r§2Sky Mall §r§ebuff changed!
18:35:00 [SKYMALL] §eNew buff§r§r§r: §r§fGain §r§6+50☘ Mining Fortune§r§f.
18:35:00 [SKYMALL] §8§oYou can disable this messaging by toggling Sky Mall in your /hotm!
18:55:01 [SKYMALL] §bNew day! §r§eYour §r§2Sky Mall §r§ebuff changed!
18:55:01 [SKYMALL] §eNew buff§r§r§r: §r§fGain §r§a+15% §r§fmore Powder while mining.
18:55:01 [SKYMALL] §8§oYou can disable this messaging by toggling Sky Mall in your /hotm!
19:15:01 [SKYMALL] §bNew day! §r§eYour §r§2Sky Mall §r§ebuff changed!
19:15:01 [SKYMALL] §eNew buff§r§r§r: §r§fGain §r§a+15% §r§fmore Powder while mining.
19:15:01 [SKYMALL] §8§oYou can disable this messaging by toggling Sky Mall in your /hotm!
19:35:02 [SKYMALL] §bNew day! §r§eYour §r§2Sky Mall §r§ebuff changed!
19:35:02 [SKYMALL] §eNew buff§r§r§r: §r§fGain §r§a+15% §r§fmore Powder while mining.
19:35:02 [SKYMALL] §8§oYou can disable this messaging by toggling Sky Mall in your /hotm!
19:55:00 [SKYMALL] §bNew day! §r§eYour §r§2Sky Mall §r§ebuff changed!
19:55:00 [SKYMALL] §eNew buff§r§r§r: §r§f§r§a-20%§r§f Pickaxe Ability cooldowns.
19:55:00 [SKYMALL] §8§oYou can disable this messaging by toggling Sky Mall in your /hotm!
20:15:00 [SKYMALL] §bNew day! §r§eYour §r§2Sky Mall §r§ebuff changed!
20:15:00 [SKYMALL] §eNew buff§r§r§r: §r§fGain §r§6+50☘ Mining Fortune§r§f.
20:15:00 [SKYMALL] §8§oYou can disable this messaging by toggling Sky Mall in your /hotm!
20:17:41 [HOPPITY_EGG] §cYou have already collected this Chocolate Breakfast Egg§r§c! Try again when it respawns!
