13:20:55 §c[SkyHanni-0.27]: Could not find server id§c. Click here to copy the error into the clipboard.§r
13:26:37 §e[SkyHanni] You are close to the Croesus Limit. Please open your chests!§r
13:26:52 §e[SkyHanni] §b+15 SkyBlock XP §7(Boss Collections§7)§b (46/100)§r
13:29:23 §e[SkyHanni] Click here to load 14 more collected egg locations from NEU PV!§r
13:29:23 §e[SkyHanni] Click here to load Trophy Fishing data from NEU PV!§r
13:44:39 §e[SkyHanni] You are close to the Croesus Limit. Please open your chests!§r
13:57:29 §e[SkyHanni] You are close to the Croesus Limit. Please open your chests!§r
13:57:54 §6§lBESTIARY §r§b§lCrypt Souleater §7§8XIX §8➡§b §bXX§r
14:04:45 §a§lPotion Effect! §r§4Regeneration IV§r
14:04:45 §a§lPotion Effect! §r§4Strength V§r
14:04:45 §a§lPotion Effect! §r§4Critical III§r
14:04:45 §a§lPotion Effect! §r§9Speed IV§r
14:04:45 §a§lPotion Effect! §r§aResistance V§r
14:04:45 §a§lPotion Effect! §r§bArchery III§r
14:07:48 §e[SkyHanni] You are close to the Croesus Limit. Please open your chests!§r
14:10:30 §e[SkyHanni] §aAndrew §eis visiting your garden!§r
14:10:30 §e[SkyHanni] §aTarwen §eis visiting your garden!§r
14:10:30 §e[SkyHanni] §aEmissary Ceanna §eis visiting your garden!§r
14:10:30 §e[SkyHanni] §aRhys §eis visiting your garden!§r
14:10:30 §e[SkyHanni] §aLeo §eis visiting your garden!§r
14:12:20 §e[SkyHanni] §b+1 SkyBlock XP §7(HOTM Progression§7)§b (48/100)§r
14:16:13 §a§lPotion Effect! §r§4Regeneration IV§r
14:16:13 §a§lPotion Effect! §r§4Strength V§r
14:16:13 §a§lPotion Effect! §r§4Critical III§r
14:16:13 §a§lPotion Effect! §r§9Speed IV§r
14:16:13 §a§lPotion Effect! §r§aResistance V§r
14:16:13 §a§lPotion Effect! §r§bArchery III§r
14:21:26 §e[SkyHanni] You are close to the Croesus Limit. Please open your chests!§r
14:23:18 §a§lPotion Effect! §r§4Regeneration IV§r
14:23:18 §a§lPotion Effect! §r§4Strength V§r
14:23:18 §a§lPotion Effect! §r§4Critical III§r
14:23:18 §a§lPotion Effect! §r§9Speed IV§r
14:23:18 §a§lPotion Effect! §r§aResistance V§r
14:23:18 §a§lPotion Effect! §r§bArchery III§r
14:33:11 §e[SkyHanni] You are close to the Croesus Limit. Please open your chests!§r
14:37:06 §a§lPotion Effect! §r§4Regeneration IV§r
14:37:06 §a§lPotion Effect! §r§4Strength V§r
14:37:06 §a§lPotion Effect! §r§4Critical III§r
14:37:06 §a§lPotion Effect! §r§9Speed IV§r
14:37:06 §a§lPotion Effect! §r§aResistance V§r
14:37:06 §a§lPotion Effect! §r§bArchery III§r
14:48:51 §e[SkyHanni] You are close to the Croesus Limit. Please open your chests!§r
16:43:45 §e[SkyHanni] New rabbits are available at §aHoppity's Shop§e!
§e[CLICK to warp to hub or disable this feature]§r
16:45:46 §e[SkyHanni] New rabbits are available at §aHoppity's Shop§e!
§e[CLICK to warp to hub or disable this feature]§r
16:47:47 §e[SkyHanni] New rabbits are available at §aHoppity's Shop§e!
§e[CLICK to warp to hub or disable this feature]§r
16:47:50 §c[SkyHanni-0.27]: Caught a IllegalStateException in HoppityAPI at LorenzChatEvent: Unknown meal: Supper§c. Click here to copy the error into the clipboard.§r
16:49:48 §e[SkyHanni] New rabbits are available at §aHoppity's Shop§e!
§e[CLICK to warp to hub or disable this feature]§r
16:58:59 §e[SkyHanni] You are close to the Croesus Limit. Please open your chests!§r
16:58:59 §e[SkyHanni] New rabbits are available at §aHoppity's Shop§e!
§e[CLICK to warp to hub or disable this feature]§r
17:01:02 §e[SkyHanni] New rabbits are available at §aHoppity's Shop§e!
§e[CLICK to warp to hub or disable this feature]§r
17:10:50 §e[SkyHanni] You are close to the Croesus Limit. Please open your chests!§r
17:10:50 §e[SkyHanni] New rabbits are available at §aHoppity's Shop§e!
§e[CLICK to warp to hub or disable this feature]§r
17:18:16 §e[SkyHanni] You are close to the Croesus Limit. Please open your chests!§r
17:18:16 §e[SkyHanni] New rabbits are available at §aHoppity's Shop§e!
§e[CLICK to warp to hub or disable this feature]§r
17:20:16 §e[SkyHanni] New rabbits are available at §aHoppity's Shop§e!
§e[CLICK to warp to hub or disable this feature]§r
17:22:17 §e[SkyHanni] New rabbits are available at §aHoppity's Shop§e!
§e[CLICK to warp to hub or disable this feature]§r
17:22:31 §e[SkyHanni] §b+12 SkyBlock XP §7(Pet Score§7)§b (60/100)§r
17:33:31 §e[SkyHanni] You are close to the Croesus Limit. Please open your chests!§r
17:33:31 §e[SkyHanni] New rabbits are available at §aHoppity's Shop§e!
§e[CLICK to warp to hub or disable this feature]§r
17:35:32 §e[SkyHanni] New rabbits are available at §aHoppity's Shop§e!
§e[CLICK to warp to hub or disable this feature]§r
17:45:21 §e[SkyHanni] You are close to the Croesus Limit. Please open your chests!§r
17:45:21 §e[SkyHanni] New rabbits are available at §aHoppity's Shop§e!
§e[CLICK to warp to hub or disable this feature]§r
17:46:25 §e[SkyHanni] §aGeonathan Greatforge §eis visiting your garden!§r
17:46:25 §e[SkyHanni] §9Old Man Garry §eis visiting your garden!§r
17:46:25 §e[SkyHanni] §aAnita §eis visiting your garden!§r
17:46:25 §e[SkyHanni] §6Jerry §eis visiting your garden!§r
17:46:25 §e[SkyHanni] §aFear Mongerer §eis visiting your garden!§r
17:46:27 §c[SkyHanni-0.27]: Error loading user farming weight
§eLoading the farming weight data from elitebot.dev failed!
§eYou can re-enter the garden to try to fix the problem.
§cIf this message repeats, please report it on Discord§c. Click here to copy the error into the clipboard.§r
17:46:28 §e[SkyHanni] Successfully loaded this year's contests from elitebot.dev automatically!§r
17:47:22 §e[SkyHanni] New rabbits are available at §aHoppity's Shop§e!
§e[CLICK to warp to hub or disable this feature]§r
17:49:23 §e[SkyHanni] New rabbits are available at §aHoppity's Shop§e!
§e[CLICK to warp to hub or disable this feature]§r
17:51:23 §e[SkyHanni] New rabbits are available at §aHoppity's Shop§e!
§e[CLICK to warp to hub or disable this feature]§r
17:54:14 §e[SkyHanni] New rabbits are available at §aHoppity's Shop§e!
§e[CLICK to warp to hub or disable this feature]§r
17:56:48 §e[SkyHanni] New rabbits are available at §aHoppity's Shop§e!
§e[CLICK to warp to hub or disable this feature]§r
17:59:00 §e[SkyHanni] New rabbits are available at §aHoppity's Shop§e!
§e[CLICK to warp to hub or disable this feature]§r
18:01:56 §e[SkyHanni] New rabbits are available at §aHoppity's Shop§e!
§e[CLICK to warp to hub or disable this feature]§r
18:04:03 §e[SkyHanni] New rabbits are available at §aHoppity's Shop§e!
§e[CLICK to warp to hub or disable this feature]§r
18:06:03 §e[SkyHanni] New rabbits are available at §aHoppity's Shop§e!
§e[CLICK to warp to hub or disable this feature]§r
18:08:24 §e[SkyHanni] New rabbits are available at §aHoppity's Shop§e!
§e[CLICK to warp to hub or disable this feature]§r
18:08:27 §c[SkyHanni-0.27]: Caught a IllegalStateException in HoppityAPI at LorenzChatEvent: Unknown meal: Supper§c. Click here to copy the error into the clipboard.§r
18:10:25 §e[SkyHanni] New rabbits are available at §aHoppity's Shop§e!
§e[CLICK to warp to hub or disable this feature]§r
18:12:25 §e[SkyHanni] New rabbits are available at §aHoppity's Shop§e!
§e[CLICK to warp to hub or disable this feature]§r
18:14:02 §6§lBESTIARY §r§b§lSkeleton Lord §7§8XII §8➡§b §bXIII§r
18:15:50 §e[SkyHanni] New rabbits are available at §aHoppity's Shop§e!
§e[CLICK to warp to hub or disable this feature]§r
18:17:51 §e[SkyHanni] New rabbits are available at §aHoppity's Shop§e!
§e[CLICK to warp to hub or disable this feature]§r
18:19:51 §e[SkyHanni] New rabbits are available at §aHoppity's Shop§e!
§e[CLICK to warp to hub or disable this feature]§r
18:20:50 §c[SkyHanni-0.27]: Caught a IllegalStateException in HoppityEggsManager at LorenzChatEvent: Unknown meal: Brunch§c. Click here to copy the error into the clipboard.§r
18:33:42 §e[SkyHanni] You are close to the Croesus Limit. Please open your chests!§r
18:33:43 §e[SkyHanni] New rabbits are available at §aHoppity's Shop§e!
§e[CLICK to warp to hub or disable this feature]§r
18:35:44 §e[SkyHanni] Click here to share the location of this chocolate egg with the server!§r
18:35:44 §e[SkyHanni] New rabbits are available at §aHoppity's Shop§e!
§e[CLICK to warp to hub or disable this feature]§r
18:36:25 §c[SkyHanni-0.27]: Caught a IllegalStateException in HoppityAPI at LorenzChatEvent: Unknown meal: Déjeuner§c. Click here to copy the error into the clipboard.§r
18:45:57 §e[SkyHanni] You are close to the Croesus Limit. Please open your chests!§r
18:45:57 §e[SkyHanni] New rabbits are available at §aHoppity's Shop§e!
§e[CLICK to warp to hub or disable this feature]§r
18:47:57 §e[SkyHanni] New rabbits are available at §aHoppity's Shop§e!
§e[CLICK to warp to hub or disable this feature]§r
18:57:37 §e[SkyHanni] You are close to the Croesus Limit. Please open your chests!§r
18:57:38 §e[SkyHanni] New rabbits are available at §aHoppity's Shop§e!
§e[CLICK to warp to hub or disable this feature]§r
19:06:27 §e[SkyHanni] You are close to the Croesus Limit. Please open your chests!§r
19:06:27 §e[SkyHanni] New rabbits are available at §aHoppity's Shop§e!
§e[CLICK to warp to hub or disable this feature]§r
19:06:41 §c[SkyHanni-0.27]: Caught a IllegalStateException in HoppityEggsManager at LorenzChatEvent: Unknown meal: Déjeuner§c. Click here to copy the error into the clipboard.§r
19:15:01 §e[SkyHanni] You are close to the Croesus Limit. Please open your chests!§r
19:15:01 §e[SkyHanni] New rabbits are available at §aHoppity's Shop§e!
§e[CLICK to warp to hub or disable this feature]§r
19:23:19 §e[SkyHanni] You are close to the Croesus Limit. Please open your chests!§r
19:23:20 §e[SkyHanni] New rabbits are available at §aHoppity's Shop§e!
§e[CLICK to warp to hub or disable this feature]§r
19:33:57 §e[SkyHanni] You are close to the Croesus Limit. Please open your chests!§r
19:33:57 §e[SkyHanni] New rabbits are available at §aHoppity's Shop§e!
§e[CLICK to warp to hub or disable this feature]§r
19:43:29 §e[SkyHanni] You are close to the Croesus Limit. Please open your chests!§r
19:43:29 §e[SkyHanni] New rabbits are available at §aHoppity's Shop§e!
§e[CLICK to warp to hub or disable this feature]§r
19:52:58 §e[SkyHanni] You are close to the Croesus Limit. Please open your chests!§r
19:52:59 §e[SkyHanni] New rabbits are available at §aHoppity's Shop§e!
§e[CLICK to warp to hub or disable this feature]§r
20:03:32 §e[SkyHanni] You are close to the Croesus Limit. Please open your chests!§r
20:03:32 §e[SkyHanni] New rabbits are available at §aHoppity's Shop§e!
§e[CLICK to warp to hub or disable this feature]§r
20:04:20 §e[SkyHanni] Click here to share the location of this chocolate egg with the server!§r
20:05:33 §e[SkyHanni] New rabbits are available at §aHoppity's Shop§e!
§e[CLICK to warp to hub or disable this feature]§r
20:07:34 §e[SkyHanni] New rabbits are available at §aHoppity's Shop§e!
§e[CLICK to warp to hub or disable this feature]§r
20:09:34 §e[SkyHanni] New rabbits are available at §aHoppity's Shop§e!
§e[CLICK to warp to hub or disable this feature]§r
20:11:35 §e[SkyHanni] New rabbits are available at §aHoppity's Shop§e!
§e[CLICK to warp to hub or disable this feature]§r
20:13:35 §e[SkyHanni] New rabbits are available at §aHoppity's Shop§e!
§e[CLICK to warp to hub or disable this feature]§r
20:13:58 §c[SkyHanni-0.27]: Caught a IllegalStateException in HoppityAPI at LorenzChatEvent: Unknown meal: Brunch§c. Click here to copy the error into the clipboard.§r
20:15:36 §e[SkyHanni] New rabbits are available at §aHoppity's Shop§e!
§e[CLICK to warp to hub or disable this feature]§r
20:17:14 §e[SkyHanni] Click here to share the location of this chocolate egg with the server!§r
20:17:37 §e[SkyHanni] New rabbits are available at §aHoppity's Shop§e!
§e[CLICK to warp to hub or disable this feature]§r
20:17:41 §e[SkyHanni] §eNext egg available in §b3m 8s§e.§r
