13:16:06 [SKYMALL] §bNew day! §r§eYour §r§2Sky Mall §r§ebuff changed!
13:16:06 [SKYMALL] §eNew buff§r§r§r: §r§f§r§a-20%§r§f Pickaxe Ability cooldowns.
13:16:06 [SKYMALL] §8§oYou can disable this messaging by toggling Sky Mall in your /hotm!
13:35:07 [SKYMALL] §bNew day! §r§eYour §r§2Sky Mall §r§ebuff changed!
13:35:07 [SKYMALL] §eNew buff§r§r§r: §r§f§r§a-20%§r§f Pickaxe Ability cooldowns.
13:35:07 [SKYMALL] §8§oYou can disable this messaging by toggling Sky Mall in your /hotm!
13:55:00 [SKYMALL] §bNew day! §r§eYour §r§2Sky Mall §r§ebuff changed!
13:55:00 [SKYMALL] §eNew buff§r§r§r: §r§fGain §r§a+15% §r§fmore Powder while mining.
13:55:00 [SKYMALL] §8§oYou can disable this messaging by toggling Sky Mall in your /hotm!
14:00:02 [GARDEN_VISITOR_MESSAGE] §e[NPC] §aArthur§f: §r§fMy wheat minion has been slacking recently, I am thinking about giving it an upgrade. He hasn't produced any wheat in years! Every time I check on him, he's empty.
14:00:04 [GARDEN_VISITOR_MESSAGE] §e[NPC] §aArthur§f: §r§fI guess I'll have to keep going like this.
14:00:05 [GARDEN_VISITOR_MESSAGE] §e[NPC] §aTom§f: §r§fI don't have a recipe for you, however I'd happily take some crops.
14:00:07 [GARDEN_VISITOR_MESSAGE] §e[NPC] §aTom§f: §r§fNo problem, see ya next time!
14:00:08 [GARDEN_VISITOR_MESSAGE] §e[NPC] §9Queen Mismyla§f: §r§fThe King made me go grocery shopping. Me! Can you believe that? He has a pair of perfectly good legs, and still, here I am.
14:00:21 [GARDEN_VISITOR_MESSAGE] §e[NPC] §9Queen Mismyla§f: §r§fI bet when I am back, they are all still sitting around that table! All day, every day! It's ludicrous!
14:00:22 [GARDEN_VISITOR_MESSAGE] §e[NPC] §aGuy§f: §r§fHeard you may got some mushrooms...I've been looking for some...
14:00:34 [GARDEN_VISITOR_MESSAGE] §e[NPC] §aGuy§f: §r§fThank ya man, I knew I could trust you! These will come in good use!
14:00:35 [GARDEN_VISITOR_MESSAGE] §e[NPC] §aLeo§f: §r§fSadly you can't gather logs in the §aThe Garden§f, however there are plenty of crops here!
14:00:38 [GARDEN_VISITOR_MESSAGE] §e[NPC] §aLeo§f: §r§fHmm, too bad.
14:15:00 [SKYMALL] §bNew day! §r§eYour §r§2Sky Mall §r§ebuff changed!
14:15:00 [SKYMALL] §eNew buff§r§r§r: §r§fGain §r§6+100⸕ Mining Speed§r§f.
14:15:00 [SKYMALL] §8§oYou can disable this messaging by toggling Sky Mall in your /hotm!
14:35:01 [SKYMALL] §bNew day! §r§eYour §r§2Sky Mall §r§ebuff changed!
14:35:01 [SKYMALL] §eNew buff§r§r§r: §r§fGain §r§a+15% §r§fmore Powder while mining.
14:35:01 [SKYMALL] §8§oYou can disable this messaging by toggling Sky Mall in your /hotm!
14:35:25 [BESTIARY] §f                                  §6§lBESTIARY
14:35:25 [BESTIARY] §f                           §b§lTank Zombie §7§8X §8➡§b §bXI
14:35:25 [BESTIARY] 
14:35:25 [BESTIARY] §f                                  §r§6§lREWARDS
14:35:25 [BESTIARY] §f                       §r§8+§r§a4 Tank Zombie §r§b✯ Magic Find
14:35:25 [BESTIARY] §f                       §r§8+§r§a4 Tank Zombie §r§c❁ Strength
14:35:25 [BESTIARY] §f                           §r§8+§r§62% §r§aTank Zombie §r§7coins
14:35:25 [BESTIARY] §f                    §r§8+§r§a50% §r§7chance for extra XP orbs
14:35:25 [BESTIARY] §f                               §r§8+§r§b1 SkyBlock XP
14:35:25 [BESTIARY] 
14:35:25 [BESTIARY] §3§l▬▬▬▬▬▬▬▬▬▬▬▬▬▬▬▬▬▬▬▬▬▬▬▬▬▬▬▬▬▬▬▬▬▬▬▬▬▬▬▬▬▬▬▬▬▬▬▬▬▬▬▬▬▬▬▬▬▬▬▬▬▬▬▬
14:55:01 [SKYMALL] §bNew day! §r§eYour §r§2Sky Mall §r§ebuff changed!
14:55:01 [SKYMALL] §eNew buff§r§r§r: §r§fGain §r§6+100⸕ Mining Speed§r§f.
14:55:01 [SKYMALL] §8§oYou can disable this messaging by toggling Sky Mall in your /hotm!
15:15:01 [SKYMALL] §bNew day! §r§eYour §r§2Sky Mall §r§ebuff changed!
15:15:01 [SKYMALL] §eNew buff§r§r§r: §r§fGain §r§a+15% §r§fmore Powder while mining.
15:15:01 [SKYMALL] §8§oYou can disable this messaging by toggling Sky Mall in your /hotm!
15:35:01 [SKYMALL] §bNew day! §r§eYour §r§2Sky Mall §r§ebuff changed!
15:35:01 [SKYMALL] §eNew buff§r§r§r: §r§fGain §r§6+50☘ Mining Fortune§r§f.
15:35:01 [SKYMALL] §8§oYou can disable this messaging by toggling Sky Mall in your /hotm!
15:36:38 [BESTIARY] §f                                  §6§lBESTIARY
15:36:38 [BESTIARY] §f                               §b§lSniper §7§8IX §8➡§b §bX
15:36:38 [BESTIARY] 
15:36:38 [BESTIARY] §f                                  §r§6§lREWARDS
15:36:38 [BESTIARY] §f                          §r§8+§r§a3 Sniper §r§b✯ Magic Find
15:36:38 [BESTIARY] §f                           §r§8+§r§a3 Sniper §r§c❁ Strength
15:36:38 [BESTIARY] §f                              §r§8+§r§62% §r§aSniper §r§7coins
15:36:38 [BESTIARY] §f                    §r§8+§r§a50% §r§7chance for extra XP orbs
15:36:38 [BESTIARY] §f                               §r§8+§r§b1 SkyBlock XP
15:36:38 [BESTIARY] 
15:36:38 [BESTIARY] §3§l▬▬▬▬▬▬▬▬▬▬▬▬▬▬▬▬▬▬▬▬▬▬▬▬▬▬▬▬▬▬▬▬▬▬▬▬▬▬▬▬▬▬▬▬▬▬▬▬▬▬▬▬▬▬▬▬▬▬▬▬▬▬▬▬
15:55:00 [SKYMALL] §bNew day! §r§eYour §r§2Sky Mall §r§ebuff changed!
15:55:00 [SKYMALL] §eNew buff§r§r§r: §r§fGain §r§6+100⸕ Mining Speed§r§f.
15:55:00 [SKYMALL] §8§oYou can disable this messaging by toggling Sky Mall in your /hotm!
