13:16:11 §c[SkyHanni-0.27]: Could not find server id§c. Click here to copy the error into the clipboard.§r
13:16:29 §e[SkyHanni] §cYour Time Tower just expired and has 1 charge remaining. Click here to use one.§r
13:20:14 §e[SkyHanni] You are close to the Croesus Limit. Please open your chests!§r
13:21:47 §e[SkyHanni] §b+15 SkyBlock XP §7(Boss Collections§7)§b (71/100)§r
13:36:34 §e[SkyHanni] You are close to the Croesus Limit. Please open your chests!§r
13:50:44 §e[SkyHanni] You are close to the Croesus Limit. Please open your chests!§r
13:52:33 §e[SkyHanni] Click here to load 14 more collected egg locations from NEU PV!§r
13:52:33 §e[SkyHanni] Click here to load Trophy Fishing data from NEU PV!§r
13:59:57 §e[SkyHanni] §aArthur §eis visiting your garden!§r
13:59:57 §e[SkyHanni] §aTom §eis visiting your garden!§r
13:59:57 §e[SkyHanni] §9Queen Mismyla §eis visiting your garden!§r
13:59:57 §e[SkyHanni] §aGuy §eis visiting your garden!§r
13:59:57 §e[SkyHanni] §aLeo §eis visiting your garden!§r
14:04:00 §e[SkyHanni] §b+6 SkyBlock XP §7(Museum Donations§7)§b (0/100)§r
14:06:24 §e[SkyHanni] §b+3 SkyBlock XP §7(Museum Donations§7)§b (3/100)§r
14:09:20 §e[SkyHanni] §b+3 SkyBlock XP §7(Museum Donations§7)§b (6/100)§r
14:10:10 §e[SkyHanni] §b+1 SkyBlock XP §7(Museum Donations§7)§b (7/100)§r
14:10:13 §e[SkyHanni] §b+1 SkyBlock XP §7(Museum Donations§7)§b (8/100)§r
14:10:47 §e[SkyHanni] §b+3 SkyBlock XP §7(Museum Donations§7)§b (11/100)§r
14:11:00 §e[SkyHanni] §b+3 SkyBlock XP §7(Museum Donations§7)§b (14/100)§r
14:11:25 §e[SkyHanni] §b+3 SkyBlock XP §7(Museum Donations§7)§b (17/100)§r
14:11:31 §e[SkyHanni] §b+2 SkyBlock XP §7(Museum Donations§7)§b (19/100)§r
14:13:31 §e[SkyHanni] §b+1 SkyBlock XP §7(Museum Donations§7)§b (20/100)§r
14:13:33 §e[SkyHanni] §b+1 SkyBlock XP §7(Museum Donations§7)§b (21/100)§r
14:13:35 §e[SkyHanni] §b+1 SkyBlock XP §7(Museum Donations§7)§b (22/100)§r
14:13:37 §e[SkyHanni] §b+2 SkyBlock XP §7(Museum Donations§7)§b (24/100)§r
14:13:42 §e[SkyHanni] §b+2 SkyBlock XP §7(Museum Donations§7)§b (26/100)§r
14:13:43 §e[SkyHanni] §b+2 SkyBlock XP §7(Museum Donations§7)§b (28/100)§r
14:13:48 §e[SkyHanni] §b+1 SkyBlock XP §7(Museum Donations§7)§b (29/100)§r
14:13:50 §e[SkyHanni] §b+1 SkyBlock XP §7(Museum Donations§7)§b (30/100)§r
14:13:54 §e[SkyHanni] §b+1 SkyBlock XP §7(Museum Donations§7)§b (31/100)§r
14:13:56 §e[SkyHanni] §b+1 SkyBlock XP §7(Museum Donations§7)§b (32/100)§r
14:13:57 §e[SkyHanni] §b+3 SkyBlock XP §7(Museum Donations§7)§b (35/100)§r
14:13:58 §e[SkyHanni] §b+2 SkyBlock XP §7(Museum Donations§7)§b (37/100)§r
14:16:11 §e[SkyHanni] §b+1 SkyBlock XP §7(Museum Donations§7)§b (38/100)§r
14:16:14 §e[SkyHanni] §b+1 SkyBlock XP §7(Museum Donations§7)§b (39/100)§r
14:16:56 §e[SkyHanni] §b+1 SkyBlock XP §7(Museum Donations§7)§b (40/100)§r
14:17:23 §e[SkyHanni] §b+1 SkyBlock XP §7(Museum Donations§7)§b (41/100)§r
14:17:25 §e[SkyHanni] §b+1 SkyBlock XP §7(Museum Donations§7)§b (42/100)§r
14:17:55 §e[SkyHanni] §b+2 SkyBlock XP §7(Museum Donations§7)§b (44/100)§r
14:19:26 §e[SkyHanni] §b+3 SkyBlock XP §7(Museum Donations§7)§b (47/100)§r
14:19:57 §e[SkyHanni] §b+4 SkyBlock XP §7(Museum Donations§7)§b (51/100)§r
14:20:42 §e[SkyHanni] §b+6 SkyBlock XP §7(Museum Donations§7)§b (57/100)§r
14:21:12 §e[SkyHanni] §b+2 SkyBlock XP §7(Museum Donations§7)§b (59/100)§r
14:22:42 §e[SkyHanni] §b+4 SkyBlock XP §7(Museum Donations§7)§b (63/100)§r
14:23:11 §e[SkyHanni] §b+2 SkyBlock XP §7(Museum Donations§7)§b (65/100)§r
14:23:15 §e[SkyHanni] §b+3 SkyBlock XP §7(Museum Donations§7)§b (68/100)§r
14:23:43 §e[SkyHanni] §b+3 SkyBlock XP §7(Museum Donations§7)§b (71/100)§r
14:24:16 §e[SkyHanni] §b+3 SkyBlock XP §7(Museum Donations§7)§b (74/100)§r
14:35:25 §6§lBESTIARY §r§b§lTank Zombie §7§8X §8➡§b §bXI§r
14:37:07 §e[SkyHanni] You are close to the Croesus Limit. Please open your chests!§r
14:37:11 §e[SkyHanni] You have gained §b12 §eBits.§r
14:41:38 §e[SkyHanni] You are close to the Croesus Limit. Please open your chests!§r
14:46:01 §e[SkyHanni] You are close to the Croesus Limit. Please open your chests!§r
14:51:50 §e[SkyHanni] You are close to the Croesus Limit. Please open your chests!§r
14:56:39 §e[SkyHanni] You are close to the Croesus Limit. Please open your chests!§r
15:00:27 §e[SkyHanni] You are close to the Croesus Limit. Please open your chests!§r
15:18:52 §e[SkyHanni] You are close to the Croesus Limit. Please open your chests!§r
15:31:36 §e[SkyHanni] You are close to the Croesus Limit. Please open your chests!§r
15:36:38 §6§lBESTIARY §r§b§lSniper §7§8IX §8➡§b §bX§r
15:44:08 §e[SkyHanni] You are close to the Croesus Limit. Please open your chests!§r
15:58:25 §e[SkyHanni] You are close to the Croesus Limit. Please open your chests!§r
