13:19:43 OptiFine ConnectedTextures
13:19:43 OptiFine ConnectedTextures
13:19:43 OptiFine ConnectedTextures
13:19:43 OptiFine ConnectedTextures
13:19:43 OptiFine ConnectedTextures
13:19:43 OptiFine ConnectedTextures
13:19:43 OptiFine ConnectedTextures
13:19:43 OptiFine ConnectedTextures
13:19:43 OptiFine ConnectedTextures
13:19:43 OptiFine ConnectedTextures
13:19:43 OptiFine ConnectedTextures
13:19:43 OptiFine ConnectedTextures
13:19:43 OptiFine ConnectedTextures
13:19:43 OptiFine ConnectedTextures
13:19:43 OptiFine ConnectedTextures
13:19:43 OptiFine ConnectedTextures
13:19:43 OptiFine ConnectedTextures
13:19:43 OptiFine ConnectedTextures
13:19:43 OptiFine ConnectedTextures
13:19:43 OptiFine ConnectedTextures
13:19:43 OptiFine ConnectedTextures
13:19:43 OptiFine ConnectedTextures
13:19:43 OptiFine ConnectedTextures
13:19:43 OptiFine ConnectedTextures
13:19:43 OptiFine ConnectedTextures
13:19:43 OptiFine ConnectedTextures
13:19:43 OptiFine ConnectedTextures
13:19:43 OptiFine ConnectedTextures
13:19:43 OptiFine ConnectedTextures
13:19:43 OptiFine ConnectedTextures
13:19:43 OptiFine ConnectedTextures
13:19:43 OptiFine ConnectedTextures
13:19:43 OptiFine ConnectedTextures
13:19:43 OptiFine ConnectedTextures
13:19:43 OptiFine ConnectedTextures
13:19:43 OptiFine ConnectedTextures
13:19:43 OptiFine ConnectedTextures
13:19:43 OptiFine ConnectedTextures
13:19:43 OptiFine ConnectedTextures
13:19:43 OptiFine ConnectedTextures
13:19:43 OptiFine ConnectedTextures
13:19:43 OptiFine ConnectedTextures
13:19:43 OptiFine ConnectedTextures
13:19:43 OptiFine ConnectedTextures
13:19:43 OptiFine ConnectedTextures
13:19:43 OptiFine ConnectedTextures
13:19:43 OptiFine ConnectedTextures
13:19:43 OptiFine ConnectedTextures
13:19:43 OptiFine ConnectedTextures
13:19:43 OptiFine ConnectedTextures
13:19:43 OptiFine ConnectedTextures
13:19:43 OptiFine ConnectedTextures
13:19:43 OptiFine ConnectedTextures
13:19:43 OptiFine ConnectedTextures
13:19:43 OptiFine ConnectedTextures
13:19:43 OptiFine ConnectedTextures
13:19:43 OptiFine ConnectedTextures
13:19:43 OptiFine ConnectedTextures
13:19:43 OptiFine ConnectedTextures
13:19:43 OptiFine ConnectedTextures
13:19:43 OptiFine ConnectedTextures
13:19:43 OptiFine ConnectedTextures
13:19:43 OptiFine ConnectedTextures
13:19:43 OptiFine ConnectedTextures
13:19:43 OptiFine ConnectedTextures
13:19:43 OptiFine ConnectedTextures
13:19:43 OptiFine ConnectedTextures
13:19:48 AsmHelper Transforming
13:19:53 AsmHelper Transforming
13:19:53 AsmHelper Applying AsmWriter
14:10:30 Grow BufferBuilder buffer
14:10:30 Grow BufferBuilder buffer
14:10:30 Grow BufferBuilder buffer
14:10:30 Grow BufferBuilder buffer
14:10:35 Grow BufferBuilder buffer
14:10:35 Grow BufferBuilder buffer
14:10:35 Grow BufferBuilder buffer
14:10:35 Grow BufferBuilder buffer
14:10:35 Grow BufferBuilder buffer
14:10:35 Grow BufferBuilder buffer
14:10:35 Grow BufferBuilder buffer
14:10:35 Grow BufferBuilder buffer
14:10:35 Grow BufferBuilder buffer
14:10:35 Grow BufferBuilder buffer
14:10:35 Grow BufferBuilder buffer
14:10:35 Grow BufferBuilder buffer
14:10:35 Grow BufferBuilder buffer
14:10:35 Grow BufferBuilder buffer
14:10:35 Grow BufferBuilder buffer
14:10:35 Grow BufferBuilder buffer
14:10:35 Grow BufferBuilder buffer
14:10:35 Grow BufferBuilder buffer
14:10:35 Grow BufferBuilder buffer
14:10:35 Grow BufferBuilder buffer
14:10:35 Grow BufferBuilder buffer
14:10:35 Grow BufferBuilder buffer
14:10:35 Grow BufferBuilder buffer
14:10:35 Grow BufferBuilder buffer
14:10:35 Grow BufferBuilder buffer
14:10:35 Grow BufferBuilder buffer
14:10:36 Grow BufferBuilder buffer
14:10:36 Grow BufferBuilder buffer
14:10:36 Grow BufferBuilder buffer
14:10:39 Grow BufferBuilder buffer
14:10:39 Grow BufferBuilder buffer
14:10:39 Grow BufferBuilder buffer
14:10:39 Grow BufferBuilder buffer
14:10:39 Grow BufferBuilder buffer
14:10:39 Grow BufferBuilder buffer
14:10:40 Grow BufferBuilder buffer
14:10:40 Grow BufferBuilder buffer
14:10:40 Grow BufferBuilder buffer
14:10:40 Grow BufferBuilder buffer
14:10:40 Grow BufferBuilder buffer
14:10:40 Grow BufferBuilder buffer
14:10:40 Grow BufferBuilder buffer
14:10:40 Grow BufferBuilder buffer
14:10:40 Grow BufferBuilder buffer
14:10:40 Grow BufferBuilder buffer
14:10:40 Grow BufferBuilder buffer
14:10:40 Grow BufferBuilder buffer
14:10:40 Grow BufferBuilder buffer
14:10:40 Grow BufferBuilder buffer
14:10:59 Grow BufferBuilder buffer
14:10:59 Grow BufferBuilder buffer
14:10:59 Grow BufferBuilder buffer
14:10:59 Grow BufferBuilder buffer
14:11:00 Grow BufferBuilder buffer
14:11:00 Grow BufferBuilder buffer
14:11:00 Grow BufferBuilder buffer
14:11:00 Grow BufferBuilder buffer
14:11:00 Grow BufferBuilder buffer
14:11:03 Grow BufferBuilder buffer
14:11:03 Grow BufferBuilder buffer
14:11:03 Grow BufferBuilder buffer
14:11:03 Grow BufferBuilder buffer
14:11:03 Grow BufferBuilder buffer
14:11:23 Grow BufferBuilder buffer
14:11:23 Grow BufferBuilder buffer
14:11:25 Grow BufferBuilder buffer
14:11:26 Grow BufferBuilder buffer
14:11:26 Grow BufferBuilder buffer
14:11:27 Grow BufferBuilder buffer
14:11:27 Grow BufferBuilder buffer
14:11:27 Grow BufferBuilder buffer
14:11:27 Grow BufferBuilder buffer
14:11:27 Grow BufferBuilder buffer
14:11:27 Grow BufferBuilder buffer
14:11:28 Grow BufferBuilder buffer
14:11:28 Grow BufferBuilder buffer
14:11:28 Grow BufferBuilder buffer
14:11:28 Grow BufferBuilder buffer
14:11:28 Grow BufferBuilder buffer
14:11:28 Grow BufferBuilder buffer
14:11:28 Grow BufferBuilder buffer
14:11:28 Grow BufferBuilder buffer
14:11:28 Grow BufferBuilder buffer
14:11:28 Grow BufferBuilder buffer
14:11:28 Grow BufferBuilder buffer
14:11:28 Grow BufferBuilder buffer
14:11:28 Grow BufferBuilder buffer
14:11:28 Grow BufferBuilder buffer
14:11:28 Grow BufferBuilder buffer
14:11:28 Grow BufferBuilder buffer
14:11:28 Grow BufferBuilder buffer
14:11:28 Grow BufferBuilder buffer
14:11:28 Grow BufferBuilder buffer
14:11:28 Grow BufferBuilder buffer
14:11:28 Grow BufferBuilder buffer
14:11:28 Grow BufferBuilder buffer
14:11:28 Grow BufferBuilder buffer
14:11:28 Grow BufferBuilder buffer
14:11:29 Grow BufferBuilder buffer
14:11:29 Grow BufferBuilder buffer
14:11:29 Grow BufferBuilder buffer
14:11:30 Grow BufferBuilder buffer
14:11:33 Grow BufferBuilder buffer
14:11:34 Grow BufferBuilder buffer
14:11:34 Grow BufferBuilder buffer
14:11:37 Grow BufferBuilder buffer
14:11:37 Grow BufferBuilder buffer
14:11:37 Grow BufferBuilder buffer
14:11:37 Grow BufferBuilder buffer
14:11:37 Grow BufferBuilder buffer
14:11:37 Grow BufferBuilder buffer
14:11:37 Grow BufferBuilder buffer
14:11:39 Grow BufferBuilder buffer
14:11:39 Grow BufferBuilder buffer
14:11:39 Grow BufferBuilder buffer
14:11:39 Grow BufferBuilder buffer
14:11:52 Grow BufferBuilder buffer
14:11:52 Grow BufferBuilder buffer
14:11:54 Grow BufferBuilder buffer
14:11:54 Grow BufferBuilder buffer
14:11:54 Grow BufferBuilder buffer
14:11:54 Grow BufferBuilder buffer
14:11:54 Grow BufferBuilder buffer
14:11:54 Grow BufferBuilder buffer
14:11:54 Grow BufferBuilder buffer
17:46:25 Grow BufferBuilder buffer
17:46:26 Grow BufferBuilder buffer
17:46:26 Grow BufferBuilder buffer
17:46:26 Grow BufferBuilder buffer
17:46:27 Grow BufferBuilder buffer
17:46:27 Grow BufferBuilder buffer
17:46:28 Grow BufferBuilder buffer
17:46:28 Grow BufferBuilder buffer
17:46:28 Grow BufferBuilder buffer
17:46:33 Grow BufferBuilder buffer
17:46:33 Grow BufferBuilder buffer
17:46:34 Grow BufferBuilder buffer
17:46:34 Grow BufferBuilder buffer
17:46:34 Grow BufferBuilder buffer
17:46:58 Grow BufferBuilder buffer
17:46:58 Grow BufferBuilder buffer
17:46:58 Grow BufferBuilder buffer
17:46:58 Grow BufferBuilder buffer
17:46:58 Grow BufferBuilder buffer
17:46:58 Grow BufferBuilder buffer
17:46:58 Grow BufferBuilder buffer
17:46:58 Grow BufferBuilder buffer
18:02:27 Biome ID bounds
18:02:27 Biome ID bounds
18:02:27 Biome ID bounds
18:02:27 Biome ID bounds
18:02:27 Biome ID bounds
18:02:27 Biome ID bounds
18:37:31 Biome ID bounds
18:37:31 Biome ID bounds
18:37:31 Biome ID bounds
