10:16:14 Trying to load config from config\skyhanni\config.json
10:16:14 load-config-now
10:16:14 Loaded config from file
10:16:14 Trying to load sacks from config\skyhanni\sacks.json
10:16:14 load-sacks-now
10:16:14 Loaded sacks from file
10:16:14 Trying to load friends from config\skyhanni\friends.json
10:16:14 load-friends-now
10:16:14 Loaded friends from file
10:16:14 Trying to load known_features from config\skyhanni\known_features.json
10:16:14 load-known_features-now
10:16:14 Loaded known_features from file
10:16:14 Trying to load jacob_contests from config\skyhanni\jacob_contests.json
10:16:14 load-jacob_contests-now
10:16:14 Loaded jacob_contests from file
10:16:14 Trying to load visual_words from config\skyhanni\visual_words.json
10:16:14 Setting visual_words to be blank as it did not exist. It will be saved once something is written to it
10:17:14 saveConfig: auto-save-60s
10:17:14 Saving config file
10:17:34 saveConfig: Updated known feature flags
10:17:34 Saving known_features file
10:18:14 saveConfig: auto-save-60s
10:18:14 Saving config file
10:19:14 saveConfig: auto-save-60s
10:19:14 Saving config file
10:20:14 saveConfig: auto-save-60s
10:20:14 Saving config file
10:21:14 saveConfig: auto-save-60s
10:21:14 Saving config file
10:22:14 saveConfig: auto-save-60s
10:22:14 Saving config file
10:23:14 saveConfig: auto-save-60s
10:23:14 Saving config file
10:24:14 saveConfig: auto-save-60s
10:24:14 Saving config file
10:25:14 saveConfig: auto-save-60s
10:25:14 Saving config file
10:26:14 saveConfig: auto-save-60s
10:26:14 Saving config file
10:27:14 saveConfig: auto-save-60s
10:27:14 Saving config file
10:28:14 saveConfig: auto-save-60s
10:28:14 Saving config file
10:29:14 saveConfig: auto-save-60s
10:29:14 Saving config file
10:30:14 saveConfig: auto-save-60s
10:30:14 Saving config file
10:31:14 saveConfig: auto-save-60s
10:31:14 Saving config file
10:32:14 saveConfig: auto-save-60s
10:32:14 Saving config file
10:33:14 saveConfig: auto-save-60s
10:33:14 Saving config file
10:34:14 saveConfig: auto-save-60s
10:34:14 Saving config file
10:35:14 saveConfig: auto-save-60s
10:35:14 Saving config file
10:36:14 saveConfig: auto-save-60s
10:36:14 Saving config file
10:37:14 saveConfig: auto-save-60s
10:37:14 Saving config file
10:38:14 saveConfig: auto-save-60s
10:38:14 Saving config file
10:39:14 saveConfig: auto-save-60s
10:39:14 Saving config file
10:40:14 saveConfig: auto-save-60s
10:40:14 Saving config file
10:41:14 saveConfig: auto-save-60s
10:41:14 Saving config file
10:42:14 saveConfig: auto-save-60s
10:42:14 Saving config file
10:43:14 saveConfig: auto-save-60s
10:43:14 Saving config file
10:44:14 saveConfig: auto-save-60s
10:44:14 Saving config file
10:45:14 saveConfig: auto-save-60s
10:45:14 Saving config file
10:46:14 saveConfig: auto-save-60s
10:46:14 Saving config file
10:47:14 saveConfig: auto-save-60s
10:47:14 Saving config file
10:48:14 saveConfig: auto-save-60s
10:48:14 Saving config file
10:49:14 saveConfig: auto-save-60s
10:49:14 Saving config file
10:50:14 saveConfig: auto-save-60s
10:50:14 Saving config file
10:51:14 saveConfig: auto-save-60s
10:51:14 Saving config file
10:52:14 saveConfig: auto-save-60s
10:52:14 Saving config file
10:53:14 saveConfig: auto-save-60s
10:53:14 Saving config file
10:54:14 saveConfig: auto-save-60s
10:54:14 Saving config file
10:55:14 saveConfig: auto-save-60s
10:55:14 Saving config file
10:56:14 saveConfig: auto-save-60s
10:56:14 Saving config file
10:57:14 saveConfig: auto-save-60s
10:57:14 Saving config file
10:58:14 saveConfig: auto-save-60s
10:58:14 Saving config file
10:59:14 saveConfig: auto-save-60s
10:59:14 Saving config file
11:00:13 saveConfig: saving-data
11:00:13 Saving sacks file
11:00:14 saveConfig: auto-save-60s
11:00:14 Saving config file
11:00:27 saveConfig: saving-data
11:00:27 Saving sacks file
11:00:39 saveConfig: saving-data
11:00:39 Saving sacks file
11:01:08 saveConfig: saving-data
11:01:08 Saving sacks file
11:01:14 saveConfig: auto-save-60s
11:01:14 Saving config file
11:02:14 saveConfig: auto-save-60s
11:02:14 Saving config file
11:03:14 saveConfig: auto-save-60s
11:03:14 Saving config file
11:04:14 saveConfig: auto-save-60s
11:04:14 Saving config file
11:04:44 saveConfig: Save file
11:04:44 Saving friends file
11:05:14 saveConfig: auto-save-60s
11:05:14 Saving config file
11:06:14 saveConfig: auto-save-60s
11:06:14 Saving config file
11:07:14 saveConfig: auto-save-60s
11:07:14 Saving config file
11:08:14 saveConfig: auto-save-60s
11:08:14 Saving config file
11:09:00 saveConfig: shutdown-hook
11:09:00 Saving config file
