21:47:53 [allowed] §f §r§r§r§f §r§r§r§1 §r§r§r§0 §r§r§r§2 §r§r§r§f §r§r§r§f §r§r§r§2 §r§r§r§0 §r§r§r§4 §r§r§r§3 §r§r§r§9 §r§r§r§2 §r§r§r§0 §r§r§r§0 §r§r§r§3 §r§r§r§9 §r§r§r§2 §r§r§r§0 §r§r§r§0 §r§r§r§3 §r§r§r§9 §r§r§r§2 §r§r§r§0 §r§r§r§0 
21:47:53 [allowed] §b[MVP§f+§b] Firemage_X§f §6joined the lobby!
21:47:53 [allowed] §aYou have §b21 §aunclaimed leveling rewards!
21:47:53 [allowed] §eClick here to view them!
21:47:53 [allowed] §aYou have §67 §aunclaimed achievement rewards!
21:47:53 [allowed] §eClick here to view them!
21:47:55 [allowed]  §b>§c>§a>§r §r§6[MVP§f++§6] konoey§f §6joined the lobby!§r §a<§c<§b<
21:47:55 [allowed] §cYou are sending commands too fast! Please slow down.
21:47:56 [allowed] §b[MVP§f+§b] XenW§f §6joined the lobby!
21:47:57 [allowed] §7Sending to server mini153BM...
21:47:58 [allowed] §8 §r§8 §r§1 §r§3 §r§3 §r§7 §r§8 
21:47:59 [allowed] §cYou are sending commands too fast! Please slow down.
21:47:59 [allowed] §9§m-----------------------------------------------------§r§9
§r§9                          §r§9 §6Friends (Page 1 of 8) §r§e§l>>§r§9
§r§9§bChipodle §eis in SkyBlock - Dungeon Hub§r§9
§r§9§bcreeperXP §eis currently §eAway§r§9
§r§9§bHoldMyGoonie §eis currently §5Busy§r§9
§r§9§7KingGoji953 §eis in Limbo§r§9
§r§9§b24Arrian §cis currently offline§r§9
§r§9§b_mmc27 §cis currently offline§r§9
§r§9§a_tsn §cis currently offline§r§9
§r§9§aAceCreo_ §cis currently offline§r§9
§r§9§m-----------------------------------------------------
21:48:00 [allowed] 
21:48:00 [allowed] §eWelcome to §r§aHypixel SkyBlock§r§e!
21:48:00 [allowed] 
21:48:00 [allowed] §eLatest update: §bSkyBlock v0.20.8 §e§lCLICK
21:48:00 [allowed] §aFriend > §r§bChipodle §r§eleft.
21:48:01 [allowed] §aYou are playing on profile: §ePineapple§b (Co-op)
21:48:01 [allowed] §8Profile ID: 6accdd30-5c34-4840-99a1-da8b87d5f229
21:48:08 [allowed] §7Warping...
21:48:09 [allowed] §7Sending to server mini230F...
21:48:10 [allowed] §8 §r§8 §r§1 §r§3 §r§3 §r§7 §r§8 
21:48:11 [allowed] §6§lGROSS! §7While you were offline, §2Pests §7spawned in §aPlots §r§b7§r§7, §r§b4§r§7 and §r§b13§r§r§7!
21:48:11 [allowed] §7Your §r§6☘ Farming Fortune §r§7has been reduced by §r§430%§r§7!
21:48:11 [allowed] §7Click on a plots name in chat to teleport to it!
21:48:12 [allowed] §aYou are playing on profile: §ePineapple§b (Co-op)
21:48:13 [allowed] §8Profile ID: 6accdd30-5c34-4840-99a1-da8b87d5f229
21:49:13 [allowed] §aYour Garden is no longer infested and your §r§6☘ Farming Fortune §r§ahas returned to normal!
21:49:22 [allowed] §aYou summoned your §r§6Mooshroom Cow§r§a!
21:50:28 [allowed] §6[Sacks] §r§a+1§r§e item§r§e.§r§8 (Last 5s.)
21:50:31 [allowed] §6[Bazaar] §r§7Executing instant sell...
21:50:31 [allowed] §6[Bazaar] §r§7Sold §r§a59§r§7x §r§aEnchanted Cocoa Beans §r§7for §r§630,202 coins§r§7!
21:50:31 [allowed] §6[Bazaar] §r§7Sold §r§a1§r§7x §r§aDung §r§7for §r§6130,841 coins§r§7!
21:50:31 [allowed] §6[Bazaar] §r§7Sold §r§a42§r§7x §r§aEnchanted Sugar §r§7for §r§626,107 coins§r§7!
21:50:31 [allowed] §6[Bazaar] §r§7Sold §r§a14§r§7x §r§aEnchanted Pumpkin §r§7for §r§621,543 coins§r§7!
21:50:31 [allowed] §6[Bazaar] §r§7Sold §r§a62§r§7x §r§aEnchanted Cactus Green §r§7for §r§637,293 coins§r§7!
21:50:31 [allowed] §6[Bazaar] §r§7Sold §r§a61§r§7x §r§aEnchanted Nether Wart §r§7for §r§638,436 coins§r§7!
21:50:34 [allowed] §7Warping...
21:50:35 [allowed] §7Sending to server mini72BG...
21:50:35 [allowed] §8 §r§8 §r§1 §r§3 §r§3 §r§7 §r§8 
21:50:38 [allowed] §aYou are playing on profile: §ePineapple§b (Co-op)
21:50:38 [allowed] §8Profile ID: 6accdd30-5c34-4840-99a1-da8b87d5f229
21:50:48 [allowed] §8Withdrawing coins...
21:50:48 [allowed] §aWithdrew §r§648.1M coins§r§a! There's now §r§6192.6M coins §r§aleft in the account!
21:50:52 [allowed] §8Withdrawing coins...
21:50:52 [allowed] §aWithdrew §r§6192.6M coins§r§a! There's now §r§60 coins §r§aleft in the account!
21:50:57 [allowed] §8Withdrawing coins...
21:50:57 [allowed] §aYou have withdrawn §r§640.1M coins§r§a! You now have §r§60 coins §r§ain your account!
21:51:02 [allowed] §7Request join for Hub mini183AJ...
21:51:02 [allowed] §7Sending to server mini183AJ...
21:51:03 [allowed] §8 §r§8 §r§1 §r§3 §r§3 §r§7 §r§8 
21:51:06 [allowed] §aYou are playing on profile: §ePineapple§b (Co-op)
21:51:06 [allowed] §8Profile ID: 6accdd30-5c34-4840-99a1-da8b87d5f229
21:55:02 [allowed] §e[NPC] §6Sirius§f: §rAre you here for the Auction? Only the richest players can enter.
21:55:03 [allowed] §7Signing up to the Dark Auction...
21:55:03 [allowed] §e[NPC] §r§6Sirius§r§f: You signed up for the Auction!
21:55:03 [allowed] §e[NPC] §r§6Sirius§r§f: Wait a bit while other players join...
21:55:12 [allowed] §7Transferring to Dark Auction...
21:55:16 [allowed] §7Sending to server mini5AN...
21:55:17 [allowed] §8 §r§8 §r§1 §r§3 §r§3 §r§7 §r§8 
21:55:18 [allowed] §e[NPC] §6Sirius§f: §r§fCome on down to the basement, the auction is about to begin!
21:55:20 [allowed] §aYou are playing on profile: §ePineapple§b (Co-op)
21:55:20 [allowed] §8Profile ID: 6accdd30-5c34-4840-99a1-da8b87d5f229
21:55:25 [allowed] §8[§r§e83§r§8] §r§b[MVP§d+§b] RezwysWorld§f§r§f: purse check
21:55:29 [allowed] §8[§r§e83§r§8] §r§b[MVP§d+§b] RezwysWorld§f§r§f: 3.9b
21:55:31 [allowed] §8[§r§e92§r§8] §r§b[MVP§c+§b] BLettuce2§f§r§f: 1 gazillion
21:55:32 [allowed] §9§m-----------------------------------------------------
21:55:32 [allowed] §cYou are not in a party and were moved to the ALL channel.
21:55:32 [allowed] §9§m-----------------------------------------------------
21:55:33 [allowed] §8[§r§f67§r§8] §r§7§lᛝ §r§b[MVP§c+§b] republic501st §7♲§f§r§f: 5m lol
21:55:34 [allowed] §8[§r§2166§r§8] §r§7ᛃ §r§b[MVP§r§f+§r§b] Firemage_X§r§f: 651 D:
21:55:35 [allowed] §8[§r§d346§r§8] §r§6ᛃ §r§a[VIP] Darkfire_1§f§r§f: in debt
21:55:36 [allowed] §8[§r§a129§r§8] §r§7§l⸕ §r§a[VIP] oSlick§f§r§f: 2
21:55:40 [allowed] §8[§r§f62§r§8] §r§7Contrller§7§r§7: only 6 m
21:55:42 [allowed] §8[§r§e88§r§8] §r§a[VIP§6+§a] spookyslapzz§f§r§f: 761 b
21:55:42 [allowed] §8[§r§2166§r§8] §r§7⚠ §r§b[MVP§9+§b] snowy_layla§f§r§f: im gonna touch someone
21:55:43 [allowed] §8[§r§2181§r§8] §r§6ௐ §r§a[VIP] kunal5454§f§r§f: 2.5coins
21:55:47 [allowed] §8[§r§2166§r§8] §r§7⚠ §r§b[MVP§9+§b] snowy_layla§f§r§f: 755m
21:55:48 [allowed] §8[§r§e92§r§8] §r§b[MVP§c+§b] BLettuce2§f§r§f: let it be me
21:55:55 [allowed] §e[NPC] §6Sirius§f: §rWelcome to the §5Dark Auction§r! I hope everyone's ready, the first item is about to come out!
21:55:56 [allowed] §8[§r§2166§r§8] §r§7⚠ §r§b[MVP§9+§b] snowy_layla§f§r§f: bet /f add me
21:55:58 [allowed] §8[§r§f67§r§8] §r§7§lᛝ §r§b[MVP§c+§b] republic501st §7♲§f§r§f: lol im not walking out of here with anything but ima try
21:56:01 [allowed] §e[NPC] §6Sirius§f: §rFirst up we have a §d§5Wither Artifact§r, the starting bid is §650,000 Coins§r!
21:56:06 [allowed] §e[NPC] §6Sirius§f: §rThe bidding will start in §b5§r...
21:56:07 [allowed] §e[NPC] §6Sirius§f: §rThe bidding will start in §b4§r...
21:56:08 [allowed] §e[NPC] §6Sirius§f: §rThe bidding will start in §b3§r...
21:56:08 [allowed] §8[§r§b211§r§8] §r§b[MVP] IcyYoungFlo §7♲§f§r§f: snowy flower minion yours this time? lmao
21:56:09 [allowed] §e[NPC] §6Sirius§f: §rThe bidding will start in §b2§r...
21:56:10 [allowed] §e[NPC] §6Sirius§f: §rThe bidding will start in §b1§r...
21:56:10 [allowed] §8[§r§2166§r§8] §r§7⚠ §r§b[MVP§9+§b] snowy_layla§f§r§f: oim tryna walk out with a t1 flower min
21:56:11 [allowed] §e[NPC] §6Sirius§f: §rYou can place your bids now!
21:56:12 [allowed] §8[§r§2166§r§8] §r§7⚠ §r§b[MVP§9+§b] snowy_layla§f§r§f: yes
21:56:12 [allowed] §e[NPC] §6Sirius§f: §r§bDuckHippoton §rplaced a bid of §6420,000 Coins§r!
21:56:12 [allowed] §8[§r§2166§r§8] §r§7⚠ §r§b[MVP§9+§b] snowy_layla§f§r§f: please
21:56:14 [allowed] §e[NPC] §6Sirius§f: §r§7Contrller §rplaced a bid of §61,640,000 Coins§r!
21:56:16 [allowed] §e[NPC] §6Sirius§f: §r§bParisBread_ §rplaced a bid of §64,310,000 Coins§r!
21:56:18 [allowed] §e[NPC] §6Sirius§f: §r§7Contrller §rplaced a bid of §69,030,000 Coins§r!
21:56:20 [allowed] §e[NPC] §6Sirius§f: §r§bRezwysWorld §rplaced a bid of §616,400,000 Coins§r!
21:56:22 [allowed] §e[NPC] §6Sirius§f: §r§bPotatokirby §rplaced a bid of §627,020,000 Coins§r!
21:56:24 [allowed] §e[NPC] §6Sirius§f: §r§bRezwysWorld §rplaced a bid of §641,490,000 Coins§r!
21:56:27 [allowed] §e[NPC] §6Sirius§f: §r§aspookyslapzz §rplaced a bid of §653,610,000 Coins§r!
21:56:27 [allowed] §e[NPC] §6Sirius§f: §r§bParisBread_ §rplaced a bid of §660,410,000 Coins§r!
21:56:29 [allowed] §e[NPC] §6Sirius§f: §r§akunal5454 §rplaced a bid of §684,380,000 Coins§r!
21:56:31 [allowed] §e[NPC] §6Sirius§f: §r§bRezwysWorld §rplaced a bid of §6114,000,000 Coins§r!
21:56:35 [allowed] §e[NPC] §6Sirius§f: §r§akunal5454 §rplaced a bid of §6119,520,000 Coins§r!
21:56:36 [allowed] §8[§r§f67§r§8] §r§7§lᛝ §r§b[MVP§c+§b] republic501st §7♲§f§r§f: lol would it not be cheaper from AH at this point?
21:56:36 [allowed] §e[NPC] §6Sirius§f: §r§bRezwysWorld §rplaced a bid of §6120,955,000 Coins§r!
21:56:37 [allowed] §e[NPC] §6Sirius§f: §r§akunal5454 §rplaced a bid of §6137,235,000 Coins§r!
21:56:38 [allowed] §e[NPC] §6Sirius§f: §r§bRezwysWorld §rplaced a bid of §6138,780,000 Coins§r!
21:56:39 [allowed] §e[NPC] §6Sirius§f: §r§akunal5454 §rplaced a bid of §6141,870,000 Coins§r!
21:56:40 [allowed] §e[NPC] §6Sirius§f: §r§bRezwysWorld §rplaced a bid of §6149,870,000 Coins§r!
21:56:44 [allowed] §e[NPC] §6Sirius§f: §r§akunal5454 §rplaced a bid of §6151,525,000 Coins§r!
21:56:45 [allowed] §e[NPC] §6Sirius§f: §r§bRezwysWorld §rplaced a bid of §6153,180,000 Coins§r!
21:56:47 [allowed] §e[NPC] §6Sirius§f: §r§67l7 §rplaced a bid of §6154,835,000 Coins§r!
21:56:48 [allowed] §e[NPC] §6Sirius§f: §r§bRezwysWorld §rplaced a bid of §6156,490,000 Coins§r!
21:56:51 [allowed] §e[NPC] §6Sirius§f: §r§akunal5454 §rplaced a bid of §6158,205,000 Coins§r!
21:56:51 [allowed] §8[§r§2166§r§8] §r§7⚠ §r§b[MVP§9+§b] snowy_layla§f§r§f: flower minion is not on ah
21:56:54 [allowed] §8[§r§2166§r§8] §r§7⚠ §r§b[MVP§9+§b] snowy_layla§f§r§f: oh wait ****
21:56:55 [allowed] §8[§r§2166§r§8] §r§7⚠ §r§b[MVP§9+§b] snowy_layla§f§r§f: mb
21:56:56 [allowed] §e[NPC] §6Sirius§f: §r§bRezwysWorld §rplaced a bid of §6159,920,000 Coins§r!
21:56:56 [allowed] §8[§r§f67§r§8] §r§7§lᛝ §r§b[MVP§c+§b] republic501st §7♲§f§r§f: wither artifact
21:56:56 [allowed] §8[§r§2166§r§8] §r§7⚠ §r§b[MVP§9+§b] snowy_layla§f§r§f: im slow
21:57:00 [allowed] §8[§r§2166§r§8] §r§7⚠ §r§b[MVP§9+§b] snowy_layla§f§r§f: but no
21:57:04 [allowed] §8[§r§f67§r§8] §r§7§lᛝ §r§b[MVP§c+§b] republic501st §7♲§f§r§f: geez
21:57:04 [allowed] §8[§r§2166§r§8] §r§7⚠ §r§b[MVP§9+§b] snowy_layla§f§r§f: its 163m lbin
21:57:06 [allowed] §e[NPC] §6Sirius§f: §rThe highest bidder was §bRezwysWorld§r with a bid of §6159,920,000 Coins§r!
21:57:09 [allowed] §8[§r§e83§r§8] §r§b[MVP§d+§b] RezwysWorld§f§r§f: thank you
21:57:12 [allowed] §e[NPC] §6Sirius§f: §rNext up we have a §d§f§5Vicious V Book§r, the starting bid is §650,000 Coins§r!
21:57:15 [allowed] §8[§r§e83§r§8] §r§b[MVP§d+§b] RezwysWorld§f§r§f: 3.75b now
21:57:15 [allowed] §8[§r§2166§r§8] §r§7⚠ §r§b[MVP§9+§b] snowy_layla§f§r§f: and its our own fault
21:57:17 [allowed] §e[NPC] §6Sirius§f: §rThe bidding will start in §b5§r...
21:57:18 [allowed] §e[NPC] §6Sirius§f: §rThe bidding will start in §b4§r...
21:57:19 [allowed] §e[NPC] §6Sirius§f: §rThe bidding will start in §b3§r...
21:57:20 [allowed] §e[NPC] §6Sirius§f: §rThe bidding will start in §b2§r...
21:57:21 [allowed] §8[§r§2166§r§8] §r§7⚠ §r§b[MVP§9+§b] snowy_layla§f§r§f: this is mine
21:57:21 [allowed] §e[NPC] §6Sirius§f: §rThe bidding will start in §b1§r...
21:57:22 [allowed] §e[NPC] §6Sirius§f: §rYou can place your bids now!
21:57:24 [allowed] §e[NPC] §6Sirius§f: §r§bRezwysWorld §rplaced a bid of §6420,000 Coins§r!
21:57:26 [allowed] §e[NPC] §6Sirius§f: §r§bDuckHippoton §rplaced a bid of §61,640,000 Coins§r!
21:57:28 [allowed] §e[NPC] §6Sirius§f: §r§7Contrller §rplaced a bid of §64,310,000 Coins§r!
21:57:30 [allowed] §e[NPC] §6Sirius§f: §r§bRezwysWorld §rplaced a bid of §69,030,000 Coins§r!
21:57:31 [allowed] §8[§r§2166§r§8] §r§7⚠ §r§b[MVP§9+§b] snowy_layla§f§r§f: this is not mine
21:57:32 [allowed] §e[NPC] §6Sirius§f: §r§bmushland2323 §rplaced a bid of §616,400,000 Coins§r!
21:57:32 [allowed] §8[§r§f67§r§8] §r§7§lᛝ §r§b[MVP§c+§b] republic501st §7♲§f§r§f: lol can i get a single big?
21:57:34 [allowed] §e[NPC] §6Sirius§f: §r§bRezwysWorld §rplaced a bid of §627,020,000 Coins§r!
21:57:36 [allowed] §e[NPC] §6Sirius§f: §r§bPotatokirby §rplaced a bid of §641,490,000 Coins§r!
21:57:38 [allowed] §8[§r§f67§r§8] §r§7§lᛝ §r§b[MVP§c+§b] republic501st §7♲§f§r§f: bid*
21:57:39 [allowed] §e[NPC] §6Sirius§f: §r§bRezwysWorld §rplaced a bid of §660,410,000 Coins§r!
21:57:41 [allowed] §e[NPC] §6Sirius§f: §r§bPotatokirby §rplaced a bid of §684,380,000 Coins§r!
21:57:44 [allowed] §e[NPC] §6Sirius§f: §r§bRezwysWorld §rplaced a bid of §685,510,000 Coins§r!
21:57:47 [allowed] §e[NPC] §6Sirius§f: §r§bPotatokirby §rplaced a bid of §686,640,000 Coins§r!
21:57:49 [allowed] §e[NPC] §6Sirius§f: §r§bRezwysWorld §rplaced a bid of §687,770,000 Coins§r!
21:57:50 [allowed] §e[NPC] §6Sirius§f: §r§bPotatokirby §rplaced a bid of §690,080,000 Coins§r!
21:57:51 [allowed] §e[NPC] §6Sirius§f: §r§bRezwysWorld §rplaced a bid of §692,440,000 Coins§r!
21:57:52 [allowed] §8[§r§b211§r§8] §r§b[MVP] IcyYoungFlo §7♲§f§r§f: rezywysworld playtime check
21:57:52 [allowed] §e[NPC] §6Sirius§f: §r§bPotatokirby §rplaced a bid of §693,620,000 Coins§r!
21:57:53 [allowed] §e[NPC] §6Sirius§f: §r§bRezwysWorld §rplaced a bid of §698,490,000 Coins§r!
21:57:54 [allowed] §8[§r§2187§r§8] §r§6§lᛝ §r§b[MVP§f+§b] ParisBread_§f§r§f: damn
21:57:54 [allowed] §e[NPC] §6Sirius§f: §r§bPotatokirby §rplaced a bid of §699,720,000 Coins§r!
21:57:55 [allowed] §e[NPC] §6Sirius§f: §r§bRezwysWorld §rplaced a bid of §6100,950,000 Coins§r!
21:57:56 [allowed] §8[§r§f67§r§8] §r§7§lᛝ §r§b[MVP§c+§b] republic501st §7♲§f§r§f: geez this book worth that much?
21:57:57 [allowed] §e[NPC] §6Sirius§f: §r§bPotatokirby §rplaced a bid of §6102,230,000 Coins§r!
21:57:58 [allowed] §e[NPC] §6Sirius§f: §r§bRezwysWorld §rplaced a bid of §6103,510,000 Coins§r!
21:57:59 [allowed] §8[§r§e92§r§8] §r§b[MVP§c+§b] BLettuce2§f§r§f: no lmao
21:58:00 [allowed] §8[§r§f67§r§8] §r§7§lᛝ §r§b[MVP§c+§b] republic501st §7♲§f§r§f: its like 2 extra ferocity
21:58:01 [allowed] §8[§r§2166§r§8] §r§7ᛃ §r§b[MVP§r§f+§r§b] Firemage_X§r§f: like 150m
21:58:02 [allowed] §e[NPC] §6Sirius§f: §r§67l7 §rplaced a bid of §6104,790,000 Coins§r!
21:58:02 [allowed] §e[NPC] §6Sirius§f: §r§bRezwysWorld §rplaced a bid of §6106,070,000 Coins§r!
21:58:03 [allowed] §e[NPC] §6Sirius§f: §r§67l7 §rplaced a bid of §6107,350,000 Coins§r!
21:58:04 [allowed] §e[NPC] §6Sirius§f: §r§bRezwysWorld §rplaced a bid of §6110,010,000 Coins§r!
21:58:05 [allowed] §e[NPC] §6Sirius§f: §r§67l7 §rplaced a bid of §6111,340,000 Coins§r!
21:58:06 [allowed] §8[§r§2166§r§8] §r§7⚠ §r§b[MVP§9+§b] snowy_layla§f§r§f: its 150m
21:58:06 [allowed] §e[NPC] §6Sirius§f: §r§bRezwysWorld §rplaced a bid of §6114,000,000 Coins§r!
21:58:08 [allowed] §e[NPC] §6Sirius§f: §r§67l7 §rplaced a bid of §6115,380,000 Coins§r!
21:58:09 [allowed] §e[NPC] §6Sirius§f: §r§bRezwysWorld §rplaced a bid of §6116,760,000 Coins§r!
21:58:10 [allowed] §e[NPC] §6Sirius§f: §r§67l7 §rplaced a bid of §6118,140,000 Coins§r!
21:58:11 [allowed] §e[NPC] §6Sirius§f: §r§bRezwysWorld §rplaced a bid of §6119,520,000 Coins§r!
21:58:13 [allowed] §8[§r§2166§r§8] §r§7⚠ §r§b[MVP§9+§b] snowy_layla§f§r§f: but its not worth it tbh
21:58:13 [allowed] §e[NPC] §6Sirius§f: §r§67l7 §rplaced a bid of §6120,955,000 Coins§r!
21:58:14 [allowed] §e[NPC] §6Sirius§f: §r§bRezwysWorld §rplaced a bid of §6122,390,000 Coins§r!
21:58:17 [allowed] §e[NPC] §6Sirius§f: §r§67l7 §rplaced a bid of §6123,825,000 Coins§r!
21:58:20 [allowed] §8[§r§f67§r§8] §r§7§lᛝ §r§b[MVP§c+§b] republic501st §7♲§f§r§f: doesnt seem like it
21:58:21 [allowed] §8[§r§2166§r§8] §r§7ᛃ §r§b[MVP§r§f+§r§b] Firemage_X§r§f: 150m for 5 ferocity lmao
21:58:24 [allowed] §8[§r§b211§r§8] §r§b[MVP] IcyYoungFlo §7♲§f§r§f: its semi worth late game
21:58:24 [allowed] §8[§r§2166§r§8] §r§7⚠ §r§b[MVP§9+§b] snowy_layla§f§r§f: fr
21:58:28 [allowed] §e[NPC] §6Sirius§f: §rThe highest bidder was §67l7§r with a bid of §6123,825,000 Coins§r!
21:58:29 [allowed] §8[§r§2166§r§8] §r§7⚠ §r§b[MVP§9+§b] snowy_layla§f§r§f: nah no shot
21:58:30 [allowed] §8[§r§e83§r§8] §r§b[MVP§d+§b] RezwysWorld§f§r§f: L
21:58:33 [allowed] §8[§r§e83§r§8] §r§b[MVP§d+§b] RezwysWorld§f§r§f: i wanted tha shi
21:58:34 [allowed] §e[NPC] §6Sirius§f: §rNext up we have an §d§5Ender Artifact§r, the starting bid is §650,000 Coins§r!
21:58:35 [allowed] §8[§r§a129§r§8] §r§7§l⸕ §r§a[VIP] oSlick§f§r§f: will anyone ever guy that
21:58:36 [allowed] §8[§r§f67§r§8] §r§7§lᛝ §r§b[MVP§c+§b] republic501st §7♲§f§r§f: oooh
21:58:37 [allowed] §8[§r§2166§r§8] §r§7ᛃ §r§b[MVP§r§f+§r§b] Firemage_X§r§f: damn wtf
21:58:39 [allowed] §e[NPC] §6Sirius§f: §rThe bidding will start in §b5§r...
21:58:39 [allowed] §8[§r§a129§r§8] §r§7§l⸕ §r§a[VIP] oSlick§f§r§f: buy
21:58:39 [allowed] §8[§r§2166§r§8] §r§7ᛃ §r§b[MVP§r§f+§r§b] Firemage_X§r§f: 20m profit
21:58:40 [allowed] §e[NPC] §6Sirius§f: §rThe bidding will start in §b4§r...
21:58:41 [allowed] §e[NPC] §6Sirius§f: §rThe bidding will start in §b3§r...
21:58:41 [allowed] §8[§r§b211§r§8] §r§b[MVP] IcyYoungFlo §7♲§f§r§f: it is when u dont have much more dps increases
21:58:42 [allowed] §e[NPC] §6Sirius§f: §rThe bidding will start in §b2§r...
21:58:43 [allowed] §e[NPC] §6Sirius§f: §rThe bidding will start in §b1§r...
21:58:44 [allowed] §e[NPC] §6Sirius§f: §rYou can place your bids now!
21:58:44 [allowed] §8[§r§2166§r§8] §r§7⚠ §r§b[MVP§9+§b] snowy_layla§f§r§f: icy are you nicked
21:58:45 [allowed] §e[NPC] §6Sirius§f: §r§bDuckHippoton §rplaced a bid of §6420,000 Coins§r!
21:58:45 [allowed] §cYou need to bid a higher amount!
21:58:47 [allowed] §e[NPC] §6Sirius§f: §r§brepublic501st §rplaced a bid of §61,640,000 Coins§r!
21:58:47 [allowed] §cYou need to bid a higher amount!
21:58:49 [allowed] §e[NPC] §6Sirius§f: §r§7Contrller §rplaced a bid of §64,310,000 Coins§r!
21:58:51 [allowed] §e[NPC] §6Sirius§f: §r§bDuckHippoton §rplaced a bid of §69,030,000 Coins§r!
21:58:53 [allowed] §e[NPC] §6Sirius§f: §r§blaminack1 §rplaced a bid of §616,400,000 Coins§r!
21:58:53 [allowed] §8[§r§b211§r§8] §r§b[MVP] IcyYoungFlo §7♲§f§r§f: oh u arent to dumb :)
21:58:55 [allowed] §e[NPC] §6Sirius§f: §r§bDuckHippoton §rplaced a bid of §627,020,000 Coins§r!
21:58:57 [allowed] §e[NPC] §6Sirius§f: §r§bParisBread_ §rplaced a bid of §641,490,000 Coins§r!
21:58:57 [allowed] §8[§r§f67§r§8] §r§7§lᛝ §r§b[MVP§c+§b] republic501st §7♲§f§r§f: lol i got a bid on it. i happy
21:58:59 [allowed] §e[NPC] §6Sirius§f: §r§blaminack1 §rplaced a bid of §660,410,000 Coins§r!
21:59:01 [allowed] §e[NPC] §6Sirius§f: §r§bRezwysWorld §rplaced a bid of §684,380,000 Coins§r!
21:59:03 [allowed] §e[NPC] §6Sirius§f: §r§blaminack1 §rplaced a bid of §6114,000,000 Coins§r!
21:59:03 [allowed] §8[§r§2166§r§8] §r§7⚠ §r§b[MVP§9+§b] snowy_layla§f§r§f: lmfao
21:59:05 [allowed] §e[NPC] §6Sirius§f: §r§bRezwysWorld §rplaced a bid of §6149,870,000 Coins§r!
21:59:07 [allowed] §8[§r§2166§r§8] §r§7⚠ §r§b[MVP§9+§b] snowy_layla§f§r§f: whats your ign
21:59:11 [allowed] §e[NPC] §6Sirius§f: §r§67l7 §rplaced a bid of §6151,525,000 Coins§r!
21:59:11 [allowed] §e[NPC] §6Sirius§f: §r§bmushland2323 §rplaced a bid of §6192,590,000 Coins§r!
21:59:13 [allowed] §8[§r§b211§r§8] §r§b[MVP] IcyYoungFlo §7♲§f§r§f: depends
21:59:13 [allowed] §8[§r§a129§r§8] §r§7§l⸕ §r§a[VIP] oSlick§f§r§f: Refraction
21:59:14 [allowed] §8[§r§f67§r§8] §r§7§lᛝ §r§b[MVP§c+§b] republic501st §7♲§f§r§f: had to spam click but i got a single bid on it
21:59:14 [allowed] §e[NPC] §6Sirius§f: §r§67l7 §rplaced a bid of §6194,545,000 Coins§r!
21:59:14 [allowed] §e[NPC] §6Sirius§f: §r§bRezwysWorld §rplaced a bid of §6196,500,000 Coins§r!
21:59:15 [allowed] §e[NPC] §6Sirius§f: §r§67l7 §rplaced a bid of §6198,455,000 Coins§r!
21:59:16 [allowed] §e[NPC] §6Sirius§f: §r§bmushland2323 §rplaced a bid of §6231,685,000 Coins§r!
21:59:17 [allowed] §e[NPC] §6Sirius§f: §r§bRezwysWorld §rplaced a bid of §6236,115,000 Coins§r!
21:59:18 [allowed] §e[NPC] §6Sirius§f: §r§67l7 §rplaced a bid of §6238,330,000 Coins§r!
21:59:18 [allowed] §e[NPC] §6Sirius§f: §r§bmushland2323 §rplaced a bid of §6242,760,000 Coins§r!
21:59:20 [allowed] §8[§r§2166§r§8] §r§7⚠ §r§b[MVP§9+§b] snowy_layla§f§r§f: on what?
21:59:20 [allowed] §8[§r§b211§r§8] §r§b[MVP] IcyYoungFlo §7♲§f§r§f: why u asking xD
21:59:21 [allowed] §e[NPC] §6Sirius§f: §r§bRezwysWorld §rplaced a bid of §6249,600,000 Coins§r!
21:59:22 [allowed] §e[NPC] §6Sirius§f: §r§67l7 §rplaced a bid of §6251,880,000 Coins§r!
21:59:22 [allowed] §e[NPC] §6Sirius§f: §r§bRezwysWorld §rplaced a bid of §6261,280,000 Coins§r!
21:59:23 [allowed] §8[§r§d346§r§8] §r§6ᛃ §r§a[VIP] Darkfire_1§f§r§f: its not rly hard to find out if someones nicked
21:59:25 [allowed] §8[§r§f67§r§8] §r§7§lᛝ §r§b[MVP§c+§b] republic501st §7♲§f§r§f: ender artifact
21:59:25 [allowed] §8[§r§2166§r§8] §r§7⚠ §r§b[MVP§9+§b] snowy_layla§f§r§f: so i can stalk yo
21:59:26 [allowed] §e[NPC] §6Sirius§f: §r§67l7 §rplaced a bid of §6263,630,000 Coins§r!
21:59:27 [allowed] §e[NPC] §6Sirius§f: §r§bRezwysWorld §rplaced a bid of §6273,310,000 Coins§r!
21:59:28 [allowed] §e[NPC] §6Sirius§f: §r§67l7 §rplaced a bid of §6275,730,000 Coins§r!
21:59:28 [allowed] §e[NPC] §6Sirius§f: §r§bRezwysWorld §rplaced a bid of §6285,690,000 Coins§r!
21:59:29 [allowed] §8[§r§2166§r§8] §r§7⚠ §r§b[MVP§9+§b] snowy_layla§f§r§f: u
21:59:29 [allowed] §e[NPC] §6Sirius§f: §r§67l7 §rplaced a bid of §6288,180,000 Coins§r!
21:59:30 [allowed] §e[NPC] §6Sirius§f: §r§bRezwysWorld §rplaced a bid of §6293,300,000 Coins§r!
21:59:31 [allowed] §8[§r§b211§r§8] §r§b[MVP] IcyYoungFlo §7♲§f§r§f: darkfire real
21:59:31 [allowed] §e[NPC] §6Sirius§f: §r§67l7 §rplaced a bid of §6295,860,000 Coins§r!
21:59:32 [allowed] §e[NPC] §6Sirius§f: §r§bRezwysWorld §rplaced a bid of §6300,980,000 Coins§r!
21:59:34 [allowed] §8[§r§b211§r§8] §r§b[MVP] IcyYoungFlo §7♲§f§r§f: gatores
21:59:36 [allowed] §e[NPC] §6Sirius§f: §r§67l7 §rplaced a bid of §6303,610,000 Coins§r!
21:59:36 [allowed] §e[NPC] §6Sirius§f: §r§bRezwysWorld §rplaced a bid of §6306,240,000 Coins§r!
21:59:38 [allowed] §e[NPC] §6Sirius§f: §r§67l7 §rplaced a bid of §6308,870,000 Coins§r!
21:59:38 [allowed] §e[NPC] §6Sirius§f: §r§bRezwysWorld §rplaced a bid of §6311,500,000 Coins§r!
21:59:40 [allowed] §e[NPC] §6Sirius§f: §r§67l7 §rplaced a bid of §6314,205,000 Coins§r!
21:59:40 [allowed] §e[NPC] §6Sirius§f: §r§bRezwysWorld §rplaced a bid of §6316,910,000 Coins§r!
21:59:40 [allowed] §8[§r§2166§r§8] §r§7⚠ §r§b[MVP§9+§b] snowy_layla§f§r§f: cool
21:59:41 [allowed] §e[NPC] §6Sirius§f: §r§67l7 §rplaced a bid of §6319,615,000 Coins§r!
21:59:42 [allowed] §e[NPC] §6Sirius§f: §r§bRezwysWorld §rplaced a bid of §6322,320,000 Coins§r!
21:59:42 [allowed] §e[NPC] §6Sirius§f: §r§67l7 §rplaced a bid of §6325,025,000 Coins§r!
21:59:43 [allowed] §e[NPC] §6Sirius§f: §r§bRezwysWorld §rplaced a bid of §6330,585,000 Coins§r!
21:59:44 [allowed] §8[§r§e92§r§8] §r§b[MVP§c+§b] BLettuce2§f§r§f: yall sirius aint gonna let you hit
21:59:44 [allowed] §e[NPC] §6Sirius§f: §r§67l7 §rplaced a bid of §6333,365,000 Coins§r!
21:59:45 [allowed] §e[NPC] §6Sirius§f: §r§bRezwysWorld §rplaced a bid of §6336,145,000 Coins§r!
21:59:45 [allowed] §8[§r§b211§r§8] §r§b[MVP] IcyYoungFlo §7♲§f§r§f: -----------------------------------------------------Friend request from [MVP+] snowy_layla[ACCEPT] - [DENY] - [BLOCK]-----------------------------------------------------
21:59:46 [allowed] §e[NPC] §6Sirius§f: §r§67l7 §rplaced a bid of §6338,925,000 Coins§r!
21:59:46 [allowed] §e[NPC] §6Sirius§f: §r§bRezwysWorld §rplaced a bid of §6341,780,000 Coins§r!
21:59:46 [allowed] §8[§r§b211§r§8] §r§b[MVP] IcyYoungFlo §7♲§f§r§f: hmm
21:59:47 [allowed] §e[NPC] §6Sirius§f: §r§67l7 §rplaced a bid of §6344,635,000 Coins§r!
21:59:48 [allowed] §e[NPC] §6Sirius§f: §r§bRezwysWorld §rplaced a bid of §6347,490,000 Coins§r!
21:59:49 [allowed] §e[NPC] §6Sirius§f: §r§67l7 §rplaced a bid of §6350,345,000 Coins§r!
21:59:50 [allowed] §e[NPC] §6Sirius§f: §r§bRezwysWorld §rplaced a bid of §6353,200,000 Coins§r!
21:59:51 [allowed] §e[NPC] §6Sirius§f: §r§67l7 §rplaced a bid of §6356,130,000 Coins§r!
21:59:52 [allowed] §e[NPC] §6Sirius§f: §r§bRezwysWorld §rplaced a bid of §6359,060,000 Coins§r!
21:59:52 [allowed] §e[NPC] §6Sirius§f: §r§67l7 §rplaced a bid of §6361,990,000 Coins§r!
21:59:53 [allowed] §e[NPC] §6Sirius§f: §r§bRezwysWorld §rplaced a bid of §6364,920,000 Coins§r!
21:59:53 [allowed] §8[§r§2166§r§8] §r§7⚠ §r§b[MVP§9+§b] snowy_layla§f§r§f: im gonna stalk you anyways dw
21:59:54 [allowed] §e[NPC] §6Sirius§f: §r§67l7 §rplaced a bid of §6367,850,000 Coins§r!
21:59:56 [allowed] §e[NPC] §6Sirius§f: §r§bRezwysWorld §rplaced a bid of §6370,855,000 Coins§r!
21:59:58 [allowed] §e[NPC] §6Sirius§f: §r§67l7 §rplaced a bid of §6373,860,000 Coins§r!
21:59:58 [allowed] §8[§r§2166§r§8] §r§7⚠ §r§b[MVP§9+§b] snowy_layla§f§r§f: (dont block add trust)
21:59:59 [allowed] §e[NPC] §6Sirius§f: §r§bRezwysWorld §rplaced a bid of §6382,955,000 Coins§r!
22:00:09 [allowed] §e[NPC] §6Sirius§f: §rThe highest bidder was §bRezwysWorld§r with a bid of §6382,955,000 Coins§r!
22:00:09 [allowed] §8[§r§b211§r§8] §r§b[MVP] IcyYoungFlo §7♲§f§r§f: idk
22:00:11 [allowed] §8[§r§e83§r§8] §r§b[MVP§d+§b] RezwysWorld§f§r§f: thanks
22:00:15 [allowed] §e[NPC] §6Sirius§f: §rNext up we have a §d§5Hocus-Pocus Cipher§r, the starting bid is §6100,000 Coins§r!
22:00:19 [allowed] §8[§r§2166§r§8] §r§7ᛃ §r§b[MVP§r§f+§r§b] Firemage_X§r§f: tf is thsi
22:00:20 [allowed] §e[NPC] §6Sirius§f: §rThe bidding will start in §b5§r...
22:00:21 [allowed] §e[NPC] §6Sirius§f: §rThe bidding will start in §b4§r...
22:00:22 [allowed] §e[NPC] §6Sirius§f: §rThe bidding will start in §b3§r...
22:00:23 [allowed] §e[NPC] §6Sirius§f: §rThe bidding will start in §b2§r...
22:00:23 [allowed] §8[§r§b211§r§8] §r§b[MVP] IcyYoungFlo §7♲§f§r§f: midas sword @?
22:00:24 [allowed] §e[NPC] §6Sirius§f: §rThe bidding will start in §b1§r...
22:00:25 [allowed] §e[NPC] §6Sirius§f: §rYou can place your bids now!
22:00:26 [allowed] §e[NPC] §6Sirius§f: §r§bPotatokirby §rplaced a bid of §6840,000 Coins§r!
22:00:27 [allowed] §8[§r§f67§r§8] §r§7§lᛝ §r§b[MVP§c+§b] republic501st §7♲§f§r§f: its occured to me everytime they make a 300m bid it comes 300m from their purse. thats insane to make that many
22:00:28 [allowed] §e[NPC] §6Sirius§f: §r§7Contrller §rplaced a bid of §63,280,000 Coins§r!
22:00:30 [allowed] §e[NPC] §6Sirius§f: §r§bPotatokirby §rplaced a bid of §68,620,000 Coins§r!
22:00:33 [allowed] §e[NPC] §6Sirius§f: §r§67l7 §rplaced a bid of §618,060,000 Coins§r!
22:00:35 [allowed] §8[§r§a147§r§8] §r§a[VIP§6+§a] goofydirt §7♲§f§r§f: no
22:00:35 [allowed] §e[NPC] §6Sirius§f: §r§bPotatokirby §rplaced a bid of §632,800,000 Coins§r!
22:00:37 [allowed] §e[NPC] §6Sirius§f: §r§bRezwysWorld §rplaced a bid of §639,940,000 Coins§r!
22:00:37 [allowed] §e[NPC] §6Sirius§f: §r§bPotatokirby §rplaced a bid of §654,040,000 Coins§r!
22:00:39 [allowed] §e[NPC] §6Sirius§f: §r§bRezwysWorld §rplaced a bid of §663,930,000 Coins§r!
22:00:40 [allowed] §e[NPC] §6Sirius§f: §r§67l7 §rplaced a bid of §682,980,000 Coins§r!
22:00:42 [allowed] §8[§r§f67§r§8] §r§7§lᛝ §r§b[MVP§c+§b] republic501st §7♲§f§r§f: rlly?
22:00:43 [allowed] §e[NPC] §6Sirius§f: §r§bRezwysWorld §rplaced a bid of §684,390,000 Coins§r!
22:00:43 [allowed] §8[§r§a147§r§8] §r§a[VIP§6+§a] goofydirt §7♲§f§r§f: when they make a 300m bid then raise it to like 350
22:00:44 [allowed] §e[NPC] §6Sirius§f: §r§67l7 §rplaced a bid of §685,800,000 Coins§r!
22:00:44 [allowed] §aYou earned §r§2111 GEXP §r§afrom playing SkyBlock!
22:00:45 [allowed] §e[NPC] §6Sirius§f: §r§bRezwysWorld §rplaced a bid of §687,210,000 Coins§r!
22:00:46 [allowed] §e[NPC] §6Sirius§f: §r§67l7 §rplaced a bid of §688,620,000 Coins§r!
22:00:46 [allowed] §8[§r§a147§r§8] §r§a[VIP§6+§a] goofydirt §7♲§f§r§f: it just takes 50m
22:00:47 [allowed] §8[§r§f67§r§8] §r§7§lᛝ §r§b[MVP§c+§b] republic501st §7♲§f§r§f: ah k
22:00:50 [allowed] §aYou have placed a bid of §r§690,110,000 Coins§r§a!
22:00:50 [allowed] §e[NPC] §6Sirius§f: §r§bFiremage_X §rplaced a bid of §690,110,000 Coins§r!
22:00:51 [allowed] §e[NPC] §6Sirius§f: §r§67l7 §rplaced a bid of §691,600,000 Coins§r!
22:00:52 [allowed] §aYou have placed a bid of §r§693,090,000 Coins§r§a!
22:00:52 [allowed] §e[NPC] §6Sirius§f: §r§bFiremage_X §rplaced a bid of §693,090,000 Coins§r!
22:00:53 [allowed] §e[NPC] §6Sirius§f: §r§67l7 §rplaced a bid of §694,580,000 Coins§r!
22:00:54 [allowed] §e[NPC] §6Sirius§f: §r§aoSlick §rplaced a bid of §696,070,000 Coins§r!
22:00:54 [allowed] §e[NPC] §6Sirius§f: §r§67l7 §rplaced a bid of §697,640,000 Coins§r!
22:00:55 [allowed] §e[NPC] §6Sirius§f: §r§bPotatokirby §rplaced a bid of §6100,780,000 Coins§r!
22:00:56 [allowed] §8[§r§a147§r§8] §r§a[VIP§6+§a] goofydirt §7♲§f§r§f: why tf would it take the whole value lol
22:00:56 [allowed] §e[NPC] §6Sirius§f: §r§67l7 §rplaced a bid of §6102,350,000 Coins§r!
22:01:00 [allowed] §e[NPC] §6Sirius§f: §r§bPilotMoss §rplaced a bid of §6103,920,000 Coins§r!
22:01:00 [allowed] §8[§r§f67§r§8] §r§7§lᛝ §r§b[MVP§c+§b] republic501st §7♲§f§r§f: i was kinda losing my mind for a second there
22:01:01 [allowed] §e[NPC] §6Sirius§f: §r§67l7 §rplaced a bid of §6105,570,000 Coins§r!
22:01:01 [allowed] §e[NPC] §6Sirius§f: §r§bPilotMoss §rplaced a bid of §6108,870,000 Coins§r!
22:01:03 [allowed] §e[NPC] §6Sirius§f: §r§67l7 §rplaced a bid of §6110,520,000 Coins§r!
22:01:03 [allowed] §e[NPC] §6Sirius§f: §r§bPilotMoss §rplaced a bid of §6113,900,000 Coins§r!
22:01:04 [allowed] §e[NPC] §6Sirius§f: §r§67l7 §rplaced a bid of §6115,630,000 Coins§r!
22:01:05 [allowed] §e[NPC] §6Sirius§f: §r§aoSlick §rplaced a bid of §6117,360,000 Coins§r!
22:01:05 [allowed] §e[NPC] §6Sirius§f: §r§bPilotMoss §rplaced a bid of §6120,820,000 Coins§r!
22:01:07 [allowed] §e[NPC] §6Sirius§f: §r§67l7 §rplaced a bid of §6122,630,000 Coins§r!
22:01:07 [allowed] §e[NPC] §6Sirius§f: §r§bmushland2323 §rplaced a bid of §6168,760,000 Coins§r!
22:01:09 [allowed] §8[§r§e83§r§8] §r§b[MVP§d+§b] RezwysWorld§f§r§f: its 319m
22:01:10 [allowed] §e[NPC] §6Sirius§f: §r§67l7 §rplaced a bid of §6171,020,000 Coins§r!
22:01:11 [allowed] §e[NPC] §6Sirius§f: §r§bmushland2323 §rplaced a bid of §6207,020,000 Coins§r!
22:01:12 [allowed] §e[NPC] §6Sirius§f: §r§67l7 §rplaced a bid of §6209,580,000 Coins§r!
22:01:14 [allowed] §e[NPC] §6Sirius§f: §r§bmushland2323 §rplaced a bid of §6228,000,000 Coins§r!
22:01:17 [allowed] §e[NPC] §6Sirius§f: §r§67l7 §rplaced a bid of §6230,760,000 Coins§r!
22:01:20 [allowed] §8[§r§e83§r§8] §r§b[MVP§d+§b] RezwysWorld§f§r§f: dont go over lol
22:01:20 [allowed] §cThis command is disabled in this area!
22:01:21 [allowed] §e[NPC] §6Sirius§f: §r§bmushland2323 §rplaced a bid of §6239,040,000 Coins§r!
22:01:22 [allowed] §e[NPC] §6Sirius§f: §r§67l7 §rplaced a bid of §6241,910,000 Coins§r!
22:01:26 [allowed] §e[NPC] §6Sirius§f: §r§bPilotMoss §rplaced a bid of §6244,780,000 Coins§r!
22:01:27 [allowed] §f
22:01:27 [allowed] §4[WATCHDOG ANNOUNCEMENT]
22:01:27 [allowed] §fWatchdog has banned §r§c§l9,444§r§f players in the last 7 days.
22:01:27 [allowed] §fStaff have banned an additional §r§c§l9,634§r§f in the last 7 days.
22:01:27 [allowed] §cBlacklisted modifications are a bannable offense!
22:01:27 [allowed] §c
22:01:27 [allowed] §e[NPC] §6Sirius§f: §r§67l7 §rplaced a bid of §6247,650,000 Coins§r!
22:01:28 [allowed] §e[NPC] §6Sirius§f: §r§bPilotMoss §rplaced a bid of §6250,520,000 Coins§r!
22:01:29 [allowed] §e[NPC] §6Sirius§f: §r§67l7 §rplaced a bid of §6253,390,000 Coins§r!
22:01:29 [allowed] §8[§r§2166§r§8] §r§7⚠ §r§b[MVP§9+§b] snowy_layla§f§r§f: lbin 313m?
22:01:29 [allowed] §e[NPC] §6Sirius§f: §r§bPilotMoss §rplaced a bid of §6256,370,000 Coins§r!
22:01:31 [allowed] §e[NPC] §6Sirius§f: §r§67l7 §rplaced a bid of §6259,350,000 Coins§r!
22:01:31 [allowed] §e[NPC] §6Sirius§f: §r§bPilotMoss §rplaced a bid of §6262,330,000 Coins§r!
22:01:32 [allowed] §e[NPC] §6Sirius§f: §r§67l7 §rplaced a bid of §6265,310,000 Coins§r!
22:01:33 [allowed] §e[NPC] §6Sirius§f: §r§bPilotMoss §rplaced a bid of §6268,290,000 Coins§r!
22:01:33 [allowed] §e[NPC] §6Sirius§f: §r§67l7 §rplaced a bid of §6271,380,000 Coins§r!
22:01:33 [allowed] §8[§r§2166§r§8] §r§7ᛃ §r§b[MVP§r§f+§r§b] Firemage_X§r§f: 319
22:01:34 [allowed] §e[NPC] §6Sirius§f: §r§bPilotMoss §rplaced a bid of §6274,470,000 Coins§r!
22:01:35 [allowed] §e[NPC] §6Sirius§f: §r§67l7 §rplaced a bid of §6277,560,000 Coins§r!
22:01:35 [allowed] §e[NPC] §6Sirius§f: §r§bPilotMoss §rplaced a bid of §6280,650,000 Coins§r!
22:01:36 [allowed] §e[NPC] §6Sirius§f: §r§67l7 §rplaced a bid of §6283,740,000 Coins§r!
22:01:36 [allowed] §e[NPC] §6Sirius§f: §r§bPilotMoss §rplaced a bid of §6286,940,000 Coins§r!
22:01:37 [allowed] §e[NPC] §6Sirius§f: §r§67l7 §rplaced a bid of §6290,140,000 Coins§r!
22:01:37 [allowed] §e[NPC] §6Sirius§f: §r§bPilotMoss §rplaced a bid of §6293,340,000 Coins§r!
22:01:38 [allowed] §e[NPC] §6Sirius§f: §r§67l7 §rplaced a bid of §6296,540,000 Coins§r!
22:01:43 [allowed] §8[§r§b211§r§8] §r§b[MVP] IcyYoungFlo §7♲§f§r§f: snowy i should go on my main and then ruin flower minion chance for u?
22:01:46 [allowed] §8[§r§b211§r§8] §r§b[MVP] IcyYoungFlo §7♲§f§r§f: :)
22:01:49 [allowed] §e[NPC] §6Sirius§f: §rThe highest bidder was §67l7§r with a bid of §6296,540,000 Coins§r!
22:01:53 [allowed] §8[§r§e83§r§8] §r§b[MVP§d+§b] RezwysWorld§f§r§f: W
22:01:55 [allowed] §8[§r§a147§r§8] §r§a[VIP§6+§a] goofydirt §7♲§f§r§f: not even a loss fr
22:01:55 [allowed] §8[§r§e83§r§8] §r§b[MVP§d+§b] RezwysWorld§f§r§f: 20m flip
22:01:55 [allowed] §e[NPC] §6Sirius§f: §rNext up we have a §d§9Flower Minion§r, the starting bid is §6100,000 Coins§r!
22:01:58 [allowed] §8[§r§a147§r§8] §r§a[VIP§6+§a] goofydirt §7♲§f§r§f: i want this
22:01:59 [allowed] §8[§r§2166§r§8] §r§7ᛃ §r§b[MVP§r§f+§r§b] Firemage_X§r§f: lemme have pls
22:02:00 [allowed] §e[NPC] §6Sirius§f: §rThe bidding will start in §b5§r...
22:02:01 [allowed] §e[NPC] §6Sirius§f: §rThe bidding will start in §b4§r...
22:02:02 [allowed] §e[NPC] §6Sirius§f: §rThe bidding will start in §b3§r...
22:02:03 [allowed] §8[§r§2166§r§8] §r§7⚠ §r§b[MVP§9+§b] snowy_layla§f§r§f: ITS MINE
22:02:03 [allowed] §e[NPC] §6Sirius§f: §rThe bidding will start in §b2§r...
22:02:04 [allowed] §e[NPC] §6Sirius§f: §rThe bidding will start in §b1§r...
22:02:05 [allowed] §e[NPC] §6Sirius§f: §rYou can place your bids now!
22:02:05 [allowed] §8[§r§2166§r§8] §r§7ᛃ §r§b[MVP§r§f+§r§b] Firemage_X§r§f: nuh uh
22:02:06 [allowed] §e[NPC] §6Sirius§f: §r§brepublic501st §rplaced a bid of §6430,000 Coins§r!
22:02:06 [allowed] §e[NPC] §6Sirius§f: §r§bPotatokirby §rplaced a bid of §6840,000 Coins§r!
22:02:07 [allowed] §8[§r§d346§r§8] §r§6ᛃ §r§a[VIP] Darkfire_1§f§r§f: go 50m
22:02:08 [allowed] §e[NPC] §6Sirius§f: §r§7Contrller §rplaced a bid of §63,280,000 Coins§r!
22:02:10 [allowed] §e[NPC] §6Sirius§f: §r§bsnowy_layla §rplaced a bid of §68,620,000 Coins§r!
22:02:12 [allowed] §8[§r§2166§r§8] §r§7ᛃ §r§b[MVP§r§f+§r§b] Firemage_X§r§f: 50m is wild
22:02:12 [allowed] §e[NPC] §6Sirius§f: §r§bRezwysWorld §rplaced a bid of §618,060,000 Coins§r!
22:02:13 [allowed] §8[§r§3263§r§8] §r§6ௐ §r§a[VIP] Zelsta§f§r§f: time to watch the 1b flower mini lol
22:02:15 [allowed] §e[NPC] §6Sirius§f: §r§bPotatokirby §rplaced a bid of §632,800,000 Coins§r!
22:02:17 [allowed] §e[NPC] §6Sirius§f: §r§67l7 §rplaced a bid of §633,560,000 Coins§r!
22:02:17 [allowed] §e[NPC] §6Sirius§f: §r§bsnowy_layla §rplaced a bid of §654,040,000 Coins§r!
22:02:19 [allowed] §8[§r§2166§r§8] §r§7ᛃ §r§b[MVP§r§f+§r§b] Firemage_X§r§f: aintnoway
22:02:19 [allowed] §e[NPC] §6Sirius§f: §r§bRezwysWorld §rplaced a bid of §656,160,000 Coins§r!
22:02:19 [allowed] §e[NPC] §6Sirius§f: §r§bPotatokirby §rplaced a bid of §682,980,000 Coins§r!
22:02:21 [allowed] §8[§r§2166§r§8] §r§7⚠ §r§b[MVP§9+§b] snowy_layla§f§r§f: IM DONE
22:02:21 [allowed] §8[§r§a147§r§8] §r§a[VIP§6+§a] goofydirt §7♲§f§r§f: ok
22:02:22 [allowed] §8[§r§2166§r§8] §r§7⚠ §r§b[MVP§9+§b] snowy_layla§f§r§f: I AINT PLAYING
22:02:26 [allowed] §8[§r§2166§r§8] §r§7⚠ §r§b[MVP§9+§b] snowy_layla§f§r§f: ******** KIRBY
22:02:27 [allowed] §8[§r§d346§r§8] §r§6ᛃ §r§a[VIP] Darkfire_1§f§r§f: 82 LMAO
22:02:27 [allowed] §8[§r§9298§r§8] §r§b§lᛝ §r§b[MVP§2++§b] 7l7§f§r§f: selling flower minion 45m /p me
22:02:28 [allowed] §8[§r§a147§r§8] §r§a[VIP§6+§a] goofydirt §7♲§f§r§f: not doing 80 for that
22:02:28 [allowed] §8[§r§2166§r§8] §r§7ᛃ §r§b[MVP§r§f+§r§b] Firemage_X§r§f: diabolical
22:02:30 [allowed] §8[§r§b211§r§8] §r§b[MVP] IcyYoungFlo §7♲§f§r§f: 83m wtf
22:02:31 [allowed] §e[NPC] §6Sirius§f: §rThe highest bidder was §bPotatokirby§r with a bid of §682,980,000 Coins§r!
22:02:35 [allowed] §8[§r§a129§r§8] §r§7§l⸕ §r§a[VIP] oSlick§f§r§f: D:
22:02:35 [allowed] §8[§r§2166§r§8] §r§7ᛃ §r§b[MVP§r§f+§r§b] Firemage_X§r§f: overpayed like hell
22:02:36 [allowed] §8[§r§b211§r§8] §r§b[MVP] IcyYoungFlo §7♲§f§r§f: potato u stupid
22:02:37 [allowed] §e[NPC] §6Sirius§f: §rAlright show's over folks! Come back in §b3 nights §rfor the next auction.
22:02:37 [allowed] §e§ka§a>>   §aAchievement Unlocked: §6§r§6Sirius Business§r§a   <<§e§ka
22:02:44 [allowed] §8[§r§f67§r§8] §r§7§lᛝ §r§b[MVP§c+§b] republic501st §7♲§f§r§f: i got one bid on it yay! then all my hopes and dreams were washed away lol
22:02:45 [allowed] §7Sending to server mini65DF...
22:02:47 [allowed] §8 §r§8 §r§1 §r§3 §r§3 §r§7 §r§8 
22:02:47 [allowed] §8[§9304§8] §7§lツ §r§b[MVP§c+§b] Dark_Jayden§f§7 is holding §r§8[§5Fire Freeze Staff§8]
22:02:50 [allowed] §aYou are playing on profile: §ePineapple§b (Co-op)
22:02:50 [allowed] §8Profile ID: 6accdd30-5c34-4840-99a1-da8b87d5f229
22:02:54 [allowed] §8[§r§f62§r§8] §r§7Contrller§7§r§7: wild
22:02:57 [allowed] §8[§r§2166§r§8] §r§7ᛃ §r§b[MVP§r§f+§r§b] Firemage_X§r§f: 83m for a flower minion lmfao
22:03:01 [allowed] §8[§r§b204§r§8] §r§b[MVP] IcyYoungFlo §7♲§f§r§f: is wild
22:03:11 [allowed] §8[§r§b204§r§8] §r§b[MVP] IcyYoungFlo §7♲§f§r§f: avg like 60m at the moment
22:03:16 [allowed] §8[§r§b235§r§8] §r§b[MVP§c+§b] Fhpb§f§r§f: guys do /is rank to check ur island rank, mine is 213
22:03:18 [allowed] §8[§r§2166§r§8] §r§7ᛃ §r§b[MVP§r§f+§r§b] Firemage_X§r§f: 20m overpay lol
22:03:22 [allowed] §7Warping you to your SkyBlock island...
22:03:23 [allowed] §7Sending to server mini75DF...
22:03:23 [allowed] §8 §r§8 §r§1 §r§3 §r§3 §r§7 §r§8 
22:03:23 [allowed] §aWarped from the §r§eTop Floor Teleport Pad§r§a to the §r§dminions Teleport Pad§r§a!
22:03:26 [allowed] §aYou are playing on profile: §ePineapple§b (Co-op)
22:03:26 [allowed] §8Profile ID: 6accdd30-5c34-4840-99a1-da8b87d5f229
22:03:27 [allowed] §c ☠ §r§7You fell into the void§r§7.
22:03:27 [allowed] §aWarped from the §r§eTop Floor Teleport Pad§r§a to the §r§dminions Teleport Pad§r§a!
22:03:30 [allowed] §7Warping...
22:03:30 [allowed] §7Sending to server mini193BW...
22:03:31 [allowed] §8 §r§8 §r§1 §r§3 §r§3 §r§7 §r§8 
22:03:33 [allowed] §cYou are sending commands too fast! Please slow down.
22:03:34 [allowed] §aYou are playing on profile: §ePineapple§b (Co-op)
22:03:34 [allowed] §8Profile ID: 6accdd30-5c34-4840-99a1-da8b87d5f229
22:03:56 [allowed] §8Depositing coins...
22:03:56 [allowed] §aDeposited §r§6240M coins§r§a! There's now §r§6240M coins §r§ain the account!
22:04:01 [allowed] §8Withdrawing coins...
22:04:01 [allowed] §cYou don't have any Coins in your bank account!
22:04:06 [allowed] §8[§r§a148§r§8] §r§7✿ §r§b[MVP§9+§b] ANT_POTTER§f§r§f: [Sacks] -392,415 items. (Last 5s.)
22:04:11 [allowed] §8Depositing coins...
22:04:11 [allowed] §aYou have deposited §r§640M coins§r§a! You now have §r§640M coins §r§ain your account!
22:04:17 [allowed] §6[Bazaar] §r§7Claiming orders...
22:04:17 [allowed] §6[Bazaar] §r§7§r§7Claimed §r§62,926.1 coins §r§7from selling §r§a1§r§7x §r§fTurbo-Mushrooms I §r§7at §r§62,959.4 §r§7each!
22:04:19 [allowed] §8[§r§a148§r§8] §r§7✿ §r§b[MVP§9+§b] ANT_POTTER§f§r§f: :P
22:04:52 [allowed] §c ☠ §r§7§r§7kavanaaa§r§7 was killed by Sven Packmaster§r§7§r§7.
22:07:20 [allowed] §aYou earned §r§2156 GEXP §r§afrom playing SkyBlock!
22:10:38 [allowed] §8[§r§72§r§8] §r§7Sexy_Monkey1243§7§r§7: can we get sugar cane or i need to buy it?
22:10:48 [allowed] §8[§r§a158§r§8] §r§7Nertam§7§r§7: farming island
22:10:54 [allowed] §8[§r§a158§r§8] §r§7Nertam§7§r§7: the desert one
22:10:55 [allowed] §7Putting coins in escrow...
22:10:55 [allowed] §7Processing purchase...
22:10:55 [allowed] §eYou purchased §r§f§r§f§r§c§r§5Purple Crab Hat of Celebration §r§efor §r§619,000,000 coins§r§e!
22:10:55 [allowed] §7Claiming BIN auction...
22:10:55 [allowed] §eYou claimed §r§f§r§c§r§5Purple Crab Hat of Celebration §r§efrom §r§a[VIP] NoahMacThugNeil§r§e's auction!
22:11:14 [allowed] §8[§r§72§r§8] §r§7Sexy_Monkey1243§7§r§7: how to i get there?
22:11:14 [allowed] §e[NPC] Jacobus§f: §rAn investment in knowledge pays the best interest.
22:11:15 [allowed] §e[NPC] Jacobus§f: §rEmpty pockets never held anyone back. Only empty heads and empty hearts can do that.
22:11:18 [allowed] §eUpgraded accessory bag size by §r§6+2 Slots §r§efor §r§68,000,000 Coins§r§e!
22:11:23 [allowed] §cYou cannot put this item in the Accessory Bag!
22:11:24 [allowed] §8[§r§a158§r§8] §r§7Nertam§7§r§7: from the farming islands
22:12:25 [allowed] §aYou earned §r§2136 GEXP §r§afrom playing SkyBlock!
22:12:36 [allowed] §7Sending to server mini72DW...
22:12:36 [allowed] §8 §r§8 §r§1 §r§3 §r§3 §r§7 §r§8 
22:12:39 [allowed] §aYou are playing on profile: §ePineapple§b (Co-op)
22:12:39 [allowed] §8Profile ID: 6accdd30-5c34-4840-99a1-da8b87d5f229
22:13:25 [allowed] §2Guild > §r§bcreeperXP §r§eleft.
22:13:33 [allowed] §f §r§r§r§f §r§r§r§1 §r§r§r§0 §r§r§r§2 §r§r§r§f §r§r§r§f §r§r§r§2 §r§r§r§0 §r§r§r§4 §r§r§r§3 §r§r§r§9 §r§r§r§2 §r§r§r§0 §r§r§r§0 §r§r§r§3 §r§r§r§9 §r§r§r§2 §r§r§r§0 §r§r§r§0 §r§r§r§3 §r§r§r§9 §r§r§r§2 §r§r§r§0 §r§r§r§0 
22:13:33 [allowed] §b[MVP§f+§b] Firemage_X§f §6joined the lobby!
22:13:33 [allowed] §aYou have §b21 §aunclaimed leveling rewards!
22:13:33 [allowed] §eClick here to view them!
22:13:33 [allowed] §aYou have §68 §aunclaimed achievement rewards!
22:13:33 [allowed] §eClick here to view them!
22:13:35 [allowed] §7Sending to server mini72DW...
22:13:36 [allowed] §8 §r§8 §r§1 §r§3 §r§3 §r§7 §r§8 
22:13:38 [allowed] 
22:13:38 [allowed] §eWelcome to §r§aHypixel SkyBlock§r§e!
22:13:38 [allowed] 
22:13:38 [allowed] §eLatest update: §bSkyBlock v0.20.8 §e§lCLICK
22:13:38 [allowed] §7Warping...
22:13:39 [allowed] §7Sending to server mini143DB...
22:13:39 [allowed] §8 §r§8 §r§1 §r§3 §r§3 §r§7 §r§8 
22:13:42 [allowed] §aYou are playing on profile: §ePineapple§b (Co-op)
22:13:42 [allowed] §8Profile ID: 6accdd30-5c34-4840-99a1-da8b87d5f229
22:13:45 [allowed] §aTeleported you to §r§aThe Barn§r§a!
22:14:30 [allowed] §6[Bazaar] §r§7Executing instant buy...
22:14:30 [allowed] §6[Bazaar] §r§7Bought §r§a463§r§7x §r§aEnchanted Carrot §r§7for §r§6276,411 coins§r§7!
22:14:36 [allowed] §6[Bazaar] §r§7Executing instant buy...
22:14:36 [allowed] §6[Bazaar] §r§7Bought §r§a1§r§7x §r§9Enchanted Cactus §r§7for §r§6113,493 coins§r§7!
22:14:36 [allowed] §6[Bazaar] §r§7Executing instant buy...
22:14:36 [allowed] §6[Bazaar] §r§7Bought §r§a1§r§7x §r§9Enchanted Cactus §r§7for §r§6113,493 coins§r§7!
22:14:46 [allowed] §6[Bazaar] §r§7Executing instant buy...
22:14:46 [allowed] §6[Bazaar] §r§7Bought §r§a182§r§7x §r§aEnchanted Wheat §r§7for §r§6181,454 coins§r§7!
22:14:49 [allowed] §6§lOFFER ACCEPTED §r§8with §r§aEmissary Wilson §r§8(§r§a§lUNCOMMON§r§8)
22:14:49 [allowed] 
22:14:49 [allowed]   §r§a§lREWARDS
22:14:49 [allowed]     §r§8+§r§215 §r§7Garden Experience
22:14:49 [allowed]     §r§8+§r§314.8k §r§7Farming XP
22:14:49 [allowed]     §r§8+§r§c14 Copper
22:14:49 [allowed]     §r§7§8+§d988 Gemstone Powder
22:14:49 [allowed] 
22:14:51 [allowed] §6§lOFFER ACCEPTED §r§8with §r§aLeo §r§8(§r§a§lUNCOMMON§r§8)
22:14:51 [allowed] 
22:14:51 [allowed]   §r§a§lREWARDS
22:14:51 [allowed]     §r§8+§r§215 §r§7Garden Experience
22:14:51 [allowed]     §r§8+§r§35.4k §r§7Farming XP
22:14:51 [allowed]     §r§8+§r§c24 Copper
22:14:51 [allowed] 
22:14:54 [allowed] §6§lOFFER ACCEPTED §r§8with §r§aJacob §r§8(§r§a§lUNCOMMON§r§8)
22:14:54 [allowed] 
22:14:54 [allowed]   §r§a§lREWARDS
22:14:54 [allowed]     §r§8+§r§215 §r§7Garden Experience
22:14:54 [allowed]     §r§8+§r§35.8k §r§7Farming XP
22:14:54 [allowed]     §r§8+§r§c19 Copper
22:14:54 [allowed]     §r§7§aJacob's Ticket
22:14:54 [allowed] 
22:14:59 [allowed] §6[Bazaar] §r§7Executing instant sell...
22:15:00 [allowed] §6[Bazaar] §r§7Sold §r§a1§r§7x §r§aJacob's Ticket §r§7for §r§617,422 coins§r§7!
22:15:06 [allowed] §e[NPC] Jacob§f: §rMy contest has started!
22:15:08 [allowed] §e[NPC] Jacob§f: §r§eFinnegan §fis forcing me to be more lenient with rankings...
22:15:12 [allowed] §e[NPC] Jacob§f: §rYour §9Anita's Artifact §fis giving you §6+25☘ Nether Wart Fortune §fduring the contest!
22:15:51 [allowed] §7Putting item in escrow...
22:15:51 [allowed] §7Setting up the auction...
22:15:51 [allowed] §b-----------------------------------------------------
22:15:51 [allowed] §b[MVP§r§f+§r§b] Firemage_X§r§f §r§ecreated a BIN auction for §r§6Terror Boots §r§eat §r§6799,000 coins!
22:15:51 [allowed] §b-----------------------------------------------------
22:15:51 [allowed] §eBIN Auction started for §r§f§r§6Terror Boots§r§e!
22:18:40 [allowed] §aYou earned §r§2265 GEXP §r§afrom playing SkyBlock!
22:24:17 [allowed] §aFriend > §r§aSleepyboy09 §r§ejoined.
