21:48:02 [SKYMALL] §bNew day! §r§eYour §r§2Sky Mall §r§ebuff changed!
21:48:02 [SKYMALL] §eNew buff§r§r§r: §r§f§r§a-20%§r§f Pickaxe Ability cooldowns.
21:48:02 [SKYMALL] §8§oYou can disable this messaging by toggling Sky Mall in your /hotm!
21:48:46 [PEST_DROP] §eYou received §a14x Enchanted Pumpkin §efor killing a §2Rat§e!
21:49:00 [PEST_DROP] §eYou received §a30x Enchanted Cactus Green §efor killing a §2Mite§e!
21:49:13 [PEST_DROP] §eYou received §a32x Enchanted Cactus Green §efor killing a §2Mite§e!
21:49:48 [PEST_DROP] §eYou received §a61x Enchanted Nether Wart §efor killing a §2Beetle§e!
21:50:04 [PEST_DROP] §eYou received §a59x Enchanted Cocoa Beans §efor killing a §2Moth§e!
21:50:22 [PEST_DROP] §eYou received §a42x Enchanted Sugar §efor killing a §2Mosquito§e!
21:55:01 [SKYMALL] §bNew day! §r§eYour §r§2Sky Mall §r§ebuff changed!
21:55:01 [SKYMALL] §eNew buff§r§r§r: §r§f§r§a-20%§r§f Pickaxe Ability cooldowns.
21:55:01 [SKYMALL] §8§oYou can disable this messaging by toggling Sky Mall in your /hotm!
22:13:49 [GARDEN_VISITOR_MESSAGE] §e[NPC] §aEmissary Wilson§f: §r§fThe King's least favorite vegetable is carrot, so he sent me, his favorite emissary, to make it better!
22:13:52 [GARDEN_VISITOR_MESSAGE] §e[NPC] §aJamie§f: §r§fYou might have noticed that you can purchase additional plots within your Desk in the Barn!
22:13:56 [GARDEN_VISITOR_MESSAGE] §e[NPC] §aJamie§f: §r§fNo worries.
22:13:57 [GARDEN_VISITOR_MESSAGE] §e[NPC] §aLeo§f: §r§fSadly you can't gather logs in the §aThe Garden§f, however there are plenty of crops here!
22:14:00 [NEW_VISITOR_ARRIVED] §a§r§aXalx §r§ehas arrived on your §r§aGarden§r§e!
22:14:03 [GARDEN_VISITOR_MESSAGE] §e[NPC] §aJacob§f: §r§fHowdy! Fine barn ye got there eh? Good lad, you think ye could get me some wheat, eh?
22:14:07 [GARDEN_VISITOR_MESSAGE] §e[NPC] §9Puzzler§f: §r§f§d▲§2▼§ftriangle§2▼§d▶§5▲§ffood§3◀§5▲
22:14:11 [GARDEN_VISITOR_MESSAGE] §e[NPC] §9Puzzler§f: §r§f§c╳ §f(ノಠ益ಠ)ノ彡┻━┻
22:14:12 [GARDEN_VISITOR_MESSAGE] §e[NPC] §aXalx§f: §r§fHello gardener, I've been looking for some sugar to grow my new crop. Wanna try it?
22:14:19 [GARDEN_VISITOR_MESSAGE] §e[NPC] §aXalx§f: §r§fSmart choice.
22:14:49 [GARDEN_VISITOR_MESSAGE] §e[NPC] §aEmissary Wilson§f: §r§fI'm sure that by giving him his least favorite vegetable, he'll make me his favoritest emissary!
22:14:51 [GARDEN_VISITOR_MESSAGE] §e[NPC] §aLeo§f: §r§fUntil next time!
22:14:54 [GARDEN_VISITOR_MESSAGE] §e[NPC] §aJacob§f: §r§fThanks a lot matey. That'll help ye prepare my next farming contest eh?
22:15:02 [SKYMALL] §bNew day! §r§eYour §r§2Sky Mall §r§ebuff changed!
22:15:02 [SKYMALL] §eNew buff§r§r§r: §r§fGain §r§a+15% §r§fmore Powder while mining.
22:15:02 [SKYMALL] §8§oYou can disable this messaging by toggling Sky Mall in your /hotm!
