09:41:12 OptiFine ConnectedTextures
09:41:12 OptiFine ConnectedTextures
09:41:12 OptiFine ConnectedTextures
09:41:12 OptiFine ConnectedTextures
09:41:12 OptiFine ConnectedTextures
09:41:12 OptiFine ConnectedTextures
09:41:12 OptiFine ConnectedTextures
09:41:12 OptiFine ConnectedTextures
09:41:12 OptiFine ConnectedTextures
09:41:12 OptiFine ConnectedTextures
09:41:12 OptiFine ConnectedTextures
09:41:12 OptiFine ConnectedTextures
09:41:12 OptiFine ConnectedTextures
09:41:12 OptiFine ConnectedTextures
09:41:12 OptiFine ConnectedTextures
09:41:12 OptiFine ConnectedTextures
09:41:12 OptiFine ConnectedTextures
09:41:12 OptiFine ConnectedTextures
09:41:12 OptiFine ConnectedTextures
09:41:12 OptiFine ConnectedTextures
09:41:12 OptiFine ConnectedTextures
09:41:12 OptiFine ConnectedTextures
09:41:12 OptiFine ConnectedTextures
09:41:12 OptiFine ConnectedTextures
09:41:12 OptiFine ConnectedTextures
09:41:12 OptiFine ConnectedTextures
09:41:12 OptiFine ConnectedTextures
09:41:12 OptiFine ConnectedTextures
09:41:12 OptiFine ConnectedTextures
09:41:12 OptiFine ConnectedTextures
09:41:12 OptiFine ConnectedTextures
09:41:12 OptiFine ConnectedTextures
09:41:12 OptiFine ConnectedTextures
09:41:12 OptiFine ConnectedTextures
09:41:12 OptiFine ConnectedTextures
09:41:12 OptiFine ConnectedTextures
09:41:12 OptiFine ConnectedTextures
09:41:12 OptiFine ConnectedTextures
09:41:12 OptiFine ConnectedTextures
09:41:12 OptiFine ConnectedTextures
09:41:12 OptiFine ConnectedTextures
09:41:12 OptiFine ConnectedTextures
09:41:12 OptiFine ConnectedTextures
09:41:12 OptiFine ConnectedTextures
09:41:12 OptiFine ConnectedTextures
09:41:12 OptiFine ConnectedTextures
09:41:12 OptiFine ConnectedTextures
09:41:12 OptiFine ConnectedTextures
09:41:12 OptiFine ConnectedTextures
09:41:12 OptiFine ConnectedTextures
09:41:12 OptiFine ConnectedTextures
09:41:12 OptiFine ConnectedTextures
09:41:12 OptiFine ConnectedTextures
09:41:12 OptiFine ConnectedTextures
09:41:12 OptiFine ConnectedTextures
09:41:12 OptiFine ConnectedTextures
09:41:12 OptiFine ConnectedTextures
09:41:12 OptiFine ConnectedTextures
09:41:12 OptiFine ConnectedTextures
09:41:12 OptiFine ConnectedTextures
09:41:12 OptiFine ConnectedTextures
09:41:12 OptiFine ConnectedTextures
09:41:12 OptiFine ConnectedTextures
09:41:12 OptiFine ConnectedTextures
09:41:12 OptiFine ConnectedTextures
09:41:12 OptiFine ConnectedTextures
09:41:12 OptiFine ConnectedTextures
09:41:16 AsmHelper Transforming
09:46:05 AsmHelper Transforming
09:46:05 AsmHelper Applying AsmWriter
11:06:53 Biome ID bounds
11:06:53 Biome ID bounds
11:06:53 Biome ID bounds
11:06:53 Biome ID bounds
11:06:53 Biome ID bounds
11:06:53 Biome ID bounds
11:06:53 Biome ID bounds
11:06:53 Biome ID bounds
11:06:53 Biome ID bounds
11:21:43 Grow BufferBuilder buffer
11:21:43 Grow BufferBuilder buffer
11:21:43 Grow BufferBuilder buffer
11:21:43 Grow BufferBuilder buffer
11:21:43 Grow BufferBuilder buffer
11:21:45 Grow BufferBuilder buffer
11:21:45 Grow BufferBuilder buffer
11:21:45 Grow BufferBuilder buffer
11:21:45 Grow BufferBuilder buffer
11:21:46 Grow BufferBuilder buffer
11:21:46 Grow BufferBuilder buffer
11:21:46 Grow BufferBuilder buffer
11:21:46 Grow BufferBuilder buffer
11:21:46 Grow BufferBuilder buffer
11:21:46 Grow BufferBuilder buffer
11:21:46 Grow BufferBuilder buffer
11:21:46 Grow BufferBuilder buffer
11:21:47 Grow BufferBuilder buffer
11:21:47 Grow BufferBuilder buffer
11:21:47 Grow BufferBuilder buffer
11:21:47 Grow BufferBuilder buffer
11:21:47 Grow BufferBuilder buffer
11:21:48 Grow BufferBuilder buffer
11:21:54 Grow BufferBuilder buffer
11:21:54 Grow BufferBuilder buffer
11:21:54 Grow BufferBuilder buffer
11:21:54 Grow BufferBuilder buffer
11:21:54 Grow BufferBuilder buffer
11:21:54 Grow BufferBuilder buffer
11:21:55 Grow BufferBuilder buffer
11:21:55 Grow BufferBuilder buffer
11:21:55 Grow BufferBuilder buffer
11:21:55 Grow BufferBuilder buffer
11:21:55 Grow BufferBuilder buffer
11:21:55 Grow BufferBuilder buffer
11:21:55 Grow BufferBuilder buffer
11:21:55 Grow BufferBuilder buffer
11:21:55 Grow BufferBuilder buffer
11:21:55 Grow BufferBuilder buffer
11:21:55 Grow BufferBuilder buffer
11:21:59 Grow BufferBuilder buffer
11:21:59 Grow BufferBuilder buffer
11:21:59 Grow BufferBuilder buffer
11:21:59 Grow BufferBuilder buffer
11:21:59 Grow BufferBuilder buffer
11:21:59 Grow BufferBuilder buffer
11:21:59 Grow BufferBuilder buffer
11:21:59 Grow BufferBuilder buffer
11:21:59 Grow BufferBuilder buffer
11:21:59 Grow BufferBuilder buffer
11:21:59 Grow BufferBuilder buffer
11:21:59 Grow BufferBuilder buffer
11:21:59 Grow BufferBuilder buffer
11:21:59 Grow BufferBuilder buffer
11:21:59 Grow BufferBuilder buffer
11:21:59 Grow BufferBuilder buffer
