09:53:52 [allowed] §f §r§r§r§f §r§r§r§1 §r§r§r§0 §r§r§r§2 §r§r§r§f §r§r§r§f §r§r§r§2 §r§r§r§0 §r§r§r§4 §r§r§r§3 §r§r§r§9 §r§r§r§2 §r§r§r§0 §r§r§r§0 §r§r§r§3 §r§r§r§9 §r§r§r§2 §r§r§r§0 §r§r§r§0 §r§r§r§3 §r§r§r§9 §r§r§r§2 §r§r§r§0 §r§r§r§0 
09:53:52 [allowed] §b[MVP§f+§b] Firemage_X§f §6joined the lobby!
09:53:52 [allowed] §aYou have §b20 §aunclaimed leveling rewards!
09:53:52 [allowed] §eClick here to view them!
09:53:52 [allowed] §aYou have §67 §aunclaimed achievement rewards!
09:53:52 [allowed] §eClick here to view them!
09:54:08 [allowed] §b[MVP§c+§b] AntMan87§f §6joined the lobby!
09:54:09 [allowed] §b[MVP§c+§b] Phillip_BS§f §6joined the lobby!
09:54:14 [allowed] §7Sending to server mini100AJ...
09:54:15 [allowed] §8 §r§8 §r§1 §r§3 §r§3 §r§7 §r§8 
09:54:17 [allowed] 
09:54:17 [allowed] §eWelcome to §r§aHypixel SkyBlock§r§e!
09:54:17 [allowed] 
09:54:17 [allowed] §eLatest update: §bSkyBlock v0.20.8 §e§lCLICK
09:54:18 [allowed] §aYou are playing on profile: §ePineapple§b (Co-op)
09:54:18 [allowed] §8Profile ID: 6accdd30-5c34-4840-99a1-da8b87d5f229
09:54:19 [allowed] §6§lALLOWANCE! §r§eYou earned §r§650,000 coins§r§e!
09:54:20 [SKYMALL] §bNew day! §r§eYour §r§2Sky Mall §r§ebuff changed!
09:54:20 [SKYMALL] §eNew buff§r§r§r: §r§fGain §r§6+100⸕ Mining Speed§r§f.
09:54:20 [SKYMALL] §8§oYou can disable this messaging by toggling Sky Mall in your /hotm!
09:54:25 [allowed] §b-----------------------------------------------------
09:54:25 [allowed] §b[MVP§r§f+§r§b] Firemage_X§r§f §r§ecollected an auction for §r§6689,000 coins§r§e!
09:54:25 [allowed] §b-----------------------------------------------------
09:54:25 [allowed] §eYou collected §r§6689,000 coins §r§efrom selling §r§f§r§cKat Flower §r§eto §r§a[VIP] Exploting_ocelot §r§ein an auction!
09:54:25 [allowed] §b-----------------------------------------------------
09:54:25 [allowed] §b[MVP§r§f+§r§b] Firemage_X§r§f §r§ecollected an auction for §r§6689,000 coins§r§e!
09:54:25 [allowed] §b-----------------------------------------------------
09:54:25 [allowed] §b-----------------------------------------------------
09:54:25 [allowed] §b[MVP§r§f+§r§b] Firemage_X§r§f §r§ecollected an auction for §r§6689,000 coins§r§e!
09:54:25 [allowed] §b-----------------------------------------------------
09:54:25 [allowed] §eYou collected §r§6689,000 coins §r§efrom selling §r§f§r§cKat Flower §r§eto §r§b[MVP§r§c+§r§b] Brogle21 §r§ein an auction!
09:54:25 [allowed] §eYou collected §r§6689,000 coins §r§efrom selling §r§f§r§cKat Flower §r§eto §r§b[MVP§r§c+§r§b] FakeFada §r§ein an auction!
09:54:25 [allowed] §b-----------------------------------------------------
09:54:25 [allowed] §b[MVP§r§f+§r§b] Firemage_X§r§f §r§ecollected an auction for §r§6689,000 coins§r§e!
09:54:25 [allowed] §b-----------------------------------------------------
09:54:25 [allowed] §b-----------------------------------------------------
09:54:25 [allowed] §b[MVP§r§f+§r§b] Firemage_X§r§f §r§ecollected an auction for §r§6689,000 coins§r§e!
09:54:25 [allowed] §b-----------------------------------------------------
09:54:25 [allowed] §eYou collected §r§6689,000 coins §r§efrom selling §r§f§r§cKat Flower §r§eto §r§a[VIP] YetiSoldier §r§ein an auction!
09:54:25 [allowed] §eYou collected §r§6689,000 coins §r§efrom selling §r§f§r§cKat Flower §r§eto §r§b[MVP§r§4+§r§b] Sungge §r§ein an auction!
09:54:25 [allowed] §b-----------------------------------------------------
09:54:25 [allowed] §b[MVP§r§f+§r§b] Firemage_X§r§f §r§ecollected an auction for §r§6689,000 coins§r§e!
09:54:25 [allowed] §b-----------------------------------------------------
09:54:25 [allowed] §eYou collected §r§6689,000 coins §r§efrom selling §r§f§r§cKat Flower §r§eto §r§a[VIP] Exploting_ocelot §r§ein an auction!
09:54:25 [allowed] §b-----------------------------------------------------
09:54:25 [allowed] §b[MVP§r§f+§r§b] Firemage_X§r§f §r§ecollected an auction for §r§6689,000 coins§r§e!
09:54:25 [allowed] §b-----------------------------------------------------
09:54:25 [allowed] §eYou collected §r§6689,000 coins §r§efrom selling §r§f§r§cKat Flower §r§eto §r§a[VIP] YetiSoldier §r§ein an auction!
09:54:25 [allowed] §b-----------------------------------------------------
09:54:25 [allowed] §b[MVP§r§f+§r§b] Firemage_X§r§f §r§ecollected an auction for §r§6689,000 coins§r§e!
09:54:25 [allowed] §b-----------------------------------------------------
09:54:25 [allowed] §eYou collected §r§6689,000 coins §r§efrom selling §r§f§r§cKat Flower §r§eto §r§a[VIP] Exploting_ocelot §r§ein an auction!
09:54:25 [allowed] §eYou collected §r§61,662,210 coins §r§efrom selling §r§f§r§cMatriarch's Perfume §r§eto §r§b[MVP§r§9+§r§b] BIGPEG §r§ein an auction!
09:54:25 [allowed] §b-----------------------------------------------------
09:54:25 [allowed] §b[MVP§r§f+§r§b] Firemage_X§r§f §r§ecollected an auction for §r§61,662,210 coins§r§e!
09:54:25 [allowed] §b-----------------------------------------------------
09:54:25 [allowed] §eYou collected §r§61,662,210 coins §r§efrom selling §r§f§r§cMatriarch's Perfume §r§eto §r§b[MVP§r§c+§r§b] ThaMeowster §r§ein an auction!
09:54:25 [allowed] §b-----------------------------------------------------
09:54:25 [allowed] §b[MVP§r§f+§r§b] Firemage_X§r§f §r§ecollected an auction for §r§61,662,210 coins§r§e!
09:54:25 [allowed] §b-----------------------------------------------------
09:54:25 [allowed] §b-----------------------------------------------------
09:54:25 [allowed] §b[MVP§r§f+§r§b] Firemage_X§r§f §r§ecollected an auction for §r§61,662,210 coins§r§e!
09:54:25 [allowed] §b-----------------------------------------------------
09:54:25 [allowed] §eYou collected §r§61,662,210 coins §r§efrom selling §r§f§r§cMatriarch's Perfume §r§eto §r§b[MVP§r§9+§r§b] BIGPEG §r§ein an auction!
09:54:25 [allowed] §b-----------------------------------------------------
09:54:25 [allowed] §b[MVP§r§f+§r§b] Firemage_X§r§f §r§ecollected an auction for §r§61,662,210 coins§r§e!
09:54:25 [allowed] §b-----------------------------------------------------
09:54:25 [allowed] §eYou collected §r§61,662,210 coins §r§efrom selling §r§f§r§cMatriarch's Perfume §r§eto §r§b[MVP§r§c+§r§b] ThaMeowster §r§ein an auction!
09:54:25 [allowed] §7Wait a moment...
09:54:26 [allowed] §b-----------------------------------------------------
09:54:26 [allowed] §b[MVP§r§f+§r§b] Firemage_X§r§f §r§ecollected an auction for §r§61,662,210 coins§r§e!
09:54:26 [allowed] §b-----------------------------------------------------
09:54:26 [allowed] §b-----------------------------------------------------
09:54:26 [allowed] §b[MVP§r§f+§r§b] Firemage_X§r§f §r§ecollected an auction for §r§61,662,210 coins§r§e!
09:54:26 [allowed] §b-----------------------------------------------------
09:54:26 [allowed] §eYou collected §r§61,662,210 coins §r§efrom selling §r§f§r§cMatriarch's Perfume §r§eto §r§a[VIP] Twilight_90 §r§ein an auction!
09:54:26 [allowed] §eYou collected §r§61,662,210 coins §r§efrom selling §r§f§r§cMatriarch's Perfume §r§eto §r§a[VIP§r§6+§r§a] RisenPhoenixx §r§ein an auction!
09:54:35 [allowed] §8Depositing coins...
09:54:35 [allowed] §aDeposited §r§615.5M coins§r§a! There's now §r§651.8M coins §r§ain the account!
09:54:43 [allowed] §6[Bazaar] §r§7Claiming orders...
09:54:43 [allowed] §6[Bazaar] §r§7§r§7Claimed §r§657,348 coins §r§7from selling §r§a1§r§7x §r§fRejuvenate II §r§7at §r§658,000 §r§7each!
09:54:43 [allowed] §6[Bazaar] §r§7§r§7Claimed §r§62,418,727 coins §r§7from selling §r§a4§r§7x §r§9SkyMart Brochure §r§7at §r§6611,562 §r§7each!
09:55:01 [SKYMALL] §bNew day! §r§eYour §r§2Sky Mall §r§ebuff changed!
09:55:01 [SKYMALL] §eNew buff§r§r§r: §r§fGain §r§6+50☘ Mining Fortune§r§f.
09:55:01 [SKYMALL] §8§oYou can disable this messaging by toggling Sky Mall in your /hotm!
09:55:06 [allowed] §cThere are blocks in the way!
09:55:06 [allowed] §8[§r§b213§r§8] §r§5§l࿇ §r§6[MVP§a++§6] frostybat_§f§r§f: coop iron man ? xd
09:55:08 [allowed] §cThere are blocks in the way!
09:55:40 [allowed] §cThere are blocks in the way!
09:55:52 [allowed] §8Depositing coins...
09:55:53 [allowed] §aDeposited §r§62.5M coins§r§a! There's now §r§654.2M coins §r§ain the account!
09:56:57 [allowed] §cThere are blocks in the way!
09:57:03 [allowed] §9Rabbit Uncle §r§7has been promoted to §r§7[119§r§7] §r§9Assistant§r§7!
09:57:04 [allowed] §9Rabbit Uncle §r§7has been promoted to §r§7[120§r§7] §r§9Assistant§r§7!
09:57:04 [allowed] §9Rabbit Uncle §r§7has been promoted to §r§7[121§r§7] §r§9Assistant§r§7!
09:57:04 [allowed] §9Rabbit Uncle §r§7has been promoted to §r§7[122§r§7] §r§9Assistant§r§7!
09:57:04 [allowed] §9Rabbit Uncle §r§7has been promoted to §r§7[123§r§7] §r§9Assistant§r§7!
09:57:04 [allowed] §9Rabbit Uncle §r§7has been promoted to §r§7[124§r§7] §r§9Assistant§r§7!
09:57:04 [allowed] §5Rabbit Uncle §r§7has been promoted to §r§7[125§r§7] §r§5Manager§r§7!
09:57:04 [allowed] §5Rabbit Uncle §r§7has been promoted to §r§7[126§r§7] §r§5Manager§r§7!
09:57:04 [allowed] §5Rabbit Uncle §r§7has been promoted to §r§7[127§r§7] §r§5Manager§r§7!
09:57:05 [allowed] §5Rabbit Uncle §r§7has been promoted to §r§7[128§r§7] §r§5Manager§r§7!
09:57:05 [allowed] §5Rabbit Uncle §r§7has been promoted to §r§7[129§r§7] §r§5Manager§r§7!
09:57:05 [allowed] §5Rabbit Uncle §r§7has been promoted to §r§7[130§r§7] §r§5Manager§r§7!
09:57:06 [allowed] §9Rabbit Dog §r§7has been promoted to §r§7[86§r§7] §r§9Assistant§r§7!
09:57:06 [allowed] §9Rabbit Dog §r§7has been promoted to §r§7[87§r§7] §r§9Assistant§r§7!
09:57:06 [allowed] §9Rabbit Dog §r§7has been promoted to §r§7[88§r§7] §r§9Assistant§r§7!
09:57:06 [allowed] §9Rabbit Dog §r§7has been promoted to §r§7[89§r§7] §r§9Assistant§r§7!
09:57:06 [allowed] §9Rabbit Dog §r§7has been promoted to §r§7[90§r§7] §r§9Assistant§r§7!
09:57:06 [allowed] §9Rabbit Dog §r§7has been promoted to §r§7[91§r§7] §r§9Assistant§r§7!
09:57:07 [allowed] §9Rabbit Dog §r§7has been promoted to §r§7[92§r§7] §r§9Assistant§r§7!
09:57:07 [allowed] §9Rabbit Dog §r§7has been promoted to §r§7[93§r§7] §r§9Assistant§r§7!
09:57:07 [allowed] §9Rabbit Dog §r§7has been promoted to §r§7[94§r§7] §r§9Assistant§r§7!
09:57:07 [allowed] §9Rabbit Dog §r§7has been promoted to §r§7[95§r§7] §r§9Assistant§r§7!
09:57:07 [allowed] §9Rabbit Dog §r§7has been promoted to §r§7[96§r§7] §r§9Assistant§r§7!
09:57:07 [allowed] §9Rabbit Dog §r§7has been promoted to §r§7[97§r§7] §r§9Assistant§r§7!
09:57:07 [allowed] §9Rabbit Dog §r§7has been promoted to §r§7[98§r§7] §r§9Assistant§r§7!
09:57:08 [allowed] §9Rabbit Dog §r§7has been promoted to §r§7[99§r§7] §r§9Assistant§r§7!
09:57:08 [allowed] §9Rabbit Dog §r§7has been promoted to §r§7[100§r§7] §r§9Assistant§r§7!
09:57:08 [allowed] §9Rabbit Dog §r§7has been promoted to §r§7[101§r§7] §r§9Assistant§r§7!
09:57:08 [allowed] §9Rabbit Dog §r§7has been promoted to §r§7[102§r§7] §r§9Assistant§r§7!
09:57:08 [allowed] §9Rabbit Dog §r§7has been promoted to §r§7[103§r§7] §r§9Assistant§r§7!
09:57:08 [allowed] §9Rabbit Dog §r§7has been promoted to §r§7[104§r§7] §r§9Assistant§r§7!
09:57:08 [allowed] §9Rabbit Dog §r§7has been promoted to §r§7[105§r§7] §r§9Assistant§r§7!
09:57:08 [allowed] §9Rabbit Dog §r§7has been promoted to §r§7[106§r§7] §r§9Assistant§r§7!
09:57:08 [allowed] §9Rabbit Dog §r§7has been promoted to §r§7[107§r§7] §r§9Assistant§r§7!
09:57:09 [allowed] §9Rabbit Dog §r§7has been promoted to §r§7[108§r§7] §r§9Assistant§r§7!
09:57:09 [allowed] §9Rabbit Dog §r§7has been promoted to §r§7[109§r§7] §r§9Assistant§r§7!
09:57:09 [allowed] §9Rabbit Dog §r§7has been promoted to §r§7[110§r§7] §r§9Assistant§r§7!
09:57:09 [allowed] §9Rabbit Dog §r§7has been promoted to §r§7[111§r§7] §r§9Assistant§r§7!
09:57:09 [allowed] §9Rabbit Dog §r§7has been promoted to §r§7[112§r§7] §r§9Assistant§r§7!
09:57:09 [allowed] §9Rabbit Dog §r§7has been promoted to §r§7[113§r§7] §r§9Assistant§r§7!
09:57:10 [allowed] §9Rabbit Dog §r§7has been promoted to §r§7[114§r§7] §r§9Assistant§r§7!
09:57:10 [allowed] §9Rabbit Dog §r§7has been promoted to §r§7[115§r§7] §r§9Assistant§r§7!
09:57:10 [allowed] §9Rabbit Dog §r§7has been promoted to §r§7[116§r§7] §r§9Assistant§r§7!
09:57:10 [allowed] §9Rabbit Dog §r§7has been promoted to §r§7[117§r§7] §r§9Assistant§r§7!
09:57:10 [allowed] §9Rabbit Dog §r§7has been promoted to §r§7[118§r§7] §r§9Assistant§r§7!
09:57:10 [allowed] §9Rabbit Dog §r§7has been promoted to §r§7[119§r§7] §r§9Assistant§r§7!
09:57:10 [allowed] §9Rabbit Dog §r§7has been promoted to §r§7[120§r§7] §r§9Assistant§r§7!
09:57:10 [allowed] §9Rabbit Dog §r§7has been promoted to §r§7[121§r§7] §r§9Assistant§r§7!
09:57:11 [allowed] §9Rabbit Dog §r§7has been promoted to §r§7[122§r§7] §r§9Assistant§r§7!
09:57:11 [allowed] §9Rabbit Dog §r§7has been promoted to §r§7[123§r§7] §r§9Assistant§r§7!
09:57:11 [allowed] §9Rabbit Dog §r§7has been promoted to §r§7[124§r§7] §r§9Assistant§r§7!
09:57:11 [allowed] §5Rabbit Dog §r§7has been promoted to §r§7[125§r§7] §r§5Manager§r§7!
09:57:12 [allowed] §d§lTIME TOWER! §r§7Your §r§6Chocolate Factory §r§7production has increased by §r§6+0.8x §r§7for §r§a1h§r§7!
09:57:14 [allowed] §cYou don't have enough Chocolate!
09:57:16 [allowed] §5Rabbit Bro §r§7has been promoted to §r§7[127§r§7] §r§5Manager§r§7!
09:57:17 [allowed] §5Rabbit Bro §r§7has been promoted to §r§7[128§r§7] §r§5Manager§r§7!
09:57:17 [allowed] §5Rabbit Bro §r§7has been promoted to §r§7[129§r§7] §r§5Manager§r§7!
09:57:17 [allowed] §5Rabbit Bro §r§7has been promoted to §r§7[130§r§7] §r§5Manager§r§7!
09:57:17 [allowed] §5Rabbit Bro §r§7has been promoted to §r§7[131§r§7] §r§5Manager§r§7!
09:57:18 [allowed] §5Rabbit Bro §r§7has been promoted to §r§7[132§r§7] §r§5Manager§r§7!
09:57:18 [allowed] §5Rabbit Bro §r§7has been promoted to §r§7[133§r§7] §r§5Manager§r§7!
09:57:18 [allowed] §5Rabbit Bro §r§7has been promoted to §r§7[134§r§7] §r§5Manager§r§7!
09:57:18 [allowed] §5Rabbit Bro §r§7has been promoted to §r§7[135§r§7] §r§5Manager§r§7!
09:57:18 [allowed] §5Rabbit Bro §r§7has been promoted to §r§7[136§r§7] §r§5Manager§r§7!
09:57:19 [allowed] §5Rabbit Bro §r§7has been promoted to §r§7[137§r§7] §r§5Manager§r§7!
09:57:19 [allowed] §5Rabbit Bro §r§7has been promoted to §r§7[138§r§7] §r§5Manager§r§7!
09:57:19 [allowed] §5Rabbit Bro §r§7has been promoted to §r§7[139§r§7] §r§5Manager§r§7!
09:57:19 [allowed] §5Rabbit Bro §r§7has been promoted to §r§7[140§r§7] §r§5Manager§r§7!
09:57:19 [allowed] §5Rabbit Bro §r§7has been promoted to §r§7[141§r§7] §r§5Manager§r§7!
09:57:21 [allowed] §5Rabbit Cousin §r§7has been promoted to §r§7[126§r§7] §r§5Manager§r§7!
09:57:21 [allowed] §5Rabbit Cousin §r§7has been promoted to §r§7[127§r§7] §r§5Manager§r§7!
09:57:22 [allowed] §5Rabbit Bro §r§7has been promoted to §r§7[142§r§7] §r§5Manager§r§7!
09:57:22 [allowed] §5Rabbit Bro §r§7has been promoted to §r§7[143§r§7] §r§5Manager§r§7!
09:57:22 [allowed] §5Rabbit Bro §r§7has been promoted to §r§7[144§r§7] §r§5Manager§r§7!
09:57:23 [allowed] §5Rabbit Bro §r§7has been promoted to §r§7[145§r§7] §r§5Manager§r§7!
09:57:23 [allowed] §5Rabbit Bro §r§7has been promoted to §r§7[146§r§7] §r§5Manager§r§7!
09:57:23 [allowed] §5Rabbit Bro §r§7has been promoted to §r§7[147§r§7] §r§5Manager§r§7!
09:57:24 [allowed] §5Rabbit Cousin §r§7has been promoted to §r§7[128§r§7] §r§5Manager§r§7!
09:57:24 [allowed] §cYou don't have enough Chocolate!
09:57:24 [allowed] §cYou don't have enough Chocolate!
09:57:24 [allowed] §cYou don't have enough Chocolate!
09:57:25 [allowed] §5Rabbit Bro §r§7has been promoted to §r§7[148§r§7] §r§5Manager§r§7!
09:57:25 [allowed] §cYou don't have enough Chocolate!
09:57:25 [allowed] §cYou don't have enough Chocolate!
09:57:25 [allowed] §cYou don't have enough Chocolate!
09:57:29 [allowed] §cYou don't have enough Coins!
09:57:31 [allowed] §cYou don't have enough Coins!
09:57:31 [allowed] §cYou don't have enough Coins!
09:57:32 [allowed] §cYou don't have enough Coins!
09:57:39 [allowed] §8Withdrawing coins...
09:57:39 [allowed] §aWithdrew §r§63M coins§r§a! There's now §r§651.2M coins §r§aleft in the account!
09:57:43 [allowed] §aHitman slot purchased!
09:57:45 [allowed] §aHitman slot purchased!
09:57:47 [allowed] §aHitman slot purchased!
09:57:53 [allowed] §aHitman slot purchased!
09:57:55 [allowed] §aHitman slot purchased!
09:57:57 [allowed] §aHitman slot purchased!
09:57:58 [allowed] §aHitman slot purchased!
09:58:11 [allowed] §cThere are blocks in the way!
09:58:13 [allowed] §cThere are blocks in the way!
09:58:25 [allowed] §6[Bazaar] §r§7Cancelling order...
09:58:26 [allowed] §6[Bazaar] §r§7§r§cCancelled! §r§7Refunded §r§a1§r§7x §r§9SkyMart Brochure §r§7from cancelling Sell Offer!
09:58:32 [allowed] §6[Bazaar] §r§7Putting goods in escrow...
09:58:32 [allowed] §6[Bazaar] §r§7Submitting sell offer...
09:58:32 [allowed] §6[Bazaar] §r§7§r§eSell Offer Setup! §r§a1§r§7x §r§9SkyMart Brochure §r§7for §r§6459,741 coins§r§7.
09:58:40 [allowed] §cThere are blocks in the way!
09:58:42 [allowed] §cThere are blocks in the way!
09:58:49 [allowed] §7Sending to server mini29DT...
09:58:49 [allowed] §8 §r§8 §r§1 §r§3 §r§3 §r§7 §r§8 
09:58:52 [allowed] §aYou are playing on profile: §ePineapple§b (Co-op)
09:58:52 [allowed] §8Profile ID: 6accdd30-5c34-4840-99a1-da8b87d5f229
10:00:57 [allowed] §eYou claimed the §r§dChronomatron §r§erewards!
10:00:57 [allowed]  §r§8+§r§372,000 Enchanting Exp
10:00:57 [allowed] §8 +§r§d3 Superpairs clicks
10:01:20 [allowed] §f
10:01:20 [allowed] §4[WATCHDOG ANNOUNCEMENT]
10:01:20 [allowed] §fWatchdog has banned §r§c§l9,426§r§f players in the last 7 days.
10:01:20 [allowed] §fStaff have banned an additional §r§c§l9,700§r§f in the last 7 days.
10:01:20 [allowed] §cBlacklisted modifications are a bannable offense!
10:01:20 [allowed] §c
10:03:51 [allowed] §aYou earned §r§273 GEXP §r§afrom playing SkyBlock!
10:05:53 [allowed] §6[Bazaar] §eYour §6Sell Offer §efor §a1§7x §9SkyMart Brochure §ewas filled!
