13:57:54 §f                                  §6§lBESTIARY
13:57:54 §f                      §b§lCrypt Souleater §7§8XIX §8➡§b §bXX
13:57:54 
13:57:54 §f                                  §r§6§lREWARDS
13:57:54 §f                    §r§8+§r§a5 Crypt Souleater §r§b✯ Magic Find
13:57:54 §f                     §r§8+§r§a5 Crypt Souleater §r§c❁ Strength
13:57:54 §f                        §r§8+§r§62% §r§aCrypt Souleater §r§7coins
13:57:54 §f                    §r§8+§r§a50% §r§7chance for extra XP orbs
13:57:54 §f                               §r§8+§r§b1 SkyBlock XP
13:57:54 
13:57:54 §3§l▬▬▬▬▬▬▬▬▬▬▬▬▬▬▬▬▬▬▬▬▬▬▬▬▬▬▬▬▬▬▬▬▬▬▬▬▬▬▬▬▬▬▬▬▬▬▬▬▬▬▬▬▬▬▬▬▬▬▬▬▬▬▬▬
18:14:02 §f                                  §6§lBESTIARY
18:14:02 §f                       §b§lSkeleton Lord §7§8XII §8➡§b §bXIII
18:14:02 
18:14:02 §f                                  §r§6§lREWARDS
18:14:02 §f                     §r§8+§r§a4 Skeleton Lord §r§b✯ Magic Find
18:14:02 §f                      §r§8+§r§a4 Skeleton Lord §r§c❁ Strength
18:14:02 §f                         §r§8+§r§62% §r§aSkeleton Lord §r§7coins
18:14:02 §f                    §r§8+§r§a50% §r§7chance for extra XP orbs
18:14:02 §f                               §r§8+§r§b1 SkyBlock XP
18:14:02 
18:14:02 §3§l▬▬▬▬▬▬▬▬▬▬▬▬▬▬▬▬▬▬▬▬▬▬▬▬▬▬▬▬▬▬▬▬▬▬▬▬▬▬▬▬▬▬▬▬▬▬▬▬▬▬▬▬▬▬▬▬▬▬▬▬▬▬▬▬
