14:10:39 §e[NPC] §aAndrew§f: §rDid you know that SkyBlock has been running for §b4632 §fin-game months already? Time flies.
14:10:43 §e[NPC] §aAndrew§f: §r§fI guess I'll come back in a bit.
14:10:44 §e[NPC] §aTarwen§f: §r§fBuurrrp? ... Burrp bURp!
14:10:47 §e[NPC] §aTarwen§f: §r§fBuUuUrRrPpP!
14:10:48 §e[NPC] §aEmissary Ceanna§f: §r§fThe King's favorite emissary is here to request potatoes for the King's great feast! 
14:11:00 §e[NPC] §aEmissary Ceanna§f: §r§fMaybe the King will even announce me as his favorite at the feast!
14:11:01 §e[NPC] §aRhys§f: §r§fI found an unexplored cave while mining for titanium. But it's too dark to see in there, even for me! Can you spare any glowing pumpkins?
14:11:04 §e[NPC] §aLeo§f: §r§fSadly you can't gather logs in the §aThe Garden§f, however there are plenty of crops here!
14:11:07 §e[NPC] §aLeo§f: §r§fHmm, too bad.
14:11:28 §e[NPC] §aRhys§f: §r§fI found an unexplored cave while mining for titanium. But it's too dark to see in there, even for me! Can you spare any glowing pumpkins?
14:11:29 §e[NPC] §aRhys§f: §r§fThank you! Discovery awaits.
17:46:34 §e[NPC] §6Jerry§f: §rHello §bFiremage_X§f. Glad to meet you here. I need some §aEnchanted Wheat§f.
17:46:52 §e[NPC] §6Jerry§f: §r§fThis is not my realm. I must return. Thank you.
17:46:53 §e[NPC] §aFear Mongerer§f: §r§fMortal, the time of reckoning is near. The Past will light the future.
17:46:58 §e[NPC] §aFear Mongerer§f: §r§fSoon.
17:46:58 §e[NPC] §aAnita§f: §r§fHey hey hey again! I'll trade you some copper for some carrots!
17:47:00 §e[NPC] §aAnita§f: §r§fOh, darn it :(
17:47:02 §e[NPC] §9Old Man Garry§f: §r§fPeople have no manners these days. They come up to me, and disappear instantly! They don't even greet me! Back in my day, we were raised better than that.
17:47:04 §e[NPC] §9Old Man Garry§f: §r§fOf course. What else did I expect from this generation.
17:47:05 §e[NPC] §aGeonathan Greatforge§f: §r§fI usually only work with Oil Barrels, but I'd like to try making some Biofuel from compost.
17:47:26 §e[NPC] §aGeonathan Greatforge§f: §r§fOil Barrels are far superior, but at least this is 100% renewable. Pretty neat!
