16:52:28 [BESTIARY] §f                                  §6§lBESTIARY
16:52:28 [BESTIARY] §f                               §b§lFlare §7§8III §8➡§b §bIV
16:52:28 [BESTIARY] 
16:52:28 [BESTIARY] §f                                  §r§6§lREWARDS
16:52:28 [BESTIARY] §f                           §r§8+§r§a2 Flare §r§b✯ Magic Find
16:52:28 [BESTIARY] §f                           §r§8+§r§a2 Flare §r§c❁ Strength
16:52:28 [BESTIARY] §f                               §r§8+§r§62% §r§aFlare §r§7coins
16:52:28 [BESTIARY] §f                    §r§8+§r§a50% §r§7chance for extra XP orbs
16:52:28 [BESTIARY] §f                               §r§8+§r§b1 SkyBlock XP
16:52:28 [BESTIARY] 
16:52:28 [BESTIARY] §3§l▬▬▬▬▬▬▬▬▬▬▬▬▬▬▬▬▬▬▬▬▬▬▬▬▬▬▬▬▬▬▬▬▬▬▬▬▬▬▬▬▬▬▬▬▬▬▬▬▬▬▬▬▬▬▬▬▬▬▬▬▬▬▬▬
16:55:00 [SKYMALL] §bNew day! §r§eYour §r§2Sky Mall §r§ebuff changed!
16:55:00 [SKYMALL] §eNew buff§r§r§r: §r§fGain §r§6+100⸕ Mining Speed§r§f.
16:55:00 [SKYMALL] §8§oYou can disable this messaging by toggling Sky Mall in your /hotm!
16:57:22 [BESTIARY] §f                                  §6§lBESTIARY
16:57:22 [BESTIARY] §f                               §b§lGhast §7§8V §8➡§b §bVI
16:57:22 [BESTIARY] 
16:57:22 [BESTIARY] §f                                  §r§6§lREWARDS
16:57:22 [BESTIARY] §f                          §r§8+§r§a3 Ghast §r§b✯ Magic Find
16:57:22 [BESTIARY] §f                           §r§8+§r§a3 Ghast §r§c❁ Strength
16:57:22 [BESTIARY] §f                              §r§8+§r§62% §r§aGhast §r§7coins
16:57:22 [BESTIARY] §f                    §r§8+§r§a50% §r§7chance for extra XP orbs
16:57:22 [BESTIARY] §f                               §r§8+§r§b1 SkyBlock XP
16:57:22 [BESTIARY] 
16:57:22 [BESTIARY] §3§l▬▬▬▬▬▬▬▬▬▬▬▬▬▬▬▬▬▬▬▬▬▬▬▬▬▬▬▬▬▬▬▬▬▬▬▬▬▬▬▬▬▬▬▬▬▬▬▬▬▬▬▬▬▬▬▬▬▬▬▬▬▬▬▬
17:01:13 [BESTIARY] §f                                  §6§lBESTIARY
17:01:13 [BESTIARY] §f                      §b§lBarbarian Duke X §7§8II §8➡§b §bIII
17:01:13 [BESTIARY] 
17:01:13 [BESTIARY] §f                                  §r§6§lREWARDS
17:01:13 [BESTIARY] §f                 §r§8+§r§a2 §r§8§lBarbarian Duke X §r§b✯ Magic Find
17:01:13 [BESTIARY] §f                  §r§8+§r§a2 §r§8§lBarbarian Duke X §r§c❁ Strength
17:01:13 [BESTIARY] §f                     §r§8+§r§62% §r§a§r§8§lBarbarian Duke X §r§7coins
17:01:13 [BESTIARY] §f                    §r§8+§r§a50% §r§7chance for extra XP orbs
17:01:13 [BESTIARY] §f                               §r§8+§r§b1 SkyBlock XP
17:01:13 [BESTIARY] 
17:01:13 [BESTIARY] §3§l▬▬▬▬▬▬▬▬▬▬▬▬▬▬▬▬▬▬▬▬▬▬▬▬▬▬▬▬▬▬▬▬▬▬▬▬▬▬▬▬▬▬▬▬▬▬▬▬▬▬▬▬▬▬▬▬▬▬▬▬▬▬▬▬
17:06:07 [BESTIARY] §f                                  §6§lBESTIARY
17:06:07 [BESTIARY] §f                          §b§lMage Outlaw §7§8II §8➡§b §bIII
17:06:07 [BESTIARY] 
17:06:07 [BESTIARY] §f                                  §r§6§lREWARDS
17:06:07 [BESTIARY] §f                     §r§8+§r§a2 §r§5§lMage Outlaw §r§b✯ Magic Find
17:06:07 [BESTIARY] §f                      §r§8+§r§a2 §r§5§lMage Outlaw §r§c❁ Strength
17:06:07 [BESTIARY] §f                         §r§8+§r§62% §r§a§r§5§lMage Outlaw §r§7coins
17:06:07 [BESTIARY] §f                    §r§8+§r§a50% §r§7chance for extra XP orbs
17:06:07 [BESTIARY] §f                               §r§8+§r§b1 SkyBlock XP
17:06:07 [BESTIARY] 
17:06:07 [BESTIARY] §3§l▬▬▬▬▬▬▬▬▬▬▬▬▬▬▬▬▬▬▬▬▬▬▬▬▬▬▬▬▬▬▬▬▬▬▬▬▬▬▬▬▬▬▬▬▬▬▬▬▬▬▬▬▬▬▬▬▬▬▬▬▬▬▬▬
17:13:29 [BESTIARY] §f                                  §6§lBESTIARY
17:13:29 [BESTIARY] §f                            §b§lBladesoul §7§8II §8➡§b §bIII
17:13:29 [BESTIARY] 
17:13:29 [BESTIARY] §f                                  §r§6§lREWARDS
17:13:29 [BESTIARY] §f                       §r§8+§r§a2 §r§8§lBladesoul §r§b✯ Magic Find
17:13:29 [BESTIARY] §f                       §r§8+§r§a2 §r§8§lBladesoul §r§c❁ Strength
17:13:29 [BESTIARY] §f                           §r§8+§r§62% §r§a§r§8§lBladesoul §r§7coins
17:13:29 [BESTIARY] §f                    §r§8+§r§a50% §r§7chance for extra XP orbs
17:13:29 [BESTIARY] §f                               §r§8+§r§b1 SkyBlock XP
17:13:29 [BESTIARY] 
17:13:29 [BESTIARY]   §r§f                         §6§lBESTIARY MILESTONE
17:13:29 [BESTIARY]   §r§f                                 §8CXXXIX➡§eCXL
17:13:29 [BESTIARY] 
17:13:29 [BESTIARY] §3§l▬▬▬▬▬▬▬▬▬▬▬▬▬▬▬▬▬▬▬▬▬▬▬▬▬▬▬▬▬▬▬▬▬▬▬▬▬▬▬▬▬▬▬▬▬▬▬▬▬▬▬▬▬▬▬▬▬▬▬▬▬▬▬▬
17:15:01 [SKYMALL] §bNew day! §r§eYour §r§2Sky Mall §r§ebuff changed!
17:15:01 [SKYMALL] §eNew buff§r§r§r: §r§fGain §r§6+50☘ Mining Fortune§r§f.
17:15:01 [SKYMALL] §8§oYou can disable this messaging by toggling Sky Mall in your /hotm!
17:18:36 [BESTIARY] §f                                  §6§lBESTIARY
17:18:36 [BESTIARY] §f                                 §b§lThunder §7§bI
17:18:36 [BESTIARY] 
17:18:36 [BESTIARY] §f                                  §r§6§lREWARDS
17:18:36 [BESTIARY] §f                         §r§8+§r§a2 Thunder §r§b✯ Magic Find
17:18:36 [BESTIARY] §f                         §r§8+§r§a2 Thunder §r§c❁ Strength
17:18:36 [BESTIARY] §f                             §r§8+§r§62% §r§aThunder §r§7coins
17:18:36 [BESTIARY] §f                    §r§8+§r§a50% §r§7chance for extra XP orbs
17:18:36 [BESTIARY] §f                               §r§8+§r§b1 SkyBlock XP
17:18:36 [BESTIARY] 
17:18:36 [BESTIARY] §3§l▬▬▬▬▬▬▬▬▬▬▬▬▬▬▬▬▬▬▬▬▬▬▬▬▬▬▬▬▬▬▬▬▬▬▬▬▬▬▬▬▬▬▬▬▬▬▬▬▬▬▬▬▬▬▬▬▬▬▬▬▬▬▬▬
17:23:55 [BESTIARY] §f                                  §6§lBESTIARY
17:23:55 [BESTIARY] §f                          §b§lMage Outlaw §7§8III §8➡§b §bIV
17:23:55 [BESTIARY] 
17:23:55 [BESTIARY] §f                                  §r§6§lREWARDS
17:23:55 [BESTIARY] §f                     §r§8+§r§a2 §r§5§lMage Outlaw §r§b✯ Magic Find
17:23:55 [BESTIARY] §f                      §r§8+§r§a2 §r§5§lMage Outlaw §r§c❁ Strength
17:23:55 [BESTIARY] §f                         §r§8+§r§62% §r§a§r§5§lMage Outlaw §r§7coins
17:23:55 [BESTIARY] §f                    §r§8+§r§a50% §r§7chance for extra XP orbs
17:23:55 [BESTIARY] §f                               §r§8+§r§b1 SkyBlock XP
17:23:55 [BESTIARY] 
17:23:55 [BESTIARY] §3§l▬▬▬▬▬▬▬▬▬▬▬▬▬▬▬▬▬▬▬▬▬▬▬▬▬▬▬▬▬▬▬▬▬▬▬▬▬▬▬▬▬▬▬▬▬▬▬▬▬▬▬▬▬▬▬▬▬▬▬▬▬▬▬▬
17:35:02 [SKYMALL] §bNew day! §r§eYour §r§2Sky Mall §r§ebuff changed!
17:35:02 [SKYMALL] §eNew buff§r§r§r: §r§fGain §r§6+50☘ Mining Fortune§r§f.
17:35:02 [SKYMALL] §8§oYou can disable this messaging by toggling Sky Mall in your /hotm!
17:55:00 [SKYMALL] §bNew day! §r§eYour §r§2Sky Mall §r§ebuff changed!
17:55:00 [SKYMALL] §eNew buff§r§r§r: §r§fGain §r§a+15% §r§fmore Powder while mining.
17:55:00 [SKYMALL] §8§oYou can disable this messaging by toggling Sky Mall in your /hotm!
18:12:54 [COMPACT_POTION_EFFECT] §a§lBUFF! §fYou have gained §r§4Regeneration IV§r§f! Press TAB or type /effects to view your active effects!
18:12:54 [COMPACT_POTION_EFFECT] §a§lBUFF! §fYou have gained §r§4Strength V§r§f! Press TAB or type /effects to view your active effects!
18:12:54 [COMPACT_POTION_EFFECT] §a§lBUFF! §fYou have gained §r§4Critical III§r§f! Press TAB or type /effects to view your active effects!
18:12:54 [COMPACT_POTION_EFFECT] §a§lBUFF! §fYou have gained §r§9Speed IV§r§f! Press TAB or type /effects to view your active effects!
18:12:54 [COMPACT_POTION_EFFECT] §a§lBUFF! §fYou have gained §r§aResistance V§r§f! Press TAB or type /effects to view your active effects!
18:12:54 [COMPACT_POTION_EFFECT] §a§lBUFF! §fYou have gained §r§bArchery III§r§f! Press TAB or type /effects to view your active effects!
18:14:50 [COMPACT_POTION_EFFECT] §a§lBUFF! §fYou have gained §r§4Regeneration IV§r§f! Press TAB or type /effects to view your active effects!
18:14:50 [COMPACT_POTION_EFFECT] §a§lBUFF! §fYou have gained §r§4Strength V§r§f! Press TAB or type /effects to view your active effects!
18:14:50 [COMPACT_POTION_EFFECT] §a§lBUFF! §fYou have gained §r§4Critical III§r§f! Press TAB or type /effects to view your active effects!
18:14:50 [COMPACT_POTION_EFFECT] §a§lBUFF! §fYou have gained §r§9Speed IV§r§f! Press TAB or type /effects to view your active effects!
18:14:50 [COMPACT_POTION_EFFECT] §a§lBUFF! §fYou have gained §r§aResistance V§r§f! Press TAB or type /effects to view your active effects!
18:14:50 [COMPACT_POTION_EFFECT] §a§lBUFF! §fYou have gained §r§bArchery III§r§f! Press TAB or type /effects to view your active effects!
18:15:05 [SKYMALL] §bNew day! §r§eYour §r§2Sky Mall §r§ebuff changed!
18:15:05 [SKYMALL] §eNew buff§r§r§r: §r§fGain §r§a+15% §r§fmore Powder while mining.
18:15:05 [SKYMALL] §8§oYou can disable this messaging by toggling Sky Mall in your /hotm!
18:32:36 [BESTIARY] §f                                  §6§lBESTIARY
18:32:36 [BESTIARY] §f                         §b§lZombie Soldier §7§8X §8➡§b §bXI
18:32:36 [BESTIARY] 
18:32:36 [BESTIARY] §f                                  §r§6§lREWARDS
18:32:36 [BESTIARY] §f                     §r§8+§r§a4 Zombie Soldier §r§b✯ Magic Find
18:32:36 [BESTIARY] §f                      §r§8+§r§a4 Zombie Soldier §r§c❁ Strength
18:32:36 [BESTIARY] §f                         §r§8+§r§62% §r§aZombie Soldier §r§7coins
18:32:36 [BESTIARY] §f                    §r§8+§r§a50% §r§7chance for extra XP orbs
18:32:36 [BESTIARY] §f                               §r§8+§r§b1 SkyBlock XP
18:32:36 [BESTIARY] 
18:32:36 [BESTIARY] §3§l▬▬▬▬▬▬▬▬▬▬▬▬▬▬▬▬▬▬▬▬▬▬▬▬▬▬▬▬▬▬▬▬▬▬▬▬▬▬▬▬▬▬▬▬▬▬▬▬▬▬▬▬▬▬▬▬▬▬▬▬▬▬▬▬
18:35:01 [SKYMALL] §bNew day! §r§eYour §r§2Sky Mall §r§ebuff changed!
18:35:01 [SKYMALL] §eNew buff§r§r§r: §r§f§r§a-20%§r§f Pickaxe Ability cooldowns.
18:35:01 [SKYMALL] §8§oYou can disable this messaging by toggling Sky Mall in your /hotm!
18:36:06 [BESTIARY] §f                                  §6§lBESTIARY
18:36:06 [BESTIARY] §f                       §b§lWither Miner §7§8XXIII §8➡§b §bXXIV
18:36:06 [BESTIARY] 
18:36:06 [BESTIARY] §f                                  §r§6§lREWARDS
18:36:06 [BESTIARY] §f                      §r§8+§r§a6 Wither Miner §r§b✯ Magic Find
18:36:06 [BESTIARY] §f                       §r§8+§r§a6 Wither Miner §r§c❁ Strength
18:36:06 [BESTIARY] §f                          §r§8+§r§62% §r§aWither Miner §r§7coins
18:36:06 [BESTIARY] §f                    §r§8+§r§a50% §r§7chance for extra XP orbs
18:36:06 [BESTIARY] §f                               §r§8+§r§b1 SkyBlock XP
18:36:06 [BESTIARY] 
18:36:06 [BESTIARY] §3§l▬▬▬▬▬▬▬▬▬▬▬▬▬▬▬▬▬▬▬▬▬▬▬▬▬▬▬▬▬▬▬▬▬▬▬▬▬▬▬▬▬▬▬▬▬▬▬▬▬▬▬▬▬▬▬▬▬▬▬▬▬▬▬▬
18:55:01 [SKYMALL] §bNew day! §r§eYour §r§2Sky Mall §r§ebuff changed!
18:55:01 [SKYMALL] §eNew buff§r§r§r: §r§f§r§a-20%§r§f Pickaxe Ability cooldowns.
18:55:01 [SKYMALL] §8§oYou can disable this messaging by toggling Sky Mall in your /hotm!
19:10:44 [GARDEN_VISITOR_MESSAGE] §e[NPC] §aOringo§f: §r§fHey, you got some wheat for my pets by any chance? Gotta keep those little monsters fed, haha!
19:10:50 [GARDEN_VISITOR_MESSAGE] §e[NPC] §9Seymour§f: §r§fWanting to buy something from me? I got some pretty fancy tuxedos for sale, for a price of a small fortune.
19:10:55 [GARDEN_VISITOR_MESSAGE] §e[NPC] §aEmissary Ceanna§f: §r§fThe King's favorite emissary is here to request potatoes for the King's great feast! 
19:10:59 [GARDEN_VISITOR_MESSAGE] §e[NPC] §aRhys§f: §r§fI found an unexplored cave while mining for titanium. But it's too dark to see in there, even for me! Can you spare any glowing pumpkins?
19:11:01 [GARDEN_VISITOR_MESSAGE] §e[NPC] §9Lazy Miner§f: §rIt's Thursday, my resting day! I earned myself a little treat, maybe you could bring me some chocolate?
19:12:01 [GARDEN_VISITOR_MESSAGE] §e[NPC] §aOringo§f: §r§fYou know how it is, they never stop eating haha, thank you very much!
19:12:02 [GARDEN_VISITOR_MESSAGE] §e[NPC] §9Seymour§f: §r§fWow, don't you look dashing with that! Pleasure doing business with you.
19:12:04 [GARDEN_VISITOR_MESSAGE] §e[NPC] §aEmissary Ceanna§f: §r§fMaybe the King will even announce me as his favorite at the feast!
19:12:06 [GARDEN_VISITOR_MESSAGE] §e[NPC] §9Lazy Miner§f: §r§fMmh! This is really good! I'll be sure to come back again when I'm no longer busy!
19:12:25 [GARDEN_VISITOR_MESSAGE] §e[NPC] §aRhys§f: §r§fI found an unexplored cave while mining for titanium. But it's too dark to see in there, even for me! Can you spare any glowing pumpkins?
19:12:26 [GARDEN_VISITOR_MESSAGE] §e[NPC] §aRhys§f: §r§fThank you! Discovery awaits.
19:15:01 [SKYMALL] §bNew day! §r§eYour §r§2Sky Mall §r§ebuff changed!
19:15:01 [SKYMALL] §eNew buff§r§r§r: §r§f§r§a-20%§r§f Pickaxe Ability cooldowns.
19:15:01 [SKYMALL] §8§oYou can disable this messaging by toggling Sky Mall in your /hotm!
