16:39:40 §e[SkyHanni] §b+1 SkyBlock XP §7(Harp Song§7)§b (77/100)§r
16:52:28 §6§lBESTIARY §r§b§lFlare §7§8III §8➡§b §bIV§r
16:56:00 §e[SkyHanni] Low on arrows §e(500 left)§r
16:56:33 §e[SkyHanni] Low on arrows §e(471 left)§r
16:57:22 §6§lBESTIARY §r§b§lGhast §7§8V §8➡§b §bVI§r
16:57:24 §e[SkyHanni] Low on arrows §e(455 left)§r
16:59:01 §e[SkyHanni] Low on arrows §e(453 left)§r
17:00:47 §e[SkyHanni] Low on arrows §e(452 left)§r
17:01:13 §6§lBESTIARY §r§b§lBarbarian Duke X §7§8II §8➡§b §bIII§r
17:06:07 §6§lBESTIARY §r§b§lMage Outlaw §7§8II §8➡§b §bIII§r
17:13:29 §6§lBESTIARY §r§b§lBladesoul §7§8II §8➡§b §bIII§r
17:18:36 §6§lBESTIARY §r§b§lThunder §7§bI§r
17:23:55 §6§lBESTIARY §r§b§lMage Outlaw §7§8III §8➡§b §bIV§r
17:36:21 §e[SkyHanni] You are close to the Croesus Limit. Please open your chests!§r
17:48:50 §e[SkyHanni] You are close to the Croesus Limit. Please open your chests!§r
17:57:43 §e[SkyHanni] You are close to the Croesus Limit. Please open your chests!§r
17:59:10 §e[SkyHanni] Click here to load 14 more collected egg locations from NEU PV!§r
17:59:10 §e[SkyHanni] Click here to load Trophy Fishing data from NEU PV!§r
18:11:01 §e[SkyHanni] You are close to the Croesus Limit. Please open your chests!§r
18:12:54 §a§lPotion Effect! §r§4Regeneration IV§r
18:12:54 §a§lPotion Effect! §r§4Strength V§r
18:12:54 §a§lPotion Effect! §r§4Critical III§r
18:12:54 §a§lPotion Effect! §r§9Speed IV§r
18:12:54 §a§lPotion Effect! §r§aResistance V§r
18:12:54 §a§lPotion Effect! §r§bArchery III§r
18:14:50 §a§lPotion Effect! §r§4Regeneration IV§r
18:14:50 §a§lPotion Effect! §r§4Strength V§r
18:14:50 §a§lPotion Effect! §r§4Critical III§r
18:14:50 §a§lPotion Effect! §r§9Speed IV§r
18:14:50 §a§lPotion Effect! §r§aResistance V§r
18:14:50 §a§lPotion Effect! §r§bArchery III§r
18:27:01 §e[SkyHanni] You are close to the Croesus Limit. Please open your chests!§r
18:32:36 §6§lBESTIARY §r§b§lZombie Soldier §7§8X §8➡§b §bXI§r
18:36:06 §6§lBESTIARY §r§b§lWither Miner §7§8XXIII §8➡§b §bXXIV§r
18:41:43 §e[SkyHanni] You are close to the Croesus Limit. Please open your chests!§r
19:03:16 §e[SkyHanni] Low on arrows §e(500 left)§r
19:05:42 §e[SkyHanni] Low on arrows §e(493 left)§r
19:06:13 §e[SkyHanni] Low on arrows §e(469 left)§r
19:06:40 §e[SkyHanni] You are close to the Croesus Limit. Please open your chests!§r
19:08:19 §e[SkyHanni] §b+3 SkyBlock XP §7(Museum Donations§7)§b (3/100)§r
19:08:21 §e[SkyHanni] §b+3 SkyBlock XP §7(Museum Donations§7)§b (6/100)§r
19:10:31 §e[SkyHanni] §aOringo §eis visiting your garden!§r
19:10:31 §e[SkyHanni] §9Seymour §eis visiting your garden!§r
19:10:31 §e[SkyHanni] §aEmissary Ceanna §eis visiting your garden!§r
19:10:31 §e[SkyHanni] §aRhys §eis visiting your garden!§r
19:10:31 §e[SkyHanni] §9Lazy Miner §eis visiting your garden!§r
19:12:00 §e[SkyHanni] Low on arrows §e(433 left)§r
