00:00:08 Visitor status change for '§aJamie': NEW -> WAITING (tooltipMissingItems)
00:00:13 Visitor status change for '§aJamie': WAITING -> REFUSED (refused)
00:00:16 Visitor status change for '§aJack': NEW -> WAITING (tooltipMissingItems)
00:00:18 Visitor status change for '§aJack': WAITING -> REFUSED (refused)
00:00:20 Visitor status change for '§9Old Man Garry': NEW -> WAITING (tooltipMissingItems)
00:00:25 Visitor status change for '§aFriendly Hiker': NEW -> WAITING (tooltipMissingItems)
00:00:31 Visitor status change for '§aFriendly Hiker': WAITING -> REFUSED (refused)
00:00:32 Visitor status change for '§aFisherman': NEW -> WAITING (tooltipMissingItems)
00:00:35 Visitor status change for '§aFisherman': WAITING -> REFUSED (refused)
00:00:44 Visitor status change for '§9Old Man Garry': WAITING -> READY (hasItems)
00:00:47 Visitor status change for '§9Old Man Garry': READY -> ACCEPTED (accepted)
00:38:16 Visitor status change for '§aOdawa': NEW -> WAITING (tooltipMissingItems)
00:39:42 Visitor status change for '§aJotraeline Greatforge': NEW -> WAITING (tooltipMissingItems)
00:39:48 Visitor status change for '§aFisherman': NEW -> WAITING (tooltipMissingItems)
00:39:50 Visitor status change for '§aFisherman': WAITING -> REFUSED (refused)
00:39:52 Visitor status change for '§aJack': NEW -> WAITING (tooltipMissingItems)
00:39:59 Visitor status change for '§9Zog': NEW -> WAITING (tooltipMissingItems)
00:40:40 Visitor status change for '§aPlumber Joe': NEW -> WAITING (tooltipMissingItems)
00:40:46 Visitor status change for '§aPlumber Joe': WAITING -> REFUSED (refused)
00:42:39 Visitor status change for '§aOdawa': WAITING -> READY (hasItems)
00:42:48 Visitor status change for '§aJotraeline Greatforge': WAITING -> READY (hasItems)
00:42:58 Visitor status change for '§aJack': WAITING -> READY (hasItems)
00:43:09 Visitor status change for '§9Zog': WAITING -> READY (hasItems)
00:43:38 Visitor status change for '§9Zog': READY -> ACCEPTED (accepted)
00:43:40 Visitor status change for '§aJack': READY -> ACCEPTED (accepted)
00:43:43 Visitor status change for '§aJotraeline Greatforge': READY -> ACCEPTED (accepted)
00:43:45 Visitor status change for '§aOdawa': READY -> ACCEPTED (accepted)
