16:51:51 §bNew day! §r§eYour §r§2Sky Mall §r§ebuff changed!
16:51:51 §eNew buff§r§r§r: §r§fGain §r§a5x §r§9Titanium §r§fdrops
16:51:51 §8§oYou can disable this messaging by toggling Sky Mall in your /hotm!
16:55:01 §bNew day! §r§eYour §r§2Sky Mall §r§ebuff changed!
16:55:01 §eNew buff§r§r§r: §r§fGain §r§6+50☘ Mining Fortune§r§f.
16:55:01 §8§oYou can disable this messaging by toggling Sky Mall in your /hotm!
17:15:02 §bNew day! §r§eYour §r§2Sky Mall §r§ebuff changed!
17:15:02 §eNew buff§r§r§r: §r§fGain §r§6+50☘ Mining Fortune§r§f.
17:15:02 §8§oYou can disable this messaging by toggling Sky Mall in your /hotm!
17:35:02 §bNew day! §r§eYour §r§2Sky Mall §r§ebuff changed!
17:35:02 §eNew buff§r§r§r: §r§f§r§a10x §r§fchance to find Golden and Diamond Goblins.
17:35:02 §8§oYou can disable this messaging by toggling Sky Mall in your /hotm!
17:55:01 §bNew day! §r§eYour §r§2Sky Mall §r§ebuff changed!
17:55:01 §eNew buff§r§r§r: §r§fGain §r§6+100⸕ Mining Speed§r§f.
17:55:01 §8§oYou can disable this messaging by toggling Sky Mall in your /hotm!
18:15:02 §bNew day! §r§eYour §r§2Sky Mall §r§ebuff changed!
18:15:02 §eNew buff§r§r§r: §r§fGain §r§a+15% §r§fmore Powder while mining.
18:15:02 §8§oYou can disable this messaging by toggling Sky Mall in your /hotm!
18:35:01 §bNew day! §r§eYour §r§2Sky Mall §r§ebuff changed!
18:35:01 §eNew buff§r§r§r: §r§f§r§a-20%§r§f Pickaxe Ability cooldowns.
18:35:01 §8§oYou can disable this messaging by toggling Sky Mall in your /hotm!
