17:45:06 §f                                  §6§lBESTIARY
17:45:06 §f                               §b§lMimic §7§8XI §8➡§b §bXII
17:45:06 
17:45:06 §f                                  §r§6§lREWARDS
17:45:06 §f                           §r§8+§r§a4 Mimic §r§b✯ Magic Find
17:45:06 §f                            §r§8+§r§a4 Mimic §r§c❁ Strength
17:45:06 §f                               §r§8+§r§62% §r§aMimic §r§7coins
17:45:06 §f                    §r§8+§r§a50% §r§7chance for extra XP orbs
17:45:06 §f                               §r§8+§r§b1 SkyBlock XP
17:45:06 
17:45:06 §3§l▬▬▬▬▬▬▬▬▬▬▬▬▬▬▬▬▬▬▬▬▬▬▬▬▬▬▬▬▬▬▬▬▬▬▬▬▬▬▬▬▬▬▬▬▬▬▬▬▬▬▬▬▬▬▬▬▬▬▬▬▬▬▬▬
18:26:45 §f                                  §6§lBESTIARY
18:26:45 §f                      §b§lWither Guard §7§8XXIII §8➡§b §bXXIV
18:26:45 
18:26:45 §f                                  §r§6§lREWARDS
18:26:45 §f                      §r§8+§r§a6 Wither Guard §r§b✯ Magic Find
18:26:45 §f                       §r§8+§r§a6 Wither Guard §r§c❁ Strength
18:26:45 §f                          §r§8+§r§62% §r§aWither Guard §r§7coins
18:26:45 §f                    §r§8+§r§a50% §r§7chance for extra XP orbs
18:26:45 §f                               §r§8+§r§b1 SkyBlock XP
18:26:45 
18:26:45 §3§l▬▬▬▬▬▬▬▬▬▬▬▬▬▬▬▬▬▬▬▬▬▬▬▬▬▬▬▬▬▬▬▬▬▬▬▬▬▬▬▬▬▬▬▬▬▬▬▬▬▬▬▬▬▬▬▬▬▬▬▬▬▬▬▬
18:31:57 §f                                  §6§lBESTIARY
18:31:57 §f                      §b§lUndead Skeleton §7§8XX §8➡§b §bXXI
18:31:57 
18:31:57 §f                                  §r§6§lREWARDS
18:31:57 §f                    §r§8+§r§a6 Undead Skeleton §r§b✯ Magic Find
18:31:57 §f                    §r§8+§r§a6 Undead Skeleton §r§c❁ Strength
18:31:57 §f                        §r§8+§r§62% §r§aUndead Skeleton §r§7coins
18:31:57 §f                    §r§8+§r§a50% §r§7chance for extra XP orbs
18:31:57 §f                               §r§8+§r§b1 SkyBlock XP
18:31:57 
18:31:57 §3§l▬▬▬▬▬▬▬▬▬▬▬▬▬▬▬▬▬▬▬▬▬▬▬▬▬▬▬▬▬▬▬▬▬▬▬▬▬▬▬▬▬▬▬▬▬▬▬▬▬▬▬▬▬▬▬▬▬▬▬▬▬▬▬▬
18:33:11 §f                                  §6§lBESTIARY
18:33:11 §f                           §b§lKing Midas §7§8XI §8➡§b §bXII
18:33:11 
18:33:11 §f                                  §r§6§lREWARDS
18:33:11 §f                      §r§8+§r§a4 §r§d§lKing Midas §r§b✯ Magic Find
18:33:11 §f                       §r§8+§r§a4 §r§d§lKing Midas §r§c❁ Strength
18:33:11 §f                          §r§8+§r§62% §r§a§r§d§lKing Midas §r§7coins
18:33:11 §f                    §r§8+§r§a50% §r§7chance for extra XP orbs
18:33:11 §f                               §r§8+§r§b1 SkyBlock XP
18:33:11 
18:33:11 §3§l▬▬▬▬▬▬▬▬▬▬▬▬▬▬▬▬▬▬▬▬▬▬▬▬▬▬▬▬▬▬▬▬▬▬▬▬▬▬▬▬▬▬▬▬▬▬▬▬▬▬▬▬▬▬▬▬▬▬▬▬▬▬▬▬
