16:27:59 §bNew day! §r§eYour §r§2Sky Mall §r§ebuff changed!
16:27:59 §eNew buff§r§r§r: §r§fGain §r§6+100⸕ Mining Speed§r§f.
16:27:59 §8§oYou can disable this messaging by toggling Sky Mall in your /hotm!
16:35:01 §bNew day! §r§eYour §r§2Sky Mall §r§ebuff changed!
16:35:01 §eNew buff§r§r§r: §r§fGain §r§6+50☘ Mining Fortune§r§f.
16:35:01 §8§oYou can disable this messaging by toggling Sky Mall in your /hotm!
16:55:06 §bNew day! §r§eYour §r§2Sky Mall §r§ebuff changed!
16:55:06 §eNew buff§r§r§r: §r§fGain §r§6+50☘ Mining Fortune§r§f.
16:55:06 §8§oYou can disable this messaging by toggling Sky Mall in your /hotm!
17:15:03 §bNew day! §r§eYour §r§2Sky Mall §r§ebuff changed!
17:15:03 §eNew buff§r§r§r: §r§f§r§a-20%§r§f Pickaxe Ability cooldowns.
17:15:03 §8§oYou can disable this messaging by toggling Sky Mall in your /hotm!
17:35:01 §bNew day! §r§eYour §r§2Sky Mall §r§ebuff changed!
17:35:01 §eNew buff§r§r§r: §r§fGain §r§a+15% §r§fmore Powder while mining.
17:35:01 §8§oYou can disable this messaging by toggling Sky Mall in your /hotm!
17:55:00 §bNew day! §r§eYour §r§2Sky Mall §r§ebuff changed!
17:55:00 §eNew buff§r§r§r: §r§fGain §r§6+100⸕ Mining Speed§r§f.
17:55:00 §8§oYou can disable this messaging by toggling Sky Mall in your /hotm!
18:15:01 §bNew day! §r§eYour §r§2Sky Mall §r§ebuff changed!
18:15:01 §eNew buff§r§r§r: §r§fGain §r§6+50☘ Mining Fortune§r§f.
18:15:01 §8§oYou can disable this messaging by toggling Sky Mall in your /hotm!
18:35:02 §bNew day! §r§eYour §r§2Sky Mall §r§ebuff changed!
18:35:02 §eNew buff§r§r§r: §r§fGain §r§6+100⸕ Mining Speed§r§f.
18:35:02 §8§oYou can disable this messaging by toggling Sky Mall in your /hotm!
