22:11:04 allowed click
22:11:04 allowed click
22:11:04 allowed click
22:11:04 allowed click
22:11:05 allowed click
22:11:05 allowed click
22:11:05 allowed click
22:11:05 allowed click
22:11:05 allowed click
22:11:05 allowed click
22:11:05 allowed click
22:11:05 allowed click
22:11:05 allowed click
22:11:05 allowed click
22:11:05 allowed click
22:11:05 allowed click
22:11:05 allowed click
22:11:05 allowed click
22:11:05 allowed click
22:11:05 allowed click
22:11:05 allowed click
22:11:05 allowed click
22:11:05 allowed click
22:11:05 allowed click
22:11:05 allowed click
22:11:05 allowed click
22:11:05 
22:11:05 blocked link because:
22:11:05 isNotInSignAndOnSlot
22:11:05 
22:11:05 
22:11:05 blocked link because:
22:11:05 isNotInSignAndOnSlot
22:11:05 
22:11:05 
22:11:05 blocked link because:
22:11:05 isNotInSignAndOnSlot
22:11:05 
22:11:05 
22:11:05 blocked link because:
22:11:05 isNotInSignAndOnSlot
22:11:05 
22:11:05 allowed click
22:11:05 allowed click
22:11:05 allowed click
22:11:05 allowed click
22:11:05 allowed click
22:11:05 allowed click
22:11:06 allowed click
22:11:06 allowed click
22:11:06 
22:11:06 blocked link because:
22:11:06 isNotInSignAndOnSlot
22:11:06 
22:11:06 
22:11:06 blocked link because:
22:11:06 isNotInSignAndOnSlot
22:11:06 
22:11:06 allowed click
22:11:06 allowed click
22:11:06 
22:11:06 blocked link because:
22:11:06 isNotInSignAndOnSlot
22:11:06 
22:11:06 
22:11:06 blocked link because:
22:11:06 isNotInSignAndOnSlot
22:11:06 
22:11:06 allowed click
22:11:06 allowed click
22:11:06 allowed click
22:11:06 allowed click
22:11:06 allowed click
22:11:06 allowed click
22:11:06 allowed click
22:11:06 allowed click
22:11:06 allowed click
22:11:06 allowed click
22:11:06 
22:11:06 blocked link because:
22:11:06 isNotInSignAndOnSlot
22:11:06 
22:11:06 
22:11:06 blocked link because:
22:11:06 isNotInSignAndOnSlot
22:11:06 
22:11:06 
22:11:06 blocked link because:
22:11:06 isNotInSignAndOnSlot
22:11:06 
22:11:06 
22:11:06 blocked link because:
22:11:06 isNotInSignAndOnSlot
22:11:06 
22:11:06 
22:11:06 blocked link because:
22:11:06 isNotInSignAndOnSlot
22:11:06 
22:11:06 allowed click
22:11:06 allowed click
22:11:07 
22:11:07 blocked link because:
22:11:07 isNotInSignAndOnSlot
22:11:07 
22:11:07 
22:11:07 blocked link because:
22:11:07 isNotInSignAndOnSlot
22:11:07 
22:11:07 allowed click
22:11:07 allowed click
22:11:07 allowed click
22:11:07 allowed click
22:11:07 
22:11:07 blocked link because:
22:11:07 isNotInSignAndOnSlot
22:11:07 
22:11:07 
22:11:07 blocked link because:
22:11:07 isNotInSignAndOnSlot
22:11:07 
22:11:07 
22:11:07 blocked link because:
22:11:07 isNotInSignAndOnSlot
22:11:07 
22:11:07 
22:11:07 blocked link because:
22:11:07 isNotInSignAndOnSlot
22:11:07 
22:11:07 
22:11:07 blocked link because:
22:11:07 isNotInSignAndOnSlot
22:11:07 
22:11:07 
22:11:07 blocked link because:
22:11:07 isNotInSignAndOnSlot
22:11:07 
22:11:08 
22:11:08 blocked link because:
22:11:08 isNotInSignAndOnSlot
22:11:08 
22:11:08 
22:11:08 blocked link because:
22:11:08 isNotInSignAndOnSlot
22:11:08 
22:11:08 
22:11:08 blocked link because:
22:11:08 isNotInSignAndOnSlot
22:11:08 
22:11:08 
22:11:08 blocked link because:
22:11:08 isNotInSignAndOnSlot
22:11:08 
22:11:08 
22:11:08 blocked link because:
22:11:08 isNotInSignAndOnSlot
22:11:08 
22:11:08 
22:11:08 blocked link because:
22:11:08 isNotInSignAndOnSlot
22:11:08 
22:11:09 allowed click
22:11:09 allowed click
22:11:09 allowed click
22:11:09 allowed click
22:11:09 allowed click
22:11:09 allowed click
22:11:09 allowed click
22:11:09 allowed click
22:11:09 
22:11:09 blocked link because:
22:11:09 isNotInSignAndOnSlot
22:11:09 
22:11:09 
22:11:09 blocked link because:
22:11:09 isNotInSignAndOnSlot
22:11:09 
22:11:09 
22:11:09 blocked link because:
22:11:09 isNotInSignAndOnSlot
22:11:09 
22:11:09 
22:11:09 blocked link because:
22:11:09 isNotInSignAndOnSlot
22:11:09 
22:11:09 allowed click
22:11:09 allowed click
22:11:09 
22:11:09 blocked link because:
22:11:09 isNotInSignAndOnSlot
22:11:09 
22:11:09 
22:11:09 blocked link because:
22:11:09 isNotInSignAndOnSlot
22:11:09 
22:11:10 
22:11:10 blocked link because:
22:11:10 isNotInSignAndOnSlot
22:11:10 
22:11:10 
22:11:10 blocked link because:
22:11:10 isNotInSignAndOnSlot
22:11:10 
22:11:10 allowed click
22:11:10 allowed click
22:11:10 allowed click
22:11:10 allowed click
22:11:10 allowed click
22:11:10 allowed click
22:11:10 allowed click
22:11:10 allowed click
22:29:35 
22:29:35 blocked link because:
22:29:35 isNotInSignAndOnSlot
22:29:35 
22:29:35 allowed click
22:29:35 allowed click
22:29:35 allowed click
22:29:35 allowed click
22:29:35 allowed click
22:29:35 allowed click
22:29:35 allowed click
22:29:35 allowed click
22:29:35 allowed click
22:29:35 allowed click
22:29:35 allowed click
22:29:35 allowed click
22:29:35 allowed click
22:29:35 allowed click
22:29:35 allowed click
22:29:35 allowed click
22:29:35 allowed click
22:29:35 allowed click
22:29:35 allowed click
22:29:35 allowed click
22:29:35 allowed click
22:29:35 allowed click
22:29:35 allowed click
22:29:35 allowed click
22:29:35 allowed click
22:29:35 allowed click
22:29:35 allowed click
22:29:35 allowed click
22:29:35 allowed click
22:29:35 allowed click
22:29:35 allowed click
22:29:35 allowed click
22:29:35 allowed click
22:29:35 allowed click
22:29:35 allowed click
22:29:35 allowed click
22:29:35 allowed click
22:29:35 allowed click
22:29:35 allowed click
22:29:35 allowed click
22:29:35 allowed click
22:29:35 allowed click
22:29:35 allowed click
22:29:35 allowed click
22:29:35 allowed click
22:29:35 allowed click
22:29:35 allowed click
22:29:35 allowed click
22:29:35 allowed click
22:29:35 allowed click
22:29:35 allowed click
22:29:35 allowed click
22:29:35 allowed click
22:29:35 allowed click
22:29:35 allowed click
22:29:35 allowed click
22:29:35 allowed click
22:29:35 allowed click
22:29:35 allowed click
22:29:35 allowed click
22:29:35 allowed click
22:29:35 allowed click
22:29:35 allowed click
22:29:35 allowed click
22:29:35 allowed click
22:29:35 allowed click
22:29:35 allowed click
22:29:35 allowed click
22:29:35 allowed click
22:29:35 allowed click
22:29:35 allowed click
22:29:35 allowed click
22:29:35 allowed click
22:29:35 allowed click
22:29:35 allowed click
22:29:35 allowed click
22:29:35 allowed click
22:29:35 allowed click
22:29:35 allowed click
22:29:35 allowed click
22:29:35 allowed click
22:29:36 allowed click
22:29:36 allowed click
22:29:36 allowed click
22:29:36 allowed click
22:29:36 allowed click
22:29:36 allowed click
22:29:36 allowed click
22:29:36 allowed click
22:29:36 allowed click
22:29:36 allowed click
22:29:36 allowed click
22:29:36 allowed click
22:29:36 allowed click
22:29:36 allowed click
22:29:36 allowed click
22:29:36 allowed click
22:29:36 allowed click
22:29:36 allowed click
22:29:36 allowed click
22:29:36 allowed click
22:29:36 allowed click
22:29:36 allowed click
22:29:36 allowed click
22:29:36 allowed click
22:29:36 allowed click
22:29:36 allowed click
22:29:36 allowed click
22:29:36 allowed click
22:29:36 allowed click
22:29:36 allowed click
22:29:36 allowed click
22:29:36 allowed click
22:29:36 allowed click
22:29:36 allowed click
22:29:36 allowed click
22:29:36 allowed click
22:29:36 allowed click
22:29:36 allowed click
22:29:36 allowed click
22:29:36 allowed click
22:29:36 allowed click
22:29:36 allowed click
22:29:36 allowed click
22:29:36 allowed click
22:29:36 allowed click
22:29:36 allowed click
22:29:36 allowed click
22:29:36 allowed click
22:29:36 allowed click
22:29:36 allowed click
22:29:36 allowed click
22:29:36 allowed click
22:29:36 allowed click
22:29:36 allowed click
22:29:36 allowed click
22:29:36 allowed click
22:29:36 allowed click
22:29:36 allowed click
22:29:36 allowed click
22:29:36 allowed click
22:29:36 allowed click
22:29:36 allowed click
22:29:36 allowed click
22:29:36 allowed click
22:29:36 allowed click
22:29:36 allowed click
22:29:36 allowed click
22:29:36 allowed click
22:29:36 allowed click
22:29:36 allowed click
22:29:36 allowed click
22:29:36 allowed click
22:29:36 allowed click
22:29:36 allowed click
22:29:36 allowed click
22:29:36 allowed click
22:29:36 allowed click
22:29:36 allowed click
22:29:36 allowed click
22:29:36 allowed click
22:29:36 allowed click
22:29:36 allowed click
22:29:36 allowed click
22:29:36 allowed click
22:29:36 allowed click
22:29:36 allowed click
22:29:36 allowed click
22:29:36 allowed click
22:29:36 allowed click
22:29:36 allowed click
22:29:36 allowed click
22:29:36 allowed click
22:29:36 allowed click
22:29:36 allowed click
22:29:36 allowed click
22:29:36 allowed click
22:29:36 allowed click
22:29:36 allowed click
22:29:36 allowed click
22:29:36 allowed click
22:29:36 allowed click
22:29:36 allowed click
22:29:36 allowed click
22:29:36 allowed click
22:29:36 allowed click
22:29:36 allowed click
22:29:36 allowed click
22:29:36 allowed click
22:29:36 allowed click
22:29:36 allowed click
22:29:36 allowed click
22:29:36 allowed click
22:29:36 allowed click
22:29:36 allowed click
22:29:36 allowed click
22:29:36 allowed click
22:29:36 allowed click
22:29:36 allowed click
22:29:36 allowed click
22:29:36 allowed click
22:29:36 allowed click
22:29:36 allowed click
22:29:36 allowed click
22:29:36 allowed click
22:29:36 allowed click
22:29:36 allowed click
22:29:36 allowed click
22:29:36 allowed click
22:29:36 allowed click
22:29:36 allowed click
22:29:36 allowed click
22:29:36 allowed click
22:29:36 allowed click
22:29:36 allowed click
22:29:36 allowed click
22:29:36 allowed click
22:29:36 allowed click
22:29:36 allowed click
22:29:36 allowed click
22:29:36 allowed click
22:29:36 allowed click
22:29:36 allowed click
22:29:36 allowed click
22:29:36 allowed click
22:29:36 allowed click
22:29:36 allowed click
22:29:36 allowed click
22:29:36 allowed click
22:29:36 allowed click
22:29:36 allowed click
22:29:36 allowed click
22:29:36 allowed click
22:29:36 allowed click
22:29:36 allowed click
22:29:36 allowed click
22:29:36 allowed click
22:29:36 allowed click
22:29:36 allowed click
22:29:36 allowed click
22:29:36 allowed click
22:29:36 allowed click
22:29:36 allowed click
22:29:36 allowed click
22:29:36 allowed click
22:29:36 allowed click
22:29:36 allowed click
22:29:37 allowed click
22:29:37 allowed click
22:29:37 allowed click
22:29:37 allowed click
22:29:37 allowed click
22:29:37 allowed click
22:29:37 allowed click
22:29:37 allowed click
22:29:37 allowed click
22:29:37 allowed click
22:29:37 allowed click
22:29:37 allowed click
22:29:37 allowed click
22:29:37 allowed click
22:29:37 allowed click
22:29:37 allowed click
22:29:37 allowed click
22:29:37 allowed click
22:29:37 allowed click
22:29:37 allowed click
22:29:37 allowed click
22:29:37 allowed click
22:29:37 allowed click
22:29:37 allowed click
22:29:37 allowed click
22:29:37 allowed click
22:29:37 allowed click
22:29:37 allowed click
22:29:37 allowed click
22:29:37 allowed click
22:29:37 allowed click
22:29:37 allowed click
22:29:37 allowed click
22:29:37 allowed click
22:29:37 allowed click
22:29:37 allowed click
22:29:37 allowed click
22:29:37 allowed click
22:29:37 allowed click
22:29:37 allowed click
22:29:37 allowed click
22:29:37 allowed click
22:29:37 allowed click
22:29:37 allowed click
22:29:37 allowed click
22:29:37 allowed click
22:29:37 allowed click
22:29:37 allowed click
22:29:37 allowed click
22:29:37 allowed click
22:29:37 allowed click
22:29:37 allowed click
22:29:37 allowed click
22:29:37 allowed click
22:29:37 allowed click
22:29:37 allowed click
22:29:37 allowed click
22:29:37 allowed click
22:29:37 allowed click
22:29:37 allowed click
22:29:37 allowed click
22:29:37 allowed click
22:29:37 allowed click
22:29:37 allowed click
22:29:37 allowed click
22:29:37 allowed click
22:29:37 allowed click
22:29:37 allowed click
22:29:37 allowed click
22:29:55 
22:29:55 blocked link because:
22:29:55 isGuiScreen
22:29:55 isNotInSignAndOnSlot
22:29:55 
22:29:55 
22:29:55 blocked link because:
22:29:55 isGuiScreen
22:29:55 isNotInSignAndOnSlot
22:29:55 
22:29:55 
22:29:55 blocked link because:
22:29:55 isGuiScreen
22:29:55 isNotInSignAndOnSlot
22:29:55 
22:29:55 
22:29:55 blocked link because:
22:29:55 isGuiScreen
22:29:55 isNotInSignAndOnSlot
22:29:55 
22:29:55 
22:29:55 blocked link because:
22:29:55 isGuiScreen
22:29:55 isNotInSignAndOnSlot
22:29:55 
22:29:55 
22:29:55 blocked link because:
22:29:55 isGuiScreen
22:29:55 isNotInSignAndOnSlot
22:29:55 
22:29:55 
22:29:55 blocked link because:
22:29:55 isGuiScreen
22:29:55 isNotInSignAndOnSlot
22:29:55 
22:29:56 
22:29:56 blocked link because:
22:29:56 isGuiScreen
22:29:56 isNotInSignAndOnSlot
22:29:56 
22:29:56 
22:29:56 blocked link because:
22:29:56 isGuiScreen
22:29:56 isNotInSignAndOnSlot
22:29:56 
22:29:58 
22:29:58 blocked link because:
22:29:58 isGuiScreen
22:29:58 isNotInSignAndOnSlot
22:29:58 
22:29:58 
22:29:58 blocked link because:
22:29:58 isGuiScreen
22:29:58 isNotInSignAndOnSlot
22:29:58 
22:29:58 
22:29:58 blocked link because:
22:29:58 isGuiScreen
22:29:58 isNotInSignAndOnSlot
22:29:58 
22:29:58 
22:29:58 blocked link because:
22:29:58 isGuiScreen
22:29:58 isNotInSignAndOnSlot
22:29:58 
22:29:58 
22:29:58 blocked link because:
22:29:58 isGuiScreen
22:29:58 isNotInSignAndOnSlot
22:29:58 
22:29:58 
22:29:58 blocked link because:
22:29:58 isGuiScreen
22:29:58 isNotInSignAndOnSlot
22:29:58 
22:29:58 
22:29:58 blocked link because:
22:29:58 isGuiScreen
22:29:58 isNotInSignAndOnSlot
22:29:58 
22:29:58 
22:29:58 blocked link because:
22:29:58 isGuiScreen
22:29:58 isNotInSignAndOnSlot
22:29:58 
22:29:58 
22:29:58 blocked link because:
22:29:58 isGuiScreen
22:29:58 isNotInSignAndOnSlot
22:29:58 
22:29:58 
22:29:58 blocked link because:
22:29:58 isGuiScreen
22:29:58 isNotInSignAndOnSlot
22:29:58 
22:29:58 
22:29:58 blocked link because:
22:29:58 isGuiScreen
22:29:58 isNotInSignAndOnSlot
22:29:58 
22:29:58 
22:29:58 blocked link because:
22:29:58 isGuiScreen
22:29:58 isNotInSignAndOnSlot
22:29:58 
22:29:58 
22:29:58 blocked link because:
22:29:58 isGuiScreen
22:29:58 isNotInSignAndOnSlot
22:29:58 
22:29:58 
22:29:58 blocked link because:
22:29:58 isGuiScreen
22:29:58 isNotInSignAndOnSlot
22:29:58 
22:29:58 
22:29:58 blocked link because:
22:29:58 isGuiScreen
22:29:58 isNotInSignAndOnSlot
22:29:58 
22:29:58 
22:29:58 blocked link because:
22:29:58 isGuiScreen
22:29:58 isNotInSignAndOnSlot
22:29:58 
22:29:58 
22:29:58 blocked link because:
22:29:58 isGuiScreen
22:29:58 isNotInSignAndOnSlot
22:29:58 
22:29:59 
22:29:59 blocked link because:
22:29:59 isGuiScreen
22:29:59 isNotInSignAndOnSlot
22:29:59 
22:29:59 
22:29:59 blocked link because:
22:29:59 isGuiScreen
22:29:59 isNotInSignAndOnSlot
22:29:59 
22:29:59 
22:29:59 blocked link because:
22:29:59 isGuiScreen
22:29:59 isNotInSignAndOnSlot
22:29:59 
22:29:59 
22:29:59 blocked link because:
22:29:59 isGuiScreen
22:29:59 isNotInSignAndOnSlot
22:29:59 
22:29:59 
22:29:59 blocked link because:
22:29:59 isGuiScreen
22:29:59 isNotInSignAndOnSlot
22:29:59 
22:29:59 
22:29:59 blocked link because:
22:29:59 isGuiScreen
22:29:59 isNotInSignAndOnSlot
22:29:59 
22:29:59 
22:29:59 blocked link because:
22:29:59 isGuiScreen
22:29:59 isNotInSignAndOnSlot
22:29:59 
22:29:59 
22:29:59 blocked link because:
22:29:59 isGuiScreen
22:29:59 isNotInSignAndOnSlot
22:29:59 
22:29:59 
22:29:59 blocked link because:
22:29:59 isGuiScreen
22:29:59 isNotInSignAndOnSlot
22:29:59 
22:29:59 
22:29:59 blocked link because:
22:29:59 isGuiScreen
22:29:59 isNotInSignAndOnSlot
22:29:59 
22:29:59 
22:29:59 blocked link because:
22:29:59 isGuiScreen
22:29:59 isNotInSignAndOnSlot
22:29:59 
22:29:59 
22:29:59 blocked link because:
22:29:59 isGuiScreen
22:29:59 isNotInSignAndOnSlot
22:29:59 
22:29:59 
22:29:59 blocked link because:
22:29:59 isGuiScreen
22:29:59 isNotInSignAndOnSlot
22:29:59 
22:29:59 
22:29:59 blocked link because:
22:29:59 isGuiScreen
22:29:59 isNotInSignAndOnSlot
22:29:59 
22:29:59 
22:29:59 blocked link because:
22:29:59 isGuiScreen
22:29:59 isNotInSignAndOnSlot
22:29:59 
22:29:59 
22:29:59 blocked link because:
22:29:59 isGuiScreen
22:29:59 isNotInSignAndOnSlot
22:29:59 
22:29:59 
22:29:59 blocked link because:
22:29:59 isGuiScreen
22:29:59 isNotInSignAndOnSlot
22:29:59 
22:29:59 
22:29:59 blocked link because:
22:29:59 isGuiScreen
22:29:59 isNotInSignAndOnSlot
22:29:59 
22:29:59 
22:29:59 blocked link because:
22:29:59 isGuiScreen
22:29:59 isNotInSignAndOnSlot
22:29:59 
22:29:59 
22:29:59 blocked link because:
22:29:59 isGuiScreen
22:29:59 isNotInSignAndOnSlot
22:29:59 
22:29:59 
22:29:59 blocked link because:
22:29:59 isGuiScreen
22:29:59 isNotInSignAndOnSlot
22:29:59 
22:29:59 
22:29:59 blocked link because:
22:29:59 isGuiScreen
22:29:59 isNotInSignAndOnSlot
22:29:59 
22:29:59 
22:29:59 blocked link because:
22:29:59 isGuiScreen
22:29:59 isNotInSignAndOnSlot
22:29:59 
22:29:59 
22:29:59 blocked link because:
22:29:59 isGuiScreen
22:29:59 isNotInSignAndOnSlot
22:29:59 
22:29:59 
22:29:59 blocked link because:
22:29:59 isGuiScreen
22:29:59 isNotInSignAndOnSlot
22:29:59 
22:29:59 
22:29:59 blocked link because:
22:29:59 isGuiScreen
22:29:59 isNotInSignAndOnSlot
22:29:59 
22:29:59 
22:29:59 blocked link because:
22:29:59 isGuiScreen
22:29:59 isNotInSignAndOnSlot
22:29:59 
22:29:59 
22:29:59 blocked link because:
22:29:59 isGuiScreen
22:29:59 isNotInSignAndOnSlot
22:29:59 
22:29:59 
22:29:59 blocked link because:
22:29:59 isGuiScreen
22:29:59 isNotInSignAndOnSlot
22:29:59 
22:29:59 
22:29:59 blocked link because:
22:29:59 isGuiScreen
22:29:59 isNotInSignAndOnSlot
22:29:59 
22:29:59 
22:29:59 blocked link because:
22:29:59 isGuiScreen
22:29:59 isNotInSignAndOnSlot
22:29:59 
22:29:59 
22:29:59 blocked link because:
22:29:59 isGuiScreen
22:29:59 isNotInSignAndOnSlot
22:29:59 
22:29:59 
22:29:59 blocked link because:
22:29:59 isGuiScreen
22:29:59 isNotInSignAndOnSlot
22:29:59 
22:29:59 
22:29:59 blocked link because:
22:29:59 isGuiScreen
22:29:59 isNotInSignAndOnSlot
22:29:59 
22:29:59 
22:29:59 blocked link because:
22:29:59 isGuiScreen
22:29:59 isNotInSignAndOnSlot
22:29:59 
22:29:59 
22:29:59 blocked link because:
22:29:59 isGuiScreen
22:29:59 isNotInSignAndOnSlot
22:29:59 
22:29:59 
22:29:59 blocked link because:
22:29:59 isGuiScreen
22:29:59 isNotInSignAndOnSlot
22:29:59 
22:29:59 
22:29:59 blocked link because:
22:29:59 isGuiScreen
22:29:59 isNotInSignAndOnSlot
22:29:59 
22:30:13 
22:30:13 blocked link because:
22:30:13 isGuiScreen
22:30:13 isNotInSignAndOnSlot
22:30:13 
22:30:13 
22:30:13 blocked link because:
22:30:13 isGuiScreen
22:30:13 isNotInSignAndOnSlot
22:30:13 
22:30:13 
22:30:13 blocked link because:
22:30:13 isGuiScreen
22:30:13 isNotInSignAndOnSlot
22:30:13 
22:30:13 
22:30:13 blocked link because:
22:30:13 isGuiScreen
22:30:13 isNotInSignAndOnSlot
22:30:13 
22:30:20 
22:30:20 blocked link because:
22:30:20 isGuiScreen
22:30:20 isNotInSignAndOnSlot
22:30:20 
22:30:20 
22:30:20 blocked link because:
22:30:20 isGuiScreen
22:30:20 isNotInSignAndOnSlot
22:30:20 
22:30:20 
22:30:20 blocked link because:
22:30:20 isGuiScreen
22:30:20 isNotInSignAndOnSlot
22:30:20 
22:30:20 
22:30:20 blocked link because:
22:30:20 isGuiScreen
22:30:20 isNotInSignAndOnSlot
22:30:20 
22:30:20 
22:30:20 blocked link because:
22:30:20 isGuiScreen
22:30:20 isNotInSignAndOnSlot
22:30:20 
22:30:20 
22:30:20 blocked link because:
22:30:20 isGuiScreen
22:30:20 isNotInSignAndOnSlot
22:30:20 
22:30:20 
22:30:20 blocked link because:
22:30:20 isGuiScreen
22:30:20 isNotInSignAndOnSlot
22:30:20 
22:30:20 
22:30:20 blocked link because:
22:30:20 isGuiScreen
22:30:20 isNotInSignAndOnSlot
22:30:20 
22:30:20 
22:30:20 blocked link because:
22:30:20 isGuiScreen
22:30:20 isNotInSignAndOnSlot
22:30:20 
22:30:20 
22:30:20 blocked link because:
22:30:20 isGuiScreen
22:30:20 isNotInSignAndOnSlot
22:30:20 
22:30:20 
22:30:20 blocked link because:
22:30:20 isGuiScreen
22:30:20 isNotInSignAndOnSlot
22:30:20 
22:30:20 
22:30:20 blocked link because:
22:30:20 isGuiScreen
22:30:20 isNotInSignAndOnSlot
22:30:20 
22:30:20 
22:30:20 blocked link because:
22:30:20 isGuiScreen
22:30:20 isNotInSignAndOnSlot
22:30:20 
22:30:20 
22:30:20 blocked link because:
22:30:20 isGuiScreen
22:30:20 isNotInSignAndOnSlot
22:30:20 
22:30:20 
22:30:20 blocked link because:
22:30:20 isGuiScreen
22:30:20 isNotInSignAndOnSlot
22:30:20 
22:30:20 
22:30:20 blocked link because:
22:30:20 isGuiScreen
22:30:20 isNotInSignAndOnSlot
22:30:20 
22:30:20 
22:30:20 blocked link because:
22:30:20 isGuiScreen
22:30:20 isNotInSignAndOnSlot
22:30:20 
22:30:20 
22:30:20 blocked link because:
22:30:20 isGuiScreen
22:30:20 isNotInSignAndOnSlot
22:30:20 
22:30:20 
22:30:20 blocked link because:
22:30:20 isGuiScreen
22:30:20 isNotInSignAndOnSlot
22:30:20 
22:30:20 
22:30:20 blocked link because:
22:30:20 isGuiScreen
22:30:20 isNotInSignAndOnSlot
22:30:20 
22:30:20 
22:30:20 blocked link because:
22:30:20 isGuiScreen
22:30:20 isNotInSignAndOnSlot
22:30:20 
22:30:20 
22:30:20 blocked link because:
22:30:20 isGuiScreen
22:30:20 isNotInSignAndOnSlot
22:30:20 
22:30:20 
22:30:20 blocked link because:
22:30:20 isGuiScreen
22:30:20 isNotInSignAndOnSlot
22:30:20 
22:30:20 
22:30:20 blocked link because:
22:30:20 isGuiScreen
22:30:20 isNotInSignAndOnSlot
22:30:20 
22:30:20 
22:30:20 blocked link because:
22:30:20 isGuiScreen
22:30:20 isNotInSignAndOnSlot
22:30:20 
22:30:20 
22:30:20 blocked link because:
22:30:20 isGuiScreen
22:30:20 isNotInSignAndOnSlot
22:30:20 
22:30:20 
22:30:20 blocked link because:
22:30:20 isGuiScreen
22:30:20 isNotInSignAndOnSlot
22:30:20 
22:30:20 
22:30:20 blocked link because:
22:30:20 isGuiScreen
22:30:20 isNotInSignAndOnSlot
22:30:20 
22:30:20 
22:30:20 blocked link because:
22:30:20 isGuiScreen
22:30:20 isNotInSignAndOnSlot
22:30:20 
22:30:20 
22:30:20 blocked link because:
22:30:20 isGuiScreen
22:30:20 isNotInSignAndOnSlot
22:30:20 
22:30:20 
22:30:20 blocked link because:
22:30:20 isGuiScreen
22:30:20 isNotInSignAndOnSlot
22:30:20 
22:30:20 
22:30:20 blocked link because:
22:30:20 isGuiScreen
22:30:20 isNotInSignAndOnSlot
22:30:20 
22:30:21 
22:30:21 blocked link because:
22:30:21 isGuiScreen
22:30:21 isNotInSignAndOnSlot
22:30:21 
22:30:21 
22:30:21 blocked link because:
22:30:21 isGuiScreen
22:30:21 isNotInSignAndOnSlot
22:30:21 
22:30:21 
22:30:21 blocked link because:
22:30:21 isGuiScreen
22:30:21 isNotInSignAndOnSlot
22:30:21 
22:30:21 
22:30:21 blocked link because:
22:30:21 isGuiScreen
22:30:21 isNotInSignAndOnSlot
22:30:21 
22:30:21 
22:30:21 blocked link because:
22:30:21 isGuiScreen
22:30:21 isNotInSignAndOnSlot
22:30:21 
22:30:21 
22:30:21 blocked link because:
22:30:21 isGuiScreen
22:30:21 isNotInSignAndOnSlot
22:30:21 
22:30:21 
22:30:21 blocked link because:
22:30:21 isGuiScreen
22:30:21 isNotInSignAndOnSlot
22:30:21 
22:30:21 
22:30:21 blocked link because:
22:30:21 isGuiScreen
22:30:21 isNotInSignAndOnSlot
22:30:21 
22:30:21 
22:30:21 blocked link because:
22:30:21 isGuiScreen
22:30:21 isNotInSignAndOnSlot
22:30:21 
22:30:21 
22:30:21 blocked link because:
22:30:21 isGuiScreen
22:30:21 isNotInSignAndOnSlot
22:30:21 
22:30:21 
22:30:21 blocked link because:
22:30:21 isGuiScreen
22:30:21 isNotInSignAndOnSlot
22:30:21 
22:30:21 
22:30:21 blocked link because:
22:30:21 isGuiScreen
22:30:21 isNotInSignAndOnSlot
22:30:21 
22:30:21 
22:30:21 blocked link because:
22:30:21 isGuiScreen
22:30:21 isNotInSignAndOnSlot
22:30:21 
22:30:21 
22:30:21 blocked link because:
22:30:21 isGuiScreen
22:30:21 isNotInSignAndOnSlot
22:30:21 
22:30:21 
22:30:21 blocked link because:
22:30:21 isGuiScreen
22:30:21 isNotInSignAndOnSlot
22:30:21 
22:30:21 
22:30:21 blocked link because:
22:30:21 isGuiScreen
22:30:21 isNotInSignAndOnSlot
22:30:21 
22:30:21 
22:30:21 blocked link because:
22:30:21 isGuiScreen
22:30:21 isNotInSignAndOnSlot
22:30:21 
22:30:21 
22:30:21 blocked link because:
22:30:21 isGuiScreen
22:30:21 isNotInSignAndOnSlot
22:30:21 
22:30:21 
22:30:21 blocked link because:
22:30:21 isGuiScreen
22:30:21 isNotInSignAndOnSlot
22:30:21 
22:30:21 
22:30:21 blocked link because:
22:30:21 isGuiScreen
22:30:21 isNotInSignAndOnSlot
22:30:21 
22:30:21 
22:30:21 blocked link because:
22:30:21 isGuiScreen
22:30:21 isNotInSignAndOnSlot
22:30:21 
22:30:21 
22:30:21 blocked link because:
22:30:21 isGuiScreen
22:30:21 isNotInSignAndOnSlot
22:30:21 
22:30:21 
22:30:21 blocked link because:
22:30:21 isGuiScreen
22:30:21 isNotInSignAndOnSlot
22:30:21 
22:30:21 
22:30:21 blocked link because:
22:30:21 isGuiScreen
22:30:21 isNotInSignAndOnSlot
22:30:21 
22:30:21 
22:30:21 blocked link because:
22:30:21 isGuiScreen
22:30:21 isNotInSignAndOnSlot
22:30:21 
22:30:21 
22:30:21 blocked link because:
22:30:21 isGuiScreen
22:30:21 isNotInSignAndOnSlot
22:30:21 
22:30:21 
22:30:21 blocked link because:
22:30:21 isGuiScreen
22:30:21 isNotInSignAndOnSlot
22:30:21 
22:30:21 
22:30:21 blocked link because:
22:30:21 isGuiScreen
22:30:21 isNotInSignAndOnSlot
22:30:21 
22:30:32 
22:30:32 blocked link because:
22:30:32 isGuiScreen
22:30:32 
22:30:32 
22:30:32 blocked link because:
22:30:32 isGuiScreen
22:30:32 
22:30:32 
22:30:32 blocked link because:
22:30:32 isGuiScreen
22:30:32 
22:30:32 
22:30:32 blocked link because:
22:30:32 isGuiScreen
22:30:32 
22:30:32 
22:30:32 blocked link because:
22:30:32 isGuiScreen
22:30:32 
22:30:32 
22:30:32 blocked link because:
22:30:32 isGuiScreen
22:30:32 
22:30:32 
22:30:32 blocked link because:
22:30:32 isGuiScreen
22:30:32 
22:30:32 
22:30:32 blocked link because:
22:30:32 isGuiScreen
22:30:32 
22:30:32 
22:30:32 blocked link because:
22:30:32 isGuiScreen
22:30:32 
22:30:32 
22:30:32 blocked link because:
22:30:32 isGuiScreen
22:30:32 
22:30:32 
22:30:32 blocked link because:
22:30:32 isGuiScreen
22:30:32 
22:30:32 
22:30:32 blocked link because:
22:30:32 isGuiScreen
22:30:32 
22:30:32 
22:30:32 blocked link because:
22:30:32 isGuiScreen
22:30:32 
22:30:32 
22:30:32 blocked link because:
22:30:32 isGuiScreen
22:30:32 
22:30:32 
22:30:32 blocked link because:
22:30:32 isGuiScreen
22:30:32 
22:30:32 
22:30:32 blocked link because:
22:30:32 isGuiScreen
22:30:32 
22:30:32 
22:30:32 blocked link because:
22:30:32 isGuiScreen
22:30:32 
22:30:32 
22:30:32 blocked link because:
22:30:32 isGuiScreen
22:30:32 
22:30:32 
22:30:32 blocked link because:
22:30:32 isGuiScreen
22:30:32 
22:30:32 
22:30:32 blocked link because:
22:30:32 isGuiScreen
22:30:32 
22:30:32 
22:30:32 blocked link because:
22:30:32 isGuiScreen
22:30:32 
22:30:32 
22:30:32 blocked link because:
22:30:32 isGuiScreen
22:30:32 
22:30:32 
22:30:32 blocked link because:
22:30:32 isGuiScreen
22:30:32 
22:30:32 
22:30:32 blocked link because:
22:30:32 isGuiScreen
22:30:32 
22:30:32 
22:30:32 blocked link because:
22:30:32 isGuiScreen
22:30:32 
22:30:32 
22:30:32 blocked link because:
22:30:32 isGuiScreen
22:30:32 
22:30:32 
22:30:32 blocked link because:
22:30:32 isGuiScreen
22:30:32 
22:30:32 
22:30:32 blocked link because:
22:30:32 isGuiScreen
22:30:32 
22:30:32 
22:30:32 blocked link because:
22:30:32 isGuiScreen
22:30:32 
22:30:32 
22:30:32 blocked link because:
22:30:32 isGuiScreen
22:30:32 
22:30:32 
22:30:32 blocked link because:
22:30:32 isGuiScreen
22:30:32 
22:30:32 
22:30:32 blocked link because:
22:30:32 isGuiScreen
22:30:32 
22:30:32 
22:30:32 blocked link because:
22:30:32 isGuiScreen
22:30:32 
22:30:32 
22:30:32 blocked link because:
22:30:32 isGuiScreen
22:30:32 
22:30:32 
22:30:32 blocked link because:
22:30:32 isGuiScreen
22:30:32 
22:30:33 
22:30:33 blocked link because:
22:30:33 isGuiScreen
22:30:33 
22:30:33 
22:30:33 blocked link because:
22:30:33 isGuiScreen
22:30:33 
22:30:33 
22:30:33 blocked link because:
22:30:33 isGuiScreen
22:30:33 
22:30:33 
22:30:33 blocked link because:
22:30:33 isGuiScreen
22:30:33 
22:30:33 
22:30:33 blocked link because:
22:30:33 isGuiScreen
22:30:33 
22:30:33 
22:30:33 blocked link because:
22:30:33 isGuiScreen
22:30:33 
22:30:33 
22:30:33 blocked link because:
22:30:33 isGuiScreen
22:30:33 
22:30:33 
22:30:33 blocked link because:
22:30:33 isGuiScreen
22:30:33 
22:30:33 
22:30:33 blocked link because:
22:30:33 isGuiScreen
22:30:33 
22:30:33 
22:30:33 blocked link because:
22:30:33 isGuiScreen
22:30:33 
22:30:33 
22:30:33 blocked link because:
22:30:33 isGuiScreen
22:30:33 
22:30:33 
22:30:33 blocked link because:
22:30:33 isGuiScreen
22:30:33 
22:30:33 
22:30:33 blocked link because:
22:30:33 isGuiScreen
22:30:33 
22:30:33 
22:30:33 blocked link because:
22:30:33 isGuiScreen
22:30:33 
22:30:33 
22:30:33 blocked link because:
22:30:33 isGuiScreen
22:30:33 
22:30:33 
22:30:33 blocked link because:
22:30:33 isGuiScreen
22:30:33 
22:30:33 
22:30:33 blocked link because:
22:30:33 isGuiScreen
22:30:33 
22:30:33 
22:30:33 blocked link because:
22:30:33 isGuiScreen
22:30:33 
22:30:33 
22:30:33 blocked link because:
22:30:33 isGuiScreen
22:30:33 
22:30:33 
22:30:33 blocked link because:
22:30:33 isGuiScreen
22:30:33 
22:30:33 
22:30:33 blocked link because:
22:30:33 isGuiScreen
22:30:33 
22:30:33 
22:30:33 blocked link because:
22:30:33 isGuiScreen
22:30:33 
22:30:33 
22:30:33 blocked link because:
22:30:33 isGuiScreen
22:30:33 
22:30:37 
22:30:37 blocked link because:
22:30:37 isGuiScreen
22:30:37 
22:30:37 
22:30:37 blocked link because:
22:30:37 isGuiScreen
22:30:37 
22:30:40 
22:30:40 blocked link because:
22:30:40 isGuiScreen
22:30:40 
22:30:41 
22:30:41 blocked link because:
22:30:41 isGuiScreen
22:30:41 
22:31:14 
22:31:14 blocked link because:
22:31:14 isGuiScreen
22:31:14 isNotInSignAndOnSlot
22:31:14 
22:31:14 
22:31:14 blocked link because:
22:31:14 isGuiScreen
22:31:14 isNotInSignAndOnSlot
22:31:14 
22:31:14 
22:31:14 blocked link because:
22:31:14 isGuiScreen
22:31:14 isNotInSignAndOnSlot
22:31:14 
22:31:38 
22:31:38 blocked link because:
22:31:38 isNotInSignAndOnSlot
22:31:38 
22:31:38 allowed click
22:31:38 allowed click
22:31:38 allowed click
22:31:38 allowed click
22:31:38 allowed click
22:31:38 allowed click
22:31:38 allowed click
22:31:38 allowed click
22:31:38 allowed click
22:31:38 allowed click
22:31:38 allowed click
22:31:38 allowed click
22:31:38 allowed click
22:31:38 allowed click
22:31:38 allowed click
22:31:38 allowed click
22:31:38 allowed click
22:31:38 allowed click
22:31:38 allowed click
22:31:38 allowed click
22:31:38 allowed click
22:31:38 allowed click
22:31:38 allowed click
22:31:38 allowed click
22:31:38 allowed click
22:31:38 allowed click
22:31:38 allowed click
22:31:38 allowed click
22:31:38 allowed click
22:31:38 allowed click
22:31:38 allowed click
22:31:38 allowed click
22:31:38 allowed click
22:31:38 allowed click
22:31:38 allowed click
22:31:38 allowed click
22:31:38 allowed click
22:31:38 allowed click
22:31:38 allowed click
22:31:38 allowed click
22:31:38 allowed click
22:31:38 allowed click
22:31:38 allowed click
22:31:38 allowed click
22:31:38 allowed click
22:31:38 allowed click
22:31:38 allowed click
22:31:38 allowed click
22:31:38 allowed click
22:31:38 allowed click
22:31:38 allowed click
22:31:38 allowed click
22:31:38 allowed click
22:31:38 allowed click
22:31:38 allowed click
22:31:38 allowed click
22:31:38 allowed click
22:31:38 allowed click
22:31:38 allowed click
22:31:38 allowed click
22:31:38 allowed click
22:31:38 allowed click
22:31:38 allowed click
22:31:38 allowed click
22:31:38 allowed click
22:31:38 allowed click
22:31:38 allowed click
22:31:38 allowed click
22:31:38 allowed click
22:31:38 allowed click
22:31:38 allowed click
22:31:38 allowed click
22:31:38 allowed click
22:31:38 allowed click
22:31:38 allowed click
22:31:39 allowed click
22:31:39 allowed click
22:31:39 allowed click
22:31:39 allowed click
22:31:39 allowed click
22:31:39 allowed click
22:31:39 allowed click
22:31:39 allowed click
22:31:39 allowed click
22:31:39 allowed click
22:31:39 allowed click
22:31:39 allowed click
22:31:39 allowed click
22:31:39 allowed click
22:31:39 allowed click
22:31:39 allowed click
22:31:39 allowed click
22:31:39 allowed click
22:31:39 allowed click
22:31:39 allowed click
22:31:39 allowed click
22:31:39 allowed click
22:31:39 allowed click
22:31:39 allowed click
22:31:39 allowed click
22:31:39 allowed click
22:31:39 allowed click
22:31:39 allowed click
22:31:39 allowed click
22:31:39 allowed click
22:31:39 allowed click
22:31:39 allowed click
22:31:39 allowed click
22:31:39 allowed click
22:31:39 allowed click
22:31:39 allowed click
22:31:39 allowed click
22:31:39 allowed click
22:31:39 allowed click
22:31:39 allowed click
22:31:39 allowed click
22:31:39 allowed click
22:31:39 allowed click
22:31:39 allowed click
22:31:39 allowed click
22:31:39 allowed click
22:31:39 allowed click
22:31:39 allowed click
22:31:39 allowed click
22:31:39 allowed click
22:31:39 allowed click
22:31:39 allowed click
22:31:39 allowed click
22:31:39 allowed click
22:31:39 allowed click
22:31:39 allowed click
22:31:39 allowed click
22:31:39 allowed click
22:31:39 allowed click
22:31:39 allowed click
22:31:39 allowed click
22:31:39 allowed click
22:31:39 allowed click
22:31:39 allowed click
22:31:39 allowed click
22:31:39 allowed click
22:31:39 allowed click
22:31:39 allowed click
22:31:39 allowed click
22:31:39 allowed click
22:31:39 allowed click
22:31:39 allowed click
22:31:39 allowed click
22:31:39 allowed click
22:31:39 allowed click
22:31:39 allowed click
22:31:39 allowed click
22:31:39 allowed click
22:31:39 allowed click
22:31:39 allowed click
22:31:39 allowed click
22:31:39 allowed click
22:31:39 allowed click
22:31:39 allowed click
22:31:39 allowed click
22:31:39 allowed click
22:31:39 allowed click
22:31:39 allowed click
22:31:39 allowed click
22:31:39 allowed click
22:31:39 allowed click
22:31:39 allowed click
22:31:39 allowed click
22:31:39 allowed click
22:31:39 allowed click
22:31:39 allowed click
22:31:39 allowed click
22:31:39 allowed click
22:31:39 allowed click
22:31:39 allowed click
22:31:39 allowed click
22:31:39 allowed click
22:31:39 allowed click
22:31:39 allowed click
22:31:39 allowed click
22:31:39 allowed click
22:31:39 allowed click
22:31:39 allowed click
22:31:39 allowed click
22:31:39 allowed click
22:31:39 allowed click
22:31:39 allowed click
22:31:39 allowed click
22:31:39 allowed click
22:31:39 allowed click
22:31:39 allowed click
22:31:39 allowed click
22:31:39 allowed click
22:31:39 allowed click
22:31:39 allowed click
22:31:39 allowed click
22:31:39 allowed click
22:31:39 allowed click
22:31:39 allowed click
22:31:39 allowed click
22:31:39 allowed click
22:31:39 allowed click
22:31:39 allowed click
22:31:39 allowed click
22:31:39 allowed click
22:31:39 allowed click
22:31:39 allowed click
22:31:39 allowed click
22:31:39 allowed click
22:31:39 allowed click
22:31:39 allowed click
22:31:39 allowed click
22:31:39 allowed click
22:31:39 allowed click
22:31:39 allowed click
22:31:39 allowed click
22:31:39 allowed click
22:31:39 allowed click
22:31:39 allowed click
22:31:39 allowed click
22:31:39 allowed click
22:31:39 allowed click
22:31:39 allowed click
22:31:39 allowed click
22:31:39 allowed click
22:31:39 allowed click
22:31:39 allowed click
22:31:39 allowed click
22:31:39 allowed click
22:31:39 allowed click
22:31:39 allowed click
22:31:39 allowed click
22:31:39 allowed click
22:31:39 allowed click
22:31:39 allowed click
22:31:39 allowed click
22:31:39 allowed click
22:31:39 allowed click
22:31:39 allowed click
22:31:39 allowed click
22:31:39 allowed click
22:31:39 allowed click
22:31:39 allowed click
22:31:39 allowed click
22:31:40 allowed click
22:31:40 allowed click
22:31:40 allowed click
22:31:40 allowed click
22:31:40 allowed click
22:31:40 allowed click
22:31:40 allowed click
22:31:40 allowed click
22:31:40 allowed click
22:31:40 allowed click
22:31:40 allowed click
22:31:40 allowed click
22:31:40 allowed click
22:31:40 allowed click
22:31:40 allowed click
22:31:40 allowed click
22:31:40 allowed click
22:31:40 allowed click
22:31:40 allowed click
22:31:40 allowed click
22:31:40 allowed click
22:31:40 allowed click
22:31:40 allowed click
22:31:40 allowed click
22:31:40 allowed click
22:31:40 allowed click
22:31:40 allowed click
22:31:40 allowed click
22:31:40 allowed click
22:31:40 allowed click
22:31:40 allowed click
22:31:40 allowed click
22:31:40 allowed click
22:31:40 allowed click
22:31:40 allowed click
22:31:40 allowed click
22:31:40 allowed click
22:31:40 allowed click
22:31:40 allowed click
22:31:40 allowed click
22:31:40 allowed click
22:31:40 allowed click
22:31:40 allowed click
22:31:40 allowed click
22:31:40 allowed click
22:31:40 allowed click
22:31:40 allowed click
22:31:40 allowed click
22:31:40 allowed click
22:31:40 allowed click
22:31:40 allowed click
22:31:40 allowed click
22:31:40 allowed click
22:31:40 allowed click
22:31:40 allowed click
22:31:40 allowed click
22:31:40 allowed click
22:31:40 allowed click
22:31:40 allowed click
22:31:40 allowed click
22:31:40 allowed click
