18:52:42 [SKYMALL] §bNew day! §r§eYour §r§2Sky Mall §r§ebuff changed!
18:52:42 [SKYMALL] §eNew buff§r§r§r: §r§fGain §r§6+100⸕ Mining Speed§r§f.
18:52:42 [SKYMALL] §8§oYou can disable this messaging by toggling Sky Mall in your /hotm!
18:55:01 [SKYMALL] §bNew day! §r§eYour §r§2Sky Mall §r§ebuff changed!
18:55:01 [SKYMALL] §eNew buff§r§r§r: §r§fGain §r§6+50☘ Mining Fortune§r§f.
18:55:01 [SKYMALL] §8§oYou can disable this messaging by toggling Sky Mall in your /hotm!
19:15:01 [SKYMALL] §bNew day! §r§eYour §r§2Sky Mall §r§ebuff changed!
19:15:01 [SKYMALL] §eNew buff§r§r§r: §r§fGain §r§a+15% §r§fmore Powder while mining.
19:15:01 [SKYMALL] §8§oYou can disable this messaging by toggling Sky Mall in your /hotm!
19:22:55 [BESTIARY] §f                                  §6§lBESTIARY
19:22:55 [BESTIARY] §f                       §b§lThe Sea Emperor §7§8I §8➡§b §bII
19:22:55 [BESTIARY] 
19:22:55 [BESTIARY] §f                                  §r§6§lREWARDS
19:22:55 [BESTIARY] §f                   §r§8+§r§a2 The Sea Emperor §r§b✯ Magic Find
19:22:55 [BESTIARY] §f                    §r§8+§r§a2 The Sea Emperor §r§c❁ Strength
19:22:55 [BESTIARY] §f                       §r§8+§r§62% §r§aThe Sea Emperor §r§7coins
19:22:55 [BESTIARY] §f                    §r§8+§r§a50% §r§7chance for extra XP orbs
19:22:55 [BESTIARY] §f                               §r§8+§r§b1 SkyBlock XP
19:22:55 [BESTIARY] 
19:22:55 [BESTIARY] §3§l▬▬▬▬▬▬▬▬▬▬▬▬▬▬▬▬▬▬▬▬▬▬▬▬▬▬▬▬▬▬▬▬▬▬▬▬▬▬▬▬▬▬▬▬▬▬▬▬▬▬▬▬▬▬▬▬▬▬▬▬▬▬▬▬
19:23:53 [BESTIARY] §f                                  §6§lBESTIARY
19:23:53 [BESTIARY] §f                             §b§lSea Witch §7§8V §8➡§b §bVI
19:23:53 [BESTIARY] 
19:23:53 [BESTIARY] §f                                  §r§6§lREWARDS
19:23:53 [BESTIARY] §f                        §r§8+§r§a3 Sea Witch §r§b✯ Magic Find
19:23:53 [BESTIARY] §f                         §r§8+§r§a3 Sea Witch §r§c❁ Strength
19:23:53 [BESTIARY] §f                            §r§8+§r§62% §r§aSea Witch §r§7coins
19:23:53 [BESTIARY] §f                    §r§8+§r§a50% §r§7chance for extra XP orbs
19:23:53 [BESTIARY] §f                               §r§8+§r§b1 SkyBlock XP
19:23:53 [BESTIARY] 
19:23:53 [BESTIARY] §3§l▬▬▬▬▬▬▬▬▬▬▬▬▬▬▬▬▬▬▬▬▬▬▬▬▬▬▬▬▬▬▬▬▬▬▬▬▬▬▬▬▬▬▬▬▬▬▬▬▬▬▬▬▬▬▬▬▬▬▬▬▬▬▬▬
19:25:01 [BESTIARY] §f                                  §6§lBESTIARY
19:25:01 [BESTIARY] §f                         §b§lFrozen Steve §7§8II §8➡§b §bIII
19:25:01 [BESTIARY] 
19:25:01 [BESTIARY] §f                                  §r§6§lREWARDS
19:25:01 [BESTIARY] §f                     §r§8+§r§a2 Frozen Steve §r§b✯ Magic Find
19:25:01 [BESTIARY] §f                      §r§8+§r§a2 Frozen Steve §r§c❁ Strength
19:25:01 [BESTIARY] §f                         §r§8+§r§62% §r§aFrozen Steve §r§7coins
19:25:01 [BESTIARY] §f                    §r§8+§r§a50% §r§7chance for extra XP orbs
19:25:01 [BESTIARY] §f                               §r§8+§r§b1 SkyBlock XP
19:25:01 [BESTIARY] 
19:25:01 [BESTIARY]   §r§f                         §6§lBESTIARY MILESTONE
19:25:01 [BESTIARY]   §r§f                                  §8CLV➡§eCLVI
19:25:01 [BESTIARY] 
19:25:01 [BESTIARY] §3§l▬▬▬▬▬▬▬▬▬▬▬▬▬▬▬▬▬▬▬▬▬▬▬▬▬▬▬▬▬▬▬▬▬▬▬▬▬▬▬▬▬▬▬▬▬▬▬▬▬▬▬▬▬▬▬▬▬▬▬▬▬▬▬▬
19:25:28 [BESTIARY] §f                                  §6§lBESTIARY
19:25:28 [BESTIARY] §f                               §b§lFrosty §7§8I §8➡§b §bII
19:25:28 [BESTIARY] 
19:25:28 [BESTIARY] §f                                  §r§6§lREWARDS
19:25:28 [BESTIARY] §f                          §r§8+§r§a2 Frosty §r§b✯ Magic Find
19:25:28 [BESTIARY] §f                          §r§8+§r§a2 Frosty §r§c❁ Strength
19:25:28 [BESTIARY] §f                              §r§8+§r§62% §r§aFrosty §r§7coins
19:25:28 [BESTIARY] §f                    §r§8+§r§a50% §r§7chance for extra XP orbs
19:25:28 [BESTIARY] §f                               §r§8+§r§b1 SkyBlock XP
19:25:28 [BESTIARY] 
19:25:28 [BESTIARY] §3§l▬▬▬▬▬▬▬▬▬▬▬▬▬▬▬▬▬▬▬▬▬▬▬▬▬▬▬▬▬▬▬▬▬▬▬▬▬▬▬▬▬▬▬▬▬▬▬▬▬▬▬▬▬▬▬▬▬▬▬▬▬▬▬▬
19:30:30 [BESTIARY] §f                                  §6§lBESTIARY
19:30:30 [BESTIARY] §f                          §b§lWater Hydra §7§8III §8➡§b §bIV
19:30:30 [BESTIARY] 
19:30:30 [BESTIARY] §f                                  §r§6§lREWARDS
19:30:30 [BESTIARY] §f                      §r§8+§r§a2 Water Hydra §r§b✯ Magic Find
19:30:30 [BESTIARY] §f                       §r§8+§r§a2 Water Hydra §r§c❁ Strength
19:30:30 [BESTIARY] §f                          §r§8+§r§62% §r§aWater Hydra §r§7coins
19:30:30 [BESTIARY] §f                    §r§8+§r§a50% §r§7chance for extra XP orbs
19:30:30 [BESTIARY] §f                               §r§8+§r§b1 SkyBlock XP
19:30:30 [BESTIARY] 
19:30:30 [BESTIARY] §3§l▬▬▬▬▬▬▬▬▬▬▬▬▬▬▬▬▬▬▬▬▬▬▬▬▬▬▬▬▬▬▬▬▬▬▬▬▬▬▬▬▬▬▬▬▬▬▬▬▬▬▬▬▬▬▬▬▬▬▬▬▬▬▬▬
19:33:43 [BESTIARY] §f                                  §6§lBESTIARY
19:33:43 [BESTIARY] §f                               §b§lNutcracker §7§bI
19:33:43 [BESTIARY] 
19:33:43 [BESTIARY] §f                                  §r§6§lREWARDS
19:33:43 [BESTIARY] §f                       §r§8+§r§a2 Nutcracker §r§b✯ Magic Find
19:33:43 [BESTIARY] §f                        §r§8+§r§a2 Nutcracker §r§c❁ Strength
19:33:43 [BESTIARY] §f                           §r§8+§r§62% §r§aNutcracker §r§7coins
19:33:43 [BESTIARY] §f                    §r§8+§r§a50% §r§7chance for extra XP orbs
19:33:43 [BESTIARY] §f                               §r§8+§r§b1 SkyBlock XP
19:33:43 [BESTIARY] 
19:33:43 [BESTIARY] §3§l▬▬▬▬▬▬▬▬▬▬▬▬▬▬▬▬▬▬▬▬▬▬▬▬▬▬▬▬▬▬▬▬▬▬▬▬▬▬▬▬▬▬▬▬▬▬▬▬▬▬▬▬▬▬▬▬▬▬▬▬▬▬▬▬
19:35:01 [SKYMALL] §bNew day! §r§eYour §r§2Sky Mall §r§ebuff changed!
19:35:01 [SKYMALL] §eNew buff§r§r§r: §r§fGain §r§6+50☘ Mining Fortune§r§f.
19:35:01 [SKYMALL] §8§oYou can disable this messaging by toggling Sky Mall in your /hotm!
19:40:39 [BESTIARY] §f                                  §6§lBESTIARY
19:40:39 [BESTIARY] §f                              §b§lFrosty §7§8II §8➡§b §bIII
19:40:39 [BESTIARY] 
19:40:39 [BESTIARY] §f                                  §r§6§lREWARDS
19:40:39 [BESTIARY] §f                          §r§8+§r§a2 Frosty §r§b✯ Magic Find
19:40:39 [BESTIARY] §f                          §r§8+§r§a2 Frosty §r§c❁ Strength
19:40:39 [BESTIARY] §f                              §r§8+§r§62% §r§aFrosty §r§7coins
19:40:39 [BESTIARY] §f                    §r§8+§r§a50% §r§7chance for extra XP orbs
19:40:39 [BESTIARY] §f                               §r§8+§r§b1 SkyBlock XP
19:40:39 [BESTIARY] 
19:40:39 [BESTIARY] §3§l▬▬▬▬▬▬▬▬▬▬▬▬▬▬▬▬▬▬▬▬▬▬▬▬▬▬▬▬▬▬▬▬▬▬▬▬▬▬▬▬▬▬▬▬▬▬▬▬▬▬▬▬▬▬▬▬▬▬▬▬▬▬▬▬
19:44:31 [BESTIARY] §f                                  §6§lBESTIARY
19:44:31 [BESTIARY] §f                              §b§lFrosty §7§8III §8➡§b §bIV
19:44:31 [BESTIARY] 
19:44:31 [BESTIARY] §f                                  §r§6§lREWARDS
19:44:31 [BESTIARY] §f                          §r§8+§r§a2 Frosty §r§b✯ Magic Find
19:44:31 [BESTIARY] §f                          §r§8+§r§a2 Frosty §r§c❁ Strength
19:44:31 [BESTIARY] §f                              §r§8+§r§62% §r§aFrosty §r§7coins
19:44:31 [BESTIARY] §f                    §r§8+§r§a50% §r§7chance for extra XP orbs
19:44:31 [BESTIARY] §f                               §r§8+§r§b1 SkyBlock XP
19:44:31 [BESTIARY] 
19:44:31 [BESTIARY] §3§l▬▬▬▬▬▬▬▬▬▬▬▬▬▬▬▬▬▬▬▬▬▬▬▬▬▬▬▬▬▬▬▬▬▬▬▬▬▬▬▬▬▬▬▬▬▬▬▬▬▬▬▬▬▬▬▬▬▬▬▬▬▬▬▬
19:46:16 [BESTIARY] §f                                  §6§lBESTIARY
19:46:16 [BESTIARY] §f                         §b§lFrozen Steve §7§8III §8➡§b §bIV
19:46:16 [BESTIARY] 
19:46:16 [BESTIARY] §f                                  §r§6§lREWARDS
19:46:16 [BESTIARY] §f                     §r§8+§r§a2 Frozen Steve §r§b✯ Magic Find
19:46:16 [BESTIARY] §f                      §r§8+§r§a2 Frozen Steve §r§c❁ Strength
19:46:16 [BESTIARY] §f                         §r§8+§r§62% §r§aFrozen Steve §r§7coins
19:46:16 [BESTIARY] §f                    §r§8+§r§a50% §r§7chance for extra XP orbs
19:46:16 [BESTIARY] §f                               §r§8+§r§b1 SkyBlock XP
19:46:16 [BESTIARY] 
19:46:16 [BESTIARY] §3§l▬▬▬▬▬▬▬▬▬▬▬▬▬▬▬▬▬▬▬▬▬▬▬▬▬▬▬▬▬▬▬▬▬▬▬▬▬▬▬▬▬▬▬▬▬▬▬▬▬▬▬▬▬▬▬▬▬▬▬▬▬▬▬▬
19:51:51 [BESTIARY] §f                                  §6§lBESTIARY
19:51:51 [BESTIARY] §f                          §b§lFrozen Steve §7§8IV §8➡§b §bV
19:51:51 [BESTIARY] 
19:51:51 [BESTIARY] §f                                  §r§6§lREWARDS
19:51:51 [BESTIARY] §f                     §r§8+§r§a2 Frozen Steve §r§b✯ Magic Find
19:51:51 [BESTIARY] §f                      §r§8+§r§a2 Frozen Steve §r§c❁ Strength
19:51:51 [BESTIARY] §f                         §r§8+§r§62% §r§aFrozen Steve §r§7coins
19:51:51 [BESTIARY] §f                    §r§8+§r§a50% §r§7chance for extra XP orbs
19:51:51 [BESTIARY] §f                               §r§8+§r§b1 SkyBlock XP
19:51:51 [BESTIARY] 
19:51:51 [BESTIARY] §3§l▬▬▬▬▬▬▬▬▬▬▬▬▬▬▬▬▬▬▬▬▬▬▬▬▬▬▬▬▬▬▬▬▬▬▬▬▬▬▬▬▬▬▬▬▬▬▬▬▬▬▬▬▬▬▬▬▬▬▬▬▬▬▬▬
19:55:01 [SKYMALL] §bNew day! §r§eYour §r§2Sky Mall §r§ebuff changed!
19:55:01 [SKYMALL] §eNew buff§r§r§r: §r§f§r§a-20%§r§f Pickaxe Ability cooldowns.
19:55:01 [SKYMALL] §8§oYou can disable this messaging by toggling Sky Mall in your /hotm!
20:15:01 [SKYMALL] §bNew day! §r§eYour §r§2Sky Mall §r§ebuff changed!
20:15:01 [SKYMALL] §eNew buff§r§r§r: §r§fGain §r§6+100⸕ Mining Speed§r§f.
20:15:01 [SKYMALL] §8§oYou can disable this messaging by toggling Sky Mall in your /hotm!
20:35:01 [SKYMALL] §bNew day! §r§eYour §r§2Sky Mall §r§ebuff changed!
20:35:01 [SKYMALL] §eNew buff§r§r§r: §r§f§r§a-20%§r§f Pickaxe Ability cooldowns.
20:35:01 [SKYMALL] §8§oYou can disable this messaging by toggling Sky Mall in your /hotm!
21:16:49 [SKYMALL] §bNew day! §r§eYour §r§2Sky Mall §r§ebuff changed!
21:16:49 [SKYMALL] §eNew buff§r§r§r: §r§fGain §r§6+100⸕ Mining Speed§r§f.
21:16:49 [SKYMALL] §8§oYou can disable this messaging by toggling Sky Mall in your /hotm!
21:35:01 [SKYMALL] §bNew day! §r§eYour §r§2Sky Mall §r§ebuff changed!
21:35:01 [SKYMALL] §eNew buff§r§r§r: §r§fGain §r§6+50☘ Mining Fortune§r§f.
21:35:01 [SKYMALL] §8§oYou can disable this messaging by toggling Sky Mall in your /hotm!
22:35:01 [SKYMALL] §bNew day! §r§eYour §r§2Sky Mall §r§ebuff changed!
22:35:01 [SKYMALL] §eNew buff§r§r§r: §r§fGain §r§6+50☘ Mining Fortune§r§f.
22:35:01 [SKYMALL] §8§oYou can disable this messaging by toggling Sky Mall in your /hotm!
