18:55:02 §e[SkyHanni] Reminding you to grab the free New Year Cake. Click here to open the baker menu!
§e[CLICK to open the baker menu or disable this feature]§r
18:55:33 §e[SkyHanni] Reminding you to grab the free New Year Cake. Click here to open the baker menu!
§e[CLICK to open the baker menu or disable this feature]§r
18:56:03 §e[SkyHanni] Reminding you to grab the free New Year Cake. Click here to open the baker menu!
§e[CLICK to open the baker menu or disable this feature]§r
19:15:45 §e[SkyHanni] You are close to the Croesus Limit. Please open your chests!§r
19:22:55 §6§lBESTIARY §r§b§lThe Sea Emperor §7§8I §8➡§b §bII§r
19:23:53 §6§lBESTIARY §r§b§lSea Witch §7§8V §8➡§b §bVI§r
19:25:01 §6§lBESTIARY §r§b§lFrozen Steve §7§8II §8➡§b §bIII§r
19:25:28 §6§lBESTIARY §r§b§lFrosty §7§8I §8➡§b §bII§r
19:30:30 §6§lBESTIARY §r§b§lWater Hydra §7§8III §8➡§b §bIV§r
19:33:43 §6§lBESTIARY §r§b§lNutcracker §7§bI§r
19:33:43 §e[SkyHanni] §b+10 SkyBlock XP §7(Collections§7)§b (31/100)§r
19:40:39 §6§lBESTIARY §r§b§lFrosty §7§8II §8➡§b §bIII§r
19:44:31 §6§lBESTIARY §r§b§lFrosty §7§8III §8➡§b §bIV§r
19:46:16 §6§lBESTIARY §r§b§lFrozen Steve §7§8III §8➡§b §bIV§r
19:48:11 §e[SkyHanni] §b+23 SkyBlock XP §7(Pet Milestone§7)§b (54/100)§r
19:51:51 §6§lBESTIARY §r§b§lFrozen Steve §7§8IV §8➡§b §bV§r
19:55:00 §e[SkyHanni] Reminding you to grab the free New Year Cake. Click here to open the baker menu!
§e[CLICK to open the baker menu or disable this feature]§r
19:55:01 §e[SkyHanni] New rabbits are available at §aHoppity's Shop§e!
§e[CLICK to warp to hub or disable this feature]§r
19:57:02 §e[SkyHanni] New rabbits are available at §aHoppity's Shop§e!
§e[CLICK to warp to hub or disable this feature]§r
19:59:02 §e[SkyHanni] New rabbits are available at §aHoppity's Shop§e!
§e[CLICK to warp to hub or disable this feature]§r
20:01:03 §e[SkyHanni] New rabbits are available at §aHoppity's Shop§e!
§e[CLICK to warp to hub or disable this feature]§r
20:03:04 §e[SkyHanni] New rabbits are available at §aHoppity's Shop§e!
§e[CLICK to warp to hub or disable this feature]§r
20:05:05 §e[SkyHanni] New rabbits are available at §aHoppity's Shop§e!
§e[CLICK to warp to hub or disable this feature]§r
20:07:05 §e[SkyHanni] New rabbits are available at §aHoppity's Shop§e!
§e[CLICK to warp to hub or disable this feature]§r
20:09:05 §e[SkyHanni] New rabbits are available at §aHoppity's Shop§e!
§e[CLICK to warp to hub or disable this feature]§r
20:11:06 §e[SkyHanni] New rabbits are available at §aHoppity's Shop§e!
§e[CLICK to warp to hub or disable this feature]§r
20:13:07 §e[SkyHanni] New rabbits are available at §aHoppity's Shop§e!
§e[CLICK to warp to hub or disable this feature]§r
20:15:07 §e[SkyHanni] New rabbits are available at §aHoppity's Shop§e!
§e[CLICK to warp to hub or disable this feature]§r
20:17:08 §e[SkyHanni] New rabbits are available at §aHoppity's Shop§e!
§e[CLICK to warp to hub or disable this feature]§r
20:19:08 §e[SkyHanni] New rabbits are available at §aHoppity's Shop§e!
§e[CLICK to warp to hub or disable this feature]§r
20:20:50 §c[SkyHanni-0.27]: Caught a IllegalStateException in HoppityEggsManager at LorenzChatEvent: Unknown meal: Brunch§c. Click here to copy the error into the clipboard.§r
20:21:09 §e[SkyHanni] New rabbits are available at §aHoppity's Shop§e!
§e[CLICK to warp to hub or disable this feature]§r
20:23:09 §e[SkyHanni] New rabbits are available at §aHoppity's Shop§e!
§e[CLICK to warp to hub or disable this feature]§r
20:25:10 §e[SkyHanni] New rabbits are available at §aHoppity's Shop§e!
§e[CLICK to warp to hub or disable this feature]§r
20:27:11 §e[SkyHanni] New rabbits are available at §aHoppity's Shop§e!
§e[CLICK to warp to hub or disable this feature]§r
20:29:12 §e[SkyHanni] New rabbits are available at §aHoppity's Shop§e!
§e[CLICK to warp to hub or disable this feature]§r
20:31:12 §e[SkyHanni] New rabbits are available at §aHoppity's Shop§e!
§e[CLICK to warp to hub or disable this feature]§r
20:32:31 §c[SkyHanni-0.27]: Caught a IllegalStateException in HoppityEggsManager at LorenzChatEvent: Unknown meal: Supper§c. Click here to copy the error into the clipboard.§r
20:33:13 §e[SkyHanni] New rabbits are available at §aHoppity's Shop§e!
§e[CLICK to warp to hub or disable this feature]§r
20:35:13 §e[SkyHanni] New rabbits are available at §aHoppity's Shop§e!
§e[CLICK to warp to hub or disable this feature]§r
20:37:14 §e[SkyHanni] New rabbits are available at §aHoppity's Shop§e!
§e[CLICK to warp to hub or disable this feature]§r
20:39:15 §e[SkyHanni] New rabbits are available at §aHoppity's Shop§e!
§e[CLICK to warp to hub or disable this feature]§r
21:16:45 §e[SkyHanni] New rabbits are available at §aHoppity's Shop§e!
§e[CLICK to warp to hub or disable this feature]§r
21:18:46 §e[SkyHanni] New rabbits are available at §aHoppity's Shop§e!
§e[CLICK to warp to hub or disable this feature]§r
21:20:47 §e[SkyHanni] New rabbits are available at §aHoppity's Shop§e!
§e[CLICK to warp to hub or disable this feature]§r
21:22:47 §e[SkyHanni] New rabbits are available at §aHoppity's Shop§e!
§e[CLICK to warp to hub or disable this feature]§r
21:24:48 §e[SkyHanni] New rabbits are available at §aHoppity's Shop§e!
§e[CLICK to warp to hub or disable this feature]§r
21:26:49 §e[SkyHanni] New rabbits are available at §aHoppity's Shop§e!
§e[CLICK to warp to hub or disable this feature]§r
21:28:49 §e[SkyHanni] New rabbits are available at §aHoppity's Shop§e!
§e[CLICK to warp to hub or disable this feature]§r
21:30:50 §e[SkyHanni] New rabbits are available at §aHoppity's Shop§e!
§e[CLICK to warp to hub or disable this feature]§r
21:32:50 §e[SkyHanni] New rabbits are available at §aHoppity's Shop§e!
§e[CLICK to warp to hub or disable this feature]§r
21:34:51 §e[SkyHanni] New rabbits are available at §aHoppity's Shop§e!
§e[CLICK to warp to hub or disable this feature]§r
21:36:52 §e[SkyHanni] New rabbits are available at §aHoppity's Shop§e!
§e[CLICK to warp to hub or disable this feature]§r
21:38:52 §e[SkyHanni] New rabbits are available at §aHoppity's Shop§e!
§e[CLICK to warp to hub or disable this feature]§r
21:40:04 §e[SkyHanni] Click here to share the location of this chocolate egg with the server!§r
21:40:09 §c[SkyHanni-0.27]: Caught a IllegalStateException in HoppityAPI at LorenzChatEvent: Unknown meal: Brunch§c. Click here to copy the error into the clipboard.§r
21:40:53 §e[SkyHanni] New rabbits are available at §aHoppity's Shop§e!
§e[CLICK to warp to hub or disable this feature]§r
21:42:54 §e[SkyHanni] New rabbits are available at §aHoppity's Shop§e!
§e[CLICK to warp to hub or disable this feature]§r
21:44:54 §e[SkyHanni] New rabbits are available at §aHoppity's Shop§e!
§e[CLICK to warp to hub or disable this feature]§r
21:49:44 §e[SkyHanni] §b+1 SkyBlock XP §7(HOTM Progression§7)§b (56/100)§r
21:52:31 §c[SkyHanni-0.27]: Caught a IllegalStateException in HoppityEggsManager at LorenzChatEvent: Unknown meal: Supper§c. Click here to copy the error into the clipboard.§r
22:09:57 §c[SkyHanni-0.27]: Caught a IllegalStateException in HoppityAPI at LorenzChatEvent: Unknown meal: Brunch§c. Click here to copy the error into the clipboard.§r
22:22:55 §e[SkyHanni] §b+21 SkyBlock XP §7(Pet Score§7)§b (78/100)§r
22:41:09 §c[SkyHanni-0.27]: Caught a IllegalStateException in HoppityAPI at LorenzChatEvent: Unknown meal: Supper§c. Click here to copy the error into the clipboard.§r
22:41:58 §e[SkyHanni] Click here to share the location of this chocolate egg with the server!§r
22:42:58 §e[SkyHanni] Click here to share the location of this chocolate egg with the server!§r
