17:27:39 Visitor status change for '§9Bartender': NEW -> WAITING (tooltipMissingItems)
17:27:43 Visitor status change for '§aFear Mongerer': NEW -> WAITING (tooltipMissingItems)
17:27:44 Visitor status change for '§aFear Mongerer': WAITING -> REFUSED (refused)
17:27:45 Visitor status change for '§aAndrew': NEW -> WAITING (tooltipMissingItems)
17:27:46 Visitor status change for '§aAndrew': WAITING -> REFUSED (refused)
17:27:48 Visitor status change for '§9Bartender': WAITING -> REFUSED (refused)
17:27:51 Visitor status change for '§9Shifty': NEW -> WAITING (tooltipMissingItems)
17:27:54 Visitor status change for '§9Gold Forger': NEW -> WAITING (tooltipMissingItems)
17:27:59 Visitor status change for '§aAnita': NEW -> WAITING (tooltipMissingItems)
17:28:02 Visitor status change for '§aAnita': WAITING -> REFUSED (refused)
17:28:15 Visitor status change for '§9Shifty': WAITING -> READY (hasItems)
17:28:16 Visitor status change for '§9Shifty': READY -> ACCEPTED (accepted)
17:29:11 Visitor status change for '§9Gold Forger': WAITING -> READY (hasItems)
17:29:18 Visitor status change for '§9Gold Forger': READY -> ACCEPTED (accepted)
20:37:04 Visitor status change for '§aLynn': NEW -> WAITING (tooltipMissingItems)
20:37:07 Visitor status change for '§aLynn': WAITING -> REFUSED (refused)
20:37:08 Visitor status change for '§aLibrarian': NEW -> WAITING (tooltipMissingItems)
20:37:10 Visitor status change for '§aLibrarian': WAITING -> REFUSED (refused)
20:37:11 Visitor status change for '§aAdventurer': NEW -> WAITING (tooltipMissingItems)
20:37:13 Visitor status change for '§aAdventurer': WAITING -> REFUSED (refused)
20:37:14 Visitor status change for '§aEmissary Ceanna': NEW -> WAITING (tooltipMissingItems)
20:37:18 Visitor status change for '§aEmissary Carlton': NEW -> WAITING (tooltipMissingItems)
20:37:20 Visitor status change for '§aEmissary Wilson': NEW -> WAITING (tooltipMissingItems)
20:37:29 Visitor status change for '§aEmissary Ceanna': WAITING -> READY (hasItems)
20:37:36 Visitor status change for '§aEmissary Carlton': WAITING -> READY (hasItems)
20:37:42 Visitor status change for '§aEmissary Wilson': WAITING -> READY (hasItems)
20:37:44 Visitor status change for '§aEmissary Ceanna': READY -> ACCEPTED (accepted)
20:37:45 Visitor status change for '§aEmissary Carlton': READY -> ACCEPTED (accepted)
20:37:46 Visitor status change for '§aEmissary Wilson': READY -> ACCEPTED (accepted)
