13:22:50 `pmv89342o5`341 missed {
 is already Found: false).
 Position: LorenzVec{x=-10.0, y=70.0, z=-67.0}
 DistanceC: 22.26446124209329
Relative Position: LorenzVec{x=22.26446124209329, y=0.0, z=7.699999988079071}
 }
13:22:52 `4oqz24v9hi`239 missed {
 is already Found: false).
 Position: LorenzVec{x=-55.5, y=72.0, z=-56.5}
 DistanceC: 23.23553875790671
Relative Position: LorenzVec{x=-23.23553875790671, y=2.0, z=18.19999998807907}
 }
13:24:01 `Zombie`229575 missed {
 is already Found: false).
 Position: LorenzVec{x=-30.75, y=70.0, z=-76.28125}
 DistanceC: 1.510718010365963
Relative Position: LorenzVec{x=-0.3917066128490845, y=0.0, z=-1.510718010365963}
 }
13:24:12 `pmv89342o5`341 missed {
 is already Found: false).
 Position: LorenzVec{x=-10.0, y=70.0, z=-67.0}
 DistanceC: 20.69999998807907
Relative Position: LorenzVec{x=20.69999998807907, y=0.0, z=9.252770020882096}
 }
13:24:16 `e21z578ra5`238 missed {
 is already Found: false).
 Position: LorenzVec{x=-51.0, y=72.0, z=-60.5}
 DistanceC: 20.30000001192093
Relative Position: LorenzVec{x=-20.30000001192093, y=2.0, z=15.752770020882096}
 }
13:25:46 `Bat`3075733 missed {
 is already Found: false).
 Position: LorenzVec{x=10.09375, y=131.0, z=24.84375}
 DistanceC: 8.230995680922582
Relative Position: LorenzVec{x=6.119761186131263, y=25.226567245437636, z=8.230995680922582}
 }
13:27:11 `Slime`3113500 missed {
 is already Found: false).
 Position: LorenzVec{x=18.458333333333332, y=139.69791666666666, z=60.375}
 DistanceC: 18.40614275390973
Relative Position: LorenzVec{x=-18.40614275390973, y=134.75671662749448, z=0.8217503870251122}
 }
13:27:13 `Slime`3090560 missed {
 is already Found: false).
 Position: LorenzVec{x=15.625, y=139.0, z=57.96875}
 DistanceC: 16.720490519995963
Relative Position: LorenzVec{x=-16.720490519995963, y=130.49846611559468, z=-4.209047334830004}
 }
13:27:15 `§bSam `3076398 missed {
 is already Found: false).
 Position: LorenzVec{x=8.5, y=130.0, z=41.5}
 DistanceC: 15.514727138538692
Relative Position: LorenzVec{x=-15.514727138538692, y=127.0, z=-14.900939664438738}
 }
13:27:16 `Villager`3075698 missed {
 is already Found: false).
 Position: LorenzVec{x=8.5, y=130.0, z=39.5}
 DistanceC: 16.900939664438738
Relative Position: LorenzVec{x=-15.514727138538692, y=127.0, z=-16.900939664438738}
 }
13:27:17 `Slime`3109676 missed {
 is already Found: false).
 Position: LorenzVec{x=7.96875, y=131.21875, z=48.6875}
 DistanceC: 16.045977138538692
Relative Position: LorenzVec{x=-16.045977138538692, y=128.21875, z=-7.713439664438738}
 }
13:27:17 `Slime`3094647 missed {
 is already Found: false).
 Position: LorenzVec{x=8.09375, y=130.0, z=44.90625}
 DistanceC: 15.920977138538692
Relative Position: LorenzVec{x=-15.920977138538692, y=127.0, z=-11.494689664438738}
 }
13:27:17 `Slime`3098518 missed {
 is already Found: false).
 Position: LorenzVec{x=8.09375, y=135.0, z=50.90625}
 DistanceC: 15.920977138538692
Relative Position: LorenzVec{x=-15.920977138538692, y=132.0, z=-5.494689664438738}
 }
13:27:17 `Slime`3102175 missed {
 is already Found: false).
 Position: LorenzVec{x=8.09375, y=130.0, z=47.1875}
 DistanceC: 15.920977138538692
Relative Position: LorenzVec{x=-15.920977138538692, y=127.0, z=-9.213439664438738}
 }
13:27:17 `Slime`3102176 missed {
 is already Found: false).
 Position: LorenzVec{x=8.09375, y=139.09375, z=44.90625}
 DistanceC: 15.920977138538692
Relative Position: LorenzVec{x=-15.920977138538692, y=136.09375, z=-11.494689664438738}
 }
13:27:17 `Slime`3106487 missed {
 is already Found: false).
 Position: LorenzVec{x=8.0625, y=140.15625, z=54.6875}
 DistanceC: 15.952227138538692
Relative Position: LorenzVec{x=-15.952227138538692, y=137.15625, z=-1.713439664438738}
 }
13:27:17 `Slime`3106486 missed {
 is already Found: false).
 Position: LorenzVec{x=7.9375, y=135.80208333333331, z=54.375}
 DistanceC: 16.077227138538692
Relative Position: LorenzVec{x=-16.077227138538692, y=132.80208333333331, z=-2.025939664438738}
 }
13:27:17 `Slime`3098549 missed {
 is already Found: false).
 Position: LorenzVec{x=7.75, y=134.875, z=45.21875}
 DistanceC: 16.264727138538692
Relative Position: LorenzVec{x=-16.264727138538692, y=131.875, z=-11.182189664438738}
 }
13:27:18 `Slime`3098516 missed {
 is already Found: false).
 Position: LorenzVec{x=4.625, y=139.0, z=50.625}
 DistanceC: 19.389727138538692
Relative Position: LorenzVec{x=-19.389727138538692, y=136.0, z=-5.775939664438738}
 }
13:27:18 `Slime`3090564 missed {
 is already Found: false).
 Position: LorenzVec{x=7.375, y=139.0, z=59.09375}
 DistanceC: 16.639727138538692
Relative Position: LorenzVec{x=-16.639727138538692, y=136.0, z=2.692810335561262}
 }
13:27:18 `Slime`3113502 missed {
 is already Found: false).
 Position: LorenzVec{x=5.25, y=135.40625, z=51.21875}
 DistanceC: 18.764727138538692
Relative Position: LorenzVec{x=-18.764727138538692, y=132.40625, z=-5.182189664438738}
 }
13:27:19 `Slime`3109678 missed {
 is already Found: false).
 Position: LorenzVec{x=7.78125, y=139.0, z=47.5}
 DistanceC: 16.233477138538692
Relative Position: LorenzVec{x=-16.233477138538692, y=136.0, z=-8.900939664438738}
 }
13:27:19 `Slime`3098521 missed {
 is already Found: false).
 Position: LorenzVec{x=7.09375, y=139.0, z=58.8125}
 DistanceC: 16.920977138538692
Relative Position: LorenzVec{x=-16.920977138538692, y=136.0, z=2.411560335561262}
 }
13:27:19 `Slime`3106491 missed {
 is already Found: false).
 Position: LorenzVec{x=6.78125, y=139.0, z=59.34375}
 DistanceC: 17.233477138538692
Relative Position: LorenzVec{x=-17.233477138538692, y=136.0, z=2.942810335561262}
 }
13:27:19 `Slime`3115606 missed {
 is already Found: false).
 Position: LorenzVec{x=8.375, y=130.52083333333334, z=48.375}
 DistanceC: 15.639727138538692
Relative Position: LorenzVec{x=-15.639727138538692, y=127.52083333333334, z=-8.025939664438738}
 }
13:27:19 `Slime`3115607 missed {
 is already Found: false).
 Position: LorenzVec{x=5.90625, y=139.875, z=47.78125}
 DistanceC: 18.108477138538692
Relative Position: LorenzVec{x=-18.108477138538692, y=136.875, z=-8.619689664438738}
 }
13:27:19 `Slime`3075775 missed {
 is already Found: false).
 Position: LorenzVec{x=8.6875, y=135.90625, z=53.979166666666664}
 DistanceC: 15.327227138538692
Relative Position: LorenzVec{x=-15.327227138538692, y=132.90625, z=-2.4217729977720737}
 }
13:27:19 `Slime`3094648 missed {
 is already Found: false).
 Position: LorenzVec{x=7.78125, y=139.09375, z=47.78125}
 DistanceC: 16.233477138538692
Relative Position: LorenzVec{x=-16.233477138538692, y=136.09375, z=-8.619689664438738}
 }
13:27:19 `Slime`3113498 missed {
 is already Found: false).
 Position: LorenzVec{x=4.625, y=139.0, z=53.5625}
 DistanceC: 19.389727138538692
Relative Position: LorenzVec{x=-19.389727138538692, y=136.0, z=-2.838439664438738}
 }
13:27:19 `Slime`3090561 missed {
 is already Found: false).
 Position: LorenzVec{x=5.21875, y=139.96875, z=51.21875}
 DistanceC: 18.795977138538692
Relative Position: LorenzVec{x=-18.795977138538692, y=136.96875, z=-5.182189664438738}
 }
13:27:19 `Slime`3090559 missed {
 is already Found: false).
 Position: LorenzVec{x=4.9375, y=135.03125, z=54.09375}
 DistanceC: 19.077227138538692
Relative Position: LorenzVec{x=-19.077227138538692, y=132.03125, z=-2.307189664438738}
 }
13:27:19 `Slime`3106518 missed {
 is already Found: false).
 Position: LorenzVec{x=4.84375, y=134.09375, z=44.90625}
 DistanceC: 19.170977138538692
Relative Position: LorenzVec{x=-19.170977138538692, y=131.09375, z=-11.494689664438738}
 }
13:27:19 `Slime`3113514 missed {
 is already Found: false).
 Position: LorenzVec{x=4.625, y=134.0, z=44.625}
 DistanceC: 19.389727138538692
Relative Position: LorenzVec{x=-19.389727138538692, y=131.0, z=-11.775939664438738}
 }
13:27:19 `Slime`3075770 missed {
 is already Found: false).
 Position: LorenzVec{x=5.65625, y=134.0, z=44.3125}
 DistanceC: 18.358477138538692
Relative Position: LorenzVec{x=-18.358477138538692, y=131.0, z=-12.088439664438738}
 }
13:27:19 `Slime`3090584 missed {
 is already Found: false).
 Position: LorenzVec{x=7.708333333333333, y=135.3125, z=51.625}
 DistanceC: 16.30639380520536
Relative Position: LorenzVec{x=-16.30639380520536, y=132.3125, z=-4.775939664438738}
 }
13:27:19 `Slime`3113501 missed {
 is already Found: false).
 Position: LorenzVec{x=5.90625, y=139.0, z=60.09375}
 DistanceC: 18.108477138538692
Relative Position: LorenzVec{x=-18.108477138538692, y=136.0, z=3.692810335561262}
 }
13:27:20 `Slime`3090579 missed {
 is already Found: false).
 Position: LorenzVec{x=2.59375, y=139.13541666666666, z=48.6875}
 DistanceC: 21.420977138538692
Relative Position: LorenzVec{x=-21.420977138538692, y=136.13541666666666, z=-7.713439664438738}
 }
13:27:20 `Slime`3098550 missed {
 is already Found: false).
 Position: LorenzVec{x=2.6875, y=139.0, z=46.0}
 DistanceC: 21.327227138538692
Relative Position: LorenzVec{x=-21.327227138538692, y=136.0, z=-10.400939664438738}
 }
13:27:20 `Slime`3076030 missed {
 is already Found: false).
 Position: LorenzVec{x=2.09375, y=139.09375, z=51.9375}
 DistanceC: 21.920977138538692
Relative Position: LorenzVec{x=-21.920977138538692, y=136.09375, z=-4.463439664438738}
 }
13:27:20 `Slime`3106489 missed {
 is already Found: false).
 Position: LorenzVec{x=2.09375, y=139.0, z=50.90625}
 DistanceC: 21.920977138538692
Relative Position: LorenzVec{x=-21.920977138538692, y=136.0, z=-5.494689664438738}
 }
13:27:21 `Slime`3119289 missed {
 is already Found: false).
 Position: LorenzVec{x=7.59375, y=139.09375, z=53.78125}
 DistanceC: 16.420977138538692
Relative Position: LorenzVec{x=-16.420977138538692, y=136.09375, z=-2.619689664438738}
 }
13:27:21 `Slime`3119290 missed {
 is already Found: false).
 Position: LorenzVec{x=5.90625, y=135.0, z=54.375}
 DistanceC: 18.108477138538692
Relative Position: LorenzVec{x=-18.108477138538692, y=132.0, z=-2.025939664438738}
 }
13:27:21 `Slime`3119291 missed {
 is already Found: false).
 Position: LorenzVec{x=6.125, y=139.27083333333331, z=59.78125}
 DistanceC: 17.889727138538692
Relative Position: LorenzVec{x=-17.889727138538692, y=136.27083333333331, z=3.380310335561262}
 }
13:27:21 `Slime`3119300 missed {
 is already Found: false).
 Position: LorenzVec{x=5.822916666666666, y=134.69791666666669, z=48.375}
 DistanceC: 18.191810471872024
Relative Position: LorenzVec{x=-18.191810471872024, y=131.69791666666669, z=-8.025939664438738}
 }
13:32:50 `1bs02hh4n2`331 missed {
 is already Found: false).
 Position: LorenzVec{x=-49.5, y=70.0, z=-67.5}
 DistanceC: 23.311045905643994
Relative Position: LorenzVec{x=-11.562423708518118, y=1.5, z=-23.311045905643994}
 }
13:33:06 `Villager`354 missed {
 is already Found: false).
 Position: LorenzVec{x=28.0, y=70.0, z=-116.0}
 DistanceC: 22.70256945632176
Relative Position: LorenzVec{x=22.70256945632176, y=-2.0, z=-14.300000011920929}
 }
13:33:06 `l3qndp0po4`330 missed {
 is already Found: false).
 Position: LorenzVec{x=-9.0, y=68.0, z=-125.0}
 DistanceC: 23.30000001192093
Relative Position: LorenzVec{x=-14.29743054367824, y=-4.0, z=-23.30000001192093}
 }
13:36:14 `Zombie`203978 missed {
 is already Found: false).
 Position: LorenzVec{x=-14.75, y=70.0, z=-82.5625}
 DistanceC: 20.04743054367824
Relative Position: LorenzVec{x=-20.04743054367824, y=-2.0, z=19.13749998807907}
 }
13:39:16 `270ou6ml4d`562 missed {
 is already Found: false).
 Position: LorenzVec{x=-29.5, y=57.0, z=-90.5}
 DistanceC: 22.07177796363087
Relative Position: LorenzVec{x=-22.07177796363087, y=-13.0, z=0.11707083753189806}
 }
13:39:43 `okp41710t7`244 missed {
 is already Found: false).
 Position: LorenzVec{x=-24.5, y=71.0, z=-58.5}
 DistanceC: 22.927017171825668
Relative Position: LorenzVec{x=-14.969223382812403, y=1.0, z=22.927017171825668}
 }
13:40:36 `4a10dk84z7`237 missed {
 is already Found: false).
 Position: LorenzVec{x=-42.5, y=72.0, z=-54.5}
 DistanceC: 20.44493835931644
Relative Position: LorenzVec{x=-20.44493835931644, y=-2.0548933470320776, z=15.30329881133008}
 }
13:40:38 `5b04afnzd5`238 missed {
 is already Found: false).
 Position: LorenzVec{x=-51.0, y=72.0, z=-60.5}
 DistanceC: 19.701105217036563
Relative Position: LorenzVec{x=-19.701105217036563, y=1.0, z=17.036483364414977}
 }
13:41:29 `h6o7r45ara`49730 missed {
 is already Found: false).
 Position: LorenzVec{x=2.5, y=70.0, z=-75.5}
 DistanceC: 21.264381448342206
Relative Position: LorenzVec{x=21.264381448342206, y=-16.5, z=10.77905633344534}
 }
13:41:30 `arszmp9yt9`341 missed {
 is already Found: false).
 Position: LorenzVec{x=-10.0, y=70.0, z=-67.0}
 DistanceC: 19.27905633344534
Relative Position: LorenzVec{x=8.764381448342206, y=-16.5, z=19.27905633344534}
 }
13:41:30 `28tbj55i7z`332 missed {
 is already Found: false).
 Position: LorenzVec{x=-41.5, y=70.0, z=-64.5}
 DistanceC: 22.735618551657794
Relative Position: LorenzVec{x=-22.735618551657794, y=-16.5, z=21.77905633344534}
 }
13:41:30 `4k1j679rl1`571 missed {
 is already Found: false).
 Position: LorenzVec{x=-39.5, y=70.0, z=-78.90625}
 DistanceC: 20.735618551657794
Relative Position: LorenzVec{x=-20.735618551657794, y=-16.5, z=7.3728063334453395}
 }
13:41:39 `5b04afnzd5`238 missed {
 is already Found: false).
 Position: LorenzVec{x=-51.0, y=72.0, z=-60.5}
 DistanceC: 20.30000001192093
Relative Position: LorenzVec{x=-20.30000001192093, y=2.0, z=14.708096628017387}
 }
13:44:34 `22769tv7wg`224 missed {
 is already Found: false).
 Position: LorenzVec{x=25.0, y=65.0, z=-41.0}
 DistanceC: 22.8867949925803
Relative Position: LorenzVec{x=22.8867949925803, y=-15.784303310172447, z=17.08045342857193}
 }
13:45:44 `Bat`2197982 missed {
 is already Found: false).
 Position: LorenzVec{x=10.09375, y=131.0, z=24.84375}
 DistanceC: 9.285211932893098
Relative Position: LorenzVec{x=1.4231549765836498, y=9.694561548248785, z=-9.285211932893098}
 }
13:46:36 `Slime`2199371 missed {
 is already Found: false).
 Position: LorenzVec{x=12.340277777777779, y=139.9409722222222, z=44.3125}
 DistanceC: 19.668867139851127
Relative Position: LorenzVec{x=11.990081409955815, y=30.999772183050027, z=19.668867139851127}
 }
13:46:36 `Slime`2199369 missed {
 is already Found: false).
 Position: LorenzVec{x=8.28125, y=139.0, z=44.625}
 DistanceC: 20.11038734951011
Relative Position: LorenzVec{x=7.496841379651135, y=29.878399953842163, z=20.11038734951011}
 }
13:46:39 `Slime`2199852 missed {
 is already Found: false).
 Position: LorenzVec{x=12.1875, y=135.0, z=44.625}
 DistanceC: 21.442747522491366
Relative Position: LorenzVec{x=10.8068098641522, y=26.5, z=21.442747522491366}
 }
13:46:40 `Slime`2200959 missed {
 is already Found: false).
 Position: LorenzVec{x=5.53125, y=130.0, z=44.90625}
 DistanceC: 21.765339834157658
Relative Position: LorenzVec{x=4.16669286037033, y=21.5, z=21.765339834157658}
 }
13:46:40 `Slime`2199853 missed {
 is already Found: false).
 Position: LorenzVec{x=2.6875, y=139.0, z=45.0}
 DistanceC: 21.859089834157658
Relative Position: LorenzVec{x=1.32294286037033, y=30.5, z=21.859089834157658}
 }
13:46:40 `Slime`2200957 missed {
 is already Found: false).
 Position: LorenzVec{x=11.625, y=139.0, z=44.625}
 DistanceC: 21.484089834157658
Relative Position: LorenzVec{x=10.260442860370329, y=30.5, z=21.484089834157658}
 }
13:46:45 `Slime`2202279 missed {
 is already Found: false).
 Position: LorenzVec{x=8.135416666666666, y=139.13541666666666, z=44.625}
 DistanceC: 19.936473514658587
Relative Position: LorenzVec{x=8.8544581955643, y=30.5995760416221, z=19.936473514658587}
 }
13:46:49 `Slime`2201639 missed {
 is already Found: false).
 Position: LorenzVec{x=12.5, y=135.25, z=44.90625}
 DistanceC: 21.08621504882254
Relative Position: LorenzVec{x=15.446630725520663, y=26.283631958358768, z=21.08621504882254}
 }
13:46:50 `Slime`2202280 missed {
 is already Found: false).
 Position: LorenzVec{x=8.6875, y=130.09375, z=44.3125}
 DistanceC: 21.01249998807907
Relative Position: LorenzVec{x=11.627411704859696, y=23.09375, z=21.01249998807907}
 }
13:46:50 `Slime`2203455 missed {
 is already Found: false).
 Position: LorenzVec{x=10.625, y=135.0, z=44.6875}
 DistanceC: 21.38749998807907
Relative Position: LorenzVec{x=13.564911704859696, y=26.979999989271164, z=21.38749998807907}
 }
13:46:50 `Slime`2203443 missed {
 is already Found: false).
 Position: LorenzVec{x=8.6875, y=134.0, z=44.4375}
 DistanceC: 21.194326142454432
Relative Position: LorenzVec{x=11.622372439363971, y=24.878399953842163, z=21.194326142454432}
 }
13:46:50 `Slime`2201637 missed {
 is already Found: false).
 Position: LorenzVec{x=6.125, y=134.09375, z=44.625}
 DistanceC: 21.5329447301689
Relative Position: LorenzVec{x=9.05819268419873, y=25.09375, z=21.5329447301689}
 }
13:46:56 `Slime`2199370 missed {
 is already Found: false).
 Position: LorenzVec{x=5.21875, y=130.28125, z=45.21875}
 DistanceC: 18.880449610778868
Relative Position: LorenzVec{x=7.640528958691723, y=22.78125, z=18.880449610778868}
 }
13:47:15 `§bSam `2198410 missed {
 is already Found: false).
 Position: LorenzVec{x=8.5, y=130.0, z=41.5}
 DistanceC: 14.498937638269236
Relative Position: LorenzVec{x=-6.26557425258491, y=-31.131563399211586, z=14.498937638269236}
 }
13:47:17 `Slime`2199853 missed {
 is already Found: false).
 Position: LorenzVec{x=1.4791666666666667, y=140.14583333333334, z=48.6875}
 DistanceC: 20.776735384825827
Relative Position: LorenzVec{x=-4.55983313031708, y=-11.294621797138632, z=20.776735384825827}
 }
13:47:18 `Slime`2206740 missed {
 is already Found: false).
 Position: LorenzVec{x=1.03125, y=139.0, z=48.375}
 DistanceC: 20.085152665114244
Relative Position: LorenzVec{x=-3.7007247572923694, y=5.0, z=20.085152665114244}
 }
