16:23:12 OptiFine ConnectedTextures
16:23:12 OptiFine ConnectedTextures
16:23:12 OptiFine ConnectedTextures
16:23:12 OptiFine ConnectedTextures
16:23:12 OptiFine ConnectedTextures
16:23:12 OptiFine ConnectedTextures
16:23:12 OptiFine ConnectedTextures
16:23:12 OptiFine ConnectedTextures
16:23:12 OptiFine ConnectedTextures
16:23:12 OptiFine ConnectedTextures
16:23:12 OptiFine ConnectedTextures
16:23:12 OptiFine ConnectedTextures
16:23:12 OptiFine ConnectedTextures
16:23:12 OptiFine ConnectedTextures
16:23:12 OptiFine ConnectedTextures
16:23:12 OptiFine ConnectedTextures
16:23:12 OptiFine ConnectedTextures
16:23:12 OptiFine ConnectedTextures
16:23:12 OptiFine ConnectedTextures
16:23:12 OptiFine ConnectedTextures
16:23:12 OptiFine ConnectedTextures
16:23:12 OptiFine ConnectedTextures
16:23:12 OptiFine ConnectedTextures
16:23:12 OptiFine ConnectedTextures
16:23:12 OptiFine ConnectedTextures
16:23:12 OptiFine ConnectedTextures
16:23:12 OptiFine ConnectedTextures
16:23:12 OptiFine ConnectedTextures
16:23:12 OptiFine ConnectedTextures
16:23:12 OptiFine ConnectedTextures
16:23:12 OptiFine ConnectedTextures
16:23:12 OptiFine ConnectedTextures
16:23:12 OptiFine ConnectedTextures
16:23:12 OptiFine ConnectedTextures
16:23:12 OptiFine ConnectedTextures
16:23:12 OptiFine ConnectedTextures
16:23:12 OptiFine ConnectedTextures
16:23:12 OptiFine ConnectedTextures
16:23:12 OptiFine ConnectedTextures
16:23:12 OptiFine ConnectedTextures
16:23:12 OptiFine ConnectedTextures
16:23:12 OptiFine ConnectedTextures
16:23:12 OptiFine ConnectedTextures
16:23:12 OptiFine ConnectedTextures
16:23:12 OptiFine ConnectedTextures
16:23:12 OptiFine ConnectedTextures
16:23:12 OptiFine ConnectedTextures
16:23:12 OptiFine ConnectedTextures
16:23:12 OptiFine ConnectedTextures
16:23:12 OptiFine ConnectedTextures
16:23:12 OptiFine ConnectedTextures
16:23:12 OptiFine ConnectedTextures
16:23:12 OptiFine ConnectedTextures
16:23:12 OptiFine ConnectedTextures
16:23:12 OptiFine ConnectedTextures
16:23:12 OptiFine ConnectedTextures
16:23:12 OptiFine ConnectedTextures
16:23:12 OptiFine ConnectedTextures
16:23:12 OptiFine ConnectedTextures
16:23:12 OptiFine ConnectedTextures
16:23:12 OptiFine ConnectedTextures
16:23:12 OptiFine ConnectedTextures
16:23:12 OptiFine ConnectedTextures
16:23:12 OptiFine ConnectedTextures
16:23:12 OptiFine ConnectedTextures
16:23:12 OptiFine ConnectedTextures
16:23:12 OptiFine ConnectedTextures
16:23:16 AsmHelper Transforming
16:26:09 AsmHelper Transforming
16:26:09 AsmHelper Applying AsmWriter
16:37:28 Biome ID bounds
16:37:28 Biome ID bounds
16:37:28 Biome ID bounds
16:37:28 Biome ID bounds
16:37:28 Biome ID bounds
16:37:28 Biome ID bounds
16:37:28 Biome ID bounds
16:37:28 Biome ID bounds
16:37:28 Biome ID bounds
16:37:28 Biome ID bounds
16:37:28 Biome ID bounds
16:37:28 Biome ID bounds
16:37:28 Biome ID bounds
16:37:28 Biome ID bounds
16:37:28 Biome ID bounds
16:37:28 Biome ID bounds
16:37:28 Biome ID bounds
16:37:28 Biome ID bounds
16:37:28 Biome ID bounds
16:37:28 Biome ID bounds
16:37:28 Biome ID bounds
16:37:28 Biome ID bounds
16:37:28 Biome ID bounds
16:37:28 Biome ID bounds
16:37:28 Biome ID bounds
19:34:51 Grow BufferBuilder buffer
19:34:51 Grow BufferBuilder buffer
19:34:51 Grow BufferBuilder buffer
19:34:51 Grow BufferBuilder buffer
19:34:53 Grow BufferBuilder buffer
19:34:53 Grow BufferBuilder buffer
19:34:53 Grow BufferBuilder buffer
19:34:53 Grow BufferBuilder buffer
19:34:57 Grow BufferBuilder buffer
19:34:57 Grow BufferBuilder buffer
19:34:57 Grow BufferBuilder buffer
19:34:57 Grow BufferBuilder buffer
19:34:57 Grow BufferBuilder buffer
19:34:57 Grow BufferBuilder buffer
19:34:58 Grow BufferBuilder buffer
19:34:58 Grow BufferBuilder buffer
19:34:58 Grow BufferBuilder buffer
19:34:58 Grow BufferBuilder buffer
19:34:58 Grow BufferBuilder buffer
19:34:59 Grow BufferBuilder buffer
19:34:59 Grow BufferBuilder buffer
19:34:59 Grow BufferBuilder buffer
19:34:59 Grow BufferBuilder buffer
19:34:59 Grow BufferBuilder buffer
19:34:59 Grow BufferBuilder buffer
19:34:59 Grow BufferBuilder buffer
19:35:00 Grow BufferBuilder buffer
19:35:00 Grow BufferBuilder buffer
19:35:00 Grow BufferBuilder buffer
19:35:00 Grow BufferBuilder buffer
19:35:00 Grow BufferBuilder buffer
19:35:00 Grow BufferBuilder buffer
19:35:00 Grow BufferBuilder buffer
19:35:00 Grow BufferBuilder buffer
19:35:00 Grow BufferBuilder buffer
19:35:00 Grow BufferBuilder buffer
19:35:00 Grow BufferBuilder buffer
19:35:00 Grow BufferBuilder buffer
19:35:00 Grow BufferBuilder buffer
19:35:00 Grow BufferBuilder buffer
19:35:00 Grow BufferBuilder buffer
19:35:00 Grow BufferBuilder buffer
19:35:00 Grow BufferBuilder buffer
19:35:00 Grow BufferBuilder buffer
19:35:00 Grow BufferBuilder buffer
19:35:00 Grow BufferBuilder buffer
19:35:00 Grow BufferBuilder buffer
19:35:00 Grow BufferBuilder buffer
19:35:00 Grow BufferBuilder buffer
19:35:00 Grow BufferBuilder buffer
19:35:00 Grow BufferBuilder buffer
19:35:00 Grow BufferBuilder buffer
19:35:00 Grow BufferBuilder buffer
19:35:00 Grow BufferBuilder buffer
19:35:00 Grow BufferBuilder buffer
19:35:00 Grow BufferBuilder buffer
19:35:00 Grow BufferBuilder buffer
19:35:00 Grow BufferBuilder buffer
19:35:09 Grow BufferBuilder buffer
19:35:09 Grow BufferBuilder buffer
19:35:09 Grow BufferBuilder buffer
19:35:09 Grow BufferBuilder buffer
19:35:17 Grow BufferBuilder buffer
19:35:17 Grow BufferBuilder buffer
19:35:17 Grow BufferBuilder buffer
19:35:22 Grow BufferBuilder buffer
19:35:22 Grow BufferBuilder buffer
19:35:31 Grow BufferBuilder buffer
19:35:31 Grow BufferBuilder buffer
19:35:31 Grow BufferBuilder buffer
19:35:31 Grow BufferBuilder buffer
19:35:32 Grow BufferBuilder buffer
19:35:32 Grow BufferBuilder buffer
19:35:32 Grow BufferBuilder buffer
19:35:32 Grow BufferBuilder buffer
19:35:32 Grow BufferBuilder buffer
19:35:32 Grow BufferBuilder buffer
19:35:32 Grow BufferBuilder buffer
19:35:33 Grow BufferBuilder buffer
19:35:33 Grow BufferBuilder buffer
19:35:33 Grow BufferBuilder buffer
19:35:33 Grow BufferBuilder buffer
19:35:33 Grow BufferBuilder buffer
19:35:33 Grow BufferBuilder buffer
19:35:33 Grow BufferBuilder buffer
19:35:33 Grow BufferBuilder buffer
19:35:33 Grow BufferBuilder buffer
19:35:34 Grow BufferBuilder buffer
19:35:34 Grow BufferBuilder buffer
19:35:34 Grow BufferBuilder buffer
19:35:34 Grow BufferBuilder buffer
19:35:36 Grow BufferBuilder buffer
19:35:36 Grow BufferBuilder buffer
19:35:36 Grow BufferBuilder buffer
19:35:39 Grow BufferBuilder buffer
19:35:39 Grow BufferBuilder buffer
19:35:39 Grow BufferBuilder buffer
19:35:41 Grow BufferBuilder buffer
19:35:41 Grow BufferBuilder buffer
19:35:41 Grow BufferBuilder buffer
19:35:41 Grow BufferBuilder buffer
19:35:43 Grow BufferBuilder buffer
19:35:43 Grow BufferBuilder buffer
19:35:43 Grow BufferBuilder buffer
19:35:43 Grow BufferBuilder buffer
19:35:43 Grow BufferBuilder buffer
19:35:43 Grow BufferBuilder buffer
19:35:43 Grow BufferBuilder buffer
19:35:43 Grow BufferBuilder buffer
19:35:43 Grow BufferBuilder buffer
19:35:44 Grow BufferBuilder buffer
19:35:44 Grow BufferBuilder buffer
19:35:44 Grow BufferBuilder buffer
19:35:44 Grow BufferBuilder buffer
19:35:44 Grow BufferBuilder buffer
19:35:44 Grow BufferBuilder buffer
19:35:44 Grow BufferBuilder buffer
19:35:44 Grow BufferBuilder buffer
19:35:45 Grow BufferBuilder buffer
19:35:45 Grow BufferBuilder buffer
19:35:46 Grow BufferBuilder buffer
19:35:46 Grow BufferBuilder buffer
19:35:47 Grow BufferBuilder buffer
19:35:47 Grow BufferBuilder buffer
19:35:49 Grow BufferBuilder buffer
19:35:49 Grow BufferBuilder buffer
19:35:49 Grow BufferBuilder buffer
19:35:49 Grow BufferBuilder buffer
19:35:50 Grow BufferBuilder buffer
19:35:50 Grow BufferBuilder buffer
19:35:50 Grow BufferBuilder buffer
19:35:50 Grow BufferBuilder buffer
19:35:51 Grow BufferBuilder buffer
19:35:51 Grow BufferBuilder buffer
19:35:51 Grow BufferBuilder buffer
19:35:52 Grow BufferBuilder buffer
19:35:52 Grow BufferBuilder buffer
19:35:52 Grow BufferBuilder buffer
19:35:52 Grow BufferBuilder buffer
19:35:52 Grow BufferBuilder buffer
19:35:52 Grow BufferBuilder buffer
19:35:52 Grow BufferBuilder buffer
19:35:53 Grow BufferBuilder buffer
19:35:53 Grow BufferBuilder buffer
19:35:54 Grow BufferBuilder buffer
19:35:54 Grow BufferBuilder buffer
19:35:55 Grow BufferBuilder buffer
19:35:55 Grow BufferBuilder buffer
19:35:56 Grow BufferBuilder buffer
19:35:56 Grow BufferBuilder buffer
19:35:56 Grow BufferBuilder buffer
19:35:57 Grow BufferBuilder buffer
19:35:58 Grow BufferBuilder buffer
19:35:59 Grow BufferBuilder buffer
19:36:01 Grow BufferBuilder buffer
19:36:01 Grow BufferBuilder buffer
19:36:01 Grow BufferBuilder buffer
19:36:01 Grow BufferBuilder buffer
19:36:01 Grow BufferBuilder buffer
19:36:02 Grow BufferBuilder buffer
19:36:03 Grow BufferBuilder buffer
19:36:04 Grow BufferBuilder buffer
19:36:04 Grow BufferBuilder buffer
19:36:09 Grow BufferBuilder buffer
19:36:09 Grow BufferBuilder buffer
19:36:09 Grow BufferBuilder buffer
19:36:12 Grow BufferBuilder buffer
19:36:12 Grow BufferBuilder buffer
19:36:15 Grow BufferBuilder buffer
19:36:15 Grow BufferBuilder buffer
19:36:16 Grow BufferBuilder buffer
19:36:17 Grow BufferBuilder buffer
