10:50:31 [BESTIARY] §f                                  §6§lBESTIARY
10:50:31 [BESTIARY] §f                        §b§lSuper Archer §7§8XIX §8➡§b §bXX
10:50:31 [BESTIARY] 
10:50:31 [BESTIARY] §f                                  §r§6§lREWARDS
10:50:31 [BESTIARY] §f                     §r§8+§r§a5 Super Archer §r§b✯ Magic Find
10:50:31 [BESTIARY] §f                      §r§8+§r§a5 Super Archer §r§c❁ Strength
10:50:31 [BESTIARY] §f                         §r§8+§r§62% §r§aSuper Archer §r§7coins
10:50:31 [BESTIARY] §f                    §r§8+§r§a50% §r§7chance for extra XP orbs
10:50:31 [BESTIARY] §f                               §r§8+§r§b1 SkyBlock XP
10:50:31 [BESTIARY] 
10:50:31 [BESTIARY] §3§l▬▬▬▬▬▬▬▬▬▬▬▬▬▬▬▬▬▬▬▬▬▬▬▬▬▬▬▬▬▬▬▬▬▬▬▬▬▬▬▬▬▬▬▬▬▬▬▬▬▬▬▬▬▬▬▬▬▬▬▬▬▬▬▬
10:55:01 [SKYMALL] §bNew day! §r§eYour §r§2Sky Mall §r§ebuff changed!
10:55:01 [SKYMALL] §eNew buff§r§r§r: §r§fGain §r§6+50☘ Mining Fortune§r§f.
10:55:01 [SKYMALL] §8§oYou can disable this messaging by toggling Sky Mall in your /hotm!
11:15:02 [SKYMALL] §bNew day! §r§eYour §r§2Sky Mall §r§ebuff changed!
11:15:02 [SKYMALL] §eNew buff§r§r§r: §r§fGain §r§6+100⸕ Mining Speed§r§f.
11:15:02 [SKYMALL] §8§oYou can disable this messaging by toggling Sky Mall in your /hotm!
11:35:01 [SKYMALL] §bNew day! §r§eYour §r§2Sky Mall §r§ebuff changed!
11:35:01 [SKYMALL] §eNew buff§r§r§r: §r§fGain §r§6+100⸕ Mining Speed§r§f.
11:35:01 [SKYMALL] §8§oYou can disable this messaging by toggling Sky Mall in your /hotm!
11:55:01 [SKYMALL] §bNew day! §r§eYour §r§2Sky Mall §r§ebuff changed!
11:55:01 [SKYMALL] §eNew buff§r§r§r: §r§fGain §r§6+50☘ Mining Fortune§r§f.
11:55:01 [SKYMALL] §8§oYou can disable this messaging by toggling Sky Mall in your /hotm!
11:57:10 [BESTIARY] §f                                  §6§lBESTIARY
11:57:10 [BESTIARY] §f                               §b§lTiger Shark §7§bI
11:57:10 [BESTIARY] 
11:57:10 [BESTIARY] §f                                  §r§6§lREWARDS
11:57:10 [BESTIARY] §f                       §r§8+§r§a2 Tiger Shark §r§b✯ Magic Find
11:57:10 [BESTIARY] §f                       §r§8+§r§a2 Tiger Shark §r§c❁ Strength
11:57:10 [BESTIARY] §f                           §r§8+§r§62% §r§aTiger Shark §r§7coins
11:57:10 [BESTIARY] §f                    §r§8+§r§a50% §r§7chance for extra XP orbs
11:57:10 [BESTIARY] §f                               §r§8+§r§b1 SkyBlock XP
11:57:10 [BESTIARY] 
11:57:10 [BESTIARY] §3§l▬▬▬▬▬▬▬▬▬▬▬▬▬▬▬▬▬▬▬▬▬▬▬▬▬▬▬▬▬▬▬▬▬▬▬▬▬▬▬▬▬▬▬▬▬▬▬▬▬▬▬▬▬▬▬▬▬▬▬▬▬▬▬▬
12:02:53 [BESTIARY] §f                                  §6§lBESTIARY
12:02:53 [BESTIARY] §f                            §b§lSea Leech §7§8V §8➡§b §bVI
12:02:53 [BESTIARY] 
12:02:53 [BESTIARY] §f                                  §r§6§lREWARDS
12:02:53 [BESTIARY] §f                       §r§8+§r§a3 Sea Leech §r§b✯ Magic Find
12:02:53 [BESTIARY] §f                        §r§8+§r§a3 Sea Leech §r§c❁ Strength
12:02:53 [BESTIARY] §f                           §r§8+§r§62% §r§aSea Leech §r§7coins
12:02:53 [BESTIARY] §f                    §r§8+§r§a50% §r§7chance for extra XP orbs
12:02:53 [BESTIARY] §f                               §r§8+§r§b1 SkyBlock XP
12:02:53 [BESTIARY] 
12:02:53 [BESTIARY] §3§l▬▬▬▬▬▬▬▬▬▬▬▬▬▬▬▬▬▬▬▬▬▬▬▬▬▬▬▬▬▬▬▬▬▬▬▬▬▬▬▬▬▬▬▬▬▬▬▬▬▬▬▬▬▬▬▬▬▬▬▬▬▬▬▬
12:04:57 [BESTIARY] §f                                  §6§lBESTIARY
12:04:57 [BESTIARY] §f                           §b§lNurse Shark §7§8I §8➡§b §bII
12:04:57 [BESTIARY] 
12:04:57 [BESTIARY] §f                                  §r§6§lREWARDS
12:04:57 [BESTIARY] §f                      §r§8+§r§a2 Nurse Shark §r§b✯ Magic Find
12:04:57 [BESTIARY] §f                       §r§8+§r§a2 Nurse Shark §r§c❁ Strength
12:04:57 [BESTIARY] §f                          §r§8+§r§62% §r§aNurse Shark §r§7coins
12:04:57 [BESTIARY] §f                    §r§8+§r§a50% §r§7chance for extra XP orbs
12:04:57 [BESTIARY] §f                               §r§8+§r§b1 SkyBlock XP
12:04:57 [BESTIARY] 
12:04:57 [BESTIARY] §3§l▬▬▬▬▬▬▬▬▬▬▬▬▬▬▬▬▬▬▬▬▬▬▬▬▬▬▬▬▬▬▬▬▬▬▬▬▬▬▬▬▬▬▬▬▬▬▬▬▬▬▬▬▬▬▬▬▬▬▬▬▬▬▬▬
12:06:50 [BESTIARY] §f                                  §6§lBESTIARY
12:06:50 [BESTIARY] §f                      §b§lGuardian Defender §7§8IV §8➡§b §bV
12:06:50 [BESTIARY] 
12:06:50 [BESTIARY] §f                                  §r§6§lREWARDS
12:06:50 [BESTIARY] §f                  §r§8+§r§a2 Guardian Defender §r§b✯ Magic Find
12:06:50 [BESTIARY] §f                   §r§8+§r§a2 Guardian Defender §r§c❁ Strength
12:06:50 [BESTIARY] §f                      §r§8+§r§62% §r§aGuardian Defender §r§7coins
12:06:50 [BESTIARY] §f                    §r§8+§r§a50% §r§7chance for extra XP orbs
12:06:50 [BESTIARY] §f                               §r§8+§r§b1 SkyBlock XP
12:06:50 [BESTIARY] 
12:06:50 [BESTIARY] §3§l▬▬▬▬▬▬▬▬▬▬▬▬▬▬▬▬▬▬▬▬▬▬▬▬▬▬▬▬▬▬▬▬▬▬▬▬▬▬▬▬▬▬▬▬▬▬▬▬▬▬▬▬▬▬▬▬▬▬▬▬▬▬▬▬
12:07:57 [BESTIARY] §f                                  §6§lBESTIARY
12:07:57 [BESTIARY] §f                            §b§lBlue Shark §7§8I §8➡§b §bII
12:07:57 [BESTIARY] 
12:07:57 [BESTIARY] §f                                  §r§6§lREWARDS
12:07:57 [BESTIARY] §f                       §r§8+§r§a2 Blue Shark §r§b✯ Magic Find
12:07:57 [BESTIARY] §f                        §r§8+§r§a2 Blue Shark §r§c❁ Strength
12:07:57 [BESTIARY] §f                           §r§8+§r§62% §r§aBlue Shark §r§7coins
12:07:57 [BESTIARY] §f                    §r§8+§r§a50% §r§7chance for extra XP orbs
12:07:57 [BESTIARY] §f                               §r§8+§r§b1 SkyBlock XP
12:07:57 [BESTIARY] 
12:07:57 [BESTIARY] §3§l▬▬▬▬▬▬▬▬▬▬▬▬▬▬▬▬▬▬▬▬▬▬▬▬▬▬▬▬▬▬▬▬▬▬▬▬▬▬▬▬▬▬▬▬▬▬▬▬▬▬▬▬▬▬▬▬▬▬▬▬▬▬▬▬
12:11:09 [BESTIARY] §f                                  §6§lBESTIARY
12:11:09 [BESTIARY] §f                                 §b§lAgarimoo §7§bI
12:11:09 [BESTIARY] 
12:11:09 [BESTIARY] §f                                  §r§6§lREWARDS
12:11:09 [BESTIARY] §f                        §r§8+§r§a2 Agarimoo §r§b✯ Magic Find
12:11:09 [BESTIARY] §f                         §r§8+§r§a2 Agarimoo §r§c❁ Strength
12:11:09 [BESTIARY] §f                            §r§8+§r§62% §r§aAgarimoo §r§7coins
12:11:09 [BESTIARY] §f                    §r§8+§r§a50% §r§7chance for extra XP orbs
12:11:09 [BESTIARY] §f                               §r§8+§r§b1 SkyBlock XP
12:11:09 [BESTIARY] 
12:11:09 [BESTIARY] §3§l▬▬▬▬▬▬▬▬▬▬▬▬▬▬▬▬▬▬▬▬▬▬▬▬▬▬▬▬▬▬▬▬▬▬▬▬▬▬▬▬▬▬▬▬▬▬▬▬▬▬▬▬▬▬▬▬▬▬▬▬▬▬▬▬
12:14:12 [BESTIARY] §f                                  §6§lBESTIARY
12:14:12 [BESTIARY] §f                           §b§lBlue Shark §7§8II §8➡§b §bIII
12:14:12 [BESTIARY] 
12:14:12 [BESTIARY] §f                                  §r§6§lREWARDS
12:14:12 [BESTIARY] §f                       §r§8+§r§a2 Blue Shark §r§b✯ Magic Find
12:14:12 [BESTIARY] §f                        §r§8+§r§a2 Blue Shark §r§c❁ Strength
12:14:12 [BESTIARY] §f                           §r§8+§r§62% §r§aBlue Shark §r§7coins
12:14:12 [BESTIARY] §f                    §r§8+§r§a50% §r§7chance for extra XP orbs
12:14:12 [BESTIARY] §f                               §r§8+§r§b1 SkyBlock XP
12:14:12 [BESTIARY] 
12:14:12 [BESTIARY]   §r§f                         §6§lBESTIARY MILESTONE
12:14:12 [BESTIARY]   §r§f                             §8CXXXVII➡§eCXXXVIII
12:14:12 [BESTIARY] 
12:14:12 [BESTIARY] §3§l▬▬▬▬▬▬▬▬▬▬▬▬▬▬▬▬▬▬▬▬▬▬▬▬▬▬▬▬▬▬▬▬▬▬▬▬▬▬▬▬▬▬▬▬▬▬▬▬▬▬▬▬▬▬▬▬▬▬▬▬▬▬▬▬
12:15:01 [SKYMALL] §bNew day! §r§eYour §r§2Sky Mall §r§ebuff changed!
12:15:01 [SKYMALL] §eNew buff§r§r§r: §r§fGain §r§a+15% §r§fmore Powder while mining.
12:15:01 [SKYMALL] §8§oYou can disable this messaging by toggling Sky Mall in your /hotm!
12:15:23 [BESTIARY] §f                                  §6§lBESTIARY
12:15:23 [BESTIARY] §f                          §b§lNight Squid §7§8VIII §8➡§b §bIX
12:15:23 [BESTIARY] 
12:15:23 [BESTIARY] §f                                  §r§6§lREWARDS
12:15:23 [BESTIARY] §f                       §r§8+§r§a3 Night Squid §r§b✯ Magic Find
12:15:23 [BESTIARY] §f                        §r§8+§r§a3 Night Squid §r§c❁ Strength
12:15:23 [BESTIARY] §f                           §r§8+§r§62% §r§aNight Squid §r§7coins
12:15:23 [BESTIARY] §f                    §r§8+§r§a50% §r§7chance for extra XP orbs
12:15:23 [BESTIARY] §f                               §r§8+§r§b1 SkyBlock XP
12:15:23 [BESTIARY] 
12:15:23 [BESTIARY] §3§l▬▬▬▬▬▬▬▬▬▬▬▬▬▬▬▬▬▬▬▬▬▬▬▬▬▬▬▬▬▬▬▬▬▬▬▬▬▬▬▬▬▬▬▬▬▬▬▬▬▬▬▬▬▬▬▬▬▬▬▬▬▬▬▬
12:17:43 [BESTIARY] §f                                  §6§lBESTIARY
12:17:43 [BESTIARY] §f                          §b§lNurse Shark §7§8II §8➡§b §bIII
12:17:43 [BESTIARY] 
12:17:43 [BESTIARY] §f                                  §r§6§lREWARDS
12:17:43 [BESTIARY] §f                      §r§8+§r§a2 Nurse Shark §r§b✯ Magic Find
12:17:43 [BESTIARY] §f                       §r§8+§r§a2 Nurse Shark §r§c❁ Strength
12:17:43 [BESTIARY] §f                          §r§8+§r§62% §r§aNurse Shark §r§7coins
12:17:43 [BESTIARY] §f                    §r§8+§r§a50% §r§7chance for extra XP orbs
12:17:43 [BESTIARY] §f                               §r§8+§r§b1 SkyBlock XP
12:17:43 [BESTIARY] 
12:17:43 [BESTIARY] §3§l▬▬▬▬▬▬▬▬▬▬▬▬▬▬▬▬▬▬▬▬▬▬▬▬▬▬▬▬▬▬▬▬▬▬▬▬▬▬▬▬▬▬▬▬▬▬▬▬▬▬▬▬▬▬▬▬▬▬▬▬▬▬▬▬
12:18:30 [BESTIARY] §f                                  §6§lBESTIARY
12:18:30 [BESTIARY] §f                           §b§lTiger Shark §7§8I §8➡§b §bII
12:18:30 [BESTIARY] 
12:18:30 [BESTIARY] §f                                  §r§6§lREWARDS
12:18:30 [BESTIARY] §f                       §r§8+§r§a2 Tiger Shark §r§b✯ Magic Find
12:18:30 [BESTIARY] §f                       §r§8+§r§a2 Tiger Shark §r§c❁ Strength
12:18:30 [BESTIARY] §f                           §r§8+§r§62% §r§aTiger Shark §r§7coins
12:18:30 [BESTIARY] §f                    §r§8+§r§a50% §r§7chance for extra XP orbs
12:18:30 [BESTIARY] §f                               §r§8+§r§b1 SkyBlock XP
12:18:30 [BESTIARY] 
12:18:30 [BESTIARY] §3§l▬▬▬▬▬▬▬▬▬▬▬▬▬▬▬▬▬▬▬▬▬▬▬▬▬▬▬▬▬▬▬▬▬▬▬▬▬▬▬▬▬▬▬▬▬▬▬▬▬▬▬▬▬▬▬▬▬▬▬▬▬▬▬▬
12:24:23 [BESTIARY] §f                                  §6§lBESTIARY
12:24:23 [BESTIARY] §f                          §b§lTiger Shark §7§8II §8➡§b §bIII
12:24:23 [BESTIARY] 
12:24:23 [BESTIARY] §f                                  §r§6§lREWARDS
12:24:23 [BESTIARY] §f                       §r§8+§r§a2 Tiger Shark §r§b✯ Magic Find
12:24:23 [BESTIARY] §f                       §r§8+§r§a2 Tiger Shark §r§c❁ Strength
12:24:23 [BESTIARY] §f                           §r§8+§r§62% §r§aTiger Shark §r§7coins
12:24:23 [BESTIARY] §f                    §r§8+§r§a50% §r§7chance for extra XP orbs
12:24:23 [BESTIARY] §f                               §r§8+§r§b1 SkyBlock XP
12:24:23 [BESTIARY] 
12:24:23 [BESTIARY] §3§l▬▬▬▬▬▬▬▬▬▬▬▬▬▬▬▬▬▬▬▬▬▬▬▬▬▬▬▬▬▬▬▬▬▬▬▬▬▬▬▬▬▬▬▬▬▬▬▬▬▬▬▬▬▬▬▬▬▬▬▬▬▬▬▬
12:25:33 [BESTIARY] §f                                  §6§lBESTIARY
12:25:33 [BESTIARY] §f                      §b§lRider of the Deep §7§8V §8➡§b §bVI
12:25:33 [BESTIARY] 
12:25:33 [BESTIARY] §f                                  §r§6§lREWARDS
12:25:33 [BESTIARY] §f                   §r§8+§r§a3 Rider of the Deep §r§b✯ Magic Find
12:25:33 [BESTIARY] §f                    §r§8+§r§a3 Rider of the Deep §r§c❁ Strength
12:25:33 [BESTIARY] §f                       §r§8+§r§62% §r§aRider of the Deep §r§7coins
12:25:33 [BESTIARY] §f                    §r§8+§r§a50% §r§7chance for extra XP orbs
12:25:33 [BESTIARY] §f                               §r§8+§r§b1 SkyBlock XP
12:25:33 [BESTIARY] 
12:25:33 [BESTIARY] §3§l▬▬▬▬▬▬▬▬▬▬▬▬▬▬▬▬▬▬▬▬▬▬▬▬▬▬▬▬▬▬▬▬▬▬▬▬▬▬▬▬▬▬▬▬▬▬▬▬▬▬▬▬▬▬▬▬▬▬▬▬▬▬▬▬
12:26:46 [BESTIARY] §f                                  §6§lBESTIARY
12:26:46 [BESTIARY] §f                           §b§lSea Archer §7§8V §8➡§b §bVI
12:26:46 [BESTIARY] 
12:26:46 [BESTIARY] §f                                  §r§6§lREWARDS
12:26:46 [BESTIARY] §f                       §r§8+§r§a3 Sea Archer §r§b✯ Magic Find
12:26:46 [BESTIARY] §f                       §r§8+§r§a3 Sea Archer §r§c❁ Strength
12:26:46 [BESTIARY] §f                           §r§8+§r§62% §r§aSea Archer §r§7coins
12:26:46 [BESTIARY] §f                    §r§8+§r§a50% §r§7chance for extra XP orbs
12:26:46 [BESTIARY] §f                               §r§8+§r§b1 SkyBlock XP
12:26:46 [BESTIARY] 
12:26:46 [BESTIARY] §3§l▬▬▬▬▬▬▬▬▬▬▬▬▬▬▬▬▬▬▬▬▬▬▬▬▬▬▬▬▬▬▬▬▬▬▬▬▬▬▬▬▬▬▬▬▬▬▬▬▬▬▬▬▬▬▬▬▬▬▬▬▬▬▬▬
12:32:35 [BESTIARY] §f                                  §6§lBESTIARY
12:32:35 [BESTIARY] §f                          §b§lNurse Shark §7§8III §8➡§b §bIV
12:32:35 [BESTIARY] 
12:32:35 [BESTIARY] §f                                  §r§6§lREWARDS
12:32:35 [BESTIARY] §f                      §r§8+§r§a2 Nurse Shark §r§b✯ Magic Find
12:32:35 [BESTIARY] §f                       §r§8+§r§a2 Nurse Shark §r§c❁ Strength
12:32:35 [BESTIARY] §f                          §r§8+§r§62% §r§aNurse Shark §r§7coins
12:32:35 [BESTIARY] §f                    §r§8+§r§a50% §r§7chance for extra XP orbs
12:32:35 [BESTIARY] §f                               §r§8+§r§b1 SkyBlock XP
12:32:35 [BESTIARY] 
12:32:35 [BESTIARY] §3§l▬▬▬▬▬▬▬▬▬▬▬▬▬▬▬▬▬▬▬▬▬▬▬▬▬▬▬▬▬▬▬▬▬▬▬▬▬▬▬▬▬▬▬▬▬▬▬▬▬▬▬▬▬▬▬▬▬▬▬▬▬▬▬▬
12:34:34 [BESTIARY] §f                                  §6§lBESTIARY
12:34:34 [BESTIARY] §f                      §b§lGuardian Defender §7§8V §8➡§b §bVI
12:34:34 [BESTIARY] 
12:34:34 [BESTIARY] §f                                  §r§6§lREWARDS
12:34:34 [BESTIARY] §f                  §r§8+§r§a3 Guardian Defender §r§b✯ Magic Find
12:34:34 [BESTIARY] §f                   §r§8+§r§a3 Guardian Defender §r§c❁ Strength
12:34:34 [BESTIARY] §f                      §r§8+§r§62% §r§aGuardian Defender §r§7coins
12:34:34 [BESTIARY] §f                    §r§8+§r§a50% §r§7chance for extra XP orbs
12:34:34 [BESTIARY] §f                               §r§8+§r§b1 SkyBlock XP
12:34:34 [BESTIARY] 
12:34:34 [BESTIARY] §3§l▬▬▬▬▬▬▬▬▬▬▬▬▬▬▬▬▬▬▬▬▬▬▬▬▬▬▬▬▬▬▬▬▬▬▬▬▬▬▬▬▬▬▬▬▬▬▬▬▬▬▬▬▬▬▬▬▬▬▬▬▬▬▬▬
