10:44:58 §e[SkyHanni] §b+15 SkyBlock XP §7(Unlocking Power§7)§b (36/100)§r
10:46:37 §e[SkyHanni] You have gained §b281 §eBits.§r
10:50:31 §6§lBESTIARY §r§b§lSuper Archer §7§8XIX §8➡§b §bXX§r
10:58:54 §e[SkyHanni] You are close to the Croesus Limit. Please open your chests!§r
10:58:54 §e[SkyHanni] §b+1 SkyBlock XP §7(Class Level Up§7)§b (37/100)§r
10:59:07 §e[SkyHanni] You have gained §b28 §eBits.§r
10:59:08 §e[SkyHanni] Reminding you to grab the free New Year Cake. Click here to open the baker menu!
§e[CLICK to open the baker menu or disable this feature]§r
10:59:39 §e[SkyHanni] Reminding you to grab the free New Year Cake. Click here to open the baker menu!
§e[CLICK to open the baker menu or disable this feature]§r
11:12:24 §e[SkyHanni] You are close to the Croesus Limit. Please open your chests!§r
11:12:55 §e[SkyHanni] You have gained §b28 §eBits.§r
11:15:21 §e[SkyHanni] You have gained §b67 §eBits.§r
11:17:12 §e[SkyHanni] You have gained §b281 §eBits.§r
11:35:15 §e[SkyHanni] You are close to the Croesus Limit. Please open your chests!§r
11:38:59 §e[SkyHanni] You have gained §b34 §eBits.§r
11:39:55 §e[SkyHanni] Low on arrows §e(500 left)§r
11:42:19 §e[SkyHanni] Low on arrows §e(484 left)§r
11:47:29 §e[SkyHanni] You have gained §b281 §eBits.§r
11:50:07 §e[SkyHanni] Low on arrows §e(482 left)§r
11:50:13 §e[SkyHanni] You have gained §b34 §eBits.§r
11:55:00 §e[SkyHanni] New rabbits are available at §aHoppity's Shop§e!
§e[CLICK to warp to hub or disable this feature]§r
11:55:00 §e[SkyHanni] Reminding you to grab the free New Year Cake. Click here to open the baker menu!
§e[CLICK to open the baker menu or disable this feature]§r
11:57:01 §e[SkyHanni] New rabbits are available at §aHoppity's Shop§e!
§e[CLICK to warp to hub or disable this feature]§r
11:57:10 §6§lBESTIARY §r§b§lTiger Shark §7§bI§r
11:59:01 §e[SkyHanni] New rabbits are available at §aHoppity's Shop§e!
§e[CLICK to warp to hub or disable this feature]§r
12:01:02 §e[SkyHanni] New rabbits are available at §aHoppity's Shop§e!
§e[CLICK to warp to hub or disable this feature]§r
12:01:18 §e[SkyHanni] §cYour Time Tower just expired and has 2 charges remaining. Click here to use one.§r
12:01:45 §e[SkyHanni] §b+1 SkyBlock XP §7(Fishing Festival§7)§b (42/100)§r
12:02:53 §6§lBESTIARY §r§b§lSea Leech §7§8V §8➡§b §bVI§r
12:03:02 §e[SkyHanni] New rabbits are available at §aHoppity's Shop§e!
§e[CLICK to warp to hub or disable this feature]§r
12:03:38 §e[SkyHanni] §b+1 SkyBlock XP §7(Fishing Festival§7)§b (43/100)§r
12:04:57 §6§lBESTIARY §r§b§lNurse Shark §7§8I §8➡§b §bII§r
12:05:03 §e[SkyHanni] New rabbits are available at §aHoppity's Shop§e!
§e[CLICK to warp to hub or disable this feature]§r
12:05:03 §e[SkyHanni] §b+1 SkyBlock XP §7(Fishing Festival§7)§b (44/100)§r
12:06:50 §6§lBESTIARY §r§b§lGuardian Defender §7§8IV §8➡§b §bV§r
12:06:55 §e[SkyHanni] §b+1 SkyBlock XP §7(Fishing Festival§7)§b (45/100)§r
12:07:04 §e[SkyHanni] New rabbits are available at §aHoppity's Shop§e!
§e[CLICK to warp to hub or disable this feature]§r
12:07:57 §6§lBESTIARY §r§b§lBlue Shark §7§8I §8➡§b §bII§r
12:09:03 §e[SkyHanni] §b+1 SkyBlock XP §7(Fishing Festival§7)§b (46/100)§r
12:09:05 §e[SkyHanni] New rabbits are available at §aHoppity's Shop§e!
§e[CLICK to warp to hub or disable this feature]§r
12:09:48 §e[SkyHanni] §b+4 SkyBlock XP §7(Collections§7)§b (50/100)§r
12:11:06 §e[SkyHanni] New rabbits are available at §aHoppity's Shop§e!
§e[CLICK to warp to hub or disable this feature]§r
12:11:09 §6§lBESTIARY §r§b§lAgarimoo §7§bI§r
12:13:07 §e[SkyHanni] New rabbits are available at §aHoppity's Shop§e!
§e[CLICK to warp to hub or disable this feature]§r
12:14:12 §6§lBESTIARY §r§b§lBlue Shark §7§8II §8➡§b §bIII§r
12:15:08 §e[SkyHanni] New rabbits are available at §aHoppity's Shop§e!
§e[CLICK to warp to hub or disable this feature]§r
12:15:23 §6§lBESTIARY §r§b§lNight Squid §7§8VIII §8➡§b §bIX§r
12:17:08 §e[SkyHanni] New rabbits are available at §aHoppity's Shop§e!
§e[CLICK to warp to hub or disable this feature]§r
12:17:15 §e[SkyHanni] §b+2 SkyBlock XP §7(Fishing Festival§7)§b (53/100)§r
12:17:31 §e[SkyHanni] You have gained §b562 §eBits.§r
12:17:43 §6§lBESTIARY §r§b§lNurse Shark §7§8II §8➡§b §bIII§r
12:17:51 §e[SkyHanni] §b+1 SkyBlock XP §7(Fishing Festival§7)§b (54/100)§r
12:18:30 §6§lBESTIARY §r§b§lTiger Shark §7§8I §8➡§b §bII§r
12:19:08 §e[SkyHanni] New rabbits are available at §aHoppity's Shop§e!
§e[CLICK to warp to hub or disable this feature]§r
12:21:09 §e[SkyHanni] New rabbits are available at §aHoppity's Shop§e!
§e[CLICK to warp to hub or disable this feature]§r
12:23:09 §e[SkyHanni] New rabbits are available at §aHoppity's Shop§e!
§e[CLICK to warp to hub or disable this feature]§r
12:24:23 §6§lBESTIARY §r§b§lTiger Shark §7§8II §8➡§b §bIII§r
12:25:10 §e[SkyHanni] New rabbits are available at §aHoppity's Shop§e!
§e[CLICK to warp to hub or disable this feature]§r
12:25:33 §6§lBESTIARY §r§b§lRider of the Deep §7§8V §8➡§b §bVI§r
12:26:46 §6§lBESTIARY §r§b§lSea Archer §7§8V §8➡§b §bVI§r
12:26:47 §e[SkyHanni] §b+4 SkyBlock XP §7(Fishing Festival§7)§b (58/100)§r
12:27:11 §e[SkyHanni] New rabbits are available at §aHoppity's Shop§e!
§e[CLICK to warp to hub or disable this feature]§r
12:28:26 §e[SkyHanni] §b+15 SkyBlock XP §7(Pet Score§7)§b (73/100)§r
12:29:11 §e[SkyHanni] New rabbits are available at §aHoppity's Shop§e!
§e[CLICK to warp to hub or disable this feature]§r
12:31:12 §e[SkyHanni] New rabbits are available at §aHoppity's Shop§e!
§e[CLICK to warp to hub or disable this feature]§r
12:32:35 §6§lBESTIARY §r§b§lNurse Shark §7§8III §8➡§b §bIV§r
12:33:12 §e[SkyHanni] New rabbits are available at §aHoppity's Shop§e!
§e[CLICK to warp to hub or disable this feature]§r
12:33:33 §e[SkyHanni] §b+1 SkyBlock XP §7(Fishing Festival§7)§b (74/100)§r
12:34:34 §6§lBESTIARY §r§b§lGuardian Defender §7§8V §8➡§b §bVI§r
