16:26:24 [SKYMALL] §bNew day! §r§eYour §r§2Sky Mall §r§ebuff changed!
16:26:24 [SKYMALL] §eNew buff§r§r§r: §r§fGain §r§6+50☘ Mining Fortune§r§f.
16:26:24 [SKYMALL] §8§oYou can disable this messaging by toggling Sky Mall in your /hotm!
16:35:02 [SKYMALL] §bNew day! §r§eYour §r§2Sky Mall §r§ebuff changed!
16:35:02 [SKYMALL] §eNew buff§r§r§r: §r§fGain §r§a+15% §r§fmore Powder while mining.
16:35:02 [SKYMALL] §8§oYou can disable this messaging by toggling Sky Mall in your /hotm!
16:55:01 [SKYMALL] §bNew day! §r§eYour §r§2Sky Mall §r§ebuff changed!
16:55:01 [SKYMALL] §eNew buff§r§r§r: §r§fGain §r§a+15% §r§fmore Powder while mining.
16:55:01 [SKYMALL] §8§oYou can disable this messaging by toggling Sky Mall in your /hotm!
16:59:47 [BESTIARY] §f                                  §6§lBESTIARY
16:59:47 [BESTIARY] §f                     §b§lCrypt Souleater §7§8XVIII §8➡§b §bXIX
16:59:47 [BESTIARY] 
16:59:47 [BESTIARY] §f                                  §r§6§lREWARDS
16:59:47 [BESTIARY] §f                    §r§8+§r§a5 Crypt Souleater §r§b✯ Magic Find
16:59:47 [BESTIARY] §f                     §r§8+§r§a5 Crypt Souleater §r§c❁ Strength
16:59:47 [BESTIARY] §f                        §r§8+§r§62% §r§aCrypt Souleater §r§7coins
16:59:47 [BESTIARY] §f                    §r§8+§r§a50% §r§7chance for extra XP orbs
16:59:47 [BESTIARY] §f                               §r§8+§r§b1 SkyBlock XP
16:59:47 [BESTIARY] 
16:59:47 [BESTIARY] §3§l▬▬▬▬▬▬▬▬▬▬▬▬▬▬▬▬▬▬▬▬▬▬▬▬▬▬▬▬▬▬▬▬▬▬▬▬▬▬▬▬▬▬▬▬▬▬▬▬▬▬▬▬▬▬▬▬▬▬▬▬▬▬▬▬
17:15:01 [SKYMALL] §bNew day! §r§eYour §r§2Sky Mall §r§ebuff changed!
17:15:01 [SKYMALL] §eNew buff§r§r§r: §r§fGain §r§6+50☘ Mining Fortune§r§f.
17:15:01 [SKYMALL] §8§oYou can disable this messaging by toggling Sky Mall in your /hotm!
17:35:01 [SKYMALL] §bNew day! §r§eYour §r§2Sky Mall §r§ebuff changed!
17:35:01 [SKYMALL] §eNew buff§r§r§r: §r§fGain §r§a+15% §r§fmore Powder while mining.
17:35:01 [SKYMALL] §8§oYou can disable this messaging by toggling Sky Mall in your /hotm!
17:55:01 [SKYMALL] §bNew day! §r§eYour §r§2Sky Mall §r§ebuff changed!
17:55:01 [SKYMALL] §eNew buff§r§r§r: §r§fGain §r§6+50☘ Mining Fortune§r§f.
17:55:01 [SKYMALL] §8§oYou can disable this messaging by toggling Sky Mall in your /hotm!
18:15:01 [SKYMALL] §bNew day! §r§eYour §r§2Sky Mall §r§ebuff changed!
18:15:01 [SKYMALL] §eNew buff§r§r§r: §r§fGain §r§a+15% §r§fmore Powder while mining.
18:15:01 [SKYMALL] §8§oYou can disable this messaging by toggling Sky Mall in your /hotm!
18:18:54 [BESTIARY] §f                                  §6§lBESTIARY
18:18:54 [BESTIARY] §f                       §b§lWithermancer §7§8XVIII §8➡§b §bXIX
18:18:54 [BESTIARY] 
18:18:54 [BESTIARY] §f                                  §r§6§lREWARDS
18:18:54 [BESTIARY] §f                      §r§8+§r§a5 Withermancer §r§b✯ Magic Find
18:18:54 [BESTIARY] §f                      §r§8+§r§a5 Withermancer §r§c❁ Strength
18:18:54 [BESTIARY] §f                          §r§8+§r§62% §r§aWithermancer §r§7coins
18:18:54 [BESTIARY] §f                    §r§8+§r§a50% §r§7chance for extra XP orbs
18:18:54 [BESTIARY] §f                               §r§8+§r§b1 SkyBlock XP
18:18:54 [BESTIARY] 
18:18:54 [BESTIARY]   §r§f                         §6§lBESTIARY MILESTONE
18:18:54 [BESTIARY]   §r§f                              §8CXXXVIII➡§eCXXXIX
18:18:54 [BESTIARY] 
18:18:54 [BESTIARY] §3§l▬▬▬▬▬▬▬▬▬▬▬▬▬▬▬▬▬▬▬▬▬▬▬▬▬▬▬▬▬▬▬▬▬▬▬▬▬▬▬▬▬▬▬▬▬▬▬▬▬▬▬▬▬▬▬▬▬▬▬▬▬▬▬▬
18:35:01 [SKYMALL] §bNew day! §r§eYour §r§2Sky Mall §r§ebuff changed!
18:35:01 [SKYMALL] §eNew buff§r§r§r: §r§f§r§a-20%§r§f Pickaxe Ability cooldowns.
18:35:01 [SKYMALL] §8§oYou can disable this messaging by toggling Sky Mall in your /hotm!
18:55:02 [SKYMALL] §bNew day! §r§eYour §r§2Sky Mall §r§ebuff changed!
18:55:02 [SKYMALL] §eNew buff§r§r§r: §r§f§r§a-20%§r§f Pickaxe Ability cooldowns.
18:55:02 [SKYMALL] §8§oYou can disable this messaging by toggling Sky Mall in your /hotm!
19:15:06 [SKYMALL] §bNew day! §r§eYour §r§2Sky Mall §r§ebuff changed!
19:15:06 [SKYMALL] §eNew buff§r§r§r: §r§fGain §r§6+100⸕ Mining Speed§r§f.
19:15:06 [SKYMALL] §8§oYou can disable this messaging by toggling Sky Mall in your /hotm!
19:17:54 [BESTIARY] §f                                  §6§lBESTIARY
19:17:54 [BESTIARY] §f                       §b§lLonely Spider §7§8XVI §8➡§b §bXVII
19:17:54 [BESTIARY] 
19:17:54 [BESTIARY] §f                                  §r§6§lREWARDS
19:17:54 [BESTIARY] §f                     §r§8+§r§a5 Lonely Spider §r§b✯ Magic Find
19:17:54 [BESTIARY] §f                      §r§8+§r§a5 Lonely Spider §r§c❁ Strength
19:17:54 [BESTIARY] §f                         §r§8+§r§62% §r§aLonely Spider §r§7coins
19:17:54 [BESTIARY] §f                    §r§8+§r§a50% §r§7chance for extra XP orbs
19:17:54 [BESTIARY] §f                               §r§8+§r§b1 SkyBlock XP
19:17:54 [BESTIARY] 
19:17:54 [BESTIARY] §3§l▬▬▬▬▬▬▬▬▬▬▬▬▬▬▬▬▬▬▬▬▬▬▬▬▬▬▬▬▬▬▬▬▬▬▬▬▬▬▬▬▬▬▬▬▬▬▬▬▬▬▬▬▬▬▬▬▬▬▬▬▬▬▬▬
19:34:58 [GARDEN_VISITOR_MESSAGE] §e[NPC] §9Gwendolyn§f: §r§fI don't really have a sweet tooth, but chocolate is probably my favorite thing in this world. But the supply is really poor mostly because of the mines' lack of accessibility.
19:35:01 [SKYMALL] §bNew day! §r§eYour §r§2Sky Mall §r§ebuff changed!
19:35:01 [SKYMALL] §eNew buff§r§r§r: §r§fGain §r§6+100⸕ Mining Speed§r§f.
19:35:01 [SKYMALL] §8§oYou can disable this messaging by toggling Sky Mall in your /hotm!
19:35:04 [GARDEN_VISITOR_MESSAGE] §e[NPC] §aPlumber Joe§f: §r§fI once dumped a magical water bucket into the toilet. It won't stop overflowing. Anyway, you got something for me?
19:35:07 [GARDEN_VISITOR_MESSAGE] §e[NPC] §9Gwendolyn§f: §r§fI helped you enter the Crystal Hollows so many times! Why won't you return the favor?
19:35:08 [GARDEN_VISITOR_MESSAGE] §e[NPC] §aPlumber Joe§f: §r§fI guess I'll just try to fix it myself.
19:35:09 [GARDEN_VISITOR_MESSAGE] §e[NPC] §9Iron Forger§f: §r§fI've recently got into cooking, yesterday I made pasta carbonara, today I'm planning on baking a carrot cake.
19:35:10 [GARDEN_VISITOR_MESSAGE] §e[NPC] §9Iron Forger§f: §r§fWill have to order some food today then.
19:35:11 [GARDEN_VISITOR_MESSAGE] §e[NPC] §aLiam§f: §r§fOne day you'll be able to buy the sun, trust me on that mate.
19:35:13 [GARDEN_VISITOR_MESSAGE] §e[NPC] §aLiam§f: §r§fAlright...
19:35:14 [GARDEN_VISITOR_MESSAGE] §e[NPC] §aTarwen§f: §r§fBuurrrp? ... Burrp bURp!
19:35:17 [GARDEN_VISITOR_MESSAGE] §e[NPC] §aTarwen§f: §r§fBuUuUrRrPpP!
