16:26:20 §e[SkyHanni] New rabbits are available at §aHoppity's Shop§e!
§e[CLICK to warp to hub or disable this feature]§r
16:26:23 §e[SkyHanni] You have gained §b281 §eBits.§r
16:28:21 §e[SkyHanni] New rabbits are available at §aHoppity's Shop§e!
§e[CLICK to warp to hub or disable this feature]§r
16:30:22 §e[SkyHanni] New rabbits are available at §aHoppity's Shop§e!
§e[CLICK to warp to hub or disable this feature]§r
16:32:22 §e[SkyHanni] New rabbits are available at §aHoppity's Shop§e!
§e[CLICK to warp to hub or disable this feature]§r
16:34:23 §e[SkyHanni] New rabbits are available at §aHoppity's Shop§e!
§e[CLICK to warp to hub or disable this feature]§r
16:36:24 §e[SkyHanni] New rabbits are available at §aHoppity's Shop§e!
§e[CLICK to warp to hub or disable this feature]§r
16:37:54 §e[SkyHanni] Low on arrows §e(467 left)§r
16:38:32 §e[SkyHanni] Low on arrows §e(455 left)§r
16:39:20 §e[SkyHanni] Low on arrows §e(440 left)§r
16:39:52 §e[SkyHanni] Low on arrows §e(423 left)§r
16:40:02 §e[SkyHanni] New rabbits are available at §aHoppity's Shop§e!
§e[CLICK to warp to hub or disable this feature]§r
16:42:03 §e[SkyHanni] New rabbits are available at §aHoppity's Shop§e!
§e[CLICK to warp to hub or disable this feature]§r
16:44:03 §e[SkyHanni] New rabbits are available at §aHoppity's Shop§e!
§e[CLICK to warp to hub or disable this feature]§r
16:46:03 §e[SkyHanni] New rabbits are available at §aHoppity's Shop§e!
§e[CLICK to warp to hub or disable this feature]§r
16:46:37 §e[SkyHanni] Click here to share the location of this chocolate egg with the server!§r
16:48:03 §e[SkyHanni] New rabbits are available at §aHoppity's Shop§e!
§e[CLICK to warp to hub or disable this feature]§r
16:57:00 §e[SkyHanni] You are close to the Croesus Limit. Please open your chests!§r
16:57:00 §e[SkyHanni] New rabbits are available at §aHoppity's Shop§e!
§e[CLICK to warp to hub or disable this feature]§r
16:57:31 §e[SkyHanni] You have gained §b309 §eBits.§r
16:59:47 §6§lBESTIARY §r§b§lCrypt Souleater §7§8XVIII §8➡§b §bXIX§r
17:07:58 §e[SkyHanni] You are close to the Croesus Limit. Please open your chests!§r
17:07:59 §e[SkyHanni] New rabbits are available at §aHoppity's Shop§e!
§e[CLICK to warp to hub or disable this feature]§r
17:08:14 §e[SkyHanni] You have gained §b28 §eBits.§r
17:09:59 §e[SkyHanni] New rabbits are available at §aHoppity's Shop§e!
§e[CLICK to warp to hub or disable this feature]§r
17:22:20 §e[SkyHanni] You are close to the Croesus Limit. Please open your chests!§r
17:22:20 §e[SkyHanni] New rabbits are available at §aHoppity's Shop§e!
§e[CLICK to warp to hub or disable this feature]§r
17:24:21 §e[SkyHanni] New rabbits are available at §aHoppity's Shop§e!
§e[CLICK to warp to hub or disable this feature]§r
17:26:22 §e[SkyHanni] New rabbits are available at §aHoppity's Shop§e!
§e[CLICK to warp to hub or disable this feature]§r
17:26:59 §e[SkyHanni] You have gained §b281 §eBits.§r
17:28:23 §e[SkyHanni] New rabbits are available at §aHoppity's Shop§e!
§e[CLICK to warp to hub or disable this feature]§r
17:30:24 §e[SkyHanni] New rabbits are available at §aHoppity's Shop§e!
§e[CLICK to warp to hub or disable this feature]§r
17:32:24 §e[SkyHanni] New rabbits are available at §aHoppity's Shop§e!
§e[CLICK to warp to hub or disable this feature]§r
17:34:24 §e[SkyHanni] New rabbits are available at §aHoppity's Shop§e!
§e[CLICK to warp to hub or disable this feature]§r
17:36:25 §e[SkyHanni] New rabbits are available at §aHoppity's Shop§e!
§e[CLICK to warp to hub or disable this feature]§r
17:38:26 §e[SkyHanni] New rabbits are available at §aHoppity's Shop§e!
§e[CLICK to warp to hub or disable this feature]§r
17:49:04 §e[SkyHanni] You are close to the Croesus Limit. Please open your chests!§r
17:49:05 §e[SkyHanni] New rabbits are available at §aHoppity's Shop§e!
§e[CLICK to warp to hub or disable this feature]§r
17:49:09 §e[SkyHanni] You have gained §b28 §eBits.§r
17:51:06 §e[SkyHanni] New rabbits are available at §aHoppity's Shop§e!
§e[CLICK to warp to hub or disable this feature]§r
18:01:48 §e[SkyHanni] You are close to the Croesus Limit. Please open your chests!§r
18:01:48 §e[SkyHanni] New rabbits are available at §aHoppity's Shop§e!
§e[CLICK to warp to hub or disable this feature]§r
18:01:58 §e[SkyHanni] You have gained §b309 §eBits.§r
18:14:15 §e[SkyHanni] You are close to the Croesus Limit. Please open your chests!§r
18:14:16 §e[SkyHanni] New rabbits are available at §aHoppity's Shop§e!
§e[CLICK to warp to hub or disable this feature]§r
18:14:34 §e[SkyHanni] You have gained §b28 §eBits.§r
18:17:27 §e[SkyHanni] New rabbits are available at §aHoppity's Shop§e!
§e[CLICK to warp to hub or disable this feature]§r
18:18:54 §6§lBESTIARY §r§b§lWithermancer §7§8XVIII §8➡§b §bXIX§r
18:32:06 §e[SkyHanni] You are close to the Croesus Limit. Please open your chests!§r
18:32:06 §e[SkyHanni] §b+1 SkyBlock XP §7(Class Level Up§7)§b (5/100)§r
18:32:06 §e[SkyHanni] New rabbits are available at §aHoppity's Shop§e!
§e[CLICK to warp to hub or disable this feature]§r
18:46:49 §e[SkyHanni] You are close to the Croesus Limit. Please open your chests!§r
18:46:49 §e[SkyHanni] New rabbits are available at §aHoppity's Shop§e!
§e[CLICK to warp to hub or disable this feature]§r
18:47:23 §e[SkyHanni] You have gained §b56 §eBits.§r
19:00:19 §e[SkyHanni] Low on arrows §e(500 left)§r
19:00:50 §e[SkyHanni] You are close to the Croesus Limit. Please open your chests!§r
19:00:50 §e[SkyHanni] New rabbits are available at §aHoppity's Shop§e!
§e[CLICK to warp to hub or disable this feature]§r
19:01:00 §e[SkyHanni] You have gained §b309 §eBits.§r
19:02:51 §e[SkyHanni] New rabbits are available at §aHoppity's Shop§e!
§e[CLICK to warp to hub or disable this feature]§r
19:14:38 §e[SkyHanni] You are close to the Croesus Limit. Please open your chests!§r
19:14:38 §e[SkyHanni] New rabbits are available at §aHoppity's Shop§e!
§e[CLICK to warp to hub or disable this feature]§r
19:15:01 §e[SkyHanni] You have gained §b28 §eBits.§r
19:17:54 §6§lBESTIARY §r§b§lLonely Spider §7§8XVI §8➡§b §bXVII§r
19:28:30 §e[SkyHanni] You are close to the Croesus Limit. Please open your chests!§r
19:28:30 §e[SkyHanni] New rabbits are available at §aHoppity's Shop§e!
§e[CLICK to warp to hub or disable this feature]§r
19:28:56 §e[SkyHanni] You have gained §b309 §eBits.§r
19:30:31 §e[SkyHanni] New rabbits are available at §aHoppity's Shop§e!
§e[CLICK to warp to hub or disable this feature]§r
19:32:32 §e[SkyHanni] New rabbits are available at §aHoppity's Shop§e!
§e[CLICK to warp to hub or disable this feature]§r
19:34:32 §e[SkyHanni] New rabbits are available at §aHoppity's Shop§e!
§e[CLICK to warp to hub or disable this feature]§r
19:34:51 §e[SkyHanni] §9Gwendolyn §eis visiting your garden!§r
19:34:51 §e[SkyHanni] §aPlumber Joe §eis visiting your garden!§r
19:34:51 §e[SkyHanni] §9Iron Forger §eis visiting your garden!§r
19:34:51 §e[SkyHanni] §aLiam §eis visiting your garden!§r
19:34:51 §e[SkyHanni] §aTarwen §eis visiting your garden!§r
19:34:53 §e[SkyHanni] Successfully loaded this year's contests from elitebot.dev automatically!§r
