15:31:29 
15:31:29 blocked link because:
15:31:29 isNotInSignAndOnSlot
15:31:29 
15:31:29 allowed click
15:31:29 allowed click
15:31:29 allowed click
15:31:29 allowed click
15:31:29 allowed click
15:31:29 allowed click
15:31:29 allowed click
15:31:29 allowed click
15:31:29 allowed click
15:31:29 allowed click
15:31:29 allowed click
15:31:29 allowed click
15:31:29 allowed click
15:31:29 allowed click
15:31:29 allowed click
15:31:29 allowed click
15:31:29 allowed click
15:31:29 allowed click
15:31:29 allowed click
15:31:29 allowed click
15:31:29 allowed click
15:31:29 allowed click
15:31:29 allowed click
15:31:29 allowed click
15:31:29 allowed click
15:31:29 allowed click
15:31:29 allowed click
15:31:29 allowed click
15:31:29 allowed click
15:31:29 allowed click
15:31:29 allowed click
15:31:29 allowed click
15:31:29 allowed click
15:31:29 allowed click
15:31:29 allowed click
15:31:29 allowed click
15:31:29 allowed click
15:31:29 allowed click
15:31:29 allowed click
15:31:29 allowed click
15:31:29 allowed click
15:31:29 allowed click
15:31:29 allowed click
15:31:29 allowed click
15:31:29 allowed click
15:31:29 allowed click
15:31:29 allowed click
15:31:29 allowed click
15:31:29 allowed click
15:31:29 allowed click
15:31:29 allowed click
15:31:29 allowed click
15:31:29 allowed click
15:31:29 allowed click
15:31:29 allowed click
15:31:29 allowed click
15:31:29 allowed click
15:31:29 allowed click
15:31:29 allowed click
15:31:29 allowed click
15:31:29 allowed click
15:31:29 allowed click
15:31:29 allowed click
15:31:29 allowed click
15:31:29 allowed click
15:31:29 allowed click
15:31:29 allowed click
15:31:29 allowed click
15:31:29 allowed click
15:31:29 allowed click
15:31:29 allowed click
15:31:29 allowed click
15:31:29 allowed click
15:31:29 allowed click
15:31:29 allowed click
15:31:29 allowed click
15:31:29 allowed click
15:31:29 allowed click
15:31:29 allowed click
15:31:29 allowed click
15:31:29 allowed click
15:31:29 allowed click
15:31:29 allowed click
15:31:29 allowed click
15:31:29 allowed click
15:31:29 allowed click
15:31:29 allowed click
15:31:29 allowed click
15:31:29 allowed click
15:31:29 allowed click
15:31:29 allowed click
15:31:29 allowed click
15:31:29 allowed click
15:31:29 allowed click
15:31:29 allowed click
15:31:29 allowed click
15:31:29 allowed click
15:31:29 allowed click
15:31:29 allowed click
15:31:29 allowed click
15:31:29 allowed click
15:31:29 allowed click
15:31:29 allowed click
15:31:29 allowed click
15:31:29 allowed click
15:31:29 allowed click
15:31:29 allowed click
15:31:29 allowed click
15:31:29 allowed click
15:31:29 allowed click
15:31:29 allowed click
15:31:29 allowed click
15:31:29 allowed click
15:31:29 allowed click
15:31:29 allowed click
15:31:29 allowed click
15:31:29 allowed click
15:31:29 allowed click
15:31:29 allowed click
15:31:29 allowed click
15:31:29 allowed click
15:31:29 allowed click
15:31:29 allowed click
15:31:29 allowed click
15:31:29 allowed click
15:31:29 allowed click
15:31:29 allowed click
15:31:29 allowed click
15:31:29 allowed click
15:31:29 allowed click
15:31:29 allowed click
15:31:29 allowed click
15:31:29 allowed click
15:31:29 allowed click
15:31:29 allowed click
15:31:29 allowed click
15:31:29 allowed click
15:31:29 allowed click
15:31:29 allowed click
15:31:29 allowed click
15:31:29 allowed click
15:31:29 allowed click
15:31:29 allowed click
15:31:29 allowed click
15:31:29 allowed click
15:31:29 allowed click
15:31:29 allowed click
17:05:37 
17:05:37 blocked link because:
17:05:37 isGuiScreen
17:05:37 isNotInSignAndOnSlot
17:05:37 
17:05:37 
17:05:37 blocked link because:
17:05:37 isGuiScreen
17:05:37 isNotInSignAndOnSlot
17:05:37 
17:05:37 
17:05:37 blocked link because:
17:05:37 isGuiScreen
17:05:37 isNotInSignAndOnSlot
17:05:37 
17:05:37 
17:05:37 blocked link because:
17:05:37 isGuiScreen
17:05:37 isNotInSignAndOnSlot
17:05:37 
17:05:37 
17:05:37 blocked link because:
17:05:37 isGuiScreen
17:05:37 isNotInSignAndOnSlot
17:05:37 
17:05:37 
17:05:37 blocked link because:
17:05:37 isGuiScreen
17:05:37 isNotInSignAndOnSlot
17:05:37 
17:05:37 
17:05:37 blocked link because:
17:05:37 isGuiScreen
17:05:37 isNotInSignAndOnSlot
17:05:37 
17:05:37 
17:05:37 blocked link because:
17:05:37 isGuiScreen
17:05:37 isNotInSignAndOnSlot
17:05:37 
17:05:37 
17:05:37 blocked link because:
17:05:37 isGuiScreen
17:05:37 isNotInSignAndOnSlot
17:05:37 
17:05:37 
17:05:37 blocked link because:
17:05:37 isGuiScreen
17:05:37 isNotInSignAndOnSlot
17:05:37 
17:05:37 
17:05:37 blocked link because:
17:05:37 isGuiScreen
17:05:37 isNotInSignAndOnSlot
17:05:37 
17:05:37 
17:05:37 blocked link because:
17:05:37 isGuiScreen
17:05:37 isNotInSignAndOnSlot
17:05:37 
17:05:37 
17:05:37 blocked link because:
17:05:37 isGuiScreen
17:05:37 isNotInSignAndOnSlot
17:05:37 
17:05:37 
17:05:37 blocked link because:
17:05:37 isGuiScreen
17:05:37 isNotInSignAndOnSlot
17:05:37 
17:05:37 
17:05:37 blocked link because:
17:05:37 isGuiScreen
17:05:37 isNotInSignAndOnSlot
17:05:37 
17:05:37 
17:05:37 blocked link because:
17:05:37 isGuiScreen
17:05:37 isNotInSignAndOnSlot
17:05:37 
17:05:37 
17:05:37 blocked link because:
17:05:37 isGuiScreen
17:05:37 isNotInSignAndOnSlot
17:05:37 
17:05:37 
17:05:37 blocked link because:
17:05:37 isGuiScreen
17:05:37 isNotInSignAndOnSlot
17:05:37 
17:05:37 
17:05:37 blocked link because:
17:05:37 isGuiScreen
17:05:37 isNotInSignAndOnSlot
17:05:37 
17:05:37 
17:05:37 blocked link because:
17:05:37 isGuiScreen
17:05:37 isNotInSignAndOnSlot
17:05:37 
17:05:37 
17:05:37 blocked link because:
17:05:37 isGuiScreen
17:05:37 isNotInSignAndOnSlot
17:05:37 
17:05:37 
17:05:37 blocked link because:
17:05:37 isGuiScreen
17:05:37 isNotInSignAndOnSlot
17:05:37 
17:05:37 
17:05:37 blocked link because:
17:05:37 isGuiScreen
17:05:37 isNotInSignAndOnSlot
17:05:37 
17:05:37 
17:05:37 blocked link because:
17:05:37 isGuiScreen
17:05:37 isNotInSignAndOnSlot
17:05:37 
17:05:37 
17:05:37 blocked link because:
17:05:37 isGuiScreen
17:05:37 isNotInSignAndOnSlot
17:05:37 
17:05:37 
17:05:37 blocked link because:
17:05:37 isGuiScreen
17:05:37 isNotInSignAndOnSlot
17:05:37 
17:05:37 
17:05:37 blocked link because:
17:05:37 isGuiScreen
17:05:37 isNotInSignAndOnSlot
17:05:37 
17:05:37 
17:05:37 blocked link because:
17:05:37 isGuiScreen
17:05:37 isNotInSignAndOnSlot
17:05:37 
17:05:37 
17:05:37 blocked link because:
17:05:37 isGuiScreen
17:05:37 isNotInSignAndOnSlot
17:05:37 
17:05:37 
17:05:37 blocked link because:
17:05:37 isGuiScreen
17:05:37 isNotInSignAndOnSlot
17:05:37 
17:05:37 
17:05:37 blocked link because:
17:05:37 isGuiScreen
17:05:37 isNotInSignAndOnSlot
17:05:37 
17:05:37 
17:05:37 blocked link because:
17:05:37 isGuiScreen
17:05:37 isNotInSignAndOnSlot
17:05:37 
17:05:37 
17:05:37 blocked link because:
17:05:37 isGuiScreen
17:05:37 isNotInSignAndOnSlot
17:05:37 
17:05:37 
17:05:37 blocked link because:
17:05:37 isGuiScreen
17:05:37 isNotInSignAndOnSlot
17:05:37 
17:05:37 
17:05:37 blocked link because:
17:05:37 isGuiScreen
17:05:37 isNotInSignAndOnSlot
17:05:37 
17:05:37 
17:05:37 blocked link because:
17:05:37 isGuiScreen
17:05:37 isNotInSignAndOnSlot
17:05:37 
17:05:37 
17:05:37 blocked link because:
17:05:37 isGuiScreen
17:05:37 isNotInSignAndOnSlot
17:05:37 
17:05:37 
17:05:37 blocked link because:
17:05:37 isGuiScreen
17:05:37 isNotInSignAndOnSlot
17:05:37 
17:05:37 
17:05:37 blocked link because:
17:05:37 isGuiScreen
17:05:37 isNotInSignAndOnSlot
17:05:37 
17:05:37 
17:05:37 blocked link because:
17:05:37 isGuiScreen
17:05:37 isNotInSignAndOnSlot
17:05:37 
17:05:37 
17:05:37 blocked link because:
17:05:37 isGuiScreen
17:05:37 isNotInSignAndOnSlot
17:05:37 
17:05:37 
17:05:37 blocked link because:
17:05:37 isGuiScreen
17:05:37 isNotInSignAndOnSlot
17:05:37 
17:05:37 
17:05:37 blocked link because:
17:05:37 isGuiScreen
17:05:37 isNotInSignAndOnSlot
17:05:37 
17:05:37 
17:05:37 blocked link because:
17:05:37 isGuiScreen
17:05:37 isNotInSignAndOnSlot
17:05:37 
17:05:37 
17:05:37 blocked link because:
17:05:37 isGuiScreen
17:05:37 isNotInSignAndOnSlot
17:05:37 
17:05:37 
17:05:37 blocked link because:
17:05:37 isGuiScreen
17:05:37 isNotInSignAndOnSlot
17:05:37 
17:05:37 
17:05:37 blocked link because:
17:05:37 isGuiScreen
17:05:37 isNotInSignAndOnSlot
17:05:37 
17:05:37 
17:05:37 blocked link because:
17:05:37 isGuiScreen
17:05:37 isNotInSignAndOnSlot
17:05:37 
17:05:37 
17:05:37 blocked link because:
17:05:37 isGuiScreen
17:05:37 isNotInSignAndOnSlot
17:05:37 
17:05:37 
17:05:37 blocked link because:
17:05:37 isGuiScreen
17:05:37 isNotInSignAndOnSlot
17:05:37 
17:05:48 
17:05:48 blocked link because:
17:05:48 isGuiScreen
17:05:48 isNotInSignAndOnSlot
17:05:48 
17:05:48 
17:05:48 blocked link because:
17:05:48 isGuiScreen
17:05:48 isNotInSignAndOnSlot
17:05:48 
17:05:50 
17:05:50 blocked link because:
17:05:50 isGuiScreen
17:05:50 isNotInSignAndOnSlot
17:05:50 
17:05:50 
17:05:50 blocked link because:
17:05:50 isGuiScreen
17:05:50 isNotInSignAndOnSlot
17:05:50 
17:05:50 
17:05:50 blocked link because:
17:05:50 isGuiScreen
17:05:50 isNotInSignAndOnSlot
17:05:50 
17:05:50 
17:05:50 blocked link because:
17:05:50 isGuiScreen
17:05:50 isNotInSignAndOnSlot
17:05:50 
17:05:50 
17:05:50 blocked link because:
17:05:50 isGuiScreen
17:05:50 isNotInSignAndOnSlot
17:05:50 
17:05:50 
17:05:50 blocked link because:
17:05:50 isGuiScreen
17:05:50 isNotInSignAndOnSlot
17:05:50 
17:05:50 
17:05:50 blocked link because:
17:05:50 isGuiScreen
17:05:50 isNotInSignAndOnSlot
17:05:50 
17:05:50 
17:05:50 blocked link because:
17:05:50 isGuiScreen
17:05:50 isNotInSignAndOnSlot
17:05:50 
17:05:50 
17:05:50 blocked link because:
17:05:50 isGuiScreen
17:05:50 isNotInSignAndOnSlot
17:05:50 
17:05:50 
17:05:50 blocked link because:
17:05:50 isGuiScreen
17:05:50 isNotInSignAndOnSlot
17:05:50 
17:05:50 
17:05:50 blocked link because:
17:05:50 isGuiScreen
17:05:50 isNotInSignAndOnSlot
17:05:50 
17:05:50 
17:05:50 blocked link because:
17:05:50 isGuiScreen
17:05:50 isNotInSignAndOnSlot
17:05:50 
17:05:50 
17:05:50 blocked link because:
17:05:50 isGuiScreen
17:05:50 isNotInSignAndOnSlot
17:05:50 
17:05:50 
17:05:50 blocked link because:
17:05:50 isGuiScreen
17:05:50 isNotInSignAndOnSlot
17:05:50 
17:05:50 
17:05:50 blocked link because:
17:05:50 isGuiScreen
17:05:50 isNotInSignAndOnSlot
17:05:50 
17:05:50 
17:05:50 blocked link because:
17:05:50 isGuiScreen
17:05:50 isNotInSignAndOnSlot
17:05:50 
17:05:50 
17:05:50 blocked link because:
17:05:50 isGuiScreen
17:05:50 isNotInSignAndOnSlot
17:05:50 
17:05:55 
17:05:55 blocked link because:
17:05:55 isGuiScreen
17:05:55 isNotInSignAndOnSlot
17:05:55 
17:05:55 
17:05:55 blocked link because:
17:05:55 isGuiScreen
17:05:55 isNotInSignAndOnSlot
17:05:55 
17:05:55 
17:05:55 blocked link because:
17:05:55 isGuiScreen
17:05:55 isNotInSignAndOnSlot
17:05:55 
17:05:55 
17:05:55 blocked link because:
17:05:55 isGuiScreen
17:05:55 isNotInSignAndOnSlot
17:05:55 
17:05:55 
17:05:55 blocked link because:
17:05:55 isGuiScreen
17:05:55 isNotInSignAndOnSlot
17:05:55 
17:05:55 
17:05:55 blocked link because:
17:05:55 isGuiScreen
17:05:55 isNotInSignAndOnSlot
17:05:55 
17:05:55 
17:05:55 blocked link because:
17:05:55 isGuiScreen
17:05:55 isNotInSignAndOnSlot
17:05:55 
17:05:55 
17:05:55 blocked link because:
17:05:55 isGuiScreen
17:05:55 isNotInSignAndOnSlot
17:05:55 
17:05:55 
17:05:55 blocked link because:
17:05:55 isGuiScreen
17:05:55 isNotInSignAndOnSlot
17:05:55 
17:05:55 
17:05:55 blocked link because:
17:05:55 isGuiScreen
17:05:55 isNotInSignAndOnSlot
17:05:55 
17:05:55 
17:05:55 blocked link because:
17:05:55 isGuiScreen
17:05:55 isNotInSignAndOnSlot
17:05:55 
17:05:55 
17:05:55 blocked link because:
17:05:55 isGuiScreen
17:05:55 isNotInSignAndOnSlot
17:05:55 
17:05:55 
17:05:55 blocked link because:
17:05:55 isGuiScreen
17:05:55 isNotInSignAndOnSlot
17:05:55 
17:05:55 
17:05:55 blocked link because:
17:05:55 isGuiScreen
17:05:55 isNotInSignAndOnSlot
17:05:55 
17:05:56 
17:05:56 blocked link because:
17:05:56 isGuiScreen
17:05:56 isNotInSignAndOnSlot
17:05:56 
17:05:56 
17:05:56 blocked link because:
17:05:56 isGuiScreen
17:05:56 isNotInSignAndOnSlot
17:05:56 
17:05:56 
17:05:56 blocked link because:
17:05:56 isGuiScreen
17:05:56 isNotInSignAndOnSlot
17:05:56 
17:05:56 
17:05:56 blocked link because:
17:05:56 isGuiScreen
17:05:56 isNotInSignAndOnSlot
17:05:56 
17:05:56 
17:05:56 blocked link because:
17:05:56 isGuiScreen
17:05:56 isNotInSignAndOnSlot
17:05:56 
17:05:56 
17:05:56 blocked link because:
17:05:56 isGuiScreen
17:05:56 isNotInSignAndOnSlot
17:05:56 
17:05:56 
17:05:56 blocked link because:
17:05:56 isGuiScreen
17:05:56 isNotInSignAndOnSlot
17:05:56 
17:05:56 
17:05:56 blocked link because:
17:05:56 isGuiScreen
17:05:56 isNotInSignAndOnSlot
17:05:56 
17:05:56 
17:05:56 blocked link because:
17:05:56 isGuiScreen
17:05:56 isNotInSignAndOnSlot
17:05:56 
17:05:56 
17:05:56 blocked link because:
17:05:56 isGuiScreen
17:05:56 isNotInSignAndOnSlot
17:05:56 
17:05:56 
17:05:56 blocked link because:
17:05:56 isGuiScreen
17:05:56 isNotInSignAndOnSlot
17:05:56 
17:05:56 
17:05:56 blocked link because:
17:05:56 isGuiScreen
17:05:56 isNotInSignAndOnSlot
17:05:56 
17:05:56 
17:05:56 blocked link because:
17:05:56 isGuiScreen
17:05:56 isNotInSignAndOnSlot
17:05:56 
17:05:56 
17:05:56 blocked link because:
17:05:56 isGuiScreen
17:05:56 isNotInSignAndOnSlot
17:05:56 
17:05:56 
17:05:56 blocked link because:
17:05:56 isGuiScreen
17:05:56 isNotInSignAndOnSlot
17:05:56 
17:05:56 
17:05:56 blocked link because:
17:05:56 isGuiScreen
17:05:56 isNotInSignAndOnSlot
17:05:56 
17:05:56 
17:05:56 blocked link because:
17:05:56 isGuiScreen
17:05:56 isNotInSignAndOnSlot
17:05:56 
17:05:56 
17:05:56 blocked link because:
17:05:56 isGuiScreen
17:05:56 isNotInSignAndOnSlot
17:05:56 
17:05:56 
17:05:56 blocked link because:
17:05:56 isGuiScreen
17:05:56 isNotInSignAndOnSlot
17:05:56 
17:05:56 
17:05:56 blocked link because:
17:05:56 isGuiScreen
17:05:56 isNotInSignAndOnSlot
17:05:56 
17:05:56 
17:05:56 blocked link because:
17:05:56 isGuiScreen
17:05:56 isNotInSignAndOnSlot
17:05:56 
17:05:56 
17:05:56 blocked link because:
17:05:56 isGuiScreen
17:05:56 isNotInSignAndOnSlot
17:05:56 
17:05:56 
17:05:56 blocked link because:
17:05:56 isGuiScreen
17:05:56 isNotInSignAndOnSlot
17:05:56 
17:05:56 
17:05:56 blocked link because:
17:05:56 isGuiScreen
17:05:56 isNotInSignAndOnSlot
17:05:56 
17:05:56 
17:05:56 blocked link because:
17:05:56 isGuiScreen
17:05:56 isNotInSignAndOnSlot
17:05:56 
17:05:56 
17:05:56 blocked link because:
17:05:56 isGuiScreen
17:05:56 isNotInSignAndOnSlot
17:05:56 
17:05:56 
17:05:56 blocked link because:
17:05:56 isGuiScreen
17:05:56 isNotInSignAndOnSlot
17:05:56 
17:05:56 
17:05:56 blocked link because:
17:05:56 isGuiScreen
17:05:56 isNotInSignAndOnSlot
17:05:56 
17:05:56 
17:05:56 blocked link because:
17:05:56 isGuiScreen
17:05:56 isNotInSignAndOnSlot
17:05:56 
17:05:56 
17:05:56 blocked link because:
17:05:56 isGuiScreen
17:05:56 isNotInSignAndOnSlot
17:05:56 
17:05:56 
17:05:56 blocked link because:
17:05:56 isGuiScreen
17:05:56 isNotInSignAndOnSlot
17:05:56 
17:05:56 
17:05:56 blocked link because:
17:05:56 isGuiScreen
17:05:56 isNotInSignAndOnSlot
17:05:56 
17:05:57 
17:05:57 blocked link because:
17:05:57 isGuiScreen
17:05:57 isNotInSignAndOnSlot
17:05:57 
17:05:57 
17:05:57 blocked link because:
17:05:57 isGuiScreen
17:05:57 isNotInSignAndOnSlot
17:05:57 
17:05:57 
17:05:57 blocked link because:
17:05:57 isGuiScreen
17:05:57 isNotInSignAndOnSlot
17:05:57 
17:05:57 
17:05:57 blocked link because:
17:05:57 isGuiScreen
17:05:57 isNotInSignAndOnSlot
17:05:57 
17:05:57 
17:05:57 blocked link because:
17:05:57 isGuiScreen
17:05:57 isNotInSignAndOnSlot
17:05:57 
17:05:57 
17:05:57 blocked link because:
17:05:57 isGuiScreen
17:05:57 isNotInSignAndOnSlot
17:05:57 
17:05:57 
17:05:57 blocked link because:
17:05:57 isGuiScreen
17:05:57 isNotInSignAndOnSlot
17:05:57 
17:05:57 
17:05:57 blocked link because:
17:05:57 isGuiScreen
17:05:57 isNotInSignAndOnSlot
17:05:57 
17:05:57 
17:05:57 blocked link because:
17:05:57 isGuiScreen
17:05:57 isNotInSignAndOnSlot
17:05:57 
17:05:57 
17:05:57 blocked link because:
17:05:57 isGuiScreen
17:05:57 isNotInSignAndOnSlot
17:05:57 
17:05:57 
17:05:57 blocked link because:
17:05:57 isGuiScreen
17:05:57 isNotInSignAndOnSlot
17:05:57 
17:05:57 
17:05:57 blocked link because:
17:05:57 isGuiScreen
17:05:57 isNotInSignAndOnSlot
17:05:57 
17:05:57 
17:05:57 blocked link because:
17:05:57 isGuiScreen
17:05:57 isNotInSignAndOnSlot
17:05:57 
17:05:57 
17:05:57 blocked link because:
17:05:57 isGuiScreen
17:05:57 isNotInSignAndOnSlot
17:05:57 
17:05:57 
17:05:57 blocked link because:
17:05:57 isGuiScreen
17:05:57 isNotInSignAndOnSlot
17:05:57 
17:05:57 
17:05:57 blocked link because:
17:05:57 isGuiScreen
17:05:57 isNotInSignAndOnSlot
17:05:57 
17:05:57 
17:05:57 blocked link because:
17:05:57 isGuiScreen
17:05:57 isNotInSignAndOnSlot
17:05:57 
17:05:57 
17:05:57 blocked link because:
17:05:57 isGuiScreen
17:05:57 isNotInSignAndOnSlot
17:05:57 
17:05:57 
17:05:57 blocked link because:
17:05:57 isGuiScreen
17:05:57 isNotInSignAndOnSlot
17:05:57 
17:05:57 
17:05:57 blocked link because:
17:05:57 isGuiScreen
17:05:57 isNotInSignAndOnSlot
17:05:57 
17:05:57 
17:05:57 blocked link because:
17:05:57 isGuiScreen
17:05:57 isNotInSignAndOnSlot
17:05:57 
17:05:57 
17:05:57 blocked link because:
17:05:57 isGuiScreen
17:05:57 isNotInSignAndOnSlot
17:05:57 
17:05:57 
17:05:57 blocked link because:
17:05:57 isGuiScreen
17:05:57 isNotInSignAndOnSlot
17:05:57 
17:05:57 
17:05:57 blocked link because:
17:05:57 isGuiScreen
17:05:57 isNotInSignAndOnSlot
17:05:57 
17:05:57 
17:05:57 blocked link because:
17:05:57 isGuiScreen
17:05:57 isNotInSignAndOnSlot
17:05:57 
17:05:57 
17:05:57 blocked link because:
17:05:57 isGuiScreen
17:05:57 isNotInSignAndOnSlot
17:05:57 
17:05:57 
17:05:57 blocked link because:
17:05:57 isGuiScreen
17:05:57 isNotInSignAndOnSlot
17:05:57 
17:05:57 
17:05:57 blocked link because:
17:05:57 isGuiScreen
17:05:57 isNotInSignAndOnSlot
17:05:57 
17:05:57 
17:05:57 blocked link because:
17:05:57 isGuiScreen
17:05:57 isNotInSignAndOnSlot
17:05:57 
17:05:57 
17:05:57 blocked link because:
17:05:57 isGuiScreen
17:05:57 isNotInSignAndOnSlot
17:05:57 
17:05:57 
17:05:57 blocked link because:
17:05:57 isGuiScreen
17:05:57 isNotInSignAndOnSlot
17:05:57 
17:05:57 
17:05:57 blocked link because:
17:05:57 isGuiScreen
17:05:57 isNotInSignAndOnSlot
17:05:57 
17:05:57 
17:05:57 blocked link because:
17:05:57 isGuiScreen
17:05:57 isNotInSignAndOnSlot
17:05:57 
17:05:57 
17:05:57 blocked link because:
17:05:57 isGuiScreen
17:05:57 isNotInSignAndOnSlot
17:05:57 
17:05:57 
17:05:57 blocked link because:
17:05:57 isGuiScreen
17:05:57 isNotInSignAndOnSlot
17:05:57 
17:05:57 
17:05:57 blocked link because:
17:05:57 isGuiScreen
17:05:57 isNotInSignAndOnSlot
17:05:57 
17:05:57 
17:05:57 blocked link because:
17:05:57 isGuiScreen
17:05:57 isNotInSignAndOnSlot
17:05:57 
17:05:57 
17:05:57 blocked link because:
17:05:57 isGuiScreen
17:05:57 isNotInSignAndOnSlot
17:05:57 
17:05:57 
17:05:57 blocked link because:
17:05:57 isGuiScreen
17:05:57 isNotInSignAndOnSlot
17:05:57 
17:05:57 
17:05:57 blocked link because:
17:05:57 isGuiScreen
17:05:57 isNotInSignAndOnSlot
17:05:57 
17:05:57 
17:05:57 blocked link because:
17:05:57 isGuiScreen
17:05:57 isNotInSignAndOnSlot
17:05:57 
17:05:57 
17:05:57 blocked link because:
17:05:57 isGuiScreen
17:05:57 isNotInSignAndOnSlot
17:05:57 
17:05:57 
17:05:57 blocked link because:
17:05:57 isGuiScreen
17:05:57 isNotInSignAndOnSlot
17:05:57 
17:05:57 
17:05:57 blocked link because:
17:05:57 isGuiScreen
17:05:57 isNotInSignAndOnSlot
17:05:57 
17:05:57 
17:05:57 blocked link because:
17:05:57 isGuiScreen
17:05:57 isNotInSignAndOnSlot
17:05:57 
17:05:57 
17:05:57 blocked link because:
17:05:57 isGuiScreen
17:05:57 isNotInSignAndOnSlot
17:05:57 
17:05:57 
17:05:57 blocked link because:
17:05:57 isGuiScreen
17:05:57 isNotInSignAndOnSlot
17:05:57 
17:05:57 
17:05:57 blocked link because:
17:05:57 isGuiScreen
17:05:57 isNotInSignAndOnSlot
17:05:57 
17:05:57 
17:05:57 blocked link because:
17:05:57 isGuiScreen
17:05:57 isNotInSignAndOnSlot
17:05:57 
17:05:57 
17:05:57 blocked link because:
17:05:57 isGuiScreen
17:05:57 isNotInSignAndOnSlot
17:05:57 
17:05:57 
17:05:57 blocked link because:
17:05:57 isGuiScreen
17:05:57 isNotInSignAndOnSlot
17:05:57 
17:05:57 
17:05:57 blocked link because:
17:05:57 isGuiScreen
17:05:57 isNotInSignAndOnSlot
17:05:57 
17:05:57 
17:05:57 blocked link because:
17:05:57 isGuiScreen
17:05:57 isNotInSignAndOnSlot
17:05:57 
17:05:57 
17:05:57 blocked link because:
17:05:57 isGuiScreen
17:05:57 isNotInSignAndOnSlot
17:05:57 
17:05:57 
17:05:57 blocked link because:
17:05:57 isGuiScreen
17:05:57 isNotInSignAndOnSlot
17:05:57 
17:05:57 
17:05:57 blocked link because:
17:05:57 isGuiScreen
17:05:57 isNotInSignAndOnSlot
17:05:57 
17:05:57 
17:05:57 blocked link because:
17:05:57 isGuiScreen
17:05:57 isNotInSignAndOnSlot
17:05:57 
17:05:57 
17:05:57 blocked link because:
17:05:57 isGuiScreen
17:05:57 isNotInSignAndOnSlot
17:05:57 
17:05:57 
17:05:57 blocked link because:
17:05:57 isGuiScreen
17:05:57 isNotInSignAndOnSlot
17:05:57 
17:05:57 
17:05:57 blocked link because:
17:05:57 isGuiScreen
17:05:57 isNotInSignAndOnSlot
17:05:57 
17:05:57 
17:05:57 blocked link because:
17:05:57 isGuiScreen
17:05:57 isNotInSignAndOnSlot
17:05:57 
17:05:57 
17:05:57 blocked link because:
17:05:57 isGuiScreen
17:05:57 isNotInSignAndOnSlot
17:05:57 
17:05:57 
17:05:57 blocked link because:
17:05:57 isGuiScreen
17:05:57 isNotInSignAndOnSlot
17:05:57 
17:05:57 
17:05:57 blocked link because:
17:05:57 isGuiScreen
17:05:57 isNotInSignAndOnSlot
17:05:57 
17:05:57 
17:05:57 blocked link because:
17:05:57 isGuiScreen
17:05:57 isNotInSignAndOnSlot
17:05:57 
17:05:57 
17:05:57 blocked link because:
17:05:57 isGuiScreen
17:05:57 isNotInSignAndOnSlot
17:05:57 
17:05:57 
17:05:57 blocked link because:
17:05:57 isGuiScreen
17:05:57 isNotInSignAndOnSlot
17:05:57 
17:05:57 
17:05:57 blocked link because:
17:05:57 isGuiScreen
17:05:57 isNotInSignAndOnSlot
17:05:57 
17:05:57 
17:05:57 blocked link because:
17:05:57 isGuiScreen
17:05:57 isNotInSignAndOnSlot
17:05:57 
17:05:57 
17:05:57 blocked link because:
17:05:57 isGuiScreen
17:05:57 isNotInSignAndOnSlot
17:05:57 
17:05:57 
17:05:57 blocked link because:
17:05:57 isGuiScreen
17:05:57 isNotInSignAndOnSlot
17:05:57 
17:05:57 
17:05:57 blocked link because:
17:05:57 isGuiScreen
17:05:57 isNotInSignAndOnSlot
17:05:57 
17:05:57 
17:05:57 blocked link because:
17:05:57 isGuiScreen
17:05:57 isNotInSignAndOnSlot
17:05:57 
17:05:57 
17:05:57 blocked link because:
17:05:57 isGuiScreen
17:05:57 isNotInSignAndOnSlot
17:05:57 
17:05:57 
17:05:57 blocked link because:
17:05:57 isGuiScreen
17:05:57 isNotInSignAndOnSlot
17:05:57 
17:05:57 
17:05:57 blocked link because:
17:05:57 isGuiScreen
17:05:57 isNotInSignAndOnSlot
17:05:57 
17:05:57 
17:05:57 blocked link because:
17:05:57 isGuiScreen
17:05:57 isNotInSignAndOnSlot
17:05:57 
17:05:57 
17:05:57 blocked link because:
17:05:57 isGuiScreen
17:05:57 isNotInSignAndOnSlot
17:05:57 
17:05:57 
17:05:57 blocked link because:
17:05:57 isGuiScreen
17:05:57 isNotInSignAndOnSlot
17:05:57 
17:05:57 
17:05:57 blocked link because:
17:05:57 isGuiScreen
17:05:57 isNotInSignAndOnSlot
17:05:57 
17:05:57 
17:05:57 blocked link because:
17:05:57 isGuiScreen
17:05:57 isNotInSignAndOnSlot
17:05:57 
17:05:57 
17:05:57 blocked link because:
17:05:57 isGuiScreen
17:05:57 isNotInSignAndOnSlot
17:05:57 
17:05:57 
17:05:57 blocked link because:
17:05:57 isGuiScreen
17:05:57 isNotInSignAndOnSlot
17:05:57 
17:05:57 
17:05:57 blocked link because:
17:05:57 isGuiScreen
17:05:57 isNotInSignAndOnSlot
17:05:57 
17:05:57 
17:05:57 blocked link because:
17:05:57 isGuiScreen
17:05:57 isNotInSignAndOnSlot
17:05:57 
17:05:57 
17:05:57 blocked link because:
17:05:57 isGuiScreen
17:05:57 isNotInSignAndOnSlot
17:05:57 
17:05:57 
17:05:57 blocked link because:
17:05:57 isGuiScreen
17:05:57 isNotInSignAndOnSlot
17:05:57 
17:05:57 
17:05:57 blocked link because:
17:05:57 isGuiScreen
17:05:57 isNotInSignAndOnSlot
17:05:57 
17:05:57 
17:05:57 blocked link because:
17:05:57 isGuiScreen
17:05:57 isNotInSignAndOnSlot
17:05:57 
17:05:57 
17:05:57 blocked link because:
17:05:57 isGuiScreen
17:05:57 isNotInSignAndOnSlot
17:05:57 
17:05:57 
17:05:57 blocked link because:
17:05:57 isGuiScreen
17:05:57 isNotInSignAndOnSlot
17:05:57 
17:05:57 
17:05:57 blocked link because:
17:05:57 isGuiScreen
17:05:57 isNotInSignAndOnSlot
17:05:57 
17:05:57 
17:05:57 blocked link because:
17:05:57 isGuiScreen
17:05:57 isNotInSignAndOnSlot
17:05:57 
17:05:57 
17:05:57 blocked link because:
17:05:57 isGuiScreen
17:05:57 isNotInSignAndOnSlot
17:05:57 
17:05:58 
17:05:58 blocked link because:
17:05:58 isGuiScreen
17:05:58 isNotInSignAndOnSlot
17:05:58 
17:05:58 
17:05:58 blocked link because:
17:05:58 isGuiScreen
17:05:58 isNotInSignAndOnSlot
17:05:58 
17:05:58 
17:05:58 blocked link because:
17:05:58 isGuiScreen
17:05:58 isNotInSignAndOnSlot
17:05:58 
17:05:58 
17:05:58 blocked link because:
17:05:58 isGuiScreen
17:05:58 isNotInSignAndOnSlot
17:05:58 
17:05:58 
17:05:58 blocked link because:
17:05:58 isGuiScreen
17:05:58 isNotInSignAndOnSlot
17:05:58 
17:05:58 
17:05:58 blocked link because:
17:05:58 isGuiScreen
17:05:58 isNotInSignAndOnSlot
17:05:58 
17:05:58 
17:05:58 blocked link because:
17:05:58 isGuiScreen
17:05:58 isNotInSignAndOnSlot
17:05:58 
17:05:58 
17:05:58 blocked link because:
17:05:58 isGuiScreen
17:05:58 isNotInSignAndOnSlot
17:05:58 
17:05:58 
17:05:58 blocked link because:
17:05:58 isGuiScreen
17:05:58 isNotInSignAndOnSlot
17:05:58 
17:05:58 
17:05:58 blocked link because:
17:05:58 isGuiScreen
17:05:58 isNotInSignAndOnSlot
17:05:58 
17:05:58 
17:05:58 blocked link because:
17:05:58 isGuiScreen
17:05:58 isNotInSignAndOnSlot
17:05:58 
17:05:58 
17:05:58 blocked link because:
17:05:58 isGuiScreen
17:05:58 isNotInSignAndOnSlot
17:05:58 
17:05:58 
17:05:58 blocked link because:
17:05:58 isGuiScreen
17:05:58 isNotInSignAndOnSlot
17:05:58 
17:05:58 
17:05:58 blocked link because:
17:05:58 isGuiScreen
17:05:58 isNotInSignAndOnSlot
17:05:58 
17:05:58 
17:05:58 blocked link because:
17:05:58 isGuiScreen
17:05:58 isNotInSignAndOnSlot
17:05:58 
17:05:58 
17:05:58 blocked link because:
17:05:58 isGuiScreen
17:05:58 isNotInSignAndOnSlot
17:05:58 
17:05:58 
17:05:58 blocked link because:
17:05:58 isGuiScreen
17:05:58 isNotInSignAndOnSlot
17:05:58 
17:05:58 
17:05:58 blocked link because:
17:05:58 isGuiScreen
17:05:58 isNotInSignAndOnSlot
17:05:58 
17:05:58 
17:05:58 blocked link because:
17:05:58 isGuiScreen
17:05:58 isNotInSignAndOnSlot
17:05:58 
17:05:58 
17:05:58 blocked link because:
17:05:58 isGuiScreen
17:05:58 isNotInSignAndOnSlot
17:05:58 
17:05:58 
17:05:58 blocked link because:
17:05:58 isGuiScreen
17:05:58 isNotInSignAndOnSlot
17:05:58 
17:05:58 
17:05:58 blocked link because:
17:05:58 isGuiScreen
17:05:58 isNotInSignAndOnSlot
17:05:58 
17:05:58 
17:05:58 blocked link because:
17:05:58 isGuiScreen
17:05:58 isNotInSignAndOnSlot
17:05:58 
17:05:58 
17:05:58 blocked link because:
17:05:58 isGuiScreen
17:05:58 isNotInSignAndOnSlot
17:05:58 
17:05:58 
17:05:58 blocked link because:
17:05:58 isGuiScreen
17:05:58 isNotInSignAndOnSlot
17:05:58 
17:05:58 
17:05:58 blocked link because:
17:05:58 isGuiScreen
17:05:58 isNotInSignAndOnSlot
17:05:58 
17:05:58 
17:05:58 blocked link because:
17:05:58 isGuiScreen
17:05:58 isNotInSignAndOnSlot
17:05:58 
17:05:58 
17:05:58 blocked link because:
17:05:58 isGuiScreen
17:05:58 isNotInSignAndOnSlot
17:05:58 
17:05:58 
17:05:58 blocked link because:
17:05:58 isGuiScreen
17:05:58 isNotInSignAndOnSlot
17:05:58 
17:05:58 
17:05:58 blocked link because:
17:05:58 isGuiScreen
17:05:58 isNotInSignAndOnSlot
17:05:58 
17:05:58 
17:05:58 blocked link because:
17:05:58 isGuiScreen
17:05:58 isNotInSignAndOnSlot
17:05:58 
17:05:58 
17:05:58 blocked link because:
17:05:58 isGuiScreen
17:05:58 isNotInSignAndOnSlot
17:05:58 
17:05:58 
17:05:58 blocked link because:
17:05:58 isGuiScreen
17:05:58 isNotInSignAndOnSlot
17:05:58 
17:05:58 
17:05:58 blocked link because:
17:05:58 isGuiScreen
17:05:58 isNotInSignAndOnSlot
17:05:58 
17:05:58 
17:05:58 blocked link because:
17:05:58 isGuiScreen
17:05:58 isNotInSignAndOnSlot
17:05:58 
17:05:58 
17:05:58 blocked link because:
17:05:58 isGuiScreen
17:05:58 isNotInSignAndOnSlot
17:05:58 
17:05:58 
17:05:58 blocked link because:
17:05:58 isGuiScreen
17:05:58 isNotInSignAndOnSlot
17:05:58 
17:05:58 
17:05:58 blocked link because:
17:05:58 isGuiScreen
17:05:58 isNotInSignAndOnSlot
17:05:58 
17:05:58 
17:05:58 blocked link because:
17:05:58 isGuiScreen
17:05:58 isNotInSignAndOnSlot
17:05:58 
17:05:58 
17:05:58 blocked link because:
17:05:58 isGuiScreen
17:05:58 isNotInSignAndOnSlot
17:05:58 
17:05:58 
17:05:58 blocked link because:
17:05:58 isGuiScreen
17:05:58 isNotInSignAndOnSlot
17:05:58 
17:05:58 
17:05:58 blocked link because:
17:05:58 isGuiScreen
17:05:58 isNotInSignAndOnSlot
17:05:58 
17:05:58 
17:05:58 blocked link because:
17:05:58 isGuiScreen
17:05:58 isNotInSignAndOnSlot
17:05:58 
17:05:58 
17:05:58 blocked link because:
17:05:58 isGuiScreen
17:05:58 isNotInSignAndOnSlot
17:05:58 
17:05:58 
17:05:58 blocked link because:
17:05:58 isGuiScreen
17:05:58 isNotInSignAndOnSlot
17:05:58 
17:05:58 
17:05:58 blocked link because:
17:05:58 isGuiScreen
17:05:58 isNotInSignAndOnSlot
17:05:58 
17:05:58 
17:05:58 blocked link because:
17:05:58 isGuiScreen
17:05:58 isNotInSignAndOnSlot
17:05:58 
17:05:58 
17:05:58 blocked link because:
17:05:58 isGuiScreen
17:05:58 isNotInSignAndOnSlot
17:05:58 
17:05:58 
17:05:58 blocked link because:
17:05:58 isGuiScreen
17:05:58 isNotInSignAndOnSlot
17:05:58 
17:05:58 
17:05:58 blocked link because:
17:05:58 isGuiScreen
17:05:58 isNotInSignAndOnSlot
17:05:58 
17:05:58 
17:05:58 blocked link because:
17:05:58 isGuiScreen
17:05:58 isNotInSignAndOnSlot
17:05:58 
17:05:58 
17:05:58 blocked link because:
17:05:58 isGuiScreen
17:05:58 isNotInSignAndOnSlot
17:05:58 
17:05:58 
17:05:58 blocked link because:
17:05:58 isGuiScreen
17:05:58 isNotInSignAndOnSlot
17:05:58 
17:05:58 
17:05:58 blocked link because:
17:05:58 isGuiScreen
17:05:58 isNotInSignAndOnSlot
17:05:58 
17:05:58 
17:05:58 blocked link because:
17:05:58 isGuiScreen
17:05:58 isNotInSignAndOnSlot
17:05:58 
17:05:58 
17:05:58 blocked link because:
17:05:58 isGuiScreen
17:05:58 isNotInSignAndOnSlot
17:05:58 
17:05:58 
17:05:58 blocked link because:
17:05:58 isGuiScreen
17:05:58 isNotInSignAndOnSlot
17:05:58 
17:05:58 
17:05:58 blocked link because:
17:05:58 isGuiScreen
17:05:58 isNotInSignAndOnSlot
17:05:58 
17:05:58 
17:05:58 blocked link because:
17:05:58 isGuiScreen
17:05:58 isNotInSignAndOnSlot
17:05:58 
17:05:58 
17:05:58 blocked link because:
17:05:58 isGuiScreen
17:05:58 isNotInSignAndOnSlot
17:05:58 
17:05:58 
17:05:58 blocked link because:
17:05:58 isGuiScreen
17:05:58 isNotInSignAndOnSlot
17:05:58 
17:05:58 
17:05:58 blocked link because:
17:05:58 isGuiScreen
17:05:58 isNotInSignAndOnSlot
17:05:58 
17:05:58 
17:05:58 blocked link because:
17:05:58 isGuiScreen
17:05:58 isNotInSignAndOnSlot
17:05:58 
17:05:58 
17:05:58 blocked link because:
17:05:58 isGuiScreen
17:05:58 isNotInSignAndOnSlot
17:05:58 
17:05:58 
17:05:58 blocked link because:
17:05:58 isGuiScreen
17:05:58 isNotInSignAndOnSlot
17:05:58 
17:05:58 
17:05:58 blocked link because:
17:05:58 isGuiScreen
17:05:58 isNotInSignAndOnSlot
17:05:58 
17:05:58 
17:05:58 blocked link because:
17:05:58 isGuiScreen
17:05:58 isNotInSignAndOnSlot
17:05:58 
17:05:58 
17:05:58 blocked link because:
17:05:58 isGuiScreen
17:05:58 isNotInSignAndOnSlot
17:05:58 
17:05:58 
17:05:58 blocked link because:
17:05:58 isGuiScreen
17:05:58 isNotInSignAndOnSlot
17:05:58 
17:05:58 
17:05:58 blocked link because:
17:05:58 isGuiScreen
17:05:58 isNotInSignAndOnSlot
17:05:58 
17:05:58 
17:05:58 blocked link because:
17:05:58 isGuiScreen
17:05:58 isNotInSignAndOnSlot
17:05:58 
17:05:58 
17:05:58 blocked link because:
17:05:58 isGuiScreen
17:05:58 isNotInSignAndOnSlot
17:05:58 
17:05:58 
17:05:58 blocked link because:
17:05:58 isGuiScreen
17:05:58 isNotInSignAndOnSlot
17:05:58 
17:05:58 
17:05:58 blocked link because:
17:05:58 isGuiScreen
17:05:58 isNotInSignAndOnSlot
17:05:58 
17:05:58 
17:05:58 blocked link because:
17:05:58 isGuiScreen
17:05:58 isNotInSignAndOnSlot
17:05:58 
17:05:58 
17:05:58 blocked link because:
17:05:58 isGuiScreen
17:05:58 isNotInSignAndOnSlot
17:05:58 
17:05:58 
17:05:58 blocked link because:
17:05:58 isGuiScreen
17:05:58 isNotInSignAndOnSlot
17:05:58 
17:05:58 
17:05:58 blocked link because:
17:05:58 isGuiScreen
17:05:58 isNotInSignAndOnSlot
17:05:58 
17:05:58 
17:05:58 blocked link because:
17:05:58 isGuiScreen
17:05:58 isNotInSignAndOnSlot
17:05:58 
17:05:58 
17:05:58 blocked link because:
17:05:58 isGuiScreen
17:05:58 isNotInSignAndOnSlot
17:05:58 
17:05:58 
17:05:58 blocked link because:
17:05:58 isGuiScreen
17:05:58 isNotInSignAndOnSlot
17:05:58 
17:05:58 
17:05:58 blocked link because:
17:05:58 isGuiScreen
17:05:58 isNotInSignAndOnSlot
17:05:58 
17:05:58 
17:05:58 blocked link because:
17:05:58 isGuiScreen
17:05:58 isNotInSignAndOnSlot
17:05:58 
17:05:58 
17:05:58 blocked link because:
17:05:58 isGuiScreen
17:05:58 isNotInSignAndOnSlot
17:05:58 
17:05:58 
17:05:58 blocked link because:
17:05:58 isGuiScreen
17:05:58 isNotInSignAndOnSlot
17:05:58 
17:05:58 
17:05:58 blocked link because:
17:05:58 isGuiScreen
17:05:58 isNotInSignAndOnSlot
17:05:58 
17:05:58 
17:05:58 blocked link because:
17:05:58 isGuiScreen
17:05:58 isNotInSignAndOnSlot
17:05:58 
17:05:58 
17:05:58 blocked link because:
17:05:58 isGuiScreen
17:05:58 isNotInSignAndOnSlot
17:05:58 
17:05:58 
17:05:58 blocked link because:
17:05:58 isGuiScreen
17:05:58 isNotInSignAndOnSlot
17:05:58 
17:05:58 
17:05:58 blocked link because:
17:05:58 isGuiScreen
17:05:58 isNotInSignAndOnSlot
17:05:58 
17:05:58 
17:05:58 blocked link because:
17:05:58 isGuiScreen
17:05:58 isNotInSignAndOnSlot
17:05:58 
17:05:58 
17:05:58 blocked link because:
17:05:58 isGuiScreen
17:05:58 isNotInSignAndOnSlot
17:05:58 
17:05:58 
17:05:58 blocked link because:
17:05:58 isGuiScreen
17:05:58 isNotInSignAndOnSlot
17:05:58 
17:05:58 
17:05:58 blocked link because:
17:05:58 isGuiScreen
17:05:58 isNotInSignAndOnSlot
17:05:58 
17:05:58 
17:05:58 blocked link because:
17:05:58 isGuiScreen
17:05:58 isNotInSignAndOnSlot
17:05:58 
17:05:58 
17:05:58 blocked link because:
17:05:58 isGuiScreen
17:05:58 isNotInSignAndOnSlot
17:05:58 
17:05:58 
17:05:58 blocked link because:
17:05:58 isGuiScreen
17:05:58 isNotInSignAndOnSlot
17:05:58 
17:05:58 
17:05:58 blocked link because:
17:05:58 isGuiScreen
17:05:58 isNotInSignAndOnSlot
17:05:58 
17:05:58 
17:05:58 blocked link because:
17:05:58 isGuiScreen
17:05:58 isNotInSignAndOnSlot
17:05:58 
17:05:58 
17:05:58 blocked link because:
17:05:58 isGuiScreen
17:05:58 isNotInSignAndOnSlot
17:05:58 
17:05:59 
17:05:59 blocked link because:
17:05:59 isGuiScreen
17:05:59 isNotInSignAndOnSlot
17:05:59 
17:05:59 
17:05:59 blocked link because:
17:05:59 isGuiScreen
17:05:59 isNotInSignAndOnSlot
17:05:59 
17:05:59 
17:05:59 blocked link because:
17:05:59 isGuiScreen
17:05:59 isNotInSignAndOnSlot
17:05:59 
17:05:59 
17:05:59 blocked link because:
17:05:59 isGuiScreen
17:05:59 isNotInSignAndOnSlot
17:05:59 
17:05:59 
17:05:59 blocked link because:
17:05:59 isGuiScreen
17:05:59 isNotInSignAndOnSlot
17:05:59 
17:05:59 
17:05:59 blocked link because:
17:05:59 isGuiScreen
17:05:59 isNotInSignAndOnSlot
17:05:59 
17:05:59 
17:05:59 blocked link because:
17:05:59 isGuiScreen
17:05:59 isNotInSignAndOnSlot
17:05:59 
17:05:59 
17:05:59 blocked link because:
17:05:59 isGuiScreen
17:05:59 isNotInSignAndOnSlot
17:05:59 
17:05:59 
17:05:59 blocked link because:
17:05:59 isGuiScreen
17:05:59 isNotInSignAndOnSlot
17:05:59 
17:05:59 
17:05:59 blocked link because:
17:05:59 isGuiScreen
17:05:59 isNotInSignAndOnSlot
17:05:59 
17:05:59 
17:05:59 blocked link because:
17:05:59 isGuiScreen
17:05:59 isNotInSignAndOnSlot
17:05:59 
17:05:59 
17:05:59 blocked link because:
17:05:59 isGuiScreen
17:05:59 isNotInSignAndOnSlot
17:05:59 
17:05:59 
17:05:59 blocked link because:
17:05:59 isGuiScreen
17:05:59 isNotInSignAndOnSlot
17:05:59 
17:05:59 
17:05:59 blocked link because:
17:05:59 isGuiScreen
17:05:59 isNotInSignAndOnSlot
17:05:59 
17:05:59 
17:05:59 blocked link because:
17:05:59 isGuiScreen
17:05:59 isNotInSignAndOnSlot
17:05:59 
17:05:59 
17:05:59 blocked link because:
17:05:59 isGuiScreen
17:05:59 isNotInSignAndOnSlot
17:05:59 
17:05:59 
17:05:59 blocked link because:
17:05:59 isGuiScreen
17:05:59 isNotInSignAndOnSlot
17:05:59 
17:05:59 
17:05:59 blocked link because:
17:05:59 isGuiScreen
17:05:59 isNotInSignAndOnSlot
17:05:59 
17:05:59 
17:05:59 blocked link because:
17:05:59 isGuiScreen
17:05:59 isNotInSignAndOnSlot
17:05:59 
17:05:59 
17:05:59 blocked link because:
17:05:59 isGuiScreen
17:05:59 isNotInSignAndOnSlot
17:05:59 
17:05:59 
17:05:59 blocked link because:
17:05:59 isGuiScreen
17:05:59 isNotInSignAndOnSlot
17:05:59 
17:05:59 
17:05:59 blocked link because:
17:05:59 isGuiScreen
17:05:59 isNotInSignAndOnSlot
17:05:59 
17:05:59 
17:05:59 blocked link because:
17:05:59 isGuiScreen
17:05:59 isNotInSignAndOnSlot
17:05:59 
17:05:59 
17:05:59 blocked link because:
17:05:59 isGuiScreen
17:05:59 isNotInSignAndOnSlot
17:05:59 
17:05:59 
17:05:59 blocked link because:
17:05:59 isGuiScreen
17:05:59 isNotInSignAndOnSlot
17:05:59 
17:05:59 
17:05:59 blocked link because:
17:05:59 isGuiScreen
17:05:59 isNotInSignAndOnSlot
17:05:59 
17:05:59 
17:05:59 blocked link because:
17:05:59 isGuiScreen
17:05:59 isNotInSignAndOnSlot
17:05:59 
17:05:59 
17:05:59 blocked link because:
17:05:59 isGuiScreen
17:05:59 isNotInSignAndOnSlot
17:05:59 
17:05:59 
17:05:59 blocked link because:
17:05:59 isGuiScreen
17:05:59 isNotInSignAndOnSlot
17:05:59 
17:05:59 
17:05:59 blocked link because:
17:05:59 isGuiScreen
17:05:59 isNotInSignAndOnSlot
17:05:59 
17:05:59 
17:05:59 blocked link because:
17:05:59 isGuiScreen
17:05:59 isNotInSignAndOnSlot
17:05:59 
17:05:59 
17:05:59 blocked link because:
17:05:59 isGuiScreen
17:05:59 isNotInSignAndOnSlot
17:05:59 
17:05:59 
17:05:59 blocked link because:
17:05:59 isGuiScreen
17:05:59 isNotInSignAndOnSlot
17:05:59 
17:05:59 
17:05:59 blocked link because:
17:05:59 isGuiScreen
17:05:59 isNotInSignAndOnSlot
17:05:59 
17:05:59 
17:05:59 blocked link because:
17:05:59 isGuiScreen
17:05:59 isNotInSignAndOnSlot
17:05:59 
17:05:59 
17:05:59 blocked link because:
17:05:59 isGuiScreen
17:05:59 isNotInSignAndOnSlot
17:05:59 
17:05:59 
17:05:59 blocked link because:
17:05:59 isGuiScreen
17:05:59 isNotInSignAndOnSlot
17:05:59 
17:05:59 
17:05:59 blocked link because:
17:05:59 isGuiScreen
17:05:59 isNotInSignAndOnSlot
17:05:59 
17:05:59 
17:05:59 blocked link because:
17:05:59 isGuiScreen
17:05:59 isNotInSignAndOnSlot
17:05:59 
17:05:59 
17:05:59 blocked link because:
17:05:59 isGuiScreen
17:05:59 isNotInSignAndOnSlot
17:05:59 
17:05:59 
17:05:59 blocked link because:
17:05:59 isGuiScreen
17:05:59 isNotInSignAndOnSlot
17:05:59 
17:05:59 
17:05:59 blocked link because:
17:05:59 isGuiScreen
17:05:59 isNotInSignAndOnSlot
17:05:59 
17:05:59 
17:05:59 blocked link because:
17:05:59 isGuiScreen
17:05:59 isNotInSignAndOnSlot
17:05:59 
17:05:59 
17:05:59 blocked link because:
17:05:59 isGuiScreen
17:05:59 isNotInSignAndOnSlot
17:05:59 
17:05:59 
17:05:59 blocked link because:
17:05:59 isGuiScreen
17:05:59 isNotInSignAndOnSlot
17:05:59 
17:05:59 
17:05:59 blocked link because:
17:05:59 isGuiScreen
17:05:59 isNotInSignAndOnSlot
17:05:59 
17:05:59 
17:05:59 blocked link because:
17:05:59 isGuiScreen
17:05:59 isNotInSignAndOnSlot
17:05:59 
17:05:59 
17:05:59 blocked link because:
17:05:59 isGuiScreen
17:05:59 isNotInSignAndOnSlot
17:05:59 
17:05:59 
17:05:59 blocked link because:
17:05:59 isGuiScreen
17:05:59 isNotInSignAndOnSlot
17:05:59 
17:05:59 
17:05:59 blocked link because:
17:05:59 isGuiScreen
17:05:59 isNotInSignAndOnSlot
17:05:59 
17:05:59 
17:05:59 blocked link because:
17:05:59 isGuiScreen
17:05:59 isNotInSignAndOnSlot
17:05:59 
17:05:59 
17:05:59 blocked link because:
17:05:59 isGuiScreen
17:05:59 isNotInSignAndOnSlot
17:05:59 
17:05:59 
17:05:59 blocked link because:
17:05:59 isGuiScreen
17:05:59 isNotInSignAndOnSlot
17:05:59 
17:05:59 
17:05:59 blocked link because:
17:05:59 isGuiScreen
17:05:59 isNotInSignAndOnSlot
17:05:59 
17:05:59 
17:05:59 blocked link because:
17:05:59 isGuiScreen
17:05:59 isNotInSignAndOnSlot
17:05:59 
17:05:59 
17:05:59 blocked link because:
17:05:59 isGuiScreen
17:05:59 isNotInSignAndOnSlot
17:05:59 
17:05:59 
17:05:59 blocked link because:
17:05:59 isGuiScreen
17:05:59 isNotInSignAndOnSlot
17:05:59 
17:05:59 
17:05:59 blocked link because:
17:05:59 isGuiScreen
17:05:59 isNotInSignAndOnSlot
17:05:59 
17:05:59 
17:05:59 blocked link because:
17:05:59 isGuiScreen
17:05:59 isNotInSignAndOnSlot
17:05:59 
17:06:01 
17:06:01 blocked link because:
17:06:01 isGuiScreen
17:06:01 isNotInSignAndOnSlot
17:06:01 
17:06:01 
17:06:01 blocked link because:
17:06:01 isGuiScreen
17:06:01 isNotInSignAndOnSlot
17:06:01 
17:06:01 
17:06:01 blocked link because:
17:06:01 isGuiScreen
17:06:01 isNotInSignAndOnSlot
17:06:01 
17:06:01 
17:06:01 blocked link because:
17:06:01 isGuiScreen
17:06:01 isNotInSignAndOnSlot
17:06:01 
17:06:01 
17:06:01 blocked link because:
17:06:01 isGuiScreen
17:06:01 isNotInSignAndOnSlot
17:06:01 
17:06:01 
17:06:01 blocked link because:
17:06:01 isGuiScreen
17:06:01 isNotInSignAndOnSlot
17:06:01 
17:06:01 
17:06:01 blocked link because:
17:06:01 isGuiScreen
17:06:01 isNotInSignAndOnSlot
17:06:01 
17:06:01 
17:06:01 blocked link because:
17:06:01 isGuiScreen
17:06:01 isNotInSignAndOnSlot
17:06:01 
17:06:01 
17:06:01 blocked link because:
17:06:01 isGuiScreen
17:06:01 isNotInSignAndOnSlot
17:06:01 
17:06:01 
17:06:01 blocked link because:
17:06:01 isGuiScreen
17:06:01 isNotInSignAndOnSlot
17:06:01 
17:06:01 
17:06:01 blocked link because:
17:06:01 isGuiScreen
17:06:01 isNotInSignAndOnSlot
17:06:01 
17:06:01 
17:06:01 blocked link because:
17:06:01 isGuiScreen
17:06:01 isNotInSignAndOnSlot
17:06:01 
17:06:01 
17:06:01 blocked link because:
17:06:01 isGuiScreen
17:06:01 isNotInSignAndOnSlot
17:06:01 
17:06:01 
17:06:01 blocked link because:
17:06:01 isGuiScreen
17:06:01 isNotInSignAndOnSlot
17:06:01 
17:06:01 
17:06:01 blocked link because:
17:06:01 isGuiScreen
17:06:01 isNotInSignAndOnSlot
17:06:01 
17:06:01 
17:06:01 blocked link because:
17:06:01 isGuiScreen
17:06:01 isNotInSignAndOnSlot
17:06:01 
17:06:01 
17:06:01 blocked link because:
17:06:01 isGuiScreen
17:06:01 isNotInSignAndOnSlot
17:06:01 
17:06:01 
17:06:01 blocked link because:
17:06:01 isGuiScreen
17:06:01 isNotInSignAndOnSlot
17:06:01 
17:06:01 
17:06:01 blocked link because:
17:06:01 isGuiScreen
17:06:01 isNotInSignAndOnSlot
17:06:01 
17:06:01 
17:06:01 blocked link because:
17:06:01 isGuiScreen
17:06:01 isNotInSignAndOnSlot
17:06:01 
17:06:01 
17:06:01 blocked link because:
17:06:01 isGuiScreen
17:06:01 isNotInSignAndOnSlot
17:06:01 
17:06:01 
17:06:01 blocked link because:
17:06:01 isGuiScreen
17:06:01 isNotInSignAndOnSlot
17:06:01 
17:06:01 
17:06:01 blocked link because:
17:06:01 isGuiScreen
17:06:01 isNotInSignAndOnSlot
17:06:01 
17:06:01 
17:06:01 blocked link because:
17:06:01 isGuiScreen
17:06:01 isNotInSignAndOnSlot
17:06:01 
17:06:01 
17:06:01 blocked link because:
17:06:01 isGuiScreen
17:06:01 isNotInSignAndOnSlot
17:06:01 
17:06:01 
17:06:01 blocked link because:
17:06:01 isGuiScreen
17:06:01 isNotInSignAndOnSlot
17:06:01 
17:06:01 
17:06:01 blocked link because:
17:06:01 isGuiScreen
17:06:01 isNotInSignAndOnSlot
17:06:01 
17:06:01 
17:06:01 blocked link because:
17:06:01 isGuiScreen
17:06:01 isNotInSignAndOnSlot
17:06:01 
17:06:01 
17:06:01 blocked link because:
17:06:01 isGuiScreen
17:06:01 isNotInSignAndOnSlot
17:06:01 
17:06:01 
17:06:01 blocked link because:
17:06:01 isGuiScreen
17:06:01 isNotInSignAndOnSlot
17:06:01 
17:06:01 
17:06:01 blocked link because:
17:06:01 isGuiScreen
17:06:01 isNotInSignAndOnSlot
17:06:01 
17:06:01 
17:06:01 blocked link because:
17:06:01 isGuiScreen
17:06:01 isNotInSignAndOnSlot
17:06:01 
17:06:01 
17:06:01 blocked link because:
17:06:01 isGuiScreen
17:06:01 isNotInSignAndOnSlot
17:06:01 
17:06:01 
17:06:01 blocked link because:
17:06:01 isGuiScreen
17:06:01 isNotInSignAndOnSlot
17:06:01 
17:06:01 
17:06:01 blocked link because:
17:06:01 isGuiScreen
17:06:01 isNotInSignAndOnSlot
17:06:01 
17:06:01 
17:06:01 blocked link because:
17:06:01 isGuiScreen
17:06:01 isNotInSignAndOnSlot
17:06:01 
17:06:01 
17:06:01 blocked link because:
17:06:01 isGuiScreen
17:06:01 isNotInSignAndOnSlot
17:06:01 
17:06:01 
17:06:01 blocked link because:
17:06:01 isGuiScreen
17:06:01 isNotInSignAndOnSlot
17:06:01 
17:06:01 
17:06:01 blocked link because:
17:06:01 isGuiScreen
17:06:01 isNotInSignAndOnSlot
17:06:01 
17:06:01 
17:06:01 blocked link because:
17:06:01 isGuiScreen
17:06:01 isNotInSignAndOnSlot
17:06:01 
17:06:01 
17:06:01 blocked link because:
17:06:01 isGuiScreen
17:06:01 isNotInSignAndOnSlot
17:06:01 
17:06:01 
17:06:01 blocked link because:
17:06:01 isGuiScreen
17:06:01 isNotInSignAndOnSlot
17:06:01 
17:06:04 
17:06:04 blocked link because:
17:06:04 isGuiScreen
17:06:04 isNotInSignAndOnSlot
17:06:04 
17:06:04 
17:06:04 blocked link because:
17:06:04 isGuiScreen
17:06:04 isNotInSignAndOnSlot
17:06:04 
17:06:04 
17:06:04 blocked link because:
17:06:04 isGuiScreen
17:06:04 isNotInSignAndOnSlot
17:06:04 
17:06:04 
17:06:04 blocked link because:
17:06:04 isGuiScreen
17:06:04 isNotInSignAndOnSlot
17:06:04 
17:06:04 
17:06:04 blocked link because:
17:06:04 isGuiScreen
17:06:04 isNotInSignAndOnSlot
17:06:04 
17:06:04 
17:06:04 blocked link because:
17:06:04 isGuiScreen
17:06:04 isNotInSignAndOnSlot
17:06:04 
17:06:04 
17:06:04 blocked link because:
17:06:04 isGuiScreen
17:06:04 isNotInSignAndOnSlot
17:06:04 
17:06:04 
17:06:04 blocked link because:
17:06:04 isGuiScreen
17:06:04 isNotInSignAndOnSlot
17:06:04 
17:06:04 
17:06:04 blocked link because:
17:06:04 isGuiScreen
17:06:04 isNotInSignAndOnSlot
17:06:04 
17:06:04 
17:06:04 blocked link because:
17:06:04 isGuiScreen
17:06:04 isNotInSignAndOnSlot
17:06:04 
17:06:04 
17:06:04 blocked link because:
17:06:04 isGuiScreen
17:06:04 isNotInSignAndOnSlot
17:06:04 
17:06:04 
17:06:04 blocked link because:
17:06:04 isGuiScreen
17:06:04 isNotInSignAndOnSlot
17:06:04 
17:06:04 
17:06:04 blocked link because:
17:06:04 isGuiScreen
17:06:04 isNotInSignAndOnSlot
17:06:04 
17:06:04 
17:06:04 blocked link because:
17:06:04 isGuiScreen
17:06:04 isNotInSignAndOnSlot
17:06:04 
17:06:04 
17:06:04 blocked link because:
17:06:04 isGuiScreen
17:06:04 isNotInSignAndOnSlot
17:06:04 
17:06:04 
17:06:04 blocked link because:
17:06:04 isGuiScreen
17:06:04 isNotInSignAndOnSlot
17:06:04 
17:06:04 
17:06:04 blocked link because:
17:06:04 isGuiScreen
17:06:04 isNotInSignAndOnSlot
17:06:04 
17:06:04 
17:06:04 blocked link because:
17:06:04 isGuiScreen
17:06:04 isNotInSignAndOnSlot
17:06:04 
17:06:04 
17:06:04 blocked link because:
17:06:04 isGuiScreen
17:06:04 isNotInSignAndOnSlot
17:06:04 
17:06:04 
17:06:04 blocked link because:
17:06:04 isGuiScreen
17:06:04 isNotInSignAndOnSlot
17:06:04 
17:06:04 
17:06:04 blocked link because:
17:06:04 isGuiScreen
17:06:04 isNotInSignAndOnSlot
17:06:04 
17:06:04 
17:06:04 blocked link because:
17:06:04 isGuiScreen
17:06:04 isNotInSignAndOnSlot
17:06:04 
17:06:04 
17:06:04 blocked link because:
17:06:04 isGuiScreen
17:06:04 isNotInSignAndOnSlot
17:06:04 
17:06:04 
17:06:04 blocked link because:
17:06:04 isGuiScreen
17:06:04 isNotInSignAndOnSlot
17:06:04 
17:06:04 
17:06:04 blocked link because:
17:06:04 isGuiScreen
17:06:04 isNotInSignAndOnSlot
17:06:04 
17:06:04 
17:06:04 blocked link because:
17:06:04 isGuiScreen
17:06:04 isNotInSignAndOnSlot
17:06:04 
17:06:04 
17:06:04 blocked link because:
17:06:04 isGuiScreen
17:06:04 isNotInSignAndOnSlot
17:06:04 
17:06:04 
17:06:04 blocked link because:
17:06:04 isGuiScreen
17:06:04 isNotInSignAndOnSlot
17:06:04 
17:06:04 
17:06:04 blocked link because:
17:06:04 isGuiScreen
17:06:04 isNotInSignAndOnSlot
17:06:04 
17:06:04 
17:06:04 blocked link because:
17:06:04 isGuiScreen
17:06:04 isNotInSignAndOnSlot
17:06:04 
17:06:04 
17:06:04 blocked link because:
17:06:04 isGuiScreen
17:06:04 isNotInSignAndOnSlot
17:06:04 
17:06:04 
17:06:04 blocked link because:
17:06:04 isGuiScreen
17:06:04 isNotInSignAndOnSlot
17:06:04 
17:06:04 
17:06:04 blocked link because:
17:06:04 isGuiScreen
17:06:04 isNotInSignAndOnSlot
17:06:04 
17:06:04 
17:06:04 blocked link because:
17:06:04 isGuiScreen
17:06:04 isNotInSignAndOnSlot
17:06:04 
17:06:04 
17:06:04 blocked link because:
17:06:04 isGuiScreen
17:06:04 isNotInSignAndOnSlot
17:06:04 
17:06:04 
17:06:04 blocked link because:
17:06:04 isGuiScreen
17:06:04 isNotInSignAndOnSlot
17:06:04 
17:06:04 
17:06:04 blocked link because:
17:06:04 isGuiScreen
17:06:04 isNotInSignAndOnSlot
17:06:04 
17:06:04 
17:06:04 blocked link because:
17:06:04 isGuiScreen
17:06:04 isNotInSignAndOnSlot
17:06:04 
17:06:04 
17:06:04 blocked link because:
17:06:04 isGuiScreen
17:06:04 isNotInSignAndOnSlot
17:06:04 
17:06:04 
17:06:04 blocked link because:
17:06:04 isGuiScreen
17:06:04 isNotInSignAndOnSlot
17:06:04 
17:06:04 
17:06:04 blocked link because:
17:06:04 isGuiScreen
17:06:04 isNotInSignAndOnSlot
17:06:04 
17:06:04 
17:06:04 blocked link because:
17:06:04 isGuiScreen
17:06:04 isNotInSignAndOnSlot
17:06:04 
17:06:04 
17:06:04 blocked link because:
17:06:04 isGuiScreen
17:06:04 isNotInSignAndOnSlot
17:06:04 
17:06:04 
17:06:04 blocked link because:
17:06:04 isGuiScreen
17:06:04 isNotInSignAndOnSlot
17:06:04 
17:06:04 
17:06:04 blocked link because:
17:06:04 isGuiScreen
17:06:04 isNotInSignAndOnSlot
17:06:04 
17:06:04 
17:06:04 blocked link because:
17:06:04 isGuiScreen
17:06:04 isNotInSignAndOnSlot
17:06:04 
17:06:04 
17:06:04 blocked link because:
17:06:04 isGuiScreen
17:06:04 isNotInSignAndOnSlot
17:06:04 
17:06:04 
17:06:04 blocked link because:
17:06:04 isGuiScreen
17:06:04 isNotInSignAndOnSlot
17:06:04 
17:06:04 
17:06:04 blocked link because:
17:06:04 isGuiScreen
17:06:04 isNotInSignAndOnSlot
17:06:04 
17:06:04 
17:06:04 blocked link because:
17:06:04 isGuiScreen
17:06:04 isNotInSignAndOnSlot
17:06:04 
17:06:04 
17:06:04 blocked link because:
17:06:04 isGuiScreen
17:06:04 isNotInSignAndOnSlot
17:06:04 
17:06:04 
17:06:04 blocked link because:
17:06:04 isGuiScreen
17:06:04 isNotInSignAndOnSlot
17:06:04 
17:06:04 
17:06:04 blocked link because:
17:06:04 isGuiScreen
17:06:04 isNotInSignAndOnSlot
17:06:04 
17:06:04 
17:06:04 blocked link because:
17:06:04 isGuiScreen
17:06:04 isNotInSignAndOnSlot
17:06:04 
17:06:04 
17:06:04 blocked link because:
17:06:04 isGuiScreen
17:06:04 isNotInSignAndOnSlot
17:06:04 
17:06:04 
17:06:04 blocked link because:
17:06:04 isGuiScreen
17:06:04 isNotInSignAndOnSlot
17:06:04 
17:06:04 
17:06:04 blocked link because:
17:06:04 isGuiScreen
17:06:04 isNotInSignAndOnSlot
17:06:04 
17:06:04 
17:06:04 blocked link because:
17:06:04 isGuiScreen
17:06:04 isNotInSignAndOnSlot
17:06:04 
17:06:04 
17:06:04 blocked link because:
17:06:04 isGuiScreen
17:06:04 isNotInSignAndOnSlot
17:06:04 
17:06:04 
17:06:04 blocked link because:
17:06:04 isGuiScreen
17:06:04 isNotInSignAndOnSlot
17:06:04 
17:06:06 
17:06:06 blocked link because:
17:06:06 isGuiScreen
17:06:06 isNotInSignAndOnSlot
17:06:06 
17:06:06 
17:06:06 blocked link because:
17:06:06 isGuiScreen
17:06:06 isNotInSignAndOnSlot
17:06:06 
17:06:06 
17:06:06 blocked link because:
17:06:06 isGuiScreen
17:06:06 isNotInSignAndOnSlot
17:06:06 
17:06:06 
17:06:06 blocked link because:
17:06:06 isGuiScreen
17:06:06 isNotInSignAndOnSlot
17:06:06 
17:06:06 
17:06:06 blocked link because:
17:06:06 isGuiScreen
17:06:06 isNotInSignAndOnSlot
17:06:06 
17:06:06 
17:06:06 blocked link because:
17:06:06 isGuiScreen
17:06:06 isNotInSignAndOnSlot
17:06:06 
17:06:06 
17:06:06 blocked link because:
17:06:06 isGuiScreen
17:06:06 isNotInSignAndOnSlot
17:06:06 
17:06:06 
17:06:06 blocked link because:
17:06:06 isGuiScreen
17:06:06 isNotInSignAndOnSlot
17:06:06 
17:06:08 
17:06:08 blocked link because:
17:06:08 isGuiScreen
17:06:08 isNotInSignAndOnSlot
17:06:08 
17:06:08 
17:06:08 blocked link because:
17:06:08 isGuiScreen
17:06:08 isNotInSignAndOnSlot
17:06:08 
17:06:08 
17:06:08 blocked link because:
17:06:08 isGuiScreen
17:06:08 isNotInSignAndOnSlot
17:06:08 
17:06:08 
17:06:08 blocked link because:
17:06:08 isGuiScreen
17:06:08 isNotInSignAndOnSlot
17:06:08 
17:06:08 
17:06:08 blocked link because:
17:06:08 isGuiScreen
17:06:08 isNotInSignAndOnSlot
17:06:08 
17:06:08 
17:06:08 blocked link because:
17:06:08 isGuiScreen
17:06:08 isNotInSignAndOnSlot
17:06:08 
17:06:08 
17:06:08 blocked link because:
17:06:08 isGuiScreen
17:06:08 isNotInSignAndOnSlot
17:06:08 
17:06:08 
17:06:08 blocked link because:
17:06:08 isGuiScreen
17:06:08 isNotInSignAndOnSlot
17:06:08 
17:06:08 
17:06:08 blocked link because:
17:06:08 isGuiScreen
17:06:08 isNotInSignAndOnSlot
17:06:08 
17:06:08 
17:06:08 blocked link because:
17:06:08 isGuiScreen
17:06:08 isNotInSignAndOnSlot
17:06:08 
17:06:08 
17:06:08 blocked link because:
17:06:08 isGuiScreen
17:06:08 isNotInSignAndOnSlot
17:06:08 
17:06:08 
17:06:08 blocked link because:
17:06:08 isGuiScreen
17:06:08 isNotInSignAndOnSlot
17:06:08 
17:06:08 
17:06:08 blocked link because:
17:06:08 isGuiScreen
17:06:08 isNotInSignAndOnSlot
17:06:08 
17:06:08 
17:06:08 blocked link because:
17:06:08 isGuiScreen
17:06:08 isNotInSignAndOnSlot
17:06:08 
17:06:15 
17:06:15 blocked link because:
17:06:15 isGuiScreen
17:06:15 isNotInSignAndOnSlot
17:06:15 
17:06:15 
17:06:15 blocked link because:
17:06:15 isGuiScreen
17:06:15 isNotInSignAndOnSlot
17:06:15 
17:06:15 
17:06:15 blocked link because:
17:06:15 isGuiScreen
17:06:15 isNotInSignAndOnSlot
17:06:15 
17:06:15 
17:06:15 blocked link because:
17:06:15 isGuiScreen
17:06:15 isNotInSignAndOnSlot
17:06:15 
17:06:15 
17:06:15 blocked link because:
17:06:15 isGuiScreen
17:06:15 isNotInSignAndOnSlot
17:06:15 
17:06:15 
17:06:15 blocked link because:
17:06:15 isGuiScreen
17:06:15 isNotInSignAndOnSlot
17:06:15 
17:06:15 
17:06:15 blocked link because:
17:06:15 isGuiScreen
17:06:15 isNotInSignAndOnSlot
17:06:15 
17:06:15 
17:06:15 blocked link because:
17:06:15 isGuiScreen
17:06:15 isNotInSignAndOnSlot
17:06:15 
17:06:15 
17:06:15 blocked link because:
17:06:15 isGuiScreen
17:06:15 isNotInSignAndOnSlot
17:06:15 
17:06:15 
17:06:15 blocked link because:
17:06:15 isGuiScreen
17:06:15 isNotInSignAndOnSlot
17:06:15 
17:06:15 
17:06:15 blocked link because:
17:06:15 isGuiScreen
17:06:15 isNotInSignAndOnSlot
17:06:15 
17:06:15 
17:06:15 blocked link because:
17:06:15 isGuiScreen
17:06:15 isNotInSignAndOnSlot
17:06:15 
17:06:15 
17:06:15 blocked link because:
17:06:15 isGuiScreen
17:06:15 isNotInSignAndOnSlot
17:06:15 
17:06:15 
17:06:15 blocked link because:
17:06:15 isGuiScreen
17:06:15 isNotInSignAndOnSlot
17:06:15 
17:06:15 
17:06:15 blocked link because:
17:06:15 isGuiScreen
17:06:15 isNotInSignAndOnSlot
17:06:15 
17:06:15 
17:06:15 blocked link because:
17:06:15 isGuiScreen
17:06:15 isNotInSignAndOnSlot
17:06:15 
17:06:15 
17:06:15 blocked link because:
17:06:15 isGuiScreen
17:06:15 isNotInSignAndOnSlot
17:06:15 
17:06:15 
17:06:15 blocked link because:
17:06:15 isGuiScreen
17:06:15 isNotInSignAndOnSlot
17:06:15 
17:06:15 
17:06:15 blocked link because:
17:06:15 isGuiScreen
17:06:15 isNotInSignAndOnSlot
17:06:15 
17:06:15 
17:06:15 blocked link because:
17:06:15 isGuiScreen
17:06:15 isNotInSignAndOnSlot
17:06:15 
17:06:15 
17:06:15 blocked link because:
17:06:15 isGuiScreen
17:06:15 isNotInSignAndOnSlot
17:06:15 
17:06:15 
17:06:15 blocked link because:
17:06:15 isGuiScreen
17:06:15 isNotInSignAndOnSlot
17:06:15 
17:06:15 
17:06:15 blocked link because:
17:06:15 isGuiScreen
17:06:15 isNotInSignAndOnSlot
17:06:15 
17:06:15 
17:06:15 blocked link because:
17:06:15 isGuiScreen
17:06:15 isNotInSignAndOnSlot
17:06:15 
17:06:15 
17:06:15 blocked link because:
17:06:15 isGuiScreen
17:06:15 isNotInSignAndOnSlot
17:06:15 
17:06:15 
17:06:15 blocked link because:
17:06:15 isGuiScreen
17:06:15 isNotInSignAndOnSlot
17:06:15 
17:06:15 
17:06:15 blocked link because:
17:06:15 isGuiScreen
17:06:15 isNotInSignAndOnSlot
17:06:15 
17:06:15 
17:06:15 blocked link because:
17:06:15 isGuiScreen
17:06:15 isNotInSignAndOnSlot
17:06:15 
17:06:15 
17:06:15 blocked link because:
17:06:15 isGuiScreen
17:06:15 isNotInSignAndOnSlot
17:06:15 
17:06:15 
17:06:15 blocked link because:
17:06:15 isGuiScreen
17:06:15 isNotInSignAndOnSlot
17:06:15 
17:06:15 
17:06:15 blocked link because:
17:06:15 isGuiScreen
17:06:15 isNotInSignAndOnSlot
17:06:15 
17:06:15 
17:06:15 blocked link because:
17:06:15 isGuiScreen
17:06:15 isNotInSignAndOnSlot
17:06:15 
17:06:15 
17:06:15 blocked link because:
17:06:15 isGuiScreen
17:06:15 isNotInSignAndOnSlot
17:06:15 
17:06:15 
17:06:15 blocked link because:
17:06:15 isGuiScreen
17:06:15 isNotInSignAndOnSlot
17:06:15 
17:06:15 
17:06:15 blocked link because:
17:06:15 isGuiScreen
17:06:15 isNotInSignAndOnSlot
17:06:15 
17:06:15 
17:06:15 blocked link because:
17:06:15 isGuiScreen
17:06:15 isNotInSignAndOnSlot
17:06:15 
17:06:15 
17:06:15 blocked link because:
17:06:15 isGuiScreen
17:06:15 isNotInSignAndOnSlot
17:06:15 
17:06:15 
17:06:15 blocked link because:
17:06:15 isGuiScreen
17:06:15 isNotInSignAndOnSlot
17:06:15 
17:06:15 
17:06:15 blocked link because:
17:06:15 isGuiScreen
17:06:15 isNotInSignAndOnSlot
17:06:15 
17:06:15 
17:06:15 blocked link because:
17:06:15 isGuiScreen
17:06:15 isNotInSignAndOnSlot
17:06:15 
17:06:15 
17:06:15 blocked link because:
17:06:15 isGuiScreen
17:06:15 isNotInSignAndOnSlot
17:06:15 
17:06:15 
17:06:15 blocked link because:
17:06:15 isGuiScreen
17:06:15 isNotInSignAndOnSlot
17:06:15 
17:06:15 
17:06:15 blocked link because:
17:06:15 isGuiScreen
17:06:15 isNotInSignAndOnSlot
17:06:15 
17:06:15 
17:06:15 blocked link because:
17:06:15 isGuiScreen
17:06:15 isNotInSignAndOnSlot
17:06:15 
17:06:15 
17:06:15 blocked link because:
17:06:15 isGuiScreen
17:06:15 isNotInSignAndOnSlot
17:06:15 
17:06:15 
17:06:15 blocked link because:
17:06:15 isGuiScreen
17:06:15 isNotInSignAndOnSlot
17:06:15 
17:06:15 
17:06:15 blocked link because:
17:06:15 isGuiScreen
17:06:15 isNotInSignAndOnSlot
17:06:15 
17:06:15 
17:06:15 blocked link because:
17:06:15 isGuiScreen
17:06:15 isNotInSignAndOnSlot
17:06:15 
17:06:15 
17:06:15 blocked link because:
17:06:15 isGuiScreen
17:06:15 isNotInSignAndOnSlot
17:06:15 
17:06:15 
17:06:15 blocked link because:
17:06:15 isGuiScreen
17:06:15 isNotInSignAndOnSlot
17:06:15 
17:06:15 
17:06:15 blocked link because:
17:06:15 isGuiScreen
17:06:15 isNotInSignAndOnSlot
17:06:15 
17:06:15 
17:06:15 blocked link because:
17:06:15 isGuiScreen
17:06:15 isNotInSignAndOnSlot
17:06:15 
17:06:15 
17:06:15 blocked link because:
17:06:15 isGuiScreen
17:06:15 isNotInSignAndOnSlot
17:06:15 
17:06:15 
17:06:15 blocked link because:
17:06:15 isGuiScreen
17:06:15 isNotInSignAndOnSlot
17:06:15 
17:06:15 
17:06:15 blocked link because:
17:06:15 isGuiScreen
17:06:15 isNotInSignAndOnSlot
17:06:15 
17:06:15 
17:06:15 blocked link because:
17:06:15 isGuiScreen
17:06:15 isNotInSignAndOnSlot
17:06:15 
17:06:15 
17:06:15 blocked link because:
17:06:15 isGuiScreen
17:06:15 isNotInSignAndOnSlot
17:06:15 
17:06:15 
17:06:15 blocked link because:
17:06:15 isGuiScreen
17:06:15 isNotInSignAndOnSlot
17:06:15 
17:06:15 
17:06:15 blocked link because:
17:06:15 isGuiScreen
17:06:15 isNotInSignAndOnSlot
17:06:15 
17:06:15 
17:06:15 blocked link because:
17:06:15 isGuiScreen
17:06:15 isNotInSignAndOnSlot
17:06:15 
17:06:15 
17:06:15 blocked link because:
17:06:15 isGuiScreen
17:06:15 isNotInSignAndOnSlot
17:06:15 
17:06:15 
17:06:15 blocked link because:
17:06:15 isGuiScreen
17:06:15 isNotInSignAndOnSlot
17:06:15 
17:06:15 
17:06:15 blocked link because:
17:06:15 isGuiScreen
17:06:15 isNotInSignAndOnSlot
17:06:15 
17:06:15 
17:06:15 blocked link because:
17:06:15 isGuiScreen
17:06:15 isNotInSignAndOnSlot
17:06:15 
17:06:15 
17:06:15 blocked link because:
17:06:15 isGuiScreen
17:06:15 isNotInSignAndOnSlot
17:06:15 
17:06:15 
17:06:15 blocked link because:
17:06:15 isGuiScreen
17:06:15 isNotInSignAndOnSlot
17:06:15 
17:06:15 
17:06:15 blocked link because:
17:06:15 isGuiScreen
17:06:15 isNotInSignAndOnSlot
17:06:15 
17:06:16 
17:06:16 blocked link because:
17:06:16 isGuiScreen
17:06:16 isNotInSignAndOnSlot
17:06:16 
17:06:16 
17:06:16 blocked link because:
17:06:16 isGuiScreen
17:06:16 isNotInSignAndOnSlot
17:06:16 
17:06:16 
17:06:16 blocked link because:
17:06:16 isGuiScreen
17:06:16 isNotInSignAndOnSlot
17:06:16 
17:06:16 
17:06:16 blocked link because:
17:06:16 isGuiScreen
17:06:16 isNotInSignAndOnSlot
17:06:16 
17:06:16 
17:06:16 blocked link because:
17:06:16 isGuiScreen
17:06:16 isNotInSignAndOnSlot
17:06:16 
17:06:16 
17:06:16 blocked link because:
17:06:16 isGuiScreen
17:06:16 isNotInSignAndOnSlot
17:06:16 
17:06:16 
17:06:16 blocked link because:
17:06:16 isGuiScreen
17:06:16 isNotInSignAndOnSlot
17:06:16 
17:06:16 
17:06:16 blocked link because:
17:06:16 isGuiScreen
17:06:16 isNotInSignAndOnSlot
17:06:16 
17:06:16 
17:06:16 blocked link because:
17:06:16 isGuiScreen
17:06:16 isNotInSignAndOnSlot
17:06:16 
17:06:16 
17:06:16 blocked link because:
17:06:16 isGuiScreen
17:06:16 isNotInSignAndOnSlot
17:06:16 
17:06:16 
17:06:16 blocked link because:
17:06:16 isGuiScreen
17:06:16 isNotInSignAndOnSlot
17:06:16 
17:06:16 
17:06:16 blocked link because:
17:06:16 isGuiScreen
17:06:16 isNotInSignAndOnSlot
17:06:16 
17:06:16 
17:06:16 blocked link because:
17:06:16 isGuiScreen
17:06:16 isNotInSignAndOnSlot
17:06:16 
17:06:16 
17:06:16 blocked link because:
17:06:16 isGuiScreen
17:06:16 isNotInSignAndOnSlot
17:06:16 
17:06:16 
17:06:16 blocked link because:
17:06:16 isGuiScreen
17:06:16 isNotInSignAndOnSlot
17:06:16 
17:06:16 
17:06:16 blocked link because:
17:06:16 isGuiScreen
17:06:16 isNotInSignAndOnSlot
17:06:16 
17:06:16 
17:06:16 blocked link because:
17:06:16 isGuiScreen
17:06:16 isNotInSignAndOnSlot
17:06:16 
17:06:16 
17:06:16 blocked link because:
17:06:16 isGuiScreen
17:06:16 isNotInSignAndOnSlot
17:06:16 
17:06:16 
17:06:16 blocked link because:
17:06:16 isGuiScreen
17:06:16 isNotInSignAndOnSlot
17:06:16 
17:06:16 
17:06:16 blocked link because:
17:06:16 isGuiScreen
17:06:16 isNotInSignAndOnSlot
17:06:16 
17:06:16 
17:06:16 blocked link because:
17:06:16 isGuiScreen
17:06:16 isNotInSignAndOnSlot
17:06:16 
17:06:16 
17:06:16 blocked link because:
17:06:16 isGuiScreen
17:06:16 isNotInSignAndOnSlot
17:06:16 
17:06:16 
17:06:16 blocked link because:
17:06:16 isGuiScreen
17:06:16 isNotInSignAndOnSlot
17:06:16 
17:06:16 
17:06:16 blocked link because:
17:06:16 isGuiScreen
17:06:16 isNotInSignAndOnSlot
17:06:16 
17:06:16 
17:06:16 blocked link because:
17:06:16 isGuiScreen
17:06:16 isNotInSignAndOnSlot
17:06:16 
17:06:38 
17:06:38 blocked link because:
17:06:38 isGuiScreen
17:06:38 isNotInSignAndOnSlot
17:06:38 
17:06:38 
17:06:38 blocked link because:
17:06:38 isGuiScreen
17:06:38 isNotInSignAndOnSlot
17:06:38 
17:06:38 
17:06:38 blocked link because:
17:06:38 isGuiScreen
17:06:38 isNotInSignAndOnSlot
17:06:38 
17:06:38 
17:06:38 blocked link because:
17:06:38 isGuiScreen
17:06:38 isNotInSignAndOnSlot
17:06:38 
17:06:38 
17:06:38 blocked link because:
17:06:38 isGuiScreen
17:06:38 isNotInSignAndOnSlot
17:06:38 
